2023-08-03 17:36:49,990	[DEBUG]	==== CONFIG ====
[magpie]
import = 
seed = 
log_dir = _magpie_logs
work_dir = _magpie_work
local_original_copy = False
local_original_name = __original__
output_encoding = ascii
edit_retries = 10
default_timeout = 30
default_lengthout = 1e6
diff_method = unified

[software]
path = code/minisat-hack
target_files = 
	core/Solver.cc.xml
	minisat.params
program = BasicProgram
engine_rules = 
	*.params : ConfigFileParamsEngine
	*.xml : SrcmlEngine
	* : LineEngine
engine_config = 
	*.params : [params]
	*.xml : [srcml]
setup_cmd = ./compile.sh
setup_timeout = 
setup_lengthout = 
compile_cmd = ./compile.sh
compile_timeout = 16
compile_lengthout = 
test_cmd = 
test_timeout = 
test_lengthout = 
run_cmd = perf stat run-sh/test_6.sh
run_timeout = 5287
run_lengthout = 
fitness = perf_instructions

[srcml]
rename = 
	stmt: break continue decl_stmt do expr_stmt for goto if return switch while
	number: literal_number
focus = block stmt operator_comp operator_arith number
internodes = block
process_pseudo_blocks = True
process_literals = True
process_operators = True

[params]
timing = test run
cli_prefix = --
cli_glue = =
cli_boolean = show
cli_boolean_prefix_true = 
cli_boolean_prefix_false = no-
silent_prefix = @
silent_suffix = $

[search]
protocol = BasicProtocol
algorithm = ValidTest
possible_edits = 
	StmtReplacement
	StmtInsertion
	StmtDeletion
warmup = 1
warmup_strategy = last
max_steps = 
max_time = 
target_fitness = 
cache_maxsize = 40
cache_keep = 0.2

[search.ls]
delete_prob = 0.5
max_neighbours = 
when_trapped = continue
accept_fail = False
tabu_length = 10

[search.gp]
pop_size = 10
delete_prob = 0.5
offspring_elitism = 0.1
offspring_crossover = 0.5
offspring_mutation = 0.4
uniform_rate = 0.5

[search.ga]
pop_size = 10
elitism_size = 2
cxpb_chrm = 0.5
cxpb_gene = 0.5
mutpb_chrm = 0.2
mutpb_gene = 0.1
gi_delete_prob = 0.5
gi_create_prob = 0.5
tournament_size = 3

[search.pso]
pop_size = 10
speed_min = -3
speed_max = 3
c1 = 1.49
c2 = 1.49


2023-08-03 17:36:49,991	[INFO]	==== WARMUP ====
2023-08-03 19:00:39,460	[INFO]	WARM    SUCCESS               8210204808364           
2023-08-03 19:00:39,461	[INFO]	INITIAL SUCCESS               8210204808364           
2023-08-03 19:00:39,461	[INFO]	==== START: ValidTest ====
2023-08-03 19:00:39,847	[DEBUG]	CLEAN_PATCH: StmtReplacement(('core/Solver.cc.xml', 'stmt', 419), ('core/Solver.cc.xml', 'stmt', 57)) | StmtReplacement(('core/Solver.cc.xml', 'stmt', 307), ('core/Solver.cc.xml', 'stmt', 385)) | StmtDeletion(('core/Solver.cc.xml', 'stmt', 40)) | StmtDeletion(('core/Solver.cc.xml', 'stmt', 90)) | StmtDeletion(('core/Solver.cc.xml', 'stmt', 25)) | StmtReplacement(('core/Solver.cc.xml', 'stmt', 322), ('core/Solver.cc.xml', 'stmt', 21)) | StmtDeletion(('core/Solver.cc.xml', 'stmt', 335)) | StmtDeletion(('core/Solver.cc.xml', 'stmt', 178)) | StmtDeletion(('core/Solver.cc.xml', 'stmt', 294)) | StmtDeletion(('core/Solver.cc.xml', 'stmt', 473)) | StmtDeletion(('core/Solver.cc.xml', 'stmt', 469)) | StmtDeletion(('core/Solver.cc.xml', 'stmt', 116)) | StmtDeletion(('core/Solver.cc.xml', 'stmt', 232)) | StmtDeletion(('core/Solver.cc.xml', 'stmt', 424)) | StmtInsertion(('core/Solver.cc.xml', '_inter_block', 8), ('core/Solver.cc.xml', 'stmt', 106)) | StmtReplacement(('core/Solver.cc.xml', 'stmt', 193), ('core/Solver.cc.xml', 'stmt', 2))
2023-08-03 19:00:39,847	[DEBUG]	CLEAN_SIZE: 16 (was 16)
2023-08-03 20:28:49,960	[DEBUG]	StmtReplacement(('core/Solver.cc.xml', 'stmt', 419), ('core/Solver.cc.xml', 'stmt', 57)) | StmtReplacement(('core/Solver.cc.xml', 'stmt', 307), ('core/Solver.cc.xml', 'stmt', 385)) | StmtDeletion(('core/Solver.cc.xml', 'stmt', 40)) | StmtDeletion(('core/Solver.cc.xml', 'stmt', 90)) | StmtDeletion(('core/Solver.cc.xml', 'stmt', 25)) | StmtReplacement(('core/Solver.cc.xml', 'stmt', 322), ('core/Solver.cc.xml', 'stmt', 21)) | StmtDeletion(('core/Solver.cc.xml', 'stmt', 335)) | StmtDeletion(('core/Solver.cc.xml', 'stmt', 178)) | StmtDeletion(('core/Solver.cc.xml', 'stmt', 294)) | StmtDeletion(('core/Solver.cc.xml', 'stmt', 473)) | StmtDeletion(('core/Solver.cc.xml', 'stmt', 469)) | StmtDeletion(('core/Solver.cc.xml', 'stmt', 116)) | StmtDeletion(('core/Solver.cc.xml', 'stmt', 232)) | StmtDeletion(('core/Solver.cc.xml', 'stmt', 424)) | StmtInsertion(('core/Solver.cc.xml', '_inter_block', 8), ('core/Solver.cc.xml', 'stmt', 106)) | StmtReplacement(('core/Solver.cc.xml', 'stmt', 193), ('core/Solver.cc.xml', 'stmt', 2))
2023-08-03 20:28:49,961	[INFO]	1       RUN_TIMEOUT           None  [16 edit(s)]      
2023-08-03 20:28:49,961	[INFO]	==== END ====
2023-08-03 20:28:49,961	[INFO]	Reason: validation end
2023-08-03 20:28:49,961	[INFO]	
2023-08-03 20:28:49,962	[INFO]	==== REPORT ====
2023-08-03 20:28:49,962	[INFO]	Termination: validation end
2023-08-03 20:28:49,962	[INFO]	Log file: /cs/student/projects1/sse/2022/tsongpet/MSc-SSE-GI-project/_magpie_logs/minisat-hack_1691080607.log
