2023-07-16 15:11:10,265	[DEBUG]	==== CONFIG ====
[magpie]
import = 
seed = 
log_dir = _magpie_logs
work_dir = _magpie_work
local_original_copy = False
local_original_name = __original__
output_encoding = ascii
edit_retries = 10
default_timeout = 30
default_lengthout = 1e6
diff_method = unified

[software]
path = code/minisat-hack
target_files = 
	core/Solver.cc.xml
	minisat.params
program = BasicProgram
engine_rules = 
	*.params : ConfigFileParamsEngine
	*.xml : SrcmlEngine
	* : LineEngine
engine_config = 
	*.params : [params]
	*.xml : [srcml]
setup_cmd = ./compile.sh
setup_timeout = 
setup_lengthout = 
compile_cmd = ./compile.sh
compile_timeout = 15
compile_lengthout = 
test_cmd = 
test_timeout = 
test_lengthout = 
run_cmd = perf stat run-sh/test.sh
run_timeout = 6585
run_lengthout = 
fitness = perf_time

[srcml]
rename = 
	stmt: break continue decl_stmt do expr_stmt for goto if return switch while
	number: literal_number
focus = block stmt operator_comp operator_arith number
internodes = block
process_pseudo_blocks = True
process_literals = True
process_operators = True

[params]
timing = test run
cli_prefix = --
cli_glue = =
cli_boolean = show
cli_boolean_prefix_true = 
cli_boolean_prefix_false = no-
silent_prefix = @
silent_suffix = $

[search]
protocol = BasicProtocol
algorithm = ValidTest
possible_edits = 
	ParamSetting
warmup = 3
warmup_strategy = last
max_steps = 
max_time = 
target_fitness = 
cache_maxsize = 40
cache_keep = 0.2

[search.ls]
delete_prob = 0.5
max_neighbours = 
when_trapped = continue
accept_fail = False
tabu_length = 10

[search.gp]
pop_size = 10
delete_prob = 0.5
offspring_elitism = 0.1
offspring_crossover = 0.5
offspring_mutation = 0.4
uniform_rate = 0.5


2023-07-16 15:11:10,265	[INFO]	==== WARMUP ====
2023-07-16 16:48:11,645	[INFO]	WARM    SUCCESS               5813.2901               
2023-07-16 18:24:00,515	[INFO]	WARM    SUCCESS               5745.1433               
2023-07-16 19:59:32,244	[INFO]	WARM    SUCCESS               5728.0536               
2023-07-16 19:59:32,244	[INFO]	INITIAL SUCCESS               5728.0536               
2023-07-16 19:59:32,244	[INFO]	==== START: ValidTest ====
2023-07-16 19:59:32,311	[DEBUG]	CLEAN_PATCH: ParamSetting(('minisat.params', 'lbd-cut'), 3.793079767119533) | ParamSetting(('minisat.params', 'gc-frac'), 0.21553442609855578) | ParamSetting(('minisat.params', 'cp-increase'), 5308) | ParamSetting(('minisat.params', 'cl-lim'), 0)
2023-07-16 19:59:32,312	[DEBUG]	CLEAN_SIZE: 4 (was 4)
2023-07-16 21:49:20,882	[DEBUG]	ParamSetting(('minisat.params', 'lbd-cut'), 3.793079767119533) | ParamSetting(('minisat.params', 'gc-frac'), 0.21553442609855578) | ParamSetting(('minisat.params', 'cp-increase'), 5308) | ParamSetting(('minisat.params', 'cl-lim'), 0)
2023-07-16 21:49:20,882	[INFO]	1       RUN_TIMEOUT           None  [4 edit(s)]       
2023-07-16 21:49:20,882	[INFO]	==== END ====
2023-07-16 21:49:20,883	[INFO]	Reason: validation end
2023-07-16 21:49:20,883	[INFO]	
2023-07-16 21:49:20,883	[INFO]	==== REPORT ====
2023-07-16 21:49:20,883	[INFO]	Termination: validation end
2023-07-16 21:49:20,883	[INFO]	Log file: /home/tsongpet/MSc-SSE-GI-project/_magpie_logs/minisat-hack_1689516668.log
