2023-08-05 15:35:47,208	[DEBUG]	==== CONFIG ====
[magpie]
import = 
seed = 
log_dir = _magpie_logs
work_dir = _magpie_work
local_original_copy = False
local_original_name = __original__
output_encoding = ascii
edit_retries = 10
default_timeout = 30
default_lengthout = 1e6
diff_method = unified

[software]
path = code/minisat-hack
target_files = 
	core/Solver.cc.xml
	minisat.params
program = BasicProgram
engine_rules = 
	*.params : ConfigFileParamsEngine
	*.xml : SrcmlEngine
	* : LineEngine
engine_config = 
	*.params : [params]
	*.xml : [srcml]
setup_cmd = ./compile.sh
setup_timeout = 
setup_lengthout = 
compile_cmd = ./compile.sh
compile_timeout = 16
compile_lengthout = 
test_cmd = 
test_timeout = 
test_lengthout = 
run_cmd = perf stat run-sh/validate_3.sh
run_timeout = 1571
run_lengthout = 
fitness = perf_instructions

[srcml]
rename = 
	stmt: break continue decl_stmt do expr_stmt for goto if return switch while
	number: literal_number
focus = block stmt operator_comp operator_arith number
internodes = block
process_pseudo_blocks = True
process_literals = True
process_operators = True

[params]
timing = test run
cli_prefix = --
cli_glue = =
cli_boolean = show
cli_boolean_prefix_true = 
cli_boolean_prefix_false = no-
silent_prefix = @
silent_suffix = $

[search]
protocol = BasicProtocol
algorithm = ValidTest
possible_edits = 
	StmtReplacement
	StmtInsertion
	StmtDeletion
warmup = 1
warmup_strategy = last
max_steps = 
max_time = 
target_fitness = 
cache_maxsize = 40
cache_keep = 0.2

[search.ls]
delete_prob = 0.5
max_neighbours = 
when_trapped = continue
accept_fail = False
tabu_length = 10

[search.gp]
pop_size = 10
delete_prob = 0.5
offspring_elitism = 0.1
offspring_crossover = 0.5
offspring_mutation = 0.4
uniform_rate = 0.5

[search.ga]
pop_size = 10
elitism_size = 2
cxpb_chrm = 0.5
cxpb_gene = 0.5
mutpb_chrm = 0.2
mutpb_gene = 0.1
gi_delete_prob = 0.5
gi_create_prob = 0.5
tournament_size = 3

[search.pso]
pop_size = 10
speed_min = -3
speed_max = 3
c1 = 1.49
c2 = 1.49


2023-08-05 15:35:47,209	[INFO]	==== WARMUP ====
2023-08-05 15:54:00,298	[INFO]	WARM    SUCCESS               1827051975562           
2023-08-05 15:54:00,299	[INFO]	INITIAL SUCCESS               1827051975562           
2023-08-05 15:54:00,299	[INFO]	==== START: ValidTest ====
2023-08-05 15:54:00,370	[DEBUG]	CLEAN_PATCH: StmtDeletion(('core/Solver.cc.xml', 'stmt', 346)) | StmtDeletion(('core/Solver.cc.xml', 'stmt', 350)) | StmtReplacement(('core/Solver.cc.xml', 'stmt', 353), ('core/Solver.cc.xml', 'stmt', 238)) | StmtDeletion(('core/Solver.cc.xml', 'stmt', 115)) | StmtDeletion(('core/Solver.cc.xml', 'stmt', 178))
2023-08-05 15:54:00,370	[DEBUG]	CLEAN_SIZE: 5 (was 5)
2023-08-05 16:12:12,148	[DEBUG]	StmtDeletion(('core/Solver.cc.xml', 'stmt', 346)) | StmtDeletion(('core/Solver.cc.xml', 'stmt', 350)) | StmtReplacement(('core/Solver.cc.xml', 'stmt', 353), ('core/Solver.cc.xml', 'stmt', 238)) | StmtDeletion(('core/Solver.cc.xml', 'stmt', 115)) | StmtDeletion(('core/Solver.cc.xml', 'stmt', 178))
2023-08-05 16:12:12,149	[INFO]	1       SUCCESS              *1830745899081 (100.2%) [5 edit(s)] 
2023-08-05 16:12:12,161	[DEBUG]	--- before: core/Solver.cc
+++ after: core/Solver.cc
@@ -346,7 +346,7 @@
         Clause& c = ca[confl];
 
         if (c.learnt() && c.mark() != 3){
-            LBD(c);
+            
             c.mark(L < LBD_cut ? 3 : 2);
             if (L < LBD_cut){
                 lF.push(confl);
@@ -459,7 +459,7 @@
     analyze_stack.clear(); analyze_stack.push(p);
     int top = analyze_toclear.size();
     while (analyze_stack.size() > 0){
-        assert(reason(var(analyze_stack.last())) != CRef_Undef);
+        
         Clause& c = ca[reason(var(analyze_stack.last()))]; analyze_stack.pop();
 
         for (int i = 1; i < c.size(); i++){
@@ -829,18 +829,16 @@
 }/*auto*/
 
             if (learnts.size() > (int32_t)opt_cp_increase && cp < conflicts){
-                cp = conflicts + (int32_t)opt_cp_increase;
+                
                 // Reduce the set of learnt clauses:
                 reduceDB();
 
                 static int adjust = 0;
                 if (core_added < (int32_t)opt_cp_increase * (double)opt_core_tolerance){
-                    if (LBD_cut < (int32_t)opt_lbd_cut_max)/*auto*/{
-                        LBD_cut = (int32_t)opt_lbd_cut + ++adjust;
-}/*auto*/
+                    
 
                     if (!luby_restart){
-                        core_added = 0;
+                        continue;
                         K = 1;
                         lS = 0, LQ.clear();
                         cancelUntil(0);

2023-08-05 16:12:12,173	[INFO]	==== END ====
2023-08-05 16:12:12,173	[INFO]	Reason: validation end
2023-08-05 16:12:12,173	[INFO]	
2023-08-05 16:12:12,173	[INFO]	==== REPORT ====
2023-08-05 16:12:12,173	[INFO]	Termination: validation end
2023-08-05 16:12:12,174	[INFO]	Log file: /cs/student/projects1/sse/2022/tsongpet/MSc-SSE-GI-project/_magpie_logs/minisat-hack_1691246143.log
2023-08-05 16:12:12,185	[INFO]	Patch file: _magpie_logs/minisat-hack_1691246143.patch
2023-08-05 16:12:12,186	[INFO]	Diff file: _magpie_logs/minisat-hack_1691246143.diff
2023-08-05 16:12:12,186	[INFO]	Best fitness: 1830745899081
2023-08-05 16:12:12,186	[INFO]	Best patch: StmtDeletion(('core/Solver.cc.xml', 'stmt', 346)) | StmtDeletion(('core/Solver.cc.xml', 'stmt', 350)) | StmtReplacement(('core/Solver.cc.xml', 'stmt', 353), ('core/Solver.cc.xml', 'stmt', 238)) | StmtDeletion(('core/Solver.cc.xml', 'stmt', 115)) | StmtDeletion(('core/Solver.cc.xml', 'stmt', 178))
2023-08-05 16:12:12,186	[INFO]	Diff:
--- before: core/Solver.cc
+++ after: core/Solver.cc
@@ -346,7 +346,7 @@
         Clause& c = ca[confl];
 
         if (c.learnt() && c.mark() != 3){
-            LBD(c);
+            
             c.mark(L < LBD_cut ? 3 : 2);
             if (L < LBD_cut){
                 lF.push(confl);
@@ -459,7 +459,7 @@
     analyze_stack.clear(); analyze_stack.push(p);
     int top = analyze_toclear.size();
     while (analyze_stack.size() > 0){
-        assert(reason(var(analyze_stack.last())) != CRef_Undef);
+        
         Clause& c = ca[reason(var(analyze_stack.last()))]; analyze_stack.pop();
 
         for (int i = 1; i < c.size(); i++){
@@ -829,18 +829,16 @@
 }/*auto*/
 
             if (learnts.size() > (int32_t)opt_cp_increase && cp < conflicts){
-                cp = conflicts + (int32_t)opt_cp_increase;
+                
                 // Reduce the set of learnt clauses:
                 reduceDB();
 
                 static int adjust = 0;
                 if (core_added < (int32_t)opt_cp_increase * (double)opt_core_tolerance){
-                    if (LBD_cut < (int32_t)opt_lbd_cut_max)/*auto*/{
-                        LBD_cut = (int32_t)opt_lbd_cut + ++adjust;
-}/*auto*/
+                    
 
                     if (!luby_restart){
-                        core_added = 0;
+                        continue;
                         K = 1;
                         lS = 0, LQ.clear();
                         cancelUntil(0);

