2023-08-05 15:00:24,110	[DEBUG]	==== CONFIG ====
[magpie]
import = 
seed = 
log_dir = _magpie_logs
work_dir = _magpie_work
local_original_copy = False
local_original_name = __original__
output_encoding = ascii
edit_retries = 10
default_timeout = 30
default_lengthout = 1e6
diff_method = unified

[software]
path = code/minisat-hack
target_files = 
	core/Solver.cc.xml
	minisat.params
program = BasicProgram
engine_rules = 
	*.params : ConfigFileParamsEngine
	*.xml : SrcmlEngine
	* : LineEngine
engine_config = 
	*.params : [params]
	*.xml : [srcml]
setup_cmd = ./compile.sh
setup_timeout = 
setup_lengthout = 
compile_cmd = ./compile.sh
compile_timeout = 16
compile_lengthout = 
test_cmd = 
test_timeout = 
test_lengthout = 
run_cmd = perf stat run-sh/validate_2.sh
run_timeout = 1565
run_lengthout = 
fitness = perf_instructions

[srcml]
rename = 
	stmt: break continue decl_stmt do expr_stmt for goto if return switch while
	number: literal_number
focus = block stmt operator_comp operator_arith number
internodes = block
process_pseudo_blocks = True
process_literals = True
process_operators = True

[params]
timing = test run
cli_prefix = --
cli_glue = =
cli_boolean = show
cli_boolean_prefix_true = 
cli_boolean_prefix_false = no-
silent_prefix = @
silent_suffix = $

[search]
protocol = BasicProtocol
algorithm = ValidTest
possible_edits = 
	StmtReplacement
	StmtInsertion
	StmtDeletion
	ParamSetting
warmup = 1
warmup_strategy = last
max_steps = 
max_time = 
target_fitness = 
cache_maxsize = 40
cache_keep = 0.2

[search.ls]
delete_prob = 0.5
max_neighbours = 
when_trapped = continue
accept_fail = False
tabu_length = 10

[search.gp]
pop_size = 10
delete_prob = 0.5
offspring_elitism = 0.1
offspring_crossover = 0.5
offspring_mutation = 0.4
uniform_rate = 0.5

[search.ga]
pop_size = 10
elitism_size = 2
cxpb_chrm = 0.5
cxpb_gene = 0.5
mutpb_chrm = 0.2
mutpb_gene = 0.1
gi_delete_prob = 0.5
gi_create_prob = 0.5
tournament_size = 3

[search.pso]
pop_size = 10
speed_min = -3
speed_max = 3
c1 = 1.49
c2 = 1.49


2023-08-05 15:00:24,112	[INFO]	==== WARMUP ====
2023-08-05 15:18:33,237	[INFO]	WARM    SUCCESS               1818767179067           
2023-08-05 15:18:33,238	[INFO]	INITIAL SUCCESS               1818767179067           
2023-08-05 15:18:33,238	[INFO]	==== START: ValidTest ====
2023-08-05 15:18:33,422	[DEBUG]	CLEAN_PATCH: ParamSetting(('minisat.params', 'lbd-cut'), 9) | ParamSetting(('minisat.params', 'core-tolerance'), 0.5662126577433174) | ParamSetting(('minisat.params', 'R-val'), 1.5434072725040773) | ParamSetting(('minisat.params', 'var-decay'), 0.9425245640845726) | ParamSetting(('minisat.params', 'phase-saving'), '1') | ParamSetting(('minisat.params', 'rnd-init'), 'True') | ParamSetting(('minisat.params', 'gc-frac'), 0.823628408795968) | ParamSetting(('minisat.params', 'verb'), '2') | ParamSetting(('minisat.params', 'rcheck'), 'True') | ParamSetting(('minisat.params', 'cl-lim'), 114) | ParamSetting(('minisat.params', 'simp-gc-frac'), 0.8299901447037012) | StmtDeletion(('core/Solver.cc.xml', 'stmt', 160)) | StmtDeletion(('core/Solver.cc.xml', 'stmt', 308)) | StmtReplacement(('core/Solver.cc.xml', 'stmt', 423), ('core/Solver.cc.xml', 'stmt', 22))
2023-08-05 15:18:33,422	[DEBUG]	CLEAN_SIZE: 14 (was 16)
2023-08-05 15:35:39,547	[DEBUG]	ParamSetting(('minisat.params', 'lbd-cut'), 9) | ParamSetting(('minisat.params', 'core-tolerance'), 0.5662126577433174) | ParamSetting(('minisat.params', 'R-val'), 1.5434072725040773) | ParamSetting(('minisat.params', 'var-decay'), 0.9425245640845726) | ParamSetting(('minisat.params', 'phase-saving'), '1') | ParamSetting(('minisat.params', 'rnd-init'), 'True') | ParamSetting(('minisat.params', 'gc-frac'), 0.823628408795968) | ParamSetting(('minisat.params', 'verb'), '2') | ParamSetting(('minisat.params', 'rcheck'), 'True') | ParamSetting(('minisat.params', 'cl-lim'), 114) | ParamSetting(('minisat.params', 'simp-gc-frac'), 0.8299901447037012) | StmtDeletion(('core/Solver.cc.xml', 'stmt', 160)) | StmtDeletion(('core/Solver.cc.xml', 'stmt', 308)) | StmtReplacement(('core/Solver.cc.xml', 'stmt', 423), ('core/Solver.cc.xml', 'stmt', 22))
2023-08-05 15:35:39,547	[INFO]	1       SUCCESS              *1662006430045 (91.38%) [14 edit(s)] 
2023-08-05 15:35:39,560	[DEBUG]	--- before: core/Solver.cc
+++ after: core/Solver.cc
@@ -423,7 +423,7 @@
 
     max_literals += out_learnt.size();
     out_learnt.shrink(i - j);
-    tot_literals += out_learnt.size();
+    
 
     LBD(out_learnt);
 
@@ -748,7 +748,7 @@
         CRef confl = propagate();
         if (confl != CRef_Undef){
             // CONFLICT
-            conflicts++; conflictC++;
+            conflicts++; 
             if (conflicts % 5000 == 0 && var_decay < 0.95)/*auto*/{
                 var_decay += 0.01;
 }/*auto*/
@@ -1004,9 +1004,7 @@
 }/*auto*/
 
     for (int i = 0; i < c.size(); i++)/*auto*/{
-        if (value(c[i]) != l_False)/*auto*/{
-            fprintf(f, "%s%d ", sign(c[i]) ? "-" : "", mapVar(var(c[i]), map, max)+1);
-}/*auto*/
+        K = (double)opt_K;
 }/*auto*/
     fprintf(f, "0\n");
 }
--- before: minisat.params
+++ after: minisat.params
@@ -1,22 +1,22 @@
-lbd-cut := 5
+lbd-cut := 9
 lbd-cut-max := 10
 cp-increase := 15000
-core-tolerance := 0.02
-R-val := 1.4
-var-decay := 0.8
+core-tolerance := 0.5662126577433174
+R-val := 1.5434072725040773
+var-decay := 0.9425245640845726
 cla-decay := 0.999
 rnd-freq := 0.0
 ccmin-mode := '2'
-phase-saving := '2'
-rnd-init := 'False'
+phase-saving := '1'
+rnd-init := 'True'
 luby := 0
-gc-frac := 0.2
-verb := '1'
+gc-frac := 0.823628408795968
+verb := '2'
 pre := 'True'
 asymm := 'False'
-rcheck := 'False'
+rcheck := 'True'
 elim := 'True'
 grow := 0
-cl-lim := 20
+cl-lim := 114
 sub-lim := 1000
-simp-gc-frac := 0.5
+simp-gc-frac := 0.8299901447037012

2023-08-05 15:35:39,572	[INFO]	==== END ====
2023-08-05 15:35:39,572	[INFO]	Reason: validation end
2023-08-05 15:35:39,572	[INFO]	
2023-08-05 15:35:39,573	[INFO]	==== REPORT ====
2023-08-05 15:35:39,573	[INFO]	Termination: validation end
2023-08-05 15:35:39,573	[INFO]	Log file: /cs/student/projects1/sse/2022/tsongpet/MSc-SSE-GI-project/_magpie_logs/minisat-hack_1691244020.log
2023-08-05 15:35:39,583	[INFO]	Patch file: _magpie_logs/minisat-hack_1691244020.patch
2023-08-05 15:35:39,583	[INFO]	Diff file: _magpie_logs/minisat-hack_1691244020.diff
2023-08-05 15:35:39,584	[INFO]	Best fitness: 1662006430045
2023-08-05 15:35:39,584	[INFO]	Best patch: ParamSetting(('minisat.params', 'lbd-cut'), 9) | ParamSetting(('minisat.params', 'core-tolerance'), 0.5662126577433174) | ParamSetting(('minisat.params', 'R-val'), 1.5434072725040773) | ParamSetting(('minisat.params', 'var-decay'), 0.9425245640845726) | ParamSetting(('minisat.params', 'phase-saving'), '1') | ParamSetting(('minisat.params', 'rnd-init'), 'True') | ParamSetting(('minisat.params', 'gc-frac'), 0.823628408795968) | ParamSetting(('minisat.params', 'verb'), '2') | ParamSetting(('minisat.params', 'rcheck'), 'True') | ParamSetting(('minisat.params', 'cl-lim'), 114) | ParamSetting(('minisat.params', 'simp-gc-frac'), 0.8299901447037012) | StmtDeletion(('core/Solver.cc.xml', 'stmt', 160)) | StmtDeletion(('core/Solver.cc.xml', 'stmt', 308)) | StmtReplacement(('core/Solver.cc.xml', 'stmt', 423), ('core/Solver.cc.xml', 'stmt', 22))
2023-08-05 15:35:39,584	[INFO]	Diff:
--- before: core/Solver.cc
+++ after: core/Solver.cc
@@ -423,7 +423,7 @@
 
     max_literals += out_learnt.size();
     out_learnt.shrink(i - j);
-    tot_literals += out_learnt.size();
+    
 
     LBD(out_learnt);
 
@@ -748,7 +748,7 @@
         CRef confl = propagate();
         if (confl != CRef_Undef){
             // CONFLICT
-            conflicts++; conflictC++;
+            conflicts++; 
             if (conflicts % 5000 == 0 && var_decay < 0.95)/*auto*/{
                 var_decay += 0.01;
 }/*auto*/
@@ -1004,9 +1004,7 @@
 }/*auto*/
 
     for (int i = 0; i < c.size(); i++)/*auto*/{
-        if (value(c[i]) != l_False)/*auto*/{
-            fprintf(f, "%s%d ", sign(c[i]) ? "-" : "", mapVar(var(c[i]), map, max)+1);
-}/*auto*/
+        K = (double)opt_K;
 }/*auto*/
     fprintf(f, "0\n");
 }
--- before: minisat.params
+++ after: minisat.params
@@ -1,22 +1,22 @@
-lbd-cut := 5
+lbd-cut := 9
 lbd-cut-max := 10
 cp-increase := 15000
-core-tolerance := 0.02
-R-val := 1.4
-var-decay := 0.8
+core-tolerance := 0.5662126577433174
+R-val := 1.5434072725040773
+var-decay := 0.9425245640845726
 cla-decay := 0.999
 rnd-freq := 0.0
 ccmin-mode := '2'
-phase-saving := '2'
-rnd-init := 'False'
+phase-saving := '1'
+rnd-init := 'True'
 luby := 0
-gc-frac := 0.2
-verb := '1'
+gc-frac := 0.823628408795968
+verb := '2'
 pre := 'True'
 asymm := 'False'
-rcheck := 'False'
+rcheck := 'True'
 elim := 'True'
 grow := 0
-cl-lim := 20
+cl-lim := 114
 sub-lim := 1000
-simp-gc-frac := 0.5
+simp-gc-frac := 0.8299901447037012

