2023-07-15 09:27:26,583	[DEBUG]	==== CONFIG ====
[magpie]
import = 
seed = 
log_dir = _magpie_logs
work_dir = _magpie_work
local_original_copy = False
local_original_name = __original__
output_encoding = ascii
edit_retries = 10
default_timeout = 30
default_lengthout = 1e6
diff_method = unified

[software]
path = code/minisat-hack
target_files = 
	core/Solver.cc.xml
	minisat.params
program = BasicProgram
engine_rules = 
	*.params : ConfigFileParamsEngine
	*.xml : SrcmlEngine
	* : LineEngine
engine_config = 
	*.params : [params]
	*.xml : [srcml]
setup_cmd = ./compile.sh
setup_timeout = 
setup_lengthout = 
compile_cmd = ./compile.sh
compile_timeout = 15
compile_lengthout = 
test_cmd = 
test_timeout = 
test_lengthout = 
run_cmd = perf stat run-sh/validate_2.sh
run_timeout = 1267
run_lengthout = 
fitness = perf_time

[srcml]
rename = 
	stmt: break continue decl_stmt do expr_stmt for goto if return switch while
	number: literal_number
focus = block stmt operator_comp operator_arith number
internodes = block
process_pseudo_blocks = True
process_literals = True
process_operators = True

[params]
timing = test run
cli_prefix = --
cli_glue = =
cli_boolean = show
cli_boolean_prefix_true = 
cli_boolean_prefix_false = no-
silent_prefix = @
silent_suffix = $

[search]
protocol = BasicProtocol
algorithm = ValidRankingSimplify
possible_edits = 
	StmtReplacement
	StmtInsertion
	StmtDeletion
	ParamSetting
warmup = 3
warmup_strategy = last
max_steps = 
max_time = 
target_fitness = 
cache_maxsize = 40
cache_keep = 0.2

[search.ls]
delete_prob = 0.5
max_neighbours = 
when_trapped = continue
accept_fail = False
tabu_length = 10

[search.gp]
pop_size = 10
delete_prob = 0.5
offspring_elitism = 0.1
offspring_crossover = 0.5
offspring_mutation = 0.4
uniform_rate = 0.5


2023-07-15 09:27:26,583	[INFO]	==== WARMUP ====
2023-07-15 09:44:47,355	[INFO]	WARM    SUCCESS               1032.3843               
2023-07-15 10:01:51,128	[INFO]	WARM    SUCCESS               1020.105                
2023-07-15 10:19:15,301	[INFO]	WARM    SUCCESS               1040.3791               
2023-07-15 10:19:15,301	[INFO]	INITIAL SUCCESS               1040.3791               
2023-07-15 10:19:15,302	[INFO]	==== START: ValidRankingSimplify ====
2023-07-15 10:19:15,334	[DEBUG]	CLEAN_PATCH: ParamSetting(('minisat.params', 'lbd-cut'), 3.0038673225884636) | ParamSetting(('minisat.params', 'simp-gc-frac'), 0.06429547497118615) | ParamSetting(('minisat.params', 'cp-increase'), 5646)
2023-07-15 10:19:15,334	[DEBUG]	CLEAN_SIZE: 3 (was 3)
2023-07-15 10:40:02,689	[DEBUG]	ParamSetting(('minisat.params', 'lbd-cut'), 3.0038673225884636) | ParamSetting(('minisat.params', 'simp-gc-frac'), 0.06429547497118615) | ParamSetting(('minisat.params', 'cp-increase'), 5646)
2023-07-15 10:40:02,690	[INFO]	1       SUCCESS              *1243.651 (119.54%) [3 edit(s)] 
2023-07-15 10:40:02,700	[DEBUG]	--- before: minisat.params
+++ after: minisat.params
@@ -1,6 +1,6 @@
-lbd-cut := 5.0
+lbd-cut := 3.0038673225884636
 lbd-cut-max := 10.0
-cp-increase := 15000
+cp-increase := 5646
 core-tolerance := 0.02
 var-decay := 0.95
 cla-decay := 0.999
@@ -18,4 +18,4 @@
 grow := 0
 cl-lim := 20
 sub-lim := 1000
-simp-gc-frac := 0.5
+simp-gc-frac := 0.06429547497118615

2023-07-15 10:40:02,700	[INFO]	-- ranking --
2023-07-15 10:57:25,789	[DEBUG]	ParamSetting(('minisat.params', 'lbd-cut'), 3.0038673225884636)
2023-07-15 10:57:25,790	[INFO]	2       SUCCESS              *1039.4192 (99.91%) [1 edit(s)] 
2023-07-15 10:57:25,807	[DEBUG]	--- before: minisat.params
+++ after: minisat.params
@@ -1,4 +1,4 @@
-lbd-cut := 5.0
+lbd-cut := 3.0038673225884636
 lbd-cut-max := 10.0
 cp-increase := 15000
 core-tolerance := 0.02

2023-07-15 11:14:46,694	[DEBUG]	ParamSetting(('minisat.params', 'simp-gc-frac'), 0.06429547497118615)
2023-07-15 11:14:46,695	[INFO]	3       SUCCESS              *1037.4284 (99.72%) [1 edit(s)] 
2023-07-15 11:14:46,704	[DEBUG]	--- before: minisat.params
+++ after: minisat.params
@@ -18,4 +18,4 @@
 grow := 0
 cl-lim := 20
 sub-lim := 1000
-simp-gc-frac := 0.5
+simp-gc-frac := 0.06429547497118615

2023-07-15 11:30:48,524	[DEBUG]	ParamSetting(('minisat.params', 'cp-increase'), 5646)
2023-07-15 11:30:48,525	[INFO]	4       SUCCESS              *957.7642 (92.06%) [1 edit(s)] 
2023-07-15 11:30:48,537	[DEBUG]	--- before: minisat.params
+++ after: minisat.params
@@ -1,6 +1,6 @@
 lbd-cut := 5.0
 lbd-cut-max := 10.0
-cp-increase := 15000
+cp-increase := 5646
 core-tolerance := 0.02
 var-decay := 0.95
 cla-decay := 0.999

2023-07-15 11:30:48,537	[INFO]	-- rebuild --
2023-07-15 11:46:40,445	[DEBUG]	ParamSetting(('minisat.params', 'cp-increase'), 5646) | ParamSetting(('minisat.params', 'simp-gc-frac'), 0.06429547497118615)
2023-07-15 11:46:40,445	[INFO]	5       SUCCESS              *947.9098 (91.11%) [2 edit(s)] 
2023-07-15 11:46:40,453	[DEBUG]	--- before: minisat.params
+++ after: minisat.params
@@ -1,6 +1,6 @@
 lbd-cut := 5.0
 lbd-cut-max := 10.0
-cp-increase := 15000
+cp-increase := 5646
 core-tolerance := 0.02
 var-decay := 0.95
 cla-decay := 0.999
@@ -18,4 +18,4 @@
 grow := 0
 cl-lim := 20
 sub-lim := 1000
-simp-gc-frac := 0.5
+simp-gc-frac := 0.06429547497118615

2023-07-15 11:46:40,461	[DEBUG]	ParamSetting(('minisat.params', 'cp-increase'), 5646) | ParamSetting(('minisat.params', 'simp-gc-frac'), 0.06429547497118615) | ParamSetting(('minisat.params', 'lbd-cut'), 3.0038673225884636)
2023-07-15 11:46:40,461	[INFO]	6       SUCCESS              +1243.651 (119.54%) [3 edit(s)] 
2023-07-15 11:46:40,469	[DEBUG]	--- before: minisat.params
+++ after: minisat.params
@@ -1,6 +1,6 @@
-lbd-cut := 5.0
+lbd-cut := 3.0038673225884636
 lbd-cut-max := 10.0
-cp-increase := 15000
+cp-increase := 5646
 core-tolerance := 0.02
 var-decay := 0.95
 cla-decay := 0.999
@@ -18,4 +18,4 @@
 grow := 0
 cl-lim := 20
 sub-lim := 1000
-simp-gc-frac := 0.5
+simp-gc-frac := 0.06429547497118615

2023-07-15 11:46:40,469	[INFO]	-- simplify --
2023-07-15 11:46:40,476	[DEBUG]	ParamSetting(('minisat.params', 'simp-gc-frac'), 0.06429547497118615)
2023-07-15 11:46:40,477	[INFO]	7       SUCCESS              +1037.4284 (99.72%) [1 edit(s)] 
2023-07-15 11:46:40,484	[DEBUG]	--- before: minisat.params
+++ after: minisat.params
@@ -18,4 +18,4 @@
 grow := 0
 cl-lim := 20
 sub-lim := 1000
-simp-gc-frac := 0.5
+simp-gc-frac := 0.06429547497118615

2023-07-15 11:46:40,492	[DEBUG]	ParamSetting(('minisat.params', 'cp-increase'), 5646)
2023-07-15 11:46:40,492	[INFO]	8       SUCCESS              +957.7642 (92.06%) [1 edit(s)] 
2023-07-15 11:46:40,500	[DEBUG]	--- before: minisat.params
+++ after: minisat.params
@@ -1,6 +1,6 @@
 lbd-cut := 5.0
 lbd-cut-max := 10.0
-cp-increase := 15000
+cp-increase := 5646
 core-tolerance := 0.02
 var-decay := 0.95
 cla-decay := 0.999

2023-07-15 11:46:40,508	[INFO]	==== END ====
2023-07-15 11:46:40,509	[INFO]	Reason: validation end
2023-07-15 11:46:40,509	[INFO]	
2023-07-15 11:46:40,509	[INFO]	==== REPORT ====
2023-07-15 11:46:40,509	[INFO]	Termination: validation end
2023-07-15 11:46:40,509	[INFO]	Log file: /home/tsongpet/MSc-SSE-GI-project/_magpie_logs/minisat-hack_1689409645.log
2023-07-15 11:46:40,517	[INFO]	Patch file: _magpie_logs/minisat-hack_1689409645.patch
2023-07-15 11:46:40,517	[INFO]	Diff file: _magpie_logs/minisat-hack_1689409645.diff
2023-07-15 11:46:40,517	[INFO]	Best fitness: 947.9098
2023-07-15 11:46:40,517	[INFO]	Best patch: ParamSetting(('minisat.params', 'cp-increase'), 5646) | ParamSetting(('minisat.params', 'simp-gc-frac'), 0.06429547497118615)
2023-07-15 11:46:40,517	[INFO]	Diff:
--- before: minisat.params
+++ after: minisat.params
@@ -1,6 +1,6 @@
 lbd-cut := 5.0
 lbd-cut-max := 10.0
-cp-increase := 15000
+cp-increase := 5646
 core-tolerance := 0.02
 var-decay := 0.95
 cla-decay := 0.999
@@ -18,4 +18,4 @@
 grow := 0
 cl-lim := 20
 sub-lim := 1000
-simp-gc-frac := 0.5
+simp-gc-frac := 0.06429547497118615

