2023-07-16 08:48:34,047	[DEBUG]	==== CONFIG ====
[magpie]
import = 
seed = 
log_dir = _magpie_logs
work_dir = _magpie_work
local_original_copy = False
local_original_name = __original__
output_encoding = ascii
edit_retries = 10
default_timeout = 30
default_lengthout = 1e6
diff_method = unified

[software]
path = code/minisat-hack
target_files = 
	core/Solver.cc.xml
	minisat.params
program = BasicProgram
engine_rules = 
	*.params : ConfigFileParamsEngine
	*.xml : SrcmlEngine
	* : LineEngine
engine_config = 
	*.params : [params]
	*.xml : [srcml]
setup_cmd = ./compile.sh
setup_timeout = 
setup_lengthout = 
compile_cmd = ./compile.sh
compile_timeout = 15
compile_lengthout = 
test_cmd = 
test_timeout = 
test_lengthout = 
run_cmd = perf stat run-sh/test.sh
run_timeout = 6585
run_lengthout = 
fitness = perf_time

[srcml]
rename = 
	stmt: break continue decl_stmt do expr_stmt for goto if return switch while
	number: literal_number
focus = block stmt operator_comp operator_arith number
internodes = block
process_pseudo_blocks = True
process_literals = True
process_operators = True

[params]
timing = test run
cli_prefix = --
cli_glue = =
cli_boolean = show
cli_boolean_prefix_true = 
cli_boolean_prefix_false = no-
silent_prefix = @
silent_suffix = $

[search]
protocol = BasicProtocol
algorithm = ValidTest
possible_edits = 
	ParamSetting
warmup = 3
warmup_strategy = last
max_steps = 
max_time = 
target_fitness = 
cache_maxsize = 40
cache_keep = 0.2

[search.ls]
delete_prob = 0.5
max_neighbours = 
when_trapped = continue
accept_fail = False
tabu_length = 10

[search.gp]
pop_size = 10
delete_prob = 0.5
offspring_elitism = 0.1
offspring_crossover = 0.5
offspring_mutation = 0.4
uniform_rate = 0.5


2023-07-16 08:48:34,048	[INFO]	==== WARMUP ====
2023-07-16 10:25:41,372	[INFO]	WARM    SUCCESS               5818.1329               
2023-07-16 12:02:07,436	[INFO]	WARM    SUCCESS               5781.9149               
2023-07-16 13:38:47,052	[INFO]	WARM    SUCCESS               5796.0508               
2023-07-16 13:38:47,052	[INFO]	INITIAL SUCCESS               5796.0508               
2023-07-16 13:38:47,052	[INFO]	==== START: ValidTest ====
2023-07-16 13:38:47,095	[DEBUG]	CLEAN_PATCH: ParamSetting(('minisat.params', 'cp-increase'), 5247) | ParamSetting(('minisat.params', 'rnd-init'), 'True')
2023-07-16 13:38:47,095	[DEBUG]	CLEAN_SIZE: 2 (was 2)
2023-07-16 15:11:08,156	[DEBUG]	ParamSetting(('minisat.params', 'cp-increase'), 5247) | ParamSetting(('minisat.params', 'rnd-init'), 'True')
2023-07-16 15:11:08,157	[INFO]	1       SUCCESS              *5537.5234 (95.54%) [2 edit(s)] 
2023-07-16 15:11:08,166	[DEBUG]	--- before: minisat.params
+++ after: minisat.params
@@ -1,13 +1,13 @@
 lbd-cut := 5.0
 lbd-cut-max := 10.0
-cp-increase := 15000
+cp-increase := 5247
 core-tolerance := 0.02
 var-decay := 0.95
 cla-decay := 0.999
 rnd-freq := 0.0
 ccmin-mode := 2
 phase-saving := 2
-rnd-init := 'False'
+rnd-init := 'True'
 luby := 0
 gc-frac := 0.2
 verb := 1

2023-07-16 15:11:08,175	[INFO]	==== END ====
2023-07-16 15:11:08,175	[INFO]	Reason: validation end
2023-07-16 15:11:08,175	[INFO]	
2023-07-16 15:11:08,175	[INFO]	==== REPORT ====
2023-07-16 15:11:08,175	[INFO]	Termination: validation end
2023-07-16 15:11:08,175	[INFO]	Log file: /home/tsongpet/MSc-SSE-GI-project/_magpie_logs/minisat-hack_1689493711.log
2023-07-16 15:11:08,185	[INFO]	Patch file: _magpie_logs/minisat-hack_1689493711.patch
2023-07-16 15:11:08,185	[INFO]	Diff file: _magpie_logs/minisat-hack_1689493711.diff
2023-07-16 15:11:08,185	[INFO]	Best fitness: 5537.5234
2023-07-16 15:11:08,185	[INFO]	Best patch: ParamSetting(('minisat.params', 'cp-increase'), 5247) | ParamSetting(('minisat.params', 'rnd-init'), 'True')
2023-07-16 15:11:08,185	[INFO]	Diff:
--- before: minisat.params
+++ after: minisat.params
@@ -1,13 +1,13 @@
 lbd-cut := 5.0
 lbd-cut-max := 10.0
-cp-increase := 15000
+cp-increase := 5247
 core-tolerance := 0.02
 var-decay := 0.95
 cla-decay := 0.999
 rnd-freq := 0.0
 ccmin-mode := 2
 phase-saving := 2
-rnd-init := 'False'
+rnd-init := 'True'
 luby := 0
 gc-frac := 0.2
 verb := 1

