2023-08-19 20:52:19,928	[DEBUG]	==== CONFIG ====
[magpie]
import = 
seed = 
log_dir = _magpie_logs
work_dir = _magpie_work
local_original_copy = False
local_original_name = __original__
output_encoding = ascii
edit_retries = 10
default_timeout = 30
default_lengthout = 1e6
diff_method = unified

[software]
path = code/minisat-hack
target_files = 
	core/Solver.cc.xml
	minisat.params
program = BasicProgram
engine_rules = 
	*.params : ConfigFileParamsEngine
	*.xml : SrcmlEngine
	* : LineEngine
engine_config = 
	*.params : [params]
	*.xml : [srcml]
setup_cmd = ./compile.sh
setup_timeout = 
setup_lengthout = 
compile_cmd = ./compile.sh
compile_timeout = 16
compile_lengthout = 
test_cmd = 
test_timeout = 
test_lengthout = 
run_cmd = perf stat run-sh/train_10.sh
run_timeout = 76
run_lengthout = 
fitness = perf_instructions

[srcml]
rename = 
	stmt: break continue decl_stmt do expr_stmt for goto if return switch while
	number: literal_number
focus = block stmt operator_comp operator_arith number
internodes = block
process_pseudo_blocks = True
process_literals = True
process_operators = True

[params]
timing = test run
cli_prefix = --
cli_glue = =
cli_boolean = show
cli_boolean_prefix_true = 
cli_boolean_prefix_false = no-
silent_prefix = @
silent_suffix = $

[search]
protocol = BasicProtocol
algorithm = GeneticAlgorithm
possible_edits = 
	StmtReplacement
	StmtInsertion
	StmtDeletion
	ParamSetting
warmup = 1
warmup_strategy = last
max_steps = 
max_time = 11270
target_fitness = 
cache_maxsize = 40
cache_keep = 0.2

[search.ls]
delete_prob = 0.5
max_neighbours = 
when_trapped = continue
accept_fail = False
tabu_length = 10

[search.gp]
pop_size = 10
delete_prob = 0.5
offspring_elitism = 0.1
offspring_crossover = 0.5
offspring_mutation = 0.4
uniform_rate = 0.5

[search.ga]
pop_size = 100
elitism_size = 10
cxpb_chrm = 0.5
cxpb_gene = 0.5
mutpb_chrm = 0.2
mutpb_gene = 0.1
gi_delete_prob = 0.5
gi_create_prob = 0.5
tournament_size = 3

[search.pso]
pop_size = 10
speed_min = -3
speed_max = 3
c1 = 1.49
c2 = 1.49


2023-08-19 20:52:19,929	[INFO]	==== WARMUP ====
2023-08-19 20:53:35,512	[INFO]	WARM    SUCCESS               121234181269            
2023-08-19 20:53:35,513	[INFO]	INITIAL SUCCESS               121234181269            
2023-08-19 20:53:35,513	[INFO]	==== START: GeneticAlgorithm ====
2023-08-19 20:53:35,527	[DEBUG]	
2023-08-19 20:53:35,527	[DEBUG]	
2023-08-19 20:53:35,527	[INFO]	0-1     SUCCESS              +121234181269 (100.0%) [0 edit(s)] 
2023-08-19 20:53:35,534	[DEBUG]	
2023-08-19 20:53:35,540	[DEBUG]	
2023-08-19 20:53:35,540	[INFO]	0-2     SUCCESS               121234181269 (100.0%) [0 edit(s)] 
2023-08-19 20:53:35,547	[DEBUG]	
2023-08-19 20:53:35,547	[INFO]	0-3     SUCCESS               121234181269 (100.0%) [0 edit(s)] 
2023-08-19 20:53:35,554	[DEBUG]	
2023-08-19 20:53:35,554	[INFO]	0-4     SUCCESS               121234181269 (100.0%) [0 edit(s)] 
2023-08-19 20:53:35,560	[DEBUG]	
2023-08-19 20:53:35,561	[INFO]	0-5     SUCCESS               121234181269 (100.0%) [0 edit(s)] 
2023-08-19 20:53:35,567	[DEBUG]	
2023-08-19 20:53:35,567	[INFO]	0-6     SUCCESS               121234181269 (100.0%) [0 edit(s)] 
2023-08-19 20:53:35,574	[DEBUG]	
2023-08-19 20:53:35,574	[INFO]	0-7     SUCCESS               121234181269 (100.0%) [0 edit(s)] 
2023-08-19 20:53:35,581	[DEBUG]	
2023-08-19 20:53:35,581	[INFO]	0-8     SUCCESS               121234181269 (100.0%) [0 edit(s)] 
2023-08-19 20:53:35,587	[DEBUG]	
2023-08-19 20:53:35,587	[INFO]	0-9     SUCCESS               121234181269 (100.0%) [0 edit(s)] 
2023-08-19 20:53:35,594	[DEBUG]	
2023-08-19 20:53:35,594	[INFO]	0-10    SUCCESS               121234181269 (100.0%) [0 edit(s)] 
2023-08-19 20:54:54,856	[DEBUG]	ParamSetting(('minisat.params', 'rnd-freq'), 0.8941219724785654) | ParamSetting(('minisat.params', 'ccmin-mode'), '0')
2023-08-19 20:54:54,857	[INFO]	0-11    RUN_TIMEOUT           None  [2 edit(s)]       
2023-08-19 20:56:13,955	[DEBUG]	ParamSetting(('minisat.params', 'luby'), 1) | ParamSetting(('minisat.params', 'rfirst'), 1.5900355872950933) | ParamSetting(('minisat.params', 'sub-lim'), 0) | StmtDeletion(('core/Solver.cc.xml', 'stmt', 358))
2023-08-19 20:56:13,955	[INFO]	0-12    RUN_TIMEOUT           None  [4 edit(s)]       
2023-08-19 20:56:14,368	[DEBUG]	ParamSetting(('minisat.params', 'R-val'), 1.5367588430705912) | ParamSetting(('minisat.params', 'luby'), 1) | ParamSetting(('minisat.params', 'rfirst'), 1.0388006463676918) | ParamSetting(('minisat.params', 'rinc'), 3.7327764357973727) | ParamSetting(('minisat.params', 'elim'), 'False') | ParamSetting(('minisat.params', 'sub-lim'), 1926) | StmtReplacement(('core/Solver.cc.xml', 'stmt', 75), ('core/Solver.cc.xml', 'stmt', 76))
2023-08-19 20:56:14,369	[INFO]	0-13    COMPILE_CODE_ERROR    None  [7 edit(s)]       
2023-08-19 20:57:22,413	[DEBUG]	--- before: minisat.params
+++ after: minisat.params
@@ -1,5 +1,5 @@
 lbd-cut := 5
-lbd-cut-max := 10
+lbd-cut-max := 7
 cp-increase := 15000
 core-tolerance := 0.02
 R-val := 1.4

2023-08-19 20:57:22,413	[DEBUG]	ParamSetting(('minisat.params', 'lbd-cut-max'), 7)
2023-08-19 20:57:22,414	[INFO]	0-14    SUCCESS              *121222130770 (99.99%) [1 edit(s)] 
2023-08-19 20:57:22,424	[DEBUG]	--- before: minisat.params
+++ after: minisat.params
@@ -1,5 +1,5 @@
 lbd-cut := 5
-lbd-cut-max := 10
+lbd-cut-max := 7
 cp-increase := 15000
 core-tolerance := 0.02
 R-val := 1.4

2023-08-19 20:57:22,881	[DEBUG]	ParamSetting(('minisat.params', 'core-tolerance'), 0.5240588363420721) | ParamSetting(('minisat.params', 'phase-saving'), '0') | ParamSetting(('minisat.params', 'verb'), '0') | ParamSetting(('minisat.params', 'pre'), 'False') | StmtInsertion(('core/Solver.cc.xml', '_inter_block', 206), ('core/Solver.cc.xml', 'stmt', 235))
2023-08-19 20:57:22,882	[INFO]	0-15    COMPILE_CODE_ERROR    None  [5 edit(s)]       
2023-08-19 20:57:23,278	[DEBUG]	StmtInsertion(('core/Solver.cc.xml', '_inter_block', 35), ('core/Solver.cc.xml', 'stmt', 312))
2023-08-19 20:57:23,279	[INFO]	0-16    COMPILE_CODE_ERROR    None  [1 edit(s)]       
2023-08-19 20:57:23,675	[DEBUG]	ParamSetting(('minisat.params', 'K-val'), 0.7254179657954536) | ParamSetting(('minisat.params', 'rinc'), 2.451944683112619) | ParamSetting(('minisat.params', 'sub-lim'), 0) | StmtInsertion(('core/Solver.cc.xml', '_inter_block', 219), ('core/Solver.cc.xml', 'stmt', 273))
2023-08-19 20:57:23,676	[INFO]	0-17    COMPILE_CODE_ERROR    None  [4 edit(s)]       
2023-08-19 20:57:24,080	[DEBUG]	ParamSetting(('minisat.params', 'core-tolerance'), 0.32575043496019807) | ParamSetting(('minisat.params', 'rnd-freq'), 0.5324034232798596) | StmtInsertion(('core/Solver.cc.xml', '_inter_block', 114), ('core/Solver.cc.xml', 'stmt', 319))
2023-08-19 20:57:24,081	[INFO]	0-18    COMPILE_CODE_ERROR    None  [3 edit(s)]       
2023-08-19 20:57:27,325	[DEBUG]	ParamSetting(('minisat.params', 'luby'), 1) | StmtDeletion(('core/Solver.cc.xml', 'stmt', 132))
2023-08-19 20:57:27,326	[INFO]	0-19    RUN_CODE_ERROR        None  [2 edit(s)]       
2023-08-19 20:58:46,489	[DEBUG]	ParamSetting(('minisat.params', 'var-decay'), 0.338438084867943) | ParamSetting(('minisat.params', 'cla-decay'), 0.5836412450376178)
2023-08-19 20:58:46,489	[INFO]	0-20    RUN_TIMEOUT           None  [2 edit(s)]       
2023-08-19 20:58:46,930	[DEBUG]	ParamSetting(('minisat.params', 'lbd-cut-max'), 29) | ParamSetting(('minisat.params', 'gc-frac'), 0.4323720275638241) | StmtReplacement(('core/Solver.cc.xml', 'stmt', 414), ('core/Solver.cc.xml', 'stmt', 454))
2023-08-19 20:58:46,931	[INFO]	0-21    COMPILE_CODE_ERROR    None  [3 edit(s)]       
2023-08-19 20:58:50,129	[DEBUG]	ParamSetting(('minisat.params', 'phase-saving'), '0') | ParamSetting(('minisat.params', 'luby'), 1) | ParamSetting(('minisat.params', 'verb'), '0') | ParamSetting(('minisat.params', 'sub-lim'), 96) | StmtInsertion(('core/Solver.cc.xml', '_inter_block', 216), ('core/Solver.cc.xml', 'stmt', 285))
2023-08-19 20:58:50,130	[INFO]	0-22    RUN_CODE_ERROR        None  [5 edit(s)]       
2023-08-19 20:59:51,595	[DEBUG]	--- before: minisat.params
+++ after: minisat.params
@@ -1,8 +1,8 @@
 lbd-cut := 5
-lbd-cut-max := 10
+lbd-cut-max := 19
 cp-increase := 15000
 core-tolerance := 0.02
-R-val := 1.4
+R-val := 1.5478385721165044
 var-decay := 0.8
 cla-decay := 0.999
 rnd-freq := 0.0

2023-08-19 20:59:51,595	[DEBUG]	ParamSetting(('minisat.params', 'lbd-cut-max'), 19) | ParamSetting(('minisat.params', 'R-val'), 1.5478385721165044) | ParamSetting(('minisat.params', 'rfirst'), 1.1602311947849426)
2023-08-19 20:59:51,596	[INFO]	0-23    SUCCESS              *108876643735 (89.81%) [3 edit(s)] 
2023-08-19 20:59:51,606	[DEBUG]	--- before: minisat.params
+++ after: minisat.params
@@ -1,8 +1,8 @@
 lbd-cut := 5
-lbd-cut-max := 10
+lbd-cut-max := 19
 cp-increase := 15000
 core-tolerance := 0.02
-R-val := 1.4
+R-val := 1.5478385721165044
 var-decay := 0.8
 cla-decay := 0.999
 rnd-freq := 0.0

2023-08-19 21:00:50,115	[DEBUG]	--- before: core/Solver.cc
+++ after: core/Solver.cc
@@ -931,6 +931,8 @@
     }
 
     return pow(y, seq);
+
+    return;
 }
 
 // NOTE: assumptions passed in member-variable 'assumptions'.
--- before: minisat.params
+++ after: minisat.params
@@ -2,7 +2,7 @@
 lbd-cut-max := 10
 cp-increase := 15000
 core-tolerance := 0.02
-R-val := 1.4
+R-val := 1.208741382355605
 var-decay := 0.8
 cla-decay := 0.999
 rnd-freq := 0.0
@@ -19,4 +19,4 @@
 grow := 0
 cl-lim := 20
 sub-lim := 1000
-simp-gc-frac := 0.5
+simp-gc-frac := 0.8519659486541388

2023-08-19 21:00:50,115	[DEBUG]	ParamSetting(('minisat.params', 'R-val'), 1.208741382355605) | ParamSetting(('minisat.params', 'rinc'), 3.532210842774869) | ParamSetting(('minisat.params', 'simp-gc-frac'), 0.8519659486541388) | StmtInsertion(('core/Solver.cc.xml', '_inter_block', 520), ('core/Solver.cc.xml', 'stmt', 433))
2023-08-19 21:00:50,116	[INFO]	0-24    SUCCESS              *105078667425 (86.67%) [4 edit(s)] 
2023-08-19 21:00:50,125	[DEBUG]	--- before: core/Solver.cc
+++ after: core/Solver.cc
@@ -931,6 +931,8 @@
     }
 
     return pow(y, seq);
+
+    return;
 }
 
 // NOTE: assumptions passed in member-variable 'assumptions'.
--- before: minisat.params
+++ after: minisat.params
@@ -2,7 +2,7 @@
 lbd-cut-max := 10
 cp-increase := 15000
 core-tolerance := 0.02
-R-val := 1.4
+R-val := 1.208741382355605
 var-decay := 0.8
 cla-decay := 0.999
 rnd-freq := 0.0
@@ -19,4 +19,4 @@
 grow := 0
 cl-lim := 20
 sub-lim := 1000
-simp-gc-frac := 0.5
+simp-gc-frac := 0.8519659486541388

2023-08-19 21:02:09,154	[DEBUG]	ParamSetting(('minisat.params', 'rcheck'), 'True') | ParamSetting(('minisat.params', 'grow'), 187) | StmtDeletion(('core/Solver.cc.xml', 'stmt', 143))
2023-08-19 21:02:09,155	[INFO]	0-25    RUN_TIMEOUT           None  [3 edit(s)]       
2023-08-19 21:03:28,194	[DEBUG]	ParamSetting(('minisat.params', 'cla-decay'), 0.27761698232597753) | ParamSetting(('minisat.params', 'rnd-freq'), 0.860033664692691) | ParamSetting(('minisat.params', 'luby'), 1) | StmtDeletion(('core/Solver.cc.xml', 'stmt', 450))
2023-08-19 21:03:28,194	[INFO]	0-26    RUN_TIMEOUT           None  [4 edit(s)]       
2023-08-19 21:04:47,347	[DEBUG]	ParamSetting(('minisat.params', 'cla-decay'), 0.201733438158872) | ParamSetting(('minisat.params', 'rinc'), 2.051334583857217) | ParamSetting(('minisat.params', 'sub-lim'), 0) | StmtReplacement(('core/Solver.cc.xml', 'stmt', 195), ('core/Solver.cc.xml', 'stmt', 406))
2023-08-19 21:04:47,348	[INFO]	0-27    RUN_TIMEOUT           None  [4 edit(s)]       
2023-08-19 21:04:47,767	[DEBUG]	ParamSetting(('minisat.params', 'rinc'), 5.467392398806932) | ParamSetting(('minisat.params', 'grow'), -343) | StmtInsertion(('core/Solver.cc.xml', '_inter_block', 538), ('core/Solver.cc.xml', 'stmt', 158))
2023-08-19 21:04:47,768	[INFO]	0-28    COMPILE_CODE_ERROR    None  [3 edit(s)]       
2023-08-19 21:04:48,166	[DEBUG]	ParamSetting(('minisat.params', 'rnd-init'), 'True') | StmtInsertion(('core/Solver.cc.xml', '_inter_block', 619), ('core/Solver.cc.xml', 'stmt', 158))
2023-08-19 21:04:48,167	[INFO]	0-29    COMPILE_CODE_ERROR    None  [2 edit(s)]       
2023-08-19 21:06:07,257	[DEBUG]	ParamSetting(('minisat.params', 'lbd-cut-max'), 9) | ParamSetting(('minisat.params', 'K-val'), 0.5405485751794964) | ParamSetting(('minisat.params', 'luby'), 1) | StmtDeletion(('core/Solver.cc.xml', 'stmt', 337))
2023-08-19 21:06:07,257	[INFO]	0-30    RUN_TIMEOUT           None  [4 edit(s)]       
2023-08-19 21:07:26,323	[DEBUG]	ParamSetting(('minisat.params', 'var-decay'), 0.33657577574182296) | ParamSetting(('minisat.params', 'simp-gc-frac'), 0.519637348376037)
2023-08-19 21:07:26,324	[INFO]	0-31    RUN_TIMEOUT           None  [2 edit(s)]       
2023-08-19 21:07:26,757	[DEBUG]	ParamSetting(('minisat.params', 'rnd-init'), 'True') | ParamSetting(('minisat.params', 'rinc'), 2.175998158915792) | ParamSetting(('minisat.params', 'asymm'), 'True') | ParamSetting(('minisat.params', 'grow'), -168) | ParamSetting(('minisat.params', 'sub-lim'), 0) | StmtInsertion(('core/Solver.cc.xml', '_inter_block', 248), ('core/Solver.cc.xml', 'stmt', 75))
2023-08-19 21:07:26,758	[INFO]	0-32    COMPILE_CODE_ERROR    None  [6 edit(s)]       
2023-08-19 21:08:45,783	[DEBUG]	ParamSetting(('minisat.params', 'rnd-freq'), 0.6588626503533472) | ParamSetting(('minisat.params', 'rinc'), 2.688963335542094)
2023-08-19 21:08:45,784	[INFO]	0-33    RUN_TIMEOUT           None  [2 edit(s)]       
2023-08-19 21:08:48,968	[DEBUG]	ParamSetting(('minisat.params', 'K-val'), 0.7863341485844485) | ParamSetting(('minisat.params', 'pre'), 'False') | StmtReplacement(('core/Solver.cc.xml', 'stmt', 317), ('core/Solver.cc.xml', 'stmt', 7))
2023-08-19 21:08:48,969	[INFO]	0-34    RUN_CODE_ERROR        None  [3 edit(s)]       
2023-08-19 21:10:08,205	[DEBUG]	ParamSetting(('minisat.params', 'core-tolerance'), 0.7280391170408331) | ParamSetting(('minisat.params', 'K-val'), 0.7056717908358365)
2023-08-19 21:10:08,206	[INFO]	0-35    RUN_TIMEOUT           None  [2 edit(s)]       
2023-08-19 21:11:27,267	[DEBUG]	ParamSetting(('minisat.params', 'lbd-cut'), 7) | ParamSetting(('minisat.params', 'var-decay'), 0.2905036693560778) | ParamSetting(('minisat.params', 'luby'), 1) | ParamSetting(('minisat.params', 'verb'), '2')
2023-08-19 21:11:27,268	[INFO]	0-36    RUN_TIMEOUT           None  [4 edit(s)]       
2023-08-19 21:12:46,507	[DEBUG]	ParamSetting(('minisat.params', 'lbd-cut'), 4) | ParamSetting(('minisat.params', 'rinc'), 2.126450734406687) | ParamSetting(('minisat.params', 'elim'), 'False') | ParamSetting(('minisat.params', 'cl-lim'), 0)
2023-08-19 21:12:46,508	[INFO]	0-37    RUN_TIMEOUT           None  [4 edit(s)]       
2023-08-19 21:12:46,948	[DEBUG]	ParamSetting(('minisat.params', 'phase-saving'), '0') | ParamSetting(('minisat.params', 'pre'), 'False') | ParamSetting(('minisat.params', 'elim'), 'False') | StmtReplacement(('core/Solver.cc.xml', 'stmt', 435), ('core/Solver.cc.xml', 'stmt', 385))
2023-08-19 21:12:46,949	[INFO]	0-38    COMPILE_CODE_ERROR    None  [4 edit(s)]       
2023-08-19 21:12:47,347	[DEBUG]	ParamSetting(('minisat.params', 'cp-increase'), 5211) | ParamSetting(('minisat.params', 'var-decay'), 0.9548072332420875) | ParamSetting(('minisat.params', 'rnd-init'), 'True') | ParamSetting(('minisat.params', 'gc-frac'), 0.8174116599161227) | ParamSetting(('minisat.params', 'pre'), 'False') | StmtReplacement(('core/Solver.cc.xml', 'stmt', 166), ('core/Solver.cc.xml', 'stmt', 418))
2023-08-19 21:12:47,347	[INFO]	0-39    COMPILE_CODE_ERROR    None  [6 edit(s)]       
2023-08-19 21:14:06,450	[DEBUG]	ParamSetting(('minisat.params', 'lbd-cut-max'), 18) | ParamSetting(('minisat.params', 'var-decay'), 0.9611650059244208) | ParamSetting(('minisat.params', 'rnd-freq'), 0.6534895322644102) | ParamSetting(('minisat.params', 'rcheck'), 'True')
2023-08-19 21:14:06,451	[INFO]	0-40    RUN_TIMEOUT           None  [4 edit(s)]       
2023-08-19 21:14:09,630	[DEBUG]	ParamSetting(('minisat.params', 'R-val'), 2.411937108487529) | ParamSetting(('minisat.params', 'phase-saving'), '1') | ParamSetting(('minisat.params', 'pre'), 'False') | ParamSetting(('minisat.params', 'sub-lim'), 133) | ParamSetting(('minisat.params', 'simp-gc-frac'), 0.3729879576334594) | StmtReplacement(('core/Solver.cc.xml', 'stmt', 170), ('core/Solver.cc.xml', 'stmt', 175))
2023-08-19 21:14:09,631	[INFO]	0-41    RUN_CODE_ERROR        None  [6 edit(s)]       
2023-08-19 21:15:18,502	[DEBUG]	ParamSetting(('minisat.params', 'rinc'), 2.0610893691381156) | StmtInsertion(('core/Solver.cc.xml', '_inter_block', 481), ('core/Solver.cc.xml', 'stmt', 174))
2023-08-19 21:15:18,503	[INFO]	0-42    SUCCESS               121173517093 (99.95%) [2 edit(s)] 
2023-08-19 21:16:37,648	[DEBUG]	ParamSetting(('minisat.params', 'ccmin-mode'), '0') | ParamSetting(('minisat.params', 'rnd-init'), 'True') | ParamSetting(('minisat.params', 'cl-lim'), 0)
2023-08-19 21:16:37,649	[INFO]	0-43    RUN_TIMEOUT           None  [3 edit(s)]       
2023-08-19 21:16:40,832	[DEBUG]	ParamSetting(('minisat.params', 'lbd-cut'), 10) | ParamSetting(('minisat.params', 'K-val'), 0.8119218574765792) | ParamSetting(('minisat.params', 'var-decay'), 0.610922095154485) | ParamSetting(('minisat.params', 'cla-decay'), 0.7517548648884348) | StmtDeletion(('core/Solver.cc.xml', 'stmt', 226))
2023-08-19 21:16:40,832	[INFO]	0-44    RUN_CODE_ERROR        None  [5 edit(s)]       
2023-08-19 21:17:32,011	[DEBUG]	--- before: minisat.params
+++ after: minisat.params
@@ -1,6 +1,6 @@
 lbd-cut := 5
 lbd-cut-max := 10
-cp-increase := 15000
+cp-increase := 5490
 core-tolerance := 0.02
 R-val := 1.4
 var-decay := 0.8

2023-08-19 21:17:32,012	[DEBUG]	ParamSetting(('minisat.params', 'cp-increase'), 5490)
2023-08-19 21:17:32,012	[INFO]	0-45    SUCCESS              *88516803801 (73.01%) [1 edit(s)] 
2023-08-19 21:17:32,022	[DEBUG]	--- before: minisat.params
+++ after: minisat.params
@@ -1,6 +1,6 @@
 lbd-cut := 5
 lbd-cut-max := 10
-cp-increase := 15000
+cp-increase := 5490
 core-tolerance := 0.02
 R-val := 1.4
 var-decay := 0.8

2023-08-19 21:18:51,240	[DEBUG]	ParamSetting(('minisat.params', 'phase-saving'), '0') | ParamSetting(('minisat.params', 'luby'), 1) | ParamSetting(('minisat.params', 'rfirst'), 1.6049458987038667) | ParamSetting(('minisat.params', 'elim'), 'False')
2023-08-19 21:18:51,242	[INFO]	0-46    RUN_TIMEOUT           None  [4 edit(s)]       
2023-08-19 21:18:51,696	[DEBUG]	ParamSetting(('minisat.params', 'cp-increase'), 5303) | ParamSetting(('minisat.params', 'luby'), 1) | StmtReplacement(('core/Solver.cc.xml', 'stmt', 472), ('core/Solver.cc.xml', 'stmt', 209))
2023-08-19 21:18:51,696	[INFO]	0-47    COMPILE_CODE_ERROR    None  [3 edit(s)]       
2023-08-19 21:20:10,812	[DEBUG]	ParamSetting(('minisat.params', 'verb'), '2') | StmtDeletion(('core/Solver.cc.xml', 'stmt', 307))
2023-08-19 21:20:10,813	[INFO]	0-48    RUN_TIMEOUT           None  [2 edit(s)]       
2023-08-19 21:21:29,843	[DEBUG]	ParamSetting(('minisat.params', 'rnd-freq'), 0.7622799201951256) | ParamSetting(('minisat.params', 'rinc'), 2.4199068202579697)
2023-08-19 21:21:29,844	[INFO]	0-49    RUN_TIMEOUT           None  [2 edit(s)]       
2023-08-19 21:22:37,404	[DEBUG]	ParamSetting(('minisat.params', 'lbd-cut-max'), 30) | ParamSetting(('minisat.params', 'gc-frac'), 0.16741882338994016)
2023-08-19 21:22:37,405	[INFO]	0-50    SUCCESS               121263593476 (100.02%) [2 edit(s)] 
2023-08-19 21:22:40,496	[DEBUG]	ParamSetting(('minisat.params', 'lbd-cut'), 7) | ParamSetting(('minisat.params', 'rnd-init'), 'True') | ParamSetting(('minisat.params', 'verb'), '0') | StmtReplacement(('core/Solver.cc.xml', 'stmt', 69), ('core/Solver.cc.xml', 'stmt', 398))
2023-08-19 21:22:40,497	[INFO]	0-51    RUN_CODE_ERROR        None  [4 edit(s)]       
2023-08-19 21:22:40,505	[DEBUG]	
2023-08-19 21:22:40,505	[INFO]	0-52    SUCCESS               121234181269 (100.0%) [0 edit(s)] 
2023-08-19 21:23:59,618	[DEBUG]	ParamSetting(('minisat.params', 'luby'), 1) | ParamSetting(('minisat.params', 'cl-lim'), 0) | ParamSetting(('minisat.params', 'sub-lim'), 0)
2023-08-19 21:23:59,619	[INFO]	0-53    RUN_TIMEOUT           None  [3 edit(s)]       
2023-08-19 21:24:00,025	[DEBUG]	ParamSetting(('minisat.params', 'gc-frac'), 0.38768557295109396) | ParamSetting(('minisat.params', 'grow'), 124) | StmtReplacement(('core/Solver.cc.xml', 'stmt', 372), ('core/Solver.cc.xml', 'stmt', 359))
2023-08-19 21:24:00,026	[INFO]	0-54    COMPILE_CODE_ERROR    None  [3 edit(s)]       
2023-08-19 21:24:00,450	[DEBUG]	ParamSetting(('minisat.params', 'lbd-cut-max'), 23) | ParamSetting(('minisat.params', 'var-decay'), 0.7103735290186821) | ParamSetting(('minisat.params', 'asymm'), 'True') | ParamSetting(('minisat.params', 'rcheck'), 'True') | StmtReplacement(('core/Solver.cc.xml', 'stmt', 388), ('core/Solver.cc.xml', 'stmt', 35))
2023-08-19 21:24:00,450	[INFO]	0-55    COMPILE_CODE_ERROR    None  [5 edit(s)]       
2023-08-19 21:25:19,537	[DEBUG]	ParamSetting(('minisat.params', 'asymm'), 'True')
2023-08-19 21:25:19,538	[INFO]	0-56    RUN_TIMEOUT           None  [1 edit(s)]       
2023-08-19 21:26:38,757	[DEBUG]	ParamSetting(('minisat.params', 'lbd-cut-max'), 17) | ParamSetting(('minisat.params', 'core-tolerance'), 0.17219946770191663) | ParamSetting(('minisat.params', 'luby'), 1) | StmtDeletion(('core/Solver.cc.xml', 'stmt', 284))
2023-08-19 21:26:38,758	[INFO]	0-57    RUN_TIMEOUT           None  [4 edit(s)]       
2023-08-19 21:27:28,305	[DEBUG]	--- before: minisat.params
+++ after: minisat.params
@@ -1,6 +1,6 @@
 lbd-cut := 5
 lbd-cut-max := 10
-cp-increase := 15000
+cp-increase := 5827
 core-tolerance := 0.02
 R-val := 1.4
 var-decay := 0.8
@@ -17,6 +17,6 @@
 rcheck := 'False'
 elim := 'True'
 grow := 0
-cl-lim := 20
+cl-lim := 863
 sub-lim := 1000
 simp-gc-frac := 0.5

2023-08-19 21:27:28,305	[DEBUG]	ParamSetting(('minisat.params', 'cp-increase'), 5827) | ParamSetting(('minisat.params', 'cl-lim'), 863)
2023-08-19 21:27:28,305	[INFO]	0-58    SUCCESS              *82870387431 (68.36%) [2 edit(s)] 
2023-08-19 21:27:28,313	[DEBUG]	--- before: minisat.params
+++ after: minisat.params
@@ -1,6 +1,6 @@
 lbd-cut := 5
 lbd-cut-max := 10
-cp-increase := 15000
+cp-increase := 5827
 core-tolerance := 0.02
 R-val := 1.4
 var-decay := 0.8
@@ -17,6 +17,6 @@
 rcheck := 'False'
 elim := 'True'
 grow := 0
-cl-lim := 20
+cl-lim := 863
 sub-lim := 1000
 simp-gc-frac := 0.5

2023-08-19 21:28:47,461	[DEBUG]	ParamSetting(('minisat.params', 'cl-lim'), 228) | ParamSetting(('minisat.params', 'sub-lim'), 0) | ParamSetting(('minisat.params', 'simp-gc-frac'), 0.2769053356372271) | StmtInsertion(('core/Solver.cc.xml', '_inter_block', 180), ('core/Solver.cc.xml', 'stmt', 141))
2023-08-19 21:28:47,462	[INFO]	0-59    RUN_TIMEOUT           None  [4 edit(s)]       
2023-08-19 21:30:06,632	[DEBUG]	ParamSetting(('minisat.params', 'rnd-init'), 'True')
2023-08-19 21:30:06,632	[INFO]	0-60    RUN_TIMEOUT           None  [1 edit(s)]       
2023-08-19 21:31:25,808	[DEBUG]	ParamSetting(('minisat.params', 'rcheck'), 'True')
2023-08-19 21:31:25,809	[INFO]	0-61    RUN_TIMEOUT           None  [1 edit(s)]       
2023-08-19 21:31:26,226	[DEBUG]	ParamSetting(('minisat.params', 'asymm'), 'True') | StmtInsertion(('core/Solver.cc.xml', '_inter_block', 369), ('core/Solver.cc.xml', 'stmt', 277))
2023-08-19 21:31:26,226	[INFO]	0-62    COMPILE_CODE_ERROR    None  [2 edit(s)]       
2023-08-19 21:32:35,047	[DEBUG]	ParamSetting(('minisat.params', 'simp-gc-frac'), 0.8044141136074093)
2023-08-19 21:32:35,047	[INFO]	0-63    SUCCESS               121236379253 (100.0%) [1 edit(s)] 
2023-08-19 21:33:54,122	[DEBUG]	ParamSetting(('minisat.params', 'cla-decay'), 0.3128234935520474) | ParamSetting(('minisat.params', 'rnd-freq'), 0.623065502333786) | StmtReplacement(('core/Solver.cc.xml', 'stmt', 288), ('core/Solver.cc.xml', 'stmt', 214))
2023-08-19 21:33:54,123	[INFO]	0-64    RUN_TIMEOUT           None  [3 edit(s)]       
2023-08-19 21:35:13,312	[DEBUG]	ParamSetting(('minisat.params', 'cla-decay'), 0.11943426988604759)
2023-08-19 21:35:13,313	[INFO]	0-65    RUN_TIMEOUT           None  [1 edit(s)]       
2023-08-19 21:36:20,704	[DEBUG]	ParamSetting(('minisat.params', 'lbd-cut-max'), 19)
2023-08-19 21:36:20,704	[INFO]	0-66    SUCCESS               121196262052 (99.97%) [1 edit(s)] 
2023-08-19 21:37:39,849	[DEBUG]	ParamSetting(('minisat.params', 'lbd-cut-max'), 7) | ParamSetting(('minisat.params', 'var-decay'), 0.546610411028306) | ParamSetting(('minisat.params', 'phase-saving'), '1')
2023-08-19 21:37:39,850	[INFO]	0-67    RUN_TIMEOUT           None  [3 edit(s)]       
2023-08-19 21:38:58,770	[DEBUG]	ParamSetting(('minisat.params', 'lbd-cut'), 4) | ParamSetting(('minisat.params', 'R-val'), 1.3567470300458906) | ParamSetting(('minisat.params', 'rnd-init'), 'True') | ParamSetting(('minisat.params', 'elim'), 'False') | StmtInsertion(('core/Solver.cc.xml', '_inter_block', 393), ('core/Solver.cc.xml', 'stmt', 291))
2023-08-19 21:38:58,771	[INFO]	0-68    SUCCESS               137159445151 (113.14%) [5 edit(s)] 
2023-08-19 21:40:17,941	[DEBUG]	ParamSetting(('minisat.params', 'ccmin-mode'), '0') | ParamSetting(('minisat.params', 'verb'), '0') | ParamSetting(('minisat.params', 'rcheck'), 'True') | StmtInsertion(('core/Solver.cc.xml', '_inter_block', 380), ('core/Solver.cc.xml', 'stmt', 20))
2023-08-19 21:40:17,942	[INFO]	0-69    RUN_TIMEOUT           None  [4 edit(s)]       
2023-08-19 21:41:37,107	[DEBUG]	ParamSetting(('minisat.params', 'R-val'), 1.18982818894919) | ParamSetting(('minisat.params', 'cl-lim'), 0) | ParamSetting(('minisat.params', 'sub-lim'), 377)
2023-08-19 21:41:37,107	[INFO]	0-70    RUN_TIMEOUT           None  [3 edit(s)]       
2023-08-19 21:41:37,530	[DEBUG]	ParamSetting(('minisat.params', 'R-val'), 1.7685889756079898) | ParamSetting(('minisat.params', 'asymm'), 'True') | StmtInsertion(('core/Solver.cc.xml', '_inter_block', 651), ('core/Solver.cc.xml', 'stmt', 272))
2023-08-19 21:41:37,530	[INFO]	0-71    COMPILE_CODE_ERROR    None  [3 edit(s)]       
2023-08-19 21:42:56,587	[DEBUG]	ParamSetting(('minisat.params', 'R-val'), 1.118061616174228) | ParamSetting(('minisat.params', 'ccmin-mode'), '0') | ParamSetting(('minisat.params', 'verb'), '0') | ParamSetting(('minisat.params', 'grow'), -1210) | ParamSetting(('minisat.params', 'cl-lim'), 0) | ParamSetting(('minisat.params', 'simp-gc-frac'), 0.43366135091644575)
2023-08-19 21:42:56,587	[INFO]	0-72    RUN_TIMEOUT           None  [6 edit(s)]       
2023-08-19 21:42:57,006	[DEBUG]	StmtInsertion(('core/Solver.cc.xml', '_inter_block', 130), ('core/Solver.cc.xml', 'stmt', 71))
2023-08-19 21:42:57,006	[INFO]	0-73    COMPILE_CODE_ERROR    None  [1 edit(s)]       
2023-08-19 21:44:06,079	[DEBUG]	ParamSetting(('minisat.params', 'core-tolerance'), 0.025263283249883917) | ParamSetting(('minisat.params', 'gc-frac'), 0.39910348961089004)
2023-08-19 21:44:06,080	[INFO]	0-74    SUCCESS               121158389482 (99.94%) [2 edit(s)] 
2023-08-19 21:45:25,176	[DEBUG]	ParamSetting(('minisat.params', 'core-tolerance'), 0.34349186414092736)
2023-08-19 21:45:25,176	[INFO]	0-75    RUN_TIMEOUT           None  [1 edit(s)]       
2023-08-19 21:45:25,187	[DEBUG]	
2023-08-19 21:45:25,188	[INFO]	0-76    SUCCESS               121234181269 (100.0%) [0 edit(s)] 
2023-08-19 21:46:44,316	[DEBUG]	ParamSetting(('minisat.params', 'rfirst'), 1.1682926359037578) | ParamSetting(('minisat.params', 'elim'), 'False') | ParamSetting(('minisat.params', 'cl-lim'), 30)
2023-08-19 21:46:44,317	[INFO]	0-77    RUN_TIMEOUT           None  [3 edit(s)]       
2023-08-19 21:48:03,418	[DEBUG]	ParamSetting(('minisat.params', 'cl-lim'), 0) | StmtDeletion(('core/Solver.cc.xml', 'stmt', 104))
2023-08-19 21:48:03,419	[INFO]	0-78    RUN_TIMEOUT           None  [2 edit(s)]       
2023-08-19 21:49:22,585	[DEBUG]	ParamSetting(('minisat.params', 'R-val'), 1.6846557291012778) | ParamSetting(('minisat.params', 'gc-frac'), 0.9800545935035804) | ParamSetting(('minisat.params', 'asymm'), 'True')
2023-08-19 21:49:22,586	[INFO]	0-79    RUN_TIMEOUT           None  [3 edit(s)]       
2023-08-19 21:49:23,035	[DEBUG]	ParamSetting(('minisat.params', 'core-tolerance'), 0.08428965273378197) | StmtInsertion(('core/Solver.cc.xml', '_inter_block', 305), ('core/Solver.cc.xml', 'stmt', 101))
2023-08-19 21:49:23,036	[INFO]	0-80    COMPILE_CODE_ERROR    None  [2 edit(s)]       
2023-08-19 21:50:42,136	[DEBUG]	ParamSetting(('minisat.params', 'cla-decay'), 0.6743383842240995) | ParamSetting(('minisat.params', 'ccmin-mode'), '1')
2023-08-19 21:50:42,137	[INFO]	0-81    RUN_TIMEOUT           None  [2 edit(s)]       
2023-08-19 21:52:01,200	[DEBUG]	ParamSetting(('minisat.params', 'luby'), 1)
2023-08-19 21:52:01,201	[INFO]	0-82    RUN_TIMEOUT           None  [1 edit(s)]       
2023-08-19 21:52:01,646	[DEBUG]	ParamSetting(('minisat.params', 'luby'), 1) | ParamSetting(('minisat.params', 'sub-lim'), 0) | StmtReplacement(('core/Solver.cc.xml', 'stmt', 89), ('core/Solver.cc.xml', 'stmt', 366))
2023-08-19 21:52:01,647	[INFO]	0-83    COMPILE_CODE_ERROR    None  [3 edit(s)]       
2023-08-19 21:52:02,040	[DEBUG]	ParamSetting(('minisat.params', 'ccmin-mode'), '0') | StmtDeletion(('core/Solver.cc.xml', 'stmt', 128))
2023-08-19 21:52:02,040	[INFO]	0-84    COMPILE_CODE_ERROR    None  [2 edit(s)]       
2023-08-19 21:53:10,706	[DEBUG]	ParamSetting(('minisat.params', 'rinc'), 2.8718924466510733) | StmtDeletion(('core/Solver.cc.xml', 'stmt', 209))
2023-08-19 21:53:10,707	[INFO]	0-85    SUCCESS               121247895577 (100.01%) [2 edit(s)] 
2023-08-19 21:54:29,873	[DEBUG]	ParamSetting(('minisat.params', 'R-val'), 2.445830360171149) | ParamSetting(('minisat.params', 'ccmin-mode'), '0') | ParamSetting(('minisat.params', 'rinc'), 5.961683599974068) | ParamSetting(('minisat.params', 'sub-lim'), 0)
2023-08-19 21:54:29,874	[INFO]	0-86    RUN_TIMEOUT           None  [4 edit(s)]       
2023-08-19 21:55:32,277	[DEBUG]	ParamSetting(('minisat.params', 'lbd-cut-max'), 6) | StmtInsertion(('core/Solver.cc.xml', '_inter_block', 528), ('core/Solver.cc.xml', 'stmt', 333))
2023-08-19 21:55:32,278	[INFO]	0-87    SUCCESS               111064444837 (91.61%) [2 edit(s)] 
2023-08-19 21:56:51,480	[DEBUG]	ParamSetting(('minisat.params', 'core-tolerance'), 0.5110312918886459)
2023-08-19 21:56:51,480	[INFO]	0-88    RUN_TIMEOUT           None  [1 edit(s)]       
2023-08-19 21:56:51,888	[DEBUG]	ParamSetting(('minisat.params', 'lbd-cut-max'), 25) | ParamSetting(('minisat.params', 'rnd-init'), 'True') | ParamSetting(('minisat.params', 'verb'), '2') | StmtReplacement(('core/Solver.cc.xml', 'stmt', 405), ('core/Solver.cc.xml', 'stmt', 254))
2023-08-19 21:56:51,888	[INFO]	0-89    COMPILE_CODE_ERROR    None  [4 edit(s)]       
2023-08-19 21:56:55,110	[DEBUG]	ParamSetting(('minisat.params', 'luby'), 1) | ParamSetting(('minisat.params', 'rcheck'), 'True') | StmtReplacement(('core/Solver.cc.xml', 'stmt', 369), ('core/Solver.cc.xml', 'stmt', 333))
2023-08-19 21:56:55,111	[INFO]	0-90    RUN_CODE_ERROR        None  [3 edit(s)]       
2023-08-19 21:58:14,322	[DEBUG]	ParamSetting(('minisat.params', 'lbd-cut'), 10) | ParamSetting(('minisat.params', 'core-tolerance'), 0.23256679763338783) | ParamSetting(('minisat.params', 'K-val'), 0.7569058189392261) | ParamSetting(('minisat.params', 'asymm'), 'True')
2023-08-19 21:58:14,323	[INFO]	0-91    RUN_TIMEOUT           None  [4 edit(s)]       
2023-08-19 21:59:30,500	[DEBUG]	ParamSetting(('minisat.params', 'core-tolerance'), 0.3385647138772908) | ParamSetting(('minisat.params', 'R-val'), 1.3655155259194782) | ParamSetting(('minisat.params', 'rfirst'), 1.8038037650689525) | StmtDeletion(('core/Solver.cc.xml', 'stmt', 441))
2023-08-19 21:59:30,501	[INFO]	0-92    SUCCESS               136595908045 (112.67%) [4 edit(s)] 
2023-08-19 21:59:30,951	[DEBUG]	StmtInsertion(('core/Solver.cc.xml', '_inter_block', 97), ('core/Solver.cc.xml', 'stmt', 158))
2023-08-19 21:59:30,952	[INFO]	0-93    COMPILE_CODE_ERROR    None  [1 edit(s)]       
2023-08-19 22:00:50,116	[DEBUG]	ParamSetting(('minisat.params', 'lbd-cut'), 4) | ParamSetting(('minisat.params', 'core-tolerance'), 0.5196602511614129) | ParamSetting(('minisat.params', 'R-val'), 1.8240093080113624) | ParamSetting(('minisat.params', 'rnd-freq'), 0.6607910569519608) | ParamSetting(('minisat.params', 'pre'), 'False') | ParamSetting(('minisat.params', 'rcheck'), 'True')
2023-08-19 22:00:50,117	[INFO]	0-94    RUN_TIMEOUT           None  [6 edit(s)]       
2023-08-19 22:01:58,003	[DEBUG]	StmtDeletion(('core/Solver.cc.xml', 'stmt', 357))
2023-08-19 22:01:58,004	[INFO]	0-95    SUCCESS               121241621436 (100.01%) [1 edit(s)] 
2023-08-19 22:01:58,446	[DEBUG]	StmtInsertion(('core/Solver.cc.xml', '_inter_block', 43), ('core/Solver.cc.xml', 'stmt', 151))
2023-08-19 22:01:58,447	[INFO]	0-96    COMPILE_CODE_ERROR    None  [1 edit(s)]       
2023-08-19 22:03:17,584	[DEBUG]	ParamSetting(('minisat.params', 'cla-decay'), 0.811064881141829) | ParamSetting(('minisat.params', 'rnd-init'), 'True')
2023-08-19 22:03:17,585	[INFO]	0-97    RUN_TIMEOUT           None  [2 edit(s)]       
2023-08-19 22:03:17,996	[DEBUG]	ParamSetting(('minisat.params', 'cla-decay'), 0.4603871713034081) | ParamSetting(('minisat.params', 'rcheck'), 'True') | ParamSetting(('minisat.params', 'elim'), 'False') | StmtReplacement(('core/Solver.cc.xml', 'stmt', 250), ('core/Solver.cc.xml', 'stmt', 153))
2023-08-19 22:03:17,997	[INFO]	0-98    COMPILE_CODE_ERROR    None  [4 edit(s)]       
2023-08-19 22:04:37,047	[DEBUG]	ParamSetting(('minisat.params', 'core-tolerance'), 0.9311436393229291) | ParamSetting(('minisat.params', 'R-val'), 1.9896316113045196) | ParamSetting(('minisat.params', 'var-decay'), 0.5020265587902918) | ParamSetting(('minisat.params', 'rnd-freq'), 0.031509711035235144) | ParamSetting(('minisat.params', 'rnd-init'), 'True') | StmtInsertion(('core/Solver.cc.xml', '_inter_block', 513), ('core/Solver.cc.xml', 'stmt', 369))
2023-08-19 22:04:37,048	[INFO]	0-99    RUN_TIMEOUT           None  [6 edit(s)]       
2023-08-19 22:05:56,258	[DEBUG]	ParamSetting(('minisat.params', 'elim'), 'False') | ParamSetting(('minisat.params', 'cl-lim'), 0) | StmtInsertion(('core/Solver.cc.xml', '_inter_block', 121), ('core/Solver.cc.xml', 'stmt', 179))
2023-08-19 22:05:56,259	[INFO]	0-100   RUN_TIMEOUT           None  [3 edit(s)]       
2023-08-19 22:06:44,863	[DEBUG]	--- before: minisat.params
+++ after: minisat.params
@@ -1,6 +1,6 @@
 lbd-cut := 5
 lbd-cut-max := 10
-cp-increase := 15000
+cp-increase := 5827
 core-tolerance := 0.02
 R-val := 1.4
 var-decay := 0.8
@@ -17,6 +17,6 @@
 rcheck := 'False'
 elim := 'True'
 grow := 0
-cl-lim := 20
+cl-lim := 863
 sub-lim := 1000
 simp-gc-frac := 0.5

2023-08-19 22:06:44,863	[DEBUG]	ParamSetting(('minisat.params', 'cp-increase'), 5827) | ParamSetting(('minisat.params', 'cl-lim'), 863)
2023-08-19 22:06:44,864	[INFO]	1-1     SUCCESS              *82827234654 (68.32%) [2 edit(s)] 
2023-08-19 22:06:44,870	[DEBUG]	--- before: minisat.params
+++ after: minisat.params
@@ -1,6 +1,6 @@
 lbd-cut := 5
 lbd-cut-max := 10
-cp-increase := 15000
+cp-increase := 5827
 core-tolerance := 0.02
 R-val := 1.4
 var-decay := 0.8
@@ -17,6 +17,6 @@
 rcheck := 'False'
 elim := 'True'
 grow := 0
-cl-lim := 20
+cl-lim := 863
 sub-lim := 1000
 simp-gc-frac := 0.5

2023-08-19 22:07:37,603	[DEBUG]	ParamSetting(('minisat.params', 'cp-increase'), 5490)
2023-08-19 22:07:37,604	[INFO]	1-2     SUCCESS               88584788650 (73.07%) [1 edit(s)] 
2023-08-19 22:08:38,044	[DEBUG]	ParamSetting(('minisat.params', 'lbd-cut-max'), 14) | ParamSetting(('minisat.params', 'R-val'), 1.208741382355605) | ParamSetting(('minisat.params', 'rfirst'), 26.50840036809888) | ParamSetting(('minisat.params', 'rinc'), 3.0675420844840007) | ParamSetting(('minisat.params', 'simp-gc-frac'), 0.7576257985116748) | StmtInsertion(('core/Solver.cc.xml', '_inter_block', 520), ('core/Solver.cc.xml', 'stmt', 433))
2023-08-19 22:08:38,045	[INFO]	1-3     SUCCESS               105027286483 (86.63%) [6 edit(s)] 
2023-08-19 22:09:39,769	[DEBUG]	ParamSetting(('minisat.params', 'lbd-cut-max'), 12) | ParamSetting(('minisat.params', 'R-val'), 1.5478385721165044) | ParamSetting(('minisat.params', 'rfirst'), 81.49386390648246) | ParamSetting(('minisat.params', 'rinc'), 3.098827068866988) | ParamSetting(('minisat.params', 'simp-gc-frac'), 0.6224853832885126)
2023-08-19 22:09:39,769	[INFO]	1-4     SUCCESS               108806492836 (89.75%) [5 edit(s)] 
2023-08-19 22:09:39,783	[DEBUG]	ParamSetting(('minisat.params', 'lbd-cut-max'), 6) | StmtInsertion(('core/Solver.cc.xml', '_inter_block', 528), ('core/Solver.cc.xml', 'stmt', 333))
2023-08-19 22:09:39,783	[INFO]	1-5     SUCCESS               111064444837 (91.61%) [2 edit(s)] 
2023-08-19 22:10:47,661	[DEBUG]	ParamSetting(('minisat.params', 'core-tolerance'), 0.025263283249883917) | ParamSetting(('minisat.params', 'gc-frac'), 0.39910348961089004)
2023-08-19 22:10:47,662	[INFO]	1-6     SUCCESS               121154450470 (99.93%) [2 edit(s)] 
2023-08-19 22:11:55,245	[DEBUG]	ParamSetting(('minisat.params', 'rinc'), 2.0610893691381156) | StmtInsertion(('core/Solver.cc.xml', '_inter_block', 481), ('core/Solver.cc.xml', 'stmt', 174))
2023-08-19 22:11:55,246	[INFO]	1-7     SUCCESS               121251007083 (100.01%) [2 edit(s)] 
2023-08-19 22:13:03,546	[DEBUG]	ParamSetting(('minisat.params', 'lbd-cut-max'), 19)
2023-08-19 22:13:03,547	[INFO]	1-8     SUCCESS               121239977577 (100.0%) [1 edit(s)] 
2023-08-19 22:14:22,597	[DEBUG]	ParamSetting(('minisat.params', 'rnd-init'), 'True') | ParamSetting(('minisat.params', 'rinc'), 2.156529632362258)
2023-08-19 22:14:22,598	[INFO]	1-9     RUN_TIMEOUT           None  [2 edit(s)]       
2023-08-19 22:15:41,811	[DEBUG]	ParamSetting(('minisat.params', 'lbd-cut-max'), 7) | ParamSetting(('minisat.params', 'ccmin-mode'), '1') | ParamSetting(('minisat.params', 'rcheck'), 'True')
2023-08-19 22:15:41,812	[INFO]	1-10    RUN_TIMEOUT           None  [3 edit(s)]       
2023-08-19 22:15:42,240	[DEBUG]	ParamSetting(('minisat.params', 'cp-increase'), 5211) | ParamSetting(('minisat.params', 'var-decay'), 0.9548072332420875) | ParamSetting(('minisat.params', 'rnd-init'), 'True') | ParamSetting(('minisat.params', 'gc-frac'), 0.8174116599161227) | ParamSetting(('minisat.params', 'pre'), 'False') | StmtReplacement(('core/Solver.cc.xml', 'stmt', 166), ('core/Solver.cc.xml', 'stmt', 418))
2023-08-19 22:15:42,240	[INFO]	1-11    COMPILE_CODE_ERROR    None  [6 edit(s)]       
2023-08-19 22:17:01,288	[DEBUG]	ParamSetting(('minisat.params', 'R-val'), 1.118061616174228) | ParamSetting(('minisat.params', 'ccmin-mode'), '0') | ParamSetting(('minisat.params', 'verb'), '0') | ParamSetting(('minisat.params', 'asymm'), 'True') | ParamSetting(('minisat.params', 'grow'), -1210) | ParamSetting(('minisat.params', 'cl-lim'), 0) | ParamSetting(('minisat.params', 'simp-gc-frac'), 0.43366135091644575)
2023-08-19 22:17:01,289	[INFO]	1-12    RUN_TIMEOUT           None  [7 edit(s)]       
2023-08-19 22:17:01,302	[DEBUG]	StmtInsertion(('core/Solver.cc.xml', '_inter_block', 97), ('core/Solver.cc.xml', 'stmt', 158))
2023-08-19 22:17:01,302	[INFO]	1-13    COMPILE_CODE_ERROR    None  [1 edit(s)]       
2023-08-19 22:18:11,847	[DEBUG]	ParamSetting(('minisat.params', 'cp-increase'), 5827) | ParamSetting(('minisat.params', 'cla-decay'), 0.5122141070350347) | ParamSetting(('minisat.params', 'cl-lim'), 863) | StmtReplacement(('core/Solver.cc.xml', 'stmt', 421), ('core/Solver.cc.xml', 'stmt', 234))
2023-08-19 22:18:11,848	[INFO]	1-14    SUCCESS               123751189462 (102.08%) [4 edit(s)] 
2023-08-19 22:18:12,251	[DEBUG]	ParamSetting(('minisat.params', 'cp-increase'), 14744) | ParamSetting(('minisat.params', 'var-decay'), 0.9548072332420875) | ParamSetting(('minisat.params', 'rfirst'), 55.76196347609606) | ParamSetting(('minisat.params', 'gc-frac'), 0.20697719003211557) | StmtReplacement(('core/Solver.cc.xml', 'stmt', 166), ('core/Solver.cc.xml', 'stmt', 418))
2023-08-19 22:18:12,251	[INFO]	1-15    COMPILE_CODE_ERROR    None  [5 edit(s)]       
2023-08-19 22:19:31,227	[DEBUG]	ParamSetting(('minisat.params', 'cp-increase'), 7622) | ParamSetting(('minisat.params', 'core-tolerance'), 0.3385647138772908) | ParamSetting(('minisat.params', 'R-val'), 1.3655155259194782) | ParamSetting(('minisat.params', 'rnd-init'), 'True') | ParamSetting(('minisat.params', 'rfirst'), 6.554573366797372) | ParamSetting(('minisat.params', 'gc-frac'), 0.8062225843039923) | ParamSetting(('minisat.params', 'pre'), 'False') | StmtDeletion(('core/Solver.cc.xml', 'stmt', 441))
2023-08-19 22:19:31,228	[INFO]	1-16    RUN_TIMEOUT           None  [8 edit(s)]       
2023-08-19 22:20:50,251	[DEBUG]	ParamSetting(('minisat.params', 'rnd-freq'), 0.6588626503533472) | ParamSetting(('minisat.params', 'rinc'), 2.688963335542094)
2023-08-19 22:20:50,252	[INFO]	1-17    RUN_TIMEOUT           None  [2 edit(s)]       
2023-08-19 22:20:50,264	[DEBUG]	ParamSetting(('minisat.params', 'cp-increase'), 5490)
2023-08-19 22:20:50,264	[INFO]	1-18    SUCCESS               88584788650 (73.07%) [1 edit(s)] 
2023-08-19 22:20:53,465	[DEBUG]	ParamSetting(('minisat.params', 'K-val'), 0.7926031814140042) | ParamSetting(('minisat.params', 'pre'), 'False') | StmtReplacement(('core/Solver.cc.xml', 'stmt', 317), ('core/Solver.cc.xml', 'stmt', 7))
2023-08-19 22:20:53,466	[INFO]	1-19    RUN_CODE_ERROR        None  [3 edit(s)]       
2023-08-19 22:20:53,477	[DEBUG]	ParamSetting(('minisat.params', 'K-val'), 0.7924160537463167) | ParamSetting(('minisat.params', 'rinc'), 2.0610893691381156) | StmtInsertion(('core/Solver.cc.xml', '_inter_block', 481), ('core/Solver.cc.xml', 'stmt', 174))
2023-08-19 22:20:53,477	[INFO]	1-20    SUCCESS               121251007083 (100.01%) [3 edit(s)] 
2023-08-19 22:20:53,484	[DEBUG]	
2023-08-19 22:20:53,484	[INFO]	1-21    SUCCESS               121234181269 (100.0%) [0 edit(s)] 
2023-08-19 22:20:53,878	[DEBUG]	ParamSetting(('minisat.params', 'cp-increase'), 5303) | ParamSetting(('minisat.params', 'luby'), 1) | StmtReplacement(('core/Solver.cc.xml', 'stmt', 472), ('core/Solver.cc.xml', 'stmt', 209))
2023-08-19 22:20:53,878	[INFO]	1-22    COMPILE_CODE_ERROR    None  [3 edit(s)]       
2023-08-19 22:22:01,648	[DEBUG]	ParamSetting(('minisat.params', 'lbd-cut-max'), 6)
2023-08-19 22:22:01,648	[INFO]	1-23    SUCCESS               121229685178 (100.0%) [1 edit(s)] 
2023-08-19 22:22:02,054	[DEBUG]	ParamSetting(('minisat.params', 'ccmin-mode'), '1') | ParamSetting(('minisat.params', 'grow'), 358) | StmtInsertion(('core/Solver.cc.xml', '_inter_block', 528), ('core/Solver.cc.xml', 'stmt', 333)) | StmtReplacement(('core/Solver.cc.xml', 'stmt', 163), ('core/Solver.cc.xml', 'stmt', 319))
2023-08-19 22:22:02,055	[INFO]	1-24    COMPILE_CODE_ERROR    None  [4 edit(s)]       
2023-08-19 22:22:02,064	[DEBUG]	
2023-08-19 22:22:02,064	[INFO]	1-25    SUCCESS               121234181269 (100.0%) [0 edit(s)] 
2023-08-19 22:22:02,071	[DEBUG]	
2023-08-19 22:22:02,071	[INFO]	1-26    SUCCESS               121234181269 (100.0%) [0 edit(s)] 
2023-08-19 22:22:02,077	[DEBUG]	
2023-08-19 22:22:02,078	[INFO]	1-27    SUCCESS               121234181269 (100.0%) [0 edit(s)] 
2023-08-19 22:23:21,118	[DEBUG]	ParamSetting(('minisat.params', 'lbd-cut-max'), 7) | ParamSetting(('minisat.params', 'var-decay'), 0.546610411028306) | ParamSetting(('minisat.params', 'phase-saving'), '1')
2023-08-19 22:23:21,119	[INFO]	1-28    RUN_TIMEOUT           None  [3 edit(s)]       
2023-08-19 22:24:40,146	[DEBUG]	ParamSetting(('minisat.params', 'lbd-cut'), 6) | ParamSetting(('minisat.params', 'var-decay'), 0.2905036693560778) | ParamSetting(('minisat.params', 'cla-decay'), 0.41888464299540773) | ParamSetting(('minisat.params', 'luby'), 1) | StmtReplacement(('core/Solver.cc.xml', 'stmt', 288), ('core/Solver.cc.xml', 'stmt', 214))
2023-08-19 22:24:40,147	[INFO]	1-29    RUN_TIMEOUT           None  [5 edit(s)]       
2023-08-19 22:25:59,268	[DEBUG]	ParamSetting(('minisat.params', 'lbd-cut'), 7) | ParamSetting(('minisat.params', 'cla-decay'), 0.9433513850975976) | ParamSetting(('minisat.params', 'rnd-freq'), 0.623065502333786) | ParamSetting(('minisat.params', 'verb'), '2')
2023-08-19 22:25:59,269	[INFO]	1-30    RUN_TIMEOUT           None  [4 edit(s)]       
2023-08-19 22:25:59,719	[DEBUG]	ParamSetting(('minisat.params', 'rnd-init'), 'True') | ParamSetting(('minisat.params', 'rinc'), 2.175998158915792) | ParamSetting(('minisat.params', 'asymm'), 'True') | ParamSetting(('minisat.params', 'grow'), -168) | ParamSetting(('minisat.params', 'sub-lim'), 0) | StmtInsertion(('core/Solver.cc.xml', '_inter_block', 248), ('core/Solver.cc.xml', 'stmt', 75))
2023-08-19 22:25:59,719	[INFO]	1-31    COMPILE_CODE_ERROR    None  [6 edit(s)]       
2023-08-19 22:27:19,086	[DEBUG]	ParamSetting(('minisat.params', 'lbd-cut-max'), 17) | ParamSetting(('minisat.params', 'core-tolerance'), 0.17219946770191663) | ParamSetting(('minisat.params', 'luby'), 1) | StmtDeletion(('core/Solver.cc.xml', 'stmt', 284))
2023-08-19 22:27:19,086	[INFO]	1-32    RUN_TIMEOUT           None  [4 edit(s)]       
2023-08-19 22:28:38,300	[DEBUG]	ParamSetting(('minisat.params', 'cla-decay'), 0.3607228800961805) | StmtReplacement(('core/Solver.cc.xml', 'stmt', 207), ('core/Solver.cc.xml', 'stmt', 465))
2023-08-19 22:28:38,301	[INFO]	1-33    RUN_TIMEOUT           None  [2 edit(s)]       
2023-08-19 22:28:38,727	[DEBUG]	ParamSetting(('minisat.params', 'lbd-cut-max'), 23) | ParamSetting(('minisat.params', 'var-decay'), 0.7103735290186821) | ParamSetting(('minisat.params', 'asymm'), 'True') | ParamSetting(('minisat.params', 'rcheck'), 'True') | StmtReplacement(('core/Solver.cc.xml', 'stmt', 388), ('core/Solver.cc.xml', 'stmt', 35))
2023-08-19 22:28:38,728	[INFO]	1-34    COMPILE_CODE_ERROR    None  [5 edit(s)]       
2023-08-19 22:28:38,736	[DEBUG]	ParamSetting(('minisat.params', 'cp-increase'), 5490)
2023-08-19 22:28:38,737	[INFO]	1-35    SUCCESS               88584788650 (73.07%) [1 edit(s)] 
2023-08-19 22:28:39,142	[DEBUG]	ParamSetting(('minisat.params', 'cla-decay'), 0.5384120010868192) | ParamSetting(('minisat.params', 'rnd-init'), 'True') | ParamSetting(('minisat.params', 'luby'), 1) | ParamSetting(('minisat.params', 'pre'), 'False') | StmtInsertion(('core/Solver.cc.xml', '_inter_block', 130), ('core/Solver.cc.xml', 'stmt', 71))
2023-08-19 22:28:39,142	[INFO]	1-36    COMPILE_CODE_ERROR    None  [5 edit(s)]       
2023-08-19 22:28:39,150	[DEBUG]	
2023-08-19 22:28:39,151	[INFO]	1-37    SUCCESS               121234181269 (100.0%) [0 edit(s)] 
2023-08-19 22:28:39,157	[DEBUG]	
2023-08-19 22:28:39,157	[INFO]	1-38    SUCCESS               121234181269 (100.0%) [0 edit(s)] 
2023-08-19 22:29:58,349	[DEBUG]	ParamSetting(('minisat.params', 'cl-lim'), 0) | StmtDeletion(('core/Solver.cc.xml', 'stmt', 104))
2023-08-19 22:29:58,350	[INFO]	1-39    RUN_TIMEOUT           None  [2 edit(s)]       
2023-08-19 22:31:06,142	[DEBUG]	ParamSetting(('minisat.params', 'lbd-cut-max'), 19)
2023-08-19 22:31:06,142	[INFO]	1-40    SUCCESS               121219182184 (99.99%) [1 edit(s)] 
2023-08-19 22:31:06,592	[DEBUG]	ParamSetting(('minisat.params', 'R-val'), 1.3790453606588007) | ParamSetting(('minisat.params', 'luby'), 1) | ParamSetting(('minisat.params', 'rfirst'), 71.31584440273437) | ParamSetting(('minisat.params', 'rinc'), 3.7327764357973727) | ParamSetting(('minisat.params', 'elim'), 'False') | ParamSetting(('minisat.params', 'sub-lim'), 1926) | StmtReplacement(('core/Solver.cc.xml', 'stmt', 75), ('core/Solver.cc.xml', 'stmt', 76))
2023-08-19 22:31:06,592	[INFO]	1-41    COMPILE_CODE_ERROR    None  [7 edit(s)]       
2023-08-19 22:32:12,919	[DEBUG]	ParamSetting(('minisat.params', 'R-val'), 1.3169770671136682) | ParamSetting(('minisat.params', 'rfirst'), 93.30743529123298) | ParamSetting(('minisat.params', 'rinc'), 3.532210842774869) | ParamSetting(('minisat.params', 'simp-gc-frac'), 0.8519659486541388) | StmtInsertion(('core/Solver.cc.xml', '_inter_block', 520), ('core/Solver.cc.xml', 'stmt', 433))
2023-08-19 22:32:12,920	[INFO]	1-42    SUCCESS               116219657182 (95.86%) [5 edit(s)] 
2023-08-19 22:33:32,109	[DEBUG]	ParamSetting(('minisat.params', 'core-tolerance'), 0.33043738945667855) | ParamSetting(('minisat.params', 'R-val'), 1.3655155259194782) | ParamSetting(('minisat.params', 'rfirst'), 1.8038037650689525) | StmtDeletion(('core/Solver.cc.xml', 'stmt', 441))
2023-08-19 22:33:32,109	[INFO]	1-43    RUN_TIMEOUT           None  [4 edit(s)]       
2023-08-19 22:34:45,597	[DEBUG]	ParamSetting(('minisat.params', 'core-tolerance'), 0.06984101092660908) | ParamSetting(('minisat.params', 'R-val'), 1.306502198525365) | ParamSetting(('minisat.params', 'cla-decay'), 0.545475538229443)
2023-08-19 22:34:45,598	[INFO]	1-44    SUCCESS               129395704353 (106.73%) [3 edit(s)] 
2023-08-19 22:36:04,674	[DEBUG]	ParamSetting(('minisat.params', 'luby'), 1) | ParamSetting(('minisat.params', 'rinc'), 2.749469874992444)
2023-08-19 22:36:04,675	[INFO]	1-45    RUN_TIMEOUT           None  [2 edit(s)]       
2023-08-19 22:36:04,684	[DEBUG]	ParamSetting(('minisat.params', 'rinc'), 2.7177491967497343)
2023-08-19 22:36:04,684	[INFO]	1-46    SUCCESS               121234181269 (100.0%) [1 edit(s)] 
2023-08-19 22:37:23,896	[DEBUG]	ParamSetting(('minisat.params', 'rcheck'), 'True')
2023-08-19 22:37:23,897	[INFO]	1-47    RUN_TIMEOUT           None  [1 edit(s)]       
2023-08-19 22:37:24,310	[DEBUG]	ParamSetting(('minisat.params', 'cla-decay'), 0.4603871713034081) | ParamSetting(('minisat.params', 'elim'), 'False') | StmtReplacement(('core/Solver.cc.xml', 'stmt', 250), ('core/Solver.cc.xml', 'stmt', 153))
2023-08-19 22:37:24,311	[INFO]	1-48    COMPILE_CODE_ERROR    None  [3 edit(s)]       
2023-08-19 22:38:25,649	[DEBUG]	ParamSetting(('minisat.params', 'lbd-cut-max'), 19) | ParamSetting(('minisat.params', 'R-val'), 1.5478385721165044) | ParamSetting(('minisat.params', 'rfirst'), 1.1602311947849426)
2023-08-19 22:38:25,650	[INFO]	1-49    SUCCESS               108869205718 (89.8%) [3 edit(s)] 
2023-08-19 22:39:44,040	[DEBUG]	ParamSetting(('minisat.params', 'elim'), 'False') | StmtReplacement(('core/Solver.cc.xml', 'stmt', 360), ('core/Solver.cc.xml', 'stmt', 21))
2023-08-19 22:39:44,043	[INFO]	1-50    SUCCESS               138642305478 (114.36%) [2 edit(s)] 
2023-08-19 22:41:03,758	[DEBUG]	ParamSetting(('minisat.params', 'core-tolerance'), 0.021618917399801957) | ParamSetting(('minisat.params', 'cla-decay'), 0.39536103794808763) | ParamSetting(('minisat.params', 'gc-frac'), 0.7349077227325187)
2023-08-19 22:41:03,766	[INFO]	1-51    RUN_TIMEOUT           None  [3 edit(s)]       
2023-08-19 22:42:12,032	[DEBUG]	ParamSetting(('minisat.params', 'core-tolerance'), 0.02204647823747694) | ParamSetting(('minisat.params', 'gc-frac'), 0.3102705673116825)
2023-08-19 22:42:12,039	[INFO]	1-52    SUCCESS               121260354354 (100.02%) [2 edit(s)] 
2023-08-19 22:42:12,051	[DEBUG]	
2023-08-19 22:42:12,051	[INFO]	1-53    SUCCESS               121234181269 (100.0%) [0 edit(s)] 
2023-08-19 22:43:21,840	[DEBUG]	ParamSetting(('minisat.params', 'lbd-cut-max'), 30) | ParamSetting(('minisat.params', 'gc-frac'), 0.16741882338994016)
2023-08-19 22:43:21,844	[INFO]	1-54    SUCCESS               121228640815 (100.0%) [2 edit(s)] 
2023-08-19 22:44:34,629	[DEBUG]	ParamSetting(('minisat.params', 'lbd-cut-max'), 19) | ParamSetting(('minisat.params', 'var-decay'), 0.8041302907122807) | ParamSetting(('minisat.params', 'gc-frac'), 0.45049099785632796)
2023-08-19 22:44:34,637	[INFO]	1-55    SUCCESS               127815734052 (105.43%) [3 edit(s)] 
2023-08-19 22:44:34,657	[DEBUG]	ParamSetting(('minisat.params', 'cp-increase'), 5490)
2023-08-19 22:44:34,658	[INFO]	1-56    SUCCESS               88584788650 (73.07%) [1 edit(s)] 
2023-08-19 22:45:43,271	[DEBUG]	ParamSetting(('minisat.params', 'core-tolerance'), 0.025263283249883917) | ParamSetting(('minisat.params', 'gc-frac'), 0.39910348961089004)
2023-08-19 22:45:43,283	[INFO]	1-57    SUCCESS               121162338625 (99.94%) [2 edit(s)] 
2023-08-19 22:46:52,590	[DEBUG]	ParamSetting(('minisat.params', 'simp-gc-frac'), 0.8044141136074093)
2023-08-19 22:46:52,598	[INFO]	1-58    SUCCESS               121215964817 (99.98%) [1 edit(s)] 
2023-08-19 22:46:52,608	[DEBUG]	
2023-08-19 22:46:52,608	[INFO]	1-59    SUCCESS               121234181269 (100.0%) [0 edit(s)] 
2023-08-19 22:48:12,806	[DEBUG]	ParamSetting(('minisat.params', 'R-val'), 1.2551293029355592) | ParamSetting(('minisat.params', 'rnd-freq'), 0.48880041430754784) | ParamSetting(('minisat.params', 'rnd-init'), 'True') | ParamSetting(('minisat.params', 'rfirst'), 1.2757251318623706) | ParamSetting(('minisat.params', 'rinc'), 3.532210842774869) | ParamSetting(('minisat.params', 'grow'), 341) | ParamSetting(('minisat.params', 'simp-gc-frac'), 0.8519659486541388) | StmtInsertion(('core/Solver.cc.xml', '_inter_block', 520), ('core/Solver.cc.xml', 'stmt', 433))
2023-08-19 22:48:12,812	[INFO]	1-60    RUN_TIMEOUT           None  [8 edit(s)]       
2023-08-19 22:48:12,825	[DEBUG]	ParamSetting(('minisat.params', 'lbd-cut-max'), 19) | ParamSetting(('minisat.params', 'R-val'), 1.5478385721165044) | ParamSetting(('minisat.params', 'rfirst'), 1.1602311947849426)
2023-08-19 22:48:12,825	[INFO]	1-61    SUCCESS               108869205718 (89.8%) [3 edit(s)] 
2023-08-19 22:48:13,758	[DEBUG]	ParamSetting(('minisat.params', 'core-tolerance'), 0.32575043496019807) | ParamSetting(('minisat.params', 'rnd-freq'), 0.5324034232798596) | StmtInsertion(('core/Solver.cc.xml', '_inter_block', 114), ('core/Solver.cc.xml', 'stmt', 319))
2023-08-19 22:48:13,759	[INFO]	1-62    COMPILE_CODE_ERROR    None  [3 edit(s)]       
2023-08-19 22:49:33,223	[DEBUG]	ParamSetting(('minisat.params', 'lbd-cut-max'), 19) | ParamSetting(('minisat.params', 'core-tolerance'), 0.11556517825141277) | ParamSetting(('minisat.params', 'K-val'), 0.780432844894784) | ParamSetting(('minisat.params', 'R-val'), 1.5478385721165044) | ParamSetting(('minisat.params', 'rfirst'), 1.1602311947849426)
2023-08-19 22:49:33,230	[INFO]	1-63    RUN_TIMEOUT           None  [5 edit(s)]       
2023-08-19 22:50:53,323	[DEBUG]	ParamSetting(('minisat.params', 'lbd-cut'), 10) | ParamSetting(('minisat.params', 'core-tolerance'), 0.22312806409680097) | ParamSetting(('minisat.params', 'K-val'), 0.7969694608474988) | ParamSetting(('minisat.params', 'asymm'), 'True')
2023-08-19 22:50:53,334	[INFO]	1-64    RUN_TIMEOUT           None  [4 edit(s)]       
2023-08-19 22:50:57,524	[DEBUG]	ParamSetting(('minisat.params', 'lbd-cut'), 7) | ParamSetting(('minisat.params', 'rnd-init'), 'True') | ParamSetting(('minisat.params', 'verb'), '0') | StmtReplacement(('core/Solver.cc.xml', 'stmt', 69), ('core/Solver.cc.xml', 'stmt', 398))
2023-08-19 22:50:57,539	[INFO]	1-65    RUN_CODE_ERROR        None  [4 edit(s)]       
2023-08-19 22:52:06,786	[DEBUG]	ParamSetting(('minisat.params', 'rinc'), 2.0610893691381156) | StmtInsertion(('core/Solver.cc.xml', '_inter_block', 481), ('core/Solver.cc.xml', 'stmt', 174))
2023-08-19 22:52:06,793	[INFO]	1-66    SUCCESS               121246434142 (100.01%) [2 edit(s)] 
2023-08-19 22:52:07,816	[DEBUG]	StmtInsertion(('core/Solver.cc.xml', '_inter_block', 97), ('core/Solver.cc.xml', 'stmt', 158))
2023-08-19 22:52:07,816	[INFO]	1-67    COMPILE_CODE_ERROR    None  [1 edit(s)]       
2023-08-19 22:53:27,717	[DEBUG]	ParamSetting(('minisat.params', 'lbd-cut'), 7) | ParamSetting(('minisat.params', 'cp-increase'), 5261) | ParamSetting(('minisat.params', 'core-tolerance'), 0.5644325922957396) | ParamSetting(('minisat.params', 'rnd-init'), 'True') | ParamSetting(('minisat.params', 'gc-frac'), 0.6775110005308634) | ParamSetting(('minisat.params', 'verb'), '0') | ParamSetting(('minisat.params', 'cl-lim'), 0) | ParamSetting(('minisat.params', 'sub-lim'), 0) | StmtReplacement(('core/Solver.cc.xml', 'stmt', 69), ('core/Solver.cc.xml', 'stmt', 398))
2023-08-19 22:53:27,730	[INFO]	1-68    RUN_TIMEOUT           None  [9 edit(s)]       
2023-08-19 22:54:47,992	[DEBUG]	ParamSetting(('minisat.params', 'lbd-cut-max'), 19) | ParamSetting(('minisat.params', 'R-val'), 1.4778074226976363) | ParamSetting(('minisat.params', 'rfirst'), 1.1602311947849426) | ParamSetting(('minisat.params', 'verb'), '2') | StmtDeletion(('core/Solver.cc.xml', 'stmt', 307))
2023-08-19 22:54:47,998	[INFO]	1-69    RUN_TIMEOUT           None  [5 edit(s)]       
2023-08-19 22:55:51,708	[DEBUG]	ParamSetting(('minisat.params', 'R-val'), 1.401299154542267)
2023-08-19 22:55:51,718	[INFO]	1-70    SUCCESS               110541827358 (91.18%) [1 edit(s)] 
2023-08-19 22:55:52,803	[DEBUG]	StmtInsertion(('core/Solver.cc.xml', '_inter_block', 43), ('core/Solver.cc.xml', 'stmt', 151))
2023-08-19 22:55:52,803	[INFO]	1-71    COMPILE_CODE_ERROR    None  [1 edit(s)]       
2023-08-19 22:55:53,436	[DEBUG]	ParamSetting(('minisat.params', 'lbd-cut-max'), 6) | ParamSetting(('minisat.params', 'ccmin-mode'), '0') | ParamSetting(('minisat.params', 'rcheck'), 'True') | ParamSetting(('minisat.params', 'cl-lim'), 101) | StmtInsertion(('core/Solver.cc.xml', '_inter_block', 528), ('core/Solver.cc.xml', 'stmt', 333)) | StmtReplacement(('core/Solver.cc.xml', 'stmt', 405), ('core/Solver.cc.xml', 'stmt', 231))
2023-08-19 22:55:53,437	[INFO]	1-72    COMPILE_CODE_ERROR    None  [6 edit(s)]       
2023-08-19 22:55:54,063	[DEBUG]	ParamSetting(('minisat.params', 'var-decay'), 0.5383638811819561) | StmtInsertion(('core/Solver.cc.xml', '_inter_block', 130), ('core/Solver.cc.xml', 'stmt', 71))
2023-08-19 22:55:54,063	[INFO]	1-73    COMPILE_CODE_ERROR    None  [2 edit(s)]       
2023-08-19 22:57:13,826	[DEBUG]	ParamSetting(('minisat.params', 'K-val'), 0.5631771704143487) | ParamSetting(('minisat.params', 'var-decay'), 0.5570644825327156) | ParamSetting(('minisat.params', 'rnd-freq'), 0.017854529629241944) | ParamSetting(('minisat.params', 'cl-lim'), 573) | ParamSetting(('minisat.params', 'sub-lim'), 135) | ParamSetting(('minisat.params', 'simp-gc-frac'), 0.519637348376037)
2023-08-19 22:57:13,830	[INFO]	1-74    RUN_TIMEOUT           None  [6 edit(s)]       
2023-08-19 22:58:34,074	[DEBUG]	ParamSetting(('minisat.params', 'cp-increase'), 8078) | ParamSetting(('minisat.params', 'asymm'), 'True')
2023-08-19 22:58:34,079	[INFO]	1-75    RUN_TIMEOUT           None  [2 edit(s)]       
2023-08-19 22:58:35,044	[DEBUG]	ParamSetting(('minisat.params', 'cp-increase'), 8724) | StmtInsertion(('core/Solver.cc.xml', '_inter_block', 369), ('core/Solver.cc.xml', 'stmt', 277))
2023-08-19 22:58:35,045	[INFO]	1-76    COMPILE_CODE_ERROR    None  [2 edit(s)]       
2023-08-19 22:59:43,714	[DEBUG]	ParamSetting(('minisat.params', 'lbd-cut-max'), 30) | ParamSetting(('minisat.params', 'rfirst'), 1.3177369597514048) | ParamSetting(('minisat.params', 'gc-frac'), 0.16741882338994016)
2023-08-19 22:59:43,725	[INFO]	1-77    SUCCESS               121285683209 (100.04%) [3 edit(s)] 
2023-08-19 22:59:44,687	[DEBUG]	ParamSetting(('minisat.params', 'asymm'), 'True') | StmtInsertion(('core/Solver.cc.xml', '_inter_block', 369), ('core/Solver.cc.xml', 'stmt', 277))
2023-08-19 22:59:44,688	[INFO]	1-78    COMPILE_CODE_ERROR    None  [2 edit(s)]       
2023-08-19 22:59:44,696	[DEBUG]	
2023-08-19 22:59:44,696	[INFO]	1-79    SUCCESS               121234181269 (100.0%) [0 edit(s)] 
2023-08-19 22:59:44,704	[DEBUG]	
2023-08-19 22:59:44,704	[INFO]	1-80    SUCCESS               121234181269 (100.0%) [0 edit(s)] 
2023-08-19 22:59:48,418	[DEBUG]	ParamSetting(('minisat.params', 'phase-saving'), '0') | ParamSetting(('minisat.params', 'luby'), 1) | ParamSetting(('minisat.params', 'verb'), '0') | ParamSetting(('minisat.params', 'sub-lim'), 96) | StmtInsertion(('core/Solver.cc.xml', '_inter_block', 216), ('core/Solver.cc.xml', 'stmt', 285))
2023-08-19 22:59:48,424	[INFO]	1-81    RUN_CODE_ERROR        None  [5 edit(s)]       
2023-08-19 22:59:49,053	[DEBUG]	ParamSetting(('minisat.params', 'core-tolerance'), 0.025263283249883917) | ParamSetting(('minisat.params', 'K-val'), 0.5289315670531876) | ParamSetting(('minisat.params', 'gc-frac'), 0.39910348961089004) | ParamSetting(('minisat.params', 'grow'), 15) | ParamSetting(('minisat.params', 'cl-lim'), 0) | StmtDeletion(('core/Solver.cc.xml', 'stmt', 426))
2023-08-19 22:59:49,053	[INFO]	1-82    COMPILE_CODE_ERROR    None  [6 edit(s)]       
2023-08-19 22:59:49,062	[DEBUG]	ParamSetting(('minisat.params', 'lbd-cut-max'), 19) | ParamSetting(('minisat.params', 'R-val'), 1.5478385721165044) | ParamSetting(('minisat.params', 'rfirst'), 1.1602311947849426)
2023-08-19 22:59:49,062	[INFO]	1-83    SUCCESS               108869205718 (89.8%) [3 edit(s)] 
2023-08-19 23:01:07,682	[DEBUG]	ParamSetting(('minisat.params', 'lbd-cut'), 4) | ParamSetting(('minisat.params', 'R-val'), 1.3567470300458906) | ParamSetting(('minisat.params', 'rnd-init'), 'True') | ParamSetting(('minisat.params', 'elim'), 'False') | StmtInsertion(('core/Solver.cc.xml', '_inter_block', 393), ('core/Solver.cc.xml', 'stmt', 291))
2023-08-19 23:01:07,687	[INFO]	1-84    SUCCESS               137180103228 (113.15%) [5 edit(s)] 
2023-08-19 23:02:27,868	[DEBUG]	ParamSetting(('minisat.params', 'R-val'), 1.118061616174228) | ParamSetting(('minisat.params', 'ccmin-mode'), '0') | ParamSetting(('minisat.params', 'verb'), '0') | ParamSetting(('minisat.params', 'grow'), -1210) | ParamSetting(('minisat.params', 'cl-lim'), 0) | ParamSetting(('minisat.params', 'simp-gc-frac'), 0.43366135091644575)
2023-08-19 23:02:27,876	[INFO]	1-85    RUN_TIMEOUT           None  [6 edit(s)]       
2023-08-19 23:02:27,886	[DEBUG]	
2023-08-19 23:02:27,886	[INFO]	1-86    SUCCESS               121234181269 (100.0%) [0 edit(s)] 
2023-08-19 23:03:44,627	[DEBUG]	ParamSetting(('minisat.params', 'core-tolerance'), 0.025263283249883917) | ParamSetting(('minisat.params', 'R-val'), 1.3315556504648662) | ParamSetting(('minisat.params', 'gc-frac'), 0.39910348961089004) | ParamSetting(('minisat.params', 'simp-gc-frac'), 0.7596520039297218) | StmtInsertion(('core/Solver.cc.xml', '_inter_block', 520), ('core/Solver.cc.xml', 'stmt', 433))
2023-08-19 23:03:44,632	[INFO]	1-87    SUCCESS               135285689431 (111.59%) [5 edit(s)] 
2023-08-19 23:04:48,104	[DEBUG]	ParamSetting(('minisat.params', 'R-val'), 1.3842578164414958) | ParamSetting(('minisat.params', 'rinc'), 3.532210842774869) | ParamSetting(('minisat.params', 'simp-gc-frac'), 0.7644999649625641)
2023-08-19 23:04:48,108	[INFO]	1-88    SUCCESS               107832987068 (88.95%) [3 edit(s)] 
2023-08-19 23:05:56,932	[DEBUG]	ParamSetting(('minisat.params', 'lbd-cut-max'), 29) | ParamSetting(('minisat.params', 'gc-frac'), 0.4323720275638241)
2023-08-19 23:05:56,936	[INFO]	1-89    SUCCESS               121156895429 (99.94%) [2 edit(s)] 
2023-08-19 23:05:57,995	[DEBUG]	ParamSetting(('minisat.params', 'lbd-cut-max'), 19) | StmtReplacement(('core/Solver.cc.xml', 'stmt', 414), ('core/Solver.cc.xml', 'stmt', 454))
2023-08-19 23:05:57,995	[INFO]	1-90    COMPILE_CODE_ERROR    None  [2 edit(s)]       
2023-08-19 23:07:17,561	[DEBUG]	ParamSetting(('minisat.params', 'lbd-cut'), 7) | ParamSetting(('minisat.params', 'var-decay'), 0.2905036693560778) | ParamSetting(('minisat.params', 'luby'), 1) | ParamSetting(('minisat.params', 'verb'), '2')
2023-08-19 23:07:17,569	[INFO]	1-91    RUN_TIMEOUT           None  [4 edit(s)]       
2023-08-19 23:07:17,581	[DEBUG]	ParamSetting(('minisat.params', 'lbd-cut-max'), 19) | ParamSetting(('minisat.params', 'R-val'), 1.5478385721165044) | ParamSetting(('minisat.params', 'rfirst'), 1.1602311947849426)
2023-08-19 23:07:17,582	[INFO]	1-92    SUCCESS               108869205718 (89.8%) [3 edit(s)] 
2023-08-19 23:08:26,106	[DEBUG]	StmtDeletion(('core/Solver.cc.xml', 'stmt', 357))
2023-08-19 23:08:26,112	[INFO]	1-93    SUCCESS               121216435739 (99.99%) [1 edit(s)] 
2023-08-19 23:08:26,120	[DEBUG]	
2023-08-19 23:08:26,120	[INFO]	1-94    SUCCESS               121234181269 (100.0%) [0 edit(s)] 
2023-08-19 23:09:39,068	[DEBUG]	ParamSetting(('minisat.params', 'cp-increase'), 5490) | ParamSetting(('minisat.params', 'phase-saving'), '0') | ParamSetting(('minisat.params', 'rinc'), 2.4951044532387594)
2023-08-19 23:09:39,077	[INFO]	1-95    SUCCESS               123406124859 (101.79%) [3 edit(s)] 
2023-08-19 23:10:59,584	[DEBUG]	ParamSetting(('minisat.params', 'rnd-freq'), 0.7622799201951256) | ParamSetting(('minisat.params', 'rinc'), 2.4199068202579697)
2023-08-19 23:10:59,591	[INFO]	1-96    RUN_TIMEOUT           None  [2 edit(s)]       
2023-08-19 23:10:59,602	[DEBUG]	
2023-08-19 23:10:59,603	[INFO]	1-97    SUCCESS               121234181269 (100.0%) [0 edit(s)] 
2023-08-19 23:10:59,613	[DEBUG]	
2023-08-19 23:10:59,613	[INFO]	1-98    SUCCESS               121234181269 (100.0%) [0 edit(s)] 
2023-08-19 23:12:20,130	[DEBUG]	ParamSetting(('minisat.params', 'core-tolerance'), 0.3385647138772908) | ParamSetting(('minisat.params', 'R-val'), 1.3655155259194782) | ParamSetting(('minisat.params', 'rfirst'), 1.8038037650689525) | StmtDeletion(('core/Solver.cc.xml', 'stmt', 441))
2023-08-19 23:12:20,136	[INFO]	1-99    RUN_TIMEOUT           None  [4 edit(s)]       
2023-08-19 23:12:20,148	[DEBUG]	ParamSetting(('minisat.params', 'lbd-cut'), 4) | ParamSetting(('minisat.params', 'R-val'), 1.3567470300458906) | ParamSetting(('minisat.params', 'rnd-init'), 'True') | ParamSetting(('minisat.params', 'elim'), 'False') | StmtInsertion(('core/Solver.cc.xml', '_inter_block', 393), ('core/Solver.cc.xml', 'stmt', 291))
2023-08-19 23:12:20,148	[INFO]	1-100   SUCCESS               137180103228 (113.15%) [5 edit(s)] 
2023-08-19 23:13:36,789	[DEBUG]	--- before: minisat.params
+++ after: minisat.params
@@ -1,6 +1,6 @@
 lbd-cut := 5
 lbd-cut-max := 10
-cp-increase := 15000
+cp-increase := 5827
 core-tolerance := 0.02
 R-val := 1.4
 var-decay := 0.8
@@ -11,12 +11,12 @@
 rnd-init := 'False'
 luby := 0
 gc-frac := 0.2
-verb := '1'
+verb := '0'
 pre := 'True'
 asymm := 'False'
 rcheck := 'False'
-elim := 'True'
+elim := 'False'
 grow := 0
-cl-lim := 20
+cl-lim := 863
 sub-lim := 1000
 simp-gc-frac := 0.5

2023-08-19 23:13:36,800	[DEBUG]	ParamSetting(('minisat.params', 'cp-increase'), 5827) | ParamSetting(('minisat.params', 'rfirst'), 1.4640531805704164) | ParamSetting(('minisat.params', 'verb'), '0') | ParamSetting(('minisat.params', 'elim'), 'False') | ParamSetting(('minisat.params', 'cl-lim'), 863)
2023-08-19 23:13:36,800	[INFO]	2-1     SUCCESS              +128646867448 (106.11%) [5 edit(s)] 
2023-08-19 23:13:36,807	[DEBUG]	--- before: minisat.params
+++ after: minisat.params
@@ -1,6 +1,6 @@
 lbd-cut := 5
 lbd-cut-max := 10
-cp-increase := 15000
+cp-increase := 5827
 core-tolerance := 0.02
 R-val := 1.4
 var-decay := 0.8
@@ -11,12 +11,12 @@
 rnd-init := 'False'
 luby := 0
 gc-frac := 0.2
-verb := '1'
+verb := '0'
 pre := 'True'
 asymm := 'False'
 rcheck := 'False'
-elim := 'True'
+elim := 'False'
 grow := 0
-cl-lim := 20
+cl-lim := 863
 sub-lim := 1000
 simp-gc-frac := 0.5

2023-08-19 23:13:36,820	[DEBUG]	--- before: minisat.params
+++ after: minisat.params
@@ -1,6 +1,6 @@
 lbd-cut := 5
 lbd-cut-max := 10
-cp-increase := 15000
+cp-increase := 5490
 core-tolerance := 0.02
 R-val := 1.4
 var-decay := 0.8

2023-08-19 23:13:36,820	[DEBUG]	ParamSetting(('minisat.params', 'cp-increase'), 5490)
2023-08-19 23:13:36,820	[INFO]	2-2     SUCCESS              +88584788650 (73.07%) [1 edit(s)] 
2023-08-19 23:13:36,827	[DEBUG]	--- before: minisat.params
+++ after: minisat.params
@@ -1,6 +1,6 @@
 lbd-cut := 5
 lbd-cut-max := 10
-cp-increase := 15000
+cp-increase := 5490
 core-tolerance := 0.02
 R-val := 1.4
 var-decay := 0.8

2023-08-19 23:13:36,834	[DEBUG]	ParamSetting(('minisat.params', 'cp-increase'), 5490)
2023-08-19 23:13:36,834	[INFO]	2-3     SUCCESS               88584788650 (73.07%) [1 edit(s)] 
2023-08-19 23:13:36,844	[DEBUG]	ParamSetting(('minisat.params', 'cp-increase'), 5490)
2023-08-19 23:13:36,845	[INFO]	2-4     SUCCESS               88584788650 (73.07%) [1 edit(s)] 
2023-08-19 23:14:57,050	[DEBUG]	ParamSetting(('minisat.params', 'cp-increase'), 10086) | ParamSetting(('minisat.params', 'var-decay'), 0.48049019322762543) | ParamSetting(('minisat.params', 'cla-decay'), 0.929429939641686) | ParamSetting(('minisat.params', 'rfirst'), 2.1150145875097515) | ParamSetting(('minisat.params', 'rinc'), 2.043231966497202) | ParamSetting(('minisat.params', 'simp-gc-frac'), 0.6994142301986426)
2023-08-19 23:14:57,054	[INFO]	2-5     RUN_TIMEOUT           None  [6 edit(s)]       
2023-08-19 23:16:01,974	[DEBUG]	ParamSetting(('minisat.params', 'lbd-cut-max'), 14) | ParamSetting(('minisat.params', 'cp-increase'), 12628) | ParamSetting(('minisat.params', 'R-val'), 1.208741382355605) | ParamSetting(('minisat.params', 'rfirst'), 26.50840036809888) | ParamSetting(('minisat.params', 'rinc'), 2.283106146238307) | ParamSetting(('minisat.params', 'simp-gc-frac'), 0.699147916786425) | StmtInsertion(('core/Solver.cc.xml', '_inter_block', 520), ('core/Solver.cc.xml', 'stmt', 433))
2023-08-19 23:16:01,986	[INFO]	2-6     SUCCESS               111484755737 (91.96%) [7 edit(s)] 
2023-08-19 23:17:12,568	[DEBUG]	ParamSetting(('minisat.params', 'lbd-cut-max'), 12) | ParamSetting(('minisat.params', 'R-val'), 1.4453388975426849) | ParamSetting(('minisat.params', 'rfirst'), 88.02532970163179) | ParamSetting(('minisat.params', 'rinc'), 3.532210842774869) | ParamSetting(('minisat.params', 'simp-gc-frac'), 0.7644999649625641)
2023-08-19 23:17:12,575	[INFO]	2-7     SUCCESS               126497197889 (104.34%) [5 edit(s)] 
2023-08-19 23:18:32,781	[DEBUG]	ParamSetting(('minisat.params', 'R-val'), 1.024278486133421) | ParamSetting(('minisat.params', 'cla-decay'), 0.40368599375315983) | ParamSetting(('minisat.params', 'rnd-init'), 'True') | ParamSetting(('minisat.params', 'rfirst'), 84.11396763345712) | ParamSetting(('minisat.params', 'rinc'), 3.098827068866988) | ParamSetting(('minisat.params', 'simp-gc-frac'), 0.6224853832885126) | StmtDeletion(('core/Solver.cc.xml', 'stmt', 143))
2023-08-19 23:18:32,790	[INFO]	2-8     RUN_TIMEOUT           None  [7 edit(s)]       
2023-08-19 23:18:32,800	[DEBUG]	ParamSetting(('minisat.params', 'lbd-cut-max'), 19) | ParamSetting(('minisat.params', 'R-val'), 1.5478385721165044) | ParamSetting(('minisat.params', 'rfirst'), 1.1602311947849426)
2023-08-19 23:18:32,800	[INFO]	2-9     SUCCESS               108869205718 (89.8%) [3 edit(s)] 
2023-08-19 23:18:32,807	[DEBUG]	ParamSetting(('minisat.params', 'lbd-cut-max'), 19) | ParamSetting(('minisat.params', 'R-val'), 1.5478385721165044) | ParamSetting(('minisat.params', 'rfirst'), 1.1602311947849426)
2023-08-19 23:18:32,807	[INFO]	2-10    SUCCESS               108869205718 (89.8%) [3 edit(s)] 
2023-08-19 23:18:32,814	[DEBUG]	ParamSetting(('minisat.params', 'cp-increase'), 5490)
2023-08-19 23:18:32,814	[INFO]	2-11    SUCCESS               88584788650 (73.07%) [1 edit(s)] 
2023-08-19 23:18:32,821	[DEBUG]	ParamSetting(('minisat.params', 'lbd-cut-max'), 30) | ParamSetting(('minisat.params', 'gc-frac'), 0.16741882338994016)
2023-08-19 23:18:32,821	[INFO]	2-12    SUCCESS               121285683209 (100.04%) [2 edit(s)] 
2023-08-19 23:18:32,828	[DEBUG]	ParamSetting(('minisat.params', 'R-val'), 1.401299154542267)
2023-08-19 23:18:32,828	[INFO]	2-13    SUCCESS               110541827358 (91.18%) [1 edit(s)] 
2023-08-19 23:18:32,836	[DEBUG]	ParamSetting(('minisat.params', 'lbd-cut-max'), 19) | ParamSetting(('minisat.params', 'R-val'), 1.4778074226976363) | ParamSetting(('minisat.params', 'rfirst'), 1.1602311947849426) | ParamSetting(('minisat.params', 'verb'), '2') | StmtDeletion(('core/Solver.cc.xml', 'stmt', 307))
2023-08-19 23:18:32,836	[INFO]	2-14    RUN_TIMEOUT           None  [5 edit(s)]       
2023-08-19 23:19:35,264	[DEBUG]	ParamSetting(('minisat.params', 'R-val'), 1.3842578164414958) | ParamSetting(('minisat.params', 'rinc'), 3.532210842774869) | ParamSetting(('minisat.params', 'simp-gc-frac'), 0.7609308465729251) | StmtInsertion(('core/Solver.cc.xml', '_inter_block', 520), ('core/Solver.cc.xml', 'stmt', 433))
2023-08-19 23:19:35,269	[INFO]	2-15    SUCCESS               107826487827 (88.94%) [4 edit(s)] 
2023-08-19 23:20:34,807	[DEBUG]	ParamSetting(('minisat.params', 'lbd-cut-max'), 14) | ParamSetting(('minisat.params', 'R-val'), 1.208741382355605) | ParamSetting(('minisat.params', 'rfirst'), 26.50840036809888) | ParamSetting(('minisat.params', 'rinc'), 3.0675420844840007) | ParamSetting(('minisat.params', 'simp-gc-frac'), 0.7629085322251526)
2023-08-19 23:20:34,815	[INFO]	2-16    SUCCESS               105113871657 (86.7%) [5 edit(s)] 
2023-08-19 23:21:54,668	[DEBUG]	ParamSetting(('minisat.params', 'lbd-cut'), 6) | ParamSetting(('minisat.params', 'var-decay'), 0.2905036693560778) | ParamSetting(('minisat.params', 'cla-decay'), 0.41888464299540773) | ParamSetting(('minisat.params', 'luby'), 1) | StmtReplacement(('core/Solver.cc.xml', 'stmt', 288), ('core/Solver.cc.xml', 'stmt', 214))
2023-08-19 23:21:54,677	[INFO]	2-17    RUN_TIMEOUT           None  [5 edit(s)]       
2023-08-19 23:21:55,564	[DEBUG]	ParamSetting(('minisat.params', 'cp-increase'), 5211) | ParamSetting(('minisat.params', 'var-decay'), 0.9548072332420875) | ParamSetting(('minisat.params', 'rnd-init'), 'True') | ParamSetting(('minisat.params', 'gc-frac'), 0.8174116599161227) | ParamSetting(('minisat.params', 'pre'), 'False') | StmtReplacement(('core/Solver.cc.xml', 'stmt', 166), ('core/Solver.cc.xml', 'stmt', 418))
2023-08-19 23:21:55,565	[INFO]	2-18    COMPILE_CODE_ERROR    None  [6 edit(s)]       
2023-08-19 23:21:56,240	[DEBUG]	ParamSetting(('minisat.params', 'lbd-cut'), 4) | ParamSetting(('minisat.params', 'cp-increase'), 11990) | ParamSetting(('minisat.params', 'K-val'), 0.9834499344199134) | ParamSetting(('minisat.params', 'R-val'), 1.3567470300458906) | ParamSetting(('minisat.params', 'cla-decay'), 0.5071735533462471) | ParamSetting(('minisat.params', 'elim'), 'False') | StmtInsertion(('core/Solver.cc.xml', '_inter_block', 409), ('core/Solver.cc.xml', 'stmt', 285))
2023-08-19 23:21:56,240	[INFO]	2-19    COMPILE_CODE_ERROR    None  [7 edit(s)]       
2023-08-19 23:23:16,063	[DEBUG]	ParamSetting(('minisat.params', 'cp-increase'), 10397) | ParamSetting(('minisat.params', 'rnd-init'), 'True') | StmtInsertion(('core/Solver.cc.xml', '_inter_block', 393), ('core/Solver.cc.xml', 'stmt', 291))
2023-08-19 23:23:16,065	[INFO]	2-20    RUN_TIMEOUT           None  [3 edit(s)]       
2023-08-19 23:24:36,525	[DEBUG]	ParamSetting(('minisat.params', 'lbd-cut-max'), 9) | ParamSetting(('minisat.params', 'R-val'), 1.5478385721165044) | ParamSetting(('minisat.params', 'ccmin-mode'), '1') | ParamSetting(('minisat.params', 'rfirst'), 99.01697263571525) | ParamSetting(('minisat.params', 'rinc'), 3.098827068866988) | ParamSetting(('minisat.params', 'rcheck'), 'True') | ParamSetting(('minisat.params', 'simp-gc-frac'), 0.6224853832885126)
2023-08-19 23:24:36,535	[INFO]	2-21    RUN_TIMEOUT           None  [7 edit(s)]       
2023-08-19 23:25:45,350	[DEBUG]	ParamSetting(('minisat.params', 'lbd-cut-max'), 12) | ParamSetting(('minisat.params', 'rfirst'), 85.15019139354746)
2023-08-19 23:25:45,355	[INFO]	2-22    SUCCESS               121240019035 (100.0%) [2 edit(s)] 
2023-08-19 23:26:53,008	[DEBUG]	ParamSetting(('minisat.params', 'lbd-cut-max'), 22) | ParamSetting(('minisat.params', 'gc-frac'), 0.4323720275638241)
2023-08-19 23:26:53,012	[INFO]	2-23    SUCCESS               121182559992 (99.96%) [2 edit(s)] 
2023-08-19 23:26:54,032	[DEBUG]	ParamSetting(('minisat.params', 'lbd-cut-max'), 14) | ParamSetting(('minisat.params', 'cp-increase'), 5490) | ParamSetting(('minisat.params', 'var-decay'), 0.2029107142521112) | ParamSetting(('minisat.params', 'ccmin-mode'), '1') | ParamSetting(('minisat.params', 'rinc'), 2.6960545385918837) | ParamSetting(('minisat.params', 'sub-lim'), 120) | StmtReplacement(('core/Solver.cc.xml', 'stmt', 331), ('core/Solver.cc.xml', 'stmt', 424))
2023-08-19 23:26:54,032	[INFO]	2-24    COMPILE_CODE_ERROR    None  [7 edit(s)]       
2023-08-19 23:27:58,370	[DEBUG]	ParamSetting(('minisat.params', 'lbd-cut-max'), 12) | ParamSetting(('minisat.params', 'R-val'), 1.5478385721165044) | ParamSetting(('minisat.params', 'rfirst'), 81.49386390648246) | ParamSetting(('minisat.params', 'rinc'), 3.098827068866988) | ParamSetting(('minisat.params', 'simp-gc-frac'), 0.6224853832885126)
2023-08-19 23:27:58,375	[INFO]	2-25    SUCCESS               108818322075 (89.76%) [5 edit(s)] 
2023-08-19 23:27:58,387	[DEBUG]	ParamSetting(('minisat.params', 'cp-increase'), 5490)
2023-08-19 23:27:58,388	[INFO]	2-26    SUCCESS               88584788650 (73.07%) [1 edit(s)] 
2023-08-19 23:29:08,026	[DEBUG]	ParamSetting(('minisat.params', 'lbd-cut-max'), 28)
2023-08-19 23:29:08,035	[INFO]	2-27    SUCCESS               121199418885 (99.97%) [1 edit(s)] 
2023-08-19 23:30:18,506	[DEBUG]	ParamSetting(('minisat.params', 'lbd-cut-max'), 27) | ParamSetting(('minisat.params', 'gc-frac'), 0.16741882338994016)
2023-08-19 23:30:18,511	[INFO]	2-28    SUCCESS               121250690192 (100.01%) [2 edit(s)] 
2023-08-19 23:31:38,970	[DEBUG]	ParamSetting(('minisat.params', 'lbd-cut-max'), 13) | ParamSetting(('minisat.params', 'var-decay'), 0.8030324344774667) | ParamSetting(('minisat.params', 'gc-frac'), 0.2549698298757149)
2023-08-19 23:31:38,974	[INFO]	2-29    RUN_TIMEOUT           None  [3 edit(s)]       
2023-08-19 23:32:59,428	[DEBUG]	ParamSetting(('minisat.params', 'lbd-cut-max'), 16) | ParamSetting(('minisat.params', 'core-tolerance'), 0.33043738945667855) | ParamSetting(('minisat.params', 'R-val'), 1.3655155259194782) | ParamSetting(('minisat.params', 'var-decay'), 0.8006040022960381) | ParamSetting(('minisat.params', 'rfirst'), 1.8038037650689525) | ParamSetting(('minisat.params', 'gc-frac'), 0.38733907734451284) | StmtDeletion(('core/Solver.cc.xml', 'stmt', 441))
2023-08-19 23:32:59,444	[INFO]	2-30    RUN_TIMEOUT           None  [7 edit(s)]       
2023-08-19 23:34:19,591	[DEBUG]	ParamSetting(('minisat.params', 'cla-decay'), 0.4455408896583323) | ParamSetting(('minisat.params', 'verb'), '2') | ParamSetting(('minisat.params', 'asymm'), 'True') | StmtDeletion(('core/Solver.cc.xml', 'stmt', 395))
2023-08-19 23:34:19,593	[INFO]	2-31    RUN_TIMEOUT           None  [4 edit(s)]       
2023-08-19 23:35:39,694	[DEBUG]	ParamSetting(('minisat.params', 'lbd-cut'), 7) | ParamSetting(('minisat.params', 'cla-decay'), 0.9433513850975976) | ParamSetting(('minisat.params', 'rnd-freq'), 0.623065502333786) | ParamSetting(('minisat.params', 'verb'), '2')
2023-08-19 23:35:39,700	[INFO]	2-32    RUN_TIMEOUT           None  [4 edit(s)]       
2023-08-19 23:35:39,709	[DEBUG]	ParamSetting(('minisat.params', 'lbd-cut-max'), 12) | ParamSetting(('minisat.params', 'R-val'), 1.5478385721165044) | ParamSetting(('minisat.params', 'rfirst'), 81.49386390648246) | ParamSetting(('minisat.params', 'rinc'), 3.098827068866988) | ParamSetting(('minisat.params', 'simp-gc-frac'), 0.6224853832885126)
2023-08-19 23:35:39,709	[INFO]	2-33    SUCCESS               108818322075 (89.76%) [5 edit(s)] 
2023-08-19 23:36:46,459	[DEBUG]	ParamSetting(('minisat.params', 'R-val'), 1.3169770671136682) | ParamSetting(('minisat.params', 'rfirst'), 93.30743529123298) | ParamSetting(('minisat.params', 'rinc'), 3.532210842774869) | ParamSetting(('minisat.params', 'simp-gc-frac'), 0.8519659486541388) | StmtInsertion(('core/Solver.cc.xml', '_inter_block', 520), ('core/Solver.cc.xml', 'stmt', 433))
2023-08-19 23:36:46,463	[INFO]	2-34    SUCCESS               116237427540 (95.88%) [5 edit(s)] 
2023-08-19 23:36:46,471	[DEBUG]	
2023-08-19 23:36:46,471	[INFO]	2-35    SUCCESS               121234181269 (100.0%) [0 edit(s)] 
2023-08-19 23:37:55,596	[DEBUG]	ParamSetting(('minisat.params', 'core-tolerance'), 0.025263283249883917) | ParamSetting(('minisat.params', 'gc-frac'), 0.39910348961089004)
2023-08-19 23:37:55,602	[INFO]	2-36    SUCCESS               121163657966 (99.94%) [2 edit(s)] 
2023-08-19 23:37:55,610	[DEBUG]	ParamSetting(('minisat.params', 'rfirst'), 87.88509705035736)
2023-08-19 23:37:55,610	[INFO]	2-37    SUCCESS               121234181269 (100.0%) [1 edit(s)] 
2023-08-19 23:37:55,617	[DEBUG]	ParamSetting(('minisat.params', 'lbd-cut-max'), 12) | ParamSetting(('minisat.params', 'R-val'), 1.5478385721165044) | ParamSetting(('minisat.params', 'rfirst'), 98.53006451441657) | ParamSetting(('minisat.params', 'rinc'), 3.098827068866988) | ParamSetting(('minisat.params', 'simp-gc-frac'), 0.6224853832885126)
2023-08-19 23:37:55,617	[INFO]	2-38    SUCCESS               108818322075 (89.76%) [5 edit(s)] 
2023-08-19 23:38:45,665	[DEBUG]	--- before: minisat.params
+++ after: minisat.params
@@ -1,6 +1,6 @@
 lbd-cut := 5
 lbd-cut-max := 10
-cp-increase := 15000
+cp-increase := 5827
 core-tolerance := 0.02
 R-val := 1.4
 var-decay := 0.8
@@ -17,6 +17,6 @@
 rcheck := 'False'
 elim := 'True'
 grow := 0
-cl-lim := 20
+cl-lim := 863
 sub-lim := 1000
 simp-gc-frac := 0.5

2023-08-19 23:38:45,677	[DEBUG]	ParamSetting(('minisat.params', 'cp-increase'), 5827) | ParamSetting(('minisat.params', 'cl-lim'), 863)
2023-08-19 23:38:45,677	[INFO]	2-39    SUCCESS              +82872834154 (68.36%) [2 edit(s)] 
2023-08-19 23:38:45,685	[DEBUG]	--- before: minisat.params
+++ after: minisat.params
@@ -1,6 +1,6 @@
 lbd-cut := 5
 lbd-cut-max := 10
-cp-increase := 15000
+cp-increase := 5827
 core-tolerance := 0.02
 R-val := 1.4
 var-decay := 0.8
@@ -17,6 +17,6 @@
 rcheck := 'False'
 elim := 'True'
 grow := 0
-cl-lim := 20
+cl-lim := 863
 sub-lim := 1000
 simp-gc-frac := 0.5

2023-08-19 23:38:45,693	[DEBUG]	
2023-08-19 23:38:45,693	[INFO]	2-40    SUCCESS               121234181269 (100.0%) [0 edit(s)] 
2023-08-19 23:39:54,401	[DEBUG]	ParamSetting(('minisat.params', 'lbd-cut-max'), 18) | ParamSetting(('minisat.params', 'K-val'), 0.7958770133532364) | ParamSetting(('minisat.params', 'R-val'), 1.4445223786350316) | ParamSetting(('minisat.params', 'rfirst'), 47.221394573507126) | ParamSetting(('minisat.params', 'rinc'), 2.029921828504049) | StmtInsertion(('core/Solver.cc.xml', '_inter_block', 481), ('core/Solver.cc.xml', 'stmt', 174))
2023-08-19 23:39:54,410	[INFO]	2-41    SUCCESS               118864167892 (98.05%) [6 edit(s)] 
2023-08-19 23:41:14,427	[DEBUG]	ParamSetting(('minisat.params', 'lbd-cut-max'), 18) | ParamSetting(('minisat.params', 'K-val'), 0.7954253209669149) | ParamSetting(('minisat.params', 'R-val'), 1.5296010646706164) | ParamSetting(('minisat.params', 'rfirst'), 80.86718030723728) | ParamSetting(('minisat.params', 'rinc'), 2.003524407805932)
2023-08-19 23:41:14,432	[INFO]	2-42    RUN_TIMEOUT           None  [5 edit(s)]       
2023-08-19 23:41:15,148	[DEBUG]	ParamSetting(('minisat.params', 'lbd-cut-max'), 19) | ParamSetting(('minisat.params', 'K-val'), 0.7293411235846636) | ParamSetting(('minisat.params', 'R-val'), 1.5478385721165044) | ParamSetting(('minisat.params', 'var-decay'), 0.6390888926652868) | ParamSetting(('minisat.params', 'rfirst'), 1.1602311947849426) | StmtInsertion(('core/Solver.cc.xml', '_inter_block', 445), ('core/Solver.cc.xml', 'stmt', 145))
2023-08-19 23:41:15,149	[INFO]	2-43    COMPILE_CODE_ERROR    None  [6 edit(s)]       
2023-08-19 23:42:34,843	[DEBUG]	ParamSetting(('minisat.params', 'core-tolerance'), 0.16205230576219065) | ParamSetting(('minisat.params', 'R-val'), 1.3842578164414958) | ParamSetting(('minisat.params', 'rinc'), 3.532210842774869) | ParamSetting(('minisat.params', 'cl-lim'), 0) | ParamSetting(('minisat.params', 'simp-gc-frac'), 0.7644999649625641)
2023-08-19 23:42:34,846	[INFO]	2-44    RUN_TIMEOUT           None  [5 edit(s)]       
2023-08-19 23:43:42,707	[DEBUG]	ParamSetting(('minisat.params', 'core-tolerance'), 0.025263283249883917) | ParamSetting(('minisat.params', 'R-val'), 1.3621141701627655) | ParamSetting(('minisat.params', 'gc-frac'), 0.39910348961089004)
2023-08-19 23:43:42,712	[INFO]	2-45    SUCCESS               122311384478 (100.89%) [3 edit(s)] 
2023-08-19 23:45:02,751	[DEBUG]	ParamSetting(('minisat.params', 'core-tolerance'), 0.06984101092660908) | ParamSetting(('minisat.params', 'R-val'), 1.3097256680800173) | ParamSetting(('minisat.params', 'cla-decay'), 0.545475538229443)
2023-08-19 23:45:02,762	[INFO]	2-46    RUN_TIMEOUT           None  [3 edit(s)]       
2023-08-19 23:46:22,842	[DEBUG]	ParamSetting(('minisat.params', 'lbd-cut-max'), 29) | ParamSetting(('minisat.params', 'K-val'), 0.651012391224125) | ParamSetting(('minisat.params', 'rnd-init'), 'True') | ParamSetting(('minisat.params', 'gc-frac'), 0.4306807415076116) | ParamSetting(('minisat.params', 'cl-lim'), 581)
2023-08-19 23:46:22,857	[INFO]	2-47    RUN_TIMEOUT           None  [5 edit(s)]       
2023-08-19 23:47:32,870	[DEBUG]	ParamSetting(('minisat.params', 'core-tolerance'), 0.025263283249883917) | ParamSetting(('minisat.params', 'gc-frac'), 0.3994870847060525)
2023-08-19 23:47:32,877	[INFO]	2-48    SUCCESS               121195310201 (99.97%) [2 edit(s)] 
2023-08-19 23:47:32,889	[DEBUG]	ParamSetting(('minisat.params', 'lbd-cut-max'), 19) | ParamSetting(('minisat.params', 'R-val'), 1.5478385721165044) | ParamSetting(('minisat.params', 'rfirst'), 1.1602311947849426)
2023-08-19 23:47:32,890	[INFO]	2-49    SUCCESS               108869205718 (89.8%) [3 edit(s)] 
2023-08-19 23:48:41,830	[DEBUG]	ParamSetting(('minisat.params', 'lbd-cut-max'), 29) | ParamSetting(('minisat.params', 'gc-frac'), 0.4323720275638241)
2023-08-19 23:48:41,833	[INFO]	2-50    SUCCESS               121198731088 (99.97%) [2 edit(s)] 
2023-08-19 23:48:41,847	[DEBUG]	ParamSetting(('minisat.params', 'cp-increase'), 5490)
2023-08-19 23:48:41,847	[INFO]	2-51    SUCCESS               88584788650 (73.07%) [1 edit(s)] 
2023-08-19 23:49:45,829	[DEBUG]	ParamSetting(('minisat.params', 'lbd-cut-max'), 19) | ParamSetting(('minisat.params', 'K-val'), 0.8704133126767674) | ParamSetting(('minisat.params', 'R-val'), 1.5478385721165044) | ParamSetting(('minisat.params', 'rfirst'), 1.1602311947849426) | ParamSetting(('minisat.params', 'rinc'), 3.3434850443897135) | ParamSetting(('minisat.params', 'simp-gc-frac'), 0.8059928222827377) | StmtReplacement(('core/Solver.cc.xml', 'stmt', 448), ('core/Solver.cc.xml', 'stmt', 269))
2023-08-19 23:49:45,842	[INFO]	2-52    SUCCESS               108875749951 (89.81%) [7 edit(s)] 
2023-08-19 23:49:46,789	[DEBUG]	ParamSetting(('minisat.params', 'verb'), '0') | ParamSetting(('minisat.params', 'rcheck'), 'True') | ParamSetting(('minisat.params', 'grow'), 73) | StmtInsertion(('core/Solver.cc.xml', '_inter_block', 21), ('core/Solver.cc.xml', 'stmt', 194))
2023-08-19 23:49:46,789	[INFO]	2-53    COMPILE_CODE_ERROR    None  [4 edit(s)]       
2023-08-19 23:51:06,438	[DEBUG]	ParamSetting(('minisat.params', 'lbd-cut'), 7) | ParamSetting(('minisat.params', 'cp-increase'), 5261) | ParamSetting(('minisat.params', 'core-tolerance'), 0.5644325922957396) | ParamSetting(('minisat.params', 'rnd-init'), 'True') | ParamSetting(('minisat.params', 'gc-frac'), 0.6775110005308634) | ParamSetting(('minisat.params', 'verb'), '0') | ParamSetting(('minisat.params', 'cl-lim'), 0) | ParamSetting(('minisat.params', 'sub-lim'), 0) | StmtReplacement(('core/Solver.cc.xml', 'stmt', 69), ('core/Solver.cc.xml', 'stmt', 398))
2023-08-19 23:51:06,445	[INFO]	2-54    RUN_TIMEOUT           None  [9 edit(s)]       
2023-08-19 23:51:06,457	[DEBUG]	ParamSetting(('minisat.params', 'lbd-cut-max'), 19) | ParamSetting(('minisat.params', 'R-val'), 1.5478385721165044) | ParamSetting(('minisat.params', 'rfirst'), 1.1602311947849426)
2023-08-19 23:51:06,457	[INFO]	2-55    SUCCESS               108869205718 (89.8%) [3 edit(s)] 
2023-08-19 23:52:18,856	[DEBUG]	ParamSetting(('minisat.params', 'cp-increase'), 5490) | ParamSetting(('minisat.params', 'phase-saving'), '0') | ParamSetting(('minisat.params', 'rinc'), 2.4951044532387594)
2023-08-19 23:52:18,866	[INFO]	2-56    SUCCESS               123430558367 (101.81%) [3 edit(s)] 
2023-08-19 23:53:27,139	[DEBUG]	ParamSetting(('minisat.params', 'lbd-cut-max'), 6)
2023-08-19 23:53:27,142	[INFO]	2-57    SUCCESS               121224979556 (99.99%) [1 edit(s)] 
2023-08-19 23:53:28,090	[DEBUG]	ParamSetting(('minisat.params', 'cp-increase'), 5827) | ParamSetting(('minisat.params', 'cla-decay'), 0.5122141070350347) | ParamSetting(('minisat.params', 'cl-lim'), 863) | StmtReplacement(('core/Solver.cc.xml', 'stmt', 421), ('core/Solver.cc.xml', 'stmt', 234)) | StmtInsertion(('core/Solver.cc.xml', '_inter_block', 276), ('core/Solver.cc.xml', 'stmt', 157))
2023-08-19 23:53:28,091	[INFO]	2-58    COMPILE_CODE_ERROR    None  [5 edit(s)]       
2023-08-19 23:53:28,101	[DEBUG]	
2023-08-19 23:53:28,101	[INFO]	2-59    SUCCESS               121234181269 (100.0%) [0 edit(s)] 
2023-08-19 23:53:28,108	[DEBUG]	ParamSetting(('minisat.params', 'lbd-cut-max'), 19) | ParamSetting(('minisat.params', 'R-val'), 1.5478385721165044) | ParamSetting(('minisat.params', 'rfirst'), 1.1602311947849426)
2023-08-19 23:53:28,108	[INFO]	2-60    SUCCESS               108869205718 (89.8%) [3 edit(s)] 
2023-08-19 23:53:28,115	[DEBUG]	
2023-08-19 23:53:28,115	[INFO]	2-61    SUCCESS               121234181269 (100.0%) [0 edit(s)] 
2023-08-19 23:53:28,727	[DEBUG]	ParamSetting(('minisat.params', 'core-tolerance'), 0.025263283249883917) | ParamSetting(('minisat.params', 'rnd-init'), 'True') | ParamSetting(('minisat.params', 'gc-frac'), 0.39910348961089004) | ParamSetting(('minisat.params', 'simp-gc-frac'), 0.6492649370573187) | StmtReplacement(('core/Solver.cc.xml', 'stmt', 167), ('core/Solver.cc.xml', 'stmt', 188))
2023-08-19 23:53:28,728	[INFO]	2-62    COMPILE_CODE_ERROR    None  [5 edit(s)]       
2023-08-19 23:54:48,432	[DEBUG]	ParamSetting(('minisat.params', 'lbd-cut'), 7) | ParamSetting(('minisat.params', 'lbd-cut-max'), 19) | ParamSetting(('minisat.params', 'cp-increase'), 11363) | ParamSetting(('minisat.params', 'R-val'), 1.5478385721165044) | ParamSetting(('minisat.params', 'luby'), 1) | ParamSetting(('minisat.params', 'rfirst'), 1.1602311947849426) | StmtInsertion(('core/Solver.cc.xml', '_inter_block', 167), ('core/Solver.cc.xml', 'stmt', 114))
2023-08-19 23:54:48,433	[INFO]	2-63    RUN_TIMEOUT           None  [7 edit(s)]       
2023-08-19 23:55:41,846	[DEBUG]	ParamSetting(('minisat.params', 'cp-increase'), 13378)
2023-08-19 23:55:41,847	[INFO]	2-64    SUCCESS               95578936791 (78.84%) [1 edit(s)] 
2023-08-19 23:57:01,063	[DEBUG]	ParamSetting(('minisat.params', 'lbd-cut-max'), 13) | ParamSetting(('minisat.params', 'R-val'), 1.2608886664444499) | ParamSetting(('minisat.params', 'rnd-freq'), 0.6588626503533472) | ParamSetting(('minisat.params', 'phase-saving'), '1') | ParamSetting(('minisat.params', 'rfirst'), 2.364951867454336) | ParamSetting(('minisat.params', 'rinc'), 2.8776596721178596) | ParamSetting(('minisat.params', 'asymm'), 'True') | ParamSetting(('minisat.params', 'cl-lim'), 0) | StmtReplacement(('core/Solver.cc.xml', 'stmt', 210), ('core/Solver.cc.xml', 'stmt', 210))
2023-08-19 23:57:01,063	[INFO]	2-65    RUN_TIMEOUT           None  [9 edit(s)]       
2023-08-19 23:58:00,594	[DEBUG]	ParamSetting(('minisat.params', 'lbd-cut-max'), 14) | ParamSetting(('minisat.params', 'R-val'), 1.3221749892109842) | ParamSetting(('minisat.params', 'rfirst'), 26.50840036809888) | ParamSetting(('minisat.params', 'rinc'), 2.87074588888952) | ParamSetting(('minisat.params', 'simp-gc-frac'), 0.7576257985116748) | StmtInsertion(('core/Solver.cc.xml', '_inter_block', 520), ('core/Solver.cc.xml', 'stmt', 433))
2023-08-19 23:58:00,595	[INFO]	2-66    SUCCESS               102334492351 (84.41%) [6 edit(s)] 
2023-08-19 23:58:00,603	[DEBUG]	ParamSetting(('minisat.params', 'cp-increase'), 5490)
2023-08-19 23:58:00,603	[INFO]	2-67    SUCCESS               88584788650 (73.07%) [1 edit(s)] 
2023-08-19 23:58:00,610	[DEBUG]	
2023-08-19 23:58:00,610	[INFO]	2-68    SUCCESS               121234181269 (100.0%) [0 edit(s)] 
2023-08-19 23:59:01,052	[DEBUG]	ParamSetting(('minisat.params', 'lbd-cut-max'), 14) | ParamSetting(('minisat.params', 'R-val'), 1.208741382355605) | ParamSetting(('minisat.params', 'rfirst'), 26.50840036809888) | ParamSetting(('minisat.params', 'rinc'), 3.0675420844840007) | ParamSetting(('minisat.params', 'simp-gc-frac'), 0.7576257985116748) | StmtInsertion(('core/Solver.cc.xml', '_inter_block', 520), ('core/Solver.cc.xml', 'stmt', 433))
2023-08-19 23:59:01,053	[INFO]	2-69    SUCCESS               105073950771 (86.67%) [6 edit(s)] 
2023-08-19 23:59:01,061	[DEBUG]	
2023-08-19 23:59:01,061	[INFO]	2-70    SUCCESS               121234181269 (100.0%) [0 edit(s)] 
2023-08-20 00:00:02,954	[DEBUG]	ParamSetting(('minisat.params', 'lbd-cut-max'), 6) | StmtInsertion(('core/Solver.cc.xml', '_inter_block', 528), ('core/Solver.cc.xml', 'stmt', 333))
2023-08-20 00:00:02,955	[INFO]	2-71    SUCCESS               111051615974 (91.6%) [2 edit(s)] 
2023-08-20 00:00:02,964	[DEBUG]	
2023-08-20 00:00:02,964	[INFO]	2-72    SUCCESS               121234181269 (100.0%) [0 edit(s)] 
2023-08-20 00:01:22,010	[DEBUG]	ParamSetting(('minisat.params', 'lbd-cut'), 6) | ParamSetting(('minisat.params', 'core-tolerance'), 0.020496510523887228) | ParamSetting(('minisat.params', 'K-val'), 0.7997670038480744) | ParamSetting(('minisat.params', 'rnd-freq'), 0.0793285865532537) | ParamSetting(('minisat.params', 'luby'), 1) | ParamSetting(('minisat.params', 'gc-frac'), 0.34615189911433786) | StmtInsertion(('core/Solver.cc.xml', '_inter_block', 481), ('core/Solver.cc.xml', 'stmt', 174))
2023-08-20 00:01:22,011	[INFO]	2-73    RUN_TIMEOUT           None  [7 edit(s)]       
2023-08-20 00:02:29,350	[DEBUG]	ParamSetting(('minisat.params', 'core-tolerance'), 0.02422030195908407) | ParamSetting(('minisat.params', 'K-val'), 0.7969937571530353) | ParamSetting(('minisat.params', 'rinc'), 2.0610893691381156) | ParamSetting(('minisat.params', 'gc-frac'), 0.30812604406394073)
2023-08-20 00:02:29,351	[INFO]	2-74    SUCCESS               121177084678 (99.95%) [4 edit(s)] 
2023-08-20 00:02:29,359	[INFO]	==== END ====
2023-08-20 00:02:29,359	[INFO]	Reason: time budget
2023-08-20 00:02:29,361	[INFO]	
2023-08-20 00:02:29,361	[INFO]	==== REPORT ====
2023-08-20 00:02:29,361	[INFO]	Termination: time budget
2023-08-20 00:02:29,361	[INFO]	Log file: /cs/research/crest/home0/jpetke/MSc-SSE-GI-project/_magpie_logs/minisat-hack_1692474735.log
2023-08-20 00:02:29,368	[INFO]	Patch file: _magpie_logs/minisat-hack_1692474735.patch
2023-08-20 00:02:29,368	[INFO]	Diff file: _magpie_logs/minisat-hack_1692474735.diff
2023-08-20 00:02:29,368	[INFO]	Best fitness: 82827234654
2023-08-20 00:02:29,368	[INFO]	Best patch: ParamSetting(('minisat.params', 'cp-increase'), 5827) | ParamSetting(('minisat.params', 'cl-lim'), 863)
2023-08-20 00:02:29,368	[INFO]	Diff:
--- before: minisat.params
+++ after: minisat.params
@@ -1,6 +1,6 @@
 lbd-cut := 5
 lbd-cut-max := 10
-cp-increase := 15000
+cp-increase := 5827
 core-tolerance := 0.02
 R-val := 1.4
 var-decay := 0.8
@@ -17,6 +17,6 @@
 rcheck := 'False'
 elim := 'True'
 grow := 0
-cl-lim := 20
+cl-lim := 863
 sub-lim := 1000
 simp-gc-frac := 0.5

