2023-07-16 08:48:43,900	[DEBUG]	==== CONFIG ====
[magpie]
import = 
seed = 
log_dir = _magpie_logs
work_dir = _magpie_work
local_original_copy = False
local_original_name = __original__
output_encoding = ascii
edit_retries = 10
default_timeout = 30
default_lengthout = 1e6
diff_method = unified

[software]
path = code/minisat-hack
target_files = 
	core/Solver.cc.xml
	minisat.params
program = BasicProgram
engine_rules = 
	*.params : ConfigFileParamsEngine
	*.xml : SrcmlEngine
	* : LineEngine
engine_config = 
	*.params : [params]
	*.xml : [srcml]
setup_cmd = ./compile.sh
setup_timeout = 
setup_lengthout = 
compile_cmd = ./compile.sh
compile_timeout = 15
compile_lengthout = 
test_cmd = 
test_timeout = 
test_lengthout = 
run_cmd = perf stat run-sh/test.sh
run_timeout = 6585
run_lengthout = 
fitness = perf_time

[srcml]
rename = 
	stmt: break continue decl_stmt do expr_stmt for goto if return switch while
	number: literal_number
focus = block stmt operator_comp operator_arith number
internodes = block
process_pseudo_blocks = True
process_literals = True
process_operators = True

[params]
timing = test run
cli_prefix = --
cli_glue = =
cli_boolean = show
cli_boolean_prefix_true = 
cli_boolean_prefix_false = no-
silent_prefix = @
silent_suffix = $

[search]
protocol = BasicProtocol
algorithm = ValidTest
possible_edits = 
	StmtReplacement
	StmtInsertion
	StmtDeletion
	ParamSetting
warmup = 3
warmup_strategy = last
max_steps = 
max_time = 
target_fitness = 
cache_maxsize = 40
cache_keep = 0.2

[search.ls]
delete_prob = 0.5
max_neighbours = 
when_trapped = continue
accept_fail = False
tabu_length = 10

[search.gp]
pop_size = 10
delete_prob = 0.5
offspring_elitism = 0.1
offspring_crossover = 0.5
offspring_mutation = 0.4
uniform_rate = 0.5


2023-07-16 08:48:45,103	[INFO]	==== WARMUP ====
2023-07-16 10:25:28,386	[INFO]	WARM    SUCCESS               5795.2707               
2023-07-16 12:01:27,467	[INFO]	WARM    SUCCESS               5755.4196               
2023-07-16 13:37:44,232	[INFO]	WARM    SUCCESS               5773.1365               
2023-07-16 13:37:44,232	[INFO]	INITIAL SUCCESS               5773.1365               
2023-07-16 13:37:44,232	[INFO]	==== START: ValidTest ====
2023-07-16 13:37:44,255	[DEBUG]	CLEAN_PATCH: ParamSetting(('minisat.params', 'cp-increase'), 5374) | ParamSetting(('minisat.params', 'grow'), -1135)
2023-07-16 13:37:44,256	[DEBUG]	CLEAN_SIZE: 2 (was 2)
2023-07-16 15:27:32,727	[DEBUG]	ParamSetting(('minisat.params', 'cp-increase'), 5374) | ParamSetting(('minisat.params', 'grow'), -1135)
2023-07-16 15:27:32,727	[INFO]	1       RUN_TIMEOUT           None  [2 edit(s)]       
2023-07-16 15:27:32,727	[INFO]	==== END ====
2023-07-16 15:27:32,727	[INFO]	Reason: validation end
2023-07-16 15:27:32,727	[INFO]	
2023-07-16 15:27:32,727	[INFO]	==== REPORT ====
2023-07-16 15:27:32,728	[INFO]	Termination: validation end
2023-07-16 15:27:32,728	[INFO]	Log file: /home/tsongpet/MSc-SSE-GI-project/_magpie_logs/minisat-hack_1689493720.log
