2023-07-16 21:32:03,195	[DEBUG]	==== CONFIG ====
[magpie]
import = 
seed = 
log_dir = _magpie_logs
work_dir = _magpie_work
local_original_copy = False
local_original_name = __original__
output_encoding = ascii
edit_retries = 10
default_timeout = 30
default_lengthout = 1e6
diff_method = unified

[software]
path = code/minisat-hack
target_files = 
	core/Solver.cc.xml
	minisat.params
program = BasicProgram
engine_rules = 
	*.params : ConfigFileParamsEngine
	*.xml : SrcmlEngine
	* : LineEngine
engine_config = 
	*.params : [params]
	*.xml : [srcml]
setup_cmd = ./compile.sh
setup_timeout = 
setup_lengthout = 
compile_cmd = ./compile.sh
compile_timeout = 15
compile_lengthout = 
test_cmd = 
test_timeout = 
test_lengthout = 
run_cmd = perf stat run-sh/test.sh
run_timeout = 6585
run_lengthout = 
fitness = perf_time

[srcml]
rename = 
	stmt: break continue decl_stmt do expr_stmt for goto if return switch while
	number: literal_number
focus = block stmt operator_comp operator_arith number
internodes = block
process_pseudo_blocks = True
process_literals = True
process_operators = True

[params]
timing = test run
cli_prefix = --
cli_glue = =
cli_boolean = show
cli_boolean_prefix_true = 
cli_boolean_prefix_false = no-
silent_prefix = @
silent_suffix = $

[search]
protocol = BasicProtocol
algorithm = ValidTest
possible_edits = 
	ParamSetting
warmup = 3
warmup_strategy = last
max_steps = 
max_time = 
target_fitness = 
cache_maxsize = 40
cache_keep = 0.2

[search.ls]
delete_prob = 0.5
max_neighbours = 
when_trapped = continue
accept_fail = False
tabu_length = 10

[search.gp]
pop_size = 10
delete_prob = 0.5
offspring_elitism = 0.1
offspring_crossover = 0.5
offspring_mutation = 0.4
uniform_rate = 0.5


2023-07-16 21:32:03,196	[INFO]	==== WARMUP ====
2023-07-16 23:09:10,373	[INFO]	WARM    SUCCESS               5819.0939               
2023-07-17 00:47:56,756	[INFO]	WARM    SUCCESS               5922.4381               
2023-07-17 02:25:44,416	[INFO]	WARM    SUCCESS               5864.0778               
2023-07-17 02:25:44,416	[INFO]	INITIAL SUCCESS               5864.0778               
2023-07-17 02:25:44,416	[INFO]	==== START: ValidTest ====
2023-07-17 02:25:44,441	[DEBUG]	CLEAN_PATCH: ParamSetting(('minisat.params', 'cp-increase'), 5110) | ParamSetting(('minisat.params', 'lbd-cut-max'), 29.071291355107938)
2023-07-17 02:25:44,441	[DEBUG]	CLEAN_SIZE: 2 (was 2)
2023-07-17 04:07:50,910	[DEBUG]	ParamSetting(('minisat.params', 'cp-increase'), 5110) | ParamSetting(('minisat.params', 'lbd-cut-max'), 29.071291355107938)
2023-07-17 04:07:50,910	[INFO]	1       SUCCESS              *6122.9265 (104.41%) [2 edit(s)] 
2023-07-17 04:07:50,920	[DEBUG]	--- before: minisat.params
+++ after: minisat.params
@@ -1,6 +1,6 @@
 lbd-cut := 5.0
-lbd-cut-max := 10.0
-cp-increase := 15000
+lbd-cut-max := 29.071291355107938
+cp-increase := 5110
 core-tolerance := 0.02
 var-decay := 0.95
 cla-decay := 0.999

2023-07-17 04:07:50,928	[INFO]	==== END ====
2023-07-17 04:07:50,929	[INFO]	Reason: validation end
2023-07-17 04:07:50,929	[INFO]	
2023-07-17 04:07:50,929	[INFO]	==== REPORT ====
2023-07-17 04:07:50,929	[INFO]	Termination: validation end
2023-07-17 04:07:50,929	[INFO]	Log file: /home/tsongpet/MSc-SSE-GI-project/_magpie_logs/minisat-hack_1689539522.log
2023-07-17 04:07:50,937	[INFO]	Patch file: _magpie_logs/minisat-hack_1689539522.patch
2023-07-17 04:07:50,937	[INFO]	Diff file: _magpie_logs/minisat-hack_1689539522.diff
2023-07-17 04:07:50,937	[INFO]	Best fitness: 6122.9265
2023-07-17 04:07:50,937	[INFO]	Best patch: ParamSetting(('minisat.params', 'cp-increase'), 5110) | ParamSetting(('minisat.params', 'lbd-cut-max'), 29.071291355107938)
2023-07-17 04:07:50,937	[INFO]	Diff:
--- before: minisat.params
+++ after: minisat.params
@@ -1,6 +1,6 @@
 lbd-cut := 5.0
-lbd-cut-max := 10.0
-cp-increase := 15000
+lbd-cut-max := 29.071291355107938
+cp-increase := 5110
 core-tolerance := 0.02
 var-decay := 0.95
 cla-decay := 0.999

