2023-07-16 21:39:43,587	[DEBUG]	==== CONFIG ====
[magpie]
import = 
seed = 
log_dir = _magpie_logs
work_dir = _magpie_work
local_original_copy = False
local_original_name = __original__
output_encoding = ascii
edit_retries = 10
default_timeout = 30
default_lengthout = 1e6
diff_method = unified

[software]
path = code/minisat-hack
target_files = 
	core/Solver.cc.xml
	minisat.params
program = BasicProgram
engine_rules = 
	*.params : ConfigFileParamsEngine
	*.xml : SrcmlEngine
	* : LineEngine
engine_config = 
	*.params : [params]
	*.xml : [srcml]
setup_cmd = ./compile.sh
setup_timeout = 
setup_lengthout = 
compile_cmd = ./compile.sh
compile_timeout = 15
compile_lengthout = 
test_cmd = 
test_timeout = 
test_lengthout = 
run_cmd = perf stat run-sh/test.sh
run_timeout = 6585
run_lengthout = 
fitness = perf_time

[srcml]
rename = 
	stmt: break continue decl_stmt do expr_stmt for goto if return switch while
	number: literal_number
focus = block stmt operator_comp operator_arith number
internodes = block
process_pseudo_blocks = True
process_literals = True
process_operators = True

[params]
timing = test run
cli_prefix = --
cli_glue = =
cli_boolean = show
cli_boolean_prefix_true = 
cli_boolean_prefix_false = no-
silent_prefix = @
silent_suffix = $

[search]
protocol = BasicProtocol
algorithm = ValidTest
possible_edits = 
	StmtReplacement
	StmtInsertion
	StmtDeletion
	ParamSetting
warmup = 3
warmup_strategy = last
max_steps = 
max_time = 
target_fitness = 
cache_maxsize = 40
cache_keep = 0.2

[search.ls]
delete_prob = 0.5
max_neighbours = 
when_trapped = continue
accept_fail = False
tabu_length = 10

[search.gp]
pop_size = 10
delete_prob = 0.5
offspring_elitism = 0.1
offspring_crossover = 0.5
offspring_mutation = 0.4
uniform_rate = 0.5


2023-07-16 21:39:43,588	[INFO]	==== WARMUP ====
2023-07-16 23:17:16,585	[INFO]	WARM    SUCCESS               5844.4082               
2023-07-17 00:56:05,136	[INFO]	WARM    SUCCESS               5924.3334               
2023-07-17 02:33:48,146	[INFO]	WARM    SUCCESS               5859.2589               
2023-07-17 02:33:48,146	[INFO]	INITIAL SUCCESS               5859.2589               
2023-07-17 02:33:48,146	[INFO]	==== START: ValidTest ====
2023-07-17 02:33:48,193	[DEBUG]	CLEAN_PATCH: ParamSetting(('minisat.params', 'grow'), -409) | StmtInsertion(('core/Solver.cc.xml', '_inter_block', 48), ('core/Solver.cc.xml', 'stmt', 215))
2023-07-17 02:33:48,193	[DEBUG]	CLEAN_SIZE: 2 (was 2)
2023-07-17 04:10:12,413	[DEBUG]	ParamSetting(('minisat.params', 'grow'), -409) | StmtInsertion(('core/Solver.cc.xml', '_inter_block', 48), ('core/Solver.cc.xml', 'stmt', 215))
2023-07-17 04:10:12,413	[INFO]	1       SUCCESS              *5780.5613 (98.66%) [2 edit(s)] 
2023-07-17 04:10:12,424	[DEBUG]	--- before: core/Solver.cc
+++ after: core/Solver.cc
@@ -202,6 +202,7 @@
     }else{
         CRef cr = ca.alloc(ps, false);
         clauses.push(cr);
+        int     num_props = 0;
         attachClause(cr);
     }
 
--- before: minisat.params
+++ after: minisat.params
@@ -15,7 +15,7 @@
 asymm := 'False'
 rcheck := 'False'
 elim := 'False'
-grow := 0
+grow := -409
 cl-lim := 20
 sub-lim := 1000
 simp-gc-frac := 0.5

2023-07-17 04:10:12,434	[INFO]	==== END ====
2023-07-17 04:10:12,435	[INFO]	Reason: validation end
2023-07-17 04:10:12,435	[INFO]	
2023-07-17 04:10:12,435	[INFO]	==== REPORT ====
2023-07-17 04:10:12,435	[INFO]	Termination: validation end
2023-07-17 04:10:12,435	[INFO]	Log file: /home/tsongpet/MSc-SSE-GI-project/_magpie_logs/minisat-hack_1689539983.log
2023-07-17 04:10:12,445	[INFO]	Patch file: _magpie_logs/minisat-hack_1689539983.patch
2023-07-17 04:10:12,445	[INFO]	Diff file: _magpie_logs/minisat-hack_1689539983.diff
2023-07-17 04:10:12,445	[INFO]	Best fitness: 5780.5613
2023-07-17 04:10:12,445	[INFO]	Best patch: ParamSetting(('minisat.params', 'grow'), -409) | StmtInsertion(('core/Solver.cc.xml', '_inter_block', 48), ('core/Solver.cc.xml', 'stmt', 215))
2023-07-17 04:10:12,445	[INFO]	Diff:
--- before: core/Solver.cc
+++ after: core/Solver.cc
@@ -202,6 +202,7 @@
     }else{
         CRef cr = ca.alloc(ps, false);
         clauses.push(cr);
+        int     num_props = 0;
         attachClause(cr);
     }
 
--- before: minisat.params
+++ after: minisat.params
@@ -15,7 +15,7 @@
 asymm := 'False'
 rcheck := 'False'
 elim := 'False'
-grow := 0
+grow := -409
 cl-lim := 20
 sub-lim := 1000
 simp-gc-frac := 0.5

