2023-07-15 00:20:51,688	[DEBUG]	==== CONFIG ====
[magpie]
import = 
seed = 
log_dir = _magpie_logs
work_dir = _magpie_work
local_original_copy = False
local_original_name = __original__
output_encoding = ascii
edit_retries = 10
default_timeout = 30
default_lengthout = 1e6
diff_method = unified

[software]
path = code/minisat-hack
target_files = 
	core/Solver.cc.xml
	minisat.params
program = BasicProgram
engine_rules = 
	*.params : ConfigFileParamsEngine
	*.xml : SrcmlEngine
	* : LineEngine
engine_config = 
	*.params : [params]
	*.xml : [srcml]
setup_cmd = ./compile.sh
setup_timeout = 
setup_lengthout = 
compile_cmd = ./compile.sh
compile_timeout = 15
compile_lengthout = 
test_cmd = 
test_timeout = 
test_lengthout = 
run_cmd = perf stat run-sh/validate_10.sh
run_timeout = 1187
run_lengthout = 
fitness = perf_time

[srcml]
rename = 
	stmt: break continue decl_stmt do expr_stmt for goto if return switch while
	number: literal_number
focus = block stmt operator_comp operator_arith number
internodes = block
process_pseudo_blocks = True
process_literals = True
process_operators = True

[params]
timing = test run
cli_prefix = --
cli_glue = =
cli_boolean = show
cli_boolean_prefix_true = 
cli_boolean_prefix_false = no-
silent_prefix = @
silent_suffix = $

[search]
protocol = BasicProtocol
algorithm = ValidRankingSimplify
possible_edits = 
	StmtReplacement
	StmtInsertion
	StmtDeletion
warmup = 3
warmup_strategy = last
max_steps = 
max_time = 
target_fitness = 
cache_maxsize = 40
cache_keep = 0.2

[search.ls]
delete_prob = 0.5
max_neighbours = 
when_trapped = continue
accept_fail = False
tabu_length = 10

[search.gp]
pop_size = 10
delete_prob = 0.5
offspring_elitism = 0.1
offspring_crossover = 0.5
offspring_mutation = 0.4
uniform_rate = 0.5


2023-07-15 00:20:51,689	[INFO]	==== WARMUP ====
2023-07-15 00:37:50,401	[INFO]	WARM    SUCCESS               1010.3031               
2023-07-15 00:54:04,095	[INFO]	WARM    SUCCESS               969.6687                
2023-07-15 01:10:31,816	[INFO]	WARM    SUCCESS               983.7697                
2023-07-15 01:10:31,816	[INFO]	INITIAL SUCCESS               983.7697                
2023-07-15 01:10:31,816	[INFO]	==== START: ValidRankingSimplify ====
2023-07-15 01:10:31,882	[DEBUG]	CLEAN_PATCH: StmtDeletion(('core/Solver.cc.xml', 'stmt', 115)) | StmtDeletion(('core/Solver.cc.xml', 'stmt', 157)) | StmtDeletion(('core/Solver.cc.xml', 'stmt', 297)) | StmtInsertion(('core/Solver.cc.xml', '_inter_block', 43), ('core/Solver.cc.xml', 'stmt', 99))
2023-07-15 01:10:31,882	[DEBUG]	CLEAN_SIZE: 4 (was 4)
2023-07-15 01:27:27,361	[DEBUG]	StmtDeletion(('core/Solver.cc.xml', 'stmt', 115)) | StmtDeletion(('core/Solver.cc.xml', 'stmt', 157)) | StmtDeletion(('core/Solver.cc.xml', 'stmt', 297)) | StmtInsertion(('core/Solver.cc.xml', '_inter_block', 43), ('core/Solver.cc.xml', 'stmt', 99))
2023-07-15 01:27:27,362	[INFO]	1       SUCCESS              *1011.8886 (102.86%) [4 edit(s)] 
2023-07-15 01:27:27,375	[DEBUG]	--- before: core/Solver.cc
+++ after: core/Solver.cc
@@ -197,6 +197,7 @@
         return ok = false;
 }/*auto*/
     else if (ps.size() == 1){
+        rnd_decisions++;
         uncheckedEnqueue(ps[0]);
         return ok = (propagate() == CRef_Undef);
     }else{
@@ -346,7 +347,7 @@
         Clause& c = ca[confl];
 
         if (c.learnt() && c.mark() != 3){
-            LBD(c);
+            
             c.mark(L < LBD_cut ? 3 : 2);
             if (L < LBD_cut){
                 lF.push(confl);
@@ -418,7 +419,7 @@
             }
         }
     }else/*auto*/{
-        i = j = out_learnt.size();
+        
 }/*auto*/
 
     max_literals += out_learnt.size();
@@ -716,7 +717,7 @@
     rebuildOrderHeap();
 
     simpDB_assigns = nAssigns();
-    simpDB_props   = clauses_literals + learnts_literals;   // (shouldn't depend on stats really, but it will do for now)
+       // (shouldn't depend on stats really, but it will do for now)
 
     return true;
 }

2023-07-15 01:27:27,375	[INFO]	-- ranking --
2023-07-15 01:45:21,182	[DEBUG]	StmtDeletion(('core/Solver.cc.xml', 'stmt', 115))
2023-07-15 01:45:21,182	[INFO]	2       SUCCESS              +1069.8125 (108.75%) [1 edit(s)] 
2023-07-15 01:45:21,192	[DEBUG]	--- before: core/Solver.cc
+++ after: core/Solver.cc
@@ -346,7 +346,7 @@
         Clause& c = ca[confl];
 
         if (c.learnt() && c.mark() != 3){
-            LBD(c);
+            
             c.mark(L < LBD_cut ? 3 : 2);
             if (L < LBD_cut){
                 lF.push(confl);

2023-07-15 02:01:18,474	[DEBUG]	StmtDeletion(('core/Solver.cc.xml', 'stmt', 157))
2023-07-15 02:01:18,474	[INFO]	3       SUCCESS              *953.7978 (96.95%) [1 edit(s)] 
2023-07-15 02:01:18,484	[DEBUG]	--- before: core/Solver.cc
+++ after: core/Solver.cc
@@ -418,7 +418,7 @@
             }
         }
     }else/*auto*/{
-        i = j = out_learnt.size();
+        
 }/*auto*/
 
     max_literals += out_learnt.size();

2023-07-15 02:17:21,304	[DEBUG]	StmtDeletion(('core/Solver.cc.xml', 'stmt', 297))
2023-07-15 02:17:21,305	[INFO]	4       SUCCESS              +958.5695 (97.44%) [1 edit(s)] 
2023-07-15 02:17:21,314	[DEBUG]	--- before: core/Solver.cc
+++ after: core/Solver.cc
@@ -716,7 +716,7 @@
     rebuildOrderHeap();
 
     simpDB_assigns = nAssigns();
-    simpDB_props   = clauses_literals + learnts_literals;   // (shouldn't depend on stats really, but it will do for now)
+       // (shouldn't depend on stats really, but it will do for now)
 
     return true;
 }

2023-07-15 02:33:35,024	[DEBUG]	StmtInsertion(('core/Solver.cc.xml', '_inter_block', 43), ('core/Solver.cc.xml', 'stmt', 99))
2023-07-15 02:33:35,025	[INFO]	5       SUCCESS              +969.6948 (98.57%) [1 edit(s)] 
2023-07-15 02:33:35,035	[DEBUG]	--- before: core/Solver.cc
+++ after: core/Solver.cc
@@ -197,6 +197,7 @@
         return ok = false;
 }/*auto*/
     else if (ps.size() == 1){
+        rnd_decisions++;
         uncheckedEnqueue(ps[0]);
         return ok = (propagate() == CRef_Undef);
     }else{

2023-07-15 02:33:35,036	[INFO]	-- rebuild --
2023-07-15 02:49:40,257	[DEBUG]	StmtDeletion(('core/Solver.cc.xml', 'stmt', 157)) | StmtDeletion(('core/Solver.cc.xml', 'stmt', 297))
2023-07-15 02:49:40,258	[INFO]	6       SUCCESS              +961.7557 (97.76%) [2 edit(s)] 
2023-07-15 02:49:40,280	[DEBUG]	--- before: core/Solver.cc
+++ after: core/Solver.cc
@@ -418,7 +418,7 @@
             }
         }
     }else/*auto*/{
-        i = j = out_learnt.size();
+        
 }/*auto*/
 
     max_literals += out_learnt.size();
@@ -716,7 +716,7 @@
     rebuildOrderHeap();
 
     simpDB_assigns = nAssigns();
-    simpDB_props   = clauses_literals + learnts_literals;   // (shouldn't depend on stats really, but it will do for now)
+       // (shouldn't depend on stats really, but it will do for now)
 
     return true;
 }

2023-07-15 03:05:43,406	[DEBUG]	StmtDeletion(('core/Solver.cc.xml', 'stmt', 157)) | StmtInsertion(('core/Solver.cc.xml', '_inter_block', 43), ('core/Solver.cc.xml', 'stmt', 99))
2023-07-15 03:05:43,407	[INFO]	7       SUCCESS              +959.5518 (97.54%) [2 edit(s)] 
2023-07-15 03:05:43,430	[DEBUG]	--- before: core/Solver.cc
+++ after: core/Solver.cc
@@ -197,6 +197,7 @@
         return ok = false;
 }/*auto*/
     else if (ps.size() == 1){
+        rnd_decisions++;
         uncheckedEnqueue(ps[0]);
         return ok = (propagate() == CRef_Undef);
     }else{
@@ -418,7 +419,7 @@
             }
         }
     }else/*auto*/{
-        i = j = out_learnt.size();
+        
 }/*auto*/
 
     max_literals += out_learnt.size();

2023-07-15 03:23:18,971	[DEBUG]	StmtDeletion(('core/Solver.cc.xml', 'stmt', 157)) | StmtDeletion(('core/Solver.cc.xml', 'stmt', 115))
2023-07-15 03:23:18,971	[INFO]	8       SUCCESS              +1052.0181 (106.94%) [2 edit(s)] 
2023-07-15 03:23:18,982	[DEBUG]	--- before: core/Solver.cc
+++ after: core/Solver.cc
@@ -346,7 +346,7 @@
         Clause& c = ca[confl];
 
         if (c.learnt() && c.mark() != 3){
-            LBD(c);
+            
             c.mark(L < LBD_cut ? 3 : 2);
             if (L < LBD_cut){
                 lF.push(confl);
@@ -418,7 +418,7 @@
             }
         }
     }else/*auto*/{
-        i = j = out_learnt.size();
+        
 }/*auto*/
 
     max_literals += out_learnt.size();

2023-07-15 03:23:18,982	[INFO]	-- simplify --
2023-07-15 03:23:18,990	[DEBUG]	
2023-07-15 03:23:18,991	[INFO]	9       SUCCESS              +983.7697 (100.0%) [0 edit(s)] 
2023-07-15 03:23:18,998	[DEBUG]	
2023-07-15 03:23:19,008	[INFO]	==== END ====
2023-07-15 03:23:19,008	[INFO]	Reason: validation end
2023-07-15 03:23:19,008	[INFO]	
2023-07-15 03:23:19,008	[INFO]	==== REPORT ====
2023-07-15 03:23:19,009	[INFO]	Termination: validation end
2023-07-15 03:23:19,009	[INFO]	Log file: /home/tsongpet/MSc-SSE-GI-project/_magpie_logs/minisat-hack_1689376850.log
2023-07-15 03:23:19,018	[INFO]	Patch file: _magpie_logs/minisat-hack_1689376850.patch
2023-07-15 03:23:19,018	[INFO]	Diff file: _magpie_logs/minisat-hack_1689376850.diff
2023-07-15 03:23:19,018	[INFO]	Best fitness: 953.7978
2023-07-15 03:23:19,018	[INFO]	Best patch: StmtDeletion(('core/Solver.cc.xml', 'stmt', 157))
2023-07-15 03:23:19,018	[INFO]	Diff:
--- before: core/Solver.cc
+++ after: core/Solver.cc
@@ -418,7 +418,7 @@
             }
         }
     }else/*auto*/{
-        i = j = out_learnt.size();
+        
 }/*auto*/
 
     max_literals += out_learnt.size();

