2023-08-02 16:15:28,455	[DEBUG]	==== CONFIG ====
[magpie]
import = 
seed = 
log_dir = _magpie_logs
work_dir = _magpie_work
local_original_copy = False
local_original_name = __original__
output_encoding = ascii
edit_retries = 10
default_timeout = 30
default_lengthout = 1e6
diff_method = unified

[software]
path = code/minisat-hack
target_files = 
	core/Solver.cc.xml
	minisat.params
program = BasicProgram
engine_rules = 
	*.params : ConfigFileParamsEngine
	*.xml : SrcmlEngine
	* : LineEngine
engine_config = 
	*.params : [params]
	*.xml : [srcml]
setup_cmd = ./compile.sh
setup_timeout = 
setup_lengthout = 
compile_cmd = ./compile.sh
compile_timeout = 16
compile_lengthout = 
test_cmd = 
test_timeout = 
test_lengthout = 
run_cmd = perf stat run-sh/validate_3.sh
run_timeout = 1571
run_lengthout = 
fitness = perf_instructions

[srcml]
rename = 
	stmt: break continue decl_stmt do expr_stmt for goto if return switch while
	number: literal_number
focus = block stmt operator_comp operator_arith number
internodes = block
process_pseudo_blocks = True
process_literals = True
process_operators = True

[params]
timing = test run
cli_prefix = --
cli_glue = =
cli_boolean = show
cli_boolean_prefix_true = 
cli_boolean_prefix_false = no-
silent_prefix = @
silent_suffix = $

[search]
protocol = BasicProtocol
algorithm = ValidTest
possible_edits = 
	ParamSetting
warmup = 1
warmup_strategy = last
max_steps = 
max_time = 
target_fitness = 
cache_maxsize = 40
cache_keep = 0.2

[search.ls]
delete_prob = 0.5
max_neighbours = 
when_trapped = continue
accept_fail = False
tabu_length = 10

[search.gp]
pop_size = 10
delete_prob = 0.5
offspring_elitism = 0.1
offspring_crossover = 0.5
offspring_mutation = 0.4
uniform_rate = 0.5

[search.ga]
pop_size = 10
elitism_size = 2
cxpb_chrm = 0.5
cxpb_gene = 0.5
mutpb_chrm = 0.2
mutpb_gene = 0.1
gi_delete_prob = 0.5
gi_create_prob = 0.5
tournament_size = 3

[search.pso]
pop_size = 10
speed_min = -3
speed_max = 3
c1 = 1.49
c2 = 1.49


2023-08-02 16:15:28,456	[INFO]	==== WARMUP ====
2023-08-02 16:33:41,999	[INFO]	WARM    SUCCESS               1827121362761           
2023-08-02 16:33:42,000	[INFO]	INITIAL SUCCESS               1827121362761           
2023-08-02 16:33:42,000	[INFO]	==== START: ValidTest ====
2023-08-02 16:33:42,044	[DEBUG]	CLEAN_PATCH: ParamSetting(('minisat.params', 'gc-frac'), 0.7538716522191903) | ParamSetting(('minisat.params', 'cp-increase'), 5785) | ParamSetting(('minisat.params', 'lbd-cut-max'), 12)
2023-08-02 16:33:42,044	[DEBUG]	CLEAN_SIZE: 3 (was 5)
2023-08-02 16:49:03,062	[DEBUG]	ParamSetting(('minisat.params', 'gc-frac'), 0.7538716522191903) | ParamSetting(('minisat.params', 'cp-increase'), 5785) | ParamSetting(('minisat.params', 'lbd-cut-max'), 12)
2023-08-02 16:49:03,063	[INFO]	1       SUCCESS              *1558740825116 (85.31%) [3 edit(s)] 
2023-08-02 16:49:03,072	[DEBUG]	--- before: minisat.params
+++ after: minisat.params
@@ -1,6 +1,6 @@
 lbd-cut := 5
-lbd-cut-max := 10
-cp-increase := 15000
+lbd-cut-max := 12
+cp-increase := 5785
 core-tolerance := 0.02
 R-val := 1.4
 var-decay := 0.8
@@ -10,7 +10,7 @@
 phase-saving := '2'
 rnd-init := 'False'
 luby := 0
-gc-frac := 0.2
+gc-frac := 0.7538716522191903
 verb := '1'
 pre := 'True'
 asymm := 'False'

2023-08-02 16:49:03,079	[INFO]	==== END ====
2023-08-02 16:49:03,079	[INFO]	Reason: validation end
2023-08-02 16:49:03,079	[INFO]	
2023-08-02 16:49:03,079	[INFO]	==== REPORT ====
2023-08-02 16:49:03,079	[INFO]	Termination: validation end
2023-08-02 16:49:03,079	[INFO]	Log file: /cs/student/msc/sse/2022/tsongpet/MSc-SSE-GI-project/_magpie_logs/minisat-hack_1690989325.log
2023-08-02 16:49:03,086	[INFO]	Patch file: _magpie_logs/minisat-hack_1690989325.patch
2023-08-02 16:49:03,087	[INFO]	Diff file: _magpie_logs/minisat-hack_1690989325.diff
2023-08-02 16:49:03,087	[INFO]	Best fitness: 1558740825116
2023-08-02 16:49:03,087	[INFO]	Best patch: ParamSetting(('minisat.params', 'gc-frac'), 0.7538716522191903) | ParamSetting(('minisat.params', 'cp-increase'), 5785) | ParamSetting(('minisat.params', 'lbd-cut-max'), 12)
2023-08-02 16:49:03,087	[INFO]	Diff:
--- before: minisat.params
+++ after: minisat.params
@@ -1,6 +1,6 @@
 lbd-cut := 5
-lbd-cut-max := 10
-cp-increase := 15000
+lbd-cut-max := 12
+cp-increase := 5785
 core-tolerance := 0.02
 R-val := 1.4
 var-decay := 0.8
@@ -10,7 +10,7 @@
 phase-saving := '2'
 rnd-init := 'False'
 luby := 0
-gc-frac := 0.2
+gc-frac := 0.7538716522191903
 verb := '1'
 pre := 'True'
 asymm := 'False'

