2023-07-16 08:48:39,166	[DEBUG]	==== CONFIG ====
[magpie]
import = 
seed = 
log_dir = _magpie_logs
work_dir = _magpie_work
local_original_copy = False
local_original_name = __original__
output_encoding = ascii
edit_retries = 10
default_timeout = 30
default_lengthout = 1e6
diff_method = unified

[software]
path = code/minisat-hack
target_files = 
	core/Solver.cc.xml
	minisat.params
program = BasicProgram
engine_rules = 
	*.params : ConfigFileParamsEngine
	*.xml : SrcmlEngine
	* : LineEngine
engine_config = 
	*.params : [params]
	*.xml : [srcml]
setup_cmd = ./compile.sh
setup_timeout = 
setup_lengthout = 
compile_cmd = ./compile.sh
compile_timeout = 15
compile_lengthout = 
test_cmd = 
test_timeout = 
test_lengthout = 
run_cmd = perf stat run-sh/test.sh
run_timeout = 6585
run_lengthout = 
fitness = perf_time

[srcml]
rename = 
	stmt: break continue decl_stmt do expr_stmt for goto if return switch while
	number: literal_number
focus = block stmt operator_comp operator_arith number
internodes = block
process_pseudo_blocks = True
process_literals = True
process_operators = True

[params]
timing = test run
cli_prefix = --
cli_glue = =
cli_boolean = show
cli_boolean_prefix_true = 
cli_boolean_prefix_false = no-
silent_prefix = @
silent_suffix = $

[search]
protocol = BasicProtocol
algorithm = ValidTest
possible_edits = 
	StmtReplacement
	StmtInsertion
	StmtDeletion
warmup = 3
warmup_strategy = last
max_steps = 
max_time = 
target_fitness = 
cache_maxsize = 40
cache_keep = 0.2

[search.ls]
delete_prob = 0.5
max_neighbours = 
when_trapped = continue
accept_fail = False
tabu_length = 10

[search.gp]
pop_size = 10
delete_prob = 0.5
offspring_elitism = 0.1
offspring_crossover = 0.5
offspring_mutation = 0.4
uniform_rate = 0.5


2023-07-16 08:48:39,167	[INFO]	==== WARMUP ====
2023-07-16 10:25:35,488	[INFO]	WARM    SUCCESS               5804.9511               
2023-07-16 12:01:39,347	[INFO]	WARM    SUCCESS               5760.2919               
2023-07-16 13:38:21,182	[INFO]	WARM    SUCCESS               5798.0251               
2023-07-16 13:38:21,182	[INFO]	INITIAL SUCCESS               5798.0251               
2023-07-16 13:38:21,183	[INFO]	==== START: ValidTest ====
2023-07-16 13:38:21,199	[DEBUG]	CLEAN_PATCH: StmtDeletion(('core/Solver.cc.xml', 'stmt', 381))
2023-07-16 13:38:21,200	[DEBUG]	CLEAN_SIZE: 1 (was 1)
2023-07-16 15:14:46,565	[DEBUG]	StmtDeletion(('core/Solver.cc.xml', 'stmt', 381))
2023-07-16 15:14:46,565	[INFO]	1       SUCCESS              *5781.8296 (99.72%) [1 edit(s)] 
2023-07-16 15:14:46,576	[DEBUG]	--- before: core/Solver.cc
+++ after: core/Solver.cc
@@ -925,7 +925,7 @@
 }/*auto*/
 
     while (size-1 != x){
-        size = (size-1)>>1;
+        
         seq--;
         x = x % size;
     }

2023-07-16 15:14:46,585	[INFO]	==== END ====
2023-07-16 15:14:46,585	[INFO]	Reason: validation end
2023-07-16 15:14:46,585	[INFO]	
2023-07-16 15:14:46,585	[INFO]	==== REPORT ====
2023-07-16 15:14:46,585	[INFO]	Termination: validation end
2023-07-16 15:14:46,586	[INFO]	Log file: /home/tsongpet/MSc-SSE-GI-project/_magpie_logs/minisat-hack_1689493717.log
2023-07-16 15:14:46,594	[INFO]	Patch file: _magpie_logs/minisat-hack_1689493717.patch
2023-07-16 15:14:46,595	[INFO]	Diff file: _magpie_logs/minisat-hack_1689493717.diff
2023-07-16 15:14:46,595	[INFO]	Best fitness: 5781.8296
2023-07-16 15:14:46,595	[INFO]	Best patch: StmtDeletion(('core/Solver.cc.xml', 'stmt', 381))
2023-07-16 15:14:46,595	[INFO]	Diff:
--- before: core/Solver.cc
+++ after: core/Solver.cc
@@ -925,7 +925,7 @@
 }/*auto*/
 
     while (size-1 != x){
-        size = (size-1)>>1;
+        
         seq--;
         x = x % size;
     }

