2023-08-21 15:01:47,977	[DEBUG]	==== CONFIG ====
[magpie]
import = 
seed = 
log_dir = _magpie_logs
work_dir = _magpie_work
local_original_copy = False
local_original_name = __original__
output_encoding = ascii
edit_retries = 10
default_timeout = 30
default_lengthout = 1e6
diff_method = unified

[software]
path = code/minisat-hack
target_files = 
	core/Solver.cc.xml
	minisat.params
program = BasicProgram
engine_rules = 
	*.params : ConfigFileParamsEngine
	*.xml : SrcmlEngine
	* : LineEngine
engine_config = 
	*.params : [params]
	*.xml : [srcml]
setup_cmd = ./compile.sh
setup_timeout = 
setup_lengthout = 
compile_cmd = ./compile.sh
compile_timeout = 16
compile_lengthout = 
test_cmd = 
test_timeout = 
test_lengthout = 
run_cmd = perf stat run-sh/validate_10.sh
run_timeout = 1518
run_lengthout = 
fitness = perf_instructions

[srcml]
rename = 
	stmt: break continue decl_stmt do expr_stmt for goto if return switch while
	number: literal_number
focus = block stmt operator_comp operator_arith number
internodes = block
process_pseudo_blocks = True
process_literals = True
process_operators = True

[params]
timing = test run
cli_prefix = --
cli_glue = =
cli_boolean = show
cli_boolean_prefix_true = 
cli_boolean_prefix_false = no-
silent_prefix = @
silent_suffix = $

[search]
protocol = BasicProtocol
algorithm = ValidTest
possible_edits = 
	StmtReplacement
	StmtInsertion
	StmtDeletion
warmup = 1
warmup_strategy = last
max_steps = 
max_time = 
target_fitness = 
cache_maxsize = 40
cache_keep = 0.2

[search.ls]
delete_prob = 0.5
max_neighbours = 
when_trapped = continue
accept_fail = False
tabu_length = 10

[search.gp]
pop_size = 10
delete_prob = 0.5
offspring_elitism = 0.1
offspring_crossover = 0.5
offspring_mutation = 0.4
uniform_rate = 0.5

[search.ga]
pop_size = 100
elitism_size = 10
cxpb_chrm = 0.5
cxpb_gene = 0.5
mutpb_chrm = 0.2
mutpb_gene = 0.1
gi_delete_prob = 0.5
gi_create_prob = 0.5
tournament_size = 3

[search.pso]
pop_size = 10
speed_min = -3
speed_max = 3
c1 = 1.49
c2 = 1.49


2023-08-21 15:01:47,978	[INFO]	==== WARMUP ====
2023-08-21 15:17:25,512	[INFO]	WARM    SUCCESS               1728937809175           
2023-08-21 15:17:25,513	[INFO]	INITIAL SUCCESS               1728937809175           
2023-08-21 15:17:25,513	[INFO]	==== START: ValidTest ====
2023-08-21 15:17:25,560	[DEBUG]	CLEAN_PATCH: StmtDeletion(('core/Solver.cc.xml', 'stmt', 343)) | StmtDeletion(('core/Solver.cc.xml', 'stmt', 178)) | StmtDeletion(('core/Solver.cc.xml', 'stmt', 216))
2023-08-21 15:17:25,560	[DEBUG]	CLEAN_SIZE: 3 (was 3)
2023-08-21 15:34:33,766	[DEBUG]	StmtDeletion(('core/Solver.cc.xml', 'stmt', 343)) | StmtDeletion(('core/Solver.cc.xml', 'stmt', 178)) | StmtDeletion(('core/Solver.cc.xml', 'stmt', 216))
2023-08-21 15:34:33,767	[INFO]	1       SUCCESS              *1913127514778 (110.65%) [3 edit(s)] 
2023-08-21 15:34:33,782	[DEBUG]	--- before: core/Solver.cc
+++ after: core/Solver.cc
@@ -459,7 +459,7 @@
     analyze_stack.clear(); analyze_stack.push(p);
     int top = analyze_toclear.size();
     while (analyze_stack.size() > 0){
-        assert(reason(var(analyze_stack.last())) != CRef_Undef);
+        
         Clause& c = ca[reason(var(analyze_stack.last()))]; analyze_stack.pop();
 
         for (int i = 1; i < c.size(); i++){
@@ -550,7 +550,7 @@
 {
     CRef    confl     = CRef_Undef;
     int     num_props = 0;
-    watches.cleanAll();
+    
 
     while (qhead < trail.size()){
         Lit            p   = trail[qhead++];     // 'p' is enqueued fact to propagate.
@@ -824,9 +824,7 @@
                 return l_Undef; }
 
             // Simplify the set of problem clauses:
-            if (decisionLevel() == 0 && !simplify())/*auto*/{
-                return l_False;
-}/*auto*/
+            
 
             if (learnts.size() > (int32_t)opt_cp_increase && cp < conflicts){
                 cp = conflicts + (int32_t)opt_cp_increase;

2023-08-21 15:34:33,795	[INFO]	==== END ====
2023-08-21 15:34:33,796	[INFO]	Reason: validation end
2023-08-21 15:34:33,796	[INFO]	
2023-08-21 15:34:33,796	[INFO]	==== REPORT ====
2023-08-21 15:34:33,796	[INFO]	Termination: validation end
2023-08-21 15:34:33,796	[INFO]	Log file: /cs/research/crest/home0/jpetke/MSc-SSE-GI-project/_magpie_logs/minisat-hack_1692626504.log
2023-08-21 15:34:33,809	[INFO]	Patch file: _magpie_logs/minisat-hack_1692626504.patch
2023-08-21 15:34:33,809	[INFO]	Diff file: _magpie_logs/minisat-hack_1692626504.diff
2023-08-21 15:34:33,809	[INFO]	Best fitness: 1913127514778
2023-08-21 15:34:33,809	[INFO]	Best patch: StmtDeletion(('core/Solver.cc.xml', 'stmt', 343)) | StmtDeletion(('core/Solver.cc.xml', 'stmt', 178)) | StmtDeletion(('core/Solver.cc.xml', 'stmt', 216))
2023-08-21 15:34:33,809	[INFO]	Diff:
--- before: core/Solver.cc
+++ after: core/Solver.cc
@@ -459,7 +459,7 @@
     analyze_stack.clear(); analyze_stack.push(p);
     int top = analyze_toclear.size();
     while (analyze_stack.size() > 0){
-        assert(reason(var(analyze_stack.last())) != CRef_Undef);
+        
         Clause& c = ca[reason(var(analyze_stack.last()))]; analyze_stack.pop();
 
         for (int i = 1; i < c.size(); i++){
@@ -550,7 +550,7 @@
 {
     CRef    confl     = CRef_Undef;
     int     num_props = 0;
-    watches.cleanAll();
+    
 
     while (qhead < trail.size()){
         Lit            p   = trail[qhead++];     // 'p' is enqueued fact to propagate.
@@ -824,9 +824,7 @@
                 return l_Undef; }
 
             // Simplify the set of problem clauses:
-            if (decisionLevel() == 0 && !simplify())/*auto*/{
-                return l_False;
-}/*auto*/
+            
 
             if (learnts.size() > (int32_t)opt_cp_increase && cp < conflicts){
                 cp = conflicts + (int32_t)opt_cp_increase;

