2023-07-17 04:07:52,453	[DEBUG]	==== CONFIG ====
[magpie]
import = 
seed = 
log_dir = _magpie_logs
work_dir = _magpie_work
local_original_copy = False
local_original_name = __original__
output_encoding = ascii
edit_retries = 10
default_timeout = 30
default_lengthout = 1e6
diff_method = unified

[software]
path = code/minisat-hack
target_files = 
	core/Solver.cc.xml
	minisat.params
program = BasicProgram
engine_rules = 
	*.params : ConfigFileParamsEngine
	*.xml : SrcmlEngine
	* : LineEngine
engine_config = 
	*.params : [params]
	*.xml : [srcml]
setup_cmd = ./compile.sh
setup_timeout = 
setup_lengthout = 
compile_cmd = ./compile.sh
compile_timeout = 15
compile_lengthout = 
test_cmd = 
test_timeout = 
test_lengthout = 
run_cmd = perf stat run-sh/test.sh
run_timeout = 6585
run_lengthout = 
fitness = perf_time

[srcml]
rename = 
	stmt: break continue decl_stmt do expr_stmt for goto if return switch while
	number: literal_number
focus = block stmt operator_comp operator_arith number
internodes = block
process_pseudo_blocks = True
process_literals = True
process_operators = True

[params]
timing = test run
cli_prefix = --
cli_glue = =
cli_boolean = show
cli_boolean_prefix_true = 
cli_boolean_prefix_false = no-
silent_prefix = @
silent_suffix = $

[search]
protocol = BasicProtocol
algorithm = ValidTest
possible_edits = 
	ParamSetting
warmup = 3
warmup_strategy = last
max_steps = 
max_time = 
target_fitness = 
cache_maxsize = 40
cache_keep = 0.2

[search.ls]
delete_prob = 0.5
max_neighbours = 
when_trapped = continue
accept_fail = False
tabu_length = 10

[search.gp]
pop_size = 10
delete_prob = 0.5
offspring_elitism = 0.1
offspring_crossover = 0.5
offspring_mutation = 0.4
uniform_rate = 0.5


2023-07-17 04:07:52,454	[INFO]	==== WARMUP ====
2023-07-17 05:44:49,778	[INFO]	WARM    SUCCESS               5809.3147               
2023-07-17 07:23:16,821	[INFO]	WARM    SUCCESS               5903.5714               
2023-07-17 08:59:50,654	[INFO]	WARM    SUCCESS               5789.9375               
2023-07-17 08:59:50,655	[INFO]	INITIAL SUCCESS               5789.9375               
2023-07-17 08:59:50,655	[INFO]	==== START: ValidTest ====
2023-07-17 08:59:50,672	[DEBUG]	CLEAN_PATCH: ParamSetting(('minisat.params', 'cp-increase'), 5160)
2023-07-17 08:59:50,672	[DEBUG]	CLEAN_SIZE: 1 (was 1)
2023-07-17 10:36:23,858	[DEBUG]	ParamSetting(('minisat.params', 'cp-increase'), 5160)
2023-07-17 10:36:23,858	[INFO]	1       SUCCESS              *5789.7429 (100.0%) [1 edit(s)] 
2023-07-17 10:36:23,867	[DEBUG]	--- before: minisat.params
+++ after: minisat.params
@@ -1,6 +1,6 @@
 lbd-cut := 5.0
 lbd-cut-max := 10.0
-cp-increase := 15000
+cp-increase := 5160
 core-tolerance := 0.02
 var-decay := 0.95
 cla-decay := 0.999

2023-07-17 10:36:23,875	[INFO]	==== END ====
2023-07-17 10:36:23,875	[INFO]	Reason: validation end
2023-07-17 10:36:23,875	[INFO]	
2023-07-17 10:36:23,875	[INFO]	==== REPORT ====
2023-07-17 10:36:23,875	[INFO]	Termination: validation end
2023-07-17 10:36:23,875	[INFO]	Log file: /home/tsongpet/MSc-SSE-GI-project/_magpie_logs/minisat-hack_1689563271.log
2023-07-17 10:36:23,883	[INFO]	Patch file: _magpie_logs/minisat-hack_1689563271.patch
2023-07-17 10:36:23,883	[INFO]	Diff file: _magpie_logs/minisat-hack_1689563271.diff
2023-07-17 10:36:23,884	[INFO]	Best fitness: 5789.7429
2023-07-17 10:36:23,884	[INFO]	Best patch: ParamSetting(('minisat.params', 'cp-increase'), 5160)
2023-07-17 10:36:23,884	[INFO]	Diff:
--- before: minisat.params
+++ after: minisat.params
@@ -1,6 +1,6 @@
 lbd-cut := 5.0
 lbd-cut-max := 10.0
-cp-increase := 15000
+cp-increase := 5160
 core-tolerance := 0.02
 var-decay := 0.95
 cla-decay := 0.999

