2023-08-16 16:13:56,948	[DEBUG]	==== CONFIG ====
[magpie]
import = 
seed = 
log_dir = _magpie_logs
work_dir = _magpie_work
local_original_copy = False
local_original_name = __original__
output_encoding = ascii
edit_retries = 10
default_timeout = 30
default_lengthout = 1e6
diff_method = unified

[software]
path = code/minisat-hack
target_files = 
	core/Solver.cc.xml
	minisat.params
program = BasicProgram
engine_rules = 
	*.params : ConfigFileParamsEngine
	*.xml : SrcmlEngine
	* : LineEngine
engine_config = 
	*.params : [params]
	*.xml : [srcml]
setup_cmd = ./compile.sh
setup_timeout = 
setup_lengthout = 
compile_cmd = ./compile.sh
compile_timeout = 16
compile_lengthout = 
test_cmd = 
test_timeout = 
test_lengthout = 
run_cmd = perf stat run-sh/train_10.sh
run_timeout = 76
run_lengthout = 
fitness = perf_instructions

[srcml]
rename = 
	stmt: break continue decl_stmt do expr_stmt for goto if return switch while
	number: literal_number
focus = block stmt operator_comp operator_arith number
internodes = block
process_pseudo_blocks = True
process_literals = True
process_operators = True

[params]
timing = test run
cli_prefix = --
cli_glue = =
cli_boolean = show
cli_boolean_prefix_true = 
cli_boolean_prefix_false = no-
silent_prefix = @
silent_suffix = $

[search]
protocol = BasicProtocol
algorithm = GeneticAlgorithm
possible_edits = 
	StmtReplacement
	StmtInsertion
	StmtDeletion
	ParamSetting
warmup = 1
warmup_strategy = last
max_steps = 
max_time = 11270
target_fitness = 
cache_maxsize = 40
cache_keep = 0.2

[search.ls]
delete_prob = 0.5
max_neighbours = 
when_trapped = continue
accept_fail = False
tabu_length = 10

[search.gp]
pop_size = 10
delete_prob = 0.5
offspring_elitism = 0.1
offspring_crossover = 0.5
offspring_mutation = 0.4
uniform_rate = 0.5

[search.ga]
pop_size = 100
elitism_size = 10
cxpb_chrm = 0.5
cxpb_gene = 0.5
mutpb_chrm = 0.2
mutpb_gene = 0.1
gi_delete_prob = 0.5
gi_create_prob = 0.5
tournament_size = 3

[search.pso]
pop_size = 10
speed_min = -3
speed_max = 3
c1 = 1.49
c2 = 1.49


2023-08-16 16:13:56,950	[INFO]	==== WARMUP ====
2023-08-16 16:15:24,921	[INFO]	WARM    RUN_TIMEOUT           None                    
2023-08-16 16:15:24,922	[INFO]	!*!*!*!*!*!*!*!*!*!*!*!*!*!*!*!*!*!*!*!*!*!*!*!*!*!*!*!*!*!*!*!*!*!*!*!*!*!*!*!*
2023-08-16 16:15:24,922	[INFO]	CWD: /cs/student/projects1/sse/2022/tsongpet/MSc-SSE-GI-project/_magpie_work/minisat-hack_1692198833/minisat-hack
2023-08-16 16:15:24,922	[INFO]	CMD: ['perf', 'stat', 'run-sh/train_10.sh', '-lbd-cut=5', '-lbd-cut-max=10', '-cp-increase=15000', '-core-tolerance=0.02', '-R-val=1.4', '-var-decay=0.8', '-cla-decay=0.999', '-rnd-freq=0.0', '-ccmin-mode=2', '-phase-saving=2', '-no-rnd-init', '-luby=0', '-gc-frac=0.2', '-verb=1', '-pre', '-no-asymm', '-no-rcheck', '-elim', '-grow=0', '-cl-lim=20', '-sub-lim=1000', '-simp-gc-frac=0.5']
2023-08-16 16:15:24,922	[INFO]	STATUS: TIMEOUT
2023-08-16 16:15:24,922	[INFO]	RETURN_CODE: -9
2023-08-16 16:15:24,923	[INFO]	RUNTIME: 76.08624458312988
2023-08-16 16:15:24,923	[INFO]	STDOUT:

2023-08-16 16:15:24,923	[INFO]	STDERR:

2023-08-16 16:15:24,923	[INFO]	!*!*!*!*!*!*!*!*!*!*!*!*!*!*!*!*!*!*!*!*!*!*!*!*!*!*!*!*!*!*!*!*!*!*!*!*!*!*!*!*
2023-08-16 16:15:24,923	[INFO]	Magpie stopped because it was unable to run the (unmodified) target software
2023-08-16 16:15:24,923	[INFO]	Self-diagnostic:
2023-08-16 16:15:24,923	[INFO]	The "run_cmd" command took too long to run
2023-08-16 16:15:24,923	[INFO]	--> consider increasing "run_timeout"
2023-08-16 16:15:24,924	[INFO]	!*!*!*!*!*!*!*!*!*!*!*!*!*!*!*!*!*!*!*!*!*!*!*!*!*!*!*!*!*!*!*!*!*!*!*!*!*!*!*!*
2023-08-16 16:15:24,924	[INFO]	==== END ====
2023-08-16 16:15:24,924	[INFO]	Reason: None
