2023-07-14 21:45:12,154	[DEBUG]	==== CONFIG ====
[magpie]
import = 
seed = 
log_dir = _magpie_logs
work_dir = _magpie_work
local_original_copy = False
local_original_name = __original__
output_encoding = ascii
edit_retries = 10
default_timeout = 30
default_lengthout = 1e6
diff_method = unified

[software]
path = code/minisat-hack
target_files = 
	core/Solver.cc.xml
	minisat.params
program = BasicProgram
engine_rules = 
	*.params : ConfigFileParamsEngine
	*.xml : SrcmlEngine
	* : LineEngine
engine_config = 
	*.params : [params]
	*.xml : [srcml]
setup_cmd = ./compile.sh
setup_timeout = 
setup_lengthout = 
compile_cmd = ./compile.sh
compile_timeout = 15
compile_lengthout = 
test_cmd = 
test_timeout = 
test_lengthout = 
run_cmd = perf stat run-sh/validate_9.sh
run_timeout = 1284
run_lengthout = 
fitness = perf_time

[srcml]
rename = 
	stmt: break continue decl_stmt do expr_stmt for goto if return switch while
	number: literal_number
focus = block stmt operator_comp operator_arith number
internodes = block
process_pseudo_blocks = True
process_literals = True
process_operators = True

[params]
timing = test run
cli_prefix = --
cli_glue = =
cli_boolean = show
cli_boolean_prefix_true = 
cli_boolean_prefix_false = no-
silent_prefix = @
silent_suffix = $

[search]
protocol = BasicProtocol
algorithm = ValidRankingSimplify
possible_edits = 
	StmtReplacement
	StmtInsertion
	StmtDeletion
warmup = 3
warmup_strategy = last
max_steps = 
max_time = 
target_fitness = 
cache_maxsize = 40
cache_keep = 0.2

[search.ls]
delete_prob = 0.5
max_neighbours = 
when_trapped = continue
accept_fail = False
tabu_length = 10

[search.gp]
pop_size = 10
delete_prob = 0.5
offspring_elitism = 0.1
offspring_crossover = 0.5
offspring_mutation = 0.4
uniform_rate = 0.5


2023-07-14 21:45:12,155	[INFO]	==== WARMUP ====
2023-07-14 22:02:45,221	[INFO]	WARM    SUCCESS               1044.8924               
2023-07-14 22:20:06,910	[INFO]	WARM    SUCCESS               1038.0269               
2023-07-14 22:37:50,752	[INFO]	WARM    SUCCESS               1060.2064               
2023-07-14 22:37:50,752	[INFO]	INITIAL SUCCESS               1060.2064               
2023-07-14 22:37:50,752	[INFO]	==== START: ValidRankingSimplify ====
2023-07-14 22:37:50,855	[DEBUG]	CLEAN_PATCH: StmtDeletion(('core/Solver.cc.xml', 'stmt', 454)) | StmtReplacement(('core/Solver.cc.xml', 'stmt', 86), ('core/Solver.cc.xml', 'stmt', 85)) | StmtInsertion(('core/Solver.cc.xml', '_inter_block', 321), ('core/Solver.cc.xml', 'stmt', 195)) | StmtDeletion(('core/Solver.cc.xml', 'stmt', 445)) | StmtDeletion(('core/Solver.cc.xml', 'stmt', 114)) | StmtDeletion(('core/Solver.cc.xml', 'stmt', 356))
2023-07-14 22:37:50,855	[DEBUG]	CLEAN_SIZE: 6 (was 6)
2023-07-14 22:43:12,365	[DEBUG]	StmtDeletion(('core/Solver.cc.xml', 'stmt', 454)) | StmtReplacement(('core/Solver.cc.xml', 'stmt', 86), ('core/Solver.cc.xml', 'stmt', 85)) | StmtInsertion(('core/Solver.cc.xml', '_inter_block', 321), ('core/Solver.cc.xml', 'stmt', 195)) | StmtDeletion(('core/Solver.cc.xml', 'stmt', 445)) | StmtDeletion(('core/Solver.cc.xml', 'stmt', 114)) | StmtDeletion(('core/Solver.cc.xml', 'stmt', 356))
2023-07-14 22:43:12,366	[INFO]	1       RUN_CODE_ERROR        None  [6 edit(s)]       
2023-07-14 22:43:12,366	[INFO]	-- ranking --
2023-07-14 23:00:57,251	[DEBUG]	StmtDeletion(('core/Solver.cc.xml', 'stmt', 454))
2023-07-14 23:00:57,252	[INFO]	2       SUCCESS              *1061.103 (100.08%) [1 edit(s)] 
2023-07-14 23:00:57,261	[DEBUG]	--- before: core/Solver.cc
+++ after: core/Solver.cc
@@ -1067,7 +1067,7 @@
 }/*auto*/
 
     if (verbosity > 0)/*auto*/{
-        printf("Wrote %d clauses with %d variables.\n", cnt, max);
+        
 }/*auto*/
 }
 

2023-07-14 23:18:51,873	[DEBUG]	StmtReplacement(('core/Solver.cc.xml', 'stmt', 86), ('core/Solver.cc.xml', 'stmt', 85))
2023-07-14 23:18:51,874	[INFO]	3       SUCCESS              +1070.7234 (100.99%) [1 edit(s)] 
2023-07-14 23:18:51,886	[DEBUG]	--- before: core/Solver.cc
+++ after: core/Solver.cc
@@ -271,6 +271,7 @@
 //
 void Solver::cancelUntil(int level) {
     if (decisionLevel() > level){
+        if (decisionLevel() > level){
         for (int c = trail.size()-1; c >= trail_lim[level]; c--){
             Var      x  = var(trail[c]);
             assigns [x] = l_Undef;
@@ -278,6 +279,10 @@
                 polarity[x] = sign(trail[c]);
 }/*auto*/
             insertVarOrder(x); }
+        qhead = trail_lim[level];
+        trail.shrink(trail.size() - trail_lim[level]);
+        trail_lim.shrink(trail_lim.size() - level);
+    }
         qhead = trail_lim[level];
         trail.shrink(trail.size() - trail_lim[level]);
         trail_lim.shrink(trail_lim.size() - level);

2023-07-14 23:26:38,036	[DEBUG]	StmtInsertion(('core/Solver.cc.xml', '_inter_block', 321), ('core/Solver.cc.xml', 'stmt', 195))
2023-07-14 23:26:38,037	[INFO]	4       RUN_CODE_ERROR        None  [1 edit(s)]       
2023-07-14 23:44:37,731	[DEBUG]	StmtDeletion(('core/Solver.cc.xml', 'stmt', 445))
2023-07-14 23:44:37,732	[INFO]	5       SUCCESS              +1076.2106 (101.51%) [1 edit(s)] 
2023-07-14 23:44:37,743	[DEBUG]	--- before: core/Solver.cc
+++ after: core/Solver.cc
@@ -1046,7 +1046,7 @@
             Clause& c = ca[clauses[i]];
             for (int j = 0; j < c.size(); j++)/*auto*/{
                 if (value(c[j]) != l_False)/*auto*/{
-                    mapVar(var(c[j]), map, max);
+                    
 }/*auto*/
 }/*auto*/
         }

2023-07-15 00:02:49,060	[DEBUG]	StmtDeletion(('core/Solver.cc.xml', 'stmt', 114))
2023-07-15 00:02:49,061	[INFO]	6       SUCCESS              +1087.4724 (102.57%) [1 edit(s)] 
2023-07-15 00:02:49,072	[DEBUG]	--- before: core/Solver.cc
+++ after: core/Solver.cc
@@ -345,16 +345,7 @@
         assert(confl != CRef_Undef); // (otherwise should be UIP)
         Clause& c = ca[confl];
 
-        if (c.learnt() && c.mark() != 3){
-            LBD(c);
-            c.mark(L < LBD_cut ? 3 : 2);
-            if (L < LBD_cut){
-                lF.push(confl);
-                core_added++;
-            }else/*auto*/{
-                claBumpActivity(c);
-}/*auto*/
-        }
+        
 
         for (int j = (p == lit_Undef) ? 0 : 1; j < c.size(); j++){
             Lit q = c[j];

2023-07-15 00:20:50,138	[DEBUG]	StmtDeletion(('core/Solver.cc.xml', 'stmt', 356))
2023-07-15 00:20:50,139	[INFO]	7       SUCCESS              +1077.4954 (101.63%) [1 edit(s)] 
2023-07-15 00:20:50,157	[DEBUG]	--- before: core/Solver.cc
+++ after: core/Solver.cc
@@ -843,7 +843,7 @@
                         core_added = 0;
                         K = 1;
                         lS = 0, LQ.clear();
-                        cancelUntil(0);
+                        
                         return l_Undef; }
                 }else{
                     if (adjust > 0)/*auto*/{ adjust--;

2023-07-15 00:20:50,158	[INFO]	-- simplify --
2023-07-15 00:20:50,173	[DEBUG]	
2023-07-15 00:20:50,173	[INFO]	8       SUCCESS              *1060.2064 (100.0%) [0 edit(s)] 
2023-07-15 00:20:50,188	[DEBUG]	
2023-07-15 00:20:50,204	[INFO]	==== END ====
2023-07-15 00:20:50,205	[INFO]	Reason: validation end
2023-07-15 00:20:50,205	[INFO]	
2023-07-15 00:20:50,205	[INFO]	==== REPORT ====
2023-07-15 00:20:50,205	[INFO]	Termination: validation end
2023-07-15 00:20:50,205	[INFO]	Log file: /home/tsongpet/MSc-SSE-GI-project/_magpie_logs/minisat-hack_1689367511.log
2023-07-15 00:20:50,220	[INFO]	Patch file: _magpie_logs/minisat-hack_1689367511.patch
2023-07-15 00:20:50,221	[INFO]	Diff file: _magpie_logs/minisat-hack_1689367511.diff
2023-07-15 00:20:50,221	[INFO]	Best fitness: 1060.2064
2023-07-15 00:20:50,221	[INFO]	Best patch: 
2023-07-15 00:20:50,221	[INFO]	Diff:

