2023-08-02 16:49:06,798	[DEBUG]	==== CONFIG ====
[magpie]
import = 
seed = 
log_dir = _magpie_logs
work_dir = _magpie_work
local_original_copy = False
local_original_name = __original__
output_encoding = ascii
edit_retries = 10
default_timeout = 30
default_lengthout = 1e6
diff_method = unified

[software]
path = code/minisat-hack
target_files = 
	core/Solver.cc.xml
	minisat.params
program = BasicProgram
engine_rules = 
	*.params : ConfigFileParamsEngine
	*.xml : SrcmlEngine
	* : LineEngine
engine_config = 
	*.params : [params]
	*.xml : [srcml]
setup_cmd = ./compile.sh
setup_timeout = 
setup_lengthout = 
compile_cmd = ./compile.sh
compile_timeout = 16
compile_lengthout = 
test_cmd = 
test_timeout = 
test_lengthout = 
run_cmd = perf stat run-sh/validate_9.sh
run_timeout = 1593
run_lengthout = 
fitness = perf_instructions

[srcml]
rename = 
	stmt: break continue decl_stmt do expr_stmt for goto if return switch while
	number: literal_number
focus = block stmt operator_comp operator_arith number
internodes = block
process_pseudo_blocks = True
process_literals = True
process_operators = True

[params]
timing = test run
cli_prefix = --
cli_glue = =
cli_boolean = show
cli_boolean_prefix_true = 
cli_boolean_prefix_false = no-
silent_prefix = @
silent_suffix = $

[search]
protocol = BasicProtocol
algorithm = ValidTest
possible_edits = 
	ParamSetting
warmup = 1
warmup_strategy = last
max_steps = 
max_time = 
target_fitness = 
cache_maxsize = 40
cache_keep = 0.2

[search.ls]
delete_prob = 0.5
max_neighbours = 
when_trapped = continue
accept_fail = False
tabu_length = 10

[search.gp]
pop_size = 10
delete_prob = 0.5
offspring_elitism = 0.1
offspring_crossover = 0.5
offspring_mutation = 0.4
uniform_rate = 0.5

[search.ga]
pop_size = 10
elitism_size = 2
cxpb_chrm = 0.5
cxpb_gene = 0.5
mutpb_chrm = 0.2
mutpb_gene = 0.1
gi_delete_prob = 0.5
gi_create_prob = 0.5
tournament_size = 3

[search.pso]
pop_size = 10
speed_min = -3
speed_max = 3
c1 = 1.49
c2 = 1.49


2023-08-02 16:49:06,799	[INFO]	==== WARMUP ====
2023-08-02 17:07:08,148	[INFO]	WARM    SUCCESS               1880693099662           
2023-08-02 17:07:08,149	[INFO]	INITIAL SUCCESS               1880693099662           
2023-08-02 17:07:08,149	[INFO]	==== START: ValidTest ====
2023-08-02 17:07:08,299	[DEBUG]	CLEAN_PATCH: ParamSetting(('minisat.params', 'var-decay'), 0.9313364842630414) | ParamSetting(('minisat.params', 'cp-increase'), 5376) | ParamSetting(('minisat.params', 'sub-lim'), 0) | ParamSetting(('minisat.params', 'gc-frac'), 0.8680919675912713) | ParamSetting(('minisat.params', 'lbd-cut'), 10) | ParamSetting(('minisat.params', 'cla-decay'), 0.925846335143186) | ParamSetting(('minisat.params', 'verb'), '0') | ParamSetting(('minisat.params', 'core-tolerance'), 0.4341993978790327) | ParamSetting(('minisat.params', 'simp-gc-frac'), 0.91619060136382) | ParamSetting(('minisat.params', 'lbd-cut-max'), 24)
2023-08-02 17:07:08,299	[DEBUG]	CLEAN_SIZE: 10 (was 16)
2023-08-02 17:25:41,143	[DEBUG]	ParamSetting(('minisat.params', 'var-decay'), 0.9313364842630414) | ParamSetting(('minisat.params', 'cp-increase'), 5376) | ParamSetting(('minisat.params', 'sub-lim'), 0) | ParamSetting(('minisat.params', 'gc-frac'), 0.8680919675912713) | ParamSetting(('minisat.params', 'lbd-cut'), 10) | ParamSetting(('minisat.params', 'cla-decay'), 0.925846335143186) | ParamSetting(('minisat.params', 'verb'), '0') | ParamSetting(('minisat.params', 'core-tolerance'), 0.4341993978790327) | ParamSetting(('minisat.params', 'simp-gc-frac'), 0.91619060136382) | ParamSetting(('minisat.params', 'lbd-cut-max'), 24)
2023-08-02 17:25:41,145	[INFO]	1       SUCCESS              *1936996118770 (102.99%) [10 edit(s)] 
2023-08-02 17:25:41,158	[DEBUG]	--- before: minisat.params
+++ after: minisat.params
@@ -1,22 +1,22 @@
-lbd-cut := 5
-lbd-cut-max := 10
-cp-increase := 15000
-core-tolerance := 0.02
+lbd-cut := 10
+lbd-cut-max := 24
+cp-increase := 5376
+core-tolerance := 0.4341993978790327
 R-val := 1.4
-var-decay := 0.8
-cla-decay := 0.999
+var-decay := 0.9313364842630414
+cla-decay := 0.925846335143186
 rnd-freq := 0.0
 ccmin-mode := '2'
 phase-saving := '2'
 rnd-init := 'False'
 luby := 0
-gc-frac := 0.2
-verb := '1'
+gc-frac := 0.8680919675912713
+verb := '0'
 pre := 'True'
 asymm := 'False'
 rcheck := 'False'
 elim := 'True'
 grow := 0
 cl-lim := 20
-sub-lim := 1000
-simp-gc-frac := 0.5
+sub-lim := 0
+simp-gc-frac := 0.91619060136382

2023-08-02 17:25:41,168	[INFO]	==== END ====
2023-08-02 17:25:41,168	[INFO]	Reason: validation end
2023-08-02 17:25:41,168	[INFO]	
2023-08-02 17:25:41,168	[INFO]	==== REPORT ====
2023-08-02 17:25:41,168	[INFO]	Termination: validation end
2023-08-02 17:25:41,169	[INFO]	Log file: /cs/student/msc/sse/2022/tsongpet/MSc-SSE-GI-project/_magpie_logs/minisat-hack_1690991343.log
2023-08-02 17:25:41,178	[INFO]	Patch file: _magpie_logs/minisat-hack_1690991343.patch
2023-08-02 17:25:41,178	[INFO]	Diff file: _magpie_logs/minisat-hack_1690991343.diff
2023-08-02 17:25:41,178	[INFO]	Best fitness: 1936996118770
2023-08-02 17:25:41,178	[INFO]	Best patch: ParamSetting(('minisat.params', 'var-decay'), 0.9313364842630414) | ParamSetting(('minisat.params', 'cp-increase'), 5376) | ParamSetting(('minisat.params', 'sub-lim'), 0) | ParamSetting(('minisat.params', 'gc-frac'), 0.8680919675912713) | ParamSetting(('minisat.params', 'lbd-cut'), 10) | ParamSetting(('minisat.params', 'cla-decay'), 0.925846335143186) | ParamSetting(('minisat.params', 'verb'), '0') | ParamSetting(('minisat.params', 'core-tolerance'), 0.4341993978790327) | ParamSetting(('minisat.params', 'simp-gc-frac'), 0.91619060136382) | ParamSetting(('minisat.params', 'lbd-cut-max'), 24)
2023-08-02 17:25:41,178	[INFO]	Diff:
--- before: minisat.params
+++ after: minisat.params
@@ -1,22 +1,22 @@
-lbd-cut := 5
-lbd-cut-max := 10
-cp-increase := 15000
-core-tolerance := 0.02
+lbd-cut := 10
+lbd-cut-max := 24
+cp-increase := 5376
+core-tolerance := 0.4341993978790327
 R-val := 1.4
-var-decay := 0.8
-cla-decay := 0.999
+var-decay := 0.9313364842630414
+cla-decay := 0.925846335143186
 rnd-freq := 0.0
 ccmin-mode := '2'
 phase-saving := '2'
 rnd-init := 'False'
 luby := 0
-gc-frac := 0.2
-verb := '1'
+gc-frac := 0.8680919675912713
+verb := '0'
 pre := 'True'
 asymm := 'False'
 rcheck := 'False'
 elim := 'True'
 grow := 0
 cl-lim := 20
-sub-lim := 1000
-simp-gc-frac := 0.5
+sub-lim := 0
+simp-gc-frac := 0.91619060136382

