2023-08-02 16:15:43,882	[DEBUG]	==== CONFIG ====
[magpie]
import = 
seed = 
log_dir = _magpie_logs
work_dir = _magpie_work
local_original_copy = False
local_original_name = __original__
output_encoding = ascii
edit_retries = 10
default_timeout = 30
default_lengthout = 1e6
diff_method = unified

[software]
path = code/minisat-hack
target_files = 
	core/Solver.cc.xml
	minisat.params
program = BasicProgram
engine_rules = 
	*.params : ConfigFileParamsEngine
	*.xml : SrcmlEngine
	* : LineEngine
engine_config = 
	*.params : [params]
	*.xml : [srcml]
setup_cmd = ./compile.sh
setup_timeout = 
setup_lengthout = 
compile_cmd = ./compile.sh
compile_timeout = 16
compile_lengthout = 
test_cmd = 
test_timeout = 
test_lengthout = 
run_cmd = perf stat run-sh/validate_6.sh
run_timeout = 1561
run_lengthout = 
fitness = perf_instructions

[srcml]
rename = 
	stmt: break continue decl_stmt do expr_stmt for goto if return switch while
	number: literal_number
focus = block stmt operator_comp operator_arith number
internodes = block
process_pseudo_blocks = True
process_literals = True
process_operators = True

[params]
timing = test run
cli_prefix = --
cli_glue = =
cli_boolean = show
cli_boolean_prefix_true = 
cli_boolean_prefix_false = no-
silent_prefix = @
silent_suffix = $

[search]
protocol = BasicProtocol
algorithm = ValidTest
possible_edits = 
	ParamSetting
warmup = 1
warmup_strategy = last
max_steps = 
max_time = 
target_fitness = 
cache_maxsize = 40
cache_keep = 0.2

[search.ls]
delete_prob = 0.5
max_neighbours = 
when_trapped = continue
accept_fail = False
tabu_length = 10

[search.gp]
pop_size = 10
delete_prob = 0.5
offspring_elitism = 0.1
offspring_crossover = 0.5
offspring_mutation = 0.4
uniform_rate = 0.5

[search.ga]
pop_size = 10
elitism_size = 2
cxpb_chrm = 0.5
cxpb_gene = 0.5
mutpb_chrm = 0.2
mutpb_gene = 0.1
gi_delete_prob = 0.5
gi_create_prob = 0.5
tournament_size = 3

[search.pso]
pop_size = 10
speed_min = -3
speed_max = 3
c1 = 1.49
c2 = 1.49


2023-08-02 16:15:43,889	[INFO]	==== WARMUP ====
2023-08-02 16:33:42,308	[INFO]	WARM    SUCCESS               1805263792189           
2023-08-02 16:33:42,308	[INFO]	INITIAL SUCCESS               1805263792189           
2023-08-02 16:33:42,308	[INFO]	==== START: ValidTest ====
2023-08-02 16:33:42,385	[DEBUG]	CLEAN_PATCH: ParamSetting(('minisat.params', 'gc-frac'), 0.8862078848617704) | ParamSetting(('minisat.params', 'R-val'), 1.7131703643804972) | ParamSetting(('minisat.params', 'core-tolerance'), 0.22263118758000366) | ParamSetting(('minisat.params', 'simp-gc-frac'), 0.5213846323131994) | ParamSetting(('minisat.params', 'verb'), '2')
2023-08-02 16:33:42,386	[DEBUG]	CLEAN_SIZE: 5 (was 10)
2023-08-02 16:58:50,689	[DEBUG]	ParamSetting(('minisat.params', 'gc-frac'), 0.8862078848617704) | ParamSetting(('minisat.params', 'R-val'), 1.7131703643804972) | ParamSetting(('minisat.params', 'core-tolerance'), 0.22263118758000366) | ParamSetting(('minisat.params', 'simp-gc-frac'), 0.5213846323131994) | ParamSetting(('minisat.params', 'verb'), '2')
2023-08-02 16:58:50,690	[INFO]	1       SUCCESS              *2407670956980 (133.37%) [5 edit(s)] 
2023-08-02 16:58:50,701	[DEBUG]	--- before: minisat.params
+++ after: minisat.params
@@ -1,8 +1,8 @@
 lbd-cut := 5
 lbd-cut-max := 10
 cp-increase := 15000
-core-tolerance := 0.02
-R-val := 1.4
+core-tolerance := 0.22263118758000366
+R-val := 1.7131703643804972
 var-decay := 0.8
 cla-decay := 0.999
 rnd-freq := 0.0
@@ -10,8 +10,8 @@
 phase-saving := '2'
 rnd-init := 'False'
 luby := 0
-gc-frac := 0.2
-verb := '1'
+gc-frac := 0.8862078848617704
+verb := '2'
 pre := 'True'
 asymm := 'False'
 rcheck := 'False'
@@ -19,4 +19,4 @@
 grow := 0
 cl-lim := 20
 sub-lim := 1000
-simp-gc-frac := 0.5
+simp-gc-frac := 0.5213846323131994

2023-08-02 16:58:50,708	[INFO]	==== END ====
2023-08-02 16:58:50,708	[INFO]	Reason: validation end
2023-08-02 16:58:50,708	[INFO]	
2023-08-02 16:58:50,709	[INFO]	==== REPORT ====
2023-08-02 16:58:50,709	[INFO]	Termination: validation end
2023-08-02 16:58:50,709	[INFO]	Log file: /cs/student/msc/sse/2022/tsongpet/MSc-SSE-GI-project/_magpie_logs/minisat-hack_1690989341.log
2023-08-02 16:58:50,716	[INFO]	Patch file: _magpie_logs/minisat-hack_1690989341.patch
2023-08-02 16:58:50,716	[INFO]	Diff file: _magpie_logs/minisat-hack_1690989341.diff
2023-08-02 16:58:50,716	[INFO]	Best fitness: 2407670956980
2023-08-02 16:58:50,716	[INFO]	Best patch: ParamSetting(('minisat.params', 'gc-frac'), 0.8862078848617704) | ParamSetting(('minisat.params', 'R-val'), 1.7131703643804972) | ParamSetting(('minisat.params', 'core-tolerance'), 0.22263118758000366) | ParamSetting(('minisat.params', 'simp-gc-frac'), 0.5213846323131994) | ParamSetting(('minisat.params', 'verb'), '2')
2023-08-02 16:58:50,716	[INFO]	Diff:
--- before: minisat.params
+++ after: minisat.params
@@ -1,8 +1,8 @@
 lbd-cut := 5
 lbd-cut-max := 10
 cp-increase := 15000
-core-tolerance := 0.02
-R-val := 1.4
+core-tolerance := 0.22263118758000366
+R-val := 1.7131703643804972
 var-decay := 0.8
 cla-decay := 0.999
 rnd-freq := 0.0
@@ -10,8 +10,8 @@
 phase-saving := '2'
 rnd-init := 'False'
 luby := 0
-gc-frac := 0.2
-verb := '1'
+gc-frac := 0.8862078848617704
+verb := '2'
 pre := 'True'
 asymm := 'False'
 rcheck := 'False'
@@ -19,4 +19,4 @@
 grow := 0
 cl-lim := 20
 sub-lim := 1000
-simp-gc-frac := 0.5
+simp-gc-frac := 0.5213846323131994

