2023-07-17 17:05:20,993	[DEBUG]	==== CONFIG ====
[magpie]
import = 
seed = 
log_dir = _magpie_logs
work_dir = _magpie_work
local_original_copy = False
local_original_name = __original__
output_encoding = ascii
edit_retries = 10
default_timeout = 30
default_lengthout = 1e6
diff_method = unified

[software]
path = code/minisat-hack
target_files = 
	core/Solver.cc.xml
	minisat.params
program = BasicProgram
engine_rules = 
	*.params : ConfigFileParamsEngine
	*.xml : SrcmlEngine
	* : LineEngine
engine_config = 
	*.params : [params]
	*.xml : [srcml]
setup_cmd = ./compile.sh
setup_timeout = 
setup_lengthout = 
compile_cmd = ./compile.sh
compile_timeout = 15
compile_lengthout = 
test_cmd = 
test_timeout = 
test_lengthout = 
run_cmd = perf stat run-sh/test.sh
run_timeout = 6585
run_lengthout = 
fitness = perf_time

[srcml]
rename = 
	stmt: break continue decl_stmt do expr_stmt for goto if return switch while
	number: literal_number
focus = block stmt operator_comp operator_arith number
internodes = block
process_pseudo_blocks = True
process_literals = True
process_operators = True

[params]
timing = test run
cli_prefix = --
cli_glue = =
cli_boolean = show
cli_boolean_prefix_true = 
cli_boolean_prefix_false = no-
silent_prefix = @
silent_suffix = $

[search]
protocol = BasicProtocol
algorithm = ValidTest
possible_edits = 
	StmtReplacement
	StmtInsertion
	StmtDeletion
warmup = 3
warmup_strategy = last
max_steps = 
max_time = 
target_fitness = 
cache_maxsize = 40
cache_keep = 0.2

[search.ls]
delete_prob = 0.5
max_neighbours = 
when_trapped = continue
accept_fail = False
tabu_length = 10

[search.gp]
pop_size = 10
delete_prob = 0.5
offspring_elitism = 0.1
offspring_crossover = 0.5
offspring_mutation = 0.4
uniform_rate = 0.5


2023-07-17 17:05:20,993	[INFO]	==== WARMUP ====
2023-07-17 18:43:04,621	[INFO]	WARM    SUCCESS               5855.403                
2023-07-17 20:19:28,606	[INFO]	WARM    SUCCESS               5780.162                
2023-07-17 21:56:10,263	[INFO]	WARM    SUCCESS               5797.9761               
2023-07-17 21:56:10,264	[INFO]	INITIAL SUCCESS               5797.9761               
2023-07-17 21:56:10,264	[INFO]	==== START: ValidTest ====
2023-07-17 21:56:10,295	[DEBUG]	CLEAN_PATCH: StmtDeletion(('core/Solver.cc.xml', 'stmt', 291)) | StmtInsertion(('core/Solver.cc.xml', '_inter_block', 275), ('core/Solver.cc.xml', 'stmt', 62))
2023-07-17 21:56:10,295	[DEBUG]	CLEAN_SIZE: 2 (was 2)
2023-07-17 23:34:59,552	[DEBUG]	StmtDeletion(('core/Solver.cc.xml', 'stmt', 291)) | StmtInsertion(('core/Solver.cc.xml', '_inter_block', 275), ('core/Solver.cc.xml', 'stmt', 62))
2023-07-17 23:34:59,553	[INFO]	1       SUCCESS              *5925.4365 (102.2%) [2 edit(s)] 
2023-07-17 23:34:59,565	[DEBUG]	--- before: core/Solver.cc
+++ after: core/Solver.cc
@@ -514,6 +514,8 @@
                 Clause& c = ca[reason(x)];
                 for (int j = 1; j < c.size(); j++)/*auto*/{
                     if (level(var(c[j])) > 0)/*auto*/{
+                        if (c.learnt())/*auto*/{ learnts_literals += c.size();
+}/*auto*/
                         seen[var(c[j])] = 1;
 }/*auto*/
 }/*auto*/
@@ -708,7 +710,7 @@
 
     // Remove satisfied clauses:
     removeSatisfied(learnts);
-    removeSatisfied(lF);
+    
     if (remove_satisfied)/*auto*/{        // Can be turned off.
         removeSatisfied(clauses);
 }/*auto*/

2023-07-17 23:34:59,577	[INFO]	==== END ====
2023-07-17 23:34:59,577	[INFO]	Reason: validation end
2023-07-17 23:34:59,577	[INFO]	
2023-07-17 23:34:59,577	[INFO]	==== REPORT ====
2023-07-17 23:34:59,577	[INFO]	Termination: validation end
2023-07-17 23:34:59,577	[INFO]	Log file: /home/tsongpet/MSc-SSE-GI-project/_magpie_logs/minisat-hack_1689609919.log
2023-07-17 23:34:59,589	[INFO]	Patch file: _magpie_logs/minisat-hack_1689609919.patch
2023-07-17 23:34:59,589	[INFO]	Diff file: _magpie_logs/minisat-hack_1689609919.diff
2023-07-17 23:34:59,589	[INFO]	Best fitness: 5925.4365
2023-07-17 23:34:59,589	[INFO]	Best patch: StmtDeletion(('core/Solver.cc.xml', 'stmt', 291)) | StmtInsertion(('core/Solver.cc.xml', '_inter_block', 275), ('core/Solver.cc.xml', 'stmt', 62))
2023-07-17 23:34:59,590	[INFO]	Diff:
--- before: core/Solver.cc
+++ after: core/Solver.cc
@@ -514,6 +514,8 @@
                 Clause& c = ca[reason(x)];
                 for (int j = 1; j < c.size(); j++)/*auto*/{
                     if (level(var(c[j])) > 0)/*auto*/{
+                        if (c.learnt())/*auto*/{ learnts_literals += c.size();
+}/*auto*/
                         seen[var(c[j])] = 1;
 }/*auto*/
 }/*auto*/
@@ -708,7 +710,7 @@
 
     // Remove satisfied clauses:
     removeSatisfied(learnts);
-    removeSatisfied(lF);
+    
     if (remove_satisfied)/*auto*/{        // Can be turned off.
         removeSatisfied(clauses);
 }/*auto*/

