2023-07-14 13:22:03,177	[DEBUG]	==== CONFIG ====
[magpie]
import = 
seed = 
log_dir = _magpie_logs
work_dir = _magpie_work
local_original_copy = False
local_original_name = __original__
output_encoding = ascii
edit_retries = 10
default_timeout = 30
default_lengthout = 1e6
diff_method = unified

[software]
path = code/minisat-hack
target_files = 
	core/Solver.cc.xml
	minisat.params
program = BasicProgram
engine_rules = 
	*.params : ConfigFileParamsEngine
	*.xml : SrcmlEngine
	* : LineEngine
engine_config = 
	*.params : [params]
	*.xml : [srcml]
setup_cmd = ./compile.sh
setup_timeout = 
setup_lengthout = 
compile_cmd = ./compile.sh
compile_timeout = 15
compile_lengthout = 
test_cmd = 
test_timeout = 
test_lengthout = 
run_cmd = perf stat run-sh/validate_4.sh
run_timeout = 1240
run_lengthout = 
fitness = perf_time

[srcml]
rename = 
	stmt: break continue decl_stmt do expr_stmt for goto if return switch while
	number: literal_number
focus = block stmt operator_comp operator_arith number
internodes = block
process_pseudo_blocks = True
process_literals = True
process_operators = True

[params]
timing = test run
cli_prefix = --
cli_glue = =
cli_boolean = show
cli_boolean_prefix_true = 
cli_boolean_prefix_false = no-
silent_prefix = @
silent_suffix = $

[search]
protocol = BasicProtocol
algorithm = ValidRankingSimplify
possible_edits = 
	StmtReplacement
	StmtInsertion
	StmtDeletion
	ParamSetting
warmup = 3
warmup_strategy = last
max_steps = 
max_time = 
target_fitness = 
cache_maxsize = 40
cache_keep = 0.2

[search.ls]
delete_prob = 0.5
max_neighbours = 
when_trapped = continue
accept_fail = False
tabu_length = 10

[search.gp]
pop_size = 10
delete_prob = 0.5
offspring_elitism = 0.1
offspring_crossover = 0.5
offspring_mutation = 0.4
uniform_rate = 0.5


2023-07-14 13:22:03,178	[INFO]	==== WARMUP ====
2023-07-14 13:38:45,741	[INFO]	WARM    SUCCESS               988.0504                
2023-07-14 13:55:08,887	[INFO]	WARM    SUCCESS               979.2648                
2023-07-14 14:11:26,752	[INFO]	WARM    SUCCESS               974.1946                
2023-07-14 14:11:26,752	[INFO]	INITIAL SUCCESS               974.1946                
2023-07-14 14:11:26,752	[INFO]	==== START: ValidRankingSimplify ====
2023-07-14 14:11:26,860	[DEBUG]	CLEAN_PATCH: StmtReplacement(('core/Solver.cc.xml', 'stmt', 351), ('core/Solver.cc.xml', 'stmt', 344)) | ParamSetting(('minisat.params', 'cla-decay'), 0.8719980268532362) | ParamSetting(('minisat.params', 'verb'), 0) | StmtInsertion(('core/Solver.cc.xml', '_inter_block', 166), ('core/Solver.cc.xml', 'stmt', 268)) | StmtInsertion(('core/Solver.cc.xml', '_inter_block', 603), ('core/Solver.cc.xml', 'stmt', 335))
2023-07-14 14:11:26,860	[DEBUG]	CLEAN_SIZE: 5 (was 5)
2023-07-14 14:29:51,538	[DEBUG]	StmtReplacement(('core/Solver.cc.xml', 'stmt', 351), ('core/Solver.cc.xml', 'stmt', 344)) | ParamSetting(('minisat.params', 'cla-decay'), 0.8719980268532362) | ParamSetting(('minisat.params', 'verb'), 0) | StmtInsertion(('core/Solver.cc.xml', '_inter_block', 166), ('core/Solver.cc.xml', 'stmt', 268)) | StmtInsertion(('core/Solver.cc.xml', '_inter_block', 603), ('core/Solver.cc.xml', 'stmt', 335))
2023-07-14 14:29:51,539	[INFO]	1       SUCCESS              *1100.1491 (112.93%) [5 edit(s)] 
2023-07-14 14:29:51,559	[DEBUG]	--- before: core/Solver.cc
+++ after: core/Solver.cc
@@ -372,6 +372,8 @@
                     out_learnt.push(q);
 }/*auto*/
             }
+
+            checkGarbage();
         }
         
         // Select next clause to look at:
@@ -836,7 +838,7 @@
                 static int adjust = 0;
                 if (core_added < (int32_t)opt_cp_increase * (double)opt_core_tolerance){
                     if (LBD_cut < (int32_t)opt_lbd_cut_max)/*auto*/{
-                        LBD_cut = (int32_t)opt_lbd_cut + ++adjust;
+                        return l_False;
 }/*auto*/
 
                     if (!luby_restart){
@@ -1028,7 +1030,22 @@
     // Handle case when solver is in contradictory state:
     if (!ok){
         fprintf(f, "p cnf 1 2\n1 0\n-1 0\n");
-        return; }
+        return;
+        if (conflicts % 5000 == 0){
+                //learntsize_adjust_confl *= learntsize_adjust_inc;
+                //learntsize_adjust_cnt    = (int)learntsize_adjust_confl;
+                //max_learnts             *= learntsize_inc;
+
+                if (verbosity >= 1)/*auto*/{
+                    printf("c | %9d | %7d %8d %8d | %8d %8d %6.0f | %6.3f %% | %d %d | %d %.1f (%.1f) %.1f (%.1f) %d (%d-%d) %d %.2f\n", 
+                           (int)conflicts, 
+                           (int)dec_vars - (trail_lim.size() == 0 ? trail.size() : trail_lim[0]), nClauses(), (int)clauses_literals, 
+                           (int)lF.size()/*max_learnts*/, nLearnts(), (double)learnts_literals/(lF.size()+nLearnts()), progressEstimate()*100,
+                           starts, conflicts / starts,
+                           luby_restart, K, (double)opt_K, R, (double)opt_R, LBD_cut, (int32_t)opt_lbd_cut, (int32_t)opt_lbd_cut_max,
+                           (int32_t)opt_cp_increase, (double)opt_core_tolerance);
+}/*auto*/
+            } }
 
     vec<Var> map; Var max = 0;
 
--- before: minisat.params
+++ after: minisat.params
@@ -3,14 +3,14 @@
 cp-increase := 15000
 core-tolerance := 0.02
 var-decay := 0.95
-cla-decay := 0.999
+cla-decay := 0.8719980268532362
 rnd-freq := 0.0
 ccmin-mode := 2
 phase-saving := 2
 rnd-init := 'False'
 luby := 0
 gc-frac := 0.2
-verb := 1
+verb := 0
 pre := 'True'
 asymm := 'False'
 rcheck := 'False'

2023-07-14 14:29:51,559	[INFO]	-- ranking --
2023-07-14 14:46:12,597	[DEBUG]	StmtReplacement(('core/Solver.cc.xml', 'stmt', 351), ('core/Solver.cc.xml', 'stmt', 344))
2023-07-14 14:46:12,597	[INFO]	2       SUCCESS              *977.5934 (100.35%) [1 edit(s)] 
2023-07-14 14:46:12,607	[DEBUG]	--- before: core/Solver.cc
+++ after: core/Solver.cc
@@ -836,7 +836,7 @@
                 static int adjust = 0;
                 if (core_added < (int32_t)opt_cp_increase * (double)opt_core_tolerance){
                     if (LBD_cut < (int32_t)opt_lbd_cut_max)/*auto*/{
-                        LBD_cut = (int32_t)opt_lbd_cut + ++adjust;
+                        return l_False;
 }/*auto*/
 
                     if (!luby_restart){

2023-07-14 15:04:30,111	[DEBUG]	ParamSetting(('minisat.params', 'cla-decay'), 0.8719980268532362)
2023-07-14 15:04:30,111	[INFO]	3       SUCCESS              +1093.2392 (112.22%) [1 edit(s)] 
2023-07-14 15:04:30,122	[DEBUG]	--- before: minisat.params
+++ after: minisat.params
@@ -3,7 +3,7 @@
 cp-increase := 15000
 core-tolerance := 0.02
 var-decay := 0.95
-cla-decay := 0.999
+cla-decay := 0.8719980268532362
 rnd-freq := 0.0
 ccmin-mode := 2
 phase-saving := 2

2023-07-14 15:20:53,742	[DEBUG]	ParamSetting(('minisat.params', 'verb'), 0)
2023-07-14 15:20:53,742	[INFO]	4       SUCCESS              +980.1072 (100.61%) [1 edit(s)] 
2023-07-14 15:20:53,751	[DEBUG]	--- before: minisat.params
+++ after: minisat.params
@@ -10,7 +10,7 @@
 rnd-init := 'False'
 luby := 0
 gc-frac := 0.2
-verb := 1
+verb := 0
 pre := 'True'
 asymm := 'False'
 rcheck := 'False'

2023-07-14 15:37:41,030	[DEBUG]	StmtInsertion(('core/Solver.cc.xml', '_inter_block', 166), ('core/Solver.cc.xml', 'stmt', 268))
2023-07-14 15:37:41,031	[INFO]	5       SUCCESS              +1003.0912 (102.97%) [1 edit(s)] 
2023-07-14 15:37:41,044	[DEBUG]	--- before: core/Solver.cc
+++ after: core/Solver.cc
@@ -372,6 +372,8 @@
                     out_learnt.push(q);
 }/*auto*/
             }
+
+            checkGarbage();
         }
         
         // Select next clause to look at:

2023-07-14 15:54:08,738	[DEBUG]	StmtInsertion(('core/Solver.cc.xml', '_inter_block', 603), ('core/Solver.cc.xml', 'stmt', 335))
2023-07-14 15:54:08,739	[INFO]	6       SUCCESS              +984.0671 (101.01%) [1 edit(s)] 
2023-07-14 15:54:08,749	[DEBUG]	--- before: core/Solver.cc
+++ after: core/Solver.cc
@@ -1028,7 +1028,22 @@
     // Handle case when solver is in contradictory state:
     if (!ok){
         fprintf(f, "p cnf 1 2\n1 0\n-1 0\n");
-        return; }
+        return;
+        if (conflicts % 5000 == 0){
+                //learntsize_adjust_confl *= learntsize_adjust_inc;
+                //learntsize_adjust_cnt    = (int)learntsize_adjust_confl;
+                //max_learnts             *= learntsize_inc;
+
+                if (verbosity >= 1)/*auto*/{
+                    printf("c | %9d | %7d %8d %8d | %8d %8d %6.0f | %6.3f %% | %d %d | %d %.1f (%.1f) %.1f (%.1f) %d (%d-%d) %d %.2f\n", 
+                           (int)conflicts, 
+                           (int)dec_vars - (trail_lim.size() == 0 ? trail.size() : trail_lim[0]), nClauses(), (int)clauses_literals, 
+                           (int)lF.size()/*max_learnts*/, nLearnts(), (double)learnts_literals/(lF.size()+nLearnts()), progressEstimate()*100,
+                           starts, conflicts / starts,
+                           luby_restart, K, (double)opt_K, R, (double)opt_R, LBD_cut, (int32_t)opt_lbd_cut, (int32_t)opt_lbd_cut_max,
+                           (int32_t)opt_cp_increase, (double)opt_core_tolerance);
+}/*auto*/
+            } }
 
     vec<Var> map; Var max = 0;
 

2023-07-14 15:54:08,749	[INFO]	-- simplify --
2023-07-14 15:54:08,757	[DEBUG]	
2023-07-14 15:54:08,757	[INFO]	7       SUCCESS              *974.1946 (100.0%) [0 edit(s)] 
2023-07-14 15:54:08,765	[DEBUG]	
2023-07-14 15:54:08,773	[INFO]	==== END ====
2023-07-14 15:54:08,773	[INFO]	Reason: validation end
2023-07-14 15:54:08,773	[INFO]	
2023-07-14 15:54:08,773	[INFO]	==== REPORT ====
2023-07-14 15:54:08,773	[INFO]	Termination: validation end
2023-07-14 15:54:08,773	[INFO]	Log file: /home/tsongpet/MSc-SSE-GI-project/_magpie_logs/minisat-hack_1689337315.log
2023-07-14 15:54:08,781	[INFO]	Patch file: _magpie_logs/minisat-hack_1689337315.patch
2023-07-14 15:54:08,781	[INFO]	Diff file: _magpie_logs/minisat-hack_1689337315.diff
2023-07-14 15:54:08,781	[INFO]	Best fitness: 974.1946
2023-07-14 15:54:08,781	[INFO]	Best patch: 
2023-07-14 15:54:08,781	[INFO]	Diff:

