2023-08-21 13:54:13,601	[DEBUG]	==== CONFIG ====
[magpie]
import = 
seed = 
log_dir = _magpie_logs
work_dir = _magpie_work
local_original_copy = False
local_original_name = __original__
output_encoding = ascii
edit_retries = 10
default_timeout = 30
default_lengthout = 1e6
diff_method = unified

[software]
path = code/minisat-hack
target_files = 
	core/Solver.cc.xml
	minisat.params
program = BasicProgram
engine_rules = 
	*.params : ConfigFileParamsEngine
	*.xml : SrcmlEngine
	* : LineEngine
engine_config = 
	*.params : [params]
	*.xml : [srcml]
setup_cmd = ./compile.sh
setup_timeout = 
setup_lengthout = 
compile_cmd = ./compile.sh
compile_timeout = 16
compile_lengthout = 
test_cmd = 
test_timeout = 
test_lengthout = 
run_cmd = perf stat run-sh/validate_8.sh
run_timeout = 1582
run_lengthout = 
fitness = perf_instructions

[srcml]
rename = 
	stmt: break continue decl_stmt do expr_stmt for goto if return switch while
	number: literal_number
focus = block stmt operator_comp operator_arith number
internodes = block
process_pseudo_blocks = True
process_literals = True
process_operators = True

[params]
timing = test run
cli_prefix = --
cli_glue = =
cli_boolean = show
cli_boolean_prefix_true = 
cli_boolean_prefix_false = no-
silent_prefix = @
silent_suffix = $

[search]
protocol = BasicProtocol
algorithm = ValidTest
possible_edits = 
	StmtReplacement
	StmtInsertion
	StmtDeletion
warmup = 1
warmup_strategy = last
max_steps = 
max_time = 
target_fitness = 
cache_maxsize = 40
cache_keep = 0.2

[search.ls]
delete_prob = 0.5
max_neighbours = 
when_trapped = continue
accept_fail = False
tabu_length = 10

[search.gp]
pop_size = 10
delete_prob = 0.5
offspring_elitism = 0.1
offspring_crossover = 0.5
offspring_mutation = 0.4
uniform_rate = 0.5

[search.ga]
pop_size = 100
elitism_size = 10
cxpb_chrm = 0.5
cxpb_gene = 0.5
mutpb_chrm = 0.2
mutpb_gene = 0.1
gi_delete_prob = 0.5
gi_create_prob = 0.5
tournament_size = 3

[search.pso]
pop_size = 10
speed_min = -3
speed_max = 3
c1 = 1.49
c2 = 1.49


2023-08-21 13:54:13,603	[INFO]	==== WARMUP ====
2023-08-21 14:11:26,233	[INFO]	WARM    SUCCESS               1857555060983           
2023-08-21 14:11:26,234	[INFO]	INITIAL SUCCESS               1857555060983           
2023-08-21 14:11:26,234	[INFO]	==== START: ValidTest ====
2023-08-21 14:11:26,376	[DEBUG]	CLEAN_PATCH: StmtDeletion(('core/Solver.cc.xml', 'stmt', 142)) | StmtDeletion(('core/Solver.cc.xml', 'stmt', 70)) | StmtDeletion(('core/Solver.cc.xml', 'stmt', 52)) | StmtDeletion(('core/Solver.cc.xml', 'stmt', 64)) | StmtInsertion(('core/Solver.cc.xml', '_inter_block', 363), ('core/Solver.cc.xml', 'stmt', 391)) | StmtInsertion(('core/Solver.cc.xml', '_inter_block', 211), ('core/Solver.cc.xml', 'stmt', 127))
2023-08-21 14:11:26,376	[DEBUG]	CLEAN_SIZE: 6 (was 8)
2023-08-21 14:17:45,625	[DEBUG]	StmtDeletion(('core/Solver.cc.xml', 'stmt', 142)) | StmtDeletion(('core/Solver.cc.xml', 'stmt', 70)) | StmtDeletion(('core/Solver.cc.xml', 'stmt', 52)) | StmtDeletion(('core/Solver.cc.xml', 'stmt', 64)) | StmtInsertion(('core/Solver.cc.xml', '_inter_block', 363), ('core/Solver.cc.xml', 'stmt', 391)) | StmtInsertion(('core/Solver.cc.xml', '_inter_block', 211), ('core/Solver.cc.xml', 'stmt', 127))
2023-08-21 14:17:45,626	[INFO]	1       RUN_CODE_ERROR        None  [6 edit(s)]       
2023-08-21 14:17:45,626	[INFO]	==== END ====
2023-08-21 14:17:45,626	[INFO]	Reason: validation end
2023-08-21 14:17:45,626	[INFO]	
2023-08-21 14:17:45,626	[INFO]	==== REPORT ====
2023-08-21 14:17:45,626	[INFO]	Termination: validation end
2023-08-21 14:17:45,626	[INFO]	Log file: /cs/research/crest/home0/jpetke/MSc-SSE-GI-project/_magpie_logs/minisat-hack_1692622450.log
