2023-07-17 04:19:35,795	[DEBUG]	==== CONFIG ====
[magpie]
import = 
seed = 
log_dir = _magpie_logs
work_dir = _magpie_work
local_original_copy = False
local_original_name = __original__
output_encoding = ascii
edit_retries = 10
default_timeout = 30
default_lengthout = 1e6
diff_method = unified

[software]
path = code/minisat-hack
target_files = 
	core/Solver.cc.xml
	minisat.params
program = BasicProgram
engine_rules = 
	*.params : ConfigFileParamsEngine
	*.xml : SrcmlEngine
	* : LineEngine
engine_config = 
	*.params : [params]
	*.xml : [srcml]
setup_cmd = ./compile.sh
setup_timeout = 
setup_lengthout = 
compile_cmd = ./compile.sh
compile_timeout = 15
compile_lengthout = 
test_cmd = 
test_timeout = 
test_lengthout = 
run_cmd = perf stat run-sh/test.sh
run_timeout = 6585
run_lengthout = 
fitness = perf_time

[srcml]
rename = 
	stmt: break continue decl_stmt do expr_stmt for goto if return switch while
	number: literal_number
focus = block stmt operator_comp operator_arith number
internodes = block
process_pseudo_blocks = True
process_literals = True
process_operators = True

[params]
timing = test run
cli_prefix = --
cli_glue = =
cli_boolean = show
cli_boolean_prefix_true = 
cli_boolean_prefix_false = no-
silent_prefix = @
silent_suffix = $

[search]
protocol = BasicProtocol
algorithm = ValidTest
possible_edits = 
	ParamSetting
warmup = 3
warmup_strategy = last
max_steps = 
max_time = 
target_fitness = 
cache_maxsize = 40
cache_keep = 0.2

[search.ls]
delete_prob = 0.5
max_neighbours = 
when_trapped = continue
accept_fail = False
tabu_length = 10

[search.gp]
pop_size = 10
delete_prob = 0.5
offspring_elitism = 0.1
offspring_crossover = 0.5
offspring_mutation = 0.4
uniform_rate = 0.5


2023-07-17 04:19:35,795	[INFO]	==== WARMUP ====
2023-07-17 05:56:00,876	[INFO]	WARM    SUCCESS               5775.7243               
2023-07-17 07:34:30,277	[INFO]	WARM    SUCCESS               5905.5147               
2023-07-17 09:11:02,030	[INFO]	WARM    SUCCESS               5787.883                
2023-07-17 09:11:02,031	[INFO]	INITIAL SUCCESS               5787.883                
2023-07-17 09:11:02,031	[INFO]	==== START: ValidTest ====
2023-07-17 09:11:02,056	[DEBUG]	CLEAN_PATCH: ParamSetting(('minisat.params', 'cp-increase'), 5363) | ParamSetting(('minisat.params', 'cl-lim'), 491)
2023-07-17 09:11:02,056	[DEBUG]	CLEAN_SIZE: 2 (was 2)
2023-07-17 10:51:16,473	[DEBUG]	ParamSetting(('minisat.params', 'cp-increase'), 5363) | ParamSetting(('minisat.params', 'cl-lim'), 491)
2023-07-17 10:51:16,473	[INFO]	1       SUCCESS              *6010.6235 (103.85%) [2 edit(s)] 
2023-07-17 10:51:16,482	[DEBUG]	--- before: minisat.params
+++ after: minisat.params
@@ -1,6 +1,6 @@
 lbd-cut := 5.0
 lbd-cut-max := 10.0
-cp-increase := 15000
+cp-increase := 5363
 core-tolerance := 0.02
 var-decay := 0.95
 cla-decay := 0.999
@@ -16,6 +16,6 @@
 rcheck := 'False'
 elim := 'False'
 grow := 0
-cl-lim := 20
+cl-lim := 491
 sub-lim := 1000
 simp-gc-frac := 0.5

2023-07-17 10:51:16,490	[INFO]	==== END ====
2023-07-17 10:51:16,490	[INFO]	Reason: validation end
2023-07-17 10:51:16,490	[INFO]	
2023-07-17 10:51:16,490	[INFO]	==== REPORT ====
2023-07-17 10:51:16,490	[INFO]	Termination: validation end
2023-07-17 10:51:16,491	[INFO]	Log file: /home/tsongpet/MSc-SSE-GI-project/_magpie_logs/minisat-hack_1689563973.log
2023-07-17 10:51:16,498	[INFO]	Patch file: _magpie_logs/minisat-hack_1689563973.patch
2023-07-17 10:51:16,498	[INFO]	Diff file: _magpie_logs/minisat-hack_1689563973.diff
2023-07-17 10:51:16,498	[INFO]	Best fitness: 6010.6235
2023-07-17 10:51:16,498	[INFO]	Best patch: ParamSetting(('minisat.params', 'cp-increase'), 5363) | ParamSetting(('minisat.params', 'cl-lim'), 491)
2023-07-17 10:51:16,498	[INFO]	Diff:
--- before: minisat.params
+++ after: minisat.params
@@ -1,6 +1,6 @@
 lbd-cut := 5.0
 lbd-cut-max := 10.0
-cp-increase := 15000
+cp-increase := 5363
 core-tolerance := 0.02
 var-decay := 0.95
 cla-decay := 0.999
@@ -16,6 +16,6 @@
 rcheck := 'False'
 elim := 'False'
 grow := 0
-cl-lim := 20
+cl-lim := 491
 sub-lim := 1000
 simp-gc-frac := 0.5

