2023-07-16 21:38:39,224	[DEBUG]	==== CONFIG ====
[magpie]
import = 
seed = 
log_dir = _magpie_logs
work_dir = _magpie_work
local_original_copy = False
local_original_name = __original__
output_encoding = ascii
edit_retries = 10
default_timeout = 30
default_lengthout = 1e6
diff_method = unified

[software]
path = code/minisat-hack
target_files = 
	core/Solver.cc.xml
	minisat.params
program = BasicProgram
engine_rules = 
	*.params : ConfigFileParamsEngine
	*.xml : SrcmlEngine
	* : LineEngine
engine_config = 
	*.params : [params]
	*.xml : [srcml]
setup_cmd = ./compile.sh
setup_timeout = 
setup_lengthout = 
compile_cmd = ./compile.sh
compile_timeout = 15
compile_lengthout = 
test_cmd = 
test_timeout = 
test_lengthout = 
run_cmd = perf stat run-sh/test.sh
run_timeout = 6585
run_lengthout = 
fitness = perf_time

[srcml]
rename = 
	stmt: break continue decl_stmt do expr_stmt for goto if return switch while
	number: literal_number
focus = block stmt operator_comp operator_arith number
internodes = block
process_pseudo_blocks = True
process_literals = True
process_operators = True

[params]
timing = test run
cli_prefix = --
cli_glue = =
cli_boolean = show
cli_boolean_prefix_true = 
cli_boolean_prefix_false = no-
silent_prefix = @
silent_suffix = $

[search]
protocol = BasicProtocol
algorithm = ValidTest
possible_edits = 
	StmtReplacement
	StmtInsertion
	StmtDeletion
warmup = 3
warmup_strategy = last
max_steps = 
max_time = 
target_fitness = 
cache_maxsize = 40
cache_keep = 0.2

[search.ls]
delete_prob = 0.5
max_neighbours = 
when_trapped = continue
accept_fail = False
tabu_length = 10

[search.gp]
pop_size = 10
delete_prob = 0.5
offspring_elitism = 0.1
offspring_crossover = 0.5
offspring_mutation = 0.4
uniform_rate = 0.5


2023-07-16 21:38:39,224	[INFO]	==== WARMUP ====
2023-07-16 23:16:07,105	[INFO]	WARM    SUCCESS               5839.2177               
2023-07-17 00:55:01,143	[INFO]	WARM    SUCCESS               5930.1378               
2023-07-17 02:32:39,746	[INFO]	WARM    SUCCESS               5854.8374               
2023-07-17 02:32:39,747	[INFO]	INITIAL SUCCESS               5854.8374               
2023-07-17 02:32:39,747	[INFO]	==== START: ValidTest ====
2023-07-17 02:32:39,765	[DEBUG]	CLEAN_PATCH: StmtDeletion(('core/Solver.cc.xml', 'stmt', 157))
2023-07-17 02:32:39,766	[DEBUG]	CLEAN_SIZE: 1 (was 1)
2023-07-17 04:09:38,111	[DEBUG]	StmtDeletion(('core/Solver.cc.xml', 'stmt', 157))
2023-07-17 04:09:38,111	[INFO]	1       SUCCESS              *5814.8777 (99.32%) [1 edit(s)] 
2023-07-17 04:09:38,122	[DEBUG]	--- before: core/Solver.cc
+++ after: core/Solver.cc
@@ -418,7 +418,7 @@
             }
         }
     }else/*auto*/{
-        i = j = out_learnt.size();
+        
 }/*auto*/
 
     max_literals += out_learnt.size();

2023-07-17 04:09:38,131	[INFO]	==== END ====
2023-07-17 04:09:38,132	[INFO]	Reason: validation end
2023-07-17 04:09:38,132	[INFO]	
2023-07-17 04:09:38,132	[INFO]	==== REPORT ====
2023-07-17 04:09:38,132	[INFO]	Termination: validation end
2023-07-17 04:09:38,132	[INFO]	Log file: /home/tsongpet/MSc-SSE-GI-project/_magpie_logs/minisat-hack_1689539918.log
2023-07-17 04:09:38,141	[INFO]	Patch file: _magpie_logs/minisat-hack_1689539918.patch
2023-07-17 04:09:38,141	[INFO]	Diff file: _magpie_logs/minisat-hack_1689539918.diff
2023-07-17 04:09:38,142	[INFO]	Best fitness: 5814.8777
2023-07-17 04:09:38,142	[INFO]	Best patch: StmtDeletion(('core/Solver.cc.xml', 'stmt', 157))
2023-07-17 04:09:38,142	[INFO]	Diff:
--- before: core/Solver.cc
+++ after: core/Solver.cc
@@ -418,7 +418,7 @@
             }
         }
     }else/*auto*/{
-        i = j = out_learnt.size();
+        
 }/*auto*/
 
     max_literals += out_learnt.size();

