2023-08-26 22:22:01,376	[DEBUG]	==== CONFIG ====
[magpie]
import = 
seed = 
log_dir = _magpie_logs
work_dir = _magpie_work
local_original_copy = False
local_original_name = __original__
output_encoding = ascii
edit_retries = 10
default_timeout = 30
default_lengthout = 1e6
diff_method = unified

[software]
path = code/sat4j
target_files = 
	org.sat4j.core/src/main/java/org/sat4j/minisat/core/Solver.java.xml
	sat4j.params
program = BasicProgram
engine_rules = 
	*.params : ConfigFileParamsEngine
	*.xml : SrcmlEngine
	* : LineEngine
engine_config = 
	*.params : [params]
	*.xml : [srcml]
setup_cmd = ./compile.sh
setup_timeout = 150
setup_lengthout = 
compile_cmd = ./compile.sh
compile_timeout = 150
compile_lengthout = 
test_cmd = 
test_timeout = 
test_lengthout = 
run_cmd = perf stat run-sh/validate_10.sh
run_timeout = 2113
run_lengthout = 
fitness = perf_instructions

[srcml]
rename = 
	stmt: break continue decl_stmt do expr_stmt for goto if return switch while
	number: literal_number
focus = block stmt operator_comp operator_arith number
internodes = block
process_pseudo_blocks = True
process_literals = True
process_operators = True

[params]
timing = test run
cli_prefix = --
cli_glue = =
cli_boolean = show
cli_boolean_prefix_true = 
cli_boolean_prefix_false = no-
silent_prefix = @
silent_suffix = $

[search]
protocol = BasicProtocol
algorithm = ValidRankingSimplify
possible_edits = 
	StmtReplacement
	StmtInsertion
	StmtDeletion
	ParamSetting
warmup = 1
warmup_strategy = last
max_steps = 
max_time = 
target_fitness = 
cache_maxsize = 40
cache_keep = 0.2

[search.ls]
delete_prob = 0.5
max_neighbours = 
when_trapped = continue
accept_fail = False
tabu_length = 10

[search.gp]
pop_size = 10
delete_prob = 0.5
offspring_elitism = 0.1
offspring_crossover = 0.5
offspring_mutation = 0.4
uniform_rate = 0.5

[search.ga]
pop_size = 10
elitism_size = 2
cxpb_chrm = 0.5
cxpb_gene = 0.5
mutpb_chrm = 0.2
mutpb_gene = 0.1
gi_delete_prob = 0.5
gi_create_prob = 0.5
tournament_size = 3

[search.pso]
pop_size = 10
speed_min = -3
speed_max = 3
c1 = 1.49
c2 = 1.49


2023-08-26 22:22:01,378	[INFO]	==== WARMUP ====
2023-08-26 22:48:42,032	[INFO]	WARM    SUCCESS               8742139235208           
2023-08-26 22:48:42,032	[INFO]	INITIAL SUCCESS               8742139235208           
2023-08-26 22:48:42,032	[INFO]	==== START: ValidTest ====
2023-08-26 22:48:42,123	[DEBUG]	CLEAN_PATCH: ParamSetting(('sat4j.params', 'RESTARTS'), 'NoRestarts') | ParamSetting(('sat4j.params', 'PHASE'), 'UserFixedPhaseSelectionStrategy') | ParamSetting(('sat4j.params', 'CLADECAY'), 0.7035772792777719) | ParamSetting(('sat4j.params', 'VARDECAY'), 0.8793825886132247) | StmtDeletion(('org.sat4j.core/src/main/java/org/sat4j/minisat/core/Solver.java.xml', 'stmt', 882)) | StmtInsertion(('org.sat4j.core/src/main/java/org/sat4j/minisat/core/Solver.java.xml', '_inter_block', 788), ('org.sat4j.core/src/main/java/org/sat4j/minisat/core/Solver.java.xml', 'stmt', 293))
2023-08-26 22:48:42,123	[DEBUG]	CLEAN_SIZE: 6 (was 10)
2023-08-26 23:16:57,143	[DEBUG]	ParamSetting(('sat4j.params', 'RESTARTS'), 'NoRestarts') | ParamSetting(('sat4j.params', 'PHASE'), 'UserFixedPhaseSelectionStrategy') | ParamSetting(('sat4j.params', 'CLADECAY'), 0.7035772792777719) | ParamSetting(('sat4j.params', 'VARDECAY'), 0.8793825886132247) | StmtDeletion(('org.sat4j.core/src/main/java/org/sat4j/minisat/core/Solver.java.xml', 'stmt', 882)) | StmtInsertion(('org.sat4j.core/src/main/java/org/sat4j/minisat/core/Solver.java.xml', '_inter_block', 788), ('org.sat4j.core/src/main/java/org/sat4j/minisat/core/Solver.java.xml', 'stmt', 293))
2023-08-26 23:16:57,179	[INFO]	1       SUCCESS              *9565510085213 (109.42%) [6 edit(s)] 
2023-08-26 23:16:57,221	[DEBUG]	--- before: org.sat4j.core/src/main/java/org/sat4j/minisat/core/Solver.java
+++ after: org.sat4j.core/src/main/java/org/sat4j/minisat/core/Solver.java
@@ -1298,6 +1298,8 @@
                     }
                 }
             }
+
+            ILits lvoc = this.voc;
             if (confl != null) {
                 // conflict found
                 this.stats.incConflicts();
@@ -2291,7 +2293,7 @@
             return Lbool.FALSE;
         }
         if (this.voc.isSatisfied(p)) {
-            return Lbool.TRUE;
+            
         }
         return Lbool.UNDEFINED;
     }
--- before: sat4j.params
+++ after: sat4j.params
@@ -1,6 +1,6 @@
-RESTARTS := 'Glucose21Restarts'
-PHASE := 'RSATPhaseSelectionStrategy'
-CLADECAY := 0.999
-VARDECAY := 0.95
+RESTARTS := 'NoRestarts'
+PHASE := 'UserFixedPhaseSelectionStrategy'
+CLADECAY := 0.7035772792777719
+VARDECAY := 0.8793825886132247
 SIMP := 'EXPENSIVE_SIMPLIFICATION'
 CLEANING := 'LBD2'

2023-08-26 23:16:57,230	[INFO]	==== END ====
2023-08-26 23:16:57,230	[INFO]	Reason: validation end
2023-08-26 23:16:57,230	[INFO]	
2023-08-26 23:16:57,230	[INFO]	==== REPORT ====
2023-08-26 23:16:57,230	[INFO]	Termination: validation end
2023-08-26 23:16:57,230	[INFO]	Log file: /home/tsongpet/MSc-SSE-GI-project/_magpie_logs/sat4j_1693084892.log
2023-08-26 23:16:57,239	[INFO]	Patch file: _magpie_logs/sat4j_1693084892.patch
2023-08-26 23:16:57,239	[INFO]	Diff file: _magpie_logs/sat4j_1693084892.diff
2023-08-26 23:16:57,239	[INFO]	Best fitness: 9565510085213
2023-08-26 23:16:57,239	[INFO]	Best patch: ParamSetting(('sat4j.params', 'RESTARTS'), 'NoRestarts') | ParamSetting(('sat4j.params', 'PHASE'), 'UserFixedPhaseSelectionStrategy') | ParamSetting(('sat4j.params', 'CLADECAY'), 0.7035772792777719) | ParamSetting(('sat4j.params', 'VARDECAY'), 0.8793825886132247) | StmtDeletion(('org.sat4j.core/src/main/java/org/sat4j/minisat/core/Solver.java.xml', 'stmt', 882)) | StmtInsertion(('org.sat4j.core/src/main/java/org/sat4j/minisat/core/Solver.java.xml', '_inter_block', 788), ('org.sat4j.core/src/main/java/org/sat4j/minisat/core/Solver.java.xml', 'stmt', 293))
2023-08-26 23:16:57,239	[INFO]	Diff:
--- before: org.sat4j.core/src/main/java/org/sat4j/minisat/core/Solver.java
+++ after: org.sat4j.core/src/main/java/org/sat4j/minisat/core/Solver.java
@@ -1298,6 +1298,8 @@
                     }
                 }
             }
+
+            ILits lvoc = this.voc;
             if (confl != null) {
                 // conflict found
                 this.stats.incConflicts();
@@ -2291,7 +2293,7 @@
             return Lbool.FALSE;
         }
         if (this.voc.isSatisfied(p)) {
-            return Lbool.TRUE;
+            
         }
         return Lbool.UNDEFINED;
     }
--- before: sat4j.params
+++ after: sat4j.params
@@ -1,6 +1,6 @@
-RESTARTS := 'Glucose21Restarts'
-PHASE := 'RSATPhaseSelectionStrategy'
-CLADECAY := 0.999
-VARDECAY := 0.95
+RESTARTS := 'NoRestarts'
+PHASE := 'UserFixedPhaseSelectionStrategy'
+CLADECAY := 0.7035772792777719
+VARDECAY := 0.8793825886132247
 SIMP := 'EXPENSIVE_SIMPLIFICATION'
 CLEANING := 'LBD2'

