2023-08-22 18:34:08,130	[DEBUG]	==== CONFIG ====
[magpie]
import = 
seed = 
log_dir = _magpie_logs
work_dir = _magpie_work
local_original_copy = False
local_original_name = __original__
output_encoding = ascii
edit_retries = 10
default_timeout = 30
default_lengthout = 1e6
diff_method = unified

[software]
path = code/sat4j
target_files = 
	org.sat4j.core/src/main/java/org/sat4j/minisat/core/Solver.java.xml
	sat4j.params
program = BasicProgram
engine_rules = 
	*.params : ConfigFileParamsEngine
	*.xml : SrcmlEngine
	* : LineEngine
engine_config = 
	*.params : [params]
	*.xml : [srcml]
setup_cmd = ./compile.sh
setup_timeout = 150
setup_lengthout = 
compile_cmd = ./compile.sh
compile_timeout = 150
compile_lengthout = 
test_cmd = 
test_timeout = 
test_lengthout = 
run_cmd = perf stat run-sh/validate_5.sh
run_timeout = 2261
run_lengthout = 
fitness = perf_instructions

[srcml]
rename = 
	stmt: break continue decl_stmt do expr_stmt for goto if return switch while
	number: literal_number
focus = block stmt operator_comp operator_arith number
internodes = block
process_pseudo_blocks = True
process_literals = True
process_operators = True

[params]
timing = test run
cli_prefix = --
cli_glue = =
cli_boolean = show
cli_boolean_prefix_true = 
cli_boolean_prefix_false = no-
silent_prefix = @
silent_suffix = $

[search]
protocol = BasicProtocol
algorithm = ValidRankingSimplify
possible_edits = 
	StmtReplacement
	StmtInsertion
	StmtDeletion
	ParamSetting
warmup = 1
warmup_strategy = last
max_steps = 
max_time = 
target_fitness = 
cache_maxsize = 40
cache_keep = 0.2

[search.ls]
delete_prob = 0.5
max_neighbours = 
when_trapped = continue
accept_fail = False
tabu_length = 10

[search.gp]
pop_size = 10
delete_prob = 0.5
offspring_elitism = 0.1
offspring_crossover = 0.5
offspring_mutation = 0.4
uniform_rate = 0.5

[search.ga]
pop_size = 100
elitism_size = 10
cxpb_chrm = 0.5
cxpb_gene = 0.5
mutpb_chrm = 0.2
mutpb_gene = 0.1
gi_delete_prob = 0.5
gi_create_prob = 0.5
tournament_size = 3

[search.pso]
pop_size = 10
speed_min = -3
speed_max = 3
c1 = 1.49
c2 = 1.49


2023-08-22 18:34:08,131	[INFO]	==== WARMUP ====
2023-08-22 19:00:46,482	[INFO]	WARM    SUCCESS               9401175287491           
2023-08-22 19:00:46,482	[INFO]	INITIAL SUCCESS               9401175287491           
2023-08-22 19:00:46,482	[INFO]	==== START: ValidTest ====
2023-08-22 19:00:46,593	[DEBUG]	CLEAN_PATCH: ParamSetting(('sat4j.params', 'VARDECAY'), 0.8993319177595209) | ParamSetting(('sat4j.params', 'PHASE'), 'PhaseInLastLearnedClauseSelectionStrategy') | StmtDeletion(('org.sat4j.core/src/main/java/org/sat4j/minisat/core/Solver.java.xml', 'stmt', 156)) | ParamSetting(('sat4j.params', 'CLADECAY'), 0.9559688003063762) | StmtDeletion(('org.sat4j.core/src/main/java/org/sat4j/minisat/core/Solver.java.xml', 'stmt', 161)) | StmtReplacement(('org.sat4j.core/src/main/java/org/sat4j/minisat/core/Solver.java.xml', 'stmt', 448), ('org.sat4j.core/src/main/java/org/sat4j/minisat/core/Solver.java.xml', 'stmt', 537)) | ParamSetting(('sat4j.params', 'CLEANING'), 'LBD') | StmtDeletion(('org.sat4j.core/src/main/java/org/sat4j/minisat/core/Solver.java.xml', 'stmt', 352)) | ParamSetting(('sat4j.params', 'SIMP'), 'SIMPLE_SIMPLIFICATION') | StmtDeletion(('org.sat4j.core/src/main/java/org/sat4j/minisat/core/Solver.java.xml', 'stmt', 247))
2023-08-22 19:00:46,593	[DEBUG]	CLEAN_SIZE: 10 (was 10)
2023-08-22 19:31:05,068	[DEBUG]	ParamSetting(('sat4j.params', 'VARDECAY'), 0.8993319177595209) | ParamSetting(('sat4j.params', 'PHASE'), 'PhaseInLastLearnedClauseSelectionStrategy') | StmtDeletion(('org.sat4j.core/src/main/java/org/sat4j/minisat/core/Solver.java.xml', 'stmt', 156)) | ParamSetting(('sat4j.params', 'CLADECAY'), 0.9559688003063762) | StmtDeletion(('org.sat4j.core/src/main/java/org/sat4j/minisat/core/Solver.java.xml', 'stmt', 161)) | StmtReplacement(('org.sat4j.core/src/main/java/org/sat4j/minisat/core/Solver.java.xml', 'stmt', 448), ('org.sat4j.core/src/main/java/org/sat4j/minisat/core/Solver.java.xml', 'stmt', 537)) | ParamSetting(('sat4j.params', 'CLEANING'), 'LBD') | StmtDeletion(('org.sat4j.core/src/main/java/org/sat4j/minisat/core/Solver.java.xml', 'stmt', 352)) | ParamSetting(('sat4j.params', 'SIMP'), 'SIMPLE_SIMPLIFICATION') | StmtDeletion(('org.sat4j.core/src/main/java/org/sat4j/minisat/core/Solver.java.xml', 'stmt', 247))
2023-08-22 19:31:05,069	[INFO]	1       SUCCESS              *10567575415453 (112.41%) [10 edit(s)] 
2023-08-22 19:31:05,081	[DEBUG]	--- before: org.sat4j.core/src/main/java/org/sat4j/minisat/core/Solver.java
+++ after: org.sat4j.core/src/main/java/org/sat4j/minisat/core/Solver.java
@@ -558,15 +558,13 @@
             // conflicting enqueued assignment
             return false;
         }
-        this.slistener.enqueueing(toDimacs(p), from);
+        
         // new fact, store it
         this.voc.satisfies(p);
         this.voc.setLevel(p, decisionLevel());
         this.voc.setReason(p, from);
         this.trail.push(p);
-        if (from != null && from.learnt()) {
-            this.learnedConstraintsDeletionStrategy.onPropagation(from);
-        }
+        
         return true;
     }
 
@@ -743,7 +741,7 @@
         /**
          * 
          */
-        private static final long serialVersionUID = 1L;
+        
 
         public void simplify(IVecInt outLearnt) {
         }
@@ -1023,7 +1021,7 @@
         int x = p >> 1;
         // unassign variable
         this.voc.unassign(p);
-        this.voc.setReason(p, null);
+        
         this.voc.setLevel(p, -1);
         // update heuristics value
         this.order.undo(x);
@@ -1249,7 +1247,7 @@
                             this.sharedConflict.assertConstraint(this);
                             this.sharedConflict = null;
 
-                            continue;
+                            this.fullmodel = this.model;
                         }
                     }
                 } else {
--- before: sat4j.params
+++ after: sat4j.params
@@ -1,6 +1,6 @@
 RESTARTS := 'Glucose21Restarts'
-PHASE := 'RSATPhaseSelectionStrategy'
-CLADECAY := 0.999
-VARDECAY := 0.95
-SIMP := 'EXPENSIVE_SIMPLIFICATION'
-CLEANING := 'LBD2'
+PHASE := 'PhaseInLastLearnedClauseSelectionStrategy'
+CLADECAY := 0.9559688003063762
+VARDECAY := 0.8993319177595209
+SIMP := 'SIMPLE_SIMPLIFICATION'
+CLEANING := 'LBD'

2023-08-22 19:31:05,090	[INFO]	==== END ====
2023-08-22 19:31:05,091	[INFO]	Reason: validation end
2023-08-22 19:31:05,091	[INFO]	
2023-08-22 19:31:05,091	[INFO]	==== REPORT ====
2023-08-22 19:31:05,091	[INFO]	Termination: validation end
2023-08-22 19:31:05,091	[INFO]	Log file: /home/tsongpet/MSc-SSE-GI-project/_magpie_logs/sat4j_1692725643.log
2023-08-22 19:31:05,101	[INFO]	Patch file: _magpie_logs/sat4j_1692725643.patch
2023-08-22 19:31:05,101	[INFO]	Diff file: _magpie_logs/sat4j_1692725643.diff
2023-08-22 19:31:05,101	[INFO]	Best fitness: 10567575415453
2023-08-22 19:31:05,101	[INFO]	Best patch: ParamSetting(('sat4j.params', 'VARDECAY'), 0.8993319177595209) | ParamSetting(('sat4j.params', 'PHASE'), 'PhaseInLastLearnedClauseSelectionStrategy') | StmtDeletion(('org.sat4j.core/src/main/java/org/sat4j/minisat/core/Solver.java.xml', 'stmt', 156)) | ParamSetting(('sat4j.params', 'CLADECAY'), 0.9559688003063762) | StmtDeletion(('org.sat4j.core/src/main/java/org/sat4j/minisat/core/Solver.java.xml', 'stmt', 161)) | StmtReplacement(('org.sat4j.core/src/main/java/org/sat4j/minisat/core/Solver.java.xml', 'stmt', 448), ('org.sat4j.core/src/main/java/org/sat4j/minisat/core/Solver.java.xml', 'stmt', 537)) | ParamSetting(('sat4j.params', 'CLEANING'), 'LBD') | StmtDeletion(('org.sat4j.core/src/main/java/org/sat4j/minisat/core/Solver.java.xml', 'stmt', 352)) | ParamSetting(('sat4j.params', 'SIMP'), 'SIMPLE_SIMPLIFICATION') | StmtDeletion(('org.sat4j.core/src/main/java/org/sat4j/minisat/core/Solver.java.xml', 'stmt', 247))
2023-08-22 19:31:05,101	[INFO]	Diff:
--- before: org.sat4j.core/src/main/java/org/sat4j/minisat/core/Solver.java
+++ after: org.sat4j.core/src/main/java/org/sat4j/minisat/core/Solver.java
@@ -558,15 +558,13 @@
             // conflicting enqueued assignment
             return false;
         }
-        this.slistener.enqueueing(toDimacs(p), from);
+        
         // new fact, store it
         this.voc.satisfies(p);
         this.voc.setLevel(p, decisionLevel());
         this.voc.setReason(p, from);
         this.trail.push(p);
-        if (from != null && from.learnt()) {
-            this.learnedConstraintsDeletionStrategy.onPropagation(from);
-        }
+        
         return true;
     }
 
@@ -743,7 +741,7 @@
         /**
          * 
          */
-        private static final long serialVersionUID = 1L;
+        
 
         public void simplify(IVecInt outLearnt) {
         }
@@ -1023,7 +1021,7 @@
         int x = p >> 1;
         // unassign variable
         this.voc.unassign(p);
-        this.voc.setReason(p, null);
+        
         this.voc.setLevel(p, -1);
         // update heuristics value
         this.order.undo(x);
@@ -1249,7 +1247,7 @@
                             this.sharedConflict.assertConstraint(this);
                             this.sharedConflict = null;
 
-                            continue;
+                            this.fullmodel = this.model;
                         }
                     }
                 } else {
--- before: sat4j.params
+++ after: sat4j.params
@@ -1,6 +1,6 @@
 RESTARTS := 'Glucose21Restarts'
-PHASE := 'RSATPhaseSelectionStrategy'
-CLADECAY := 0.999
-VARDECAY := 0.95
-SIMP := 'EXPENSIVE_SIMPLIFICATION'
-CLEANING := 'LBD2'
+PHASE := 'PhaseInLastLearnedClauseSelectionStrategy'
+CLADECAY := 0.9559688003063762
+VARDECAY := 0.8993319177595209
+SIMP := 'SIMPLE_SIMPLIFICATION'
+CLEANING := 'LBD'

