2023-08-22 18:58:41,164	[DEBUG]	==== CONFIG ====
[magpie]
import = 
seed = 
log_dir = _magpie_logs
work_dir = _magpie_work
local_original_copy = False
local_original_name = __original__
output_encoding = ascii
edit_retries = 10
default_timeout = 30
default_lengthout = 1e6
diff_method = unified

[software]
path = code/sat4j
target_files = 
	org.sat4j.core/src/main/java/org/sat4j/minisat/core/Solver.java.xml
	sat4j.params
program = BasicProgram
engine_rules = 
	*.params : ConfigFileParamsEngine
	*.xml : SrcmlEngine
	* : LineEngine
engine_config = 
	*.params : [params]
	*.xml : [srcml]
setup_cmd = ./compile.sh
setup_timeout = 150
setup_lengthout = 
compile_cmd = ./compile.sh
compile_timeout = 150
compile_lengthout = 
test_cmd = 
test_timeout = 
test_lengthout = 
run_cmd = perf stat run-sh/validate_8.sh
run_timeout = 2302
run_lengthout = 
fitness = perf_instructions

[srcml]
rename = 
	stmt: break continue decl_stmt do expr_stmt for goto if return switch while
	number: literal_number
focus = block stmt operator_comp operator_arith number
internodes = block
process_pseudo_blocks = True
process_literals = True
process_operators = True

[params]
timing = test run
cli_prefix = --
cli_glue = =
cli_boolean = show
cli_boolean_prefix_true = 
cli_boolean_prefix_false = no-
silent_prefix = @
silent_suffix = $

[search]
protocol = BasicProtocol
algorithm = ValidRankingSimplify
possible_edits = 
	StmtReplacement
	StmtInsertion
	StmtDeletion
	ParamSetting
warmup = 1
warmup_strategy = last
max_steps = 
max_time = 
target_fitness = 
cache_maxsize = 40
cache_keep = 0.2

[search.ls]
delete_prob = 0.5
max_neighbours = 
when_trapped = continue
accept_fail = False
tabu_length = 10

[search.gp]
pop_size = 10
delete_prob = 0.5
offspring_elitism = 0.1
offspring_crossover = 0.5
offspring_mutation = 0.4
uniform_rate = 0.5

[search.ga]
pop_size = 100
elitism_size = 10
cxpb_chrm = 0.5
cxpb_gene = 0.5
mutpb_chrm = 0.2
mutpb_gene = 0.1
gi_delete_prob = 0.5
gi_create_prob = 0.5
tournament_size = 3

[search.pso]
pop_size = 10
speed_min = -3
speed_max = 3
c1 = 1.49
c2 = 1.49


2023-08-22 18:58:41,165	[INFO]	==== WARMUP ====
2023-08-22 19:25:56,192	[INFO]	WARM    SUCCESS               9464327718951           
2023-08-22 19:25:56,192	[INFO]	INITIAL SUCCESS               9464327718951           
2023-08-22 19:25:56,192	[INFO]	==== START: ValidTest ====
2023-08-22 19:25:56,253	[DEBUG]	CLEAN_PATCH: ParamSetting(('sat4j.params', 'VARDECAY'), 0.9705499764296595) | ParamSetting(('sat4j.params', 'CLEANING'), 'LBD') | ParamSetting(('sat4j.params', 'RESTARTS'), 'MiniSATRestarts') | StmtDeletion(('org.sat4j.core/src/main/java/org/sat4j/minisat/core/Solver.java.xml', 'stmt', 690)) | ParamSetting(('sat4j.params', 'PHASE'), 'RSATLastLearnedClausesPhaseSelectionStrategy') | StmtReplacement(('org.sat4j.core/src/main/java/org/sat4j/minisat/core/Solver.java.xml', 'stmt', 93), ('org.sat4j.core/src/main/java/org/sat4j/minisat/core/Solver.java.xml', 'stmt', 46))
2023-08-22 19:25:56,253	[DEBUG]	CLEAN_SIZE: 6 (was 7)
2023-08-22 19:57:40,786	[DEBUG]	ParamSetting(('sat4j.params', 'VARDECAY'), 0.9705499764296595) | ParamSetting(('sat4j.params', 'CLEANING'), 'LBD') | ParamSetting(('sat4j.params', 'RESTARTS'), 'MiniSATRestarts') | StmtDeletion(('org.sat4j.core/src/main/java/org/sat4j/minisat/core/Solver.java.xml', 'stmt', 690)) | ParamSetting(('sat4j.params', 'PHASE'), 'RSATLastLearnedClausesPhaseSelectionStrategy') | StmtReplacement(('org.sat4j.core/src/main/java/org/sat4j/minisat/core/Solver.java.xml', 'stmt', 93), ('org.sat4j.core/src/main/java/org/sat4j/minisat/core/Solver.java.xml', 'stmt', 46))
2023-08-22 19:57:40,786	[INFO]	1       SUCCESS              *10418558738249 (110.08%) [6 edit(s)] 
2023-08-22 19:57:40,794	[DEBUG]	--- before: org.sat4j.core/src/main/java/org/sat4j/minisat/core/Solver.java
+++ after: org.sat4j.core/src/main/java/org/sat4j/minisat/core/Solver.java
@@ -389,7 +389,7 @@
         this.stats.incLearnedclauses();
         switch (c.size()) {
         case 2:
-            this.stats.incLearnedbinaryclauses();
+            this.params = params;
             break;
         case 3:
             this.stats.incLearnedternaryclauses();
@@ -1801,7 +1801,7 @@
 
                     @Override
                     public void run() {
-                        getSolver().expireTimeout();
+                        
                     }
                 };
                 this.conflictCount.add(conflictTimeout);
--- before: sat4j.params
+++ after: sat4j.params
@@ -1,6 +1,7 @@
-RESTARTS := 'Glucose21Restarts'
-PHASE := 'RSATPhaseSelectionStrategy'
+RESTARTS := 'MiniSATRestarts'
+PHASE := 'RSATLastLearnedClausesPhaseSelectionStrategy'
 CLADECAY := 0.999
-VARDECAY := 0.95
+VARDECAY := 0.9705499764296595
+CONFLICTBOUNDINCFACTOR := 2.0
 SIMP := 'EXPENSIVE_SIMPLIFICATION'
-CLEANING := 'LBD2'
+CLEANING := 'LBD'

2023-08-22 19:57:40,801	[INFO]	==== END ====
2023-08-22 19:57:40,801	[INFO]	Reason: validation end
2023-08-22 19:57:40,801	[INFO]	
2023-08-22 19:57:40,801	[INFO]	==== REPORT ====
2023-08-22 19:57:40,801	[INFO]	Termination: validation end
2023-08-22 19:57:40,801	[INFO]	Log file: /home/tsongpet/MSc-SSE-GI-project/_magpie_logs/sat4j_1692727113.log
2023-08-22 19:57:40,808	[INFO]	Patch file: _magpie_logs/sat4j_1692727113.patch
2023-08-22 19:57:40,808	[INFO]	Diff file: _magpie_logs/sat4j_1692727113.diff
2023-08-22 19:57:40,808	[INFO]	Best fitness: 10418558738249
2023-08-22 19:57:40,808	[INFO]	Best patch: ParamSetting(('sat4j.params', 'VARDECAY'), 0.9705499764296595) | ParamSetting(('sat4j.params', 'CLEANING'), 'LBD') | ParamSetting(('sat4j.params', 'RESTARTS'), 'MiniSATRestarts') | StmtDeletion(('org.sat4j.core/src/main/java/org/sat4j/minisat/core/Solver.java.xml', 'stmt', 690)) | ParamSetting(('sat4j.params', 'PHASE'), 'RSATLastLearnedClausesPhaseSelectionStrategy') | StmtReplacement(('org.sat4j.core/src/main/java/org/sat4j/minisat/core/Solver.java.xml', 'stmt', 93), ('org.sat4j.core/src/main/java/org/sat4j/minisat/core/Solver.java.xml', 'stmt', 46))
2023-08-22 19:57:40,808	[INFO]	Diff:
--- before: org.sat4j.core/src/main/java/org/sat4j/minisat/core/Solver.java
+++ after: org.sat4j.core/src/main/java/org/sat4j/minisat/core/Solver.java
@@ -389,7 +389,7 @@
         this.stats.incLearnedclauses();
         switch (c.size()) {
         case 2:
-            this.stats.incLearnedbinaryclauses();
+            this.params = params;
             break;
         case 3:
             this.stats.incLearnedternaryclauses();
@@ -1801,7 +1801,7 @@
 
                     @Override
                     public void run() {
-                        getSolver().expireTimeout();
+                        
                     }
                 };
                 this.conflictCount.add(conflictTimeout);
--- before: sat4j.params
+++ after: sat4j.params
@@ -1,6 +1,7 @@
-RESTARTS := 'Glucose21Restarts'
-PHASE := 'RSATPhaseSelectionStrategy'
+RESTARTS := 'MiniSATRestarts'
+PHASE := 'RSATLastLearnedClausesPhaseSelectionStrategy'
 CLADECAY := 0.999
-VARDECAY := 0.95
+VARDECAY := 0.9705499764296595
+CONFLICTBOUNDINCFACTOR := 2.0
 SIMP := 'EXPENSIVE_SIMPLIFICATION'
-CLEANING := 'LBD2'
+CLEANING := 'LBD'

