2023-08-22 19:34:24,315	[DEBUG]	==== CONFIG ====
[magpie]
import = 
seed = 
log_dir = _magpie_logs
work_dir = _magpie_work
local_original_copy = False
local_original_name = __original__
output_encoding = ascii
edit_retries = 10
default_timeout = 30
default_lengthout = 1e6
diff_method = unified

[software]
path = code/sat4j
target_files = 
	org.sat4j.core/src/main/java/org/sat4j/minisat/core/Solver.java.xml
	sat4j.params
program = BasicProgram
engine_rules = 
	*.params : ConfigFileParamsEngine
	*.xml : SrcmlEngine
	* : LineEngine
engine_config = 
	*.params : [params]
	*.xml : [srcml]
setup_cmd = ./compile.sh
setup_timeout = 150
setup_lengthout = 
compile_cmd = ./compile.sh
compile_timeout = 150
compile_lengthout = 
test_cmd = 
test_timeout = 
test_lengthout = 
run_cmd = perf stat run-sh/validate_9.sh
run_timeout = 2191
run_lengthout = 
fitness = perf_instructions

[srcml]
rename = 
	stmt: break continue decl_stmt do expr_stmt for goto if return switch while
	number: literal_number
focus = block stmt operator_comp operator_arith number
internodes = block
process_pseudo_blocks = True
process_literals = True
process_operators = True

[params]
timing = test run
cli_prefix = --
cli_glue = =
cli_boolean = show
cli_boolean_prefix_true = 
cli_boolean_prefix_false = no-
silent_prefix = @
silent_suffix = $

[search]
protocol = BasicProtocol
algorithm = ValidRankingSimplify
possible_edits = 
	StmtReplacement
	StmtInsertion
	StmtDeletion
	ParamSetting
warmup = 1
warmup_strategy = last
max_steps = 
max_time = 
target_fitness = 
cache_maxsize = 40
cache_keep = 0.2

[search.ls]
delete_prob = 0.5
max_neighbours = 
when_trapped = continue
accept_fail = False
tabu_length = 10

[search.gp]
pop_size = 10
delete_prob = 0.5
offspring_elitism = 0.1
offspring_crossover = 0.5
offspring_mutation = 0.4
uniform_rate = 0.5

[search.ga]
pop_size = 100
elitism_size = 10
cxpb_chrm = 0.5
cxpb_gene = 0.5
mutpb_chrm = 0.2
mutpb_gene = 0.1
gi_delete_prob = 0.5
gi_create_prob = 0.5
tournament_size = 3

[search.pso]
pop_size = 10
speed_min = -3
speed_max = 3
c1 = 1.49
c2 = 1.49


2023-08-22 19:34:24,318	[INFO]	==== WARMUP ====
2023-08-22 20:00:05,091	[INFO]	WARM    SUCCESS               9615289475658           
2023-08-22 20:00:05,091	[INFO]	INITIAL SUCCESS               9615289475658           
2023-08-22 20:00:05,091	[INFO]	==== START: ValidTest ====
2023-08-22 20:00:05,148	[DEBUG]	CLEAN_PATCH: ParamSetting(('sat4j.params', 'RESTARTS'), 'LubyRestarts') | ParamSetting(('sat4j.params', 'LUBYFACTOR'), 26) | StmtDeletion(('org.sat4j.core/src/main/java/org/sat4j/minisat/core/Solver.java.xml', 'stmt', 147)) | ParamSetting(('sat4j.params', 'PHASE'), 'PhaseCachingAutoEraseStrategy') | StmtDeletion(('org.sat4j.core/src/main/java/org/sat4j/minisat/core/Solver.java.xml', 'stmt', 905)) | StmtDeletion(('org.sat4j.core/src/main/java/org/sat4j/minisat/core/Solver.java.xml', 'stmt', 258))
2023-08-22 20:00:05,148	[DEBUG]	CLEAN_SIZE: 6 (was 7)
2023-08-22 20:30:05,758	[DEBUG]	ParamSetting(('sat4j.params', 'RESTARTS'), 'LubyRestarts') | ParamSetting(('sat4j.params', 'LUBYFACTOR'), 26) | StmtDeletion(('org.sat4j.core/src/main/java/org/sat4j/minisat/core/Solver.java.xml', 'stmt', 147)) | ParamSetting(('sat4j.params', 'PHASE'), 'PhaseCachingAutoEraseStrategy') | StmtDeletion(('org.sat4j.core/src/main/java/org/sat4j/minisat/core/Solver.java.xml', 'stmt', 905)) | StmtDeletion(('org.sat4j.core/src/main/java/org/sat4j/minisat/core/Solver.java.xml', 'stmt', 258))
2023-08-22 20:30:06,073	[INFO]	1       SUCCESS              *10328087343312 (107.41%) [6 edit(s)] 
2023-08-22 20:30:06,459	[DEBUG]	--- before: org.sat4j.core/src/main/java/org/sat4j/minisat/core/Solver.java
+++ after: org.sat4j.core/src/main/java/org/sat4j/minisat/core/Solver.java
@@ -524,10 +524,7 @@
      * @return un mod?le de la formule.
      */
     public int[] model() {
-        if (this.model == null) {
-            throw new UnsupportedOperationException(
-                    "Call the solve method first!!!"); //$NON-NLS-1$
-        }
+        
         int[] nmodel = new int[this.model.length];
         System.arraycopy(this.model, 0, nmodel, 0, this.model.length);
         return nmodel;
@@ -792,7 +789,7 @@
         /**
          * 
          */
-        private static final long serialVersionUID = 1L;
+        
 
         public void simplify(IVecInt conflictToReduce) {
             expensiveSimplificationWLOnly(conflictToReduce);
@@ -2379,8 +2376,7 @@
                 .getTimer();
         switch (evaluation) {
         case ACTIVITY:
-            this.learnedConstraintsDeletionStrategy = new ActivityLCDS(this,
-                    aTimer);
+            
             break;
         case LBD:
             this.learnedConstraintsDeletionStrategy = new GlucoseLCDS<D>(this,
--- before: sat4j.params
+++ after: sat4j.params
@@ -1,5 +1,6 @@
-RESTARTS := 'Glucose21Restarts'
-PHASE := 'RSATPhaseSelectionStrategy'
+RESTARTS := 'LubyRestarts'
+LUBYFACTOR := 26
+PHASE := 'PhaseCachingAutoEraseStrategy'
 CLADECAY := 0.999
 VARDECAY := 0.95
 SIMP := 'EXPENSIVE_SIMPLIFICATION'

2023-08-22 20:30:06,467	[INFO]	==== END ====
2023-08-22 20:30:06,467	[INFO]	Reason: validation end
2023-08-22 20:30:06,467	[INFO]	
2023-08-22 20:30:06,467	[INFO]	==== REPORT ====
2023-08-22 20:30:06,467	[INFO]	Termination: validation end
2023-08-22 20:30:06,467	[INFO]	Log file: /home/tsongpet/MSc-SSE-GI-project/_magpie_logs/sat4j_1692729259.log
2023-08-22 20:30:06,475	[INFO]	Patch file: _magpie_logs/sat4j_1692729259.patch
2023-08-22 20:30:06,475	[INFO]	Diff file: _magpie_logs/sat4j_1692729259.diff
2023-08-22 20:30:06,475	[INFO]	Best fitness: 10328087343312
2023-08-22 20:30:06,475	[INFO]	Best patch: ParamSetting(('sat4j.params', 'RESTARTS'), 'LubyRestarts') | ParamSetting(('sat4j.params', 'LUBYFACTOR'), 26) | StmtDeletion(('org.sat4j.core/src/main/java/org/sat4j/minisat/core/Solver.java.xml', 'stmt', 147)) | ParamSetting(('sat4j.params', 'PHASE'), 'PhaseCachingAutoEraseStrategy') | StmtDeletion(('org.sat4j.core/src/main/java/org/sat4j/minisat/core/Solver.java.xml', 'stmt', 905)) | StmtDeletion(('org.sat4j.core/src/main/java/org/sat4j/minisat/core/Solver.java.xml', 'stmt', 258))
2023-08-22 20:30:06,475	[INFO]	Diff:
--- before: org.sat4j.core/src/main/java/org/sat4j/minisat/core/Solver.java
+++ after: org.sat4j.core/src/main/java/org/sat4j/minisat/core/Solver.java
@@ -524,10 +524,7 @@
      * @return un mod?le de la formule.
      */
     public int[] model() {
-        if (this.model == null) {
-            throw new UnsupportedOperationException(
-                    "Call the solve method first!!!"); //$NON-NLS-1$
-        }
+        
         int[] nmodel = new int[this.model.length];
         System.arraycopy(this.model, 0, nmodel, 0, this.model.length);
         return nmodel;
@@ -792,7 +789,7 @@
         /**
          * 
          */
-        private static final long serialVersionUID = 1L;
+        
 
         public void simplify(IVecInt conflictToReduce) {
             expensiveSimplificationWLOnly(conflictToReduce);
@@ -2379,8 +2376,7 @@
                 .getTimer();
         switch (evaluation) {
         case ACTIVITY:
-            this.learnedConstraintsDeletionStrategy = new ActivityLCDS(this,
-                    aTimer);
+            
             break;
         case LBD:
             this.learnedConstraintsDeletionStrategy = new GlucoseLCDS<D>(this,
--- before: sat4j.params
+++ after: sat4j.params
@@ -1,5 +1,6 @@
-RESTARTS := 'Glucose21Restarts'
-PHASE := 'RSATPhaseSelectionStrategy'
+RESTARTS := 'LubyRestarts'
+LUBYFACTOR := 26
+PHASE := 'PhaseCachingAutoEraseStrategy'
 CLADECAY := 0.999
 VARDECAY := 0.95
 SIMP := 'EXPENSIVE_SIMPLIFICATION'

