2023-08-22 18:58:41,167	[DEBUG]	==== CONFIG ====
[magpie]
import = 
seed = 
log_dir = _magpie_logs
work_dir = _magpie_work
local_original_copy = False
local_original_name = __original__
output_encoding = ascii
edit_retries = 10
default_timeout = 30
default_lengthout = 1e6
diff_method = unified

[software]
path = code/sat4j
target_files = 
	org.sat4j.core/src/main/java/org/sat4j/minisat/core/Solver.java.xml
	sat4j.params
program = BasicProgram
engine_rules = 
	*.params : ConfigFileParamsEngine
	*.xml : SrcmlEngine
	* : LineEngine
engine_config = 
	*.params : [params]
	*.xml : [srcml]
setup_cmd = ./compile.sh
setup_timeout = 150
setup_lengthout = 
compile_cmd = ./compile.sh
compile_timeout = 150
compile_lengthout = 
test_cmd = 
test_timeout = 
test_lengthout = 
run_cmd = perf stat run-sh/validate_7.sh
run_timeout = 2235
run_lengthout = 
fitness = perf_instructions

[srcml]
rename = 
	stmt: break continue decl_stmt do expr_stmt for goto if return switch while
	number: literal_number
focus = block stmt operator_comp operator_arith number
internodes = block
process_pseudo_blocks = True
process_literals = True
process_operators = True

[params]
timing = test run
cli_prefix = --
cli_glue = =
cli_boolean = show
cli_boolean_prefix_true = 
cli_boolean_prefix_false = no-
silent_prefix = @
silent_suffix = $

[search]
protocol = BasicProtocol
algorithm = ValidRankingSimplify
possible_edits = 
	StmtReplacement
	StmtInsertion
	StmtDeletion
	ParamSetting
warmup = 1
warmup_strategy = last
max_steps = 
max_time = 
target_fitness = 
cache_maxsize = 40
cache_keep = 0.2

[search.ls]
delete_prob = 0.5
max_neighbours = 
when_trapped = continue
accept_fail = False
tabu_length = 10

[search.gp]
pop_size = 10
delete_prob = 0.5
offspring_elitism = 0.1
offspring_crossover = 0.5
offspring_mutation = 0.4
uniform_rate = 0.5

[search.ga]
pop_size = 100
elitism_size = 10
cxpb_chrm = 0.5
cxpb_gene = 0.5
mutpb_chrm = 0.2
mutpb_gene = 0.1
gi_delete_prob = 0.5
gi_create_prob = 0.5
tournament_size = 3

[search.pso]
pop_size = 10
speed_min = -3
speed_max = 3
c1 = 1.49
c2 = 1.49


2023-08-22 18:58:41,168	[INFO]	==== WARMUP ====
2023-08-22 19:25:32,402	[INFO]	WARM    SUCCESS               9355911801035           
2023-08-22 19:25:32,402	[INFO]	INITIAL SUCCESS               9355911801035           
2023-08-22 19:25:32,403	[INFO]	==== START: ValidTest ====
2023-08-22 19:25:32,476	[DEBUG]	CLEAN_PATCH: ParamSetting(('sat4j.params', 'VARDECAY'), 0.9083092489680472) | StmtInsertion(('org.sat4j.core/src/main/java/org/sat4j/minisat/core/Solver.java.xml', '_inter_block', 502), ('org.sat4j.core/src/main/java/org/sat4j/minisat/core/Solver.java.xml', 'stmt', 182)) | ParamSetting(('sat4j.params', 'SIMP'), 'SIMPLE_SIMPLIFICATION') | ParamSetting(('sat4j.params', 'CLEANING'), 'LBD') | StmtDeletion(('org.sat4j.core/src/main/java/org/sat4j/minisat/core/Solver.java.xml', 'stmt', 901)) | ParamSetting(('sat4j.params', 'RESTARTS'), 'NoRestarts') | StmtDeletion(('org.sat4j.core/src/main/java/org/sat4j/minisat/core/Solver.java.xml', 'stmt', 386))
2023-08-22 19:25:32,476	[DEBUG]	CLEAN_SIZE: 7 (was 7)
2023-08-22 19:56:52,888	[DEBUG]	ParamSetting(('sat4j.params', 'VARDECAY'), 0.9083092489680472) | StmtInsertion(('org.sat4j.core/src/main/java/org/sat4j/minisat/core/Solver.java.xml', '_inter_block', 502), ('org.sat4j.core/src/main/java/org/sat4j/minisat/core/Solver.java.xml', 'stmt', 182)) | ParamSetting(('sat4j.params', 'SIMP'), 'SIMPLE_SIMPLIFICATION') | ParamSetting(('sat4j.params', 'CLEANING'), 'LBD') | StmtDeletion(('org.sat4j.core/src/main/java/org/sat4j/minisat/core/Solver.java.xml', 'stmt', 901)) | ParamSetting(('sat4j.params', 'RESTARTS'), 'NoRestarts') | StmtDeletion(('org.sat4j.core/src/main/java/org/sat4j/minisat/core/Solver.java.xml', 'stmt', 386))
2023-08-22 19:56:52,888	[INFO]	1       SUCCESS              *10550222872464 (112.77%) [7 edit(s)] 
2023-08-22 19:56:52,898	[DEBUG]	--- before: org.sat4j.core/src/main/java/org/sat4j/minisat/core/Solver.java
+++ after: org.sat4j.core/src/main/java/org/sat4j/minisat/core/Solver.java
@@ -713,6 +713,8 @@
             confl.calcReason(p, preason);
             // Trace reason for p
             for (int j = 0; j < preason.size(); j++) {
+                this.learnedConstraintsDeletionStrategy
+                        .onConflictAnalysis(confl);
                 int q = preason.get(j);
                 if (!seen[q >> 1]) {
                     seen[q >> 1] = true;
@@ -1101,7 +1103,7 @@
         this.voc.watches(p).moveTo(lwatched);
         final int size = lwatched.size();
         for (int i = 0; i < size; i++) {
-            this.stats.incInspects();
+            
             // try shortcut
             // shortcut = shortcuts.get(i);
             // if (shortcut != ILits.UNDEFINED && voc.isSatisfied(shortcut))
@@ -2365,9 +2367,7 @@
                     timer);
             break;
         }
-        if (this.conflictCount != null) {
-            this.learnedConstraintsDeletionStrategy.init();
-        }
+        
     }
 
     /**
--- before: sat4j.params
+++ after: sat4j.params
@@ -1,6 +1,6 @@
-RESTARTS := 'Glucose21Restarts'
+RESTARTS := 'NoRestarts'
 PHASE := 'RSATPhaseSelectionStrategy'
 CLADECAY := 0.999
-VARDECAY := 0.95
-SIMP := 'EXPENSIVE_SIMPLIFICATION'
-CLEANING := 'LBD2'
+VARDECAY := 0.9083092489680472
+SIMP := 'SIMPLE_SIMPLIFICATION'
+CLEANING := 'LBD'

2023-08-22 19:56:52,907	[INFO]	==== END ====
2023-08-22 19:56:52,907	[INFO]	Reason: validation end
2023-08-22 19:56:52,907	[INFO]	
2023-08-22 19:56:52,907	[INFO]	==== REPORT ====
2023-08-22 19:56:52,907	[INFO]	Termination: validation end
2023-08-22 19:56:52,907	[INFO]	Log file: /home/tsongpet/MSc-SSE-GI-project/_magpie_logs/sat4j_1692727114.log
2023-08-22 19:56:52,916	[INFO]	Patch file: _magpie_logs/sat4j_1692727114.patch
2023-08-22 19:56:52,916	[INFO]	Diff file: _magpie_logs/sat4j_1692727114.diff
2023-08-22 19:56:52,916	[INFO]	Best fitness: 10550222872464
2023-08-22 19:56:52,916	[INFO]	Best patch: ParamSetting(('sat4j.params', 'VARDECAY'), 0.9083092489680472) | StmtInsertion(('org.sat4j.core/src/main/java/org/sat4j/minisat/core/Solver.java.xml', '_inter_block', 502), ('org.sat4j.core/src/main/java/org/sat4j/minisat/core/Solver.java.xml', 'stmt', 182)) | ParamSetting(('sat4j.params', 'SIMP'), 'SIMPLE_SIMPLIFICATION') | ParamSetting(('sat4j.params', 'CLEANING'), 'LBD') | StmtDeletion(('org.sat4j.core/src/main/java/org/sat4j/minisat/core/Solver.java.xml', 'stmt', 901)) | ParamSetting(('sat4j.params', 'RESTARTS'), 'NoRestarts') | StmtDeletion(('org.sat4j.core/src/main/java/org/sat4j/minisat/core/Solver.java.xml', 'stmt', 386))
2023-08-22 19:56:52,916	[INFO]	Diff:
--- before: org.sat4j.core/src/main/java/org/sat4j/minisat/core/Solver.java
+++ after: org.sat4j.core/src/main/java/org/sat4j/minisat/core/Solver.java
@@ -713,6 +713,8 @@
             confl.calcReason(p, preason);
             // Trace reason for p
             for (int j = 0; j < preason.size(); j++) {
+                this.learnedConstraintsDeletionStrategy
+                        .onConflictAnalysis(confl);
                 int q = preason.get(j);
                 if (!seen[q >> 1]) {
                     seen[q >> 1] = true;
@@ -1101,7 +1103,7 @@
         this.voc.watches(p).moveTo(lwatched);
         final int size = lwatched.size();
         for (int i = 0; i < size; i++) {
-            this.stats.incInspects();
+            
             // try shortcut
             // shortcut = shortcuts.get(i);
             // if (shortcut != ILits.UNDEFINED && voc.isSatisfied(shortcut))
@@ -2365,9 +2367,7 @@
                     timer);
             break;
         }
-        if (this.conflictCount != null) {
-            this.learnedConstraintsDeletionStrategy.init();
-        }
+        
     }
 
     /**
--- before: sat4j.params
+++ after: sat4j.params
@@ -1,6 +1,6 @@
-RESTARTS := 'Glucose21Restarts'
+RESTARTS := 'NoRestarts'
 PHASE := 'RSATPhaseSelectionStrategy'
 CLADECAY := 0.999
-VARDECAY := 0.95
-SIMP := 'EXPENSIVE_SIMPLIFICATION'
-CLEANING := 'LBD2'
+VARDECAY := 0.9083092489680472
+SIMP := 'SIMPLE_SIMPLIFICATION'
+CLEANING := 'LBD'

