2023-08-26 21:22:02,476	[DEBUG]	==== CONFIG ====
[magpie]
import = 
seed = 
log_dir = _magpie_logs
work_dir = _magpie_work
local_original_copy = False
local_original_name = __original__
output_encoding = ascii
edit_retries = 10
default_timeout = 30
default_lengthout = 1e6
diff_method = unified

[software]
path = code/sat4j
target_files = 
	org.sat4j.core/src/main/java/org/sat4j/minisat/core/Solver.java.xml
	sat4j.params
program = BasicProgram
engine_rules = 
	*.params : ConfigFileParamsEngine
	*.xml : SrcmlEngine
	* : LineEngine
engine_config = 
	*.params : [params]
	*.xml : [srcml]
setup_cmd = ./compile.sh
setup_timeout = 150
setup_lengthout = 
compile_cmd = ./compile.sh
compile_timeout = 150
compile_lengthout = 
test_cmd = 
test_timeout = 
test_lengthout = 
run_cmd = perf stat run-sh/validate_8.sh
run_timeout = 2302
run_lengthout = 
fitness = perf_instructions

[srcml]
rename = 
	stmt: break continue decl_stmt do expr_stmt for goto if return switch while
	number: literal_number
focus = block stmt operator_comp operator_arith number
internodes = block
process_pseudo_blocks = True
process_literals = True
process_operators = True

[params]
timing = test run
cli_prefix = --
cli_glue = =
cli_boolean = show
cli_boolean_prefix_true = 
cli_boolean_prefix_false = no-
silent_prefix = @
silent_suffix = $

[search]
protocol = BasicProtocol
algorithm = ValidRankingSimplify
possible_edits = 
	StmtReplacement
	StmtInsertion
	StmtDeletion
	ParamSetting
warmup = 1
warmup_strategy = last
max_steps = 
max_time = 
target_fitness = 
cache_maxsize = 40
cache_keep = 0.2

[search.ls]
delete_prob = 0.5
max_neighbours = 
when_trapped = continue
accept_fail = False
tabu_length = 10

[search.gp]
pop_size = 10
delete_prob = 0.5
offspring_elitism = 0.1
offspring_crossover = 0.5
offspring_mutation = 0.4
uniform_rate = 0.5

[search.ga]
pop_size = 10
elitism_size = 2
cxpb_chrm = 0.5
cxpb_gene = 0.5
mutpb_chrm = 0.2
mutpb_gene = 0.1
gi_delete_prob = 0.5
gi_create_prob = 0.5
tournament_size = 3

[search.pso]
pop_size = 10
speed_min = -3
speed_max = 3
c1 = 1.49
c2 = 1.49


2023-08-26 21:22:02,477	[INFO]	==== WARMUP ====
2023-08-26 21:49:28,137	[INFO]	WARM    SUCCESS               9384854493712           
2023-08-26 21:49:28,137	[INFO]	INITIAL SUCCESS               9384854493712           
2023-08-26 21:49:28,137	[INFO]	==== START: ValidTest ====
2023-08-26 21:49:28,201	[DEBUG]	CLEAN_PATCH: ParamSetting(('sat4j.params', 'PHASE'), 'UserFixedPhaseSelectionStrategy') | ParamSetting(('sat4j.params', 'CLADECAY'), 0.7928251985893093) | StmtDeletion(('org.sat4j.core/src/main/java/org/sat4j/minisat/core/Solver.java.xml', 'stmt', 650)) | StmtDeletion(('org.sat4j.core/src/main/java/org/sat4j/minisat/core/Solver.java.xml', 'stmt', 92))
2023-08-26 21:49:28,202	[DEBUG]	CLEAN_SIZE: 4 (was 9)
2023-08-26 22:17:37,801	[DEBUG]	ParamSetting(('sat4j.params', 'PHASE'), 'UserFixedPhaseSelectionStrategy') | ParamSetting(('sat4j.params', 'CLADECAY'), 0.7928251985893093) | StmtDeletion(('org.sat4j.core/src/main/java/org/sat4j/minisat/core/Solver.java.xml', 'stmt', 650)) | StmtDeletion(('org.sat4j.core/src/main/java/org/sat4j/minisat/core/Solver.java.xml', 'stmt', 92))
2023-08-26 22:17:37,821	[INFO]	1       SUCCESS              *9687927970791 (103.23%) [4 edit(s)] 
2023-08-26 22:17:37,842	[DEBUG]	--- before: org.sat4j.core/src/main/java/org/sat4j/minisat/core/Solver.java
+++ after: org.sat4j.core/src/main/java/org/sat4j/minisat/core/Solver.java
@@ -387,16 +387,7 @@
         c.setLearnt();
         c.register();
         this.stats.incLearnedclauses();
-        switch (c.size()) {
-        case 2:
-            this.stats.incLearnedbinaryclauses();
-            break;
-        case 3:
-            this.stats.incLearnedternaryclauses();
-            break;
-        default:
-            // do nothing
-        }
+        
     }
 
     public final int decisionLevel() {
@@ -1729,7 +1720,7 @@
         if (confl != null) {
             analyzeAtRootLevel(confl);
             this.slistener.conflictFound(confl, 0, 0);
-            this.slistener.end(Lbool.FALSE);
+            
             cancelUntil(0);
             cancelLearntLiterals(learnedLiteralsLimit);
             return false;
--- before: sat4j.params
+++ after: sat4j.params
@@ -1,6 +1,6 @@
 RESTARTS := 'Glucose21Restarts'
-PHASE := 'RSATPhaseSelectionStrategy'
-CLADECAY := 0.999
+PHASE := 'UserFixedPhaseSelectionStrategy'
+CLADECAY := 0.7928251985893093
 VARDECAY := 0.95
 SIMP := 'EXPENSIVE_SIMPLIFICATION'
 CLEANING := 'LBD2'

2023-08-26 22:17:37,849	[INFO]	==== END ====
2023-08-26 22:17:37,849	[INFO]	Reason: validation end
2023-08-26 22:17:37,849	[INFO]	
2023-08-26 22:17:37,849	[INFO]	==== REPORT ====
2023-08-26 22:17:37,849	[INFO]	Termination: validation end
2023-08-26 22:17:37,849	[INFO]	Log file: /home/tsongpet/MSc-SSE-GI-project/_magpie_logs/sat4j_1693081316.log
2023-08-26 22:17:37,856	[INFO]	Patch file: _magpie_logs/sat4j_1693081316.patch
2023-08-26 22:17:37,856	[INFO]	Diff file: _magpie_logs/sat4j_1693081316.diff
2023-08-26 22:17:37,856	[INFO]	Best fitness: 9687927970791
2023-08-26 22:17:37,856	[INFO]	Best patch: ParamSetting(('sat4j.params', 'PHASE'), 'UserFixedPhaseSelectionStrategy') | ParamSetting(('sat4j.params', 'CLADECAY'), 0.7928251985893093) | StmtDeletion(('org.sat4j.core/src/main/java/org/sat4j/minisat/core/Solver.java.xml', 'stmt', 650)) | StmtDeletion(('org.sat4j.core/src/main/java/org/sat4j/minisat/core/Solver.java.xml', 'stmt', 92))
2023-08-26 22:17:37,856	[INFO]	Diff:
--- before: org.sat4j.core/src/main/java/org/sat4j/minisat/core/Solver.java
+++ after: org.sat4j.core/src/main/java/org/sat4j/minisat/core/Solver.java
@@ -387,16 +387,7 @@
         c.setLearnt();
         c.register();
         this.stats.incLearnedclauses();
-        switch (c.size()) {
-        case 2:
-            this.stats.incLearnedbinaryclauses();
-            break;
-        case 3:
-            this.stats.incLearnedternaryclauses();
-            break;
-        default:
-            // do nothing
-        }
+        
     }
 
     public final int decisionLevel() {
@@ -1729,7 +1720,7 @@
         if (confl != null) {
             analyzeAtRootLevel(confl);
             this.slistener.conflictFound(confl, 0, 0);
-            this.slistener.end(Lbool.FALSE);
+            
             cancelUntil(0);
             cancelLearntLiterals(learnedLiteralsLimit);
             return false;
--- before: sat4j.params
+++ after: sat4j.params
@@ -1,6 +1,6 @@
 RESTARTS := 'Glucose21Restarts'
-PHASE := 'RSATPhaseSelectionStrategy'
-CLADECAY := 0.999
+PHASE := 'UserFixedPhaseSelectionStrategy'
+CLADECAY := 0.7928251985893093
 VARDECAY := 0.95
 SIMP := 'EXPENSIVE_SIMPLIFICATION'
 CLEANING := 'LBD2'

