2023-08-26 22:24:58,939	[DEBUG]	==== CONFIG ====
[magpie]
import = 
seed = 
log_dir = _magpie_logs
work_dir = _magpie_work
local_original_copy = False
local_original_name = __original__
output_encoding = ascii
edit_retries = 10
default_timeout = 30
default_lengthout = 1e6
diff_method = unified

[software]
path = code/sat4j
target_files = 
	org.sat4j.core/src/main/java/org/sat4j/minisat/core/Solver.java.xml
	sat4j.params
program = BasicProgram
engine_rules = 
	*.params : ConfigFileParamsEngine
	*.xml : SrcmlEngine
	* : LineEngine
engine_config = 
	*.params : [params]
	*.xml : [srcml]
setup_cmd = ./compile.sh
setup_timeout = 150
setup_lengthout = 
compile_cmd = ./compile.sh
compile_timeout = 150
compile_lengthout = 
test_cmd = 
test_timeout = 
test_lengthout = 
run_cmd = perf stat run-sh/validate_1.sh
run_timeout = 2367
run_lengthout = 
fitness = perf_instructions

[srcml]
rename = 
	stmt: break continue decl_stmt do expr_stmt for goto if return switch while
	number: literal_number
focus = block stmt operator_comp operator_arith number
internodes = block
process_pseudo_blocks = True
process_literals = True
process_operators = True

[params]
timing = test run
cli_prefix = --
cli_glue = =
cli_boolean = show
cli_boolean_prefix_true = 
cli_boolean_prefix_false = no-
silent_prefix = @
silent_suffix = $

[search]
protocol = BasicProtocol
algorithm = ValidRankingSimplify
possible_edits = 
	StmtReplacement
	StmtInsertion
	StmtDeletion
warmup = 1
warmup_strategy = last
max_steps = 
max_time = 
target_fitness = 
cache_maxsize = 40
cache_keep = 0.2

[search.ls]
delete_prob = 0.5
max_neighbours = 
when_trapped = continue
accept_fail = False
tabu_length = 10

[search.gp]
pop_size = 10
delete_prob = 0.5
offspring_elitism = 0.1
offspring_crossover = 0.5
offspring_mutation = 0.4
uniform_rate = 0.5

[search.ga]
pop_size = 10
elitism_size = 2
cxpb_chrm = 0.5
cxpb_gene = 0.5
mutpb_chrm = 0.2
mutpb_gene = 0.1
gi_delete_prob = 0.5
gi_create_prob = 0.5
tournament_size = 3

[search.pso]
pop_size = 10
speed_min = -3
speed_max = 3
c1 = 1.49
c2 = 1.49


2023-08-26 22:24:58,958	[INFO]	==== WARMUP ====
2023-08-26 22:56:06,209	[INFO]	WARM    SUCCESS               9640456161206           
2023-08-26 22:56:06,212	[INFO]	INITIAL SUCCESS               9640456161206           
2023-08-26 22:56:06,212	[INFO]	==== START: ValidTest ====
2023-08-26 22:56:06,260	[DEBUG]	CLEAN_PATCH: StmtDeletion(('org.sat4j.core/src/main/java/org/sat4j/minisat/core/Solver.java.xml', 'stmt', 816)) | StmtReplacement(('org.sat4j.core/src/main/java/org/sat4j/minisat/core/Solver.java.xml', 'stmt', 470), ('org.sat4j.core/src/main/java/org/sat4j/minisat/core/Solver.java.xml', 'stmt', 419)) | StmtReplacement(('org.sat4j.core/src/main/java/org/sat4j/minisat/core/Solver.java.xml', 'stmt', 684), ('org.sat4j.core/src/main/java/org/sat4j/minisat/core/Solver.java.xml', 'stmt', 687)) | StmtDeletion(('org.sat4j.core/src/main/java/org/sat4j/minisat/core/Solver.java.xml', 'stmt', 958))
2023-08-26 22:56:06,260	[DEBUG]	CLEAN_SIZE: 4 (was 4)
2023-08-26 23:26:52,778	[DEBUG]	StmtDeletion(('org.sat4j.core/src/main/java/org/sat4j/minisat/core/Solver.java.xml', 'stmt', 816)) | StmtReplacement(('org.sat4j.core/src/main/java/org/sat4j/minisat/core/Solver.java.xml', 'stmt', 470), ('org.sat4j.core/src/main/java/org/sat4j/minisat/core/Solver.java.xml', 'stmt', 419)) | StmtReplacement(('org.sat4j.core/src/main/java/org/sat4j/minisat/core/Solver.java.xml', 'stmt', 684), ('org.sat4j.core/src/main/java/org/sat4j/minisat/core/Solver.java.xml', 'stmt', 687)) | StmtDeletion(('org.sat4j.core/src/main/java/org/sat4j/minisat/core/Solver.java.xml', 'stmt', 958))
2023-08-26 23:26:52,779	[INFO]	1       SUCCESS              *9643824075624 (100.03%) [4 edit(s)] 
2023-08-26 23:26:52,791	[DEBUG]	--- before: org.sat4j.core/src/main/java/org/sat4j/minisat/core/Solver.java
+++ after: org.sat4j.core/src/main/java/org/sat4j/minisat/core/Solver.java
@@ -1288,7 +1288,7 @@
                             }
                         } else {
                             assert p > 1;
-                            this.slistener.assuming(toDimacs(p));
+                            decisions.pop();
                             boolean ret = assume(p);
                             assert ret;
                         }
@@ -1788,7 +1788,7 @@
                     }
                 };
                 this.timer = new Timer(true);
-                this.timer.schedule(stopMe, this.timeout);
+                this.undertimeout = true;
 
             }
         } else {
@@ -2093,10 +2093,7 @@
      * @since 2.1
      */
     public long getTimeoutMs() {
-        if (!this.timeBasedTimeout) {
-            throw new UnsupportedOperationException(
-                    "The timeout is given in number of conflicts!");
-        }
+        
         return this.timeout;
     }
 
@@ -2484,9 +2481,7 @@
                 subset.clear();
                 subset.add(q);
                 max = level;
-            } else if (level == max) {
-                subset.add(q);
-            }
+            } 
         }
         return subset;
     }

2023-08-26 23:26:52,802	[INFO]	==== END ====
2023-08-26 23:26:52,802	[INFO]	Reason: validation end
2023-08-26 23:26:52,802	[INFO]	
2023-08-26 23:26:52,802	[INFO]	==== REPORT ====
2023-08-26 23:26:52,803	[INFO]	Termination: validation end
2023-08-26 23:26:52,803	[INFO]	Log file: /home/tsongpet/MSc-SSE-GI-project/_magpie_logs/sat4j_1693085080.log
2023-08-26 23:26:52,813	[INFO]	Patch file: _magpie_logs/sat4j_1693085080.patch
2023-08-26 23:26:52,813	[INFO]	Diff file: _magpie_logs/sat4j_1693085080.diff
2023-08-26 23:26:52,813	[INFO]	Best fitness: 9643824075624
2023-08-26 23:26:52,814	[INFO]	Best patch: StmtDeletion(('org.sat4j.core/src/main/java/org/sat4j/minisat/core/Solver.java.xml', 'stmt', 816)) | StmtReplacement(('org.sat4j.core/src/main/java/org/sat4j/minisat/core/Solver.java.xml', 'stmt', 470), ('org.sat4j.core/src/main/java/org/sat4j/minisat/core/Solver.java.xml', 'stmt', 419)) | StmtReplacement(('org.sat4j.core/src/main/java/org/sat4j/minisat/core/Solver.java.xml', 'stmt', 684), ('org.sat4j.core/src/main/java/org/sat4j/minisat/core/Solver.java.xml', 'stmt', 687)) | StmtDeletion(('org.sat4j.core/src/main/java/org/sat4j/minisat/core/Solver.java.xml', 'stmt', 958))
2023-08-26 23:26:52,814	[INFO]	Diff:
--- before: org.sat4j.core/src/main/java/org/sat4j/minisat/core/Solver.java
+++ after: org.sat4j.core/src/main/java/org/sat4j/minisat/core/Solver.java
@@ -1288,7 +1288,7 @@
                             }
                         } else {
                             assert p > 1;
-                            this.slistener.assuming(toDimacs(p));
+                            decisions.pop();
                             boolean ret = assume(p);
                             assert ret;
                         }
@@ -1788,7 +1788,7 @@
                     }
                 };
                 this.timer = new Timer(true);
-                this.timer.schedule(stopMe, this.timeout);
+                this.undertimeout = true;
 
             }
         } else {
@@ -2093,10 +2093,7 @@
      * @since 2.1
      */
     public long getTimeoutMs() {
-        if (!this.timeBasedTimeout) {
-            throw new UnsupportedOperationException(
-                    "The timeout is given in number of conflicts!");
-        }
+        
         return this.timeout;
     }
 
@@ -2484,9 +2481,7 @@
                 subset.clear();
                 subset.add(q);
                 max = level;
-            } else if (level == max) {
-                subset.add(q);
-            }
+            } 
         }
         return subset;
     }

