2023-08-20 04:19:52,188	[DEBUG]	==== CONFIG ====
[magpie]
import = 
seed = 
log_dir = _magpie_logs
work_dir = _magpie_work
local_original_copy = False
local_original_name = __original__
output_encoding = ascii
edit_retries = 10
default_timeout = 30
default_lengthout = 1e6
diff_method = unified

[software]
path = code/sat4j
target_files = 
	org.sat4j.core/src/main/java/org/sat4j/minisat/core/Solver.java.xml
	sat4j.params
program = BasicProgram
engine_rules = 
	*.params : ConfigFileParamsEngine
	*.xml : SrcmlEngine
	* : LineEngine
engine_config = 
	*.params : [params]
	*.xml : [srcml]
setup_cmd = ./compile.sh
setup_timeout = 150
setup_lengthout = 
compile_cmd = ./compile.sh
compile_timeout = 150
compile_lengthout = 
test_cmd = 
test_timeout = 
test_lengthout = 
run_cmd = perf stat run-sh/validate_4.sh
run_timeout = 2259
run_lengthout = 
fitness = perf_instructions

[srcml]
rename = 
	stmt: break continue decl_stmt do expr_stmt for goto if return switch while
	number: literal_number
focus = block stmt operator_comp operator_arith number
internodes = block
process_pseudo_blocks = True
process_literals = True
process_operators = True

[params]
timing = test run
cli_prefix = --
cli_glue = =
cli_boolean = show
cli_boolean_prefix_true = 
cli_boolean_prefix_false = no-
silent_prefix = @
silent_suffix = $

[search]
protocol = BasicProtocol
algorithm = ValidRankingSimplify
possible_edits = 
	StmtReplacement
	StmtInsertion
	StmtDeletion
warmup = 1
warmup_strategy = last
max_steps = 
max_time = 
target_fitness = 
cache_maxsize = 40
cache_keep = 0.2

[search.ls]
delete_prob = 0.5
max_neighbours = 
when_trapped = continue
accept_fail = False
tabu_length = 10

[search.gp]
pop_size = 10
delete_prob = 0.5
offspring_elitism = 0.1
offspring_crossover = 0.5
offspring_mutation = 0.4
uniform_rate = 0.5

[search.ga]
pop_size = 100
elitism_size = 10
cxpb_chrm = 0.5
cxpb_gene = 0.5
mutpb_chrm = 0.2
mutpb_gene = 0.1
gi_delete_prob = 0.5
gi_create_prob = 0.5
tournament_size = 3

[search.pso]
pop_size = 10
speed_min = -3
speed_max = 3
c1 = 1.49
c2 = 1.49


2023-08-20 04:19:52,189	[INFO]	==== WARMUP ====
2023-08-20 04:46:22,249	[INFO]	WARM    SUCCESS               9195012381462           
2023-08-20 04:46:22,250	[INFO]	INITIAL SUCCESS               9195012381462           
2023-08-20 04:46:22,250	[INFO]	==== START: ValidTest ====
2023-08-20 04:46:22,297	[DEBUG]	CLEAN_PATCH: StmtDeletion(('org.sat4j.core/src/main/java/org/sat4j/minisat/core/Solver.java.xml', 'stmt', 145)) | StmtDeletion(('org.sat4j.core/src/main/java/org/sat4j/minisat/core/Solver.java.xml', 'stmt', 753)) | StmtDeletion(('org.sat4j.core/src/main/java/org/sat4j/minisat/core/Solver.java.xml', 'stmt', 875)) | StmtDeletion(('org.sat4j.core/src/main/java/org/sat4j/minisat/core/Solver.java.xml', 'stmt', 255)) | StmtDeletion(('org.sat4j.core/src/main/java/org/sat4j/minisat/core/Solver.java.xml', 'stmt', 266))
2023-08-20 04:46:22,298	[DEBUG]	CLEAN_SIZE: 5 (was 5)
2023-08-20 05:20:22,274	[DEBUG]	StmtDeletion(('org.sat4j.core/src/main/java/org/sat4j/minisat/core/Solver.java.xml', 'stmt', 145)) | StmtDeletion(('org.sat4j.core/src/main/java/org/sat4j/minisat/core/Solver.java.xml', 'stmt', 753)) | StmtDeletion(('org.sat4j.core/src/main/java/org/sat4j/minisat/core/Solver.java.xml', 'stmt', 875)) | StmtDeletion(('org.sat4j.core/src/main/java/org/sat4j/minisat/core/Solver.java.xml', 'stmt', 255)) | StmtDeletion(('org.sat4j.core/src/main/java/org/sat4j/minisat/core/Solver.java.xml', 'stmt', 266))
2023-08-20 05:20:22,274	[INFO]	1       SUCCESS              *11279663099943 (122.67%) [5 edit(s)] 
2023-08-20 05:20:22,284	[DEBUG]	--- before: org.sat4j.core/src/main/java/org/sat4j/minisat/core/Solver.java
+++ after: org.sat4j.core/src/main/java/org/sat4j/minisat/core/Solver.java
@@ -513,7 +513,7 @@
                     cs[type].moveTo(j++, i);
                 }
             }
-            cs[type].shrinkTo(j);
+            
         }
         return true;
     }
@@ -778,7 +778,7 @@
         private static final long serialVersionUID = 1L;
 
         public void simplify(IVecInt conflictToReduce) {
-            expensiveSimplification(conflictToReduce);
+            
         }
 
         @Override
@@ -820,7 +820,7 @@
             Logger.getLogger("org.sat4j.core").log(Level.INFO,
                     "Issue when assigning simplifier: disabling simplification",
                     e);
-            this.simplifier = NO_SIMPLIFICATION;
+            
         }
     }
 
@@ -1944,7 +1944,7 @@
         }
         this.constrs.clear();
         clearLearntClauses();
-        this.voc.resetPool();
+        
         this.dsfactory.reset();
         this.stats.reset();
         this.constrTypes.clear();
@@ -2276,7 +2276,7 @@
     public void backtrack(int[] reason) {
         IVecInt clause = new VecInt(reason.length);
         for (int d : reason) {
-            clause.push(LiteralsUtils.toInternal(d));
+            
         }
         this.sharedConflict = this.dsfactory.createUnregisteredClause(clause);
         learn(this.sharedConflict);

2023-08-20 05:20:22,294	[INFO]	==== END ====
2023-08-20 05:20:22,294	[INFO]	Reason: validation end
2023-08-20 05:20:22,294	[INFO]	
2023-08-20 05:20:22,294	[INFO]	==== REPORT ====
2023-08-20 05:20:22,294	[INFO]	Termination: validation end
2023-08-20 05:20:22,294	[INFO]	Log file: /home/tsongpet/MSc-SSE-GI-project/_magpie_logs/sat4j_1692501586.log
2023-08-20 05:20:22,303	[INFO]	Patch file: _magpie_logs/sat4j_1692501586.patch
2023-08-20 05:20:22,303	[INFO]	Diff file: _magpie_logs/sat4j_1692501586.diff
2023-08-20 05:20:22,303	[INFO]	Best fitness: 11279663099943
2023-08-20 05:20:22,303	[INFO]	Best patch: StmtDeletion(('org.sat4j.core/src/main/java/org/sat4j/minisat/core/Solver.java.xml', 'stmt', 145)) | StmtDeletion(('org.sat4j.core/src/main/java/org/sat4j/minisat/core/Solver.java.xml', 'stmt', 753)) | StmtDeletion(('org.sat4j.core/src/main/java/org/sat4j/minisat/core/Solver.java.xml', 'stmt', 875)) | StmtDeletion(('org.sat4j.core/src/main/java/org/sat4j/minisat/core/Solver.java.xml', 'stmt', 255)) | StmtDeletion(('org.sat4j.core/src/main/java/org/sat4j/minisat/core/Solver.java.xml', 'stmt', 266))
2023-08-20 05:20:22,303	[INFO]	Diff:
--- before: org.sat4j.core/src/main/java/org/sat4j/minisat/core/Solver.java
+++ after: org.sat4j.core/src/main/java/org/sat4j/minisat/core/Solver.java
@@ -513,7 +513,7 @@
                     cs[type].moveTo(j++, i);
                 }
             }
-            cs[type].shrinkTo(j);
+            
         }
         return true;
     }
@@ -778,7 +778,7 @@
         private static final long serialVersionUID = 1L;
 
         public void simplify(IVecInt conflictToReduce) {
-            expensiveSimplification(conflictToReduce);
+            
         }
 
         @Override
@@ -820,7 +820,7 @@
             Logger.getLogger("org.sat4j.core").log(Level.INFO,
                     "Issue when assigning simplifier: disabling simplification",
                     e);
-            this.simplifier = NO_SIMPLIFICATION;
+            
         }
     }
 
@@ -1944,7 +1944,7 @@
         }
         this.constrs.clear();
         clearLearntClauses();
-        this.voc.resetPool();
+        
         this.dsfactory.reset();
         this.stats.reset();
         this.constrTypes.clear();
@@ -2276,7 +2276,7 @@
     public void backtrack(int[] reason) {
         IVecInt clause = new VecInt(reason.length);
         for (int d : reason) {
-            clause.push(LiteralsUtils.toInternal(d));
+            
         }
         this.sharedConflict = this.dsfactory.createUnregisteredClause(clause);
         learn(this.sharedConflict);

