2023-08-26 21:19:27,335	[DEBUG]	==== CONFIG ====
[magpie]
import = 
seed = 
log_dir = _magpie_logs
work_dir = _magpie_work
local_original_copy = False
local_original_name = __original__
output_encoding = ascii
edit_retries = 10
default_timeout = 30
default_lengthout = 1e6
diff_method = unified

[software]
path = code/sat4j
target_files = 
	org.sat4j.core/src/main/java/org/sat4j/minisat/core/Solver.java.xml
	sat4j.params
program = BasicProgram
engine_rules = 
	*.params : ConfigFileParamsEngine
	*.xml : SrcmlEngine
	* : LineEngine
engine_config = 
	*.params : [params]
	*.xml : [srcml]
setup_cmd = ./compile.sh
setup_timeout = 150
setup_lengthout = 
compile_cmd = ./compile.sh
compile_timeout = 150
compile_lengthout = 
test_cmd = 
test_timeout = 
test_lengthout = 
run_cmd = perf stat run-sh/validate_6.sh
run_timeout = 2280
run_lengthout = 
fitness = perf_instructions

[srcml]
rename = 
	stmt: break continue decl_stmt do expr_stmt for goto if return switch while
	number: literal_number
focus = block stmt operator_comp operator_arith number
internodes = block
process_pseudo_blocks = True
process_literals = True
process_operators = True

[params]
timing = test run
cli_prefix = --
cli_glue = =
cli_boolean = show
cli_boolean_prefix_true = 
cli_boolean_prefix_false = no-
silent_prefix = @
silent_suffix = $

[search]
protocol = BasicProtocol
algorithm = ValidRankingSimplify
possible_edits = 
	StmtReplacement
	StmtInsertion
	StmtDeletion
	ParamSetting
warmup = 1
warmup_strategy = last
max_steps = 
max_time = 
target_fitness = 
cache_maxsize = 40
cache_keep = 0.2

[search.ls]
delete_prob = 0.5
max_neighbours = 
when_trapped = continue
accept_fail = False
tabu_length = 10

[search.gp]
pop_size = 10
delete_prob = 0.5
offspring_elitism = 0.1
offspring_crossover = 0.5
offspring_mutation = 0.4
uniform_rate = 0.5

[search.ga]
pop_size = 10
elitism_size = 2
cxpb_chrm = 0.5
cxpb_gene = 0.5
mutpb_chrm = 0.2
mutpb_gene = 0.1
gi_delete_prob = 0.5
gi_create_prob = 0.5
tournament_size = 3

[search.pso]
pop_size = 10
speed_min = -3
speed_max = 3
c1 = 1.49
c2 = 1.49


2023-08-26 21:19:27,345	[INFO]	==== WARMUP ====
2023-08-26 21:48:53,289	[INFO]	WARM    SUCCESS               9259391662401           
2023-08-26 21:48:53,290	[INFO]	INITIAL SUCCESS               9259391662401           
2023-08-26 21:48:53,290	[INFO]	==== START: ValidTest ====
2023-08-26 21:48:53,403	[DEBUG]	CLEAN_PATCH: ParamSetting(('sat4j.params', 'PHASE'), 'RandomLiteralSelectionStrategy') | ParamSetting(('sat4j.params', 'CLADECAY'), 0.2201729187073278) | ParamSetting(('sat4j.params', 'SIMP'), 'SIMPLE_SIMPLIFICATION') | StmtReplacement(('org.sat4j.core/src/main/java/org/sat4j/minisat/core/Solver.java.xml', 'stmt', 862), ('org.sat4j.core/src/main/java/org/sat4j/minisat/core/Solver.java.xml', 'stmt', 349)) | StmtDeletion(('org.sat4j.core/src/main/java/org/sat4j/minisat/core/Solver.java.xml', 'stmt', 899)) | StmtReplacement(('org.sat4j.core/src/main/java/org/sat4j/minisat/core/Solver.java.xml', 'stmt', 494), ('org.sat4j.core/src/main/java/org/sat4j/minisat/core/Solver.java.xml', 'stmt', 70))
2023-08-26 21:48:53,403	[DEBUG]	CLEAN_SIZE: 6 (was 12)
2023-08-26 22:21:24,607	[DEBUG]	ParamSetting(('sat4j.params', 'PHASE'), 'RandomLiteralSelectionStrategy') | ParamSetting(('sat4j.params', 'CLADECAY'), 0.2201729187073278) | ParamSetting(('sat4j.params', 'SIMP'), 'SIMPLE_SIMPLIFICATION') | StmtReplacement(('org.sat4j.core/src/main/java/org/sat4j/minisat/core/Solver.java.xml', 'stmt', 862), ('org.sat4j.core/src/main/java/org/sat4j/minisat/core/Solver.java.xml', 'stmt', 349)) | StmtDeletion(('org.sat4j.core/src/main/java/org/sat4j/minisat/core/Solver.java.xml', 'stmt', 899)) | StmtReplacement(('org.sat4j.core/src/main/java/org/sat4j/minisat/core/Solver.java.xml', 'stmt', 494), ('org.sat4j.core/src/main/java/org/sat4j/minisat/core/Solver.java.xml', 'stmt', 70))
2023-08-26 22:21:24,631	[INFO]	1       SUCCESS              *9791022607311 (105.74%) [6 edit(s)] 
2023-08-26 22:21:24,648	[DEBUG]	--- before: org.sat4j.core/src/main/java/org/sat4j/minisat/core/Solver.java
+++ after: org.sat4j.core/src/main/java/org/sat4j/minisat/core/Solver.java
@@ -1338,8 +1338,7 @@
                     return Lbool.FALSE;
                 }
                 record(this.analysisResult.getReason());
-                this.restarter.newLearnedClause(this.analysisResult.getReason(),
-                        conflictTrailLevel);
+                this.undertimeout = true;
                 this.analysisResult.setReason(null);
                 decayActivities();
             }
@@ -2238,10 +2237,7 @@
      * @since 2.3.1
      */
     public int[] modelWithInternalVariables() {
-        if (this.model == null) {
-            throw new UnsupportedOperationException(
-                    "Call the solve method first!!!"); //$NON-NLS-1$
-        }
+        int p = this.trail.last();
         int[] nmodel;
         if (nVars() == realNumberOfVariables()) {
             nmodel = new int[this.model.length];
@@ -2361,8 +2357,7 @@
                     timer);
             break;
         case LBD2:
-            this.learnedConstraintsDeletionStrategy = new Glucose2LCDS<D>(this,
-                    timer);
+            
             break;
         }
         if (this.conflictCount != null) {
--- before: sat4j.params
+++ after: sat4j.params
@@ -1,6 +1,6 @@
 RESTARTS := 'Glucose21Restarts'
-PHASE := 'RSATPhaseSelectionStrategy'
-CLADECAY := 0.999
+PHASE := 'RandomLiteralSelectionStrategy'
+CLADECAY := 0.2201729187073278
 VARDECAY := 0.95
-SIMP := 'EXPENSIVE_SIMPLIFICATION'
+SIMP := 'SIMPLE_SIMPLIFICATION'
 CLEANING := 'LBD2'

2023-08-26 22:21:24,657	[INFO]	==== END ====
2023-08-26 22:21:24,657	[INFO]	Reason: validation end
2023-08-26 22:21:24,657	[INFO]	
2023-08-26 22:21:24,657	[INFO]	==== REPORT ====
2023-08-26 22:21:24,657	[INFO]	Termination: validation end
2023-08-26 22:21:24,657	[INFO]	Log file: /home/tsongpet/MSc-SSE-GI-project/_magpie_logs/sat4j_1693081139.log
2023-08-26 22:21:24,669	[INFO]	Patch file: _magpie_logs/sat4j_1693081139.patch
2023-08-26 22:21:24,669	[INFO]	Diff file: _magpie_logs/sat4j_1693081139.diff
2023-08-26 22:21:24,669	[INFO]	Best fitness: 9791022607311
2023-08-26 22:21:24,669	[INFO]	Best patch: ParamSetting(('sat4j.params', 'PHASE'), 'RandomLiteralSelectionStrategy') | ParamSetting(('sat4j.params', 'CLADECAY'), 0.2201729187073278) | ParamSetting(('sat4j.params', 'SIMP'), 'SIMPLE_SIMPLIFICATION') | StmtReplacement(('org.sat4j.core/src/main/java/org/sat4j/minisat/core/Solver.java.xml', 'stmt', 862), ('org.sat4j.core/src/main/java/org/sat4j/minisat/core/Solver.java.xml', 'stmt', 349)) | StmtDeletion(('org.sat4j.core/src/main/java/org/sat4j/minisat/core/Solver.java.xml', 'stmt', 899)) | StmtReplacement(('org.sat4j.core/src/main/java/org/sat4j/minisat/core/Solver.java.xml', 'stmt', 494), ('org.sat4j.core/src/main/java/org/sat4j/minisat/core/Solver.java.xml', 'stmt', 70))
2023-08-26 22:21:24,669	[INFO]	Diff:
--- before: org.sat4j.core/src/main/java/org/sat4j/minisat/core/Solver.java
+++ after: org.sat4j.core/src/main/java/org/sat4j/minisat/core/Solver.java
@@ -1338,8 +1338,7 @@
                     return Lbool.FALSE;
                 }
                 record(this.analysisResult.getReason());
-                this.restarter.newLearnedClause(this.analysisResult.getReason(),
-                        conflictTrailLevel);
+                this.undertimeout = true;
                 this.analysisResult.setReason(null);
                 decayActivities();
             }
@@ -2238,10 +2237,7 @@
      * @since 2.3.1
      */
     public int[] modelWithInternalVariables() {
-        if (this.model == null) {
-            throw new UnsupportedOperationException(
-                    "Call the solve method first!!!"); //$NON-NLS-1$
-        }
+        int p = this.trail.last();
         int[] nmodel;
         if (nVars() == realNumberOfVariables()) {
             nmodel = new int[this.model.length];
@@ -2361,8 +2357,7 @@
                     timer);
             break;
         case LBD2:
-            this.learnedConstraintsDeletionStrategy = new Glucose2LCDS<D>(this,
-                    timer);
+            
             break;
         }
         if (this.conflictCount != null) {
--- before: sat4j.params
+++ after: sat4j.params
@@ -1,6 +1,6 @@
 RESTARTS := 'Glucose21Restarts'
-PHASE := 'RSATPhaseSelectionStrategy'
-CLADECAY := 0.999
+PHASE := 'RandomLiteralSelectionStrategy'
+CLADECAY := 0.2201729187073278
 VARDECAY := 0.95
-SIMP := 'EXPENSIVE_SIMPLIFICATION'
+SIMP := 'SIMPLE_SIMPLIFICATION'
 CLEANING := 'LBD2'

