2023-08-27 00:20:56,908	[DEBUG]	==== CONFIG ====
[magpie]
import = 
seed = 
log_dir = _magpie_logs
work_dir = _magpie_work
local_original_copy = False
local_original_name = __original__
output_encoding = ascii
edit_retries = 10
default_timeout = 30
default_lengthout = 1e6
diff_method = unified

[software]
path = code/sat4j
target_files = 
	org.sat4j.core/src/main/java/org/sat4j/minisat/core/Solver.java.xml
	sat4j.params
program = BasicProgram
engine_rules = 
	*.params : ConfigFileParamsEngine
	*.xml : SrcmlEngine
	* : LineEngine
engine_config = 
	*.params : [params]
	*.xml : [srcml]
setup_cmd = ./compile.sh
setup_timeout = 150
setup_lengthout = 
compile_cmd = ./compile.sh
compile_timeout = 150
compile_lengthout = 
test_cmd = 
test_timeout = 
test_lengthout = 
run_cmd = perf stat run-sh/validate_8.sh
run_timeout = 2302
run_lengthout = 
fitness = perf_instructions

[srcml]
rename = 
	stmt: break continue decl_stmt do expr_stmt for goto if return switch while
	number: literal_number
focus = block stmt operator_comp operator_arith number
internodes = block
process_pseudo_blocks = True
process_literals = True
process_operators = True

[params]
timing = test run
cli_prefix = --
cli_glue = =
cli_boolean = show
cli_boolean_prefix_true = 
cli_boolean_prefix_false = no-
silent_prefix = @
silent_suffix = $

[search]
protocol = BasicProtocol
algorithm = ValidRankingSimplify
possible_edits = 
	StmtReplacement
	StmtInsertion
	StmtDeletion
warmup = 1
warmup_strategy = last
max_steps = 
max_time = 
target_fitness = 
cache_maxsize = 40
cache_keep = 0.2

[search.ls]
delete_prob = 0.5
max_neighbours = 
when_trapped = continue
accept_fail = False
tabu_length = 10

[search.gp]
pop_size = 10
delete_prob = 0.5
offspring_elitism = 0.1
offspring_crossover = 0.5
offspring_mutation = 0.4
uniform_rate = 0.5

[search.ga]
pop_size = 10
elitism_size = 2
cxpb_chrm = 0.5
cxpb_gene = 0.5
mutpb_chrm = 0.2
mutpb_gene = 0.1
gi_delete_prob = 0.5
gi_create_prob = 0.5
tournament_size = 3

[search.pso]
pop_size = 10
speed_min = -3
speed_max = 3
c1 = 1.49
c2 = 1.49


2023-08-27 00:20:56,909	[INFO]	==== WARMUP ====
2023-08-27 00:49:03,173	[INFO]	WARM    SUCCESS               9403212813654           
2023-08-27 00:49:03,173	[INFO]	INITIAL SUCCESS               9403212813654           
2023-08-27 00:49:03,173	[INFO]	==== START: ValidTest ====
2023-08-27 00:49:03,218	[DEBUG]	CLEAN_PATCH: StmtReplacement(('org.sat4j.core/src/main/java/org/sat4j/minisat/core/Solver.java.xml', 'stmt', 778), ('org.sat4j.core/src/main/java/org/sat4j/minisat/core/Solver.java.xml', 'stmt', 370)) | StmtDeletion(('org.sat4j.core/src/main/java/org/sat4j/minisat/core/Solver.java.xml', 'stmt', 752)) | StmtDeletion(('org.sat4j.core/src/main/java/org/sat4j/minisat/core/Solver.java.xml', 'stmt', 622)) | StmtDeletion(('org.sat4j.core/src/main/java/org/sat4j/minisat/core/Solver.java.xml', 'stmt', 958))
2023-08-27 00:49:03,218	[DEBUG]	CLEAN_SIZE: 4 (was 4)
2023-08-27 01:15:50,490	[DEBUG]	StmtReplacement(('org.sat4j.core/src/main/java/org/sat4j/minisat/core/Solver.java.xml', 'stmt', 778), ('org.sat4j.core/src/main/java/org/sat4j/minisat/core/Solver.java.xml', 'stmt', 370)) | StmtDeletion(('org.sat4j.core/src/main/java/org/sat4j/minisat/core/Solver.java.xml', 'stmt', 752)) | StmtDeletion(('org.sat4j.core/src/main/java/org/sat4j/minisat/core/Solver.java.xml', 'stmt', 622)) | StmtDeletion(('org.sat4j.core/src/main/java/org/sat4j/minisat/core/Solver.java.xml', 'stmt', 958))
2023-08-27 01:15:50,491	[INFO]	1       SUCCESS              *9345749069846 (99.39%) [4 edit(s)] 
2023-08-27 01:15:50,502	[DEBUG]	--- before: org.sat4j.core/src/main/java/org/sat4j/minisat/core/Solver.java
+++ after: org.sat4j.core/src/main/java/org/sat4j/minisat/core/Solver.java
@@ -1685,7 +1685,7 @@
         this.learnedLiterals.ensure(howmany);
         this.decisions.clear();
         this.implied.clear();
-        this.slistener.init(this);
+        
         this.slistener.start();
         this.model = null; // forget about previous model
         this.fullmodel = null;
@@ -1943,7 +1943,7 @@
             iterator.next().remove(this);
         }
         this.constrs.clear();
-        clearLearntClauses();
+        
         this.voc.resetPool();
         this.dsfactory.reset();
         this.stats.reset();
@@ -2017,7 +2017,7 @@
     }
 
     public void printStat(PrintWriter out) {
-        printStat(out, prefix);
+        IOrder lorder = this.order;
     }
 
     public void printStat(PrintWriter out, String prefix) {
@@ -2484,9 +2484,7 @@
                 subset.clear();
                 subset.add(q);
                 max = level;
-            } else if (level == max) {
-                subset.add(q);
-            }
+            } 
         }
         return subset;
     }

2023-08-27 01:15:50,510	[INFO]	==== END ====
2023-08-27 01:15:50,510	[INFO]	Reason: validation end
2023-08-27 01:15:50,510	[INFO]	
2023-08-27 01:15:50,510	[INFO]	==== REPORT ====
2023-08-27 01:15:50,511	[INFO]	Termination: validation end
2023-08-27 01:15:50,511	[INFO]	Log file: /home/tsongpet/MSc-SSE-GI-project/_magpie_logs/sat4j_1693092051.log
2023-08-27 01:15:50,519	[INFO]	Patch file: _magpie_logs/sat4j_1693092051.patch
2023-08-27 01:15:50,519	[INFO]	Diff file: _magpie_logs/sat4j_1693092051.diff
2023-08-27 01:15:50,519	[INFO]	Best fitness: 9345749069846
2023-08-27 01:15:50,519	[INFO]	Best patch: StmtReplacement(('org.sat4j.core/src/main/java/org/sat4j/minisat/core/Solver.java.xml', 'stmt', 778), ('org.sat4j.core/src/main/java/org/sat4j/minisat/core/Solver.java.xml', 'stmt', 370)) | StmtDeletion(('org.sat4j.core/src/main/java/org/sat4j/minisat/core/Solver.java.xml', 'stmt', 752)) | StmtDeletion(('org.sat4j.core/src/main/java/org/sat4j/minisat/core/Solver.java.xml', 'stmt', 622)) | StmtDeletion(('org.sat4j.core/src/main/java/org/sat4j/minisat/core/Solver.java.xml', 'stmt', 958))
2023-08-27 01:15:50,519	[INFO]	Diff:
--- before: org.sat4j.core/src/main/java/org/sat4j/minisat/core/Solver.java
+++ after: org.sat4j.core/src/main/java/org/sat4j/minisat/core/Solver.java
@@ -1685,7 +1685,7 @@
         this.learnedLiterals.ensure(howmany);
         this.decisions.clear();
         this.implied.clear();
-        this.slistener.init(this);
+        
         this.slistener.start();
         this.model = null; // forget about previous model
         this.fullmodel = null;
@@ -1943,7 +1943,7 @@
             iterator.next().remove(this);
         }
         this.constrs.clear();
-        clearLearntClauses();
+        
         this.voc.resetPool();
         this.dsfactory.reset();
         this.stats.reset();
@@ -2017,7 +2017,7 @@
     }
 
     public void printStat(PrintWriter out) {
-        printStat(out, prefix);
+        IOrder lorder = this.order;
     }
 
     public void printStat(PrintWriter out, String prefix) {
@@ -2484,9 +2484,7 @@
                 subset.clear();
                 subset.add(q);
                 max = level;
-            } else if (level == max) {
-                subset.add(q);
-            }
+            } 
         }
         return subset;
     }

