2023-08-27 00:30:00,715	[DEBUG]	==== CONFIG ====
[magpie]
import = 
seed = 
log_dir = _magpie_logs
work_dir = _magpie_work
local_original_copy = False
local_original_name = __original__
output_encoding = ascii
edit_retries = 10
default_timeout = 30
default_lengthout = 1e6
diff_method = unified

[software]
path = code/sat4j
target_files = 
	org.sat4j.core/src/main/java/org/sat4j/minisat/core/Solver.java.xml
	sat4j.params
program = BasicProgram
engine_rules = 
	*.params : ConfigFileParamsEngine
	*.xml : SrcmlEngine
	* : LineEngine
engine_config = 
	*.params : [params]
	*.xml : [srcml]
setup_cmd = ./compile.sh
setup_timeout = 150
setup_lengthout = 
compile_cmd = ./compile.sh
compile_timeout = 150
compile_lengthout = 
test_cmd = 
test_timeout = 
test_lengthout = 
run_cmd = perf stat run-sh/validate_9.sh
run_timeout = 2191
run_lengthout = 
fitness = perf_instructions

[srcml]
rename = 
	stmt: break continue decl_stmt do expr_stmt for goto if return switch while
	number: literal_number
focus = block stmt operator_comp operator_arith number
internodes = block
process_pseudo_blocks = True
process_literals = True
process_operators = True

[params]
timing = test run
cli_prefix = --
cli_glue = =
cli_boolean = show
cli_boolean_prefix_true = 
cli_boolean_prefix_false = no-
silent_prefix = @
silent_suffix = $

[search]
protocol = BasicProtocol
algorithm = ValidRankingSimplify
possible_edits = 
	StmtReplacement
	StmtInsertion
	StmtDeletion
warmup = 1
warmup_strategy = last
max_steps = 
max_time = 
target_fitness = 
cache_maxsize = 40
cache_keep = 0.2

[search.ls]
delete_prob = 0.5
max_neighbours = 
when_trapped = continue
accept_fail = False
tabu_length = 10

[search.gp]
pop_size = 10
delete_prob = 0.5
offspring_elitism = 0.1
offspring_crossover = 0.5
offspring_mutation = 0.4
uniform_rate = 0.5

[search.ga]
pop_size = 10
elitism_size = 2
cxpb_chrm = 0.5
cxpb_gene = 0.5
mutpb_chrm = 0.2
mutpb_gene = 0.1
gi_delete_prob = 0.5
gi_create_prob = 0.5
tournament_size = 3

[search.pso]
pop_size = 10
speed_min = -3
speed_max = 3
c1 = 1.49
c2 = 1.49


2023-08-27 00:30:00,716	[INFO]	==== WARMUP ====
2023-08-27 01:00:32,226	[INFO]	WARM    SUCCESS               9619952618629           
2023-08-27 01:00:32,227	[INFO]	INITIAL SUCCESS               9619952618629           
2023-08-27 01:00:32,227	[INFO]	==== START: ValidTest ====
2023-08-27 01:00:32,273	[DEBUG]	CLEAN_PATCH: StmtReplacement(('org.sat4j.core/src/main/java/org/sat4j/minisat/core/Solver.java.xml', 'stmt', 637), ('org.sat4j.core/src/main/java/org/sat4j/minisat/core/Solver.java.xml', 'stmt', 912)) | StmtInsertion(('org.sat4j.core/src/main/java/org/sat4j/minisat/core/Solver.java.xml', '_inter_block', 1279), ('org.sat4j.core/src/main/java/org/sat4j/minisat/core/Solver.java.xml', 'stmt', 673)) | StmtDeletion(('org.sat4j.core/src/main/java/org/sat4j/minisat/core/Solver.java.xml', 'stmt', 329))
2023-08-27 01:00:32,273	[DEBUG]	CLEAN_SIZE: 3 (was 3)
2023-08-27 01:30:10,419	[DEBUG]	StmtReplacement(('org.sat4j.core/src/main/java/org/sat4j/minisat/core/Solver.java.xml', 'stmt', 637), ('org.sat4j.core/src/main/java/org/sat4j/minisat/core/Solver.java.xml', 'stmt', 912)) | StmtInsertion(('org.sat4j.core/src/main/java/org/sat4j/minisat/core/Solver.java.xml', '_inter_block', 1279), ('org.sat4j.core/src/main/java/org/sat4j/minisat/core/Solver.java.xml', 'stmt', 673)) | StmtDeletion(('org.sat4j.core/src/main/java/org/sat4j/minisat/core/Solver.java.xml', 'stmt', 329))
2023-08-27 01:30:10,419	[INFO]	1       SUCCESS              *9602209877527 (99.82%) [3 edit(s)] 
2023-08-27 01:30:10,432	[DEBUG]	--- before: org.sat4j.core/src/main/java/org/sat4j/minisat/core/Solver.java
+++ after: org.sat4j.core/src/main/java/org/sat4j/minisat/core/Solver.java
@@ -980,7 +980,7 @@
     //
     private boolean analyzeRemovableWLOnly(int p) {
         assert this.voc.getReason(p) != null;
-        this.analyzestack.clear();
+        
         this.analyzestack.push(p);
         final boolean[] seen = this.mseen;
         int top = this.analyzetoclear.size();
@@ -1706,7 +1706,7 @@
         int learnedLiteralsLimit = this.trail.size();
 
         // Fix for Bug SAT37
-        this.qhead = 0;
+        this.learnedConstraintsDeletionStrategy.init();
         // Apply undos on unit literals because they are getting propagated
         // again now that qhead is 0.
         for (int i = learnedLiteralsLimit - 1; i >= 0; i--) {
@@ -1969,6 +1969,7 @@
             Counter count = this.constrTypes
                     .get("ignored satisfied constraints");
             if (count == null) {
+                boolean firstTimeGlobal = false;
                 this.constrTypes.put("ignored satisfied constraints",
                         new Counter());
             } else {

2023-08-27 01:30:10,443	[INFO]	==== END ====
2023-08-27 01:30:10,443	[INFO]	Reason: validation end
2023-08-27 01:30:10,443	[INFO]	
2023-08-27 01:30:10,443	[INFO]	==== REPORT ====
2023-08-27 01:30:10,443	[INFO]	Termination: validation end
2023-08-27 01:30:10,443	[INFO]	Log file: /home/tsongpet/MSc-SSE-GI-project/_magpie_logs/sat4j_1693092591.log
2023-08-27 01:30:10,454	[INFO]	Patch file: _magpie_logs/sat4j_1693092591.patch
2023-08-27 01:30:10,454	[INFO]	Diff file: _magpie_logs/sat4j_1693092591.diff
2023-08-27 01:30:10,454	[INFO]	Best fitness: 9602209877527
2023-08-27 01:30:10,454	[INFO]	Best patch: StmtReplacement(('org.sat4j.core/src/main/java/org/sat4j/minisat/core/Solver.java.xml', 'stmt', 637), ('org.sat4j.core/src/main/java/org/sat4j/minisat/core/Solver.java.xml', 'stmt', 912)) | StmtInsertion(('org.sat4j.core/src/main/java/org/sat4j/minisat/core/Solver.java.xml', '_inter_block', 1279), ('org.sat4j.core/src/main/java/org/sat4j/minisat/core/Solver.java.xml', 'stmt', 673)) | StmtDeletion(('org.sat4j.core/src/main/java/org/sat4j/minisat/core/Solver.java.xml', 'stmt', 329))
2023-08-27 01:30:10,454	[INFO]	Diff:
--- before: org.sat4j.core/src/main/java/org/sat4j/minisat/core/Solver.java
+++ after: org.sat4j.core/src/main/java/org/sat4j/minisat/core/Solver.java
@@ -980,7 +980,7 @@
     //
     private boolean analyzeRemovableWLOnly(int p) {
         assert this.voc.getReason(p) != null;
-        this.analyzestack.clear();
+        
         this.analyzestack.push(p);
         final boolean[] seen = this.mseen;
         int top = this.analyzetoclear.size();
@@ -1706,7 +1706,7 @@
         int learnedLiteralsLimit = this.trail.size();
 
         // Fix for Bug SAT37
-        this.qhead = 0;
+        this.learnedConstraintsDeletionStrategy.init();
         // Apply undos on unit literals because they are getting propagated
         // again now that qhead is 0.
         for (int i = learnedLiteralsLimit - 1; i >= 0; i--) {
@@ -1969,6 +1969,7 @@
             Counter count = this.constrTypes
                     .get("ignored satisfied constraints");
             if (count == null) {
+                boolean firstTimeGlobal = false;
                 this.constrTypes.put("ignored satisfied constraints",
                         new Counter());
             } else {

