2023-08-26 23:25:02,610	[DEBUG]	==== CONFIG ====
[magpie]
import = 
seed = 
log_dir = _magpie_logs
work_dir = _magpie_work
local_original_copy = False
local_original_name = __original__
output_encoding = ascii
edit_retries = 10
default_timeout = 30
default_lengthout = 1e6
diff_method = unified

[software]
path = code/sat4j
target_files = 
	org.sat4j.core/src/main/java/org/sat4j/minisat/core/Solver.java.xml
	sat4j.params
program = BasicProgram
engine_rules = 
	*.params : ConfigFileParamsEngine
	*.xml : SrcmlEngine
	* : LineEngine
engine_config = 
	*.params : [params]
	*.xml : [srcml]
setup_cmd = ./compile.sh
setup_timeout = 150
setup_lengthout = 
compile_cmd = ./compile.sh
compile_timeout = 150
compile_lengthout = 
test_cmd = 
test_timeout = 
test_lengthout = 
run_cmd = perf stat run-sh/validate_4.sh
run_timeout = 2259
run_lengthout = 
fitness = perf_instructions

[srcml]
rename = 
	stmt: break continue decl_stmt do expr_stmt for goto if return switch while
	number: literal_number
focus = block stmt operator_comp operator_arith number
internodes = block
process_pseudo_blocks = True
process_literals = True
process_operators = True

[params]
timing = test run
cli_prefix = --
cli_glue = =
cli_boolean = show
cli_boolean_prefix_true = 
cli_boolean_prefix_false = no-
silent_prefix = @
silent_suffix = $

[search]
protocol = BasicProtocol
algorithm = ValidRankingSimplify
possible_edits = 
	StmtReplacement
	StmtInsertion
	StmtDeletion
warmup = 1
warmup_strategy = last
max_steps = 
max_time = 
target_fitness = 
cache_maxsize = 40
cache_keep = 0.2

[search.ls]
delete_prob = 0.5
max_neighbours = 
when_trapped = continue
accept_fail = False
tabu_length = 10

[search.gp]
pop_size = 10
delete_prob = 0.5
offspring_elitism = 0.1
offspring_crossover = 0.5
offspring_mutation = 0.4
uniform_rate = 0.5

[search.ga]
pop_size = 10
elitism_size = 2
cxpb_chrm = 0.5
cxpb_gene = 0.5
mutpb_chrm = 0.2
mutpb_gene = 0.1
gi_delete_prob = 0.5
gi_create_prob = 0.5
tournament_size = 3

[search.pso]
pop_size = 10
speed_min = -3
speed_max = 3
c1 = 1.49
c2 = 1.49


2023-08-26 23:25:02,611	[INFO]	==== WARMUP ====
2023-08-26 23:51:43,789	[INFO]	WARM    SUCCESS               9221059624403           
2023-08-26 23:51:43,789	[INFO]	INITIAL SUCCESS               9221059624403           
2023-08-26 23:51:43,789	[INFO]	==== START: ValidTest ====
2023-08-26 23:51:43,825	[DEBUG]	CLEAN_PATCH: StmtDeletion(('org.sat4j.core/src/main/java/org/sat4j/minisat/core/Solver.java.xml', 'stmt', 411)) | StmtInsertion(('org.sat4j.core/src/main/java/org/sat4j/minisat/core/Solver.java.xml', '_inter_block', 1058), ('org.sat4j.core/src/main/java/org/sat4j/minisat/core/Solver.java.xml', 'stmt', 567)) | StmtDeletion(('org.sat4j.core/src/main/java/org/sat4j/minisat/core/Solver.java.xml', 'stmt', 787))
2023-08-26 23:51:43,825	[DEBUG]	CLEAN_SIZE: 3 (was 3)
2023-08-27 00:17:48,115	[DEBUG]	StmtDeletion(('org.sat4j.core/src/main/java/org/sat4j/minisat/core/Solver.java.xml', 'stmt', 411)) | StmtInsertion(('org.sat4j.core/src/main/java/org/sat4j/minisat/core/Solver.java.xml', '_inter_block', 1058), ('org.sat4j.core/src/main/java/org/sat4j/minisat/core/Solver.java.xml', 'stmt', 567)) | StmtDeletion(('org.sat4j.core/src/main/java/org/sat4j/minisat/core/Solver.java.xml', 'stmt', 787))
2023-08-27 00:17:48,115	[INFO]	1       SUCCESS              *9170453568068 (99.45%) [3 edit(s)] 
2023-08-27 00:17:48,125	[DEBUG]	--- before: org.sat4j.core/src/main/java/org/sat4j/minisat/core/Solver.java
+++ after: org.sat4j.core/src/main/java/org/sat4j/minisat/core/Solver.java
@@ -1170,7 +1170,7 @@
         this.learnedLiterals.clear();
         // assert trail.size() == qhead || !undertimeout;
         while (this.trail.size() > learnedLiteralsLimit) {
-            this.learnedLiterals.push(this.trail.last());
+            
             undoOne();
         }
         // qhead = 0;
@@ -1668,6 +1668,7 @@
                     .remove(this.learnedConstraintsDeletionStrategy.getTimer());
         }
         this.learnedConstraintsDeletionStrategy = lcds;
+        this.slistener.cleaning();
     }
 
     private boolean lastConflictMeansUnsat;
@@ -2040,7 +2041,7 @@
                 this.simplifier, this.restarter,
                 this.learnedConstraintsDeletionStrategy };
         stb.append(prefix);
-        stb.append("--- Begin Solver configuration ---"); //$NON-NLS-1$
+         //$NON-NLS-1$
         stb.append("\n"); //$NON-NLS-1$
         for (Object o : objs) {
             stb.append(prefix);

2023-08-27 00:17:48,135	[INFO]	==== END ====
2023-08-27 00:17:48,135	[INFO]	Reason: validation end
2023-08-27 00:17:48,135	[INFO]	
2023-08-27 00:17:48,135	[INFO]	==== REPORT ====
2023-08-27 00:17:48,135	[INFO]	Termination: validation end
2023-08-27 00:17:48,135	[INFO]	Log file: /home/tsongpet/MSc-SSE-GI-project/_magpie_logs/sat4j_1693088694.log
2023-08-27 00:17:48,144	[INFO]	Patch file: _magpie_logs/sat4j_1693088694.patch
2023-08-27 00:17:48,144	[INFO]	Diff file: _magpie_logs/sat4j_1693088694.diff
2023-08-27 00:17:48,144	[INFO]	Best fitness: 9170453568068
2023-08-27 00:17:48,144	[INFO]	Best patch: StmtDeletion(('org.sat4j.core/src/main/java/org/sat4j/minisat/core/Solver.java.xml', 'stmt', 411)) | StmtInsertion(('org.sat4j.core/src/main/java/org/sat4j/minisat/core/Solver.java.xml', '_inter_block', 1058), ('org.sat4j.core/src/main/java/org/sat4j/minisat/core/Solver.java.xml', 'stmt', 567)) | StmtDeletion(('org.sat4j.core/src/main/java/org/sat4j/minisat/core/Solver.java.xml', 'stmt', 787))
2023-08-27 00:17:48,144	[INFO]	Diff:
--- before: org.sat4j.core/src/main/java/org/sat4j/minisat/core/Solver.java
+++ after: org.sat4j.core/src/main/java/org/sat4j/minisat/core/Solver.java
@@ -1170,7 +1170,7 @@
         this.learnedLiterals.clear();
         // assert trail.size() == qhead || !undertimeout;
         while (this.trail.size() > learnedLiteralsLimit) {
-            this.learnedLiterals.push(this.trail.last());
+            
             undoOne();
         }
         // qhead = 0;
@@ -1668,6 +1668,7 @@
                     .remove(this.learnedConstraintsDeletionStrategy.getTimer());
         }
         this.learnedConstraintsDeletionStrategy = lcds;
+        this.slistener.cleaning();
     }
 
     private boolean lastConflictMeansUnsat;
@@ -2040,7 +2041,7 @@
                 this.simplifier, this.restarter,
                 this.learnedConstraintsDeletionStrategy };
         stb.append(prefix);
-        stb.append("--- Begin Solver configuration ---"); //$NON-NLS-1$
+         //$NON-NLS-1$
         stb.append("\n"); //$NON-NLS-1$
         for (Object o : objs) {
             stb.append(prefix);

