2023-08-22 16:25:02,541	[DEBUG]	==== CONFIG ====
[magpie]
import = 
seed = 
log_dir = _magpie_logs
work_dir = _magpie_work
local_original_copy = False
local_original_name = __original__
output_encoding = ascii
edit_retries = 10
default_timeout = 30
default_lengthout = 1e6
diff_method = unified

[software]
path = code/sat4j
target_files = 
	org.sat4j.core/src/main/java/org/sat4j/minisat/core/Solver.java.xml
	sat4j.params
program = BasicProgram
engine_rules = 
	*.params : ConfigFileParamsEngine
	*.xml : SrcmlEngine
	* : LineEngine
engine_config = 
	*.params : [params]
	*.xml : [srcml]
setup_cmd = ./compile.sh
setup_timeout = 150
setup_lengthout = 
compile_cmd = ./compile.sh
compile_timeout = 150
compile_lengthout = 
test_cmd = 
test_timeout = 
test_lengthout = 
run_cmd = perf stat run-sh/validate_5.sh
run_timeout = 2261
run_lengthout = 
fitness = perf_instructions

[srcml]
rename = 
	stmt: break continue decl_stmt do expr_stmt for goto if return switch while
	number: literal_number
focus = block stmt operator_comp operator_arith number
internodes = block
process_pseudo_blocks = True
process_literals = True
process_operators = True

[params]
timing = test run
cli_prefix = --
cli_glue = =
cli_boolean = show
cli_boolean_prefix_true = 
cli_boolean_prefix_false = no-
silent_prefix = @
silent_suffix = $

[search]
protocol = BasicProtocol
algorithm = ValidRankingSimplify
possible_edits = 
	ParamSetting
warmup = 1
warmup_strategy = last
max_steps = 
max_time = 
target_fitness = 
cache_maxsize = 40
cache_keep = 0.2

[search.ls]
delete_prob = 0.5
max_neighbours = 
when_trapped = continue
accept_fail = False
tabu_length = 10

[search.gp]
pop_size = 10
delete_prob = 0.5
offspring_elitism = 0.1
offspring_crossover = 0.5
offspring_mutation = 0.4
uniform_rate = 0.5

[search.ga]
pop_size = 100
elitism_size = 10
cxpb_chrm = 0.5
cxpb_gene = 0.5
mutpb_chrm = 0.2
mutpb_gene = 0.1
gi_delete_prob = 0.5
gi_create_prob = 0.5
tournament_size = 3

[search.pso]
pop_size = 10
speed_min = -3
speed_max = 3
c1 = 1.49
c2 = 1.49


2023-08-22 16:25:02,541	[INFO]	==== WARMUP ====
2023-08-22 16:53:25,300	[INFO]	WARM    SUCCESS               9411511277072           
2023-08-22 16:53:25,301	[INFO]	INITIAL SUCCESS               9411511277072           
2023-08-22 16:53:25,301	[INFO]	==== START: ValidTest ====
2023-08-22 16:53:25,355	[DEBUG]	CLEAN_PATCH: ParamSetting(('sat4j.params', 'VARDECAY'), 0.5048630082744091) | ParamSetting(('sat4j.params', 'RESTARTS'), 'MiniSATRestarts') | ParamSetting(('sat4j.params', 'CONFLICTBOUNDINCFACTOR'), 3.1769766166392808) | ParamSetting(('sat4j.params', 'PHASE'), 'RSATLastLearnedClausesPhaseSelectionStrategy') | ParamSetting(('sat4j.params', 'CLADECAY'), 0.6526138745374825)
2023-08-22 16:53:25,355	[DEBUG]	CLEAN_SIZE: 5 (was 9)
2023-08-22 17:29:23,886	[DEBUG]	ParamSetting(('sat4j.params', 'VARDECAY'), 0.5048630082744091) | ParamSetting(('sat4j.params', 'RESTARTS'), 'MiniSATRestarts') | ParamSetting(('sat4j.params', 'CONFLICTBOUNDINCFACTOR'), 3.1769766166392808) | ParamSetting(('sat4j.params', 'PHASE'), 'RSATLastLearnedClausesPhaseSelectionStrategy') | ParamSetting(('sat4j.params', 'CLADECAY'), 0.6526138745374825)
2023-08-22 17:29:23,887	[INFO]	1       SUCCESS              *11550976655159 (122.73%) [5 edit(s)] 
2023-08-22 17:29:23,894	[DEBUG]	--- before: sat4j.params
+++ after: sat4j.params
@@ -1,6 +1,7 @@
-RESTARTS := 'Glucose21Restarts'
-PHASE := 'RSATPhaseSelectionStrategy'
-CLADECAY := 0.999
-VARDECAY := 0.95
+RESTARTS := 'MiniSATRestarts'
+PHASE := 'RSATLastLearnedClausesPhaseSelectionStrategy'
+CLADECAY := 0.6526138745374825
+VARDECAY := 0.5048630082744091
+CONFLICTBOUNDINCFACTOR := 3.1769766166392808
 SIMP := 'EXPENSIVE_SIMPLIFICATION'
 CLEANING := 'LBD2'

2023-08-22 17:29:23,899	[INFO]	==== END ====
2023-08-22 17:29:23,899	[INFO]	Reason: validation end
2023-08-22 17:29:23,899	[INFO]	
2023-08-22 17:29:23,899	[INFO]	==== REPORT ====
2023-08-22 17:29:23,899	[INFO]	Termination: validation end
2023-08-22 17:29:23,899	[INFO]	Log file: /home/tsongpet/MSc-SSE-GI-project/_magpie_logs/sat4j_1692717894.log
2023-08-22 17:29:23,905	[INFO]	Patch file: _magpie_logs/sat4j_1692717894.patch
2023-08-22 17:29:23,905	[INFO]	Diff file: _magpie_logs/sat4j_1692717894.diff
2023-08-22 17:29:23,905	[INFO]	Best fitness: 11550976655159
2023-08-22 17:29:23,905	[INFO]	Best patch: ParamSetting(('sat4j.params', 'VARDECAY'), 0.5048630082744091) | ParamSetting(('sat4j.params', 'RESTARTS'), 'MiniSATRestarts') | ParamSetting(('sat4j.params', 'CONFLICTBOUNDINCFACTOR'), 3.1769766166392808) | ParamSetting(('sat4j.params', 'PHASE'), 'RSATLastLearnedClausesPhaseSelectionStrategy') | ParamSetting(('sat4j.params', 'CLADECAY'), 0.6526138745374825)
2023-08-22 17:29:23,905	[INFO]	Diff:
--- before: sat4j.params
+++ after: sat4j.params
@@ -1,6 +1,7 @@
-RESTARTS := 'Glucose21Restarts'
-PHASE := 'RSATPhaseSelectionStrategy'
-CLADECAY := 0.999
-VARDECAY := 0.95
+RESTARTS := 'MiniSATRestarts'
+PHASE := 'RSATLastLearnedClausesPhaseSelectionStrategy'
+CLADECAY := 0.6526138745374825
+VARDECAY := 0.5048630082744091
+CONFLICTBOUNDINCFACTOR := 3.1769766166392808
 SIMP := 'EXPENSIVE_SIMPLIFICATION'
 CLEANING := 'LBD2'

