2023-08-02 21:58:07,487	[DEBUG]	==== CONFIG ====
[magpie]
import = 
seed = 
log_dir = _magpie_logs
work_dir = _magpie_work
local_original_copy = False
local_original_name = __original__
output_encoding = ascii
edit_retries = 10
default_timeout = 30
default_lengthout = 1e6
diff_method = unified

[software]
path = code/minisat-hack
target_files = 
	core/Solver.cc.xml
	minisat.params
program = BasicProgram
engine_rules = 
	*.params : ConfigFileParamsEngine
	*.xml : SrcmlEngine
	* : LineEngine
engine_config = 
	*.params : [params]
	*.xml : [srcml]
setup_cmd = ./compile.sh
setup_timeout = 
setup_lengthout = 
compile_cmd = ./compile.sh
compile_timeout = 16
compile_lengthout = 
test_cmd = 
test_timeout = 
test_lengthout = 
run_cmd = perf stat run-sh/test_10.sh
run_timeout = 4887
run_lengthout = 
fitness = perf_instructions

[srcml]
rename = 
	stmt: break continue decl_stmt do expr_stmt for goto if return switch while
	number: literal_number
focus = block stmt operator_comp operator_arith number
internodes = block
process_pseudo_blocks = True
process_literals = True
process_operators = True

[params]
timing = test run
cli_prefix = --
cli_glue = =
cli_boolean = show
cli_boolean_prefix_true = 
cli_boolean_prefix_false = no-
silent_prefix = @
silent_suffix = $

[search]
protocol = BasicProtocol
algorithm = ValidTest
possible_edits = 
	ParamSetting
warmup = 1
warmup_strategy = last
max_steps = 
max_time = 
target_fitness = 
cache_maxsize = 40
cache_keep = 0.2

[search.ls]
delete_prob = 0.5
max_neighbours = 
when_trapped = continue
accept_fail = False
tabu_length = 10

[search.gp]
pop_size = 10
delete_prob = 0.5
offspring_elitism = 0.1
offspring_crossover = 0.5
offspring_mutation = 0.4
uniform_rate = 0.5

[search.ga]
pop_size = 10
elitism_size = 2
cxpb_chrm = 0.5
cxpb_gene = 0.5
mutpb_chrm = 0.2
mutpb_gene = 0.1
gi_delete_prob = 0.5
gi_create_prob = 0.5
tournament_size = 3

[search.pso]
pop_size = 10
speed_min = -3
speed_max = 3
c1 = 1.49
c2 = 1.49


2023-08-02 21:58:07,488	[INFO]	==== WARMUP ====
2023-08-02 23:19:13,385	[INFO]	WARM    SUCCESS               8210637030237           
2023-08-02 23:19:13,386	[INFO]	INITIAL SUCCESS               8210637030237           
2023-08-02 23:19:13,386	[INFO]	==== START: ValidTest ====
2023-08-02 23:19:13,449	[DEBUG]	CLEAN_PATCH: ParamSetting(('minisat.params', 'var-decay'), 0.9405384716867886) | ParamSetting(('minisat.params', 'lbd-cut'), 6) | ParamSetting(('minisat.params', 'R-val'), 1.6459486775512988) | ParamSetting(('minisat.params', 'gc-frac'), 0.903684483634987) | ParamSetting(('minisat.params', 'lbd-cut-max'), 27) | ParamSetting(('minisat.params', 'cp-increase'), 5819) | ParamSetting(('minisat.params', 'cl-lim'), 403)
2023-08-02 23:19:13,449	[DEBUG]	CLEAN_SIZE: 7 (was 7)
2023-08-03 00:27:02,326	[DEBUG]	ParamSetting(('minisat.params', 'var-decay'), 0.9405384716867886) | ParamSetting(('minisat.params', 'lbd-cut'), 6) | ParamSetting(('minisat.params', 'R-val'), 1.6459486775512988) | ParamSetting(('minisat.params', 'gc-frac'), 0.903684483634987) | ParamSetting(('minisat.params', 'lbd-cut-max'), 27) | ParamSetting(('minisat.params', 'cp-increase'), 5819) | ParamSetting(('minisat.params', 'cl-lim'), 403)
2023-08-03 00:27:02,327	[INFO]	1       SUCCESS              *6752958538747 (82.25%) [7 edit(s)] 
2023-08-03 00:27:02,335	[DEBUG]	--- before: minisat.params
+++ after: minisat.params
@@ -1,22 +1,22 @@
-lbd-cut := 5
-lbd-cut-max := 10
-cp-increase := 15000
+lbd-cut := 6
+lbd-cut-max := 27
+cp-increase := 5819
 core-tolerance := 0.02
-R-val := 1.4
-var-decay := 0.8
+R-val := 1.6459486775512988
+var-decay := 0.9405384716867886
 cla-decay := 0.999
 rnd-freq := 0.0
 ccmin-mode := '2'
 phase-saving := '2'
 rnd-init := 'False'
 luby := 0
-gc-frac := 0.2
+gc-frac := 0.903684483634987
 verb := '1'
 pre := 'True'
 asymm := 'False'
 rcheck := 'False'
 elim := 'True'
 grow := 0
-cl-lim := 20
+cl-lim := 403
 sub-lim := 1000
 simp-gc-frac := 0.5

2023-08-03 00:27:02,343	[INFO]	==== END ====
2023-08-03 00:27:02,343	[INFO]	Reason: validation end
2023-08-03 00:27:02,344	[INFO]	
2023-08-03 00:27:02,344	[INFO]	==== REPORT ====
2023-08-03 00:27:02,344	[INFO]	Termination: validation end
2023-08-03 00:27:02,344	[INFO]	Log file: /cs/student/msc/sse/2022/tsongpet/MSc-SSE-GI-project/_magpie_logs/minisat-hack_1691009884.log
2023-08-03 00:27:02,352	[INFO]	Patch file: _magpie_logs/minisat-hack_1691009884.patch
2023-08-03 00:27:02,352	[INFO]	Diff file: _magpie_logs/minisat-hack_1691009884.diff
2023-08-03 00:27:02,352	[INFO]	Best fitness: 6752958538747
2023-08-03 00:27:02,352	[INFO]	Best patch: ParamSetting(('minisat.params', 'var-decay'), 0.9405384716867886) | ParamSetting(('minisat.params', 'lbd-cut'), 6) | ParamSetting(('minisat.params', 'R-val'), 1.6459486775512988) | ParamSetting(('minisat.params', 'gc-frac'), 0.903684483634987) | ParamSetting(('minisat.params', 'lbd-cut-max'), 27) | ParamSetting(('minisat.params', 'cp-increase'), 5819) | ParamSetting(('minisat.params', 'cl-lim'), 403)
2023-08-03 00:27:02,352	[INFO]	Diff:
--- before: minisat.params
+++ after: minisat.params
@@ -1,22 +1,22 @@
-lbd-cut := 5
-lbd-cut-max := 10
-cp-increase := 15000
+lbd-cut := 6
+lbd-cut-max := 27
+cp-increase := 5819
 core-tolerance := 0.02
-R-val := 1.4
-var-decay := 0.8
+R-val := 1.6459486775512988
+var-decay := 0.9405384716867886
 cla-decay := 0.999
 rnd-freq := 0.0
 ccmin-mode := '2'
 phase-saving := '2'
 rnd-init := 'False'
 luby := 0
-gc-frac := 0.2
+gc-frac := 0.903684483634987
 verb := '1'
 pre := 'True'
 asymm := 'False'
 rcheck := 'False'
 elim := 'True'
 grow := 0
-cl-lim := 20
+cl-lim := 403
 sub-lim := 1000
 simp-gc-frac := 0.5

