2023-06-24 16:21:03,424	[DEBUG]	==== CONFIG ====
[magpie]
import = 
seed = 
log_dir = _magpie_logs
work_dir = _magpie_work
local_original_copy = False
local_original_name = __original__
output_encoding = ascii
edit_retries = 10
default_timeout = 30
default_lengthout = 1e6
diff_method = unified

[software]
path = code/minisat-hack
target_files = 
	core/Solver.cc
program = BasicProgram
engine_rules = 
	*.params : ConfigFileParamsEngine
	*.xml : SrcmlEngine
	* : LineEngine
engine_config = 
	*.params : [params]
	*.xml : [srcml]
setup_cmd = 
setup_timeout = 
setup_lengthout = 
compile_cmd = ./compile.sh
compile_timeout = 11
compile_lengthout = 
test_cmd = 
test_timeout = 
test_lengthout = 
run_cmd = perf stat run-sh/train_2.sh
run_timeout = 58
run_lengthout = 
fitness = perf_time

[srcml]
rename = 
	stmt: break continue decl_stmt do expr_stmt for goto if return switch while
	number: literal_number
focus = block stmt operator_comp operator_arith number
internodes = block
process_pseudo_blocks = True
process_literals = True
process_operators = True

[params]
timing = test run
cli_prefix = --
cli_glue = =
cli_boolean = show
cli_boolean_prefix_true = 
cli_boolean_prefix_false = no-
silent_prefix = @
silent_suffix = $

[search]
protocol = BasicProtocol
algorithm = FirstImprovement
possible_edits = 
	LineReplacement
	LineInsertion
	LineDeletion
warmup = 3
warmup_strategy = last
max_steps = 1000
max_time = 3600
target_fitness = 
cache_maxsize = 40
cache_keep = 0.2

[search.ls]
delete_prob = 0.5
max_neighbours = 
when_trapped = continue
accept_fail = False
tabu_length = 10

[search.gp]
pop_size = 10
delete_prob = 0.5
offspring_elitism = 0.1
offspring_crossover = 0.5
offspring_mutation = 0.4
uniform_rate = 0.5


2023-06-24 16:21:03,425	[INFO]	==== WARMUP ====
2023-06-24 16:21:58,662	[INFO]	WARM    SUCCESS               47.9018                 
2023-06-24 16:22:48,290	[INFO]	WARM    SUCCESS               46.3829                 
2023-06-24 16:23:38,635	[INFO]	WARM    SUCCESS               47.2603                 
2023-06-24 16:23:38,635	[INFO]	INITIAL SUCCESS               47.2603                 
2023-06-24 16:23:38,635	[INFO]	==== START: FirstImprovement ====
2023-06-24 16:23:39,051	[DEBUG]	LineInsertion(('core/Solver.cc', '_inter_line', 151), ('core/Solver.cc', 'line', 373))
2023-06-24 16:23:39,052	[INFO]	1       COMPILE_CODE_ERROR    None  [1 edit(s)]       
2023-06-24 16:24:31,120	[DEBUG]	LineDeletion(('core/Solver.cc', 'line', 208))
2023-06-24 16:24:31,121	[INFO]	2       SUCCESS               48.8649 (103.4%) [1 edit(s)] 
2023-06-24 16:25:21,716	[DEBUG]	LineDeletion(('core/Solver.cc', 'line', 306))
2023-06-24 16:25:21,717	[INFO]	3       SUCCESS               47.4157 (100.33%) [1 edit(s)] 
2023-06-24 16:26:13,291	[DEBUG]	LineInsertion(('core/Solver.cc', '_inter_line', 304), ('core/Solver.cc', 'line', 880))
2023-06-24 16:26:13,292	[INFO]	4       SUCCESS               48.4269 (102.47%) [1 edit(s)] 
2023-06-24 16:26:13,299	[DEBUG]	LineReplacement(('core/Solver.cc', 'line', 165), ('core/Solver.cc', 'line', 519))
2023-06-24 16:26:13,300	[INFO]	5       SUCCESS              +47.2603 (100.0%) [1 edit(s)] 
2023-06-24 16:26:13,307	[DEBUG]	
2023-06-24 16:26:13,314	[DEBUG]	
2023-06-24 16:26:13,314	[INFO]	6       SUCCESS              +47.2603 (100.0%) [0 edit(s)] 
2023-06-24 16:26:13,321	[DEBUG]	
2023-06-24 16:26:13,718	[DEBUG]	LineReplacement(('core/Solver.cc', 'line', 19), ('core/Solver.cc', 'line', 732))
2023-06-24 16:26:13,719	[INFO]	7       COMPILE_CODE_ERROR    None  [1 edit(s)]       
2023-06-24 16:26:14,130	[DEBUG]	LineInsertion(('core/Solver.cc', '_inter_line', 485), ('core/Solver.cc', 'line', 1024))
2023-06-24 16:26:14,130	[INFO]	8       COMPILE_CODE_ERROR    None  [1 edit(s)]       
2023-06-24 16:27:04,540	[DEBUG]	LineInsertion(('core/Solver.cc', '_inter_line', 604), ('core/Solver.cc', 'line', 228))
2023-06-24 16:27:04,540	[INFO]	9       SUCCESS              *47.1774 (99.82%) [1 edit(s)] 
2023-06-24 16:27:04,548	[DEBUG]	--- before: core/Solver.cc
+++ after: core/Solver.cc
@@ -602,6 +602,7 @@
             if (c.mark() == 0 && c.size() > 2 && !locked(c) && (i < learnts.size() / 2)) // || c.activity() < extra_lim))
                 removeClause(learnts[i]);
             else{
+    if (c.learnt()) learnts_literals -= c.size();
                 c.mark(0);
                 learnts[j++] = learnts[i]; }
     }

2023-06-24 16:27:55,585	[DEBUG]	LineInsertion(('core/Solver.cc', '_inter_line', 604), ('core/Solver.cc', 'line', 228)) | LineInsertion(('core/Solver.cc', '_inter_line', 622), ('core/Solver.cc', 'line', 274))
2023-06-24 16:27:55,586	[INFO]	10      SUCCESS               47.8655 (101.28%) [2 edit(s)] 
2023-06-24 16:28:46,871	[DEBUG]	LineInsertion(('core/Solver.cc', '_inter_line', 604), ('core/Solver.cc', 'line', 228)) | LineDeletion(('core/Solver.cc', 'line', 122))
2023-06-24 16:28:46,871	[INFO]	11      SUCCESS               48.1366 (101.85%) [2 edit(s)] 
2023-06-24 16:28:47,282	[DEBUG]	LineInsertion(('core/Solver.cc', '_inter_line', 604), ('core/Solver.cc', 'line', 228)) | LineReplacement(('core/Solver.cc', 'line', 657), ('core/Solver.cc', 'line', 333))
2023-06-24 16:28:47,282	[INFO]	12      COMPILE_CODE_ERROR    None  [2 edit(s)]       
2023-06-24 16:29:37,269	[DEBUG]	LineInsertion(('core/Solver.cc', '_inter_line', 604), ('core/Solver.cc', 'line', 228)) | LineInsertion(('core/Solver.cc', '_inter_line', 836), ('core/Solver.cc', 'line', 516))
2023-06-24 16:29:37,270	[INFO]	13      SUCCESS              *46.8291 (99.09%) [2 edit(s)] 
2023-06-24 16:29:37,279	[DEBUG]	--- before: core/Solver.cc
+++ after: core/Solver.cc
@@ -602,6 +602,7 @@
             if (c.mark() == 0 && c.size() > 2 && !locked(c) && (i < learnts.size() / 2)) // || c.activity() < extra_lim))
                 removeClause(learnts[i]);
             else{
+    if (c.learnt()) learnts_literals -= c.size();
                 c.mark(0);
                 learnts[j++] = learnts[i]; }
     }
@@ -834,6 +835,7 @@
 {
     double  progress = 0;
     double  F = 1.0 / nVars();
+    CRef    confl     = CRef_Undef;
 
     for (int i = 0; i <= decisionLevel(); i++){
         int beg = i == 0 ? 0 : trail_lim[i - 1];

2023-06-24 16:29:37,698	[DEBUG]	LineInsertion(('core/Solver.cc', '_inter_line', 604), ('core/Solver.cc', 'line', 228)) | LineInsertion(('core/Solver.cc', '_inter_line', 836), ('core/Solver.cc', 'line', 516)) | LineDeletion(('core/Solver.cc', 'line', 175))
2023-06-24 16:29:37,698	[INFO]	14      COMPILE_CODE_ERROR    None  [3 edit(s)]       
2023-06-24 16:30:27,847	[DEBUG]	LineInsertion(('core/Solver.cc', '_inter_line', 836), ('core/Solver.cc', 'line', 516))
2023-06-24 16:30:27,847	[INFO]	15      SUCCESS               46.9087 (99.26%) [1 edit(s)] 
2023-06-24 16:30:28,252	[DEBUG]	LineInsertion(('core/Solver.cc', '_inter_line', 604), ('core/Solver.cc', 'line', 228)) | LineInsertion(('core/Solver.cc', '_inter_line', 836), ('core/Solver.cc', 'line', 516)) | LineInsertion(('core/Solver.cc', '_inter_line', 715), ('core/Solver.cc', 'line', 209))
2023-06-24 16:30:28,253	[INFO]	16      COMPILE_CODE_ERROR    None  [3 edit(s)]       
2023-06-24 16:30:28,655	[DEBUG]	LineInsertion(('core/Solver.cc', '_inter_line', 604), ('core/Solver.cc', 'line', 228)) | LineInsertion(('core/Solver.cc', '_inter_line', 836), ('core/Solver.cc', 'line', 516)) | LineInsertion(('core/Solver.cc', '_inter_line', 1020), ('core/Solver.cc', 'line', 672))
2023-06-24 16:30:28,655	[INFO]	17      COMPILE_CODE_ERROR    None  [3 edit(s)]       
2023-06-24 16:30:29,057	[DEBUG]	LineInsertion(('core/Solver.cc', '_inter_line', 604), ('core/Solver.cc', 'line', 228)) | LineInsertion(('core/Solver.cc', '_inter_line', 836), ('core/Solver.cc', 'line', 516)) | LineDeletion(('core/Solver.cc', 'line', 729))
2023-06-24 16:30:29,058	[INFO]	18      COMPILE_CODE_ERROR    None  [3 edit(s)]       
2023-06-24 16:31:30,422	[DEBUG]	LineInsertion(('core/Solver.cc', '_inter_line', 604), ('core/Solver.cc', 'line', 228)) | LineInsertion(('core/Solver.cc', '_inter_line', 836), ('core/Solver.cc', 'line', 516)) | LineDeletion(('core/Solver.cc', 'line', 570))
2023-06-24 16:31:30,423	[INFO]	19      RUN_TIMEOUT           None  [3 edit(s)]       
2023-06-24 16:31:30,431	[DEBUG]	LineInsertion(('core/Solver.cc', '_inter_line', 604), ('core/Solver.cc', 'line', 228))
2023-06-24 16:31:30,431	[INFO]	20      SUCCESS               47.1774 (99.82%) [1 edit(s)] 
2023-06-24 16:31:30,833	[DEBUG]	LineInsertion(('core/Solver.cc', '_inter_line', 604), ('core/Solver.cc', 'line', 228)) | LineInsertion(('core/Solver.cc', '_inter_line', 836), ('core/Solver.cc', 'line', 516)) | LineReplacement(('core/Solver.cc', 'line', 698), ('core/Solver.cc', 'line', 395))
2023-06-24 16:31:30,833	[INFO]	21      COMPILE_CODE_ERROR    None  [3 edit(s)]       
2023-06-24 16:32:21,053	[DEBUG]	LineInsertion(('core/Solver.cc', '_inter_line', 604), ('core/Solver.cc', 'line', 228)) | LineInsertion(('core/Solver.cc', '_inter_line', 836), ('core/Solver.cc', 'line', 516)) | LineDeletion(('core/Solver.cc', 'line', 490))
2023-06-24 16:32:21,054	[INFO]	22      SUCCESS               47.0408 (99.54%) [3 edit(s)] 
2023-06-24 16:33:09,693	[DEBUG]	LineInsertion(('core/Solver.cc', '_inter_line', 604), ('core/Solver.cc', 'line', 228)) | LineInsertion(('core/Solver.cc', '_inter_line', 836), ('core/Solver.cc', 'line', 516)) | LineDeletion(('core/Solver.cc', 'line', 795))
2023-06-24 16:33:09,693	[INFO]	23      SUCCESS              *45.4518 (96.17%) [3 edit(s)] 
2023-06-24 16:33:09,702	[DEBUG]	--- before: core/Solver.cc
+++ after: core/Solver.cc
@@ -602,6 +602,7 @@
             if (c.mark() == 0 && c.size() > 2 && !locked(c) && (i < learnts.size() / 2)) // || c.activity() < extra_lim))
                 removeClause(learnts[i]);
             else{
+    if (c.learnt()) learnts_literals -= c.size();
                 c.mark(0);
                 learnts[j++] = learnts[i]; }
     }
@@ -793,7 +794,6 @@
                     if (adjust == 0) K = (double)opt_K;
                     LBD_cut = (int32_t)opt_lbd_cut + adjust;
                 }
-                core_added = 0;
             }
 
             Lit next = lit_Undef;
@@ -834,6 +834,7 @@
 {
     double  progress = 0;
     double  F = 1.0 / nVars();
+    CRef    confl     = CRef_Undef;
 
     for (int i = 0; i <= decisionLevel(); i++){
         int beg = i == 0 ? 0 : trail_lim[i - 1];

2023-06-24 16:33:10,108	[DEBUG]	LineInsertion(('core/Solver.cc', '_inter_line', 604), ('core/Solver.cc', 'line', 228)) | LineInsertion(('core/Solver.cc', '_inter_line', 836), ('core/Solver.cc', 'line', 516)) | LineDeletion(('core/Solver.cc', 'line', 795)) | LineInsertion(('core/Solver.cc', '_inter_line', 61), ('core/Solver.cc', 'line', 781))
2023-06-24 16:33:10,108	[INFO]	24      COMPILE_CODE_ERROR    None  [4 edit(s)]       
2023-06-24 16:34:00,289	[DEBUG]	LineInsertion(('core/Solver.cc', '_inter_line', 604), ('core/Solver.cc', 'line', 228)) | LineInsertion(('core/Solver.cc', '_inter_line', 836), ('core/Solver.cc', 'line', 516)) | LineDeletion(('core/Solver.cc', 'line', 795)) | LineInsertion(('core/Solver.cc', '_inter_line', 215), ('core/Solver.cc', 'line', 836))
2023-06-24 16:34:00,289	[INFO]	25      SUCCESS               46.9597 (99.36%) [4 edit(s)] 
2023-06-24 16:34:50,638	[DEBUG]	LineInsertion(('core/Solver.cc', '_inter_line', 836), ('core/Solver.cc', 'line', 516)) | LineDeletion(('core/Solver.cc', 'line', 795))
2023-06-24 16:34:50,639	[INFO]	26      SUCCESS               47.2061 (99.89%) [2 edit(s)] 
2023-06-24 16:35:41,082	[DEBUG]	LineInsertion(('core/Solver.cc', '_inter_line', 604), ('core/Solver.cc', 'line', 228)) | LineInsertion(('core/Solver.cc', '_inter_line', 836), ('core/Solver.cc', 'line', 516)) | LineDeletion(('core/Solver.cc', 'line', 795)) | LineInsertion(('core/Solver.cc', '_inter_line', 410), ('core/Solver.cc', 'line', 673))
2023-06-24 16:35:41,082	[INFO]	27      SUCCESS               47.2731 (100.03%) [4 edit(s)] 
2023-06-24 16:35:44,246	[DEBUG]	LineInsertion(('core/Solver.cc', '_inter_line', 604), ('core/Solver.cc', 'line', 228)) | LineInsertion(('core/Solver.cc', '_inter_line', 836), ('core/Solver.cc', 'line', 516)) | LineDeletion(('core/Solver.cc', 'line', 795)) | LineDeletion(('core/Solver.cc', 'line', 147))
2023-06-24 16:35:44,246	[INFO]	28      RUN_CODE_ERROR        None  [4 edit(s)]       
2023-06-24 16:36:33,679	[DEBUG]	LineInsertion(('core/Solver.cc', '_inter_line', 604), ('core/Solver.cc', 'line', 228)) | LineInsertion(('core/Solver.cc', '_inter_line', 836), ('core/Solver.cc', 'line', 516)) | LineDeletion(('core/Solver.cc', 'line', 795)) | LineDeletion(('core/Solver.cc', 'line', 940))
2023-06-24 16:36:33,679	[INFO]	29      SUCCESS               46.2652 (97.89%) [4 edit(s)] 
2023-06-24 16:37:22,351	[DEBUG]	LineInsertion(('core/Solver.cc', '_inter_line', 604), ('core/Solver.cc', 'line', 228)) | LineDeletion(('core/Solver.cc', 'line', 795))
2023-06-24 16:37:22,351	[INFO]	30      SUCCESS               45.4853 (96.24%) [2 edit(s)] 
2023-06-24 16:37:22,751	[DEBUG]	LineInsertion(('core/Solver.cc', '_inter_line', 604), ('core/Solver.cc', 'line', 228)) | LineInsertion(('core/Solver.cc', '_inter_line', 836), ('core/Solver.cc', 'line', 516)) | LineDeletion(('core/Solver.cc', 'line', 795)) | LineInsertion(('core/Solver.cc', '_inter_line', 875), ('core/Solver.cc', 'line', 844))
2023-06-24 16:37:22,751	[INFO]	31      COMPILE_CODE_ERROR    None  [4 edit(s)]       
2023-06-24 16:37:22,760	[DEBUG]	LineInsertion(('core/Solver.cc', '_inter_line', 604), ('core/Solver.cc', 'line', 228)) | LineInsertion(('core/Solver.cc', '_inter_line', 836), ('core/Solver.cc', 'line', 516))
2023-06-24 16:37:22,760	[INFO]	32      SUCCESS               46.8291 (99.09%) [2 edit(s)] 
2023-06-24 16:38:11,333	[DEBUG]	LineInsertion(('core/Solver.cc', '_inter_line', 604), ('core/Solver.cc', 'line', 228)) | LineInsertion(('core/Solver.cc', '_inter_line', 836), ('core/Solver.cc', 'line', 516)) | LineDeletion(('core/Solver.cc', 'line', 795)) | LineDeletion(('core/Solver.cc', 'line', 117))
2023-06-24 16:38:11,334	[INFO]	33      SUCCESS              *45.42 (96.11%) [4 edit(s)] 
2023-06-24 16:38:11,342	[DEBUG]	--- before: core/Solver.cc
+++ after: core/Solver.cc
@@ -115,7 +115,6 @@
   , propagation_budget (-1)
   , asynch_interrupt   (false)
 {
-    gS = lS = tS = N = cp = 0;
     LBD_cut = (int32_t)opt_lbd_cut;
     K = (double)opt_K;
     R = (double)opt_R;
@@ -602,6 +601,7 @@
             if (c.mark() == 0 && c.size() > 2 && !locked(c) && (i < learnts.size() / 2)) // || c.activity() < extra_lim))
                 removeClause(learnts[i]);
             else{
+    if (c.learnt()) learnts_literals -= c.size();
                 c.mark(0);
                 learnts[j++] = learnts[i]; }
     }
@@ -793,7 +793,6 @@
                     if (adjust == 0) K = (double)opt_K;
                     LBD_cut = (int32_t)opt_lbd_cut + adjust;
                 }
-                core_added = 0;
             }
 
             Lit next = lit_Undef;
@@ -834,6 +833,7 @@
 {
     double  progress = 0;
     double  F = 1.0 / nVars();
+    CRef    confl     = CRef_Undef;
 
     for (int i = 0; i <= decisionLevel(); i++){
         int beg = i == 0 ? 0 : trail_lim[i - 1];

2023-06-24 16:39:12,699	[DEBUG]	LineInsertion(('core/Solver.cc', '_inter_line', 604), ('core/Solver.cc', 'line', 228)) | LineInsertion(('core/Solver.cc', '_inter_line', 836), ('core/Solver.cc', 'line', 516)) | LineDeletion(('core/Solver.cc', 'line', 117))
2023-06-24 16:39:12,699	[INFO]	34      RUN_TIMEOUT           None  [3 edit(s)]       
2023-06-24 16:39:16,016	[DEBUG]	LineInsertion(('core/Solver.cc', '_inter_line', 604), ('core/Solver.cc', 'line', 228)) | LineInsertion(('core/Solver.cc', '_inter_line', 836), ('core/Solver.cc', 'line', 516)) | LineDeletion(('core/Solver.cc', 'line', 795)) | LineDeletion(('core/Solver.cc', 'line', 117)) | LineDeletion(('core/Solver.cc', 'line', 567))
2023-06-24 16:39:16,017	[INFO]	35      RUN_CODE_ERROR        None  [5 edit(s)]       
2023-06-24 16:40:03,964	[DEBUG]	LineInsertion(('core/Solver.cc', '_inter_line', 604), ('core/Solver.cc', 'line', 228)) | LineInsertion(('core/Solver.cc', '_inter_line', 836), ('core/Solver.cc', 'line', 516)) | LineDeletion(('core/Solver.cc', 'line', 795)) | LineDeletion(('core/Solver.cc', 'line', 117)) | LineReplacement(('core/Solver.cc', 'line', 941), ('core/Solver.cc', 'line', 184))
2023-06-24 16:40:03,964	[INFO]	36      SUCCESS              *44.7006 (94.58%) [5 edit(s)] 
2023-06-24 16:40:03,973	[DEBUG]	--- before: core/Solver.cc
+++ after: core/Solver.cc
@@ -115,7 +115,6 @@
   , propagation_budget (-1)
   , asynch_interrupt   (false)
 {
-    gS = lS = tS = N = cp = 0;
     LBD_cut = (int32_t)opt_lbd_cut;
     K = (double)opt_K;
     R = (double)opt_R;
@@ -602,6 +601,7 @@
             if (c.mark() == 0 && c.size() > 2 && !locked(c) && (i < learnts.size() / 2)) // || c.activity() < extra_lim))
                 removeClause(learnts[i]);
             else{
+    if (c.learnt()) learnts_literals -= c.size();
                 c.mark(0);
                 learnts[j++] = learnts[i]; }
     }
@@ -793,7 +793,6 @@
                     if (adjust == 0) K = (double)opt_K;
                     LBD_cut = (int32_t)opt_lbd_cut + adjust;
                 }
-                core_added = 0;
             }
 
             Lit next = lit_Undef;
@@ -834,6 +833,7 @@
 {
     double  progress = 0;
     double  F = 1.0 / nVars();
+    CRef    confl     = CRef_Undef;
 
     for (int i = 0; i <= decisionLevel(); i++){
         int beg = i == 0 ? 0 : trail_lim[i - 1];
@@ -939,7 +939,7 @@
     for (int i = 0; i < c.size(); i++)
         if (value(c[i]) != l_False)
             fprintf(f, "%s%d ", sign(c[i]) ? "-" : "", mapVar(var(c[i]), map, max)+1);
-    fprintf(f, "0\n");
+
 }
 
 

2023-06-24 16:40:53,159	[DEBUG]	LineInsertion(('core/Solver.cc', '_inter_line', 604), ('core/Solver.cc', 'line', 228)) | LineDeletion(('core/Solver.cc', 'line', 795)) | LineDeletion(('core/Solver.cc', 'line', 117)) | LineReplacement(('core/Solver.cc', 'line', 941), ('core/Solver.cc', 'line', 184))
2023-06-24 16:40:53,159	[INFO]	37      SUCCESS               45.9612 (97.25%) [4 edit(s)] 
2023-06-24 16:41:41,139	[DEBUG]	LineInsertion(('core/Solver.cc', '_inter_line', 604), ('core/Solver.cc', 'line', 228)) | LineInsertion(('core/Solver.cc', '_inter_line', 836), ('core/Solver.cc', 'line', 516)) | LineDeletion(('core/Solver.cc', 'line', 795)) | LineDeletion(('core/Solver.cc', 'line', 117)) | LineReplacement(('core/Solver.cc', 'line', 941), ('core/Solver.cc', 'line', 184)) | LineInsertion(('core/Solver.cc', '_inter_line', 18), ('core/Solver.cc', 'line', 490))
2023-06-24 16:41:41,139	[INFO]	38      SUCCESS               44.7915 (94.78%) [6 edit(s)] 
2023-06-24 16:42:32,350	[DEBUG]	LineInsertion(('core/Solver.cc', '_inter_line', 604), ('core/Solver.cc', 'line', 228)) | LineInsertion(('core/Solver.cc', '_inter_line', 836), ('core/Solver.cc', 'line', 516)) | LineDeletion(('core/Solver.cc', 'line', 795)) | LineDeletion(('core/Solver.cc', 'line', 117)) | LineReplacement(('core/Solver.cc', 'line', 941), ('core/Solver.cc', 'line', 184)) | LineReplacement(('core/Solver.cc', 'line', 777), ('core/Solver.cc', 'line', 635))
2023-06-24 16:42:32,351	[INFO]	39      SUCCESS               48.0081 (101.58%) [6 edit(s)] 
2023-06-24 16:42:32,737	[DEBUG]	LineInsertion(('core/Solver.cc', '_inter_line', 604), ('core/Solver.cc', 'line', 228)) | LineInsertion(('core/Solver.cc', '_inter_line', 836), ('core/Solver.cc', 'line', 516)) | LineDeletion(('core/Solver.cc', 'line', 795)) | LineDeletion(('core/Solver.cc', 'line', 117)) | LineReplacement(('core/Solver.cc', 'line', 941), ('core/Solver.cc', 'line', 184)) | LineInsertion(('core/Solver.cc', '_inter_line', 885), ('core/Solver.cc', 'line', 734))
2023-06-24 16:42:32,737	[INFO]	40      COMPILE_CODE_ERROR    None  [6 edit(s)]       
2023-06-24 16:42:32,746	[DEBUG]	LineInsertion(('core/Solver.cc', '_inter_line', 604), ('core/Solver.cc', 'line', 228)) | LineInsertion(('core/Solver.cc', '_inter_line', 836), ('core/Solver.cc', 'line', 516)) | LineDeletion(('core/Solver.cc', 'line', 795)) | LineDeletion(('core/Solver.cc', 'line', 117))
2023-06-24 16:42:32,746	[INFO]	41      SUCCESS               45.42 (96.11%) [4 edit(s)] 
2023-06-24 16:43:18,065	[DEBUG]	LineInsertion(('core/Solver.cc', '_inter_line', 836), ('core/Solver.cc', 'line', 516)) | LineDeletion(('core/Solver.cc', 'line', 795)) | LineDeletion(('core/Solver.cc', 'line', 117)) | LineReplacement(('core/Solver.cc', 'line', 941), ('core/Solver.cc', 'line', 184))
2023-06-24 16:43:18,066	[INFO]	42      SUCCESS              *42.1118 (89.11%) [4 edit(s)] 
2023-06-24 16:43:18,074	[DEBUG]	--- before: core/Solver.cc
+++ after: core/Solver.cc
@@ -115,7 +115,6 @@
   , propagation_budget (-1)
   , asynch_interrupt   (false)
 {
-    gS = lS = tS = N = cp = 0;
     LBD_cut = (int32_t)opt_lbd_cut;
     K = (double)opt_K;
     R = (double)opt_R;
@@ -793,7 +792,6 @@
                     if (adjust == 0) K = (double)opt_K;
                     LBD_cut = (int32_t)opt_lbd_cut + adjust;
                 }
-                core_added = 0;
             }
 
             Lit next = lit_Undef;
@@ -834,6 +832,7 @@
 {
     double  progress = 0;
     double  F = 1.0 / nVars();
+    CRef    confl     = CRef_Undef;
 
     for (int i = 0; i <= decisionLevel(); i++){
         int beg = i == 0 ? 0 : trail_lim[i - 1];
@@ -939,7 +938,7 @@
     for (int i = 0; i < c.size(); i++)
         if (value(c[i]) != l_False)
             fprintf(f, "%s%d ", sign(c[i]) ? "-" : "", mapVar(var(c[i]), map, max)+1);
-    fprintf(f, "0\n");
+
 }
 
 

2023-06-24 16:43:18,470	[DEBUG]	LineInsertion(('core/Solver.cc', '_inter_line', 836), ('core/Solver.cc', 'line', 516)) | LineDeletion(('core/Solver.cc', 'line', 795)) | LineDeletion(('core/Solver.cc', 'line', 117)) | LineReplacement(('core/Solver.cc', 'line', 941), ('core/Solver.cc', 'line', 184)) | LineInsertion(('core/Solver.cc', '_inter_line', 243), ('core/Solver.cc', 'line', 313))
2023-06-24 16:43:18,471	[INFO]	43      COMPILE_CODE_ERROR    None  [5 edit(s)]       
2023-06-24 16:43:18,860	[DEBUG]	LineInsertion(('core/Solver.cc', '_inter_line', 836), ('core/Solver.cc', 'line', 516)) | LineDeletion(('core/Solver.cc', 'line', 795)) | LineDeletion(('core/Solver.cc', 'line', 117)) | LineReplacement(('core/Solver.cc', 'line', 941), ('core/Solver.cc', 'line', 184)) | LineReplacement(('core/Solver.cc', 'line', 1045), ('core/Solver.cc', 'line', 482))
2023-06-24 16:43:18,860	[INFO]	44      COMPILE_CODE_ERROR    None  [5 edit(s)]       
2023-06-24 16:44:09,371	[DEBUG]	LineInsertion(('core/Solver.cc', '_inter_line', 836), ('core/Solver.cc', 'line', 516)) | LineDeletion(('core/Solver.cc', 'line', 795)) | LineReplacement(('core/Solver.cc', 'line', 941), ('core/Solver.cc', 'line', 184))
2023-06-24 16:44:09,372	[INFO]	45      SUCCESS               47.37 (100.23%) [3 edit(s)] 
2023-06-24 16:45:10,649	[DEBUG]	LineDeletion(('core/Solver.cc', 'line', 795)) | LineDeletion(('core/Solver.cc', 'line', 117)) | LineReplacement(('core/Solver.cc', 'line', 941), ('core/Solver.cc', 'line', 184))
2023-06-24 16:45:10,649	[INFO]	46      RUN_TIMEOUT           None  [3 edit(s)]       
2023-06-24 16:45:11,063	[DEBUG]	LineInsertion(('core/Solver.cc', '_inter_line', 836), ('core/Solver.cc', 'line', 516)) | LineDeletion(('core/Solver.cc', 'line', 795)) | LineDeletion(('core/Solver.cc', 'line', 117)) | LineReplacement(('core/Solver.cc', 'line', 941), ('core/Solver.cc', 'line', 184)) | LineReplacement(('core/Solver.cc', 'line', 434), ('core/Solver.cc', 'line', 651))
2023-06-24 16:45:11,063	[INFO]	47      COMPILE_CODE_ERROR    None  [5 edit(s)]       
2023-06-24 16:46:04,361	[DEBUG]	LineInsertion(('core/Solver.cc', '_inter_line', 836), ('core/Solver.cc', 'line', 516)) | LineDeletion(('core/Solver.cc', 'line', 795)) | LineDeletion(('core/Solver.cc', 'line', 117)) | LineReplacement(('core/Solver.cc', 'line', 941), ('core/Solver.cc', 'line', 184)) | LineReplacement(('core/Solver.cc', 'line', 397), ('core/Solver.cc', 'line', 746))
2023-06-24 16:46:04,362	[INFO]	48      SUCCESS               50.0896 (105.99%) [5 edit(s)] 
2023-06-24 16:46:53,766	[DEBUG]	LineInsertion(('core/Solver.cc', '_inter_line', 836), ('core/Solver.cc', 'line', 516)) | LineDeletion(('core/Solver.cc', 'line', 795)) | LineDeletion(('core/Solver.cc', 'line', 117))
2023-06-24 16:46:53,767	[INFO]	49      SUCCESS               46.2616 (97.89%) [3 edit(s)] 
2023-06-24 16:46:54,169	[DEBUG]	LineInsertion(('core/Solver.cc', '_inter_line', 836), ('core/Solver.cc', 'line', 516)) | LineDeletion(('core/Solver.cc', 'line', 795)) | LineDeletion(('core/Solver.cc', 'line', 117)) | LineReplacement(('core/Solver.cc', 'line', 941), ('core/Solver.cc', 'line', 184)) | LineInsertion(('core/Solver.cc', '_inter_line', 76), ('core/Solver.cc', 'line', 691))
2023-06-24 16:46:54,170	[INFO]	50      COMPILE_CODE_ERROR    None  [5 edit(s)]       
2023-06-24 16:46:54,571	[DEBUG]	LineInsertion(('core/Solver.cc', '_inter_line', 836), ('core/Solver.cc', 'line', 516)) | LineDeletion(('core/Solver.cc', 'line', 795)) | LineDeletion(('core/Solver.cc', 'line', 117)) | LineReplacement(('core/Solver.cc', 'line', 941), ('core/Solver.cc', 'line', 184)) | LineInsertion(('core/Solver.cc', '_inter_line', 474), ('core/Solver.cc', 'line', 370))
2023-06-24 16:46:54,571	[INFO]	51      COMPILE_CODE_ERROR    None  [5 edit(s)]       
2023-06-24 16:47:43,699	[DEBUG]	LineInsertion(('core/Solver.cc', '_inter_line', 836), ('core/Solver.cc', 'line', 516)) | LineDeletion(('core/Solver.cc', 'line', 795)) | LineDeletion(('core/Solver.cc', 'line', 117)) | LineReplacement(('core/Solver.cc', 'line', 941), ('core/Solver.cc', 'line', 184)) | LineInsertion(('core/Solver.cc', '_inter_line', 827), ('core/Solver.cc', 'line', 165))
2023-06-24 16:47:43,699	[INFO]	52      SUCCESS               45.9545 (97.24%) [5 edit(s)] 
2023-06-24 16:47:44,098	[DEBUG]	LineInsertion(('core/Solver.cc', '_inter_line', 836), ('core/Solver.cc', 'line', 516)) | LineDeletion(('core/Solver.cc', 'line', 795)) | LineDeletion(('core/Solver.cc', 'line', 117)) | LineReplacement(('core/Solver.cc', 'line', 941), ('core/Solver.cc', 'line', 184)) | LineReplacement(('core/Solver.cc', 'line', 834), ('core/Solver.cc', 'line', 599))
2023-06-24 16:47:44,099	[INFO]	53      COMPILE_CODE_ERROR    None  [5 edit(s)]       
2023-06-24 16:48:45,379	[DEBUG]	LineInsertion(('core/Solver.cc', '_inter_line', 836), ('core/Solver.cc', 'line', 516)) | LineDeletion(('core/Solver.cc', 'line', 117)) | LineReplacement(('core/Solver.cc', 'line', 941), ('core/Solver.cc', 'line', 184))
2023-06-24 16:48:45,379	[INFO]	54      RUN_TIMEOUT           None  [3 edit(s)]       
2023-06-24 16:48:45,785	[DEBUG]	LineInsertion(('core/Solver.cc', '_inter_line', 836), ('core/Solver.cc', 'line', 516)) | LineDeletion(('core/Solver.cc', 'line', 795)) | LineDeletion(('core/Solver.cc', 'line', 117)) | LineReplacement(('core/Solver.cc', 'line', 941), ('core/Solver.cc', 'line', 184)) | LineInsertion(('core/Solver.cc', '_inter_line', 946), ('core/Solver.cc', 'line', 393))
2023-06-24 16:48:45,785	[INFO]	55      COMPILE_CODE_ERROR    None  [5 edit(s)]       
2023-06-24 16:49:35,304	[DEBUG]	LineInsertion(('core/Solver.cc', '_inter_line', 836), ('core/Solver.cc', 'line', 516)) | LineDeletion(('core/Solver.cc', 'line', 795)) | LineDeletion(('core/Solver.cc', 'line', 117)) | LineReplacement(('core/Solver.cc', 'line', 941), ('core/Solver.cc', 'line', 184)) | LineInsertion(('core/Solver.cc', '_inter_line', 574), ('core/Solver.cc', 'line', 343))
2023-06-24 16:49:35,304	[INFO]	56      SUCCESS               46.3147 (98.0%) [5 edit(s)] 
2023-06-24 16:49:35,702	[DEBUG]	LineInsertion(('core/Solver.cc', '_inter_line', 836), ('core/Solver.cc', 'line', 516)) | LineDeletion(('core/Solver.cc', 'line', 795)) | LineDeletion(('core/Solver.cc', 'line', 117)) | LineReplacement(('core/Solver.cc', 'line', 941), ('core/Solver.cc', 'line', 184)) | LineInsertion(('core/Solver.cc', '_inter_line', 244), ('core/Solver.cc', 'line', 569))
2023-06-24 16:49:35,703	[INFO]	57      COMPILE_CODE_ERROR    None  [5 edit(s)]       
2023-06-24 16:50:29,051	[DEBUG]	LineInsertion(('core/Solver.cc', '_inter_line', 836), ('core/Solver.cc', 'line', 516)) | LineDeletion(('core/Solver.cc', 'line', 795)) | LineDeletion(('core/Solver.cc', 'line', 117)) | LineReplacement(('core/Solver.cc', 'line', 941), ('core/Solver.cc', 'line', 184)) | LineInsertion(('core/Solver.cc', '_inter_line', 234), ('core/Solver.cc', 'line', 558))
2023-06-24 16:50:29,051	[INFO]	58      SUCCESS               50.1445 (106.1%) [5 edit(s)] 
2023-06-24 16:51:30,483	[DEBUG]	LineInsertion(('core/Solver.cc', '_inter_line', 836), ('core/Solver.cc', 'line', 516)) | LineDeletion(('core/Solver.cc', 'line', 795)) | LineDeletion(('core/Solver.cc', 'line', 117)) | LineReplacement(('core/Solver.cc', 'line', 941), ('core/Solver.cc', 'line', 184)) | LineDeletion(('core/Solver.cc', 'line', 727))
2023-06-24 16:51:30,484	[INFO]	59      RUN_TIMEOUT           None  [5 edit(s)]       
2023-06-24 16:51:30,893	[DEBUG]	LineInsertion(('core/Solver.cc', '_inter_line', 836), ('core/Solver.cc', 'line', 516)) | LineDeletion(('core/Solver.cc', 'line', 795)) | LineDeletion(('core/Solver.cc', 'line', 117)) | LineReplacement(('core/Solver.cc', 'line', 941), ('core/Solver.cc', 'line', 184)) | LineReplacement(('core/Solver.cc', 'line', 440), ('core/Solver.cc', 'line', 686))
2023-06-24 16:51:30,893	[INFO]	60      COMPILE_CODE_ERROR    None  [5 edit(s)]       
2023-06-24 16:51:31,290	[DEBUG]	LineInsertion(('core/Solver.cc', '_inter_line', 836), ('core/Solver.cc', 'line', 516)) | LineDeletion(('core/Solver.cc', 'line', 795)) | LineDeletion(('core/Solver.cc', 'line', 117)) | LineReplacement(('core/Solver.cc', 'line', 941), ('core/Solver.cc', 'line', 184)) | LineInsertion(('core/Solver.cc', '_inter_line', 263), ('core/Solver.cc', 'line', 513))
2023-06-24 16:51:31,291	[INFO]	61      COMPILE_CODE_ERROR    None  [5 edit(s)]       
2023-06-24 16:52:32,666	[DEBUG]	LineInsertion(('core/Solver.cc', '_inter_line', 836), ('core/Solver.cc', 'line', 516)) | LineDeletion(('core/Solver.cc', 'line', 795)) | LineDeletion(('core/Solver.cc', 'line', 117)) | LineReplacement(('core/Solver.cc', 'line', 941), ('core/Solver.cc', 'line', 184)) | LineInsertion(('core/Solver.cc', '_inter_line', 140), ('core/Solver.cc', 'line', 795))
2023-06-24 16:52:32,666	[INFO]	62      RUN_TIMEOUT           None  [5 edit(s)]       
2023-06-24 16:52:33,054	[DEBUG]	LineInsertion(('core/Solver.cc', '_inter_line', 836), ('core/Solver.cc', 'line', 516)) | LineDeletion(('core/Solver.cc', 'line', 795)) | LineDeletion(('core/Solver.cc', 'line', 117)) | LineReplacement(('core/Solver.cc', 'line', 941), ('core/Solver.cc', 'line', 184)) | LineReplacement(('core/Solver.cc', 'line', 288), ('core/Solver.cc', 'line', 1038))
2023-06-24 16:52:33,055	[INFO]	63      COMPILE_CODE_ERROR    None  [5 edit(s)]       
2023-06-24 16:52:33,471	[DEBUG]	LineInsertion(('core/Solver.cc', '_inter_line', 836), ('core/Solver.cc', 'line', 516)) | LineDeletion(('core/Solver.cc', 'line', 795)) | LineDeletion(('core/Solver.cc', 'line', 117)) | LineReplacement(('core/Solver.cc', 'line', 941), ('core/Solver.cc', 'line', 184)) | LineDeletion(('core/Solver.cc', 'line', 347))
2023-06-24 16:52:33,472	[INFO]	64      COMPILE_CODE_ERROR    None  [5 edit(s)]       
2023-06-24 16:52:33,483	[DEBUG]	LineInsertion(('core/Solver.cc', '_inter_line', 836), ('core/Solver.cc', 'line', 516)) | LineDeletion(('core/Solver.cc', 'line', 795)) | LineDeletion(('core/Solver.cc', 'line', 117)) | LineReplacement(('core/Solver.cc', 'line', 941), ('core/Solver.cc', 'line', 184)) | LineReplacement(('core/Solver.cc', 'line', 12), ('core/Solver.cc', 'line', 624))
2023-06-24 16:52:33,483	[INFO]	65      SUCCESS              +42.1118 (89.11%) [5 edit(s)] 
2023-06-24 16:52:33,490	[DEBUG]	--- before: core/Solver.cc
+++ after: core/Solver.cc
@@ -115,7 +115,6 @@
   , propagation_budget (-1)
   , asynch_interrupt   (false)
 {
-    gS = lS = tS = N = cp = 0;
     LBD_cut = (int32_t)opt_lbd_cut;
     K = (double)opt_K;
     R = (double)opt_R;
@@ -793,7 +792,6 @@
                     if (adjust == 0) K = (double)opt_K;
                     LBD_cut = (int32_t)opt_lbd_cut + adjust;
                 }
-                core_added = 0;
             }
 
             Lit next = lit_Undef;
@@ -834,6 +832,7 @@
 {
     double  progress = 0;
     double  F = 1.0 / nVars();
+    CRef    confl     = CRef_Undef;
 
     for (int i = 0; i <= decisionLevel(); i++){
         int beg = i == 0 ? 0 : trail_lim[i - 1];
@@ -939,7 +938,7 @@
     for (int i = 0; i < c.size(); i++)
         if (value(c[i]) != l_False)
             fprintf(f, "%s%d ", sign(c[i]) ? "-" : "", mapVar(var(c[i]), map, max)+1);
-    fprintf(f, "0\n");
+
 }
 
 

2023-06-24 16:52:33,498	[DEBUG]	LineDeletion(('core/Solver.cc', 'line', 795)) | LineDeletion(('core/Solver.cc', 'line', 117)) | LineReplacement(('core/Solver.cc', 'line', 941), ('core/Solver.cc', 'line', 184)) | LineReplacement(('core/Solver.cc', 'line', 12), ('core/Solver.cc', 'line', 624))
2023-06-24 16:52:33,498	[INFO]	66      RUN_TIMEOUT           None  [4 edit(s)]       
2023-06-24 16:52:33,905	[DEBUG]	LineInsertion(('core/Solver.cc', '_inter_line', 836), ('core/Solver.cc', 'line', 516)) | LineDeletion(('core/Solver.cc', 'line', 795)) | LineDeletion(('core/Solver.cc', 'line', 117)) | LineReplacement(('core/Solver.cc', 'line', 941), ('core/Solver.cc', 'line', 184)) | LineReplacement(('core/Solver.cc', 'line', 12), ('core/Solver.cc', 'line', 624)) | LineInsertion(('core/Solver.cc', '_inter_line', 71), ('core/Solver.cc', 'line', 695))
2023-06-24 16:52:33,905	[INFO]	67      COMPILE_CODE_ERROR    None  [6 edit(s)]       
2023-06-24 16:52:34,307	[DEBUG]	LineInsertion(('core/Solver.cc', '_inter_line', 836), ('core/Solver.cc', 'line', 516)) | LineDeletion(('core/Solver.cc', 'line', 795)) | LineDeletion(('core/Solver.cc', 'line', 117)) | LineReplacement(('core/Solver.cc', 'line', 941), ('core/Solver.cc', 'line', 184)) | LineReplacement(('core/Solver.cc', 'line', 12), ('core/Solver.cc', 'line', 624)) | LineInsertion(('core/Solver.cc', '_inter_line', 394), ('core/Solver.cc', 'line', 342))
2023-06-24 16:52:34,308	[INFO]	68      COMPILE_CODE_ERROR    None  [6 edit(s)]       
2023-06-24 16:52:34,316	[DEBUG]	LineInsertion(('core/Solver.cc', '_inter_line', 836), ('core/Solver.cc', 'line', 516)) | LineDeletion(('core/Solver.cc', 'line', 795)) | LineReplacement(('core/Solver.cc', 'line', 941), ('core/Solver.cc', 'line', 184)) | LineReplacement(('core/Solver.cc', 'line', 12), ('core/Solver.cc', 'line', 624))
2023-06-24 16:52:34,316	[INFO]	69      SUCCESS               47.37 (100.23%) [4 edit(s)] 
2023-06-24 16:52:34,324	[DEBUG]	LineInsertion(('core/Solver.cc', '_inter_line', 836), ('core/Solver.cc', 'line', 516)) | LineDeletion(('core/Solver.cc', 'line', 117)) | LineReplacement(('core/Solver.cc', 'line', 941), ('core/Solver.cc', 'line', 184)) | LineReplacement(('core/Solver.cc', 'line', 12), ('core/Solver.cc', 'line', 624))
2023-06-24 16:52:34,324	[INFO]	70      RUN_TIMEOUT           None  [4 edit(s)]       
2023-06-24 16:52:34,331	[DEBUG]	LineInsertion(('core/Solver.cc', '_inter_line', 836), ('core/Solver.cc', 'line', 516)) | LineDeletion(('core/Solver.cc', 'line', 795)) | LineDeletion(('core/Solver.cc', 'line', 117)) | LineReplacement(('core/Solver.cc', 'line', 12), ('core/Solver.cc', 'line', 624))
2023-06-24 16:52:34,331	[INFO]	71      SUCCESS               46.2616 (97.89%) [4 edit(s)] 
2023-06-24 16:52:34,731	[DEBUG]	LineInsertion(('core/Solver.cc', '_inter_line', 836), ('core/Solver.cc', 'line', 516)) | LineDeletion(('core/Solver.cc', 'line', 795)) | LineDeletion(('core/Solver.cc', 'line', 117)) | LineReplacement(('core/Solver.cc', 'line', 941), ('core/Solver.cc', 'line', 184)) | LineReplacement(('core/Solver.cc', 'line', 12), ('core/Solver.cc', 'line', 624)) | LineDeletion(('core/Solver.cc', 'line', 561))
2023-06-24 16:52:34,732	[INFO]	72      COMPILE_CODE_ERROR    None  [6 edit(s)]       
2023-06-24 16:52:35,130	[DEBUG]	LineInsertion(('core/Solver.cc', '_inter_line', 836), ('core/Solver.cc', 'line', 516)) | LineDeletion(('core/Solver.cc', 'line', 795)) | LineDeletion(('core/Solver.cc', 'line', 117)) | LineReplacement(('core/Solver.cc', 'line', 941), ('core/Solver.cc', 'line', 184)) | LineReplacement(('core/Solver.cc', 'line', 12), ('core/Solver.cc', 'line', 624)) | LineReplacement(('core/Solver.cc', 'line', 896), ('core/Solver.cc', 'line', 956))
2023-06-24 16:52:35,131	[INFO]	73      COMPILE_CODE_ERROR    None  [6 edit(s)]       
2023-06-24 16:52:35,537	[DEBUG]	LineInsertion(('core/Solver.cc', '_inter_line', 836), ('core/Solver.cc', 'line', 516)) | LineDeletion(('core/Solver.cc', 'line', 795)) | LineDeletion(('core/Solver.cc', 'line', 117)) | LineReplacement(('core/Solver.cc', 'line', 941), ('core/Solver.cc', 'line', 184)) | LineReplacement(('core/Solver.cc', 'line', 12), ('core/Solver.cc', 'line', 624)) | LineInsertion(('core/Solver.cc', '_inter_line', 127), ('core/Solver.cc', 'line', 928))
2023-06-24 16:52:35,537	[INFO]	74      COMPILE_CODE_ERROR    None  [6 edit(s)]       
2023-06-24 16:52:35,940	[DEBUG]	LineInsertion(('core/Solver.cc', '_inter_line', 836), ('core/Solver.cc', 'line', 516)) | LineDeletion(('core/Solver.cc', 'line', 795)) | LineDeletion(('core/Solver.cc', 'line', 117)) | LineReplacement(('core/Solver.cc', 'line', 941), ('core/Solver.cc', 'line', 184)) | LineReplacement(('core/Solver.cc', 'line', 12), ('core/Solver.cc', 'line', 624)) | LineInsertion(('core/Solver.cc', '_inter_line', 469), ('core/Solver.cc', 'line', 24))
2023-06-24 16:52:35,940	[INFO]	75      COMPILE_CODE_ERROR    None  [6 edit(s)]       
2023-06-24 16:52:36,353	[DEBUG]	LineInsertion(('core/Solver.cc', '_inter_line', 836), ('core/Solver.cc', 'line', 516)) | LineDeletion(('core/Solver.cc', 'line', 795)) | LineDeletion(('core/Solver.cc', 'line', 117)) | LineReplacement(('core/Solver.cc', 'line', 941), ('core/Solver.cc', 'line', 184)) | LineReplacement(('core/Solver.cc', 'line', 12), ('core/Solver.cc', 'line', 624)) | LineReplacement(('core/Solver.cc', 'line', 514), ('core/Solver.cc', 'line', 1008))
2023-06-24 16:52:36,353	[INFO]	76      COMPILE_CODE_ERROR    None  [6 edit(s)]       
2023-06-24 16:53:24,844	[DEBUG]	LineInsertion(('core/Solver.cc', '_inter_line', 836), ('core/Solver.cc', 'line', 516)) | LineDeletion(('core/Solver.cc', 'line', 795)) | LineDeletion(('core/Solver.cc', 'line', 117)) | LineReplacement(('core/Solver.cc', 'line', 941), ('core/Solver.cc', 'line', 184)) | LineReplacement(('core/Solver.cc', 'line', 12), ('core/Solver.cc', 'line', 624)) | LineDeletion(('core/Solver.cc', 'line', 224))
2023-06-24 16:53:24,844	[INFO]	77      SUCCESS               45.2535 (95.75%) [6 edit(s)] 
2023-06-24 16:54:19,612	[DEBUG]	LineInsertion(('core/Solver.cc', '_inter_line', 836), ('core/Solver.cc', 'line', 516)) | LineDeletion(('core/Solver.cc', 'line', 795)) | LineDeletion(('core/Solver.cc', 'line', 117)) | LineReplacement(('core/Solver.cc', 'line', 941), ('core/Solver.cc', 'line', 184)) | LineReplacement(('core/Solver.cc', 'line', 12), ('core/Solver.cc', 'line', 624)) | LineDeletion(('core/Solver.cc', 'line', 274))
2023-06-24 16:54:19,613	[INFO]	78      SUCCESS               51.6546 (109.3%) [6 edit(s)] 
2023-06-24 16:55:20,876	[DEBUG]	LineInsertion(('core/Solver.cc', '_inter_line', 836), ('core/Solver.cc', 'line', 516)) | LineDeletion(('core/Solver.cc', 'line', 795)) | LineDeletion(('core/Solver.cc', 'line', 117)) | LineReplacement(('core/Solver.cc', 'line', 941), ('core/Solver.cc', 'line', 184)) | LineReplacement(('core/Solver.cc', 'line', 12), ('core/Solver.cc', 'line', 624)) | LineDeletion(('core/Solver.cc', 'line', 109))
2023-06-24 16:55:20,876	[INFO]	79      RUN_TIMEOUT           None  [6 edit(s)]       
2023-06-24 16:55:21,267	[DEBUG]	LineInsertion(('core/Solver.cc', '_inter_line', 836), ('core/Solver.cc', 'line', 516)) | LineDeletion(('core/Solver.cc', 'line', 795)) | LineDeletion(('core/Solver.cc', 'line', 117)) | LineReplacement(('core/Solver.cc', 'line', 941), ('core/Solver.cc', 'line', 184)) | LineReplacement(('core/Solver.cc', 'line', 12), ('core/Solver.cc', 'line', 624)) | LineReplacement(('core/Solver.cc', 'line', 492), ('core/Solver.cc', 'line', 351))
2023-06-24 16:55:21,267	[INFO]	80      COMPILE_CODE_ERROR    None  [6 edit(s)]       
2023-06-24 16:55:21,276	[DEBUG]	LineInsertion(('core/Solver.cc', '_inter_line', 836), ('core/Solver.cc', 'line', 516)) | LineDeletion(('core/Solver.cc', 'line', 795)) | LineDeletion(('core/Solver.cc', 'line', 117)) | LineReplacement(('core/Solver.cc', 'line', 941), ('core/Solver.cc', 'line', 184))
2023-06-24 16:55:21,276	[INFO]	81      SUCCESS              +42.1118 (89.11%) [4 edit(s)] 
2023-06-24 16:55:21,284	[DEBUG]	--- before: core/Solver.cc
+++ after: core/Solver.cc
@@ -115,7 +115,6 @@
   , propagation_budget (-1)
   , asynch_interrupt   (false)
 {
-    gS = lS = tS = N = cp = 0;
     LBD_cut = (int32_t)opt_lbd_cut;
     K = (double)opt_K;
     R = (double)opt_R;
@@ -793,7 +792,6 @@
                     if (adjust == 0) K = (double)opt_K;
                     LBD_cut = (int32_t)opt_lbd_cut + adjust;
                 }
-                core_added = 0;
             }
 
             Lit next = lit_Undef;
@@ -834,6 +832,7 @@
 {
     double  progress = 0;
     double  F = 1.0 / nVars();
+    CRef    confl     = CRef_Undef;
 
     for (int i = 0; i <= decisionLevel(); i++){
         int beg = i == 0 ? 0 : trail_lim[i - 1];
@@ -939,7 +938,7 @@
     for (int i = 0; i < c.size(); i++)
         if (value(c[i]) != l_False)
             fprintf(f, "%s%d ", sign(c[i]) ? "-" : "", mapVar(var(c[i]), map, max)+1);
-    fprintf(f, "0\n");
+
 }
 
 

2023-06-24 16:55:21,291	[DEBUG]	LineInsertion(('core/Solver.cc', '_inter_line', 836), ('core/Solver.cc', 'line', 516)) | LineDeletion(('core/Solver.cc', 'line', 795)) | LineReplacement(('core/Solver.cc', 'line', 941), ('core/Solver.cc', 'line', 184))
2023-06-24 16:55:21,291	[INFO]	82      SUCCESS               47.37 (100.23%) [3 edit(s)] 
2023-06-24 16:55:21,298	[DEBUG]	LineDeletion(('core/Solver.cc', 'line', 795)) | LineDeletion(('core/Solver.cc', 'line', 117)) | LineReplacement(('core/Solver.cc', 'line', 941), ('core/Solver.cc', 'line', 184))
2023-06-24 16:55:21,298	[INFO]	83      RUN_TIMEOUT           None  [3 edit(s)]       
2023-06-24 16:55:21,306	[DEBUG]	LineInsertion(('core/Solver.cc', '_inter_line', 836), ('core/Solver.cc', 'line', 516)) | LineDeletion(('core/Solver.cc', 'line', 117)) | LineReplacement(('core/Solver.cc', 'line', 941), ('core/Solver.cc', 'line', 184))
2023-06-24 16:55:21,306	[INFO]	84      RUN_TIMEOUT           None  [3 edit(s)]       
2023-06-24 16:55:21,314	[DEBUG]	LineInsertion(('core/Solver.cc', '_inter_line', 836), ('core/Solver.cc', 'line', 516)) | LineDeletion(('core/Solver.cc', 'line', 795)) | LineDeletion(('core/Solver.cc', 'line', 117))
2023-06-24 16:55:21,314	[INFO]	85      SUCCESS               46.2616 (97.89%) [3 edit(s)] 
2023-06-24 16:55:21,698	[DEBUG]	LineInsertion(('core/Solver.cc', '_inter_line', 836), ('core/Solver.cc', 'line', 516)) | LineDeletion(('core/Solver.cc', 'line', 795)) | LineDeletion(('core/Solver.cc', 'line', 117)) | LineReplacement(('core/Solver.cc', 'line', 941), ('core/Solver.cc', 'line', 184)) | LineReplacement(('core/Solver.cc', 'line', 873), ('core/Solver.cc', 'line', 699))
2023-06-24 16:55:21,698	[INFO]	86      COMPILE_CODE_ERROR    None  [5 edit(s)]       
2023-06-24 16:56:23,701	[DEBUG]	LineInsertion(('core/Solver.cc', '_inter_line', 836), ('core/Solver.cc', 'line', 516)) | LineDeletion(('core/Solver.cc', 'line', 795)) | LineDeletion(('core/Solver.cc', 'line', 117)) | LineReplacement(('core/Solver.cc', 'line', 941), ('core/Solver.cc', 'line', 184)) | LineReplacement(('core/Solver.cc', 'line', 720), ('core/Solver.cc', 'line', 707))
2023-06-24 16:56:23,701	[INFO]	87      RUN_TIMEOUT           None  [5 edit(s)]       
2023-06-24 16:57:11,308	[DEBUG]	LineInsertion(('core/Solver.cc', '_inter_line', 836), ('core/Solver.cc', 'line', 516)) | LineDeletion(('core/Solver.cc', 'line', 795)) | LineDeletion(('core/Solver.cc', 'line', 117)) | LineReplacement(('core/Solver.cc', 'line', 941), ('core/Solver.cc', 'line', 184)) | LineDeletion(('core/Solver.cc', 'line', 571))
2023-06-24 16:57:11,308	[INFO]	88      SUCCESS               44.4659 (94.09%) [5 edit(s)] 
2023-06-24 16:57:57,943	[DEBUG]	LineInsertion(('core/Solver.cc', '_inter_line', 836), ('core/Solver.cc', 'line', 516)) | LineDeletion(('core/Solver.cc', 'line', 795)) | LineDeletion(('core/Solver.cc', 'line', 117)) | LineReplacement(('core/Solver.cc', 'line', 941), ('core/Solver.cc', 'line', 184)) | LineDeletion(('core/Solver.cc', 'line', 335))
2023-06-24 16:57:57,944	[INFO]	89      SUCCESS               43.5056 (92.06%) [5 edit(s)] 
2023-06-24 16:57:58,307	[DEBUG]	LineInsertion(('core/Solver.cc', '_inter_line', 836), ('core/Solver.cc', 'line', 516)) | LineDeletion(('core/Solver.cc', 'line', 795)) | LineDeletion(('core/Solver.cc', 'line', 117)) | LineReplacement(('core/Solver.cc', 'line', 941), ('core/Solver.cc', 'line', 184)) | LineReplacement(('core/Solver.cc', 'line', 566), ('core/Solver.cc', 'line', 541))
2023-06-24 16:57:58,307	[INFO]	90      COMPILE_CODE_ERROR    None  [5 edit(s)]       
2023-06-24 16:57:58,701	[DEBUG]	LineInsertion(('core/Solver.cc', '_inter_line', 836), ('core/Solver.cc', 'line', 516)) | LineDeletion(('core/Solver.cc', 'line', 795)) | LineDeletion(('core/Solver.cc', 'line', 117)) | LineReplacement(('core/Solver.cc', 'line', 941), ('core/Solver.cc', 'line', 184)) | LineInsertion(('core/Solver.cc', '_inter_line', 258), ('core/Solver.cc', 'line', 968))
2023-06-24 16:57:58,702	[INFO]	91      COMPILE_CODE_ERROR    None  [5 edit(s)]       
2023-06-24 16:58:43,869	[DEBUG]	LineInsertion(('core/Solver.cc', '_inter_line', 836), ('core/Solver.cc', 'line', 516)) | LineDeletion(('core/Solver.cc', 'line', 795)) | LineDeletion(('core/Solver.cc', 'line', 117)) | LineReplacement(('core/Solver.cc', 'line', 941), ('core/Solver.cc', 'line', 184)) | LineInsertion(('core/Solver.cc', '_inter_line', 328), ('core/Solver.cc', 'line', 38))
2023-06-24 16:58:43,869	[INFO]	92      SUCCESS              *41.9598 (88.78%) [5 edit(s)] 
2023-06-24 16:58:43,878	[DEBUG]	--- before: core/Solver.cc
+++ after: core/Solver.cc
@@ -115,7 +115,6 @@
   , propagation_budget (-1)
   , asynch_interrupt   (false)
 {
-    gS = lS = tS = N = cp = 0;
     LBD_cut = (int32_t)opt_lbd_cut;
     K = (double)opt_K;
     R = (double)opt_R;
@@ -326,6 +325,7 @@
     int index   = trail.size() - 1;
 
     do{
+
         assert(confl != CRef_Undef); // (otherwise should be UIP)
         Clause& c = ca[confl];
 
@@ -793,7 +793,6 @@
                     if (adjust == 0) K = (double)opt_K;
                     LBD_cut = (int32_t)opt_lbd_cut + adjust;
                 }
-                core_added = 0;
             }
 
             Lit next = lit_Undef;
@@ -834,6 +833,7 @@
 {
     double  progress = 0;
     double  F = 1.0 / nVars();
+    CRef    confl     = CRef_Undef;
 
     for (int i = 0; i <= decisionLevel(); i++){
         int beg = i == 0 ? 0 : trail_lim[i - 1];
@@ -939,7 +939,7 @@
     for (int i = 0; i < c.size(); i++)
         if (value(c[i]) != l_False)
             fprintf(f, "%s%d ", sign(c[i]) ? "-" : "", mapVar(var(c[i]), map, max)+1);
-    fprintf(f, "0\n");
+
 }
 
 

2023-06-24 16:58:47,322	[DEBUG]	LineInsertion(('core/Solver.cc', '_inter_line', 836), ('core/Solver.cc', 'line', 516)) | LineDeletion(('core/Solver.cc', 'line', 795)) | LineDeletion(('core/Solver.cc', 'line', 117)) | LineReplacement(('core/Solver.cc', 'line', 941), ('core/Solver.cc', 'line', 184)) | LineInsertion(('core/Solver.cc', '_inter_line', 328), ('core/Solver.cc', 'line', 38)) | LineInsertion(('core/Solver.cc', '_inter_line', 331), ('core/Solver.cc', 'line', 767))
2023-06-24 16:58:47,322	[INFO]	93      RUN_CODE_ERROR        None  [6 edit(s)]       
2023-06-24 16:59:48,703	[DEBUG]	LineInsertion(('core/Solver.cc', '_inter_line', 836), ('core/Solver.cc', 'line', 516)) | LineDeletion(('core/Solver.cc', 'line', 795)) | LineDeletion(('core/Solver.cc', 'line', 117)) | LineReplacement(('core/Solver.cc', 'line', 941), ('core/Solver.cc', 'line', 184)) | LineInsertion(('core/Solver.cc', '_inter_line', 328), ('core/Solver.cc', 'line', 38)) | LineInsertion(('core/Solver.cc', '_inter_line', 435), ('core/Solver.cc', 'line', 131))
2023-06-24 16:59:48,704	[INFO]	94      RUN_TIMEOUT           None  [6 edit(s)]       
2023-06-24 16:59:48,720	[DEBUG]	LineInsertion(('core/Solver.cc', '_inter_line', 836), ('core/Solver.cc', 'line', 516)) | LineDeletion(('core/Solver.cc', 'line', 795)) | LineDeletion(('core/Solver.cc', 'line', 117)) | LineReplacement(('core/Solver.cc', 'line', 941), ('core/Solver.cc', 'line', 184))
2023-06-24 16:59:48,720	[INFO]	95      SUCCESS               42.1118 (89.11%) [4 edit(s)] 
2023-06-24 16:59:49,151	[DEBUG]	LineInsertion(('core/Solver.cc', '_inter_line', 836), ('core/Solver.cc', 'line', 516)) | LineDeletion(('core/Solver.cc', 'line', 795)) | LineDeletion(('core/Solver.cc', 'line', 117)) | LineReplacement(('core/Solver.cc', 'line', 941), ('core/Solver.cc', 'line', 184)) | LineInsertion(('core/Solver.cc', '_inter_line', 328), ('core/Solver.cc', 'line', 38)) | LineInsertion(('core/Solver.cc', '_inter_line', 875), ('core/Solver.cc', 'line', 974))
2023-06-24 16:59:49,151	[INFO]	96      COMPILE_CODE_ERROR    None  [6 edit(s)]       
2023-06-24 17:00:39,513	[DEBUG]	LineInsertion(('core/Solver.cc', '_inter_line', 836), ('core/Solver.cc', 'line', 516)) | LineDeletion(('core/Solver.cc', 'line', 795)) | LineDeletion(('core/Solver.cc', 'line', 117)) | LineReplacement(('core/Solver.cc', 'line', 941), ('core/Solver.cc', 'line', 184)) | LineInsertion(('core/Solver.cc', '_inter_line', 328), ('core/Solver.cc', 'line', 38)) | LineDeletion(('core/Solver.cc', 'line', 600))
2023-06-24 17:00:39,514	[INFO]	97      SUCCESS               47.1722 (99.81%) [6 edit(s)] 
2023-06-24 17:01:28,316	[DEBUG]	LineDeletion(('core/Solver.cc', 'line', 795)) | LineDeletion(('core/Solver.cc', 'line', 117)) | LineReplacement(('core/Solver.cc', 'line', 941), ('core/Solver.cc', 'line', 184)) | LineInsertion(('core/Solver.cc', '_inter_line', 328), ('core/Solver.cc', 'line', 38))
2023-06-24 17:01:28,316	[INFO]	98      SUCCESS               44.5502 (94.27%) [4 edit(s)] 
2023-06-24 17:02:13,243	[DEBUG]	LineInsertion(('core/Solver.cc', '_inter_line', 836), ('core/Solver.cc', 'line', 516)) | LineDeletion(('core/Solver.cc', 'line', 795)) | LineDeletion(('core/Solver.cc', 'line', 117)) | LineInsertion(('core/Solver.cc', '_inter_line', 328), ('core/Solver.cc', 'line', 38))
2023-06-24 17:02:13,243	[INFO]	99      SUCCESS              *41.784 (88.41%) [4 edit(s)] 
2023-06-24 17:02:13,251	[DEBUG]	--- before: core/Solver.cc
+++ after: core/Solver.cc
@@ -115,7 +115,6 @@
   , propagation_budget (-1)
   , asynch_interrupt   (false)
 {
-    gS = lS = tS = N = cp = 0;
     LBD_cut = (int32_t)opt_lbd_cut;
     K = (double)opt_K;
     R = (double)opt_R;
@@ -326,6 +325,7 @@
     int index   = trail.size() - 1;
 
     do{
+
         assert(confl != CRef_Undef); // (otherwise should be UIP)
         Clause& c = ca[confl];
 
@@ -793,7 +793,6 @@
                     if (adjust == 0) K = (double)opt_K;
                     LBD_cut = (int32_t)opt_lbd_cut + adjust;
                 }
-                core_added = 0;
             }
 
             Lit next = lit_Undef;
@@ -834,6 +833,7 @@
 {
     double  progress = 0;
     double  F = 1.0 / nVars();
+    CRef    confl     = CRef_Undef;
 
     for (int i = 0; i <= decisionLevel(); i++){
         int beg = i == 0 ? 0 : trail_lim[i - 1];

2023-06-24 17:02:13,650	[DEBUG]	LineInsertion(('core/Solver.cc', '_inter_line', 836), ('core/Solver.cc', 'line', 516)) | LineDeletion(('core/Solver.cc', 'line', 795)) | LineDeletion(('core/Solver.cc', 'line', 117)) | LineInsertion(('core/Solver.cc', '_inter_line', 328), ('core/Solver.cc', 'line', 38)) | LineReplacement(('core/Solver.cc', 'line', 175), ('core/Solver.cc', 'line', 249))
2023-06-24 17:02:13,650	[INFO]	100     COMPILE_CODE_ERROR    None  [5 edit(s)]       
2023-06-24 17:02:14,052	[DEBUG]	LineInsertion(('core/Solver.cc', '_inter_line', 836), ('core/Solver.cc', 'line', 516)) | LineDeletion(('core/Solver.cc', 'line', 795)) | LineDeletion(('core/Solver.cc', 'line', 117)) | LineInsertion(('core/Solver.cc', '_inter_line', 328), ('core/Solver.cc', 'line', 38)) | LineDeletion(('core/Solver.cc', 'line', 729))
2023-06-24 17:02:14,052	[INFO]	101     COMPILE_CODE_ERROR    None  [5 edit(s)]       
2023-06-24 17:02:14,451	[DEBUG]	LineInsertion(('core/Solver.cc', '_inter_line', 836), ('core/Solver.cc', 'line', 516)) | LineDeletion(('core/Solver.cc', 'line', 795)) | LineDeletion(('core/Solver.cc', 'line', 117)) | LineInsertion(('core/Solver.cc', '_inter_line', 328), ('core/Solver.cc', 'line', 38)) | LineDeletion(('core/Solver.cc', 'line', 1036))
2023-06-24 17:02:14,452	[INFO]	102     COMPILE_CODE_ERROR    None  [5 edit(s)]       
2023-06-24 17:02:14,854	[DEBUG]	LineInsertion(('core/Solver.cc', '_inter_line', 836), ('core/Solver.cc', 'line', 516)) | LineDeletion(('core/Solver.cc', 'line', 795)) | LineDeletion(('core/Solver.cc', 'line', 117)) | LineInsertion(('core/Solver.cc', '_inter_line', 328), ('core/Solver.cc', 'line', 38)) | LineDeletion(('core/Solver.cc', 'line', 282))
2023-06-24 17:02:14,854	[INFO]	103     COMPILE_CODE_ERROR    None  [5 edit(s)]       
2023-06-24 17:02:14,862	[DEBUG]	LineInsertion(('core/Solver.cc', '_inter_line', 836), ('core/Solver.cc', 'line', 516)) | LineDeletion(('core/Solver.cc', 'line', 795)) | LineDeletion(('core/Solver.cc', 'line', 117))
2023-06-24 17:02:14,863	[INFO]	104     SUCCESS               46.2616 (97.89%) [3 edit(s)] 
2023-06-24 17:03:06,927	[DEBUG]	LineDeletion(('core/Solver.cc', 'line', 795)) | LineDeletion(('core/Solver.cc', 'line', 117)) | LineInsertion(('core/Solver.cc', '_inter_line', 328), ('core/Solver.cc', 'line', 38))
2023-06-24 17:03:06,928	[INFO]	105     SUCCESS               48.8918 (103.45%) [3 edit(s)] 
2023-06-24 17:03:06,937	[DEBUG]	LineInsertion(('core/Solver.cc', '_inter_line', 836), ('core/Solver.cc', 'line', 516)) | LineDeletion(('core/Solver.cc', 'line', 795)) | LineDeletion(('core/Solver.cc', 'line', 117)) | LineInsertion(('core/Solver.cc', '_inter_line', 328), ('core/Solver.cc', 'line', 38)) | LineDeletion(('core/Solver.cc', 'line', 729))
2023-06-24 17:03:06,937	[INFO]	106     COMPILE_CODE_ERROR    None  [5 edit(s)]       
2023-06-24 17:03:57,844	[DEBUG]	LineInsertion(('core/Solver.cc', '_inter_line', 836), ('core/Solver.cc', 'line', 516)) | LineDeletion(('core/Solver.cc', 'line', 117)) | LineInsertion(('core/Solver.cc', '_inter_line', 328), ('core/Solver.cc', 'line', 38))
2023-06-24 17:03:57,844	[INFO]	107     SUCCESS               47.732 (101.0%) [3 edit(s)] 
2023-06-24 17:03:58,257	[DEBUG]	LineInsertion(('core/Solver.cc', '_inter_line', 836), ('core/Solver.cc', 'line', 516)) | LineDeletion(('core/Solver.cc', 'line', 795)) | LineDeletion(('core/Solver.cc', 'line', 117)) | LineInsertion(('core/Solver.cc', '_inter_line', 328), ('core/Solver.cc', 'line', 38)) | LineInsertion(('core/Solver.cc', '_inter_line', 725), ('core/Solver.cc', 'line', 863))
2023-06-24 17:03:58,257	[INFO]	108     COMPILE_CODE_ERROR    None  [5 edit(s)]       
2023-06-24 17:04:59,616	[DEBUG]	LineInsertion(('core/Solver.cc', '_inter_line', 836), ('core/Solver.cc', 'line', 516)) | LineDeletion(('core/Solver.cc', 'line', 795)) | LineDeletion(('core/Solver.cc', 'line', 117)) | LineInsertion(('core/Solver.cc', '_inter_line', 328), ('core/Solver.cc', 'line', 38)) | LineReplacement(('core/Solver.cc', 'line', 383), ('core/Solver.cc', 'line', 390))
2023-06-24 17:04:59,617	[INFO]	109     RUN_TIMEOUT           None  [5 edit(s)]       
2023-06-24 17:05:47,262	[DEBUG]	LineInsertion(('core/Solver.cc', '_inter_line', 836), ('core/Solver.cc', 'line', 516)) | LineDeletion(('core/Solver.cc', 'line', 795)) | LineDeletion(('core/Solver.cc', 'line', 117)) | LineInsertion(('core/Solver.cc', '_inter_line', 328), ('core/Solver.cc', 'line', 38)) | LineInsertion(('core/Solver.cc', '_inter_line', 434), ('core/Solver.cc', 'line', 764))
2023-06-24 17:05:47,262	[INFO]	110     SUCCESS               44.4337 (94.02%) [5 edit(s)] 
2023-06-24 17:05:47,666	[DEBUG]	LineInsertion(('core/Solver.cc', '_inter_line', 836), ('core/Solver.cc', 'line', 516)) | LineDeletion(('core/Solver.cc', 'line', 795)) | LineDeletion(('core/Solver.cc', 'line', 117)) | LineInsertion(('core/Solver.cc', '_inter_line', 328), ('core/Solver.cc', 'line', 38)) | LineReplacement(('core/Solver.cc', 'line', 486), ('core/Solver.cc', 'line', 750))
2023-06-24 17:05:47,666	[INFO]	111     COMPILE_CODE_ERROR    None  [5 edit(s)]       
2023-06-24 17:06:34,306	[DEBUG]	LineInsertion(('core/Solver.cc', '_inter_line', 836), ('core/Solver.cc', 'line', 516)) | LineDeletion(('core/Solver.cc', 'line', 795)) | LineDeletion(('core/Solver.cc', 'line', 117)) | LineInsertion(('core/Solver.cc', '_inter_line', 328), ('core/Solver.cc', 'line', 38)) | LineInsertion(('core/Solver.cc', '_inter_line', 314), ('core/Solver.cc', 'line', 333))
2023-06-24 17:06:34,306	[INFO]	112     SUCCESS               43.4032 (91.84%) [5 edit(s)] 
2023-06-24 17:06:34,704	[DEBUG]	LineInsertion(('core/Solver.cc', '_inter_line', 836), ('core/Solver.cc', 'line', 516)) | LineDeletion(('core/Solver.cc', 'line', 795)) | LineDeletion(('core/Solver.cc', 'line', 117)) | LineInsertion(('core/Solver.cc', '_inter_line', 328), ('core/Solver.cc', 'line', 38)) | LineDeletion(('core/Solver.cc', 'line', 598))
2023-06-24 17:06:34,704	[INFO]	113     COMPILE_CODE_ERROR    None  [5 edit(s)]       
2023-06-24 17:07:24,950	[DEBUG]	LineInsertion(('core/Solver.cc', '_inter_line', 836), ('core/Solver.cc', 'line', 516)) | LineDeletion(('core/Solver.cc', 'line', 795)) | LineDeletion(('core/Solver.cc', 'line', 117)) | LineInsertion(('core/Solver.cc', '_inter_line', 328), ('core/Solver.cc', 'line', 38)) | LineDeletion(('core/Solver.cc', 'line', 453))
2023-06-24 17:07:24,950	[INFO]	114     SUCCESS               47.1186 (99.7%) [5 edit(s)] 
2023-06-24 17:08:15,617	[DEBUG]	LineInsertion(('core/Solver.cc', '_inter_line', 836), ('core/Solver.cc', 'line', 516)) | LineDeletion(('core/Solver.cc', 'line', 795)) | LineInsertion(('core/Solver.cc', '_inter_line', 328), ('core/Solver.cc', 'line', 38))
2023-06-24 17:08:15,617	[INFO]	115     SUCCESS               47.5009 (100.51%) [3 edit(s)] 
2023-06-24 17:08:16,029	[DEBUG]	LineInsertion(('core/Solver.cc', '_inter_line', 836), ('core/Solver.cc', 'line', 516)) | LineDeletion(('core/Solver.cc', 'line', 795)) | LineDeletion(('core/Solver.cc', 'line', 117)) | LineInsertion(('core/Solver.cc', '_inter_line', 328), ('core/Solver.cc', 'line', 38)) | LineInsertion(('core/Solver.cc', '_inter_line', 881), ('core/Solver.cc', 'line', 285))
2023-06-24 17:08:16,029	[INFO]	116     COMPILE_CODE_ERROR    None  [5 edit(s)]       
2023-06-24 17:08:16,433	[DEBUG]	LineInsertion(('core/Solver.cc', '_inter_line', 836), ('core/Solver.cc', 'line', 516)) | LineDeletion(('core/Solver.cc', 'line', 795)) | LineDeletion(('core/Solver.cc', 'line', 117)) | LineInsertion(('core/Solver.cc', '_inter_line', 328), ('core/Solver.cc', 'line', 38)) | LineReplacement(('core/Solver.cc', 'line', 884), ('core/Solver.cc', 'line', 649))
2023-06-24 17:08:16,434	[INFO]	117     COMPILE_CODE_ERROR    None  [5 edit(s)]       
2023-06-24 17:09:06,234	[DEBUG]	LineInsertion(('core/Solver.cc', '_inter_line', 836), ('core/Solver.cc', 'line', 516)) | LineDeletion(('core/Solver.cc', 'line', 795)) | LineDeletion(('core/Solver.cc', 'line', 117)) | LineInsertion(('core/Solver.cc', '_inter_line', 328), ('core/Solver.cc', 'line', 38)) | LineDeletion(('core/Solver.cc', 'line', 168))
2023-06-24 17:09:06,234	[INFO]	118     SUCCESS               46.6119 (98.63%) [5 edit(s)] 
2023-06-24 17:09:06,625	[DEBUG]	LineInsertion(('core/Solver.cc', '_inter_line', 836), ('core/Solver.cc', 'line', 516)) | LineDeletion(('core/Solver.cc', 'line', 795)) | LineDeletion(('core/Solver.cc', 'line', 117)) | LineInsertion(('core/Solver.cc', '_inter_line', 328), ('core/Solver.cc', 'line', 38)) | LineInsertion(('core/Solver.cc', '_inter_line', 452), ('core/Solver.cc', 'line', 72))
2023-06-24 17:09:06,625	[INFO]	119     COMPILE_CODE_ERROR    None  [5 edit(s)]       
2023-06-24 17:09:51,825	[DEBUG]	LineInsertion(('core/Solver.cc', '_inter_line', 836), ('core/Solver.cc', 'line', 516)) | LineDeletion(('core/Solver.cc', 'line', 795)) | LineDeletion(('core/Solver.cc', 'line', 117)) | LineInsertion(('core/Solver.cc', '_inter_line', 328), ('core/Solver.cc', 'line', 38)) | LineInsertion(('core/Solver.cc', '_inter_line', 676), ('core/Solver.cc', 'line', 933))
2023-06-24 17:09:51,825	[INFO]	120     SUCCESS               42.0308 (88.93%) [5 edit(s)] 
2023-06-24 17:10:43,602	[DEBUG]	LineInsertion(('core/Solver.cc', '_inter_line', 836), ('core/Solver.cc', 'line', 516)) | LineDeletion(('core/Solver.cc', 'line', 795)) | LineDeletion(('core/Solver.cc', 'line', 117)) | LineInsertion(('core/Solver.cc', '_inter_line', 328), ('core/Solver.cc', 'line', 38)) | LineDeletion(('core/Solver.cc', 'line', 118))
2023-06-24 17:10:43,602	[INFO]	121     SUCCESS               48.6169 (102.87%) [5 edit(s)] 
2023-06-24 17:11:30,867	[DEBUG]	LineInsertion(('core/Solver.cc', '_inter_line', 836), ('core/Solver.cc', 'line', 516)) | LineDeletion(('core/Solver.cc', 'line', 795)) | LineDeletion(('core/Solver.cc', 'line', 117)) | LineInsertion(('core/Solver.cc', '_inter_line', 328), ('core/Solver.cc', 'line', 38)) | LineInsertion(('core/Solver.cc', '_inter_line', 9), ('core/Solver.cc', 'line', 296))
2023-06-24 17:11:30,868	[INFO]	122     SUCCESS               44.1015 (93.32%) [5 edit(s)] 
2023-06-24 17:12:21,017	[DEBUG]	LineInsertion(('core/Solver.cc', '_inter_line', 836), ('core/Solver.cc', 'line', 516)) | LineDeletion(('core/Solver.cc', 'line', 795)) | LineDeletion(('core/Solver.cc', 'line', 117)) | LineInsertion(('core/Solver.cc', '_inter_line', 328), ('core/Solver.cc', 'line', 38)) | LineDeletion(('core/Solver.cc', 'line', 659))
2023-06-24 17:12:21,018	[INFO]	123     SUCCESS               46.9282 (99.3%) [5 edit(s)] 
2023-06-24 17:12:21,419	[DEBUG]	LineInsertion(('core/Solver.cc', '_inter_line', 836), ('core/Solver.cc', 'line', 516)) | LineDeletion(('core/Solver.cc', 'line', 795)) | LineDeletion(('core/Solver.cc', 'line', 117)) | LineInsertion(('core/Solver.cc', '_inter_line', 328), ('core/Solver.cc', 'line', 38)) | LineReplacement(('core/Solver.cc', 'line', 909), ('core/Solver.cc', 'line', 672))
2023-06-24 17:12:21,420	[INFO]	124     COMPILE_CODE_ERROR    None  [5 edit(s)]       
2023-06-24 17:12:24,850	[DEBUG]	LineInsertion(('core/Solver.cc', '_inter_line', 836), ('core/Solver.cc', 'line', 516)) | LineDeletion(('core/Solver.cc', 'line', 795)) | LineDeletion(('core/Solver.cc', 'line', 117)) | LineInsertion(('core/Solver.cc', '_inter_line', 328), ('core/Solver.cc', 'line', 38)) | LineDeletion(('core/Solver.cc', 'line', 1014))
2023-06-24 17:12:24,851	[INFO]	125     RUN_CODE_ERROR        None  [5 edit(s)]       
2023-06-24 17:13:26,669	[DEBUG]	LineInsertion(('core/Solver.cc', '_inter_line', 836), ('core/Solver.cc', 'line', 516)) | LineDeletion(('core/Solver.cc', 'line', 795)) | LineDeletion(('core/Solver.cc', 'line', 117)) | LineInsertion(('core/Solver.cc', '_inter_line', 328), ('core/Solver.cc', 'line', 38)) | LineDeletion(('core/Solver.cc', 'line', 269))
2023-06-24 17:13:26,669	[INFO]	126     RUN_TIMEOUT           None  [5 edit(s)]       
2023-06-24 17:14:19,711	[DEBUG]	LineInsertion(('core/Solver.cc', '_inter_line', 836), ('core/Solver.cc', 'line', 516)) | LineDeletion(('core/Solver.cc', 'line', 795)) | LineDeletion(('core/Solver.cc', 'line', 117)) | LineInsertion(('core/Solver.cc', '_inter_line', 328), ('core/Solver.cc', 'line', 38)) | LineInsertion(('core/Solver.cc', '_inter_line', 467), ('core/Solver.cc', 'line', 54))
2023-06-24 17:14:19,712	[INFO]	127     SUCCESS               49.8734 (105.53%) [5 edit(s)] 
2023-06-24 17:14:20,117	[DEBUG]	LineInsertion(('core/Solver.cc', '_inter_line', 836), ('core/Solver.cc', 'line', 516)) | LineDeletion(('core/Solver.cc', 'line', 795)) | LineDeletion(('core/Solver.cc', 'line', 117)) | LineInsertion(('core/Solver.cc', '_inter_line', 328), ('core/Solver.cc', 'line', 38)) | LineReplacement(('core/Solver.cc', 'line', 719), ('core/Solver.cc', 'line', 242))
2023-06-24 17:14:20,118	[INFO]	128     COMPILE_CODE_ERROR    None  [5 edit(s)]       
2023-06-24 17:14:20,532	[DEBUG]	LineInsertion(('core/Solver.cc', '_inter_line', 836), ('core/Solver.cc', 'line', 516)) | LineDeletion(('core/Solver.cc', 'line', 795)) | LineDeletion(('core/Solver.cc', 'line', 117)) | LineInsertion(('core/Solver.cc', '_inter_line', 328), ('core/Solver.cc', 'line', 38)) | LineReplacement(('core/Solver.cc', 'line', 608), ('core/Solver.cc', 'line', 898))
2023-06-24 17:14:20,533	[INFO]	129     COMPILE_CODE_ERROR    None  [5 edit(s)]       
2023-06-24 17:15:06,169	[DEBUG]	LineInsertion(('core/Solver.cc', '_inter_line', 836), ('core/Solver.cc', 'line', 516)) | LineDeletion(('core/Solver.cc', 'line', 795)) | LineDeletion(('core/Solver.cc', 'line', 117)) | LineInsertion(('core/Solver.cc', '_inter_line', 328), ('core/Solver.cc', 'line', 38)) | LineReplacement(('core/Solver.cc', 'line', 685), ('core/Solver.cc', 'line', 191))
2023-06-24 17:15:06,170	[INFO]	130     SUCCESS               42.4373 (89.79%) [5 edit(s)] 
2023-06-24 17:15:06,578	[DEBUG]	LineInsertion(('core/Solver.cc', '_inter_line', 836), ('core/Solver.cc', 'line', 516)) | LineDeletion(('core/Solver.cc', 'line', 795)) | LineDeletion(('core/Solver.cc', 'line', 117)) | LineInsertion(('core/Solver.cc', '_inter_line', 328), ('core/Solver.cc', 'line', 38)) | LineReplacement(('core/Solver.cc', 'line', 157), ('core/Solver.cc', 'line', 78))
2023-06-24 17:15:06,579	[INFO]	131     COMPILE_CODE_ERROR    None  [5 edit(s)]       
2023-06-24 17:15:06,987	[DEBUG]	LineInsertion(('core/Solver.cc', '_inter_line', 836), ('core/Solver.cc', 'line', 516)) | LineDeletion(('core/Solver.cc', 'line', 795)) | LineDeletion(('core/Solver.cc', 'line', 117)) | LineInsertion(('core/Solver.cc', '_inter_line', 328), ('core/Solver.cc', 'line', 38)) | LineInsertion(('core/Solver.cc', '_inter_line', 790), ('core/Solver.cc', 'line', 757))
2023-06-24 17:15:06,988	[INFO]	132     COMPILE_CODE_ERROR    None  [5 edit(s)]       
2023-06-24 17:15:07,388	[DEBUG]	LineInsertion(('core/Solver.cc', '_inter_line', 836), ('core/Solver.cc', 'line', 516)) | LineDeletion(('core/Solver.cc', 'line', 795)) | LineDeletion(('core/Solver.cc', 'line', 117)) | LineInsertion(('core/Solver.cc', '_inter_line', 328), ('core/Solver.cc', 'line', 38)) | LineInsertion(('core/Solver.cc', '_inter_line', 900), ('core/Solver.cc', 'line', 536))
2023-06-24 17:15:07,389	[INFO]	133     COMPILE_CODE_ERROR    None  [5 edit(s)]       
2023-06-24 17:15:07,791	[DEBUG]	LineInsertion(('core/Solver.cc', '_inter_line', 836), ('core/Solver.cc', 'line', 516)) | LineDeletion(('core/Solver.cc', 'line', 795)) | LineDeletion(('core/Solver.cc', 'line', 117)) | LineInsertion(('core/Solver.cc', '_inter_line', 328), ('core/Solver.cc', 'line', 38)) | LineReplacement(('core/Solver.cc', 'line', 1050), ('core/Solver.cc', 'line', 1010))
2023-06-24 17:15:07,792	[INFO]	134     COMPILE_CODE_ERROR    None  [5 edit(s)]       
2023-06-24 17:16:09,194	[DEBUG]	LineInsertion(('core/Solver.cc', '_inter_line', 836), ('core/Solver.cc', 'line', 516)) | LineDeletion(('core/Solver.cc', 'line', 795)) | LineDeletion(('core/Solver.cc', 'line', 117)) | LineInsertion(('core/Solver.cc', '_inter_line', 328), ('core/Solver.cc', 'line', 38)) | LineDeletion(('core/Solver.cc', 'line', 848))
2023-06-24 17:16:09,194	[INFO]	135     RUN_TIMEOUT           None  [5 edit(s)]       
2023-06-24 17:16:09,614	[DEBUG]	LineInsertion(('core/Solver.cc', '_inter_line', 836), ('core/Solver.cc', 'line', 516)) | LineDeletion(('core/Solver.cc', 'line', 795)) | LineDeletion(('core/Solver.cc', 'line', 117)) | LineInsertion(('core/Solver.cc', '_inter_line', 328), ('core/Solver.cc', 'line', 38)) | LineReplacement(('core/Solver.cc', 'line', 734), ('core/Solver.cc', 'line', 337))
2023-06-24 17:16:09,615	[INFO]	136     COMPILE_CODE_ERROR    None  [5 edit(s)]       
2023-06-24 17:17:00,001	[DEBUG]	LineInsertion(('core/Solver.cc', '_inter_line', 836), ('core/Solver.cc', 'line', 516)) | LineDeletion(('core/Solver.cc', 'line', 795)) | LineDeletion(('core/Solver.cc', 'line', 117)) | LineInsertion(('core/Solver.cc', '_inter_line', 328), ('core/Solver.cc', 'line', 38)) | LineReplacement(('core/Solver.cc', 'line', 273), ('core/Solver.cc', 'line', 541))
2023-06-24 17:17:00,001	[INFO]	137     SUCCESS               46.5322 (98.46%) [5 edit(s)] 
2023-06-24 17:17:00,409	[DEBUG]	LineInsertion(('core/Solver.cc', '_inter_line', 836), ('core/Solver.cc', 'line', 516)) | LineDeletion(('core/Solver.cc', 'line', 795)) | LineDeletion(('core/Solver.cc', 'line', 117)) | LineInsertion(('core/Solver.cc', '_inter_line', 328), ('core/Solver.cc', 'line', 38)) | LineReplacement(('core/Solver.cc', 'line', 752), ('core/Solver.cc', 'line', 47))
2023-06-24 17:17:00,409	[INFO]	138     COMPILE_CODE_ERROR    None  [5 edit(s)]       
2023-06-24 17:17:46,642	[DEBUG]	LineInsertion(('core/Solver.cc', '_inter_line', 836), ('core/Solver.cc', 'line', 516)) | LineDeletion(('core/Solver.cc', 'line', 795)) | LineDeletion(('core/Solver.cc', 'line', 117)) | LineInsertion(('core/Solver.cc', '_inter_line', 328), ('core/Solver.cc', 'line', 38)) | LineInsertion(('core/Solver.cc', '_inter_line', 278), ('core/Solver.cc', 'line', 611))
2023-06-24 17:17:46,643	[INFO]	139     SUCCESS               43.0551 (91.1%) [5 edit(s)] 
2023-06-24 17:17:47,025	[DEBUG]	LineInsertion(('core/Solver.cc', '_inter_line', 836), ('core/Solver.cc', 'line', 516)) | LineDeletion(('core/Solver.cc', 'line', 795)) | LineDeletion(('core/Solver.cc', 'line', 117)) | LineInsertion(('core/Solver.cc', '_inter_line', 328), ('core/Solver.cc', 'line', 38)) | LineReplacement(('core/Solver.cc', 'line', 545), ('core/Solver.cc', 'line', 347))
2023-06-24 17:17:47,026	[INFO]	140     COMPILE_CODE_ERROR    None  [5 edit(s)]       
2023-06-24 17:17:47,431	[DEBUG]	LineInsertion(('core/Solver.cc', '_inter_line', 836), ('core/Solver.cc', 'line', 516)) | LineDeletion(('core/Solver.cc', 'line', 795)) | LineDeletion(('core/Solver.cc', 'line', 117)) | LineInsertion(('core/Solver.cc', '_inter_line', 328), ('core/Solver.cc', 'line', 38)) | LineInsertion(('core/Solver.cc', '_inter_line', 954), ('core/Solver.cc', 'line', 765))
2023-06-24 17:17:47,432	[INFO]	141     COMPILE_CODE_ERROR    None  [5 edit(s)]       
2023-06-24 17:18:36,017	[DEBUG]	LineInsertion(('core/Solver.cc', '_inter_line', 836), ('core/Solver.cc', 'line', 516)) | LineDeletion(('core/Solver.cc', 'line', 795)) | LineDeletion(('core/Solver.cc', 'line', 117)) | LineInsertion(('core/Solver.cc', '_inter_line', 328), ('core/Solver.cc', 'line', 38)) | LineDeletion(('core/Solver.cc', 'line', 696))
2023-06-24 17:18:36,017	[INFO]	142     SUCCESS               45.4121 (96.09%) [5 edit(s)] 
2023-06-24 17:19:24,295	[DEBUG]	LineInsertion(('core/Solver.cc', '_inter_line', 836), ('core/Solver.cc', 'line', 516)) | LineDeletion(('core/Solver.cc', 'line', 795)) | LineDeletion(('core/Solver.cc', 'line', 117)) | LineInsertion(('core/Solver.cc', '_inter_line', 328), ('core/Solver.cc', 'line', 38)) | LineInsertion(('core/Solver.cc', '_inter_line', 662), ('core/Solver.cc', 'line', 1041))
2023-06-24 17:19:24,295	[INFO]	143     SUCCESS               45.0426 (95.31%) [5 edit(s)] 
2023-06-24 17:19:27,446	[DEBUG]	LineInsertion(('core/Solver.cc', '_inter_line', 836), ('core/Solver.cc', 'line', 516)) | LineDeletion(('core/Solver.cc', 'line', 795)) | LineDeletion(('core/Solver.cc', 'line', 117)) | LineInsertion(('core/Solver.cc', '_inter_line', 328), ('core/Solver.cc', 'line', 38)) | LineReplacement(('core/Solver.cc', 'line', 431), ('core/Solver.cc', 'line', 444))
2023-06-24 17:19:27,446	[INFO]	144     RUN_CODE_ERROR        None  [5 edit(s)]       
2023-06-24 17:19:27,844	[DEBUG]	LineInsertion(('core/Solver.cc', '_inter_line', 836), ('core/Solver.cc', 'line', 516)) | LineDeletion(('core/Solver.cc', 'line', 795)) | LineDeletion(('core/Solver.cc', 'line', 117)) | LineInsertion(('core/Solver.cc', '_inter_line', 328), ('core/Solver.cc', 'line', 38)) | LineReplacement(('core/Solver.cc', 'line', 337), ('core/Solver.cc', 'line', 42))
2023-06-24 17:19:27,845	[INFO]	145     COMPILE_CODE_ERROR    None  [5 edit(s)]       
2023-06-24 17:19:28,247	[DEBUG]	LineInsertion(('core/Solver.cc', '_inter_line', 836), ('core/Solver.cc', 'line', 516)) | LineDeletion(('core/Solver.cc', 'line', 795)) | LineDeletion(('core/Solver.cc', 'line', 117)) | LineInsertion(('core/Solver.cc', '_inter_line', 328), ('core/Solver.cc', 'line', 38)) | LineReplacement(('core/Solver.cc', 'line', 475), ('core/Solver.cc', 'line', 1002))
2023-06-24 17:19:28,248	[INFO]	146     COMPILE_CODE_ERROR    None  [5 edit(s)]       
2023-06-24 17:20:19,068	[DEBUG]	LineInsertion(('core/Solver.cc', '_inter_line', 836), ('core/Solver.cc', 'line', 516)) | LineDeletion(('core/Solver.cc', 'line', 795)) | LineDeletion(('core/Solver.cc', 'line', 117)) | LineInsertion(('core/Solver.cc', '_inter_line', 328), ('core/Solver.cc', 'line', 38)) | LineDeletion(('core/Solver.cc', 'line', 992))
2023-06-24 17:20:19,068	[INFO]	147     SUCCESS               47.6559 (100.84%) [5 edit(s)] 
2023-06-24 17:20:19,469	[DEBUG]	LineInsertion(('core/Solver.cc', '_inter_line', 836), ('core/Solver.cc', 'line', 516)) | LineDeletion(('core/Solver.cc', 'line', 795)) | LineDeletion(('core/Solver.cc', 'line', 117)) | LineInsertion(('core/Solver.cc', '_inter_line', 328), ('core/Solver.cc', 'line', 38)) | LineInsertion(('core/Solver.cc', '_inter_line', 1016), ('core/Solver.cc', 'line', 638))
2023-06-24 17:20:19,470	[INFO]	148     COMPILE_CODE_ERROR    None  [5 edit(s)]       
2023-06-24 17:21:10,830	[DEBUG]	LineInsertion(('core/Solver.cc', '_inter_line', 836), ('core/Solver.cc', 'line', 516)) | LineDeletion(('core/Solver.cc', 'line', 795)) | LineDeletion(('core/Solver.cc', 'line', 117)) | LineInsertion(('core/Solver.cc', '_inter_line', 328), ('core/Solver.cc', 'line', 38)) | LineDeletion(('core/Solver.cc', 'line', 66))
2023-06-24 17:21:10,830	[INFO]	149     SUCCESS               47.9778 (101.52%) [5 edit(s)] 
2023-06-24 17:21:14,856	[DEBUG]	LineInsertion(('core/Solver.cc', '_inter_line', 836), ('core/Solver.cc', 'line', 516)) | LineDeletion(('core/Solver.cc', 'line', 795)) | LineDeletion(('core/Solver.cc', 'line', 117)) | LineInsertion(('core/Solver.cc', '_inter_line', 328), ('core/Solver.cc', 'line', 38)) | LineReplacement(('core/Solver.cc', 'line', 144), ('core/Solver.cc', 'line', 90))
2023-06-24 17:21:14,856	[INFO]	150     RUN_CODE_ERROR        None  [5 edit(s)]       
2023-06-24 17:22:16,384	[DEBUG]	LineInsertion(('core/Solver.cc', '_inter_line', 836), ('core/Solver.cc', 'line', 516)) | LineDeletion(('core/Solver.cc', 'line', 795)) | LineDeletion(('core/Solver.cc', 'line', 117)) | LineInsertion(('core/Solver.cc', '_inter_line', 328), ('core/Solver.cc', 'line', 38)) | LineReplacement(('core/Solver.cc', 'line', 22), ('core/Solver.cc', 'line', 168))
2023-06-24 17:22:16,384	[INFO]	151     RUN_TIMEOUT           None  [5 edit(s)]       
2023-06-24 17:23:03,309	[DEBUG]	LineInsertion(('core/Solver.cc', '_inter_line', 836), ('core/Solver.cc', 'line', 516)) | LineDeletion(('core/Solver.cc', 'line', 795)) | LineDeletion(('core/Solver.cc', 'line', 117)) | LineInsertion(('core/Solver.cc', '_inter_line', 328), ('core/Solver.cc', 'line', 38)) | LineDeletion(('core/Solver.cc', 'line', 866))
2023-06-24 17:23:03,310	[INFO]	152     SUCCESS               43.755 (92.58%) [5 edit(s)] 
2023-06-24 17:23:03,717	[DEBUG]	LineInsertion(('core/Solver.cc', '_inter_line', 836), ('core/Solver.cc', 'line', 516)) | LineDeletion(('core/Solver.cc', 'line', 795)) | LineDeletion(('core/Solver.cc', 'line', 117)) | LineInsertion(('core/Solver.cc', '_inter_line', 328), ('core/Solver.cc', 'line', 38)) | LineInsertion(('core/Solver.cc', '_inter_line', 619), ('core/Solver.cc', 'line', 886))
2023-06-24 17:23:03,717	[INFO]	153     COMPILE_CODE_ERROR    None  [5 edit(s)]       
2023-06-24 17:23:48,010	[DEBUG]	LineInsertion(('core/Solver.cc', '_inter_line', 836), ('core/Solver.cc', 'line', 516)) | LineDeletion(('core/Solver.cc', 'line', 795)) | LineDeletion(('core/Solver.cc', 'line', 117)) | LineInsertion(('core/Solver.cc', '_inter_line', 328), ('core/Solver.cc', 'line', 38)) | LineReplacement(('core/Solver.cc', 'line', 809), ('core/Solver.cc', 'line', 11))
2023-06-24 17:23:48,010	[INFO]	154     SUCCESS              *41.0497 (86.86%) [5 edit(s)] 
2023-06-24 17:23:48,019	[DEBUG]	--- before: core/Solver.cc
+++ after: core/Solver.cc
@@ -115,7 +115,6 @@
   , propagation_budget (-1)
   , asynch_interrupt   (false)
 {
-    gS = lS = tS = N = cp = 0;
     LBD_cut = (int32_t)opt_lbd_cut;
     K = (double)opt_K;
     R = (double)opt_R;
@@ -326,6 +325,7 @@
     int index   = trail.size() - 1;
 
     do{
+
         assert(confl != CRef_Undef); // (otherwise should be UIP)
         Clause& c = ca[confl];
 
@@ -793,7 +793,6 @@
                     if (adjust == 0) K = (double)opt_K;
                     LBD_cut = (int32_t)opt_lbd_cut + adjust;
                 }
-                core_added = 0;
             }
 
             Lit next = lit_Undef;
@@ -807,7 +806,7 @@
                     analyzeFinal(~p, conflict);
                     return l_False;
                 }else{
-                    next = p;
+substantial portions of the Software.
                     break;
                 }
             }
@@ -834,6 +833,7 @@
 {
     double  progress = 0;
     double  F = 1.0 / nVars();
+    CRef    confl     = CRef_Undef;
 
     for (int i = 0; i <= decisionLevel(); i++){
         int beg = i == 0 ? 0 : trail_lim[i - 1];

2023-06-24 17:23:48,027	[INFO]	==== END ====
2023-06-24 17:23:48,027	[INFO]	Reason: time budget
2023-06-24 17:23:48,027	[INFO]	
2023-06-24 17:23:48,027	[INFO]	==== REPORT ====
2023-06-24 17:23:48,027	[INFO]	Termination: time budget
2023-06-24 17:23:48,027	[INFO]	Log file: /home/tsongpet/MSc-SSE-GI-project/_magpie_logs/minisat-hack_1687620063.log
2023-06-24 17:23:48,035	[INFO]	Patch file: _magpie_logs/minisat-hack_1687620063.patch
2023-06-24 17:23:48,036	[INFO]	Diff file: _magpie_logs/minisat-hack_1687620063.diff
2023-06-24 17:23:48,036	[INFO]	Best fitness: 41.0497
2023-06-24 17:23:48,036	[INFO]	Best patch: LineInsertion(('core/Solver.cc', '_inter_line', 836), ('core/Solver.cc', 'line', 516)) | LineDeletion(('core/Solver.cc', 'line', 795)) | LineDeletion(('core/Solver.cc', 'line', 117)) | LineInsertion(('core/Solver.cc', '_inter_line', 328), ('core/Solver.cc', 'line', 38)) | LineReplacement(('core/Solver.cc', 'line', 809), ('core/Solver.cc', 'line', 11))
2023-06-24 17:23:48,036	[INFO]	Diff:
--- before: core/Solver.cc
+++ after: core/Solver.cc
@@ -115,7 +115,6 @@
   , propagation_budget (-1)
   , asynch_interrupt   (false)
 {
-    gS = lS = tS = N = cp = 0;
     LBD_cut = (int32_t)opt_lbd_cut;
     K = (double)opt_K;
     R = (double)opt_R;
@@ -326,6 +325,7 @@
     int index   = trail.size() - 1;
 
     do{
+
         assert(confl != CRef_Undef); // (otherwise should be UIP)
         Clause& c = ca[confl];
 
@@ -793,7 +793,6 @@
                     if (adjust == 0) K = (double)opt_K;
                     LBD_cut = (int32_t)opt_lbd_cut + adjust;
                 }
-                core_added = 0;
             }
 
             Lit next = lit_Undef;
@@ -807,7 +806,7 @@
                     analyzeFinal(~p, conflict);
                     return l_False;
                 }else{
-                    next = p;
+substantial portions of the Software.
                     break;
                 }
             }
@@ -834,6 +833,7 @@
 {
     double  progress = 0;
     double  F = 1.0 / nVars();
+    CRef    confl     = CRef_Undef;
 
     for (int i = 0; i <= decisionLevel(); i++){
         int beg = i == 0 ? 0 : trail_lim[i - 1];

