2023-06-27 07:50:21,213	[DEBUG]	==== CONFIG ====
[magpie]
import = 
seed = 
log_dir = _magpie_logs
work_dir = _magpie_work
local_original_copy = False
local_original_name = __original__
output_encoding = ascii
edit_retries = 10
default_timeout = 30
default_lengthout = 1e6
diff_method = unified

[software]
path = code/minisat-hack
target_files = 
	core/Solver.cc.xml
program = BasicProgram
engine_rules = 
	*.params : ConfigFileParamsEngine
	*.xml : SrcmlEngine
	* : LineEngine
engine_config = 
	*.params : [params]
	*.xml : [srcml]
setup_cmd = ./compile.sh
setup_timeout = 
setup_lengthout = 
compile_cmd = ./compile.sh
compile_timeout = 15
compile_lengthout = 
test_cmd = 
test_timeout = 
test_lengthout = 
run_cmd = perf stat run-sh/train_1.sh
run_timeout = 86
run_lengthout = 
fitness = perf_time

[srcml]
rename = 
	stmt: break continue decl_stmt do expr_stmt for goto if return switch while
	number: literal_number
focus = block stmt operator_comp operator_arith number
internodes = block
process_pseudo_blocks = True
process_literals = True
process_operators = True

[params]
timing = test run
cli_prefix = --
cli_glue = =
cli_boolean = show
cli_boolean_prefix_true = 
cli_boolean_prefix_false = no-
silent_prefix = @
silent_suffix = $

[search]
protocol = BasicProtocol
algorithm = FirstImprovement
possible_edits = 
	StmtReplacement
	StmtInsertion
	StmtDeletion
warmup = 3
warmup_strategy = last
max_steps = 1000
max_time = 
target_fitness = 
cache_maxsize = 40
cache_keep = 0.2

[search.ls]
delete_prob = 0.5
max_neighbours = 
when_trapped = continue
accept_fail = False
tabu_length = 10

[search.gp]
pop_size = 10
delete_prob = 0.5
offspring_elitism = 0.1
offspring_crossover = 0.5
offspring_mutation = 0.4
uniform_rate = 0.5


2023-06-27 07:50:21,214	[INFO]	==== WARMUP ====
2023-06-27 07:51:43,091	[INFO]	WARM    SUCCESS               73.3824                 
2023-06-27 07:53:00,534	[INFO]	WARM    SUCCESS               73.8928                 
2023-06-27 07:54:16,964	[INFO]	WARM    SUCCESS               72.9801                 
2023-06-27 07:54:16,964	[INFO]	INITIAL SUCCESS               72.9801                 
2023-06-27 07:54:16,964	[INFO]	==== START: FirstImprovement ====
2023-06-27 07:54:17,520	[DEBUG]	StmtInsertion(('core/Solver.cc.xml', '_inter_block', 154), ('core/Solver.cc.xml', 'stmt', 439))
2023-06-27 07:54:17,520	[INFO]	1       COMPILE_CODE_ERROR    None  [1 edit(s)]       
2023-06-27 07:55:33,101	[DEBUG]	StmtInsertion(('core/Solver.cc.xml', '_inter_block', 394), ('core/Solver.cc.xml', 'stmt', 356))
2023-06-27 07:55:33,101	[INFO]	2       SUCCESS              *72.0073 (98.67%) [1 edit(s)] 
2023-06-27 07:55:33,111	[DEBUG]	--- before: core/Solver.cc
+++ after: core/Solver.cc
@@ -691,6 +691,7 @@
     assert(decisionLevel() == 0);
 
     if (!ok || propagate() != CRef_Undef)/*auto*/{
+        cancelUntil(0);
         return ok = false;
 }/*auto*/
 

2023-06-27 07:55:33,118	[DEBUG]	
2023-06-27 07:55:33,118	[INFO]	3       SUCCESS               72.9801 (100.0%) [0 edit(s)] 
2023-06-27 07:55:33,530	[DEBUG]	StmtInsertion(('core/Solver.cc.xml', '_inter_block', 394), ('core/Solver.cc.xml', 'stmt', 356)) | StmtInsertion(('core/Solver.cc.xml', '_inter_block', 101), ('core/Solver.cc.xml', 'stmt', 133))
2023-06-27 07:55:33,531	[INFO]	4       COMPILE_CODE_ERROR    None  [2 edit(s)]       
2023-06-27 07:55:44,962	[INFO]	==== END ====
2023-06-27 07:55:44,962	[INFO]	Reason: keyboard interrupt
2023-06-27 07:55:44,963	[INFO]	
2023-06-27 07:55:44,963	[INFO]	==== REPORT ====
2023-06-27 07:55:44,963	[INFO]	Termination: keyboard interrupt
2023-06-27 07:55:44,963	[INFO]	Log file: /home/tsongpet/MSc-SSE-GI-project/_magpie_logs/minisat-hack_1687848613.log
2023-06-27 07:55:44,975	[INFO]	Patch file: _magpie_logs/minisat-hack_1687848613.patch
2023-06-27 07:55:44,975	[INFO]	Diff file: _magpie_logs/minisat-hack_1687848613.diff
2023-06-27 07:55:44,976	[INFO]	Best fitness: 72.0073
2023-06-27 07:55:44,976	[INFO]	Best patch: StmtInsertion(('core/Solver.cc.xml', '_inter_block', 394), ('core/Solver.cc.xml', 'stmt', 356))
2023-06-27 07:55:44,976	[INFO]	Diff:
--- before: core/Solver.cc
+++ after: core/Solver.cc
@@ -691,6 +691,7 @@
     assert(decisionLevel() == 0);
 
     if (!ok || propagate() != CRef_Undef)/*auto*/{
+        cancelUntil(0);
         return ok = false;
 }/*auto*/
 

