2023-06-24 16:20:52,433	[DEBUG]	==== CONFIG ====
[magpie]
import = 
seed = 
log_dir = _magpie_logs
work_dir = _magpie_work
local_original_copy = False
local_original_name = __original__
output_encoding = ascii
edit_retries = 10
default_timeout = 30
default_lengthout = 1e6
diff_method = unified

[software]
path = code/minisat-hack
target_files = 
	core/Solver.cc
program = BasicProgram
engine_rules = 
	*.params : ConfigFileParamsEngine
	*.xml : SrcmlEngine
	* : LineEngine
engine_config = 
	*.params : [params]
	*.xml : [srcml]
setup_cmd = 
setup_timeout = 
setup_lengthout = 
compile_cmd = ./compile.sh
compile_timeout = 11
compile_lengthout = 
test_cmd = 
test_timeout = 
test_lengthout = 
run_cmd = perf stat run-sh/train_1.sh
run_timeout = 78
run_lengthout = 
fitness = perf_time

[srcml]
rename = 
	stmt: break continue decl_stmt do expr_stmt for goto if return switch while
	number: literal_number
focus = block stmt operator_comp operator_arith number
internodes = block
process_pseudo_blocks = True
process_literals = True
process_operators = True

[params]
timing = test run
cli_prefix = --
cli_glue = =
cli_boolean = show
cli_boolean_prefix_true = 
cli_boolean_prefix_false = no-
silent_prefix = @
silent_suffix = $

[search]
protocol = BasicProtocol
algorithm = FirstImprovement
possible_edits = 
	LineReplacement
	LineInsertion
	LineDeletion
warmup = 3
warmup_strategy = last
max_steps = 1000
max_time = 3600
target_fitness = 
cache_maxsize = 40
cache_keep = 0.2

[search.ls]
delete_prob = 0.5
max_neighbours = 
when_trapped = continue
accept_fail = False
tabu_length = 10

[search.gp]
pop_size = 10
delete_prob = 0.5
offspring_elitism = 0.1
offspring_crossover = 0.5
offspring_mutation = 0.4
uniform_rate = 0.5


2023-06-24 16:20:52,434	[INFO]	==== WARMUP ====
2023-06-24 16:22:02,781	[INFO]	WARM    SUCCESS               63.0842                 
2023-06-24 16:23:09,610	[INFO]	WARM    SUCCESS               63.673                  
2023-06-24 16:24:18,948	[INFO]	WARM    SUCCESS               66.1686                 
2023-06-24 16:24:18,948	[INFO]	INITIAL SUCCESS               66.1686                 
2023-06-24 16:24:18,948	[INFO]	==== START: FirstImprovement ====
2023-06-24 16:24:19,584	[DEBUG]	LineReplacement(('core/Solver.cc', 'line', 53), ('core/Solver.cc', 'line', 682))
2023-06-24 16:24:19,584	[INFO]	1       COMPILE_CODE_ERROR    None  [1 edit(s)]       
2023-06-24 16:24:19,999	[DEBUG]	LineReplacement(('core/Solver.cc', 'line', 69), ('core/Solver.cc', 'line', 80))
2023-06-24 16:24:19,999	[INFO]	2       COMPILE_CODE_ERROR    None  [1 edit(s)]       
2023-06-24 16:24:20,389	[DEBUG]	LineReplacement(('core/Solver.cc', 'line', 299), ('core/Solver.cc', 'line', 491))
2023-06-24 16:24:20,389	[INFO]	3       COMPILE_CODE_ERROR    None  [1 edit(s)]       
2023-06-24 16:24:20,396	[DEBUG]	LineReplacement(('core/Solver.cc', 'line', 995), ('core/Solver.cc', 'line', 813))
2023-06-24 16:24:20,397	[INFO]	4       SUCCESS              +66.1686 (100.0%) [1 edit(s)] 
2023-06-24 16:24:20,403	[DEBUG]	
2023-06-24 16:25:29,739	[DEBUG]	LineReplacement(('core/Solver.cc', 'line', 995), ('core/Solver.cc', 'line', 813)) | LineReplacement(('core/Solver.cc', 'line', 4), ('core/Solver.cc', 'line', 807))
2023-06-24 16:25:29,739	[INFO]	5       SUCCESS              *65.9726 (99.7%) [2 edit(s)] 
2023-06-24 16:25:29,746	[DEBUG]	--- before: core/Solver.cc
+++ after: core/Solver.cc
@@ -2,7 +2,7 @@
 Copyright (c) 2003-2006, Niklas Een, Niklas Sorensson
 Copyright (c) 2007-2010, Niklas Sorensson
 
-Permission is hereby granted, free of charge, to any person obtaining a copy of this software and
+                    return l_False;
 associated documentation files (the "Software"), to deal in the Software without restriction,
 including without limitation the rights to use, copy, modify, merge, publish, distribute,
 sublicense, and/or sell copies of the Software, and to permit persons to whom the Software is

2023-06-24 16:26:40,994	[DEBUG]	LineReplacement(('core/Solver.cc', 'line', 995), ('core/Solver.cc', 'line', 813)) | LineReplacement(('core/Solver.cc', 'line', 4), ('core/Solver.cc', 'line', 807)) | LineDeletion(('core/Solver.cc', 'line', 377))
2023-06-24 16:26:40,995	[INFO]	6       SUCCESS               68.0915 (102.91%) [3 edit(s)] 
2023-06-24 16:27:49,341	[DEBUG]	LineReplacement(('core/Solver.cc', 'line', 995), ('core/Solver.cc', 'line', 813)) | LineReplacement(('core/Solver.cc', 'line', 4), ('core/Solver.cc', 'line', 807)) | LineDeletion(('core/Solver.cc', 'line', 343))
2023-06-24 16:27:49,341	[INFO]	7       SUCCESS              *65.1712 (98.49%) [3 edit(s)] 
2023-06-24 16:27:49,349	[DEBUG]	--- before: core/Solver.cc
+++ after: core/Solver.cc
@@ -2,7 +2,7 @@
 Copyright (c) 2003-2006, Niklas Een, Niklas Sorensson
 Copyright (c) 2007-2010, Niklas Sorensson
 
-Permission is hereby granted, free of charge, to any person obtaining a copy of this software and
+                    return l_False;
 associated documentation files (the "Software"), to deal in the Software without restriction,
 including without limitation the rights to use, copy, modify, merge, publish, distribute,
 sublicense, and/or sell copies of the Software, and to permit persons to whom the Software is
@@ -341,7 +341,6 @@
 
         for (int j = (p == lit_Undef) ? 0 : 1; j < c.size(); j++){
             Lit q = c[j];
-
             if (!seen[var(q)] && level(var(q)) > 0){
                 varBumpActivity(var(q));
                 seen[var(q)] = 1;

2023-06-24 16:28:58,061	[DEBUG]	LineReplacement(('core/Solver.cc', 'line', 995), ('core/Solver.cc', 'line', 813)) | LineReplacement(('core/Solver.cc', 'line', 4), ('core/Solver.cc', 'line', 807)) | LineDeletion(('core/Solver.cc', 'line', 343)) | LineInsertion(('core/Solver.cc', '_inter_line', 448), ('core/Solver.cc', 'line', 201))
2023-06-24 16:28:58,061	[INFO]	8       SUCCESS               65.5621 (99.08%) [4 edit(s)] 
2023-06-24 16:28:58,069	[DEBUG]	LineReplacement(('core/Solver.cc', 'line', 4), ('core/Solver.cc', 'line', 807)) | LineDeletion(('core/Solver.cc', 'line', 343))
2023-06-24 16:28:58,069	[INFO]	9       SUCCESS              +65.1712 (98.49%) [2 edit(s)] 
2023-06-24 16:28:58,076	[DEBUG]	--- before: core/Solver.cc
+++ after: core/Solver.cc
@@ -2,7 +2,7 @@
 Copyright (c) 2003-2006, Niklas Een, Niklas Sorensson
 Copyright (c) 2007-2010, Niklas Sorensson
 
-Permission is hereby granted, free of charge, to any person obtaining a copy of this software and
+                    return l_False;
 associated documentation files (the "Software"), to deal in the Software without restriction,
 including without limitation the rights to use, copy, modify, merge, publish, distribute,
 sublicense, and/or sell copies of the Software, and to permit persons to whom the Software is
@@ -341,7 +341,6 @@
 
         for (int j = (p == lit_Undef) ? 0 : 1; j < c.size(); j++){
             Lit q = c[j];
-
             if (!seen[var(q)] && level(var(q)) > 0){
                 varBumpActivity(var(q));
                 seen[var(q)] = 1;

2023-06-24 16:28:58,474	[DEBUG]	LineReplacement(('core/Solver.cc', 'line', 4), ('core/Solver.cc', 'line', 807)) | LineDeletion(('core/Solver.cc', 'line', 343)) | LineReplacement(('core/Solver.cc', 'line', 943), ('core/Solver.cc', 'line', 1036))
2023-06-24 16:28:58,475	[INFO]	10      COMPILE_CODE_ERROR    None  [3 edit(s)]       
2023-06-24 16:30:19,875	[DEBUG]	LineReplacement(('core/Solver.cc', 'line', 4), ('core/Solver.cc', 'line', 807)) | LineDeletion(('core/Solver.cc', 'line', 343)) | LineReplacement(('core/Solver.cc', 'line', 345), ('core/Solver.cc', 'line', 625))
2023-06-24 16:30:19,876	[INFO]	11      RUN_TIMEOUT           None  [3 edit(s)]       
2023-06-24 16:31:28,024	[DEBUG]	LineReplacement(('core/Solver.cc', 'line', 4), ('core/Solver.cc', 'line', 807)) | LineDeletion(('core/Solver.cc', 'line', 343)) | LineInsertion(('core/Solver.cc', '_inter_line', 649), ('core/Solver.cc', 'line', 611))
2023-06-24 16:31:28,024	[INFO]	12      SUCCESS              *64.9421 (98.15%) [3 edit(s)] 
2023-06-24 16:31:28,033	[DEBUG]	--- before: core/Solver.cc
+++ after: core/Solver.cc
@@ -2,7 +2,7 @@
 Copyright (c) 2003-2006, Niklas Een, Niklas Sorensson
 Copyright (c) 2007-2010, Niklas Sorensson
 
-Permission is hereby granted, free of charge, to any person obtaining a copy of this software and
+                    return l_False;
 associated documentation files (the "Software"), to deal in the Software without restriction,
 including without limitation the rights to use, copy, modify, merge, publish, distribute,
 sublicense, and/or sell copies of the Software, and to permit persons to whom the Software is
@@ -341,7 +341,6 @@
 
         for (int j = (p == lit_Undef) ? 0 : 1; j < c.size(); j++){
             Lit q = c[j];
-
             if (!seen[var(q)] && level(var(q)) > 0){
                 varBumpActivity(var(q));
                 seen[var(q)] = 1;
@@ -647,6 +646,7 @@
     assert(decisionLevel() == 0);
 
     if (!ok || propagate() != CRef_Undef)
+
         return ok = false;
 
     if (nAssigns() == simpDB_assigns || (simpDB_props > 0))

2023-06-24 16:32:33,544	[DEBUG]	LineReplacement(('core/Solver.cc', 'line', 4), ('core/Solver.cc', 'line', 807)) | LineInsertion(('core/Solver.cc', '_inter_line', 649), ('core/Solver.cc', 'line', 611))
2023-06-24 16:32:33,544	[INFO]	13      SUCCESS              *62.3295 (94.2%) [2 edit(s)] 
2023-06-24 16:32:33,552	[DEBUG]	--- before: core/Solver.cc
+++ after: core/Solver.cc
@@ -2,7 +2,7 @@
 Copyright (c) 2003-2006, Niklas Een, Niklas Sorensson
 Copyright (c) 2007-2010, Niklas Sorensson
 
-Permission is hereby granted, free of charge, to any person obtaining a copy of this software and
+                    return l_False;
 associated documentation files (the "Software"), to deal in the Software without restriction,
 including without limitation the rights to use, copy, modify, merge, publish, distribute,
 sublicense, and/or sell copies of the Software, and to permit persons to whom the Software is
@@ -647,6 +647,7 @@
     assert(decisionLevel() == 0);
 
     if (!ok || propagate() != CRef_Undef)
+
         return ok = false;
 
     if (nAssigns() == simpDB_assigns || (simpDB_props > 0))

2023-06-24 16:32:33,950	[DEBUG]	LineReplacement(('core/Solver.cc', 'line', 4), ('core/Solver.cc', 'line', 807)) | LineInsertion(('core/Solver.cc', '_inter_line', 649), ('core/Solver.cc', 'line', 611)) | LineDeletion(('core/Solver.cc', 'line', 1000))
2023-06-24 16:32:33,950	[INFO]	14      COMPILE_CODE_ERROR    None  [3 edit(s)]       
2023-06-24 16:32:33,957	[DEBUG]	LineReplacement(('core/Solver.cc', 'line', 4), ('core/Solver.cc', 'line', 807))
2023-06-24 16:32:33,957	[INFO]	15      SUCCESS               65.9726 (99.7%) [1 edit(s)] 
2023-06-24 16:32:34,361	[DEBUG]	LineReplacement(('core/Solver.cc', 'line', 4), ('core/Solver.cc', 'line', 807)) | LineInsertion(('core/Solver.cc', '_inter_line', 649), ('core/Solver.cc', 'line', 611)) | LineReplacement(('core/Solver.cc', 'line', 257), ('core/Solver.cc', 'line', 421))
2023-06-24 16:32:34,362	[INFO]	16      COMPILE_CODE_ERROR    None  [3 edit(s)]       
2023-06-24 16:33:39,510	[DEBUG]	LineInsertion(('core/Solver.cc', '_inter_line', 649), ('core/Solver.cc', 'line', 611))
2023-06-24 16:33:39,511	[INFO]	17      SUCCESS              *61.9547 (93.63%) [1 edit(s)] 
2023-06-24 16:33:39,519	[DEBUG]	--- before: core/Solver.cc
+++ after: core/Solver.cc
@@ -647,6 +647,7 @@
     assert(decisionLevel() == 0);
 
     if (!ok || propagate() != CRef_Undef)
+
         return ok = false;
 
     if (nAssigns() == simpDB_assigns || (simpDB_props > 0))

2023-06-24 16:33:39,525	[DEBUG]	
2023-06-24 16:33:39,526	[INFO]	18      SUCCESS               66.1686 (100.0%) [0 edit(s)] 
2023-06-24 16:34:45,327	[DEBUG]	LineInsertion(('core/Solver.cc', '_inter_line', 649), ('core/Solver.cc', 'line', 611)) | LineReplacement(('core/Solver.cc', 'line', 808), ('core/Solver.cc', 'line', 703))
2023-06-24 16:34:45,327	[INFO]	19      SUCCESS               62.5691 (94.56%) [2 edit(s)] 
2023-06-24 16:34:45,738	[DEBUG]	LineInsertion(('core/Solver.cc', '_inter_line', 649), ('core/Solver.cc', 'line', 611)) | LineReplacement(('core/Solver.cc', 'line', 381), ('core/Solver.cc', 'line', 182))
2023-06-24 16:34:45,738	[INFO]	20      COMPILE_CODE_ERROR    None  [2 edit(s)]       
2023-06-24 16:35:52,590	[DEBUG]	LineInsertion(('core/Solver.cc', '_inter_line', 649), ('core/Solver.cc', 'line', 611)) | LineReplacement(('core/Solver.cc', 'line', 83), ('core/Solver.cc', 'line', 711))
2023-06-24 16:35:52,590	[INFO]	21      SUCCESS               63.6107 (96.13%) [2 edit(s)] 
2023-06-24 16:35:52,988	[DEBUG]	LineInsertion(('core/Solver.cc', '_inter_line', 649), ('core/Solver.cc', 'line', 611)) | LineDeletion(('core/Solver.cc', 'line', 688))
2023-06-24 16:35:52,989	[INFO]	22      COMPILE_CODE_ERROR    None  [2 edit(s)]       
2023-06-24 16:35:56,173	[DEBUG]	LineInsertion(('core/Solver.cc', '_inter_line', 649), ('core/Solver.cc', 'line', 611)) | LineReplacement(('core/Solver.cc', 'line', 196), ('core/Solver.cc', 'line', 766))
2023-06-24 16:35:56,173	[INFO]	23      RUN_CODE_ERROR        None  [2 edit(s)]       
2023-06-24 16:35:56,573	[DEBUG]	LineInsertion(('core/Solver.cc', '_inter_line', 649), ('core/Solver.cc', 'line', 611)) | LineReplacement(('core/Solver.cc', 'line', 604), ('core/Solver.cc', 'line', 478))
2023-06-24 16:35:56,573	[INFO]	24      COMPILE_CODE_ERROR    None  [2 edit(s)]       
2023-06-24 16:37:02,789	[DEBUG]	LineInsertion(('core/Solver.cc', '_inter_line', 649), ('core/Solver.cc', 'line', 611)) | LineInsertion(('core/Solver.cc', '_inter_line', 776), ('core/Solver.cc', 'line', 923))
2023-06-24 16:37:02,789	[INFO]	25      SUCCESS               62.9856 (95.19%) [2 edit(s)] 
2023-06-24 16:38:23,456	[DEBUG]	LineInsertion(('core/Solver.cc', '_inter_line', 649), ('core/Solver.cc', 'line', 611)) | LineDeletion(('core/Solver.cc', 'line', 222))
2023-06-24 16:38:23,456	[INFO]	26      SUCCESS               77.4671 (117.08%) [2 edit(s)] 
2023-06-24 16:38:23,851	[DEBUG]	LineInsertion(('core/Solver.cc', '_inter_line', 649), ('core/Solver.cc', 'line', 611)) | LineInsertion(('core/Solver.cc', '_inter_line', 409), ('core/Solver.cc', 'line', 655))
2023-06-24 16:38:23,851	[INFO]	27      COMPILE_CODE_ERROR    None  [2 edit(s)]       
2023-06-24 16:38:24,226	[DEBUG]	LineInsertion(('core/Solver.cc', '_inter_line', 649), ('core/Solver.cc', 'line', 611)) | LineInsertion(('core/Solver.cc', '_inter_line', 218), ('core/Solver.cc', 'line', 526))
2023-06-24 16:38:24,227	[INFO]	28      COMPILE_CODE_ERROR    None  [2 edit(s)]       
2023-06-24 16:39:30,986	[DEBUG]	LineInsertion(('core/Solver.cc', '_inter_line', 649), ('core/Solver.cc', 'line', 611)) | LineInsertion(('core/Solver.cc', '_inter_line', 501), ('core/Solver.cc', 'line', 815))
2023-06-24 16:39:30,987	[INFO]	29      SUCCESS               63.5877 (96.1%) [2 edit(s)] 
2023-06-24 16:39:31,375	[DEBUG]	LineInsertion(('core/Solver.cc', '_inter_line', 649), ('core/Solver.cc', 'line', 611)) | LineDeletion(('core/Solver.cc', 'line', 299))
2023-06-24 16:39:31,375	[INFO]	30      COMPILE_CODE_ERROR    None  [2 edit(s)]       
2023-06-24 16:39:31,771	[DEBUG]	LineInsertion(('core/Solver.cc', '_inter_line', 649), ('core/Solver.cc', 'line', 611)) | LineReplacement(('core/Solver.cc', 'line', 947), ('core/Solver.cc', 'line', 689))
2023-06-24 16:39:31,771	[INFO]	31      COMPILE_CODE_ERROR    None  [2 edit(s)]       
2023-06-24 16:39:32,168	[DEBUG]	LineInsertion(('core/Solver.cc', '_inter_line', 649), ('core/Solver.cc', 'line', 611)) | LineInsertion(('core/Solver.cc', '_inter_line', 957), ('core/Solver.cc', 'line', 639))
2023-06-24 16:39:32,168	[INFO]	32      COMPILE_CODE_ERROR    None  [2 edit(s)]       
2023-06-24 16:40:39,893	[DEBUG]	LineInsertion(('core/Solver.cc', '_inter_line', 649), ('core/Solver.cc', 'line', 611)) | LineDeletion(('core/Solver.cc', 'line', 879))
2023-06-24 16:40:39,893	[INFO]	33      SUCCESS               64.4979 (97.48%) [2 edit(s)] 
2023-06-24 16:41:49,584	[DEBUG]	LineInsertion(('core/Solver.cc', '_inter_line', 649), ('core/Solver.cc', 'line', 611)) | LineDeletion(('core/Solver.cc', 'line', 230))
2023-06-24 16:41:49,584	[INFO]	34      SUCCESS               66.4924 (100.49%) [2 edit(s)] 
2023-06-24 16:41:49,977	[DEBUG]	LineInsertion(('core/Solver.cc', '_inter_line', 649), ('core/Solver.cc', 'line', 611)) | LineReplacement(('core/Solver.cc', 'line', 608), ('core/Solver.cc', 'line', 269))
2023-06-24 16:41:49,977	[INFO]	35      COMPILE_CODE_ERROR    None  [2 edit(s)]       
2023-06-24 16:42:59,393	[DEBUG]	LineInsertion(('core/Solver.cc', '_inter_line', 649), ('core/Solver.cc', 'line', 611)) | LineDeletion(('core/Solver.cc', 'line', 818))
2023-06-24 16:42:59,394	[INFO]	36      SUCCESS               65.8697 (99.55%) [2 edit(s)] 
2023-06-24 16:42:59,790	[DEBUG]	LineInsertion(('core/Solver.cc', '_inter_line', 649), ('core/Solver.cc', 'line', 611)) | LineInsertion(('core/Solver.cc', '_inter_line', 324), ('core/Solver.cc', 'line', 182))
2023-06-24 16:42:59,791	[INFO]	37      COMPILE_CODE_ERROR    None  [2 edit(s)]       
2023-06-24 16:44:08,310	[DEBUG]	LineInsertion(('core/Solver.cc', '_inter_line', 649), ('core/Solver.cc', 'line', 611)) | LineInsertion(('core/Solver.cc', '_inter_line', 394), ('core/Solver.cc', 'line', 918))
2023-06-24 16:44:08,310	[INFO]	38      SUCCESS               65.314 (98.71%) [2 edit(s)] 
2023-06-24 16:45:16,429	[DEBUG]	LineInsertion(('core/Solver.cc', '_inter_line', 649), ('core/Solver.cc', 'line', 611)) | LineReplacement(('core/Solver.cc', 'line', 525), ('core/Solver.cc', 'line', 158))
2023-06-24 16:45:16,430	[INFO]	39      SUCCESS               65.0101 (98.25%) [2 edit(s)] 
2023-06-24 16:45:19,508	[DEBUG]	LineInsertion(('core/Solver.cc', '_inter_line', 649), ('core/Solver.cc', 'line', 611)) | LineReplacement(('core/Solver.cc', 'line', 196), ('core/Solver.cc', 'line', 886))
2023-06-24 16:45:19,508	[INFO]	40      RUN_CODE_ERROR        None  [2 edit(s)]       
2023-06-24 16:45:19,904	[DEBUG]	LineInsertion(('core/Solver.cc', '_inter_line', 649), ('core/Solver.cc', 'line', 611)) | LineReplacement(('core/Solver.cc', 'line', 133), ('core/Solver.cc', 'line', 1000))
2023-06-24 16:45:19,905	[INFO]	41      COMPILE_CODE_ERROR    None  [2 edit(s)]       
2023-06-24 16:46:30,424	[DEBUG]	LineInsertion(('core/Solver.cc', '_inter_line', 649), ('core/Solver.cc', 'line', 611)) | LineInsertion(('core/Solver.cc', '_inter_line', 682), ('core/Solver.cc', 'line', 1025))
2023-06-24 16:46:30,424	[INFO]	42      SUCCESS               67.2954 (101.7%) [2 edit(s)] 
2023-06-24 16:46:30,838	[DEBUG]	LineInsertion(('core/Solver.cc', '_inter_line', 649), ('core/Solver.cc', 'line', 611)) | LineReplacement(('core/Solver.cc', 'line', 438), ('core/Solver.cc', 'line', 191))
2023-06-24 16:46:30,839	[INFO]	43      COMPILE_CODE_ERROR    None  [2 edit(s)]       
2023-06-24 16:47:41,345	[DEBUG]	LineInsertion(('core/Solver.cc', '_inter_line', 649), ('core/Solver.cc', 'line', 611)) | LineInsertion(('core/Solver.cc', '_inter_line', 605), ('core/Solver.cc', 'line', 143))
2023-06-24 16:47:41,345	[INFO]	44      SUCCESS               67.2579 (101.65%) [2 edit(s)] 
2023-06-24 16:47:41,742	[DEBUG]	LineInsertion(('core/Solver.cc', '_inter_line', 649), ('core/Solver.cc', 'line', 611)) | LineReplacement(('core/Solver.cc', 'line', 225), ('core/Solver.cc', 'line', 648))
2023-06-24 16:47:41,742	[INFO]	45      COMPILE_CODE_ERROR    None  [2 edit(s)]       
2023-06-24 16:47:42,152	[DEBUG]	LineInsertion(('core/Solver.cc', '_inter_line', 649), ('core/Solver.cc', 'line', 611)) | LineReplacement(('core/Solver.cc', 'line', 1010), ('core/Solver.cc', 'line', 451))
2023-06-24 16:47:42,152	[INFO]	46      COMPILE_CODE_ERROR    None  [2 edit(s)]       
2023-06-24 16:47:42,550	[DEBUG]	LineInsertion(('core/Solver.cc', '_inter_line', 649), ('core/Solver.cc', 'line', 611)) | LineReplacement(('core/Solver.cc', 'line', 964), ('core/Solver.cc', 'line', 620))
2023-06-24 16:47:42,551	[INFO]	47      COMPILE_CODE_ERROR    None  [2 edit(s)]       
2023-06-24 16:48:49,799	[DEBUG]	LineInsertion(('core/Solver.cc', '_inter_line', 649), ('core/Solver.cc', 'line', 611)) | LineDeletion(('core/Solver.cc', 'line', 43))
2023-06-24 16:48:49,799	[INFO]	48      SUCCESS               64.0858 (96.85%) [2 edit(s)] 
2023-06-24 16:49:58,269	[DEBUG]	LineInsertion(('core/Solver.cc', '_inter_line', 649), ('core/Solver.cc', 'line', 611)) | LineInsertion(('core/Solver.cc', '_inter_line', 611), ('core/Solver.cc', 'line', 1005))
2023-06-24 16:49:58,269	[INFO]	49      SUCCESS               65.2622 (98.63%) [2 edit(s)] 
2023-06-24 16:51:04,892	[DEBUG]	LineInsertion(('core/Solver.cc', '_inter_line', 649), ('core/Solver.cc', 'line', 611)) | LineReplacement(('core/Solver.cc', 'line', 461), ('core/Solver.cc', 'line', 729))
2023-06-24 16:51:04,892	[INFO]	50      SUCCESS               63.5153 (95.99%) [2 edit(s)] 
2023-06-24 16:51:05,231	[DEBUG]	LineInsertion(('core/Solver.cc', '_inter_line', 649), ('core/Solver.cc', 'line', 611)) | LineReplacement(('core/Solver.cc', 'line', 201), ('core/Solver.cc', 'line', 341))
2023-06-24 16:51:05,231	[INFO]	51      COMPILE_CODE_ERROR    None  [2 edit(s)]       
2023-06-24 16:51:05,625	[DEBUG]	LineInsertion(('core/Solver.cc', '_inter_line', 649), ('core/Solver.cc', 'line', 611)) | LineInsertion(('core/Solver.cc', '_inter_line', 205), ('core/Solver.cc', 'line', 78))
2023-06-24 16:51:05,626	[INFO]	52      COMPILE_CODE_ERROR    None  [2 edit(s)]       
2023-06-24 16:51:06,029	[DEBUG]	LineInsertion(('core/Solver.cc', '_inter_line', 649), ('core/Solver.cc', 'line', 611)) | LineInsertion(('core/Solver.cc', '_inter_line', 755), ('core/Solver.cc', 'line', 644))
2023-06-24 16:51:06,029	[INFO]	53      COMPILE_CODE_ERROR    None  [2 edit(s)]       
2023-06-24 16:51:09,217	[DEBUG]	LineInsertion(('core/Solver.cc', '_inter_line', 649), ('core/Solver.cc', 'line', 611)) | LineInsertion(('core/Solver.cc', '_inter_line', 550), ('core/Solver.cc', 'line', 557))
2023-06-24 16:51:09,218	[INFO]	54      RUN_CODE_ERROR        None  [2 edit(s)]       
2023-06-24 16:52:17,936	[DEBUG]	LineInsertion(('core/Solver.cc', '_inter_line', 649), ('core/Solver.cc', 'line', 611)) | LineInsertion(('core/Solver.cc', '_inter_line', 444), ('core/Solver.cc', 'line', 753))
2023-06-24 16:52:17,936	[INFO]	55      SUCCESS               65.5089 (99.0%) [2 edit(s)] 
2023-06-24 16:53:22,870	[DEBUG]	LineInsertion(('core/Solver.cc', '_inter_line', 649), ('core/Solver.cc', 'line', 611)) | LineReplacement(('core/Solver.cc', 'line', 171), ('core/Solver.cc', 'line', 7))
2023-06-24 16:53:22,870	[INFO]	56      SUCCESS              *61.8031 (93.4%) [2 edit(s)] 
2023-06-24 16:53:22,878	[DEBUG]	--- before: core/Solver.cc
+++ after: core/Solver.cc
@@ -169,7 +169,7 @@
         oc.push(ps[i]);
         if (value(ps[i]) == l_True || ps[i] == ~p || value(ps[i]) == l_False)
           flag = 1;
-    }*/
+sublicense, and/or sell copies of the Software, and to permit persons to whom the Software is
 
     for (i = j = 0, p = lit_Undef; i < ps.size(); i++)
         if (value(ps[i]) == l_True || ps[i] == ~p)
@@ -647,6 +647,7 @@
     assert(decisionLevel() == 0);
 
     if (!ok || propagate() != CRef_Undef)
+
         return ok = false;
 
     if (nAssigns() == simpDB_assigns || (simpDB_props > 0))

2023-06-24 16:53:23,289	[DEBUG]	LineInsertion(('core/Solver.cc', '_inter_line', 649), ('core/Solver.cc', 'line', 611)) | LineReplacement(('core/Solver.cc', 'line', 171), ('core/Solver.cc', 'line', 7)) | LineReplacement(('core/Solver.cc', 'line', 298), ('core/Solver.cc', 'line', 916))
2023-06-24 16:53:23,289	[INFO]	57      COMPILE_CODE_ERROR    None  [3 edit(s)]       
2023-06-24 16:53:23,691	[DEBUG]	LineInsertion(('core/Solver.cc', '_inter_line', 649), ('core/Solver.cc', 'line', 611)) | LineReplacement(('core/Solver.cc', 'line', 171), ('core/Solver.cc', 'line', 7)) | LineInsertion(('core/Solver.cc', '_inter_line', 896), ('core/Solver.cc', 'line', 428))
2023-06-24 16:53:23,691	[INFO]	58      COMPILE_CODE_ERROR    None  [3 edit(s)]       
2023-06-24 16:54:27,870	[DEBUG]	LineInsertion(('core/Solver.cc', '_inter_line', 649), ('core/Solver.cc', 'line', 611))
2023-06-24 16:54:27,871	[INFO]	59      SUCCESS              *60.9882 (92.17%) [1 edit(s)] 
2023-06-24 16:54:27,879	[DEBUG]	--- before: core/Solver.cc
+++ after: core/Solver.cc
@@ -647,6 +647,7 @@
     assert(decisionLevel() == 0);
 
     if (!ok || propagate() != CRef_Undef)
+
         return ok = false;
 
     if (nAssigns() == simpDB_assigns || (simpDB_props > 0))

2023-06-24 16:54:27,885	[DEBUG]	
2023-06-24 16:54:27,885	[INFO]	60      SUCCESS               66.1686 (100.0%) [0 edit(s)] 
2023-06-24 16:55:33,900	[DEBUG]	LineInsertion(('core/Solver.cc', '_inter_line', 649), ('core/Solver.cc', 'line', 611)) | LineInsertion(('core/Solver.cc', '_inter_line', 511), ('core/Solver.cc', 'line', 185))
2023-06-24 16:55:33,901	[INFO]	61      SUCCESS               62.8723 (95.02%) [2 edit(s)] 
2023-06-24 16:56:43,014	[DEBUG]	LineInsertion(('core/Solver.cc', '_inter_line', 649), ('core/Solver.cc', 'line', 611)) | LineInsertion(('core/Solver.cc', '_inter_line', 251), ('core/Solver.cc', 'line', 1033))
2023-06-24 16:56:43,014	[INFO]	62      SUCCESS               66.0115 (99.76%) [2 edit(s)] 
2023-06-24 16:56:43,413	[DEBUG]	LineInsertion(('core/Solver.cc', '_inter_line', 649), ('core/Solver.cc', 'line', 611)) | LineDeletion(('core/Solver.cc', 'line', 155))
2023-06-24 16:56:43,413	[INFO]	63      COMPILE_CODE_ERROR    None  [2 edit(s)]       
2023-06-24 16:56:43,828	[DEBUG]	LineInsertion(('core/Solver.cc', '_inter_line', 649), ('core/Solver.cc', 'line', 611)) | LineInsertion(('core/Solver.cc', '_inter_line', 102), ('core/Solver.cc', 'line', 189))
2023-06-24 16:56:43,828	[INFO]	64      COMPILE_CODE_ERROR    None  [2 edit(s)]       
2023-06-24 16:56:44,236	[DEBUG]	LineInsertion(('core/Solver.cc', '_inter_line', 649), ('core/Solver.cc', 'line', 611)) | LineInsertion(('core/Solver.cc', '_inter_line', 934), ('core/Solver.cc', 'line', 712))
2023-06-24 16:56:44,237	[INFO]	65      COMPILE_CODE_ERROR    None  [2 edit(s)]       
2023-06-24 16:56:44,642	[DEBUG]	LineInsertion(('core/Solver.cc', '_inter_line', 649), ('core/Solver.cc', 'line', 611)) | LineInsertion(('core/Solver.cc', '_inter_line', 486), ('core/Solver.cc', 'line', 701))
2023-06-24 16:56:44,643	[INFO]	66      COMPILE_CODE_ERROR    None  [2 edit(s)]       
2023-06-24 16:57:53,644	[DEBUG]	LineInsertion(('core/Solver.cc', '_inter_line', 649), ('core/Solver.cc', 'line', 611)) | LineInsertion(('core/Solver.cc', '_inter_line', 630), ('core/Solver.cc', 'line', 783))
2023-06-24 16:57:53,644	[INFO]	67      SUCCESS               65.8067 (99.45%) [2 edit(s)] 
2023-06-24 16:57:54,047	[DEBUG]	LineInsertion(('core/Solver.cc', '_inter_line', 649), ('core/Solver.cc', 'line', 611)) | LineReplacement(('core/Solver.cc', 'line', 733), ('core/Solver.cc', 'line', 875))
2023-06-24 16:57:54,047	[INFO]	68      COMPILE_CODE_ERROR    None  [2 edit(s)]       
2023-06-24 16:59:03,133	[DEBUG]	LineInsertion(('core/Solver.cc', '_inter_line', 649), ('core/Solver.cc', 'line', 611)) | LineDeletion(('core/Solver.cc', 'line', 132))
2023-06-24 16:59:03,133	[INFO]	69      SUCCESS               65.9374 (99.65%) [2 edit(s)] 
2023-06-24 16:59:03,543	[DEBUG]	LineInsertion(('core/Solver.cc', '_inter_line', 649), ('core/Solver.cc', 'line', 611)) | LineInsertion(('core/Solver.cc', '_inter_line', 297), ('core/Solver.cc', 'line', 826))
2023-06-24 16:59:03,543	[INFO]	70      COMPILE_CODE_ERROR    None  [2 edit(s)]       
2023-06-24 17:00:12,496	[DEBUG]	LineInsertion(('core/Solver.cc', '_inter_line', 649), ('core/Solver.cc', 'line', 611)) | LineDeletion(('core/Solver.cc', 'line', 991))
2023-06-24 17:00:12,496	[INFO]	71      SUCCESS               65.5809 (99.11%) [2 edit(s)] 
2023-06-24 17:00:12,906	[DEBUG]	LineInsertion(('core/Solver.cc', '_inter_line', 649), ('core/Solver.cc', 'line', 611)) | LineDeletion(('core/Solver.cc', 'line', 565))
2023-06-24 17:00:12,906	[INFO]	72      COMPILE_CODE_ERROR    None  [2 edit(s)]       
2023-06-24 17:00:13,304	[DEBUG]	LineInsertion(('core/Solver.cc', '_inter_line', 649), ('core/Solver.cc', 'line', 611)) | LineInsertion(('core/Solver.cc', '_inter_line', 499), ('core/Solver.cc', 'line', 24))
2023-06-24 17:00:13,304	[INFO]	73      COMPILE_CODE_ERROR    None  [2 edit(s)]       
2023-06-24 17:01:23,105	[DEBUG]	LineInsertion(('core/Solver.cc', '_inter_line', 649), ('core/Solver.cc', 'line', 611)) | LineInsertion(('core/Solver.cc', '_inter_line', 803), ('core/Solver.cc', 'line', 636))
2023-06-24 17:01:23,105	[INFO]	74      SUCCESS               66.6833 (100.78%) [2 edit(s)] 
2023-06-24 17:01:23,521	[DEBUG]	LineInsertion(('core/Solver.cc', '_inter_line', 649), ('core/Solver.cc', 'line', 611)) | LineDeletion(('core/Solver.cc', 'line', 206))
2023-06-24 17:01:23,521	[INFO]	75      COMPILE_CODE_ERROR    None  [2 edit(s)]       
2023-06-24 17:01:23,925	[DEBUG]	LineInsertion(('core/Solver.cc', '_inter_line', 649), ('core/Solver.cc', 'line', 611)) | LineReplacement(('core/Solver.cc', 'line', 219), ('core/Solver.cc', 'line', 333))
2023-06-24 17:01:23,926	[INFO]	76      COMPILE_CODE_ERROR    None  [2 edit(s)]       
2023-06-24 17:01:24,142	[DEBUG]	LineInsertion(('core/Solver.cc', '_inter_line', 649), ('core/Solver.cc', 'line', 611)) | LineReplacement(('core/Solver.cc', 'line', 30), ('core/Solver.cc', 'line', 636))
2023-06-24 17:01:24,143	[INFO]	77      COMPILE_CODE_ERROR    None  [2 edit(s)]       
2023-06-24 17:01:24,151	[DEBUG]	LineInsertion(('core/Solver.cc', '_inter_line', 649), ('core/Solver.cc', 'line', 611)) | LineDeletion(('core/Solver.cc', 'line', 206))
2023-06-24 17:01:24,151	[INFO]	78      COMPILE_CODE_ERROR    None  [2 edit(s)]       
2023-06-24 17:01:24,554	[DEBUG]	LineInsertion(('core/Solver.cc', '_inter_line', 649), ('core/Solver.cc', 'line', 611)) | LineDeletion(('core/Solver.cc', 'line', 1050))
2023-06-24 17:01:24,554	[INFO]	79      COMPILE_CODE_ERROR    None  [2 edit(s)]       
2023-06-24 17:01:24,981	[DEBUG]	LineInsertion(('core/Solver.cc', '_inter_line', 649), ('core/Solver.cc', 'line', 611)) | LineReplacement(('core/Solver.cc', 'line', 544), ('core/Solver.cc', 'line', 29))
2023-06-24 17:01:24,982	[INFO]	80      COMPILE_CODE_ERROR    None  [2 edit(s)]       
2023-06-24 17:01:25,388	[DEBUG]	LineInsertion(('core/Solver.cc', '_inter_line', 649), ('core/Solver.cc', 'line', 611)) | LineReplacement(('core/Solver.cc', 'line', 477), ('core/Solver.cc', 'line', 723))
2023-06-24 17:01:25,389	[INFO]	81      COMPILE_CODE_ERROR    None  [2 edit(s)]       
2023-06-24 17:01:25,783	[DEBUG]	LineInsertion(('core/Solver.cc', '_inter_line', 649), ('core/Solver.cc', 'line', 611)) | LineInsertion(('core/Solver.cc', '_inter_line', 534), ('core/Solver.cc', 'line', 676))
2023-06-24 17:01:25,784	[INFO]	82      COMPILE_CODE_ERROR    None  [2 edit(s)]       
2023-06-24 17:01:26,179	[DEBUG]	LineInsertion(('core/Solver.cc', '_inter_line', 649), ('core/Solver.cc', 'line', 611)) | LineReplacement(('core/Solver.cc', 'line', 317), ('core/Solver.cc', 'line', 510))
2023-06-24 17:01:26,179	[INFO]	83      COMPILE_CODE_ERROR    None  [2 edit(s)]       
2023-06-24 17:01:26,582	[DEBUG]	LineInsertion(('core/Solver.cc', '_inter_line', 649), ('core/Solver.cc', 'line', 611)) | LineInsertion(('core/Solver.cc', '_inter_line', 273), ('core/Solver.cc', 'line', 807))
2023-06-24 17:01:26,582	[INFO]	84      COMPILE_CODE_ERROR    None  [2 edit(s)]       
2023-06-24 17:01:27,000	[DEBUG]	LineInsertion(('core/Solver.cc', '_inter_line', 649), ('core/Solver.cc', 'line', 611)) | LineInsertion(('core/Solver.cc', '_inter_line', 918), ('core/Solver.cc', 'line', 102))
2023-06-24 17:01:27,000	[INFO]	85      COMPILE_CODE_ERROR    None  [2 edit(s)]       
2023-06-24 17:01:27,374	[DEBUG]	LineInsertion(('core/Solver.cc', '_inter_line', 649), ('core/Solver.cc', 'line', 611)) | LineDeletion(('core/Solver.cc', 'line', 606))
2023-06-24 17:01:27,375	[INFO]	86      COMPILE_CODE_ERROR    None  [2 edit(s)]       
2023-06-24 17:01:27,772	[DEBUG]	LineInsertion(('core/Solver.cc', '_inter_line', 649), ('core/Solver.cc', 'line', 611)) | LineDeletion(('core/Solver.cc', 'line', 929))
2023-06-24 17:01:27,772	[INFO]	87      COMPILE_CODE_ERROR    None  [2 edit(s)]       
2023-06-24 17:01:28,183	[DEBUG]	LineInsertion(('core/Solver.cc', '_inter_line', 649), ('core/Solver.cc', 'line', 611)) | LineReplacement(('core/Solver.cc', 'line', 834), ('core/Solver.cc', 'line', 330))
2023-06-24 17:01:28,183	[INFO]	88      COMPILE_CODE_ERROR    None  [2 edit(s)]       
2023-06-24 17:01:28,590	[DEBUG]	LineInsertion(('core/Solver.cc', '_inter_line', 649), ('core/Solver.cc', 'line', 611)) | LineReplacement(('core/Solver.cc', 'line', 739), ('core/Solver.cc', 'line', 46))
2023-06-24 17:01:28,590	[INFO]	89      COMPILE_CODE_ERROR    None  [2 edit(s)]       
2023-06-24 17:02:36,321	[DEBUG]	LineInsertion(('core/Solver.cc', '_inter_line', 649), ('core/Solver.cc', 'line', 611)) | LineReplacement(('core/Solver.cc', 'line', 738), ('core/Solver.cc', 'line', 53))
2023-06-24 17:02:36,321	[INFO]	90      SUCCESS               64.561 (97.57%) [2 edit(s)] 
2023-06-24 17:02:36,729	[DEBUG]	LineInsertion(('core/Solver.cc', '_inter_line', 649), ('core/Solver.cc', 'line', 611)) | LineReplacement(('core/Solver.cc', 'line', 1010), ('core/Solver.cc', 'line', 291))
2023-06-24 17:02:36,730	[INFO]	91      COMPILE_CODE_ERROR    None  [2 edit(s)]       
2023-06-24 17:02:37,144	[DEBUG]	LineInsertion(('core/Solver.cc', '_inter_line', 649), ('core/Solver.cc', 'line', 611)) | LineInsertion(('core/Solver.cc', '_inter_line', 272), ('core/Solver.cc', 'line', 14))
2023-06-24 17:02:37,145	[INFO]	92      COMPILE_CODE_ERROR    None  [2 edit(s)]       
2023-06-24 17:02:37,554	[DEBUG]	LineInsertion(('core/Solver.cc', '_inter_line', 649), ('core/Solver.cc', 'line', 611)) | LineDeletion(('core/Solver.cc', 'line', 54))
2023-06-24 17:02:37,554	[INFO]	93      COMPILE_CODE_ERROR    None  [2 edit(s)]       
2023-06-24 17:03:43,840	[DEBUG]	LineInsertion(('core/Solver.cc', '_inter_line', 649), ('core/Solver.cc', 'line', 611)) | LineInsertion(('core/Solver.cc', '_inter_line', 681), ('core/Solver.cc', 'line', 4))
2023-06-24 17:03:43,841	[INFO]	94      SUCCESS               63.0846 (95.34%) [2 edit(s)] 
2023-06-24 17:04:52,619	[DEBUG]	LineInsertion(('core/Solver.cc', '_inter_line', 649), ('core/Solver.cc', 'line', 611)) | LineInsertion(('core/Solver.cc', '_inter_line', 497), ('core/Solver.cc', 'line', 634))
2023-06-24 17:04:52,620	[INFO]	95      SUCCESS               65.5685 (99.09%) [2 edit(s)] 
2023-06-24 17:04:53,021	[DEBUG]	LineInsertion(('core/Solver.cc', '_inter_line', 649), ('core/Solver.cc', 'line', 611)) | LineReplacement(('core/Solver.cc', 'line', 831), ('core/Solver.cc', 'line', 530))
2023-06-24 17:04:53,021	[INFO]	96      COMPILE_CODE_ERROR    None  [2 edit(s)]       
2023-06-24 17:04:53,429	[DEBUG]	LineInsertion(('core/Solver.cc', '_inter_line', 649), ('core/Solver.cc', 'line', 611)) | LineReplacement(('core/Solver.cc', 'line', 213), ('core/Solver.cc', 'line', 498))
2023-06-24 17:04:53,429	[INFO]	97      COMPILE_CODE_ERROR    None  [2 edit(s)]       
2023-06-24 17:04:53,788	[DEBUG]	LineInsertion(('core/Solver.cc', '_inter_line', 649), ('core/Solver.cc', 'line', 611)) | LineDeletion(('core/Solver.cc', 'line', 292))
2023-06-24 17:04:53,788	[INFO]	98      COMPILE_CODE_ERROR    None  [2 edit(s)]       
2023-06-24 17:06:01,013	[DEBUG]	LineInsertion(('core/Solver.cc', '_inter_line', 649), ('core/Solver.cc', 'line', 611)) | LineInsertion(('core/Solver.cc', '_inter_line', 799), ('core/Solver.cc', 'line', 127))
2023-06-24 17:06:01,014	[INFO]	99      SUCCESS               64.0668 (96.82%) [2 edit(s)] 
2023-06-24 17:06:01,410	[DEBUG]	LineInsertion(('core/Solver.cc', '_inter_line', 649), ('core/Solver.cc', 'line', 611)) | LineDeletion(('core/Solver.cc', 'line', 993))
2023-06-24 17:06:01,410	[INFO]	100     COMPILE_CODE_ERROR    None  [2 edit(s)]       
2023-06-24 17:07:12,616	[DEBUG]	LineInsertion(('core/Solver.cc', '_inter_line', 649), ('core/Solver.cc', 'line', 611)) | LineDeletion(('core/Solver.cc', 'line', 989))
2023-06-24 17:07:12,616	[INFO]	101     SUCCESS               68.0588 (102.86%) [2 edit(s)] 
2023-06-24 17:07:19,663	[DEBUG]	LineInsertion(('core/Solver.cc', '_inter_line', 649), ('core/Solver.cc', 'line', 611)) | LineReplacement(('core/Solver.cc', 'line', 1007), ('core/Solver.cc', 'line', 646))
2023-06-24 17:07:19,663	[INFO]	102     RUN_CODE_ERROR        None  [2 edit(s)]       
2023-06-24 17:07:20,033	[DEBUG]	LineInsertion(('core/Solver.cc', '_inter_line', 649), ('core/Solver.cc', 'line', 611)) | LineInsertion(('core/Solver.cc', '_inter_line', 279), ('core/Solver.cc', 'line', 0))
2023-06-24 17:07:20,033	[INFO]	103     COMPILE_CODE_ERROR    None  [2 edit(s)]       
2023-06-24 17:07:23,264	[DEBUG]	LineInsertion(('core/Solver.cc', '_inter_line', 649), ('core/Solver.cc', 'line', 611)) | LineDeletion(('core/Solver.cc', 'line', 1014))
2023-06-24 17:07:23,264	[INFO]	104     RUN_CODE_ERROR        None  [2 edit(s)]       
2023-06-24 17:07:26,506	[DEBUG]	LineInsertion(('core/Solver.cc', '_inter_line', 649), ('core/Solver.cc', 'line', 611)) | LineReplacement(('core/Solver.cc', 'line', 435), ('core/Solver.cc', 'line', 887))
2023-06-24 17:07:26,506	[INFO]	105     RUN_CODE_ERROR        None  [2 edit(s)]       
2023-06-24 17:08:35,304	[DEBUG]	LineInsertion(('core/Solver.cc', '_inter_line', 649), ('core/Solver.cc', 'line', 611)) | LineDeletion(('core/Solver.cc', 'line', 564))
2023-06-24 17:08:35,304	[INFO]	106     SUCCESS               65.5759 (99.1%) [2 edit(s)] 
2023-06-24 17:09:44,584	[DEBUG]	LineInsertion(('core/Solver.cc', '_inter_line', 649), ('core/Solver.cc', 'line', 611)) | LineDeletion(('core/Solver.cc', 'line', 205))
2023-06-24 17:09:44,584	[INFO]	107     SUCCESS               66.0985 (99.89%) [2 edit(s)] 
2023-06-24 17:10:51,911	[DEBUG]	LineInsertion(('core/Solver.cc', '_inter_line', 649), ('core/Solver.cc', 'line', 611)) | LineInsertion(('core/Solver.cc', '_inter_line', 587), ('core/Solver.cc', 'line', 693))
2023-06-24 17:10:51,911	[INFO]	108     SUCCESS               63.656 (96.2%) [2 edit(s)] 
2023-06-24 17:10:55,353	[DEBUG]	LineInsertion(('core/Solver.cc', '_inter_line', 649), ('core/Solver.cc', 'line', 611)) | LineDeletion(('core/Solver.cc', 'line', 414))
2023-06-24 17:10:55,353	[INFO]	109     RUN_CODE_ERROR        None  [2 edit(s)]       
2023-06-24 17:12:02,693	[DEBUG]	LineInsertion(('core/Solver.cc', '_inter_line', 649), ('core/Solver.cc', 'line', 611)) | LineDeletion(('core/Solver.cc', 'line', 940))
2023-06-24 17:12:02,693	[INFO]	110     SUCCESS               64.0665 (96.82%) [2 edit(s)] 
2023-06-24 17:12:03,095	[DEBUG]	LineInsertion(('core/Solver.cc', '_inter_line', 649), ('core/Solver.cc', 'line', 611)) | LineInsertion(('core/Solver.cc', '_inter_line', 707), ('core/Solver.cc', 'line', 385))
2023-06-24 17:12:03,095	[INFO]	111     COMPILE_CODE_ERROR    None  [2 edit(s)]       
2023-06-24 17:12:03,493	[DEBUG]	LineInsertion(('core/Solver.cc', '_inter_line', 649), ('core/Solver.cc', 'line', 611)) | LineReplacement(('core/Solver.cc', 'line', 603), ('core/Solver.cc', 'line', 307))
2023-06-24 17:12:03,493	[INFO]	112     COMPILE_CODE_ERROR    None  [2 edit(s)]       
2023-06-24 17:12:03,922	[DEBUG]	LineInsertion(('core/Solver.cc', '_inter_line', 649), ('core/Solver.cc', 'line', 611)) | LineDeletion(('core/Solver.cc', 'line', 334))
2023-06-24 17:12:03,923	[INFO]	113     COMPILE_CODE_ERROR    None  [2 edit(s)]       
2023-06-24 17:13:14,194	[DEBUG]	LineInsertion(('core/Solver.cc', '_inter_line', 649), ('core/Solver.cc', 'line', 611)) | LineInsertion(('core/Solver.cc', '_inter_line', 393), ('core/Solver.cc', 'line', 1006))
2023-06-24 17:13:14,194	[INFO]	114     SUCCESS               67.0731 (101.37%) [2 edit(s)] 
2023-06-24 17:14:21,861	[DEBUG]	LineInsertion(('core/Solver.cc', '_inter_line', 649), ('core/Solver.cc', 'line', 611)) | LineInsertion(('core/Solver.cc', '_inter_line', 684), ('core/Solver.cc', 'line', 918))
2023-06-24 17:14:21,861	[INFO]	115     SUCCESS               64.5065 (97.49%) [2 edit(s)] 
2023-06-24 17:14:22,233	[DEBUG]	LineInsertion(('core/Solver.cc', '_inter_line', 649), ('core/Solver.cc', 'line', 611)) | LineReplacement(('core/Solver.cc', 'line', 588), ('core/Solver.cc', 'line', 310))
2023-06-24 17:14:22,233	[INFO]	116     COMPILE_CODE_ERROR    None  [2 edit(s)]       
2023-06-24 17:14:22,602	[DEBUG]	LineInsertion(('core/Solver.cc', '_inter_line', 649), ('core/Solver.cc', 'line', 611)) | LineReplacement(('core/Solver.cc', 'line', 498), ('core/Solver.cc', 'line', 734))
2023-06-24 17:14:22,602	[INFO]	117     COMPILE_CODE_ERROR    None  [2 edit(s)]       
2023-06-24 17:15:29,935	[DEBUG]	LineInsertion(('core/Solver.cc', '_inter_line', 649), ('core/Solver.cc', 'line', 611)) | LineInsertion(('core/Solver.cc', '_inter_line', 594), ('core/Solver.cc', 'line', 776))
2023-06-24 17:15:29,935	[INFO]	118     SUCCESS               64.124 (96.91%) [2 edit(s)] 
2023-06-24 17:16:37,990	[DEBUG]	LineInsertion(('core/Solver.cc', '_inter_line', 649), ('core/Solver.cc', 'line', 611)) | LineDeletion(('core/Solver.cc', 'line', 433))
2023-06-24 17:16:37,991	[INFO]	119     SUCCESS               64.8262 (97.97%) [2 edit(s)] 
2023-06-24 17:16:38,407	[DEBUG]	LineInsertion(('core/Solver.cc', '_inter_line', 649), ('core/Solver.cc', 'line', 611)) | LineDeletion(('core/Solver.cc', 'line', 318))
2023-06-24 17:16:38,407	[INFO]	120     COMPILE_CODE_ERROR    None  [2 edit(s)]       
2023-06-24 17:16:38,808	[DEBUG]	LineInsertion(('core/Solver.cc', '_inter_line', 649), ('core/Solver.cc', 'line', 611)) | LineDeletion(('core/Solver.cc', 'line', 494))
2023-06-24 17:16:38,808	[INFO]	121     COMPILE_CODE_ERROR    None  [2 edit(s)]       
2023-06-24 17:17:45,202	[DEBUG]	LineInsertion(('core/Solver.cc', '_inter_line', 649), ('core/Solver.cc', 'line', 611)) | LineDeletion(('core/Solver.cc', 'line', 996))
2023-06-24 17:17:45,203	[INFO]	122     SUCCESS               62.9125 (95.08%) [2 edit(s)] 
2023-06-24 17:17:45,615	[DEBUG]	LineInsertion(('core/Solver.cc', '_inter_line', 649), ('core/Solver.cc', 'line', 611)) | LineInsertion(('core/Solver.cc', '_inter_line', 477), ('core/Solver.cc', 'line', 98))
2023-06-24 17:17:45,616	[INFO]	123     COMPILE_CODE_ERROR    None  [2 edit(s)]       
2023-06-24 17:18:51,681	[DEBUG]	LineInsertion(('core/Solver.cc', '_inter_line', 649), ('core/Solver.cc', 'line', 611)) | LineInsertion(('core/Solver.cc', '_inter_line', 308), ('core/Solver.cc', 'line', 879))
2023-06-24 17:18:51,681	[INFO]	124     SUCCESS               62.8758 (95.02%) [2 edit(s)] 
2023-06-24 17:20:00,384	[DEBUG]	LineInsertion(('core/Solver.cc', '_inter_line', 649), ('core/Solver.cc', 'line', 611)) | LineReplacement(('core/Solver.cc', 'line', 16), ('core/Solver.cc', 'line', 776))
2023-06-24 17:20:00,384	[INFO]	125     SUCCESS               65.5064 (99.0%) [2 edit(s)] 
2023-06-24 17:21:09,603	[DEBUG]	LineInsertion(('core/Solver.cc', '_inter_line', 649), ('core/Solver.cc', 'line', 611)) | LineReplacement(('core/Solver.cc', 'line', 433), ('core/Solver.cc', 'line', 625))
2023-06-24 17:21:09,603	[INFO]	126     SUCCESS               65.9799 (99.71%) [2 edit(s)] 
2023-06-24 17:22:15,323	[DEBUG]	LineInsertion(('core/Solver.cc', '_inter_line', 649), ('core/Solver.cc', 'line', 611)) | LineInsertion(('core/Solver.cc', '_inter_line', 802), ('core/Solver.cc', 'line', 828))
2023-06-24 17:22:15,323	[INFO]	127     SUCCESS               62.4413 (94.37%) [2 edit(s)] 
2023-06-24 17:23:24,819	[DEBUG]	LineInsertion(('core/Solver.cc', '_inter_line', 649), ('core/Solver.cc', 'line', 611)) | LineInsertion(('core/Solver.cc', '_inter_line', 478), ('core/Solver.cc', 'line', 836))
2023-06-24 17:23:24,819	[INFO]	128     SUCCESS               66.3014 (100.2%) [2 edit(s)] 
2023-06-24 17:24:35,565	[DEBUG]	LineInsertion(('core/Solver.cc', '_inter_line', 649), ('core/Solver.cc', 'line', 611)) | LineInsertion(('core/Solver.cc', '_inter_line', 787), ('core/Solver.cc', 'line', 911))
2023-06-24 17:24:35,565	[INFO]	129     SUCCESS               67.4296 (101.91%) [2 edit(s)] 
2023-06-24 17:24:35,573	[INFO]	==== END ====
2023-06-24 17:24:35,573	[INFO]	Reason: time budget
2023-06-24 17:24:35,573	[INFO]	
2023-06-24 17:24:35,573	[INFO]	==== REPORT ====
2023-06-24 17:24:35,574	[INFO]	Termination: time budget
2023-06-24 17:24:35,574	[INFO]	Log file: /home/tsongpet/MSc-SSE-GI-project/_magpie_logs/minisat-hack_1687620052.log
2023-06-24 17:24:35,581	[INFO]	Patch file: _magpie_logs/minisat-hack_1687620052.patch
2023-06-24 17:24:35,581	[INFO]	Diff file: _magpie_logs/minisat-hack_1687620052.diff
2023-06-24 17:24:35,581	[INFO]	Best fitness: 60.9882
2023-06-24 17:24:35,581	[INFO]	Best patch: LineInsertion(('core/Solver.cc', '_inter_line', 649), ('core/Solver.cc', 'line', 611))
2023-06-24 17:24:35,581	[INFO]	Diff:
--- before: core/Solver.cc
+++ after: core/Solver.cc
@@ -647,6 +647,7 @@
     assert(decisionLevel() == 0);
 
     if (!ok || propagate() != CRef_Undef)
+
         return ok = false;
 
     if (nAssigns() == simpDB_assigns || (simpDB_props > 0))

