2023-07-16 15:27:33,587	[DEBUG]	==== CONFIG ====
[magpie]
import = 
seed = 
log_dir = _magpie_logs
work_dir = _magpie_work
local_original_copy = False
local_original_name = __original__
output_encoding = ascii
edit_retries = 10
default_timeout = 30
default_lengthout = 1e6
diff_method = unified

[software]
path = code/minisat-hack
target_files = 
	core/Solver.cc.xml
	minisat.params
program = BasicProgram
engine_rules = 
	*.params : ConfigFileParamsEngine
	*.xml : SrcmlEngine
	* : LineEngine
engine_config = 
	*.params : [params]
	*.xml : [srcml]
setup_cmd = ./compile.sh
setup_timeout = 
setup_lengthout = 
compile_cmd = ./compile.sh
compile_timeout = 15
compile_lengthout = 
test_cmd = 
test_timeout = 
test_lengthout = 
run_cmd = perf stat run-sh/test.sh
run_timeout = 6585
run_lengthout = 
fitness = perf_time

[srcml]
rename = 
	stmt: break continue decl_stmt do expr_stmt for goto if return switch while
	number: literal_number
focus = block stmt operator_comp operator_arith number
internodes = block
process_pseudo_blocks = True
process_literals = True
process_operators = True

[params]
timing = test run
cli_prefix = --
cli_glue = =
cli_boolean = show
cli_boolean_prefix_true = 
cli_boolean_prefix_false = no-
silent_prefix = @
silent_suffix = $

[search]
protocol = BasicProtocol
algorithm = ValidTest
possible_edits = 
	StmtReplacement
	StmtInsertion
	StmtDeletion
	ParamSetting
warmup = 3
warmup_strategy = last
max_steps = 
max_time = 
target_fitness = 
cache_maxsize = 40
cache_keep = 0.2

[search.ls]
delete_prob = 0.5
max_neighbours = 
when_trapped = continue
accept_fail = False
tabu_length = 10

[search.gp]
pop_size = 10
delete_prob = 0.5
offspring_elitism = 0.1
offspring_crossover = 0.5
offspring_mutation = 0.4
uniform_rate = 0.5


2023-07-16 15:27:33,588	[INFO]	==== WARMUP ====
2023-07-16 17:04:15,600	[INFO]	WARM    SUCCESS               5791.5884               
2023-07-16 18:40:19,454	[INFO]	WARM    SUCCESS               5760.1726               
2023-07-16 20:16:22,354	[INFO]	WARM    SUCCESS               5759.4817               
2023-07-16 20:16:22,354	[INFO]	INITIAL SUCCESS               5759.4817               
2023-07-16 20:16:22,354	[INFO]	==== START: ValidTest ====
2023-07-16 20:16:22,387	[DEBUG]	CLEAN_PATCH: ParamSetting(('minisat.params', 'cp-increase'), 5037) | StmtDeletion(('core/Solver.cc.xml', 'stmt', 310)) | ParamSetting(('minisat.params', 'elim'), 'True')
2023-07-16 20:16:22,388	[DEBUG]	CLEAN_SIZE: 3 (was 3)
2023-07-16 21:39:42,904	[DEBUG]	ParamSetting(('minisat.params', 'cp-increase'), 5037) | StmtDeletion(('core/Solver.cc.xml', 'stmt', 310)) | ParamSetting(('minisat.params', 'elim'), 'True')
2023-07-16 21:39:42,905	[INFO]	1       SUCCESS              *4996.7516 (86.76%) [3 edit(s)] 
2023-07-16 21:39:42,915	[DEBUG]	--- before: core/Solver.cc
+++ after: core/Solver.cc
@@ -750,7 +750,7 @@
             // CONFLICT
             conflicts++; conflictC++;
             if (conflicts % 5000 == 0 && var_decay < 0.95)/*auto*/{
-                var_decay += 0.01;
+                
 }/*auto*/
             if (decisionLevel() == 0)/*auto*/{ return l_False;
 }/*auto*/
--- before: minisat.params
+++ after: minisat.params
@@ -1,6 +1,6 @@
 lbd-cut := 5.0
 lbd-cut-max := 10.0
-cp-increase := 15000
+cp-increase := 5037
 core-tolerance := 0.02
 var-decay := 0.95
 cla-decay := 0.999
@@ -14,7 +14,7 @@
 pre := 'True'
 asymm := 'False'
 rcheck := 'False'
-elim := 'False'
+elim := 'True'
 grow := 0
 cl-lim := 20
 sub-lim := 1000

2023-07-16 21:39:42,923	[INFO]	==== END ====
2023-07-16 21:39:42,924	[INFO]	Reason: validation end
2023-07-16 21:39:42,924	[INFO]	
2023-07-16 21:39:42,924	[INFO]	==== REPORT ====
2023-07-16 21:39:42,924	[INFO]	Termination: validation end
2023-07-16 21:39:42,924	[INFO]	Log file: /home/tsongpet/MSc-SSE-GI-project/_magpie_logs/minisat-hack_1689517652.log
2023-07-16 21:39:42,933	[INFO]	Patch file: _magpie_logs/minisat-hack_1689517652.patch
2023-07-16 21:39:42,934	[INFO]	Diff file: _magpie_logs/minisat-hack_1689517652.diff
2023-07-16 21:39:42,934	[INFO]	Best fitness: 4996.7516
2023-07-16 21:39:42,934	[INFO]	Best patch: ParamSetting(('minisat.params', 'cp-increase'), 5037) | StmtDeletion(('core/Solver.cc.xml', 'stmt', 310)) | ParamSetting(('minisat.params', 'elim'), 'True')
2023-07-16 21:39:42,934	[INFO]	Diff:
--- before: core/Solver.cc
+++ after: core/Solver.cc
@@ -750,7 +750,7 @@
             // CONFLICT
             conflicts++; conflictC++;
             if (conflicts % 5000 == 0 && var_decay < 0.95)/*auto*/{
-                var_decay += 0.01;
+                
 }/*auto*/
             if (decisionLevel() == 0)/*auto*/{ return l_False;
 }/*auto*/
--- before: minisat.params
+++ after: minisat.params
@@ -1,6 +1,6 @@
 lbd-cut := 5.0
 lbd-cut-max := 10.0
-cp-increase := 15000
+cp-increase := 5037
 core-tolerance := 0.02
 var-decay := 0.95
 cla-decay := 0.999
@@ -14,7 +14,7 @@
 pre := 'True'
 asymm := 'False'
 rcheck := 'False'
-elim := 'False'
+elim := 'True'
 grow := 0
 cl-lim := 20
 sub-lim := 1000

