2023-07-11 09:31:35,553	[DEBUG]	==== CONFIG ====
[magpie]
import = 
seed = 
log_dir = _magpie_logs
work_dir = _magpie_work
local_original_copy = False
local_original_name = __original__
output_encoding = ascii
edit_retries = 10
default_timeout = 30
default_lengthout = 1e6
diff_method = unified

[software]
path = code/minisat-hack
target_files = 
	core/Solver.cc.xml
	minisat.params
program = BasicProgram
engine_rules = 
	*.params : ConfigFileParamsEngine
	*.xml : SrcmlEngine
	* : LineEngine
engine_config = 
	*.params : [params]
	*.xml : [srcml]
setup_cmd = ./compile.sh
setup_timeout = 
setup_lengthout = 
compile_cmd = ./compile.sh
compile_timeout = 15
compile_lengthout = 
test_cmd = 
test_timeout = 
test_lengthout = 
run_cmd = perf stat run-sh/validate_4.sh
run_timeout = 1240
run_lengthout = 
fitness = perf_time

[srcml]
rename = 
	stmt: break continue decl_stmt do expr_stmt for goto if return switch while
	number: literal_number
focus = block stmt operator_comp operator_arith number
internodes = block
process_pseudo_blocks = True
process_literals = True
process_operators = True

[params]
timing = test run
cli_prefix = --
cli_glue = =
cli_boolean = show
cli_boolean_prefix_true = 
cli_boolean_prefix_false = no-
silent_prefix = @
silent_suffix = $

[search]
protocol = BasicProtocol
algorithm = ValidRankingSimplify
possible_edits = 
	ParamSetting
warmup = 3
warmup_strategy = last
max_steps = 
max_time = 21840
target_fitness = 
cache_maxsize = 40
cache_keep = 0.2

[search.ls]
delete_prob = 0.5
max_neighbours = 
when_trapped = continue
accept_fail = False
tabu_length = 10

[search.gp]
pop_size = 10
delete_prob = 0.5
offspring_elitism = 0.1
offspring_crossover = 0.5
offspring_mutation = 0.4
uniform_rate = 0.5


2023-07-11 09:31:35,554	[INFO]	==== WARMUP ====
2023-07-11 09:47:59,530	[INFO]	WARM    SUCCESS               974.6812                
2023-07-11 10:04:34,160	[INFO]	WARM    SUCCESS               990.9027                
2023-07-11 10:21:11,346	[INFO]	WARM    SUCCESS               993.6569                
2023-07-11 10:21:11,346	[INFO]	INITIAL SUCCESS               993.6569                
2023-07-11 10:21:11,346	[INFO]	==== START: ValidRankingSimplify ====
2023-07-11 10:21:11,492	[DEBUG]	CLEAN_PATCH: ParamSetting(('minisat.params', 'cla-decay'), 0.37410960951759464) | ParamSetting(('minisat.params', 'cp-increase'), 5584) | ParamSetting(('minisat.params', 'core-tolerance'), 0.712638456433133) | ParamSetting(('minisat.params', 'gc-frac'), 0.8390448529007964)
2023-07-11 10:21:11,492	[DEBUG]	CLEAN_SIZE: 4 (was 10)
2023-07-11 10:41:56,021	[DEBUG]	ParamSetting(('minisat.params', 'cla-decay'), 0.37410960951759464) | ParamSetting(('minisat.params', 'core-tolerance'), 0.3502829062917123) | ParamSetting(('minisat.params', 'cp-increase'), 5584) | ParamSetting(('minisat.params', 'asymm'), 'False') | ParamSetting(('minisat.params', 'elim'), 'False') | ParamSetting(('minisat.params', 'rinc'), 2.297058463533875) | ParamSetting(('minisat.params', 'rcheck'), 'False') | ParamSetting(('minisat.params', 'core-tolerance'), 0.712638456433133) | ParamSetting(('minisat.params', 'rinc'), 1.1077506377007573) | ParamSetting(('minisat.params', 'gc-frac'), 0.8390448529007964)
2023-07-11 10:41:56,022	[INFO]	1       RUN_TIMEOUT           None  [10 edit(s)]      
2023-07-11 10:41:56,022	[INFO]	-- ranking --
2023-07-11 11:02:28,177	[DEBUG]	ParamSetting(('minisat.params', 'cla-decay'), 0.37410960951759464)
2023-07-11 11:02:28,178	[INFO]	2       SUCCESS              *1228.7122 (123.66%) [1 edit(s)] 
2023-07-11 11:02:28,194	[DEBUG]	--- before: minisat.params
+++ after: minisat.params
@@ -3,7 +3,7 @@
 cp-increase := 15000
 core-tolerance := 0.02
 var-decay := 0.95
-cla-decay := 0.999
+cla-decay := 0.37410960951759464
 rnd-freq := 0.0
 ccmin-mode := 2
 phase-saving := 2

2023-07-11 11:23:12,256	[DEBUG]	ParamSetting(('minisat.params', 'core-tolerance'), 0.3502829062917123)
2023-07-11 11:23:12,256	[INFO]	3       RUN_TIMEOUT           None  [1 edit(s)]       
2023-07-11 11:37:21,141	[DEBUG]	ParamSetting(('minisat.params', 'cp-increase'), 5584)
2023-07-11 11:37:21,142	[INFO]	4       SUCCESS              *845.2681 (85.07%) [1 edit(s)] 
2023-07-11 11:37:21,158	[DEBUG]	--- before: minisat.params
+++ after: minisat.params
@@ -1,6 +1,6 @@
 lbd-cut := 5.0
 lbd-cut-max := 10.0
-cp-increase := 15000
+cp-increase := 5584
 core-tolerance := 0.02
 var-decay := 0.95
 cla-decay := 0.999

2023-07-11 11:37:21,172	[DEBUG]	ParamSetting(('minisat.params', 'asymm'), 'False')
2023-07-11 11:37:21,172	[INFO]	5       SUCCESS              +993.6569 (100.0%) [1 edit(s)] 
2023-07-11 11:37:21,188	[DEBUG]	
2023-07-11 11:37:21,201	[DEBUG]	ParamSetting(('minisat.params', 'elim'), 'False')
2023-07-11 11:37:21,201	[INFO]	6       SUCCESS              +993.6569 (100.0%) [1 edit(s)] 
2023-07-11 11:37:21,215	[DEBUG]	
2023-07-11 11:37:21,231	[DEBUG]	ParamSetting(('minisat.params', 'rinc'), 2.297058463533875)
2023-07-11 11:37:21,231	[INFO]	7       SUCCESS              +993.6569 (100.0%) [1 edit(s)] 
2023-07-11 11:37:21,245	[DEBUG]	
2023-07-11 11:37:21,259	[DEBUG]	ParamSetting(('minisat.params', 'rcheck'), 'False')
2023-07-11 11:37:21,260	[INFO]	8       SUCCESS              +993.6569 (100.0%) [1 edit(s)] 
2023-07-11 11:37:21,273	[DEBUG]	
2023-07-11 11:58:05,185	[DEBUG]	ParamSetting(('minisat.params', 'core-tolerance'), 0.712638456433133)
2023-07-11 11:58:05,185	[INFO]	9       RUN_TIMEOUT           None  [1 edit(s)]       
2023-07-11 11:58:05,194	[DEBUG]	ParamSetting(('minisat.params', 'rinc'), 1.1077506377007573)
2023-07-11 11:58:05,194	[INFO]	10      SUCCESS              +993.6569 (100.0%) [1 edit(s)] 
2023-07-11 11:58:05,202	[DEBUG]	
2023-07-11 12:15:19,413	[DEBUG]	ParamSetting(('minisat.params', 'gc-frac'), 0.8390448529007964)
2023-07-11 12:15:19,413	[INFO]	11      SUCCESS              +1030.669 (103.72%) [1 edit(s)] 
2023-07-11 12:15:19,422	[DEBUG]	--- before: minisat.params
+++ after: minisat.params
@@ -9,7 +9,7 @@
 phase-saving := 2
 rnd-init := 'False'
 luby := 0
-gc-frac := 0.2
+gc-frac := 0.8390448529007964
 verb := 1
 pre := 'True'
 asymm := 'False'

2023-07-11 12:15:19,422	[INFO]	-- rebuild --
2023-07-11 12:15:19,431	[DEBUG]	ParamSetting(('minisat.params', 'cp-increase'), 5584) | ParamSetting(('minisat.params', 'asymm'), 'False')
2023-07-11 12:15:19,431	[INFO]	12      SUCCESS              +845.2681 (85.07%) [2 edit(s)] 
2023-07-11 12:15:19,439	[DEBUG]	--- before: minisat.params
+++ after: minisat.params
@@ -1,6 +1,6 @@
 lbd-cut := 5.0
 lbd-cut-max := 10.0
-cp-increase := 15000
+cp-increase := 5584
 core-tolerance := 0.02
 var-decay := 0.95
 cla-decay := 0.999

2023-07-11 12:15:19,447	[DEBUG]	ParamSetting(('minisat.params', 'cp-increase'), 5584) | ParamSetting(('minisat.params', 'elim'), 'False')
2023-07-11 12:15:19,447	[INFO]	13      SUCCESS              +845.2681 (85.07%) [2 edit(s)] 
2023-07-11 12:15:19,454	[DEBUG]	--- before: minisat.params
+++ after: minisat.params
@@ -1,6 +1,6 @@
 lbd-cut := 5.0
 lbd-cut-max := 10.0
-cp-increase := 15000
+cp-increase := 5584
 core-tolerance := 0.02
 var-decay := 0.95
 cla-decay := 0.999

2023-07-11 12:15:19,463	[DEBUG]	ParamSetting(('minisat.params', 'cp-increase'), 5584) | ParamSetting(('minisat.params', 'rinc'), 2.297058463533875)
2023-07-11 12:15:19,463	[INFO]	14      SUCCESS              +845.2681 (85.07%) [2 edit(s)] 
2023-07-11 12:15:19,477	[DEBUG]	--- before: minisat.params
+++ after: minisat.params
@@ -1,6 +1,6 @@
 lbd-cut := 5.0
 lbd-cut-max := 10.0
-cp-increase := 15000
+cp-increase := 5584
 core-tolerance := 0.02
 var-decay := 0.95
 cla-decay := 0.999

2023-07-11 12:15:19,485	[DEBUG]	ParamSetting(('minisat.params', 'cp-increase'), 5584) | ParamSetting(('minisat.params', 'rcheck'), 'False')
2023-07-11 12:15:19,486	[INFO]	15      SUCCESS              +845.2681 (85.07%) [2 edit(s)] 
2023-07-11 12:15:19,493	[DEBUG]	--- before: minisat.params
+++ after: minisat.params
@@ -1,6 +1,6 @@
 lbd-cut := 5.0
 lbd-cut-max := 10.0
-cp-increase := 15000
+cp-increase := 5584
 core-tolerance := 0.02
 var-decay := 0.95
 cla-decay := 0.999

2023-07-11 12:15:19,500	[DEBUG]	ParamSetting(('minisat.params', 'cp-increase'), 5584) | ParamSetting(('minisat.params', 'rinc'), 1.1077506377007573)
2023-07-11 12:15:19,501	[INFO]	16      SUCCESS              +845.2681 (85.07%) [2 edit(s)] 
2023-07-11 12:15:19,509	[DEBUG]	--- before: minisat.params
+++ after: minisat.params
@@ -1,6 +1,6 @@
 lbd-cut := 5.0
 lbd-cut-max := 10.0
-cp-increase := 15000
+cp-increase := 5584
 core-tolerance := 0.02
 var-decay := 0.95
 cla-decay := 0.999

2023-07-11 12:30:05,822	[DEBUG]	ParamSetting(('minisat.params', 'cp-increase'), 5584) | ParamSetting(('minisat.params', 'gc-frac'), 0.8390448529007964)
2023-07-11 12:30:05,822	[INFO]	17      SUCCESS              +882.6164 (88.83%) [2 edit(s)] 
2023-07-11 12:30:05,831	[DEBUG]	--- before: minisat.params
+++ after: minisat.params
@@ -1,6 +1,6 @@
 lbd-cut := 5.0
 lbd-cut-max := 10.0
-cp-increase := 15000
+cp-increase := 5584
 core-tolerance := 0.02
 var-decay := 0.95
 cla-decay := 0.999
@@ -9,7 +9,7 @@
 phase-saving := 2
 rnd-init := 'False'
 luby := 0
-gc-frac := 0.2
+gc-frac := 0.8390448529007964
 verb := 1
 pre := 'True'
 asymm := 'False'

2023-07-11 12:46:48,012	[DEBUG]	ParamSetting(('minisat.params', 'cp-increase'), 5584) | ParamSetting(('minisat.params', 'cla-decay'), 0.37410960951759464)
2023-07-11 12:46:48,012	[INFO]	18      SUCCESS              +998.363 (100.47%) [2 edit(s)] 
2023-07-11 12:46:48,022	[DEBUG]	--- before: minisat.params
+++ after: minisat.params
@@ -1,9 +1,9 @@
 lbd-cut := 5.0
 lbd-cut-max := 10.0
-cp-increase := 15000
+cp-increase := 5584
 core-tolerance := 0.02
 var-decay := 0.95
-cla-decay := 0.999
+cla-decay := 0.37410960951759464
 rnd-freq := 0.0
 ccmin-mode := 2
 phase-saving := 2

2023-07-11 13:07:32,017	[DEBUG]	ParamSetting(('minisat.params', 'cp-increase'), 5584) | ParamSetting(('minisat.params', 'core-tolerance'), 0.3502829062917123)
2023-07-11 13:07:32,018	[INFO]	19      RUN_TIMEOUT           None  [2 edit(s)]       
2023-07-11 13:25:41,139	[DEBUG]	ParamSetting(('minisat.params', 'cp-increase'), 5584) | ParamSetting(('minisat.params', 'core-tolerance'), 0.712638456433133)
2023-07-11 13:25:41,139	[INFO]	20      SUCCESS              +1085.4495 (109.24%) [2 edit(s)] 
2023-07-11 13:25:41,150	[DEBUG]	--- before: minisat.params
+++ after: minisat.params
@@ -1,7 +1,7 @@
 lbd-cut := 5.0
 lbd-cut-max := 10.0
-cp-increase := 15000
-core-tolerance := 0.02
+cp-increase := 5584
+core-tolerance := 0.712638456433133
 var-decay := 0.95
 cla-decay := 0.999
 rnd-freq := 0.0

2023-07-11 13:25:41,151	[INFO]	-- simplify --
2023-07-11 13:25:41,159	[DEBUG]	
2023-07-11 13:25:41,160	[INFO]	21      SUCCESS              +993.6569 (100.0%) [0 edit(s)] 
2023-07-11 13:25:41,167	[DEBUG]	
2023-07-11 13:25:41,175	[INFO]	==== END ====
2023-07-11 13:25:41,176	[INFO]	Reason: validation end
2023-07-11 13:25:41,176	[INFO]	
2023-07-11 13:25:41,176	[INFO]	==== REPORT ====
2023-07-11 13:25:41,176	[INFO]	Termination: validation end
2023-07-11 13:25:41,176	[INFO]	Log file: /home/tsongpet/MSc-SSE-GI-project/_magpie_logs/minisat-hack_1689064295.log
2023-07-11 13:25:41,184	[INFO]	Patch file: _magpie_logs/minisat-hack_1689064295.patch
2023-07-11 13:25:41,185	[INFO]	Diff file: _magpie_logs/minisat-hack_1689064295.diff
2023-07-11 13:25:41,185	[INFO]	Best fitness: 845.2681
2023-07-11 13:25:41,185	[INFO]	Best patch: ParamSetting(('minisat.params', 'cp-increase'), 5584)
2023-07-11 13:25:41,185	[INFO]	Diff:
--- before: minisat.params
+++ after: minisat.params
@@ -1,6 +1,6 @@
 lbd-cut := 5.0
 lbd-cut-max := 10.0
-cp-increase := 15000
+cp-increase := 5584
 core-tolerance := 0.02
 var-decay := 0.95
 cla-decay := 0.999

