2023-06-21 20:47:45,124	[DEBUG]	==== CONFIG ====
[magpie]
import = 
seed = 
log_dir = _magpie_logs
work_dir = _magpie_work
local_original_copy = False
local_original_name = __original__
output_encoding = ascii
edit_retries = 10
default_timeout = 30
default_lengthout = 1e6
diff_method = unified

[software]
path = code/minisat-hack
target_files = 
	core/Solver.cc
program = BasicProgram
engine_rules = 
	*.params : ConfigFileParamsEngine
	*.xml : SrcmlEngine
	* : LineEngine
engine_config = 
	*.params : [params]
	*.xml : [srcml]
setup_cmd = 
setup_timeout = 
setup_lengthout = 
compile_cmd = ./compile.sh
compile_timeout = 11
compile_lengthout = 
test_cmd = 
test_timeout = 
test_lengthout = 
run_cmd = perf stat run-sh/train_3.sh
run_timeout = 93
run_lengthout = 
fitness = time

[srcml]
rename = 
	stmt: break continue decl_stmt do expr_stmt for goto if return switch while
	number: literal_number
focus = block stmt operator_comp operator_arith number
internodes = block
process_pseudo_blocks = True
process_literals = True
process_operators = True

[params]
timing = test run
cli_prefix = --
cli_glue = =
cli_boolean = show
cli_boolean_prefix_true = 
cli_boolean_prefix_false = no-
silent_prefix = @
silent_suffix = $

[search]
protocol = BasicProtocol
algorithm = FirstImprovement
possible_edits = 
	LineReplacement
	LineInsertion
	LineDeletion
warmup = 3
warmup_strategy = last
max_steps = 1000
max_time = 117000
target_fitness = 
cache_maxsize = 40
cache_keep = 0.2

[search.ls]
delete_prob = 0.5
max_neighbours = 
when_trapped = continue
accept_fail = False
tabu_length = 10

[search.gp]
pop_size = 10
delete_prob = 0.5
offspring_elitism = 0.1
offspring_crossover = 0.5
offspring_mutation = 0.4
uniform_rate = 0.5


2023-06-21 20:47:45,124	[INFO]	==== WARMUP ====
2023-06-21 20:48:53,597	[INFO]	WARM    SUCCESS               61.2806                 
2023-06-21 20:49:57,812	[INFO]	WARM    SUCCESS               61.1496                 
2023-06-21 20:51:02,313	[INFO]	WARM    SUCCESS               61.2974                 
2023-06-21 20:51:02,313	[INFO]	INITIAL SUCCESS               61.2974                 
2023-06-21 20:51:02,313	[INFO]	==== START: FirstImprovement ====
2023-06-21 20:51:02,694	[DEBUG]	LineReplacement(('core/Solver.cc', 'line', 445), ('core/Solver.cc', 'line', 84))
2023-06-21 20:51:02,695	[INFO]	1       COMPILE_CODE_ERROR    None  [1 edit(s)]       
2023-06-21 20:51:06,377	[DEBUG]	LineInsertion(('core/Solver.cc', '_inter_line', 150), ('core/Solver.cc', 'line', 911))
2023-06-21 20:51:06,377	[INFO]	2       RUN_CODE_ERROR        None  [1 edit(s)]       
2023-06-21 20:51:06,902	[DEBUG]	LineReplacement(('core/Solver.cc', 'line', 586), ('core/Solver.cc', 'line', 753))
2023-06-21 20:51:06,902	[INFO]	3       COMPILE_CODE_ERROR    None  [1 edit(s)]       
2023-06-21 20:51:07,309	[DEBUG]	LineReplacement(('core/Solver.cc', 'line', 696), ('core/Solver.cc', 'line', 652))
2023-06-21 20:51:07,309	[INFO]	4       COMPILE_CODE_ERROR    None  [1 edit(s)]       
2023-06-21 20:51:07,713	[DEBUG]	LineReplacement(('core/Solver.cc', 'line', 55), ('core/Solver.cc', 'line', 68))
2023-06-21 20:51:07,713	[INFO]	5       COMPILE_CODE_ERROR    None  [1 edit(s)]       
2023-06-21 20:51:08,100	[DEBUG]	LineReplacement(('core/Solver.cc', 'line', 814), ('core/Solver.cc', 'line', 712))
2023-06-21 20:51:08,100	[INFO]	6       COMPILE_CODE_ERROR    None  [1 edit(s)]       
2023-06-21 20:52:13,456	[DEBUG]	LineDeletion(('core/Solver.cc', 'line', 806))
2023-06-21 20:52:13,457	[INFO]	7       SUCCESS               62.2193 (101.5%) [1 edit(s)] 
2023-06-21 20:52:13,858	[DEBUG]	LineDeletion(('core/Solver.cc', 'line', 733))
2023-06-21 20:52:13,859	[INFO]	8       COMPILE_CODE_ERROR    None  [1 edit(s)]       
2023-06-21 20:53:18,362	[DEBUG]	LineDeletion(('core/Solver.cc', 'line', 593))
2023-06-21 20:53:18,363	[INFO]	9       SUCCESS               61.3265 (100.05%) [1 edit(s)] 
2023-06-21 20:53:18,773	[DEBUG]	LineReplacement(('core/Solver.cc', 'line', 288), ('core/Solver.cc', 'line', 928))
2023-06-21 20:53:18,774	[INFO]	10      COMPILE_CODE_ERROR    None  [1 edit(s)]       
2023-06-21 20:53:19,182	[DEBUG]	LineReplacement(('core/Solver.cc', 'line', 725), ('core/Solver.cc', 'line', 586))
2023-06-21 20:53:19,183	[INFO]	11      COMPILE_CODE_ERROR    None  [1 edit(s)]       
2023-06-21 20:53:19,592	[DEBUG]	LineReplacement(('core/Solver.cc', 'line', 981), ('core/Solver.cc', 'line', 1036))
2023-06-21 20:53:19,592	[INFO]	12      COMPILE_CODE_ERROR    None  [1 edit(s)]       
2023-06-21 20:53:19,994	[DEBUG]	LineReplacement(('core/Solver.cc', 'line', 233), ('core/Solver.cc', 'line', 856))
2023-06-21 20:53:19,994	[INFO]	13      COMPILE_CODE_ERROR    None  [1 edit(s)]       
2023-06-21 20:54:24,763	[DEBUG]	LineInsertion(('core/Solver.cc', '_inter_line', 25), ('core/Solver.cc', 'line', 469))
2023-06-21 20:54:24,764	[INFO]	14      SUCCESS               61.6243 (100.53%) [1 edit(s)] 
2023-06-21 20:55:28,659	[DEBUG]	LineDeletion(('core/Solver.cc', 'line', 860))
2023-06-21 20:55:28,660	[INFO]	15      SUCCESS              *60.7678 (99.14%) [1 edit(s)] 
2023-06-21 20:55:28,667	[DEBUG]	--- before: core/Solver.cc
+++ after: core/Solver.cc
@@ -858,7 +858,6 @@
 
 static double luby(double y, int x){
 
-    // Find the finite subsequence that contains index 'x', and the
     // size of that subsequence:
     int size, seq;
     for (size = 1, seq = 0; size < x+1; seq++, size = 2*size+1);

2023-06-21 20:55:31,935	[DEBUG]	LineDeletion(('core/Solver.cc', 'line', 860)) | LineDeletion(('core/Solver.cc', 'line', 150))
2023-06-21 20:55:31,935	[INFO]	16      RUN_CODE_ERROR        None  [2 edit(s)]       
2023-06-21 20:55:32,343	[DEBUG]	LineDeletion(('core/Solver.cc', 'line', 860)) | LineInsertion(('core/Solver.cc', '_inter_line', 1025), ('core/Solver.cc', 'line', 912))
2023-06-21 20:55:32,344	[INFO]	17      COMPILE_CODE_ERROR    None  [2 edit(s)]       
2023-06-21 20:55:32,351	[DEBUG]	
2023-06-21 20:55:32,351	[INFO]	18      SUCCESS               61.2974 (100.0%) [0 edit(s)] 
2023-06-21 20:55:32,755	[DEBUG]	LineDeletion(('core/Solver.cc', 'line', 860)) | LineReplacement(('core/Solver.cc', 'line', 1020), ('core/Solver.cc', 'line', 653))
2023-06-21 20:55:32,755	[INFO]	19      COMPILE_CODE_ERROR    None  [2 edit(s)]       
2023-06-21 20:55:33,117	[DEBUG]	LineDeletion(('core/Solver.cc', 'line', 860)) | LineInsertion(('core/Solver.cc', '_inter_line', 532), ('core/Solver.cc', 'line', 344))
2023-06-21 20:55:33,117	[INFO]	20      COMPILE_CODE_ERROR    None  [2 edit(s)]       
2023-06-21 20:55:33,516	[DEBUG]	LineDeletion(('core/Solver.cc', 'line', 860)) | LineReplacement(('core/Solver.cc', 'line', 757), ('core/Solver.cc', 'line', 1015))
2023-06-21 20:55:33,516	[INFO]	21      COMPILE_CODE_ERROR    None  [2 edit(s)]       
2023-06-21 20:56:38,717	[DEBUG]	LineDeletion(('core/Solver.cc', 'line', 860)) | LineDeletion(('core/Solver.cc', 'line', 905))
2023-06-21 20:56:38,718	[INFO]	22      SUCCESS               62.0428 (101.22%) [2 edit(s)] 
2023-06-21 20:57:44,297	[DEBUG]	LineDeletion(('core/Solver.cc', 'line', 860)) | LineInsertion(('core/Solver.cc', '_inter_line', 856), ('core/Solver.cc', 'line', 622))
2023-06-21 20:57:44,297	[INFO]	23      SUCCESS               62.4894 (101.94%) [2 edit(s)] 
2023-06-21 20:57:44,702	[DEBUG]	LineDeletion(('core/Solver.cc', 'line', 860)) | LineInsertion(('core/Solver.cc', '_inter_line', 107), ('core/Solver.cc', 'line', 197))
2023-06-21 20:57:44,702	[INFO]	24      COMPILE_CODE_ERROR    None  [2 edit(s)]       
2023-06-21 20:57:44,710	[DEBUG]	LineDeletion(('core/Solver.cc', 'line', 860)) | LineReplacement(('core/Solver.cc', 'line', 62), ('core/Solver.cc', 'line', 705))
2023-06-21 20:57:44,710	[INFO]	25      SUCCESS              +60.7678 (99.14%) [2 edit(s)] 
2023-06-21 20:57:44,717	[DEBUG]	--- before: core/Solver.cc
+++ after: core/Solver.cc
@@ -858,7 +858,6 @@
 
 static double luby(double y, int x){
 
-    // Find the finite subsequence that contains index 'x', and the
     // size of that subsequence:
     int size, seq;
     for (size = 1, seq = 0; size < x+1; seq++, size = 2*size+1);

2023-06-21 20:57:45,113	[DEBUG]	LineDeletion(('core/Solver.cc', 'line', 860)) | LineReplacement(('core/Solver.cc', 'line', 62), ('core/Solver.cc', 'line', 705)) | LineReplacement(('core/Solver.cc', 'line', 204), ('core/Solver.cc', 'line', 146))
2023-06-21 20:57:45,114	[INFO]	26      COMPILE_CODE_ERROR    None  [3 edit(s)]       
2023-06-21 20:57:45,121	[DEBUG]	LineReplacement(('core/Solver.cc', 'line', 62), ('core/Solver.cc', 'line', 705))
2023-06-21 20:57:45,121	[INFO]	27      SUCCESS               61.2974 (100.0%) [1 edit(s)] 
2023-06-21 20:57:45,532	[DEBUG]	LineDeletion(('core/Solver.cc', 'line', 860)) | LineReplacement(('core/Solver.cc', 'line', 62), ('core/Solver.cc', 'line', 705)) | LineReplacement(('core/Solver.cc', 'line', 526), ('core/Solver.cc', 'line', 346))
2023-06-21 20:57:45,532	[INFO]	28      COMPILE_CODE_ERROR    None  [3 edit(s)]       
2023-06-21 20:58:49,955	[DEBUG]	LineDeletion(('core/Solver.cc', 'line', 860)) | LineReplacement(('core/Solver.cc', 'line', 62), ('core/Solver.cc', 'line', 705)) | LineReplacement(('core/Solver.cc', 'line', 314), ('core/Solver.cc', 'line', 170))
2023-06-21 20:58:49,956	[INFO]	29      SUCCESS               61.3178 (100.03%) [3 edit(s)] 
2023-06-21 20:58:50,339	[DEBUG]	LineDeletion(('core/Solver.cc', 'line', 860)) | LineReplacement(('core/Solver.cc', 'line', 62), ('core/Solver.cc', 'line', 705)) | LineDeletion(('core/Solver.cc', 'line', 219))
2023-06-21 20:58:50,340	[INFO]	30      COMPILE_CODE_ERROR    None  [3 edit(s)]       
2023-06-21 20:58:50,729	[DEBUG]	LineDeletion(('core/Solver.cc', 'line', 860)) | LineReplacement(('core/Solver.cc', 'line', 62), ('core/Solver.cc', 'line', 705)) | LineInsertion(('core/Solver.cc', '_inter_line', 726), ('core/Solver.cc', 'line', 362))
2023-06-21 20:58:50,729	[INFO]	31      COMPILE_CODE_ERROR    None  [3 edit(s)]       
2023-06-21 20:58:50,737	[DEBUG]	LineDeletion(('core/Solver.cc', 'line', 860))
2023-06-21 20:58:50,737	[INFO]	32      SUCCESS              +60.7678 (99.14%) [1 edit(s)] 
2023-06-21 20:58:50,743	[DEBUG]	--- before: core/Solver.cc
+++ after: core/Solver.cc
@@ -858,7 +858,6 @@
 
 static double luby(double y, int x){
 
-    // Find the finite subsequence that contains index 'x', and the
     // size of that subsequence:
     int size, seq;
     for (size = 1, seq = 0; size < x+1; seq++, size = 2*size+1);

2023-06-21 20:58:50,750	[DEBUG]	
2023-06-21 20:58:50,750	[INFO]	33      SUCCESS               61.2974 (100.0%) [0 edit(s)] 
2023-06-21 20:58:51,100	[DEBUG]	LineDeletion(('core/Solver.cc', 'line', 860)) | LineReplacement(('core/Solver.cc', 'line', 274), ('core/Solver.cc', 'line', 526))
2023-06-21 20:58:51,100	[INFO]	34      COMPILE_CODE_ERROR    None  [2 edit(s)]       
2023-06-21 20:58:51,507	[DEBUG]	LineDeletion(('core/Solver.cc', 'line', 860)) | LineInsertion(('core/Solver.cc', '_inter_line', 137), ('core/Solver.cc', 'line', 208))
2023-06-21 20:58:51,508	[INFO]	35      COMPILE_CODE_ERROR    None  [2 edit(s)]       
2023-06-21 20:59:56,694	[DEBUG]	LineDeletion(('core/Solver.cc', 'line', 860)) | LineInsertion(('core/Solver.cc', '_inter_line', 168), ('core/Solver.cc', 'line', 238))
2023-06-21 20:59:56,695	[INFO]	36      SUCCESS               62.0212 (101.18%) [2 edit(s)] 
2023-06-21 20:59:59,977	[DEBUG]	LineDeletion(('core/Solver.cc', 'line', 860)) | LineInsertion(('core/Solver.cc', '_inter_line', 561), ('core/Solver.cc', 'line', 939))
2023-06-21 20:59:59,978	[INFO]	37      RUN_CODE_ERROR        None  [2 edit(s)]       
2023-06-21 21:00:00,532	[DEBUG]	LineDeletion(('core/Solver.cc', 'line', 860)) | LineReplacement(('core/Solver.cc', 'line', 341), ('core/Solver.cc', 'line', 537))
2023-06-21 21:00:00,532	[INFO]	38      COMPILE_CODE_ERROR    None  [2 edit(s)]       
2023-06-21 21:00:00,927	[DEBUG]	LineDeletion(('core/Solver.cc', 'line', 860)) | LineInsertion(('core/Solver.cc', '_inter_line', 20), ('core/Solver.cc', 'line', 147))
2023-06-21 21:00:00,928	[INFO]	39      COMPILE_CODE_ERROR    None  [2 edit(s)]       
2023-06-21 21:00:01,605	[DEBUG]	LineDeletion(('core/Solver.cc', 'line', 860)) | LineReplacement(('core/Solver.cc', 'line', 316), ('core/Solver.cc', 'line', 740))
2023-06-21 21:00:01,606	[INFO]	40      COMPILE_CODE_ERROR    None  [2 edit(s)]       
2023-06-21 21:01:08,701	[DEBUG]	LineDeletion(('core/Solver.cc', 'line', 860)) | LineDeletion(('core/Solver.cc', 'line', 969))
2023-06-21 21:01:08,702	[INFO]	41      SUCCESS               62.521 (102.0%) [2 edit(s)] 
2023-06-21 21:01:09,235	[DEBUG]	LineDeletion(('core/Solver.cc', 'line', 860)) | LineInsertion(('core/Solver.cc', '_inter_line', 255), ('core/Solver.cc', 'line', 911))
2023-06-21 21:01:09,236	[INFO]	42      COMPILE_CODE_ERROR    None  [2 edit(s)]       
2023-06-21 21:02:16,047	[DEBUG]	LineDeletion(('core/Solver.cc', 'line', 860)) | LineInsertion(('core/Solver.cc', '_inter_line', 304), ('core/Solver.cc', 'line', 818))
2023-06-21 21:02:16,048	[INFO]	43      SUCCESS               63.4735 (103.55%) [2 edit(s)] 
2023-06-21 21:03:20,756	[DEBUG]	LineDeletion(('core/Solver.cc', 'line', 860)) | LineInsertion(('core/Solver.cc', '_inter_line', 887), ('core/Solver.cc', 'line', 51))
2023-06-21 21:03:20,757	[INFO]	44      SUCCESS               61.508 (100.34%) [2 edit(s)] 
2023-06-21 21:03:21,163	[DEBUG]	LineDeletion(('core/Solver.cc', 'line', 860)) | LineDeletion(('core/Solver.cc', 'line', 52))
2023-06-21 21:03:21,163	[INFO]	45      COMPILE_CODE_ERROR    None  [2 edit(s)]       
2023-06-21 21:03:21,566	[DEBUG]	LineDeletion(('core/Solver.cc', 'line', 860)) | LineInsertion(('core/Solver.cc', '_inter_line', 440), ('core/Solver.cc', 'line', 772))
2023-06-21 21:03:21,567	[INFO]	46      COMPILE_CODE_ERROR    None  [2 edit(s)]       
2023-06-21 21:03:21,977	[DEBUG]	LineDeletion(('core/Solver.cc', 'line', 860)) | LineDeletion(('core/Solver.cc', 'line', 250))
2023-06-21 21:03:21,978	[INFO]	47      COMPILE_CODE_ERROR    None  [2 edit(s)]       
2023-06-21 21:03:22,381	[DEBUG]	LineDeletion(('core/Solver.cc', 'line', 860)) | LineInsertion(('core/Solver.cc', '_inter_line', 869), ('core/Solver.cc', 'line', 92))
2023-06-21 21:03:22,381	[INFO]	48      COMPILE_CODE_ERROR    None  [2 edit(s)]       
2023-06-21 21:03:22,775	[DEBUG]	LineDeletion(('core/Solver.cc', 'line', 860)) | LineInsertion(('core/Solver.cc', '_inter_line', 30), ('core/Solver.cc', 'line', 393))
2023-06-21 21:03:22,776	[INFO]	49      COMPILE_CODE_ERROR    None  [2 edit(s)]       
2023-06-21 21:03:23,182	[DEBUG]	LineDeletion(('core/Solver.cc', 'line', 860)) | LineDeletion(('core/Solver.cc', 'line', 719))
2023-06-21 21:03:23,182	[INFO]	50      COMPILE_CODE_ERROR    None  [2 edit(s)]       
2023-06-21 21:04:27,772	[DEBUG]	LineDeletion(('core/Solver.cc', 'line', 860)) | LineDeletion(('core/Solver.cc', 'line', 231))
2023-06-21 21:04:27,772	[INFO]	51      SUCCESS               61.4783 (100.3%) [2 edit(s)] 
2023-06-21 21:05:32,717	[DEBUG]	LineDeletion(('core/Solver.cc', 'line', 860)) | LineDeletion(('core/Solver.cc', 'line', 1027))
2023-06-21 21:05:32,717	[INFO]	52      SUCCESS               61.7487 (100.74%) [2 edit(s)] 
2023-06-21 21:06:38,488	[DEBUG]	LineDeletion(('core/Solver.cc', 'line', 860)) | LineDeletion(('core/Solver.cc', 'line', 94))
2023-06-21 21:06:38,489	[INFO]	53      SUCCESS               61.7497 (100.74%) [2 edit(s)] 
2023-06-21 21:06:38,881	[DEBUG]	LineDeletion(('core/Solver.cc', 'line', 860)) | LineInsertion(('core/Solver.cc', '_inter_line', 98), ('core/Solver.cc', 'line', 617))
2023-06-21 21:06:38,881	[INFO]	54      COMPILE_CODE_ERROR    None  [2 edit(s)]       
2023-06-21 21:07:16,328	[DEBUG]	LineDeletion(('core/Solver.cc', 'line', 860)) | LineDeletion(('core/Solver.cc', 'line', 1003))
2023-06-21 21:07:16,328	[INFO]	55      RUN_CODE_ERROR        None  [2 edit(s)]       
2023-06-21 21:07:16,735	[DEBUG]	LineDeletion(('core/Solver.cc', 'line', 860)) | LineReplacement(('core/Solver.cc', 'line', 408), ('core/Solver.cc', 'line', 163))
2023-06-21 21:07:16,735	[INFO]	56      COMPILE_CODE_ERROR    None  [2 edit(s)]       
2023-06-21 21:07:17,132	[DEBUG]	LineDeletion(('core/Solver.cc', 'line', 860)) | LineDeletion(('core/Solver.cc', 'line', 612))
2023-06-21 21:07:17,132	[INFO]	57      COMPILE_CODE_ERROR    None  [2 edit(s)]       
2023-06-21 21:07:17,562	[DEBUG]	LineDeletion(('core/Solver.cc', 'line', 860)) | LineInsertion(('core/Solver.cc', '_inter_line', 289), ('core/Solver.cc', 'line', 723))
2023-06-21 21:07:17,562	[INFO]	58      COMPILE_CODE_ERROR    None  [2 edit(s)]       
2023-06-21 21:07:17,960	[DEBUG]	LineDeletion(('core/Solver.cc', 'line', 860)) | LineInsertion(('core/Solver.cc', '_inter_line', 563), ('core/Solver.cc', 'line', 682))
2023-06-21 21:07:17,961	[INFO]	59      COMPILE_CODE_ERROR    None  [2 edit(s)]       
2023-06-21 21:08:22,446	[DEBUG]	LineDeletion(('core/Solver.cc', 'line', 860)) | LineInsertion(('core/Solver.cc', '_inter_line', 947), ('core/Solver.cc', 'line', 1005))
2023-06-21 21:08:22,446	[INFO]	60      SUCCESS               61.2976 (100.0%) [2 edit(s)] 
2023-06-21 21:09:30,117	[DEBUG]	LineDeletion(('core/Solver.cc', 'line', 860)) | LineDeletion(('core/Solver.cc', 'line', 847))
2023-06-21 21:09:30,117	[INFO]	61      SUCCESS               64.4809 (105.19%) [2 edit(s)] 
2023-06-21 21:09:30,529	[DEBUG]	LineDeletion(('core/Solver.cc', 'line', 860)) | LineInsertion(('core/Solver.cc', '_inter_line', 758), ('core/Solver.cc', 'line', 951))
2023-06-21 21:09:30,529	[INFO]	62      COMPILE_CODE_ERROR    None  [2 edit(s)]       
2023-06-21 21:09:30,923	[DEBUG]	LineDeletion(('core/Solver.cc', 'line', 860)) | LineReplacement(('core/Solver.cc', 'line', 299), ('core/Solver.cc', 'line', 957))
2023-06-21 21:09:30,923	[INFO]	63      COMPILE_CODE_ERROR    None  [2 edit(s)]       
2023-06-21 21:11:07,575	[DEBUG]	LineDeletion(('core/Solver.cc', 'line', 860)) | LineDeletion(('core/Solver.cc', 'line', 765))
2023-06-21 21:11:07,575	[INFO]	64      RUN_TIMEOUT           None  [2 edit(s)]       
2023-06-21 21:11:07,988	[DEBUG]	LineDeletion(('core/Solver.cc', 'line', 860)) | LineDeletion(('core/Solver.cc', 'line', 780))
2023-06-21 21:11:07,988	[INFO]	65      COMPILE_CODE_ERROR    None  [2 edit(s)]       
2023-06-21 21:12:13,797	[DEBUG]	LineDeletion(('core/Solver.cc', 'line', 860)) | LineDeletion(('core/Solver.cc', 'line', 614))
2023-06-21 21:12:13,797	[INFO]	66      SUCCESS               62.6447 (102.2%) [2 edit(s)] 
2023-06-21 21:13:19,501	[DEBUG]	LineDeletion(('core/Solver.cc', 'line', 860)) | LineDeletion(('core/Solver.cc', 'line', 642))
2023-06-21 21:13:19,501	[INFO]	67      SUCCESS               62.5043 (101.97%) [2 edit(s)] 
2023-06-21 21:13:19,915	[DEBUG]	LineDeletion(('core/Solver.cc', 'line', 860)) | LineReplacement(('core/Solver.cc', 'line', 670), ('core/Solver.cc', 'line', 2))
2023-06-21 21:13:19,915	[INFO]	68      COMPILE_CODE_ERROR    None  [2 edit(s)]       
2023-06-21 21:13:20,341	[DEBUG]	LineDeletion(('core/Solver.cc', 'line', 860)) | LineReplacement(('core/Solver.cc', 'line', 43), ('core/Solver.cc', 'line', 376))
2023-06-21 21:13:20,342	[INFO]	69      COMPILE_CODE_ERROR    None  [2 edit(s)]       
2023-06-21 21:13:23,568	[DEBUG]	LineDeletion(('core/Solver.cc', 'line', 860)) | LineInsertion(('core/Solver.cc', '_inter_line', 177), ('core/Solver.cc', 'line', 767))
2023-06-21 21:13:23,568	[INFO]	70      RUN_CODE_ERROR        None  [2 edit(s)]       
2023-06-21 21:13:24,034	[DEBUG]	LineDeletion(('core/Solver.cc', 'line', 860)) | LineReplacement(('core/Solver.cc', 'line', 541), ('core/Solver.cc', 'line', 461))
2023-06-21 21:13:24,034	[INFO]	71      COMPILE_CODE_ERROR    None  [2 edit(s)]       
2023-06-21 21:14:28,339	[DEBUG]	LineDeletion(('core/Solver.cc', 'line', 860)) | LineInsertion(('core/Solver.cc', '_inter_line', 9), ('core/Solver.cc', 'line', 522))
2023-06-21 21:14:28,339	[INFO]	72      SUCCESS               61.1854 (99.82%) [2 edit(s)] 
2023-06-21 21:15:36,774	[DEBUG]	LineDeletion(('core/Solver.cc', 'line', 860)) | LineDeletion(('core/Solver.cc', 'line', 632))
2023-06-21 21:15:36,775	[INFO]	73      SUCCESS               65.3306 (106.58%) [2 edit(s)] 
2023-06-21 21:15:37,179	[DEBUG]	LineDeletion(('core/Solver.cc', 'line', 860)) | LineReplacement(('core/Solver.cc', 'line', 60), ('core/Solver.cc', 'line', 519))
2023-06-21 21:15:37,180	[INFO]	74      COMPILE_CODE_ERROR    None  [2 edit(s)]       
2023-06-21 21:15:40,702	[DEBUG]	LineDeletion(('core/Solver.cc', 'line', 860)) | LineDeletion(('core/Solver.cc', 'line', 817))
2023-06-21 21:15:40,702	[INFO]	75      RUN_CODE_ERROR        None  [2 edit(s)]       
2023-06-21 21:16:47,981	[DEBUG]	LineDeletion(('core/Solver.cc', 'line', 860)) | LineDeletion(('core/Solver.cc', 'line', 849))
2023-06-21 21:16:47,982	[INFO]	76      SUCCESS               64.0985 (104.57%) [2 edit(s)] 
2023-06-21 21:16:48,397	[DEBUG]	LineDeletion(('core/Solver.cc', 'line', 860)) | LineReplacement(('core/Solver.cc', 'line', 615), ('core/Solver.cc', 'line', 641))
2023-06-21 21:16:48,397	[INFO]	77      COMPILE_CODE_ERROR    None  [2 edit(s)]       
2023-06-21 21:17:54,484	[DEBUG]	LineDeletion(('core/Solver.cc', 'line', 860)) | LineDeletion(('core/Solver.cc', 'line', 297))
2023-06-21 21:17:54,485	[INFO]	78      SUCCESS               62.9305 (102.66%) [2 edit(s)] 
2023-06-21 21:17:54,884	[DEBUG]	LineDeletion(('core/Solver.cc', 'line', 860)) | LineReplacement(('core/Solver.cc', 'line', 943), ('core/Solver.cc', 'line', 669))
2023-06-21 21:17:54,884	[INFO]	79      COMPILE_CODE_ERROR    None  [2 edit(s)]       
2023-06-21 21:19:00,727	[DEBUG]	LineDeletion(('core/Solver.cc', 'line', 860)) | LineDeletion(('core/Solver.cc', 'line', 986))
2023-06-21 21:19:00,727	[INFO]	80      SUCCESS               62.677 (102.25%) [2 edit(s)] 
2023-06-21 21:19:01,128	[DEBUG]	LineDeletion(('core/Solver.cc', 'line', 860)) | LineReplacement(('core/Solver.cc', 'line', 878), ('core/Solver.cc', 'line', 447))
2023-06-21 21:19:01,129	[INFO]	81      COMPILE_CODE_ERROR    None  [2 edit(s)]       
2023-06-21 21:19:01,537	[DEBUG]	LineDeletion(('core/Solver.cc', 'line', 860)) | LineInsertion(('core/Solver.cc', '_inter_line', 131), ('core/Solver.cc', 'line', 40))
2023-06-21 21:19:01,537	[INFO]	82      COMPILE_CODE_ERROR    None  [2 edit(s)]       
2023-06-21 21:20:06,432	[DEBUG]	LineDeletion(('core/Solver.cc', 'line', 860)) | LineDeletion(('core/Solver.cc', 'line', 230))
2023-06-21 21:20:06,433	[INFO]	83      SUCCESS               61.7238 (100.7%) [2 edit(s)] 
2023-06-21 21:20:06,831	[DEBUG]	LineDeletion(('core/Solver.cc', 'line', 860)) | LineReplacement(('core/Solver.cc', 'line', 715), ('core/Solver.cc', 'line', 504))
2023-06-21 21:20:06,832	[INFO]	84      COMPILE_CODE_ERROR    None  [2 edit(s)]       
2023-06-21 21:21:12,364	[DEBUG]	LineDeletion(('core/Solver.cc', 'line', 860)) | LineInsertion(('core/Solver.cc', '_inter_line', 93), ('core/Solver.cc', 'line', 963))
2023-06-21 21:21:12,364	[INFO]	85      SUCCESS               62.4234 (101.84%) [2 edit(s)] 
2023-06-21 21:21:15,427	[DEBUG]	LineDeletion(('core/Solver.cc', 'line', 860)) | LineDeletion(('core/Solver.cc', 'line', 513))
2023-06-21 21:21:15,428	[INFO]	86      COMPILE_CODE_ERROR    None  [2 edit(s)]       
2023-06-21 21:21:15,827	[DEBUG]	LineDeletion(('core/Solver.cc', 'line', 860)) | LineInsertion(('core/Solver.cc', '_inter_line', 217), ('core/Solver.cc', 'line', 152))
2023-06-21 21:21:15,828	[INFO]	87      COMPILE_CODE_ERROR    None  [2 edit(s)]       
2023-06-21 21:21:19,179	[DEBUG]	LineDeletion(('core/Solver.cc', 'line', 860)) | LineDeletion(('core/Solver.cc', 'line', 451))
2023-06-21 21:21:19,179	[INFO]	88      RUN_CODE_ERROR        None  [2 edit(s)]       
2023-06-21 21:22:24,818	[DEBUG]	LineDeletion(('core/Solver.cc', 'line', 860)) | LineReplacement(('core/Solver.cc', 'line', 989), ('core/Solver.cc', 'line', 471))
2023-06-21 21:22:24,819	[INFO]	89      SUCCESS               62.5766 (102.09%) [2 edit(s)] 
2023-06-21 21:23:29,745	[DEBUG]	LineDeletion(('core/Solver.cc', 'line', 860)) | LineReplacement(('core/Solver.cc', 'line', 974), ('core/Solver.cc', 'line', 484))
2023-06-21 21:23:29,745	[INFO]	90      SUCCESS               61.817 (100.85%) [2 edit(s)] 
2023-06-21 21:23:30,159	[DEBUG]	LineDeletion(('core/Solver.cc', 'line', 860)) | LineReplacement(('core/Solver.cc', 'line', 495), ('core/Solver.cc', 'line', 777))
2023-06-21 21:23:30,159	[INFO]	91      COMPILE_CODE_ERROR    None  [2 edit(s)]       
2023-06-21 21:23:30,575	[DEBUG]	LineDeletion(('core/Solver.cc', 'line', 860)) | LineReplacement(('core/Solver.cc', 'line', 341), ('core/Solver.cc', 'line', 119))
2023-06-21 21:23:30,576	[INFO]	92      COMPILE_CODE_ERROR    None  [2 edit(s)]       
2023-06-21 21:23:30,916	[DEBUG]	LineDeletion(('core/Solver.cc', 'line', 860)) | LineInsertion(('core/Solver.cc', '_inter_line', 134), ('core/Solver.cc', 'line', 699))
2023-06-21 21:23:30,917	[INFO]	93      COMPILE_CODE_ERROR    None  [2 edit(s)]       
2023-06-21 21:23:31,338	[DEBUG]	LineDeletion(('core/Solver.cc', 'line', 860)) | LineReplacement(('core/Solver.cc', 'line', 899), ('core/Solver.cc', 'line', 216))
2023-06-21 21:23:31,339	[INFO]	94      COMPILE_CODE_ERROR    None  [2 edit(s)]       
2023-06-21 21:25:07,874	[DEBUG]	LineDeletion(('core/Solver.cc', 'line', 860)) | LineDeletion(('core/Solver.cc', 'line', 373))
2023-06-21 21:25:07,875	[INFO]	95      RUN_TIMEOUT           None  [2 edit(s)]       
2023-06-21 21:25:08,283	[DEBUG]	LineDeletion(('core/Solver.cc', 'line', 860)) | LineDeletion(('core/Solver.cc', 'line', 694))
2023-06-21 21:25:08,283	[INFO]	96      COMPILE_CODE_ERROR    None  [2 edit(s)]       
2023-06-21 21:25:08,690	[DEBUG]	LineDeletion(('core/Solver.cc', 'line', 860)) | LineInsertion(('core/Solver.cc', '_inter_line', 57), ('core/Solver.cc', 'line', 295))
2023-06-21 21:25:08,690	[INFO]	97      COMPILE_CODE_ERROR    None  [2 edit(s)]       
2023-06-21 21:26:04,880	[DEBUG]	LineDeletion(('core/Solver.cc', 'line', 860)) | LineDeletion(('core/Solver.cc', 'line', 173))
2023-06-21 21:26:04,881	[INFO]	98      SUCCESS              *53.0464 (86.54%) [2 edit(s)] 
2023-06-21 21:26:04,888	[DEBUG]	--- before: core/Solver.cc
+++ after: core/Solver.cc
@@ -171,7 +171,6 @@
           flag = 1;
     }*/
 
-    for (i = j = 0, p = lit_Undef; i < ps.size(); i++)
         if (value(ps[i]) == l_True || ps[i] == ~p)
             return true;
         else if (value(ps[i]) != l_False && ps[i] != p)
@@ -858,7 +857,6 @@
 
 static double luby(double y, int x){
 
-    // Find the finite subsequence that contains index 'x', and the
     // size of that subsequence:
     int size, seq;
     for (size = 1, seq = 0; size < x+1; seq++, size = 2*size+1);

2023-06-21 21:27:09,600	[DEBUG]	LineDeletion(('core/Solver.cc', 'line', 860))
2023-06-21 21:27:09,601	[INFO]	99      SUCCESS               61.5492 (100.41%) [1 edit(s)] 
2023-06-21 21:28:06,099	[DEBUG]	LineDeletion(('core/Solver.cc', 'line', 173))
2023-06-21 21:28:06,099	[INFO]	100     SUCCESS               53.35 (87.03%) [1 edit(s)] 
2023-06-21 21:29:02,359	[DEBUG]	LineDeletion(('core/Solver.cc', 'line', 860)) | LineDeletion(('core/Solver.cc', 'line', 173)) | LineInsertion(('core/Solver.cc', '_inter_line', 942), ('core/Solver.cc', 'line', 134))
2023-06-21 21:29:02,360	[INFO]	101     SUCCESS               53.1978 (86.79%) [3 edit(s)] 
2023-06-21 21:29:02,742	[DEBUG]	LineDeletion(('core/Solver.cc', 'line', 860)) | LineDeletion(('core/Solver.cc', 'line', 173)) | LineReplacement(('core/Solver.cc', 'line', 62), ('core/Solver.cc', 'line', 1046))
2023-06-21 21:29:02,742	[INFO]	102     COMPILE_CODE_ERROR    None  [3 edit(s)]       
2023-06-21 21:29:03,141	[DEBUG]	LineDeletion(('core/Solver.cc', 'line', 860)) | LineDeletion(('core/Solver.cc', 'line', 173)) | LineInsertion(('core/Solver.cc', '_inter_line', 74), ('core/Solver.cc', 'line', 542))
2023-06-21 21:29:03,141	[INFO]	103     COMPILE_CODE_ERROR    None  [3 edit(s)]       
2023-06-21 21:30:00,790	[DEBUG]	LineDeletion(('core/Solver.cc', 'line', 860)) | LineDeletion(('core/Solver.cc', 'line', 173)) | LineReplacement(('core/Solver.cc', 'line', 582), ('core/Solver.cc', 'line', 223))
2023-06-21 21:30:00,791	[INFO]	104     SUCCESS               54.4459 (88.82%) [3 edit(s)] 
2023-06-21 21:30:01,186	[DEBUG]	LineDeletion(('core/Solver.cc', 'line', 860)) | LineDeletion(('core/Solver.cc', 'line', 173)) | LineDeletion(('core/Solver.cc', 'line', 1021))
2023-06-21 21:30:01,186	[INFO]	105     COMPILE_CODE_ERROR    None  [3 edit(s)]       
2023-06-21 21:30:01,603	[DEBUG]	LineDeletion(('core/Solver.cc', 'line', 860)) | LineDeletion(('core/Solver.cc', 'line', 173)) | LineInsertion(('core/Solver.cc', '_inter_line', 367), ('core/Solver.cc', 'line', 524))
2023-06-21 21:30:01,603	[INFO]	106     COMPILE_CODE_ERROR    None  [3 edit(s)]       
2023-06-21 21:30:57,445	[DEBUG]	LineDeletion(('core/Solver.cc', 'line', 860)) | LineDeletion(('core/Solver.cc', 'line', 173)) | LineDeletion(('core/Solver.cc', 'line', 308))
2023-06-21 21:30:57,445	[INFO]	107     SUCCESS              *52.6679 (85.92%) [3 edit(s)] 
2023-06-21 21:30:57,453	[DEBUG]	--- before: core/Solver.cc
+++ after: core/Solver.cc
@@ -171,7 +171,6 @@
           flag = 1;
     }*/
 
-    for (i = j = 0, p = lit_Undef; i < ps.size(); i++)
         if (value(ps[i]) == l_True || ps[i] == ~p)
             return true;
         else if (value(ps[i]) != l_False && ps[i] != p)
@@ -306,7 +305,6 @@
 |
 |    Pre-conditions:
 |      * 'out_learnt' is assumed to be cleared.
-|      * Current decision level must be greater than root level.
 |
 |    Post-conditions:
 |      * 'out_learnt[0]' is the asserting literal at level 'out_btlevel'.
@@ -858,7 +856,6 @@
 
 static double luby(double y, int x){
 
-    // Find the finite subsequence that contains index 'x', and the
     // size of that subsequence:
     int size, seq;
     for (size = 1, seq = 0; size < x+1; seq++, size = 2*size+1);

2023-06-21 21:31:54,573	[DEBUG]	LineDeletion(('core/Solver.cc', 'line', 860)) | LineDeletion(('core/Solver.cc', 'line', 173)) | LineDeletion(('core/Solver.cc', 'line', 308)) | LineInsertion(('core/Solver.cc', '_inter_line', 470), ('core/Solver.cc', 'line', 276))
2023-06-21 21:31:54,573	[INFO]	108     SUCCESS               53.9567 (88.02%) [4 edit(s)] 
2023-06-21 21:33:01,051	[DEBUG]	LineDeletion(('core/Solver.cc', 'line', 860)) | LineDeletion(('core/Solver.cc', 'line', 308))
2023-06-21 21:33:01,051	[INFO]	109     SUCCESS               63.3946 (103.42%) [2 edit(s)] 
2023-06-21 21:34:37,678	[DEBUG]	LineDeletion(('core/Solver.cc', 'line', 860)) | LineDeletion(('core/Solver.cc', 'line', 173)) | LineDeletion(('core/Solver.cc', 'line', 308)) | LineReplacement(('core/Solver.cc', 'line', 541), ('core/Solver.cc', 'line', 703))
2023-06-21 21:34:37,678	[INFO]	110     RUN_TIMEOUT           None  [4 edit(s)]       
2023-06-21 21:34:38,073	[DEBUG]	LineDeletion(('core/Solver.cc', 'line', 860)) | LineDeletion(('core/Solver.cc', 'line', 173)) | LineDeletion(('core/Solver.cc', 'line', 308)) | LineInsertion(('core/Solver.cc', '_inter_line', 560), ('core/Solver.cc', 'line', 23))
2023-06-21 21:34:38,073	[INFO]	111     COMPILE_CODE_ERROR    None  [4 edit(s)]       
2023-06-21 21:35:34,538	[DEBUG]	LineDeletion(('core/Solver.cc', 'line', 173)) | LineDeletion(('core/Solver.cc', 'line', 308))
2023-06-21 21:35:34,539	[INFO]	112     SUCCESS               53.275 (86.91%) [2 edit(s)] 
2023-06-21 21:36:14,477	[DEBUG]	LineDeletion(('core/Solver.cc', 'line', 860)) | LineDeletion(('core/Solver.cc', 'line', 173)) | LineDeletion(('core/Solver.cc', 'line', 308)) | LineDeletion(('core/Solver.cc', 'line', 741))
2023-06-21 21:36:14,477	[INFO]	113     SUCCESS              *36.8444 (60.11%) [4 edit(s)] 
2023-06-21 21:36:14,487	[DEBUG]	--- before: core/Solver.cc
+++ after: core/Solver.cc
@@ -171,7 +171,6 @@
           flag = 1;
     }*/
 
-    for (i = j = 0, p = lit_Undef; i < ps.size(); i++)
         if (value(ps[i]) == l_True || ps[i] == ~p)
             return true;
         else if (value(ps[i]) != l_False && ps[i] != p)
@@ -306,7 +305,6 @@
 |
 |    Pre-conditions:
 |      * 'out_learnt' is assumed to be cleared.
-|      * Current decision level must be greater than root level.
 |
 |    Post-conditions:
 |      * 'out_learnt[0]' is the asserting literal at level 'out_btlevel'.
@@ -739,7 +737,6 @@
               fprintf(output, "0\n");
             }*/
 
-            varDecayActivity();
             claDecayActivity();
 
             //if (--learntsize_adjust_cnt == 0){
@@ -858,7 +855,6 @@
 
 static double luby(double y, int x){
 
-    // Find the finite subsequence that contains index 'x', and the
     // size of that subsequence:
     int size, seq;
     for (size = 1, seq = 0; size < x+1; seq++, size = 2*size+1);

2023-06-21 21:36:14,871	[DEBUG]	LineDeletion(('core/Solver.cc', 'line', 860)) | LineDeletion(('core/Solver.cc', 'line', 173)) | LineDeletion(('core/Solver.cc', 'line', 308)) | LineDeletion(('core/Solver.cc', 'line', 741)) | LineReplacement(('core/Solver.cc', 'line', 690), ('core/Solver.cc', 'line', 34))
2023-06-21 21:36:14,871	[INFO]	114     COMPILE_CODE_ERROR    None  [5 edit(s)]       
2023-06-21 21:36:53,276	[DEBUG]	LineDeletion(('core/Solver.cc', 'line', 860)) | LineDeletion(('core/Solver.cc', 'line', 173)) | LineDeletion(('core/Solver.cc', 'line', 308)) | LineDeletion(('core/Solver.cc', 'line', 741)) | LineInsertion(('core/Solver.cc', '_inter_line', 232), ('core/Solver.cc', 'line', 882))
2023-06-21 21:36:53,277	[INFO]	115     SUCCESS              *35.3309 (57.64%) [5 edit(s)] 
2023-06-21 21:36:53,285	[DEBUG]	--- before: core/Solver.cc
+++ after: core/Solver.cc
@@ -171,7 +171,6 @@
           flag = 1;
     }*/
 
-    for (i = j = 0, p = lit_Undef; i < ps.size(); i++)
         if (value(ps[i]) == l_True || ps[i] == ~p)
             return true;
         else if (value(ps[i]) != l_False && ps[i] != p)
@@ -228,6 +227,7 @@
 
     if (c.learnt()) learnts_literals -= c.size();
     else            clauses_literals -= c.size(); }
+
 
 
 void Solver::removeClause(CRef cr) {
@@ -306,7 +306,6 @@
 |
 |    Pre-conditions:
 |      * 'out_learnt' is assumed to be cleared.
-|      * Current decision level must be greater than root level.
 |
 |    Post-conditions:
 |      * 'out_learnt[0]' is the asserting literal at level 'out_btlevel'.
@@ -739,7 +738,6 @@
               fprintf(output, "0\n");
             }*/
 
-            varDecayActivity();
             claDecayActivity();
 
             //if (--learntsize_adjust_cnt == 0){
@@ -858,7 +856,6 @@
 
 static double luby(double y, int x){
 
-    // Find the finite subsequence that contains index 'x', and the
     // size of that subsequence:
     int size, seq;
     for (size = 1, seq = 0; size < x+1; seq++, size = 2*size+1);

