2023-07-06 15:14:07,659	[DEBUG]	==== CONFIG ====
[magpie]
import = 
seed = 
log_dir = _magpie_logs
work_dir = _magpie_work
local_original_copy = False
local_original_name = __original__
output_encoding = ascii
edit_retries = 10
default_timeout = 30
default_lengthout = 1e6
diff_method = unified

[software]
path = code/minisat-hack
target_files = 
	minisat.params
program = BasicProgram
engine_rules = 
	*.params : ConfigFileParamsEngine
	*.xml : SrcmlEngine
	* : LineEngine
engine_config = 
	*.params : [params]
	*.xml : [srcml]
setup_cmd = ./compile.sh
setup_timeout = 
setup_lengthout = 
compile_cmd = ./compile.sh
compile_timeout = 15
compile_lengthout = 
test_cmd = 
test_timeout = 
test_lengthout = 
run_cmd = perf stat run-sh/train_10.sh
run_timeout = 88
run_lengthout = 
fitness = perf_time

[srcml]
rename = 
	stmt: break continue decl_stmt do expr_stmt for goto if return switch while
	number: literal_number
focus = block stmt operator_comp operator_arith number
internodes = block
process_pseudo_blocks = True
process_literals = True
process_operators = True

[params]
timing = test run
cli_prefix = --
cli_glue = =
cli_boolean = show
cli_boolean_prefix_true = 
cli_boolean_prefix_false = no-
silent_prefix = @
silent_suffix = $

[search]
protocol = BasicProtocol
algorithm = FirstImprovement
possible_edits = 
	ParamSetting
warmup = 3
warmup_strategy = last
max_steps = 
max_time = 12840
target_fitness = 
cache_maxsize = 40
cache_keep = 0.2

[search.ls]
delete_prob = 0.5
max_neighbours = 
when_trapped = continue
accept_fail = False
tabu_length = 10

[search.gp]
pop_size = 10
delete_prob = 0.5
offspring_elitism = 0.1
offspring_crossover = 0.5
offspring_mutation = 0.4
uniform_rate = 0.5


2023-07-06 15:14:07,660	[INFO]	==== WARMUP ====
2023-07-06 15:15:33,217	[INFO]	WARM    SUCCESS               76.2097                 
2023-07-06 15:16:48,927	[INFO]	WARM    SUCCESS               75.5898                 
2023-07-06 15:18:00,207	[INFO]	WARM    SUCCESS               71.1488                 
2023-07-06 15:18:00,208	[INFO]	INITIAL SUCCESS               71.1488                 
2023-07-06 15:18:00,208	[INFO]	==== START: FirstImprovement ====
2023-07-06 15:18:00,209	[DEBUG]	ParamSetting(('minisat.params', 'luby'), 0)
2023-07-06 15:18:00,209	[INFO]	1       SUCCESS              +71.1488 (100.0%) [1 edit(s)] 
2023-07-06 15:18:00,211	[DEBUG]	
2023-07-06 15:18:00,212	[DEBUG]	
2023-07-06 15:18:00,212	[INFO]	2       SUCCESS              +71.1488 (100.0%) [0 edit(s)] 
2023-07-06 15:18:00,213	[DEBUG]	
2023-07-06 15:18:09,613	[INFO]	==== END ====
2023-07-06 15:18:09,614	[INFO]	Reason: keyboard interrupt
2023-07-06 15:18:09,614	[INFO]	
2023-07-06 15:18:09,614	[INFO]	==== REPORT ====
2023-07-06 15:18:09,614	[INFO]	Termination: keyboard interrupt
2023-07-06 15:18:09,614	[INFO]	Log file: /home/tsongpet/MSc-SSE-GI-project/_magpie_logs/minisat-hack_1688652846.log
2023-07-06 15:18:09,615	[INFO]	Patch file: _magpie_logs/minisat-hack_1688652846.patch
2023-07-06 15:18:09,615	[INFO]	Diff file: _magpie_logs/minisat-hack_1688652846.diff
2023-07-06 15:18:09,615	[INFO]	Best fitness: 71.1488
2023-07-06 15:18:09,615	[INFO]	Best patch: 
2023-07-06 15:18:09,616	[INFO]	Diff:

