2023-07-28 22:44:39,596	[DEBUG]	==== CONFIG ====
[magpie]
import = 
seed = 
log_dir = _magpie_logs
work_dir = _magpie_work
local_original_copy = False
local_original_name = __original__
output_encoding = ascii
edit_retries = 10
default_timeout = 30
default_lengthout = 1e6
diff_method = unified

[software]
path = code/minisat-hack
target_files = 
	core/Solver.cc.xml
	minisat.params
program = BasicProgram
engine_rules = 
	*.params : ConfigFileParamsEngine
	*.xml : SrcmlEngine
	* : LineEngine
engine_config = 
	*.params : [params]
	*.xml : [srcml]
setup_cmd = ./compile.sh
setup_timeout = 
setup_lengthout = 
compile_cmd = ./compile.sh
compile_timeout = 16
compile_lengthout = 
test_cmd = 
test_timeout = 
test_lengthout = 
run_cmd = perf stat run-sh/train_1.sh
run_timeout = 68
run_lengthout = 
fitness = perf_time

[srcml]
rename = 
	stmt: break continue decl_stmt do expr_stmt for goto if return switch while
	number: literal_number
focus = block stmt operator_comp operator_arith number
internodes = block
process_pseudo_blocks = True
process_literals = True
process_operators = True

[params]
timing = test run
cli_prefix = --
cli_glue = =
cli_boolean = show
cli_boolean_prefix_true = 
cli_boolean_prefix_false = no-
silent_prefix = @
silent_suffix = $

[search]
protocol = BasicProtocol
algorithm = GeneticAlgorithm
possible_edits = 
	ParamSetting
warmup = 3
warmup_strategy = last
max_steps = 
max_time = 13230
target_fitness = 
cache_maxsize = 40
cache_keep = 0.2

[search.ls]
delete_prob = 0.5
max_neighbours = 
when_trapped = continue
accept_fail = False
tabu_length = 10

[search.gp]
pop_size = 10
delete_prob = 0.5
offspring_elitism = 0.1
offspring_crossover = 0.5
offspring_mutation = 0.4
uniform_rate = 0.5

[search.ga]
pop_size = 10
cxpb_chrm = 0.5
cxpb_gene = 0.5
mutpb_chrm = 0.2
mutpb_gene = 0.1
delete_prob = 0.5
tournament_size = 3

[search.pso]
pop_size = 10
speed_min = -3
speed_max = 3
c1 = 1.49
c2 = 1.49


2023-07-28 22:44:39,597	[INFO]	==== WARMUP ====
2023-07-28 22:45:34,161	[INFO]	WARM    SUCCESS               44.5361                 
2023-07-28 22:46:21,540	[INFO]	WARM    SUCCESS               44.2743                 
2023-07-28 22:47:09,031	[INFO]	WARM    SUCCESS               44.4138                 
2023-07-28 22:47:09,032	[INFO]	INITIAL SUCCESS               44.4138                 
2023-07-28 22:47:09,032	[INFO]	==== START: GeneticAlgorithm ====
2023-07-28 22:48:20,064	[DEBUG]	ParamSetting(('minisat.params', 'lbd-cut'), 6) | ParamSetting(('minisat.params', 'lbd-cut-max'), 23) | ParamSetting(('minisat.params', 'cp-increase'), 5086) | ParamSetting(('minisat.params', 'core-tolerance'), 0.2643580267576121) | ParamSetting(('minisat.params', 'K-val'), 0.7318012704554113) | ParamSetting(('minisat.params', 'R-val'), 1.4958059717841035) | ParamSetting(('minisat.params', 'var-decay'), 0.2100468175519668) | ParamSetting(('minisat.params', 'cla-decay'), 0.48782286329701985) | ParamSetting(('minisat.params', 'rnd-freq'), 0.6604919834481303) | ParamSetting(('minisat.params', 'ccmin-mode'), '1') | ParamSetting(('minisat.params', 'phase-saving'), '2') | ParamSetting(('minisat.params', 'rnd-init'), 'True') | ParamSetting(('minisat.params', 'luby'), 1) | ParamSetting(('minisat.params', 'rfirst'), 2.939249815884997) | ParamSetting(('minisat.params', 'rinc'), 4.495097108448784) | ParamSetting(('minisat.params', 'gc-frac'), 0.7714583689958823) | ParamSetting(('minisat.params', 'verb'), '1') | ParamSetting(('minisat.params', 'pre'), 'False') | ParamSetting(('minisat.params', 'asymm'), 'True') | ParamSetting(('minisat.params', 'rcheck'), 'True') | ParamSetting(('minisat.params', 'elim'), 'False') | ParamSetting(('minisat.params', 'grow'), 549) | ParamSetting(('minisat.params', 'cl-lim'), 462) | ParamSetting(('minisat.params', 'sub-lim'), 184) | ParamSetting(('minisat.params', 'simp-gc-frac'), 0.6953020308536012)
2023-07-28 22:48:20,065	[INFO]	0-1     RUN_TIMEOUT           None  [25 edit(s)]      
2023-07-28 22:48:55,266	[INFO]	==== END ====
2023-07-28 22:48:55,267	[INFO]	Reason: keyboard interrupt
2023-07-28 22:48:55,267	[INFO]	
2023-07-28 22:48:55,267	[INFO]	==== REPORT ====
2023-07-28 22:48:55,267	[INFO]	Termination: keyboard interrupt
2023-07-28 22:48:55,268	[INFO]	Log file: /cs/student/msc/sse/2022/tsongpet/Desktop/MSc-SSE-GI-project/_magpie_logs/minisat-hack_1690580673.log
2023-07-28 22:48:55,274	[INFO]	Patch file: _magpie_logs/minisat-hack_1690580673.patch
2023-07-28 22:48:55,274	[INFO]	Diff file: _magpie_logs/minisat-hack_1690580673.diff
2023-07-28 22:48:55,275	[INFO]	Best fitness: 44.4138
2023-07-28 22:48:55,275	[INFO]	Best patch: 
2023-07-28 22:48:55,275	[INFO]	Diff:

