2023-07-17 17:32:07,940	[DEBUG]	==== CONFIG ====
[magpie]
import = 
seed = 
log_dir = _magpie_logs
work_dir = _magpie_work
local_original_copy = False
local_original_name = __original__
output_encoding = ascii
edit_retries = 10
default_timeout = 30
default_lengthout = 1e6
diff_method = unified

[software]
path = code/minisat-hack
target_files = 
	core/Solver.cc.xml
	minisat.params
program = BasicProgram
engine_rules = 
	*.params : ConfigFileParamsEngine
	*.xml : SrcmlEngine
	* : LineEngine
engine_config = 
	*.params : [params]
	*.xml : [srcml]
setup_cmd = ./compile.sh
setup_timeout = 
setup_lengthout = 
compile_cmd = ./compile.sh
compile_timeout = 15
compile_lengthout = 
test_cmd = 
test_timeout = 
test_lengthout = 
run_cmd = perf stat run-sh/test.sh
run_timeout = 6585
run_lengthout = 
fitness = perf_time

[srcml]
rename = 
	stmt: break continue decl_stmt do expr_stmt for goto if return switch while
	number: literal_number
focus = block stmt operator_comp operator_arith number
internodes = block
process_pseudo_blocks = True
process_literals = True
process_operators = True

[params]
timing = test run
cli_prefix = --
cli_glue = =
cli_boolean = show
cli_boolean_prefix_true = 
cli_boolean_prefix_false = no-
silent_prefix = @
silent_suffix = $

[search]
protocol = BasicProtocol
algorithm = ValidTest
possible_edits = 
	ParamSetting
warmup = 3
warmup_strategy = last
max_steps = 
max_time = 
target_fitness = 
cache_maxsize = 40
cache_keep = 0.2

[search.ls]
delete_prob = 0.5
max_neighbours = 
when_trapped = continue
accept_fail = False
tabu_length = 10

[search.gp]
pop_size = 10
delete_prob = 0.5
offspring_elitism = 0.1
offspring_crossover = 0.5
offspring_mutation = 0.4
uniform_rate = 0.5


2023-07-17 17:32:07,941	[INFO]	==== WARMUP ====
2023-07-17 19:09:28,723	[INFO]	WARM    SUCCESS               5832.0255               
2023-07-17 20:46:02,648	[INFO]	WARM    SUCCESS               5790.4166               
2023-07-17 22:22:31,136	[INFO]	WARM    SUCCESS               5784.987                
2023-07-17 22:22:31,136	[INFO]	INITIAL SUCCESS               5784.987                
2023-07-17 22:22:31,136	[INFO]	==== START: ValidTest ====
2023-07-17 22:22:31,182	[DEBUG]	CLEAN_PATCH: ParamSetting(('minisat.params', 'cp-increase'), 5057) | ParamSetting(('minisat.params', 'sub-lim'), 24) | ParamSetting(('minisat.params', 'simp-gc-frac'), 0.6516880679214357) | ParamSetting(('minisat.params', 'rnd-init'), 'True')
2023-07-17 22:22:31,182	[DEBUG]	CLEAN_SIZE: 4 (was 4)
2023-07-17 23:50:56,501	[DEBUG]	ParamSetting(('minisat.params', 'cp-increase'), 5057) | ParamSetting(('minisat.params', 'sub-lim'), 24) | ParamSetting(('minisat.params', 'simp-gc-frac'), 0.6516880679214357) | ParamSetting(('minisat.params', 'rnd-init'), 'True')
2023-07-17 23:50:56,502	[INFO]	1       SUCCESS              *5301.5105 (91.64%) [4 edit(s)] 
2023-07-17 23:50:56,512	[DEBUG]	--- before: minisat.params
+++ after: minisat.params
@@ -1,13 +1,13 @@
 lbd-cut := 5.0
 lbd-cut-max := 10.0
-cp-increase := 15000
+cp-increase := 5057
 core-tolerance := 0.02
 var-decay := 0.95
 cla-decay := 0.999
 rnd-freq := 0.0
 ccmin-mode := 2
 phase-saving := 2
-rnd-init := 'False'
+rnd-init := 'True'
 luby := 0
 gc-frac := 0.2
 verb := 1
@@ -17,5 +17,5 @@
 elim := 'False'
 grow := 0
 cl-lim := 20
-sub-lim := 1000
-simp-gc-frac := 0.5
+sub-lim := 24
+simp-gc-frac := 0.6516880679214357

2023-07-17 23:50:56,520	[INFO]	==== END ====
2023-07-17 23:50:56,520	[INFO]	Reason: validation end
2023-07-17 23:50:56,521	[INFO]	
2023-07-17 23:50:56,521	[INFO]	==== REPORT ====
2023-07-17 23:50:56,521	[INFO]	Termination: validation end
2023-07-17 23:50:56,521	[INFO]	Log file: /home/tsongpet/MSc-SSE-GI-project/_magpie_logs/minisat-hack_1689611527.log
2023-07-17 23:50:56,529	[INFO]	Patch file: _magpie_logs/minisat-hack_1689611527.patch
2023-07-17 23:50:56,529	[INFO]	Diff file: _magpie_logs/minisat-hack_1689611527.diff
2023-07-17 23:50:56,529	[INFO]	Best fitness: 5301.5105
2023-07-17 23:50:56,529	[INFO]	Best patch: ParamSetting(('minisat.params', 'cp-increase'), 5057) | ParamSetting(('minisat.params', 'sub-lim'), 24) | ParamSetting(('minisat.params', 'simp-gc-frac'), 0.6516880679214357) | ParamSetting(('minisat.params', 'rnd-init'), 'True')
2023-07-17 23:50:56,529	[INFO]	Diff:
--- before: minisat.params
+++ after: minisat.params
@@ -1,13 +1,13 @@
 lbd-cut := 5.0
 lbd-cut-max := 10.0
-cp-increase := 15000
+cp-increase := 5057
 core-tolerance := 0.02
 var-decay := 0.95
 cla-decay := 0.999
 rnd-freq := 0.0
 ccmin-mode := 2
 phase-saving := 2
-rnd-init := 'False'
+rnd-init := 'True'
 luby := 0
 gc-frac := 0.2
 verb := 1
@@ -17,5 +17,5 @@
 elim := 'False'
 grow := 0
 cl-lim := 20
-sub-lim := 1000
-simp-gc-frac := 0.5
+sub-lim := 24
+simp-gc-frac := 0.6516880679214357

