2023-07-05 09:02:06,137	[DEBUG]	==== CONFIG ====
[magpie]
import = 
seed = 
log_dir = _magpie_logs
work_dir = _magpie_work
local_original_copy = False
local_original_name = __original__
output_encoding = ascii
edit_retries = 10
default_timeout = 30
default_lengthout = 1e6
diff_method = unified

[software]
path = code/minisat-hack
target_files = 
	core/Solver.cc.xml
program = BasicProgram
engine_rules = 
	*.params : ConfigFileParamsEngine
	*.xml : SrcmlEngine
	* : LineEngine
engine_config = 
	*.params : [params]
	*.xml : [srcml]
setup_cmd = ./compile.sh
setup_timeout = 
setup_lengthout = 
compile_cmd = ./compile.sh
compile_timeout = 15
compile_lengthout = 
test_cmd = 
test_timeout = 
test_lengthout = 
run_cmd = perf stat run-sh/train_10.sh
run_timeout = 88
run_lengthout = 
fitness = perf_time

[srcml]
rename = 
	stmt: break continue decl_stmt do expr_stmt for goto if return switch while
	number: literal_number
focus = block stmt operator_comp operator_arith number
internodes = block
process_pseudo_blocks = True
process_literals = True
process_operators = True

[params]
timing = test run
cli_prefix = --
cli_glue = =
cli_boolean = show
cli_boolean_prefix_true = 
cli_boolean_prefix_false = no-
silent_prefix = @
silent_suffix = $

[search]
protocol = BasicProtocol
algorithm = FirstImprovement
possible_edits = 
	StmtReplacement
	StmtInsertion
	StmtDeletion
warmup = 3
warmup_strategy = last
max_steps = 1000
max_time = 
target_fitness = 
cache_maxsize = 40
cache_keep = 0.2

[search.ls]
delete_prob = 0.5
max_neighbours = 
when_trapped = continue
accept_fail = False
tabu_length = 10

[search.gp]
pop_size = 10
delete_prob = 0.5
offspring_elitism = 0.1
offspring_crossover = 0.5
offspring_mutation = 0.4
uniform_rate = 0.5


2023-07-05 09:02:06,138	[INFO]	==== WARMUP ====
2023-07-05 09:03:39,487	[INFO]	WARM    SUCCESS               83.2013                 
2023-07-05 09:05:03,119	[INFO]	WARM    SUCCESS               80.014                  
2023-07-05 09:06:27,838	[INFO]	WARM    SUCCESS               80.6945                 
2023-07-05 09:06:27,839	[INFO]	INITIAL SUCCESS               80.6945                 
2023-07-05 09:06:27,839	[INFO]	==== START: FirstImprovement ====
2023-07-05 09:06:28,278	[DEBUG]	StmtDeletion(('core/Solver.cc.xml', 'stmt', 227))
2023-07-05 09:06:28,279	[INFO]	1       COMPILE_CODE_ERROR    None  [1 edit(s)]       
2023-07-05 09:07:49,345	[DEBUG]	StmtInsertion(('core/Solver.cc.xml', '_inter_block', 418), ('core/Solver.cc.xml', 'stmt', 113))
2023-07-05 09:07:49,346	[INFO]	2       SUCCESS              *77.645 (96.22%) [1 edit(s)] 
2023-07-05 09:07:49,356	[DEBUG]	--- before: core/Solver.cc
+++ after: core/Solver.cc
@@ -752,6 +752,7 @@
             if (conflicts % 5000 == 0 && var_decay < 0.95)/*auto*/{
                 var_decay += 0.01;
 }/*auto*/
+            Clause& c = ca[confl];
             if (decisionLevel() == 0)/*auto*/{ return l_False;
 }/*auto*/
 

2023-07-05 09:07:49,779	[DEBUG]	StmtInsertion(('core/Solver.cc.xml', '_inter_block', 418), ('core/Solver.cc.xml', 'stmt', 113)) | StmtReplacement(('core/Solver.cc.xml', 'stmt', 146), ('core/Solver.cc.xml', 'stmt', 325))
2023-07-05 09:07:49,780	[INFO]	3       COMPILE_CODE_ERROR    None  [2 edit(s)]       
2023-07-05 09:07:54,439	[DEBUG]	StmtInsertion(('core/Solver.cc.xml', '_inter_block', 418), ('core/Solver.cc.xml', 'stmt', 113)) | StmtDeletion(('core/Solver.cc.xml', 'stmt', 31))
2023-07-05 09:07:54,440	[INFO]	4       RUN_CODE_ERROR        None  [2 edit(s)]       
