2023-07-06 15:06:26,098	[DEBUG]	==== CONFIG ====
[magpie]
import = 
seed = 
log_dir = _magpie_logs
work_dir = _magpie_work
local_original_copy = False
local_original_name = __original__
output_encoding = ascii
edit_retries = 10
default_timeout = 30
default_lengthout = 1e6
diff_method = unified

[software]
path = code/minisat-hack
target_files = 
	minisat.params
program = BasicProgram
engine_rules = 
	*.params : ConfigFileParamsEngine
	*.xml : SrcmlEngine
	* : LineEngine
engine_config = 
	*.params : [params]
	*.xml : [srcml]
setup_cmd = ./compile.sh
setup_timeout = 
setup_lengthout = 
compile_cmd = ./compile.sh
compile_timeout = 15
compile_lengthout = 
test_cmd = 
test_timeout = 
test_lengthout = 
run_cmd = perf stat run-sh/train_7.sh
run_timeout = 47
run_lengthout = 
fitness = perf_time

[srcml]
rename = 
	stmt: break continue decl_stmt do expr_stmt for goto if return switch while
	number: literal_number
focus = block stmt operator_comp operator_arith number
internodes = block
process_pseudo_blocks = True
process_literals = True
process_operators = True

[params]
timing = test run
cli_prefix = --
cli_glue = =
cli_boolean = show
cli_boolean_prefix_true = 
cli_boolean_prefix_false = no-
silent_prefix = @
silent_suffix = $

[search]
protocol = BasicProtocol
algorithm = FirstImprovement
possible_edits = 
	ParamSetting
warmup = 3
warmup_strategy = last
max_steps = 
max_time = 12840
target_fitness = 
cache_maxsize = 40
cache_keep = 0.2

[search.ls]
delete_prob = 0.5
max_neighbours = 
when_trapped = continue
accept_fail = False
tabu_length = 10

[search.gp]
pop_size = 10
delete_prob = 0.5
offspring_elitism = 0.1
offspring_crossover = 0.5
offspring_mutation = 0.4
uniform_rate = 0.5


2023-07-06 15:06:26,098	[INFO]	==== WARMUP ====
2023-07-06 15:07:13,375	[INFO]	WARM    SUCCESS               37.3879                 
2023-07-06 15:07:48,392	[INFO]	WARM    SUCCESS               34.9186                 
2023-07-06 15:08:24,303	[INFO]	WARM    SUCCESS               35.8152                 
2023-07-06 15:08:24,303	[INFO]	INITIAL SUCCESS               35.8152                 
2023-07-06 15:08:24,303	[INFO]	==== START: FirstImprovement ====
2023-07-06 15:08:59,529	[DEBUG]	ParamSetting(('minisat.params', 'cp-increase'), 5021)
2023-07-06 15:08:59,529	[INFO]	1       SUCCESS              *35.1344 (98.1%) [1 edit(s)] 
2023-07-06 15:08:59,530	[DEBUG]	--- before: minisat.params
+++ after: minisat.params
@@ -1,6 +1,6 @@
 lbd-cut := 5.0
 lbd-cut-max := 10.0
-cp-increase := 15000
+cp-increase := 5021
 core-tolerance := 0.02
 var-decay := 0.95
 cla-decay := 0.999

2023-07-06 15:09:41,966	[DEBUG]	ParamSetting(('minisat.params', 'cp-increase'), 5021) | ParamSetting(('minisat.params', 'ccmin-mode'), 0)
2023-07-06 15:09:41,967	[INFO]	2       SUCCESS               42.3343 (118.2%) [2 edit(s)] 
2023-07-06 15:09:41,969	[DEBUG]	ParamSetting(('minisat.params', 'cp-increase'), 5021) | ParamSetting(('minisat.params', 'elim'), 'False')
2023-07-06 15:09:41,969	[INFO]	3       SUCCESS              +35.1344 (98.1%) [2 edit(s)] 
2023-07-06 15:09:41,970	[DEBUG]	--- before: minisat.params
+++ after: minisat.params
@@ -1,6 +1,6 @@
 lbd-cut := 5.0
 lbd-cut-max := 10.0
-cp-increase := 15000
+cp-increase := 5021
 core-tolerance := 0.02
 var-decay := 0.95
 cla-decay := 0.999

2023-07-06 15:09:41,972	[DEBUG]	ParamSetting(('minisat.params', 'cp-increase'), 5021)
2023-07-06 15:09:41,972	[INFO]	4       SUCCESS              +35.1344 (98.1%) [1 edit(s)] 
2023-07-06 15:09:41,973	[DEBUG]	--- before: minisat.params
+++ after: minisat.params
@@ -1,6 +1,6 @@
 lbd-cut := 5.0
 lbd-cut-max := 10.0
-cp-increase := 15000
+cp-increase := 5021
 core-tolerance := 0.02
 var-decay := 0.95
 cla-decay := 0.999

2023-07-06 15:10:25,412	[DEBUG]	ParamSetting(('minisat.params', 'cp-increase'), 5021) | ParamSetting(('minisat.params', 'lbd-cut'), 6.724435802921607)
2023-07-06 15:10:25,413	[INFO]	5       SUCCESS               43.3357 (121.0%) [2 edit(s)] 
2023-07-06 15:11:00,852	[DEBUG]	ParamSetting(('minisat.params', 'cp-increase'), 5021) | ParamSetting(('minisat.params', 'simp-gc-frac'), 0.3641407459102839)
2023-07-06 15:11:00,852	[INFO]	6       SUCCESS               35.3294 (98.64%) [2 edit(s)] 
2023-07-06 15:11:47,963	[DEBUG]	ParamSetting(('minisat.params', 'cp-increase'), 5021) | ParamSetting(('minisat.params', 'rnd-freq'), 0.9497117354464458)
2023-07-06 15:11:47,963	[INFO]	7       RUN_TIMEOUT           None  [2 edit(s)]       
2023-07-06 15:11:47,965	[DEBUG]	
2023-07-06 15:11:47,965	[INFO]	8       SUCCESS               35.8152 (100.0%) [0 edit(s)] 
2023-07-06 15:11:47,967	[DEBUG]	ParamSetting(('minisat.params', 'cp-increase'), 5021) | ParamSetting(('minisat.params', 'rcheck'), 'False')
2023-07-06 15:11:47,967	[INFO]	9       SUCCESS              +35.1344 (98.1%) [2 edit(s)] 
2023-07-06 15:11:47,968	[DEBUG]	--- before: minisat.params
+++ after: minisat.params
@@ -1,6 +1,6 @@
 lbd-cut := 5.0
 lbd-cut-max := 10.0
-cp-increase := 15000
+cp-increase := 5021
 core-tolerance := 0.02
 var-decay := 0.95
 cla-decay := 0.999

2023-07-06 15:11:47,970	[DEBUG]	ParamSetting(('minisat.params', 'cp-increase'), 5021) | ParamSetting(('minisat.params', 'rcheck'), 'False') | ParamSetting(('minisat.params', 'pre'), 'True')
2023-07-06 15:11:47,970	[INFO]	10      SUCCESS              +35.1344 (98.1%) [3 edit(s)] 
2023-07-06 15:11:47,971	[DEBUG]	--- before: minisat.params
+++ after: minisat.params
@@ -1,6 +1,6 @@
 lbd-cut := 5.0
 lbd-cut-max := 10.0
-cp-increase := 15000
+cp-increase := 5021
 core-tolerance := 0.02
 var-decay := 0.95
 cla-decay := 0.999

2023-07-06 15:12:24,156	[DEBUG]	ParamSetting(('minisat.params', 'cp-increase'), 5021) | ParamSetting(('minisat.params', 'rcheck'), 'False') | ParamSetting(('minisat.params', 'pre'), 'True') | ParamSetting(('minisat.params', 'gc-frac'), 0.7544185211483865)
2023-07-06 15:12:24,156	[INFO]	11      SUCCESS               36.0918 (100.77%) [4 edit(s)] 
2023-07-06 15:12:24,158	[DEBUG]	ParamSetting(('minisat.params', 'cp-increase'), 5021) | ParamSetting(('minisat.params', 'rcheck'), 'False') | ParamSetting(('minisat.params', 'pre'), 'True') | ParamSetting(('minisat.params', 'R-val'), 1.4956649853804265)
2023-07-06 15:12:24,158	[INFO]	12      SUCCESS              +35.1344 (98.1%) [4 edit(s)] 
2023-07-06 15:12:24,159	[DEBUG]	--- before: minisat.params
+++ after: minisat.params
@@ -1,6 +1,6 @@
 lbd-cut := 5.0
 lbd-cut-max := 10.0
-cp-increase := 15000
+cp-increase := 5021
 core-tolerance := 0.02
 var-decay := 0.95
 cla-decay := 0.999

2023-07-06 15:12:24,161	[DEBUG]	ParamSetting(('minisat.params', 'rcheck'), 'False') | ParamSetting(('minisat.params', 'pre'), 'True') | ParamSetting(('minisat.params', 'R-val'), 1.4956649853804265)
2023-07-06 15:12:24,161	[INFO]	13      SUCCESS               35.8152 (100.0%) [3 edit(s)] 
2023-07-06 15:13:06,020	[INFO]	==== END ====
2023-07-06 15:13:06,021	[INFO]	Reason: keyboard interrupt
2023-07-06 15:13:06,021	[INFO]	
2023-07-06 15:13:06,021	[INFO]	==== REPORT ====
2023-07-06 15:13:06,021	[INFO]	Termination: keyboard interrupt
2023-07-06 15:13:06,021	[INFO]	Log file: /home/tsongpet/MSc-SSE-GI-project/_magpie_logs/minisat-hack_1688652384.log
2023-07-06 15:13:06,023	[INFO]	Patch file: _magpie_logs/minisat-hack_1688652384.patch
2023-07-06 15:13:06,023	[INFO]	Diff file: _magpie_logs/minisat-hack_1688652384.diff
2023-07-06 15:13:06,023	[INFO]	Best fitness: 35.1344
2023-07-06 15:13:06,023	[INFO]	Best patch: ParamSetting(('minisat.params', 'cp-increase'), 5021)
2023-07-06 15:13:06,023	[INFO]	Diff:
--- before: minisat.params
+++ after: minisat.params
@@ -1,6 +1,6 @@
 lbd-cut := 5.0
 lbd-cut-max := 10.0
-cp-increase := 15000
+cp-increase := 5021
 core-tolerance := 0.02
 var-decay := 0.95
 cla-decay := 0.999

