2023-07-11 10:59:30,590	[DEBUG]	==== CONFIG ====
[magpie]
import = 
seed = 
log_dir = _magpie_logs
work_dir = _magpie_work
local_original_copy = False
local_original_name = __original__
output_encoding = ascii
edit_retries = 10
default_timeout = 30
default_lengthout = 1e6
diff_method = unified

[software]
path = code/minisat-hack
target_files = 
	core/Solver.cc.xml
	minisat.params
program = BasicProgram
engine_rules = 
	*.params : ConfigFileParamsEngine
	*.xml : SrcmlEngine
	* : LineEngine
engine_config = 
	*.params : [params]
	*.xml : [srcml]
setup_cmd = ./compile.sh
setup_timeout = 
setup_lengthout = 
compile_cmd = ./compile.sh
compile_timeout = 15
compile_lengthout = 
test_cmd = 
test_timeout = 
test_lengthout = 
run_cmd = perf stat run-sh/validate_10.sh
run_timeout = 1187
run_lengthout = 
fitness = perf_time

[srcml]
rename = 
	stmt: break continue decl_stmt do expr_stmt for goto if return switch while
	number: literal_number
focus = block stmt operator_comp operator_arith number
internodes = block
process_pseudo_blocks = True
process_literals = True
process_operators = True

[params]
timing = test run
cli_prefix = --
cli_glue = =
cli_boolean = show
cli_boolean_prefix_true = 
cli_boolean_prefix_false = no-
silent_prefix = @
silent_suffix = $

[search]
protocol = BasicProtocol
algorithm = ValidRankingSimplify
possible_edits = 
	ParamSetting
warmup = 3
warmup_strategy = last
max_steps = 
max_time = 21840
target_fitness = 
cache_maxsize = 40
cache_keep = 0.2

[search.ls]
delete_prob = 0.5
max_neighbours = 
when_trapped = continue
accept_fail = False
tabu_length = 10

[search.gp]
pop_size = 10
delete_prob = 0.5
offspring_elitism = 0.1
offspring_crossover = 0.5
offspring_mutation = 0.4
uniform_rate = 0.5


2023-07-11 10:59:30,591	[INFO]	==== WARMUP ====
2023-07-11 11:15:39,795	[INFO]	WARM    SUCCESS               960.6589                
2023-07-11 11:31:43,862	[INFO]	WARM    SUCCESS               960.5063                
2023-07-11 11:47:41,244	[INFO]	WARM    SUCCESS               952.9723                
2023-07-11 11:47:41,245	[INFO]	INITIAL SUCCESS               952.9723                
2023-07-11 11:47:41,245	[INFO]	==== START: ValidRankingSimplify ====
2023-07-11 11:47:41,361	[DEBUG]	CLEAN_PATCH: ParamSetting(('minisat.params', 'cp-increase'), 5271) | ParamSetting(('minisat.params', 'gc-frac'), 0.13398856994809638) | ParamSetting(('minisat.params', 'cl-lim'), 1503) | ParamSetting(('minisat.params', 'simp-gc-frac'), 0.8956213238060217) | ParamSetting(('minisat.params', 'elim'), 'True') | ParamSetting(('minisat.params', 'pre'), 'False') | ParamSetting(('minisat.params', 'sub-lim'), 211)
2023-07-11 11:47:41,361	[DEBUG]	CLEAN_SIZE: 7 (was 13)
2023-07-11 12:03:26,912	[DEBUG]	ParamSetting(('minisat.params', 'cp-increase'), 5271) | ParamSetting(('minisat.params', 'gc-frac'), 0.13398856994809638) | ParamSetting(('minisat.params', 'cl-lim'), 1503) | ParamSetting(('minisat.params', 'simp-gc-frac'), 0.8956213238060217) | ParamSetting(('minisat.params', 'sub-lim'), 955) | ParamSetting(('minisat.params', 'elim'), 'True') | ParamSetting(('minisat.params', 'pre'), 'False') | ParamSetting(('minisat.params', 'R-val'), 1.91421599602618) | ParamSetting(('minisat.params', 'pre'), 'False') | ParamSetting(('minisat.params', 'rcheck'), 'False') | ParamSetting(('minisat.params', 'rcheck'), 'False') | ParamSetting(('minisat.params', 'ccmin-mode'), 2) | ParamSetting(('minisat.params', 'sub-lim'), 211)
2023-07-11 12:03:26,913	[INFO]	1       SUCCESS              *941.4301 (98.79%) [13 edit(s)] 
2023-07-11 12:03:26,930	[DEBUG]	--- before: minisat.params
+++ after: minisat.params
@@ -1,6 +1,6 @@
 lbd-cut := 5.0
 lbd-cut-max := 10.0
-cp-increase := 15000
+cp-increase := 5271
 core-tolerance := 0.02
 var-decay := 0.95
 cla-decay := 0.999
@@ -9,13 +9,13 @@
 phase-saving := 2
 rnd-init := 'False'
 luby := 0
-gc-frac := 0.2
+gc-frac := 0.13398856994809638
 verb := 1
-pre := 'True'
+pre := 'False'
 asymm := 'False'
 rcheck := 'False'
-elim := 'False'
+elim := 'True'
 grow := 0
-cl-lim := 20
-sub-lim := 1000
-simp-gc-frac := 0.5
+cl-lim := 1503
+sub-lim := 211
+simp-gc-frac := 0.8956213238060217

2023-07-11 12:03:26,930	[INFO]	-- ranking --
2023-07-11 12:19:27,901	[DEBUG]	ParamSetting(('minisat.params', 'cp-increase'), 5271)
2023-07-11 12:19:27,901	[INFO]	2       SUCCESS              +957.1515 (100.44%) [1 edit(s)] 
2023-07-11 12:19:27,910	[DEBUG]	--- before: minisat.params
+++ after: minisat.params
@@ -1,6 +1,6 @@
 lbd-cut := 5.0
 lbd-cut-max := 10.0
-cp-increase := 15000
+cp-increase := 5271
 core-tolerance := 0.02
 var-decay := 0.95
 cla-decay := 0.999

2023-07-11 12:35:32,188	[DEBUG]	ParamSetting(('minisat.params', 'gc-frac'), 0.13398856994809638)
2023-07-11 12:35:32,189	[INFO]	3       SUCCESS              +960.6264 (100.8%) [1 edit(s)] 
2023-07-11 12:35:32,203	[DEBUG]	--- before: minisat.params
+++ after: minisat.params
@@ -9,7 +9,7 @@
 phase-saving := 2
 rnd-init := 'False'
 luby := 0
-gc-frac := 0.2
+gc-frac := 0.13398856994809638
 verb := 1
 pre := 'True'
 asymm := 'False'

2023-07-11 12:51:34,468	[DEBUG]	ParamSetting(('minisat.params', 'cl-lim'), 1503)
2023-07-11 12:51:34,469	[INFO]	4       SUCCESS              +958.8294 (100.61%) [1 edit(s)] 
2023-07-11 12:51:34,478	[DEBUG]	--- before: minisat.params
+++ after: minisat.params
@@ -16,6 +16,6 @@
 rcheck := 'False'
 elim := 'False'
 grow := 0
-cl-lim := 20
+cl-lim := 1503
 sub-lim := 1000
 simp-gc-frac := 0.5

2023-07-11 13:07:44,592	[DEBUG]	ParamSetting(('minisat.params', 'simp-gc-frac'), 0.8956213238060217)
2023-07-11 13:07:44,593	[INFO]	5       SUCCESS              +966.5298 (101.42%) [1 edit(s)] 
2023-07-11 13:07:44,602	[DEBUG]	--- before: minisat.params
+++ after: minisat.params
@@ -18,4 +18,4 @@
 grow := 0
 cl-lim := 20
 sub-lim := 1000
-simp-gc-frac := 0.5
+simp-gc-frac := 0.8956213238060217

2023-07-11 13:23:51,831	[DEBUG]	ParamSetting(('minisat.params', 'sub-lim'), 955)
2023-07-11 13:23:51,832	[INFO]	6       SUCCESS              +963.7931 (101.14%) [1 edit(s)] 
2023-07-11 13:23:51,841	[DEBUG]	--- before: minisat.params
+++ after: minisat.params
@@ -17,5 +17,5 @@
 elim := 'False'
 grow := 0
 cl-lim := 20
-sub-lim := 1000
+sub-lim := 955
 simp-gc-frac := 0.5

2023-07-11 13:40:33,980	[DEBUG]	ParamSetting(('minisat.params', 'elim'), 'True')
2023-07-11 13:40:33,981	[INFO]	7       SUCCESS              +998.6836 (104.8%) [1 edit(s)] 
2023-07-11 13:40:33,989	[DEBUG]	--- before: minisat.params
+++ after: minisat.params
@@ -14,7 +14,7 @@
 pre := 'True'
 asymm := 'False'
 rcheck := 'False'
-elim := 'False'
+elim := 'True'
 grow := 0
 cl-lim := 20
 sub-lim := 1000

2023-07-11 13:57:37,784	[DEBUG]	ParamSetting(('minisat.params', 'pre'), 'False')
2023-07-11 13:57:37,785	[INFO]	8       SUCCESS              +1019.4814 (106.98%) [1 edit(s)] 
2023-07-11 13:57:37,794	[DEBUG]	--- before: minisat.params
+++ after: minisat.params
@@ -11,7 +11,7 @@
 luby := 0
 gc-frac := 0.2
 verb := 1
-pre := 'True'
+pre := 'False'
 asymm := 'False'
 rcheck := 'False'
 elim := 'False'

2023-07-11 13:57:37,802	[DEBUG]	ParamSetting(('minisat.params', 'R-val'), 1.91421599602618)
2023-07-11 13:57:37,802	[INFO]	9       SUCCESS              +952.9723 (100.0%) [1 edit(s)] 
2023-07-11 13:57:37,810	[DEBUG]	
2023-07-11 13:57:37,819	[DEBUG]	ParamSetting(('minisat.params', 'pre'), 'False')
2023-07-11 13:57:37,819	[INFO]	10      SUCCESS              +1019.4814 (106.98%) [1 edit(s)] 
2023-07-11 13:57:37,827	[DEBUG]	--- before: minisat.params
+++ after: minisat.params
@@ -11,7 +11,7 @@
 luby := 0
 gc-frac := 0.2
 verb := 1
-pre := 'True'
+pre := 'False'
 asymm := 'False'
 rcheck := 'False'
 elim := 'False'

2023-07-11 13:57:37,841	[DEBUG]	ParamSetting(('minisat.params', 'rcheck'), 'False')
2023-07-11 13:57:37,841	[INFO]	11      SUCCESS              +952.9723 (100.0%) [1 edit(s)] 
2023-07-11 13:57:37,849	[DEBUG]	
2023-07-11 13:57:37,856	[DEBUG]	ParamSetting(('minisat.params', 'rcheck'), 'False')
2023-07-11 13:57:37,856	[INFO]	12      SUCCESS              +952.9723 (100.0%) [1 edit(s)] 
2023-07-11 13:57:37,864	[DEBUG]	
2023-07-11 13:57:37,872	[DEBUG]	ParamSetting(('minisat.params', 'ccmin-mode'), 2)
2023-07-11 13:57:37,872	[INFO]	13      SUCCESS              +952.9723 (100.0%) [1 edit(s)] 
2023-07-11 13:57:37,880	[DEBUG]	
2023-07-11 14:13:49,717	[DEBUG]	ParamSetting(('minisat.params', 'sub-lim'), 211)
2023-07-11 14:13:49,718	[INFO]	14      SUCCESS              +968.2673 (101.6%) [1 edit(s)] 
2023-07-11 14:13:49,728	[DEBUG]	--- before: minisat.params
+++ after: minisat.params
@@ -17,5 +17,5 @@
 elim := 'False'
 grow := 0
 cl-lim := 20
-sub-lim := 1000
+sub-lim := 211
 simp-gc-frac := 0.5

2023-07-11 14:13:49,728	[INFO]	-- simplify --
2023-07-11 14:31:06,966	[DEBUG]	ParamSetting(('minisat.params', 'gc-frac'), 0.13398856994809638) | ParamSetting(('minisat.params', 'cl-lim'), 1503) | ParamSetting(('minisat.params', 'simp-gc-frac'), 0.8956213238060217) | ParamSetting(('minisat.params', 'sub-lim'), 955) | ParamSetting(('minisat.params', 'elim'), 'True') | ParamSetting(('minisat.params', 'pre'), 'False') | ParamSetting(('minisat.params', 'R-val'), 1.91421599602618) | ParamSetting(('minisat.params', 'pre'), 'False') | ParamSetting(('minisat.params', 'rcheck'), 'False') | ParamSetting(('minisat.params', 'rcheck'), 'False') | ParamSetting(('minisat.params', 'ccmin-mode'), 2) | ParamSetting(('minisat.params', 'sub-lim'), 211)
2023-07-11 14:31:06,966	[INFO]	15      SUCCESS              +1033.2217 (108.42%) [12 edit(s)] 
2023-07-11 14:31:06,975	[DEBUG]	--- before: minisat.params
+++ after: minisat.params
@@ -9,13 +9,13 @@
 phase-saving := 2
 rnd-init := 'False'
 luby := 0
-gc-frac := 0.2
+gc-frac := 0.13398856994809638
 verb := 1
-pre := 'True'
+pre := 'False'
 asymm := 'False'
 rcheck := 'False'
-elim := 'False'
+elim := 'True'
 grow := 0
-cl-lim := 20
-sub-lim := 1000
-simp-gc-frac := 0.5
+cl-lim := 1503
+sub-lim := 211
+simp-gc-frac := 0.8956213238060217

2023-07-11 14:46:36,670	[DEBUG]	ParamSetting(('minisat.params', 'cp-increase'), 5271) | ParamSetting(('minisat.params', 'cl-lim'), 1503) | ParamSetting(('minisat.params', 'simp-gc-frac'), 0.8956213238060217) | ParamSetting(('minisat.params', 'sub-lim'), 955) | ParamSetting(('minisat.params', 'elim'), 'True') | ParamSetting(('minisat.params', 'pre'), 'False') | ParamSetting(('minisat.params', 'R-val'), 1.91421599602618) | ParamSetting(('minisat.params', 'pre'), 'False') | ParamSetting(('minisat.params', 'rcheck'), 'False') | ParamSetting(('minisat.params', 'rcheck'), 'False') | ParamSetting(('minisat.params', 'ccmin-mode'), 2) | ParamSetting(('minisat.params', 'sub-lim'), 211)
2023-07-11 14:46:36,670	[INFO]	16      SUCCESS              *926.0858 (97.18%) [12 edit(s)] 
2023-07-11 14:46:36,679	[DEBUG]	--- before: minisat.params
+++ after: minisat.params
@@ -1,6 +1,6 @@
 lbd-cut := 5.0
 lbd-cut-max := 10.0
-cp-increase := 15000
+cp-increase := 5271
 core-tolerance := 0.02
 var-decay := 0.95
 cla-decay := 0.999
@@ -11,11 +11,11 @@
 luby := 0
 gc-frac := 0.2
 verb := 1
-pre := 'True'
+pre := 'False'
 asymm := 'False'
 rcheck := 'False'
-elim := 'False'
+elim := 'True'
 grow := 0
-cl-lim := 20
-sub-lim := 1000
-simp-gc-frac := 0.5
+cl-lim := 1503
+sub-lim := 211
+simp-gc-frac := 0.8956213238060217

2023-07-11 15:02:07,714	[DEBUG]	ParamSetting(('minisat.params', 'cp-increase'), 5271) | ParamSetting(('minisat.params', 'cl-lim'), 1503) | ParamSetting(('minisat.params', 'simp-gc-frac'), 0.8956213238060217) | ParamSetting(('minisat.params', 'sub-lim'), 955) | ParamSetting(('minisat.params', 'elim'), 'True') | ParamSetting(('minisat.params', 'pre'), 'False') | ParamSetting(('minisat.params', 'R-val'), 1.91421599602618) | ParamSetting(('minisat.params', 'pre'), 'False') | ParamSetting(('minisat.params', 'rcheck'), 'False') | ParamSetting(('minisat.params', 'rcheck'), 'False') | ParamSetting(('minisat.params', 'ccmin-mode'), 2)
2023-07-11 15:02:07,715	[INFO]	17      SUCCESS              +927.5758 (97.34%) [11 edit(s)] 
2023-07-11 15:02:07,724	[DEBUG]	--- before: minisat.params
+++ after: minisat.params
@@ -1,6 +1,6 @@
 lbd-cut := 5.0
 lbd-cut-max := 10.0
-cp-increase := 15000
+cp-increase := 5271
 core-tolerance := 0.02
 var-decay := 0.95
 cla-decay := 0.999
@@ -11,11 +11,11 @@
 luby := 0
 gc-frac := 0.2
 verb := 1
-pre := 'True'
+pre := 'False'
 asymm := 'False'
 rcheck := 'False'
-elim := 'False'
+elim := 'True'
 grow := 0
-cl-lim := 20
-sub-lim := 1000
-simp-gc-frac := 0.5
+cl-lim := 1503
+sub-lim := 955
+simp-gc-frac := 0.8956213238060217

2023-07-11 15:18:59,951	[DEBUG]	ParamSetting(('minisat.params', 'cl-lim'), 1503) | ParamSetting(('minisat.params', 'simp-gc-frac'), 0.8956213238060217) | ParamSetting(('minisat.params', 'sub-lim'), 955) | ParamSetting(('minisat.params', 'elim'), 'True') | ParamSetting(('minisat.params', 'pre'), 'False') | ParamSetting(('minisat.params', 'R-val'), 1.91421599602618) | ParamSetting(('minisat.params', 'pre'), 'False') | ParamSetting(('minisat.params', 'rcheck'), 'False') | ParamSetting(('minisat.params', 'rcheck'), 'False') | ParamSetting(('minisat.params', 'ccmin-mode'), 2) | ParamSetting(('minisat.params', 'sub-lim'), 211)
2023-07-11 15:18:59,952	[INFO]	18      SUCCESS              +1008.7619 (105.85%) [11 edit(s)] 
2023-07-11 15:18:59,969	[DEBUG]	--- before: minisat.params
+++ after: minisat.params
@@ -11,11 +11,11 @@
 luby := 0
 gc-frac := 0.2
 verb := 1
-pre := 'True'
+pre := 'False'
 asymm := 'False'
 rcheck := 'False'
-elim := 'False'
+elim := 'True'
 grow := 0
-cl-lim := 20
-sub-lim := 1000
-simp-gc-frac := 0.5
+cl-lim := 1503
+sub-lim := 211
+simp-gc-frac := 0.8956213238060217

2023-07-11 15:34:43,386	[DEBUG]	ParamSetting(('minisat.params', 'cp-increase'), 5271) | ParamSetting(('minisat.params', 'simp-gc-frac'), 0.8956213238060217) | ParamSetting(('minisat.params', 'sub-lim'), 955) | ParamSetting(('minisat.params', 'elim'), 'True') | ParamSetting(('minisat.params', 'pre'), 'False') | ParamSetting(('minisat.params', 'R-val'), 1.91421599602618) | ParamSetting(('minisat.params', 'pre'), 'False') | ParamSetting(('minisat.params', 'rcheck'), 'False') | ParamSetting(('minisat.params', 'rcheck'), 'False') | ParamSetting(('minisat.params', 'ccmin-mode'), 2) | ParamSetting(('minisat.params', 'sub-lim'), 211)
2023-07-11 15:34:43,387	[INFO]	19      SUCCESS              +939.3686 (98.57%) [11 edit(s)] 
2023-07-11 15:34:43,403	[DEBUG]	--- before: minisat.params
+++ after: minisat.params
@@ -1,6 +1,6 @@
 lbd-cut := 5.0
 lbd-cut-max := 10.0
-cp-increase := 15000
+cp-increase := 5271
 core-tolerance := 0.02
 var-decay := 0.95
 cla-decay := 0.999
@@ -11,11 +11,11 @@
 luby := 0
 gc-frac := 0.2
 verb := 1
-pre := 'True'
+pre := 'False'
 asymm := 'False'
 rcheck := 'False'
-elim := 'False'
+elim := 'True'
 grow := 0
 cl-lim := 20
-sub-lim := 1000
-simp-gc-frac := 0.5
+sub-lim := 211
+simp-gc-frac := 0.8956213238060217

2023-07-11 15:50:21,265	[DEBUG]	ParamSetting(('minisat.params', 'cp-increase'), 5271) | ParamSetting(('minisat.params', 'cl-lim'), 1503) | ParamSetting(('minisat.params', 'sub-lim'), 955) | ParamSetting(('minisat.params', 'elim'), 'True') | ParamSetting(('minisat.params', 'pre'), 'False') | ParamSetting(('minisat.params', 'R-val'), 1.91421599602618) | ParamSetting(('minisat.params', 'pre'), 'False') | ParamSetting(('minisat.params', 'rcheck'), 'False') | ParamSetting(('minisat.params', 'rcheck'), 'False') | ParamSetting(('minisat.params', 'ccmin-mode'), 2) | ParamSetting(('minisat.params', 'sub-lim'), 211)
2023-07-11 15:50:21,265	[INFO]	20      SUCCESS              +934.2414 (98.03%) [11 edit(s)] 
2023-07-11 15:50:21,275	[DEBUG]	--- before: minisat.params
+++ after: minisat.params
@@ -1,6 +1,6 @@
 lbd-cut := 5.0
 lbd-cut-max := 10.0
-cp-increase := 15000
+cp-increase := 5271
 core-tolerance := 0.02
 var-decay := 0.95
 cla-decay := 0.999
@@ -11,11 +11,11 @@
 luby := 0
 gc-frac := 0.2
 verb := 1
-pre := 'True'
+pre := 'False'
 asymm := 'False'
 rcheck := 'False'
-elim := 'False'
+elim := 'True'
 grow := 0
-cl-lim := 20
-sub-lim := 1000
+cl-lim := 1503
+sub-lim := 211
 simp-gc-frac := 0.5

2023-07-11 15:50:21,283	[DEBUG]	ParamSetting(('minisat.params', 'cp-increase'), 5271) | ParamSetting(('minisat.params', 'cl-lim'), 1503) | ParamSetting(('minisat.params', 'simp-gc-frac'), 0.8956213238060217) | ParamSetting(('minisat.params', 'elim'), 'True') | ParamSetting(('minisat.params', 'pre'), 'False') | ParamSetting(('minisat.params', 'R-val'), 1.91421599602618) | ParamSetting(('minisat.params', 'pre'), 'False') | ParamSetting(('minisat.params', 'rcheck'), 'False') | ParamSetting(('minisat.params', 'rcheck'), 'False') | ParamSetting(('minisat.params', 'ccmin-mode'), 2) | ParamSetting(('minisat.params', 'sub-lim'), 211)
2023-07-11 15:50:21,284	[INFO]	21      SUCCESS              *926.0858 (97.18%) [11 edit(s)] 
2023-07-11 15:50:21,293	[DEBUG]	--- before: minisat.params
+++ after: minisat.params
@@ -1,6 +1,6 @@
 lbd-cut := 5.0
 lbd-cut-max := 10.0
-cp-increase := 15000
+cp-increase := 5271
 core-tolerance := 0.02
 var-decay := 0.95
 cla-decay := 0.999
@@ -11,11 +11,11 @@
 luby := 0
 gc-frac := 0.2
 verb := 1
-pre := 'True'
+pre := 'False'
 asymm := 'False'
 rcheck := 'False'
-elim := 'False'
+elim := 'True'
 grow := 0
-cl-lim := 20
-sub-lim := 1000
-simp-gc-frac := 0.5
+cl-lim := 1503
+sub-lim := 211
+simp-gc-frac := 0.8956213238060217

2023-07-11 15:50:21,302	[DEBUG]	ParamSetting(('minisat.params', 'cp-increase'), 5271) | ParamSetting(('minisat.params', 'cl-lim'), 1503) | ParamSetting(('minisat.params', 'simp-gc-frac'), 0.8956213238060217) | ParamSetting(('minisat.params', 'elim'), 'True') | ParamSetting(('minisat.params', 'pre'), 'False') | ParamSetting(('minisat.params', 'R-val'), 1.91421599602618) | ParamSetting(('minisat.params', 'pre'), 'False') | ParamSetting(('minisat.params', 'rcheck'), 'False') | ParamSetting(('minisat.params', 'ccmin-mode'), 2) | ParamSetting(('minisat.params', 'sub-lim'), 211)
2023-07-11 15:50:21,302	[INFO]	22      SUCCESS              *926.0858 (97.18%) [10 edit(s)] 
2023-07-11 15:50:21,311	[DEBUG]	--- before: minisat.params
+++ after: minisat.params
@@ -1,6 +1,6 @@
 lbd-cut := 5.0
 lbd-cut-max := 10.0
-cp-increase := 15000
+cp-increase := 5271
 core-tolerance := 0.02
 var-decay := 0.95
 cla-decay := 0.999
@@ -11,11 +11,11 @@
 luby := 0
 gc-frac := 0.2
 verb := 1
-pre := 'True'
+pre := 'False'
 asymm := 'False'
 rcheck := 'False'
-elim := 'False'
+elim := 'True'
 grow := 0
-cl-lim := 20
-sub-lim := 1000
-simp-gc-frac := 0.5
+cl-lim := 1503
+sub-lim := 211
+simp-gc-frac := 0.8956213238060217

2023-07-11 15:50:21,320	[DEBUG]	ParamSetting(('minisat.params', 'cl-lim'), 1503) | ParamSetting(('minisat.params', 'simp-gc-frac'), 0.8956213238060217) | ParamSetting(('minisat.params', 'elim'), 'True') | ParamSetting(('minisat.params', 'pre'), 'False') | ParamSetting(('minisat.params', 'R-val'), 1.91421599602618) | ParamSetting(('minisat.params', 'pre'), 'False') | ParamSetting(('minisat.params', 'rcheck'), 'False') | ParamSetting(('minisat.params', 'ccmin-mode'), 2) | ParamSetting(('minisat.params', 'sub-lim'), 211)
2023-07-11 15:50:21,320	[INFO]	23      SUCCESS              +1008.7619 (105.85%) [9 edit(s)] 
2023-07-11 15:50:21,328	[DEBUG]	--- before: minisat.params
+++ after: minisat.params
@@ -11,11 +11,11 @@
 luby := 0
 gc-frac := 0.2
 verb := 1
-pre := 'True'
+pre := 'False'
 asymm := 'False'
 rcheck := 'False'
-elim := 'False'
+elim := 'True'
 grow := 0
-cl-lim := 20
-sub-lim := 1000
-simp-gc-frac := 0.5
+cl-lim := 1503
+sub-lim := 211
+simp-gc-frac := 0.8956213238060217

2023-07-11 15:50:21,336	[DEBUG]	ParamSetting(('minisat.params', 'cp-increase'), 5271) | ParamSetting(('minisat.params', 'simp-gc-frac'), 0.8956213238060217) | ParamSetting(('minisat.params', 'elim'), 'True') | ParamSetting(('minisat.params', 'pre'), 'False') | ParamSetting(('minisat.params', 'R-val'), 1.91421599602618) | ParamSetting(('minisat.params', 'pre'), 'False') | ParamSetting(('minisat.params', 'rcheck'), 'False') | ParamSetting(('minisat.params', 'ccmin-mode'), 2) | ParamSetting(('minisat.params', 'sub-lim'), 211)
2023-07-11 15:50:21,337	[INFO]	24      SUCCESS              +939.3686 (98.57%) [9 edit(s)] 
2023-07-11 15:50:21,345	[DEBUG]	--- before: minisat.params
+++ after: minisat.params
@@ -1,6 +1,6 @@
 lbd-cut := 5.0
 lbd-cut-max := 10.0
-cp-increase := 15000
+cp-increase := 5271
 core-tolerance := 0.02
 var-decay := 0.95
 cla-decay := 0.999
@@ -11,11 +11,11 @@
 luby := 0
 gc-frac := 0.2
 verb := 1
-pre := 'True'
+pre := 'False'
 asymm := 'False'
 rcheck := 'False'
-elim := 'False'
+elim := 'True'
 grow := 0
 cl-lim := 20
-sub-lim := 1000
-simp-gc-frac := 0.5
+sub-lim := 211
+simp-gc-frac := 0.8956213238060217

2023-07-11 15:50:21,353	[DEBUG]	ParamSetting(('minisat.params', 'cp-increase'), 5271) | ParamSetting(('minisat.params', 'cl-lim'), 1503) | ParamSetting(('minisat.params', 'elim'), 'True') | ParamSetting(('minisat.params', 'pre'), 'False') | ParamSetting(('minisat.params', 'R-val'), 1.91421599602618) | ParamSetting(('minisat.params', 'pre'), 'False') | ParamSetting(('minisat.params', 'rcheck'), 'False') | ParamSetting(('minisat.params', 'ccmin-mode'), 2) | ParamSetting(('minisat.params', 'sub-lim'), 211)
2023-07-11 15:50:21,353	[INFO]	25      SUCCESS              +934.2414 (98.03%) [9 edit(s)] 
2023-07-11 15:50:21,362	[DEBUG]	--- before: minisat.params
+++ after: minisat.params
@@ -1,6 +1,6 @@
 lbd-cut := 5.0
 lbd-cut-max := 10.0
-cp-increase := 15000
+cp-increase := 5271
 core-tolerance := 0.02
 var-decay := 0.95
 cla-decay := 0.999
@@ -11,11 +11,11 @@
 luby := 0
 gc-frac := 0.2
 verb := 1
-pre := 'True'
+pre := 'False'
 asymm := 'False'
 rcheck := 'False'
-elim := 'False'
+elim := 'True'
 grow := 0
-cl-lim := 20
-sub-lim := 1000
+cl-lim := 1503
+sub-lim := 211
 simp-gc-frac := 0.5

2023-07-11 16:06:00,602	[DEBUG]	ParamSetting(('minisat.params', 'cp-increase'), 5271) | ParamSetting(('minisat.params', 'cl-lim'), 1503) | ParamSetting(('minisat.params', 'simp-gc-frac'), 0.8956213238060217) | ParamSetting(('minisat.params', 'pre'), 'False') | ParamSetting(('minisat.params', 'R-val'), 1.91421599602618) | ParamSetting(('minisat.params', 'pre'), 'False') | ParamSetting(('minisat.params', 'rcheck'), 'False') | ParamSetting(('minisat.params', 'ccmin-mode'), 2) | ParamSetting(('minisat.params', 'sub-lim'), 211)
2023-07-11 16:06:00,603	[INFO]	26      SUCCESS              +935.6537 (98.18%) [9 edit(s)] 
2023-07-11 16:06:00,612	[DEBUG]	--- before: minisat.params
+++ after: minisat.params
@@ -1,6 +1,6 @@
 lbd-cut := 5.0
 lbd-cut-max := 10.0
-cp-increase := 15000
+cp-increase := 5271
 core-tolerance := 0.02
 var-decay := 0.95
 cla-decay := 0.999
@@ -11,11 +11,11 @@
 luby := 0
 gc-frac := 0.2
 verb := 1
-pre := 'True'
+pre := 'False'
 asymm := 'False'
 rcheck := 'False'
 elim := 'False'
 grow := 0
-cl-lim := 20
-sub-lim := 1000
-simp-gc-frac := 0.5
+cl-lim := 1503
+sub-lim := 211
+simp-gc-frac := 0.8956213238060217

2023-07-11 16:06:00,620	[DEBUG]	ParamSetting(('minisat.params', 'cp-increase'), 5271) | ParamSetting(('minisat.params', 'cl-lim'), 1503) | ParamSetting(('minisat.params', 'simp-gc-frac'), 0.8956213238060217) | ParamSetting(('minisat.params', 'elim'), 'True') | ParamSetting(('minisat.params', 'R-val'), 1.91421599602618) | ParamSetting(('minisat.params', 'pre'), 'False') | ParamSetting(('minisat.params', 'rcheck'), 'False') | ParamSetting(('minisat.params', 'ccmin-mode'), 2) | ParamSetting(('minisat.params', 'sub-lim'), 211)
2023-07-11 16:06:00,621	[INFO]	27      SUCCESS              *926.0858 (97.18%) [9 edit(s)] 
2023-07-11 16:06:00,634	[DEBUG]	--- before: minisat.params
+++ after: minisat.params
@@ -1,6 +1,6 @@
 lbd-cut := 5.0
 lbd-cut-max := 10.0
-cp-increase := 15000
+cp-increase := 5271
 core-tolerance := 0.02
 var-decay := 0.95
 cla-decay := 0.999
@@ -11,11 +11,11 @@
 luby := 0
 gc-frac := 0.2
 verb := 1
-pre := 'True'
+pre := 'False'
 asymm := 'False'
 rcheck := 'False'
-elim := 'False'
+elim := 'True'
 grow := 0
-cl-lim := 20
-sub-lim := 1000
-simp-gc-frac := 0.5
+cl-lim := 1503
+sub-lim := 211
+simp-gc-frac := 0.8956213238060217

2023-07-11 16:18:10,078	[DEBUG]	ParamSetting(('minisat.params', 'cp-increase'), 5271) | ParamSetting(('minisat.params', 'cl-lim'), 1503) | ParamSetting(('minisat.params', 'simp-gc-frac'), 0.8956213238060217) | ParamSetting(('minisat.params', 'elim'), 'True') | ParamSetting(('minisat.params', 'R-val'), 1.91421599602618) | ParamSetting(('minisat.params', 'rcheck'), 'False') | ParamSetting(('minisat.params', 'ccmin-mode'), 2) | ParamSetting(('minisat.params', 'sub-lim'), 211)
2023-07-11 16:18:10,079	[INFO]	28      SUCCESS              *725.6337 (76.14%) [8 edit(s)] 
2023-07-11 16:18:10,087	[DEBUG]	--- before: minisat.params
+++ after: minisat.params
@@ -1,6 +1,6 @@
 lbd-cut := 5.0
 lbd-cut-max := 10.0
-cp-increase := 15000
+cp-increase := 5271
 core-tolerance := 0.02
 var-decay := 0.95
 cla-decay := 0.999
@@ -14,8 +14,8 @@
 pre := 'True'
 asymm := 'False'
 rcheck := 'False'
-elim := 'False'
+elim := 'True'
 grow := 0
-cl-lim := 20
-sub-lim := 1000
-simp-gc-frac := 0.5
+cl-lim := 1503
+sub-lim := 211
+simp-gc-frac := 0.8956213238060217

2023-07-11 16:34:27,622	[DEBUG]	ParamSetting(('minisat.params', 'cl-lim'), 1503) | ParamSetting(('minisat.params', 'simp-gc-frac'), 0.8956213238060217) | ParamSetting(('minisat.params', 'elim'), 'True') | ParamSetting(('minisat.params', 'R-val'), 1.91421599602618) | ParamSetting(('minisat.params', 'rcheck'), 'False') | ParamSetting(('minisat.params', 'ccmin-mode'), 2) | ParamSetting(('minisat.params', 'sub-lim'), 211)
2023-07-11 16:34:27,622	[INFO]	29      SUCCESS              +973.7772 (102.18%) [7 edit(s)] 
2023-07-11 16:34:27,631	[DEBUG]	--- before: minisat.params
+++ after: minisat.params
@@ -14,8 +14,8 @@
 pre := 'True'
 asymm := 'False'
 rcheck := 'False'
-elim := 'False'
+elim := 'True'
 grow := 0
-cl-lim := 20
-sub-lim := 1000
-simp-gc-frac := 0.5
+cl-lim := 1503
+sub-lim := 211
+simp-gc-frac := 0.8956213238060217

2023-07-11 16:46:36,395	[DEBUG]	ParamSetting(('minisat.params', 'cp-increase'), 5271) | ParamSetting(('minisat.params', 'simp-gc-frac'), 0.8956213238060217) | ParamSetting(('minisat.params', 'elim'), 'True') | ParamSetting(('minisat.params', 'R-val'), 1.91421599602618) | ParamSetting(('minisat.params', 'rcheck'), 'False') | ParamSetting(('minisat.params', 'ccmin-mode'), 2) | ParamSetting(('minisat.params', 'sub-lim'), 211)
2023-07-11 16:46:36,395	[INFO]	30      SUCCESS              *725.0333 (76.08%) [7 edit(s)] 
2023-07-11 16:46:36,404	[DEBUG]	--- before: minisat.params
+++ after: minisat.params
@@ -1,6 +1,6 @@
 lbd-cut := 5.0
 lbd-cut-max := 10.0
-cp-increase := 15000
+cp-increase := 5271
 core-tolerance := 0.02
 var-decay := 0.95
 cla-decay := 0.999
@@ -14,8 +14,8 @@
 pre := 'True'
 asymm := 'False'
 rcheck := 'False'
-elim := 'False'
+elim := 'True'
 grow := 0
 cl-lim := 20
-sub-lim := 1000
-simp-gc-frac := 0.5
+sub-lim := 211
+simp-gc-frac := 0.8956213238060217

2023-07-11 16:58:42,840	[DEBUG]	ParamSetting(('minisat.params', 'cp-increase'), 5271) | ParamSetting(('minisat.params', 'simp-gc-frac'), 0.8956213238060217) | ParamSetting(('minisat.params', 'elim'), 'True') | ParamSetting(('minisat.params', 'R-val'), 1.91421599602618) | ParamSetting(('minisat.params', 'rcheck'), 'False') | ParamSetting(('minisat.params', 'ccmin-mode'), 2)
2023-07-11 16:58:42,841	[INFO]	31      SUCCESS              *722.8994 (75.86%) [6 edit(s)] 
2023-07-11 16:58:42,849	[DEBUG]	--- before: minisat.params
+++ after: minisat.params
@@ -1,6 +1,6 @@
 lbd-cut := 5.0
 lbd-cut-max := 10.0
-cp-increase := 15000
+cp-increase := 5271
 core-tolerance := 0.02
 var-decay := 0.95
 cla-decay := 0.999
@@ -14,8 +14,8 @@
 pre := 'True'
 asymm := 'False'
 rcheck := 'False'
-elim := 'False'
+elim := 'True'
 grow := 0
 cl-lim := 20
 sub-lim := 1000
-simp-gc-frac := 0.5
+simp-gc-frac := 0.8956213238060217

2023-07-11 17:14:50,458	[DEBUG]	ParamSetting(('minisat.params', 'simp-gc-frac'), 0.8956213238060217) | ParamSetting(('minisat.params', 'elim'), 'True') | ParamSetting(('minisat.params', 'R-val'), 1.91421599602618) | ParamSetting(('minisat.params', 'rcheck'), 'False') | ParamSetting(('minisat.params', 'ccmin-mode'), 2)
2023-07-11 17:14:50,459	[INFO]	32      SUCCESS              +963.9834 (101.16%) [5 edit(s)] 
2023-07-11 17:14:50,467	[DEBUG]	--- before: minisat.params
+++ after: minisat.params
@@ -14,8 +14,8 @@
 pre := 'True'
 asymm := 'False'
 rcheck := 'False'
-elim := 'False'
+elim := 'True'
 grow := 0
 cl-lim := 20
 sub-lim := 1000
-simp-gc-frac := 0.5
+simp-gc-frac := 0.8956213238060217

2023-07-11 17:26:30,721	[DEBUG]	ParamSetting(('minisat.params', 'cp-increase'), 5271) | ParamSetting(('minisat.params', 'elim'), 'True') | ParamSetting(('minisat.params', 'R-val'), 1.91421599602618) | ParamSetting(('minisat.params', 'rcheck'), 'False') | ParamSetting(('minisat.params', 'ccmin-mode'), 2)
2023-07-11 17:26:30,721	[INFO]	33      SUCCESS              *696.7683 (73.12%) [5 edit(s)] 
2023-07-11 17:26:30,730	[DEBUG]	--- before: minisat.params
+++ after: minisat.params
@@ -1,6 +1,6 @@
 lbd-cut := 5.0
 lbd-cut-max := 10.0
-cp-increase := 15000
+cp-increase := 5271
 core-tolerance := 0.02
 var-decay := 0.95
 cla-decay := 0.999
@@ -14,7 +14,7 @@
 pre := 'True'
 asymm := 'False'
 rcheck := 'False'
-elim := 'False'
+elim := 'True'
 grow := 0
 cl-lim := 20
 sub-lim := 1000

2023-07-11 17:26:30,738	[DEBUG]	ParamSetting(('minisat.params', 'cp-increase'), 5271) | ParamSetting(('minisat.params', 'elim'), 'True') | ParamSetting(('minisat.params', 'R-val'), 1.91421599602618) | ParamSetting(('minisat.params', 'rcheck'), 'False')
2023-07-11 17:26:30,738	[INFO]	34      SUCCESS              *696.7683 (73.12%) [4 edit(s)] 
2023-07-11 17:26:30,747	[DEBUG]	--- before: minisat.params
+++ after: minisat.params
@@ -1,6 +1,6 @@
 lbd-cut := 5.0
 lbd-cut-max := 10.0
-cp-increase := 15000
+cp-increase := 5271
 core-tolerance := 0.02
 var-decay := 0.95
 cla-decay := 0.999
@@ -14,7 +14,7 @@
 pre := 'True'
 asymm := 'False'
 rcheck := 'False'
-elim := 'False'
+elim := 'True'
 grow := 0
 cl-lim := 20
 sub-lim := 1000

2023-07-11 17:26:30,754	[DEBUG]	ParamSetting(('minisat.params', 'elim'), 'True') | ParamSetting(('minisat.params', 'R-val'), 1.91421599602618) | ParamSetting(('minisat.params', 'rcheck'), 'False')
2023-07-11 17:26:30,754	[INFO]	35      SUCCESS              +998.6836 (104.8%) [3 edit(s)] 
2023-07-11 17:26:30,762	[DEBUG]	--- before: minisat.params
+++ after: minisat.params
@@ -14,7 +14,7 @@
 pre := 'True'
 asymm := 'False'
 rcheck := 'False'
-elim := 'False'
+elim := 'True'
 grow := 0
 cl-lim := 20
 sub-lim := 1000

2023-07-11 17:26:30,770	[DEBUG]	ParamSetting(('minisat.params', 'cp-increase'), 5271) | ParamSetting(('minisat.params', 'R-val'), 1.91421599602618) | ParamSetting(('minisat.params', 'rcheck'), 'False')
2023-07-11 17:26:30,771	[INFO]	36      SUCCESS              +957.1515 (100.44%) [3 edit(s)] 
2023-07-11 17:26:30,778	[DEBUG]	--- before: minisat.params
+++ after: minisat.params
@@ -1,6 +1,6 @@
 lbd-cut := 5.0
 lbd-cut-max := 10.0
-cp-increase := 15000
+cp-increase := 5271
 core-tolerance := 0.02
 var-decay := 0.95
 cla-decay := 0.999

2023-07-11 17:26:30,787	[DEBUG]	ParamSetting(('minisat.params', 'cp-increase'), 5271) | ParamSetting(('minisat.params', 'elim'), 'True') | ParamSetting(('minisat.params', 'rcheck'), 'False')
2023-07-11 17:26:30,787	[INFO]	37      SUCCESS              *696.7683 (73.12%) [3 edit(s)] 
2023-07-11 17:26:30,795	[DEBUG]	--- before: minisat.params
+++ after: minisat.params
@@ -1,6 +1,6 @@
 lbd-cut := 5.0
 lbd-cut-max := 10.0
-cp-increase := 15000
+cp-increase := 5271
 core-tolerance := 0.02
 var-decay := 0.95
 cla-decay := 0.999
@@ -14,7 +14,7 @@
 pre := 'True'
 asymm := 'False'
 rcheck := 'False'
-elim := 'False'
+elim := 'True'
 grow := 0
 cl-lim := 20
 sub-lim := 1000

2023-07-11 17:26:30,803	[DEBUG]	ParamSetting(('minisat.params', 'cp-increase'), 5271) | ParamSetting(('minisat.params', 'rcheck'), 'False')
2023-07-11 17:26:30,803	[INFO]	38      SUCCESS              +957.1515 (100.44%) [2 edit(s)] 
2023-07-11 17:26:30,811	[DEBUG]	--- before: minisat.params
+++ after: minisat.params
@@ -1,6 +1,6 @@
 lbd-cut := 5.0
 lbd-cut-max := 10.0
-cp-increase := 15000
+cp-increase := 5271
 core-tolerance := 0.02
 var-decay := 0.95
 cla-decay := 0.999

2023-07-11 17:26:30,820	[DEBUG]	ParamSetting(('minisat.params', 'cp-increase'), 5271) | ParamSetting(('minisat.params', 'elim'), 'True')
2023-07-11 17:26:30,820	[INFO]	39      SUCCESS              *696.7683 (73.12%) [2 edit(s)] 
2023-07-11 17:26:30,833	[DEBUG]	--- before: minisat.params
+++ after: minisat.params
@@ -1,6 +1,6 @@
 lbd-cut := 5.0
 lbd-cut-max := 10.0
-cp-increase := 15000
+cp-increase := 5271
 core-tolerance := 0.02
 var-decay := 0.95
 cla-decay := 0.999
@@ -14,7 +14,7 @@
 pre := 'True'
 asymm := 'False'
 rcheck := 'False'
-elim := 'False'
+elim := 'True'
 grow := 0
 cl-lim := 20
 sub-lim := 1000

2023-07-11 17:26:30,844	[DEBUG]	ParamSetting(('minisat.params', 'cp-increase'), 5271)
2023-07-11 17:26:30,844	[INFO]	40      SUCCESS              +957.1515 (100.44%) [1 edit(s)] 
2023-07-11 17:26:30,858	[DEBUG]	--- before: minisat.params
+++ after: minisat.params
@@ -1,6 +1,6 @@
 lbd-cut := 5.0
 lbd-cut-max := 10.0
-cp-increase := 15000
+cp-increase := 5271
 core-tolerance := 0.02
 var-decay := 0.95
 cla-decay := 0.999

2023-07-11 17:26:30,865	[DEBUG]	ParamSetting(('minisat.params', 'elim'), 'True')
2023-07-11 17:26:30,865	[INFO]	41      SUCCESS              +998.6836 (104.8%) [1 edit(s)] 
2023-07-11 17:26:30,873	[DEBUG]	--- before: minisat.params
+++ after: minisat.params
@@ -14,7 +14,7 @@
 pre := 'True'
 asymm := 'False'
 rcheck := 'False'
-elim := 'False'
+elim := 'True'
 grow := 0
 cl-lim := 20
 sub-lim := 1000

2023-07-11 17:26:30,880	[INFO]	==== END ====
2023-07-11 17:26:30,881	[INFO]	Reason: validation end
2023-07-11 17:26:30,881	[INFO]	
2023-07-11 17:26:30,881	[INFO]	==== REPORT ====
2023-07-11 17:26:30,881	[INFO]	Termination: validation end
2023-07-11 17:26:30,881	[INFO]	Log file: /home/tsongpet/MSc-SSE-GI-project/_magpie_logs/minisat-hack_1689069565.log
2023-07-11 17:26:30,888	[INFO]	Patch file: _magpie_logs/minisat-hack_1689069565.patch
2023-07-11 17:26:30,888	[INFO]	Diff file: _magpie_logs/minisat-hack_1689069565.diff
2023-07-11 17:26:30,888	[INFO]	Best fitness: 696.7683
2023-07-11 17:26:30,889	[INFO]	Best patch: ParamSetting(('minisat.params', 'cp-increase'), 5271) | ParamSetting(('minisat.params', 'elim'), 'True')
2023-07-11 17:26:30,889	[INFO]	Diff:
--- before: minisat.params
+++ after: minisat.params
@@ -1,6 +1,6 @@
 lbd-cut := 5.0
 lbd-cut-max := 10.0
-cp-increase := 15000
+cp-increase := 5271
 core-tolerance := 0.02
 var-decay := 0.95
 cla-decay := 0.999
@@ -14,7 +14,7 @@
 pre := 'True'
 asymm := 'False'
 rcheck := 'False'
-elim := 'False'
+elim := 'True'
 grow := 0
 cl-lim := 20
 sub-lim := 1000

