2023-08-03 13:27:31,120	[DEBUG]	==== CONFIG ====
[magpie]
import = 
seed = 
log_dir = _magpie_logs
work_dir = _magpie_work
local_original_copy = False
local_original_name = __original__
output_encoding = ascii
edit_retries = 10
default_timeout = 30
default_lengthout = 1e6
diff_method = unified

[software]
path = code/minisat-hack
target_files = 
	core/Solver.cc.xml
	minisat.params
program = BasicProgram
engine_rules = 
	*.params : ConfigFileParamsEngine
	*.xml : SrcmlEngine
	* : LineEngine
engine_config = 
	*.params : [params]
	*.xml : [srcml]
setup_cmd = ./compile.sh
setup_timeout = 
setup_lengthout = 
compile_cmd = ./compile.sh
compile_timeout = 16
compile_lengthout = 
test_cmd = 
test_timeout = 
test_lengthout = 
run_cmd = perf stat run-sh/validate_5.sh
run_timeout = 1600
run_lengthout = 
fitness = perf_instructions

[srcml]
rename = 
	stmt: break continue decl_stmt do expr_stmt for goto if return switch while
	number: literal_number
focus = block stmt operator_comp operator_arith number
internodes = block
process_pseudo_blocks = True
process_literals = True
process_operators = True

[params]
timing = test run
cli_prefix = --
cli_glue = =
cli_boolean = show
cli_boolean_prefix_true = 
cli_boolean_prefix_false = no-
silent_prefix = @
silent_suffix = $

[search]
protocol = BasicProtocol
algorithm = ValidTest
possible_edits = 
	StmtReplacement
	StmtInsertion
	StmtDeletion
	ParamSetting
warmup = 1
warmup_strategy = last
max_steps = 
max_time = 
target_fitness = 
cache_maxsize = 40
cache_keep = 0.2

[search.ls]
delete_prob = 0.5
max_neighbours = 
when_trapped = continue
accept_fail = False
tabu_length = 10

[search.gp]
pop_size = 10
delete_prob = 0.5
offspring_elitism = 0.1
offspring_crossover = 0.5
offspring_mutation = 0.4
uniform_rate = 0.5

[search.ga]
pop_size = 10
elitism_size = 2
cxpb_chrm = 0.5
cxpb_gene = 0.5
mutpb_chrm = 0.2
mutpb_gene = 0.1
gi_delete_prob = 0.5
gi_create_prob = 0.5
tournament_size = 3

[search.pso]
pop_size = 10
speed_min = -3
speed_max = 3
c1 = 1.49
c2 = 1.49


2023-08-03 13:27:31,121	[INFO]	==== WARMUP ====
2023-08-03 13:46:05,441	[INFO]	WARM    SUCCESS               1879853340815           
2023-08-03 13:46:05,441	[INFO]	INITIAL SUCCESS               1879853340815           
2023-08-03 13:46:05,442	[INFO]	==== START: ValidTest ====
2023-08-03 13:46:05,641	[DEBUG]	CLEAN_PATCH: ParamSetting(('minisat.params', 'cp-increase'), 5088) | ParamSetting(('minisat.params', 'lbd-cut'), 7) | ParamSetting(('minisat.params', 'gc-frac'), 0.7430910466759784) | StmtDeletion(('core/Solver.cc.xml', 'stmt', 268)) | StmtReplacement(('core/Solver.cc.xml', 'stmt', 201), ('core/Solver.cc.xml', 'stmt', 195)) | StmtInsertion(('core/Solver.cc.xml', '_inter_block', 554), ('core/Solver.cc.xml', 'stmt', 288)) | StmtDeletion(('core/Solver.cc.xml', 'stmt', 80)) | StmtDeletion(('core/Solver.cc.xml', 'stmt', 112)) | ParamSetting(('minisat.params', 'lbd-cut-max'), 29) | StmtDeletion(('core/Solver.cc.xml', 'stmt', 43)) | ParamSetting(('minisat.params', 'sub-lim'), 168)
2023-08-03 13:46:05,642	[DEBUG]	CLEAN_SIZE: 11 (was 13)
2023-08-03 13:51:22,874	[DEBUG]	ParamSetting(('minisat.params', 'cp-increase'), 5088) | ParamSetting(('minisat.params', 'lbd-cut'), 7) | ParamSetting(('minisat.params', 'gc-frac'), 0.7430910466759784) | StmtDeletion(('core/Solver.cc.xml', 'stmt', 268)) | StmtReplacement(('core/Solver.cc.xml', 'stmt', 201), ('core/Solver.cc.xml', 'stmt', 195)) | StmtInsertion(('core/Solver.cc.xml', '_inter_block', 554), ('core/Solver.cc.xml', 'stmt', 288)) | StmtDeletion(('core/Solver.cc.xml', 'stmt', 80)) | StmtDeletion(('core/Solver.cc.xml', 'stmt', 112)) | ParamSetting(('minisat.params', 'lbd-cut-max'), 29) | StmtDeletion(('core/Solver.cc.xml', 'stmt', 43)) | ParamSetting(('minisat.params', 'sub-lim'), 168)
2023-08-03 13:51:22,875	[INFO]	1       RUN_CODE_ERROR        None  [11 edit(s)]      
2023-08-03 13:51:22,876	[INFO]	==== END ====
2023-08-03 13:51:22,876	[INFO]	Reason: validation end
2023-08-03 13:51:22,876	[INFO]	
2023-08-03 13:51:22,876	[INFO]	==== REPORT ====
2023-08-03 13:51:22,876	[INFO]	Termination: validation end
2023-08-03 13:51:22,876	[INFO]	Log file: /cs/student/projects1/sse/2022/tsongpet/MSc-SSE-GI-project/_magpie_logs/minisat-hack_1691065648.log
