2023-07-11 09:25:55,345	[DEBUG]	==== CONFIG ====
[magpie]
import = 
seed = 
log_dir = _magpie_logs
work_dir = _magpie_work
local_original_copy = False
local_original_name = __original__
output_encoding = ascii
edit_retries = 10
default_timeout = 30
default_lengthout = 1e6
diff_method = unified

[software]
path = code/minisat-hack
target_files = 
	core/Solver.cc.xml
	minisat.params
program = BasicProgram
engine_rules = 
	*.params : ConfigFileParamsEngine
	*.xml : SrcmlEngine
	* : LineEngine
engine_config = 
	*.params : [params]
	*.xml : [srcml]
setup_cmd = ./compile.sh
setup_timeout = 
setup_lengthout = 
compile_cmd = ./compile.sh
compile_timeout = 15
compile_lengthout = 
test_cmd = 
test_timeout = 
test_lengthout = 
run_cmd = perf stat run-sh/validate_9.sh
run_timeout = 1284
run_lengthout = 
fitness = perf_time

[srcml]
rename = 
	stmt: break continue decl_stmt do expr_stmt for goto if return switch while
	number: literal_number
focus = block stmt operator_comp operator_arith number
internodes = block
process_pseudo_blocks = True
process_literals = True
process_operators = True

[params]
timing = test run
cli_prefix = --
cli_glue = =
cli_boolean = show
cli_boolean_prefix_true = 
cli_boolean_prefix_false = no-
silent_prefix = @
silent_suffix = $

[search]
protocol = BasicProtocol
algorithm = ValidRankingSimplify
possible_edits = 
	StmtReplacement
	StmtInsertion
	StmtDeletion
warmup = 3
warmup_strategy = last
max_steps = 
max_time = 21840
target_fitness = 
cache_maxsize = 40
cache_keep = 0.2

[search.ls]
delete_prob = 0.5
max_neighbours = 
when_trapped = continue
accept_fail = False
tabu_length = 10

[search.gp]
pop_size = 10
delete_prob = 0.5
offspring_elitism = 0.1
offspring_crossover = 0.5
offspring_mutation = 0.4
uniform_rate = 0.5


2023-07-11 09:25:55,346	[INFO]	==== WARMUP ====
2023-07-11 09:43:39,440	[INFO]	WARM    SUCCESS               1055.2944               
2023-07-11 10:01:09,315	[INFO]	WARM    SUCCESS               1046.2291               
2023-07-11 10:18:38,373	[INFO]	WARM    SUCCESS               1045.3203               
2023-07-11 10:18:38,374	[INFO]	INITIAL SUCCESS               1045.3203               
2023-07-11 10:18:38,374	[INFO]	==== START: ValidRankingSimplify ====
2023-07-11 10:18:38,594	[DEBUG]	CLEAN_PATCH: StmtDeletion(('core/Solver.cc.xml', 'stmt', 333)) | StmtDeletion(('core/Solver.cc.xml', 'stmt', 285)) | StmtInsertion(('core/Solver.cc.xml', '_inter_block', 314), ('core/Solver.cc.xml', 'stmt', 42)) | StmtInsertion(('core/Solver.cc.xml', '_inter_block', 222), ('core/Solver.cc.xml', 'stmt', 385)) | StmtDeletion(('core/Solver.cc.xml', 'stmt', 425)) | StmtReplacement(('core/Solver.cc.xml', 'stmt', 115), ('core/Solver.cc.xml', 'stmt', 117)) | StmtDeletion(('core/Solver.cc.xml', 'stmt', 20)) | StmtDeletion(('core/Solver.cc.xml', 'stmt', 365)) | StmtDeletion(('core/Solver.cc.xml', 'stmt', 64)) | StmtInsertion(('core/Solver.cc.xml', '_inter_block', 503), ('core/Solver.cc.xml', 'stmt', 15))
2023-07-11 10:18:38,594	[DEBUG]	CLEAN_SIZE: 10 (was 10)
2023-07-11 10:40:07,385	[DEBUG]	StmtDeletion(('core/Solver.cc.xml', 'stmt', 333)) | StmtDeletion(('core/Solver.cc.xml', 'stmt', 285)) | StmtInsertion(('core/Solver.cc.xml', '_inter_block', 314), ('core/Solver.cc.xml', 'stmt', 42)) | StmtInsertion(('core/Solver.cc.xml', '_inter_block', 222), ('core/Solver.cc.xml', 'stmt', 385)) | StmtDeletion(('core/Solver.cc.xml', 'stmt', 425)) | StmtReplacement(('core/Solver.cc.xml', 'stmt', 115), ('core/Solver.cc.xml', 'stmt', 117)) | StmtDeletion(('core/Solver.cc.xml', 'stmt', 20)) | StmtDeletion(('core/Solver.cc.xml', 'stmt', 365)) | StmtDeletion(('core/Solver.cc.xml', 'stmt', 64)) | StmtInsertion(('core/Solver.cc.xml', '_inter_block', 503), ('core/Solver.cc.xml', 'stmt', 15))
2023-07-11 10:40:07,385	[INFO]	1       RUN_TIMEOUT           None  [10 edit(s)]      
2023-07-11 10:40:07,386	[INFO]	-- ranking --
2023-07-11 11:00:22,578	[DEBUG]	StmtDeletion(('core/Solver.cc.xml', 'stmt', 333))
2023-07-11 11:00:22,578	[INFO]	2       SUCCESS              *1211.387 (115.89%) [1 edit(s)] 
2023-07-11 11:00:22,589	[DEBUG]	--- before: core/Solver.cc
+++ after: core/Solver.cc
@@ -793,7 +793,7 @@
               fprintf(output, "0\n");
             }*/
 
-            varDecayActivity();
+            
             claDecayActivity();
 
             //if (--learntsize_adjust_cnt == 0){

2023-07-11 11:18:16,755	[DEBUG]	StmtDeletion(('core/Solver.cc.xml', 'stmt', 285))
2023-07-11 11:18:16,756	[INFO]	3       SUCCESS              *1070.5221 (102.41%) [1 edit(s)] 
2023-07-11 11:18:16,765	[DEBUG]	--- before: core/Solver.cc
+++ after: core/Solver.cc
@@ -695,7 +695,7 @@
 }/*auto*/
 
     if (nAssigns() == simpDB_assigns || (simpDB_props > 0))/*auto*/{
-        return true;
+        
 }/*auto*/
 
     #define V learnts

2023-07-11 11:35:53,475	[DEBUG]	StmtInsertion(('core/Solver.cc.xml', '_inter_block', 314), ('core/Solver.cc.xml', 'stmt', 42))
2023-07-11 11:35:53,475	[INFO]	4       SUCCESS              *1053.1519 (100.75%) [1 edit(s)] 
2023-07-11 11:35:53,486	[DEBUG]	--- before: core/Solver.cc
+++ after: core/Solver.cc
@@ -562,7 +562,8 @@
             // Try to avoid inspecting the clause:
             Lit blocker = i->blocker;
             if (value(blocker) == l_True){
-                *j++ = *i++; continue; }
+                *j++ = *i++;
+                int i, j, flag = 0; continue; }
 
             // Make sure the false literal is data[1]:
             CRef     cr        = i->cref;

2023-07-11 11:53:32,158	[DEBUG]	StmtInsertion(('core/Solver.cc.xml', '_inter_block', 222), ('core/Solver.cc.xml', 'stmt', 385))
2023-07-11 11:53:32,158	[INFO]	5       SUCCESS              +1055.2886 (100.95%) [1 edit(s)] 
2023-07-11 11:53:32,170	[DEBUG]	--- before: core/Solver.cc
+++ after: core/Solver.cc
@@ -447,7 +447,7 @@
         out_btlevel       = level(var(p));
     }
 
-    for (int j = 0; j < analyze_toclear.size(); j++)/*auto*/{ seen[var(analyze_toclear[j])] = 0;
+    for (int j = 0; j < analyze_toclear.size(); j++)/*auto*/{ model.clear();seen[var(analyze_toclear[j])] = 0;
 }/*auto*/    // ('seen[]' is now cleared)
 }
 

2023-07-11 12:11:29,829	[DEBUG]	StmtDeletion(('core/Solver.cc.xml', 'stmt', 425))
2023-07-11 12:11:29,829	[INFO]	6       SUCCESS              +1074.1612 (102.76%) [1 edit(s)] 
2023-07-11 12:11:29,839	[DEBUG]	--- before: core/Solver.cc
+++ after: core/Solver.cc
@@ -1008,7 +1008,7 @@
             fprintf(f, "%s%d ", sign(c[i]) ? "-" : "", mapVar(var(c[i]), map, max)+1);
 }/*auto*/
 }/*auto*/
-    fprintf(f, "0\n");
+    
 }
 
 

2023-07-11 12:30:18,978	[DEBUG]	StmtReplacement(('core/Solver.cc.xml', 'stmt', 115), ('core/Solver.cc.xml', 'stmt', 117))
2023-07-11 12:30:18,978	[INFO]	7       SUCCESS              +1125.2375 (107.65%) [1 edit(s)] 
2023-07-11 12:30:18,989	[DEBUG]	--- before: core/Solver.cc
+++ after: core/Solver.cc
@@ -346,7 +346,10 @@
         Clause& c = ca[confl];
 
         if (c.learnt() && c.mark() != 3){
-            LBD(c);
+            if (L < LBD_cut){
+                lF.push(confl);
+                core_added++;
+            }
             c.mark(L < LBD_cut ? 3 : 2);
             if (L < LBD_cut){
                 lF.push(confl);

2023-07-11 12:51:46,961	[DEBUG]	StmtDeletion(('core/Solver.cc.xml', 'stmt', 20))
2023-07-11 12:51:46,961	[INFO]	8       RUN_TIMEOUT           None  [1 edit(s)]       
2023-07-11 13:09:16,751	[DEBUG]	StmtDeletion(('core/Solver.cc.xml', 'stmt', 365))
2023-07-11 13:09:16,752	[INFO]	9       SUCCESS              *1046.2285 (100.09%) [1 edit(s)] 
2023-07-11 13:09:16,762	[DEBUG]	--- before: core/Solver.cc
+++ after: core/Solver.cc
@@ -873,7 +873,7 @@
 
             if (next == lit_Undef)*/{
                 // New variable decision:
-                decisions++;
+                
                 next = pickBranchLit();
 
                 if (next == lit_Undef)/*auto*/{

2023-07-11 13:26:57,711	[DEBUG]	StmtDeletion(('core/Solver.cc.xml', 'stmt', 64))
2023-07-11 13:26:57,711	[INFO]	10      SUCCESS              +1057.527 (101.17%) [1 edit(s)] 
2023-07-11 13:26:57,727	[DEBUG]	--- before: core/Solver.cc
+++ after: core/Solver.cc
@@ -216,7 +216,7 @@
     watches[~c[1]].push(Watcher(cr, c[0]));
     if (c.learnt())/*auto*/{ learnts_literals += c.size();
 }/*auto*/
-    else/*auto*/{            clauses_literals += c.size();
+    else/*auto*/{            
 }/*auto*/ }
 
 

2023-07-11 13:44:48,063	[DEBUG]	StmtInsertion(('core/Solver.cc.xml', '_inter_block', 503), ('core/Solver.cc.xml', 'stmt', 15))
2023-07-11 13:44:48,064	[INFO]	11      SUCCESS              +1066.5187 (102.03%) [1 edit(s)] 
2023-07-11 13:44:48,075	[DEBUG]	--- before: core/Solver.cc
+++ after: core/Solver.cc
@@ -875,6 +875,7 @@
                 // New variable decision:
                 decisions++;
                 next = pickBranchLit();
+                static BoolOption    opt_rnd_init_act      (_cat, "rnd-init",    "Randomize the initial activity", false);
 
                 if (next == lit_Undef)/*auto*/{
                     // Model found:

2023-07-11 13:44:48,076	[INFO]	-- simplify --
2023-07-11 13:44:48,084	[DEBUG]	
2023-07-11 13:44:48,084	[INFO]	12      SUCCESS              *1045.3203 (100.0%) [0 edit(s)] 
2023-07-11 13:44:48,098	[DEBUG]	
2023-07-11 13:44:48,107	[INFO]	==== END ====
2023-07-11 13:44:48,107	[INFO]	Reason: validation end
2023-07-11 13:44:48,107	[INFO]	
2023-07-11 13:44:48,107	[INFO]	==== REPORT ====
2023-07-11 13:44:48,107	[INFO]	Termination: validation end
2023-07-11 13:44:48,107	[INFO]	Log file: /home/tsongpet/MSc-SSE-GI-project/_magpie_logs/minisat-hack_1689063952.log
2023-07-11 13:44:48,115	[INFO]	Patch file: _magpie_logs/minisat-hack_1689063952.patch
2023-07-11 13:44:48,115	[INFO]	Diff file: _magpie_logs/minisat-hack_1689063952.diff
2023-07-11 13:44:48,115	[INFO]	Best fitness: 1045.3203
2023-07-11 13:44:48,115	[INFO]	Best patch: 
2023-07-11 13:44:48,115	[INFO]	Diff:

