2023-07-10 10:44:18,675	[DEBUG]	==== CONFIG ====
[magpie]
import = 
seed = 
log_dir = _magpie_logs
work_dir = _magpie_work
local_original_copy = False
local_original_name = __original__
output_encoding = ascii
edit_retries = 10
default_timeout = 30
default_lengthout = 1e6
diff_method = unified

[software]
path = code/minisat-hack
target_files = 
	core/Solver.cc.xml
	minisat.params
program = BasicProgram
engine_rules = 
	*.params : ConfigFileParamsEngine
	*.xml : SrcmlEngine
	* : LineEngine
engine_config = 
	*.params : [params]
	*.xml : [srcml]
setup_cmd = ./compile.sh
setup_timeout = 
setup_lengthout = 
compile_cmd = ./compile.sh
compile_timeout = 15
compile_lengthout = 
test_cmd = 
test_timeout = 
test_lengthout = 
run_cmd = perf stat run-sh/validate_1.sh
run_timeout = 86
run_lengthout = 
fitness = perf_time

[srcml]
rename = 
	stmt: break continue decl_stmt do expr_stmt for goto if return switch while
	number: literal_number
focus = block stmt operator_comp operator_arith number
internodes = block
process_pseudo_blocks = True
process_literals = True
process_operators = True

[params]
timing = test run
cli_prefix = --
cli_glue = =
cli_boolean = show
cli_boolean_prefix_true = 
cli_boolean_prefix_false = no-
silent_prefix = @
silent_suffix = $

[search]
protocol = BasicProtocol
algorithm = ValidRankingSimplify
possible_edits = 
	ParamSetting
warmup = 3
warmup_strategy = last
max_steps = 
max_time = 21840
target_fitness = 
cache_maxsize = 40
cache_keep = 0.2

[search.ls]
delete_prob = 0.5
max_neighbours = 
when_trapped = continue
accept_fail = False
tabu_length = 10

[search.gp]
pop_size = 10
delete_prob = 0.5
offspring_elitism = 0.1
offspring_crossover = 0.5
offspring_mutation = 0.4
uniform_rate = 0.5


2023-07-10 10:44:18,676	[INFO]	==== WARMUP ====
2023-07-10 10:45:52,790	[INFO]	WARM    RUN_TIMEOUT           None                    
2023-07-10 10:45:52,790	[INFO]	!*!*!*!*!*!*!*!*!*!*!*!*!*!*!*!*!*!*!*!*!*!*!*!*!*!*!*!*!*!*!*!*!*!*!*!*!*!*!*!*
2023-07-10 10:45:52,790	[INFO]	CWD: /home/tsongpet/MSc-SSE-GI-project/_magpie_work/minisat-hack_1688982248/minisat-hack
2023-07-10 10:45:52,790	[INFO]	CMD: ['perf', 'stat', 'run-sh/validate_1.sh', '-lbd-cut=5.0', '-lbd-cut-max=10.0', '-cp-increase=15000', '-core-tolerance=0.02', '-var-decay=0.95', '-cla-decay=0.999', '-rnd-freq=0.0', '-ccmin-mode=2', '-phase-saving=2', '-no-rnd-init', '-luby=0', '-gc-frac=0.2', '-verb=1', '-pre', '-no-asymm', '-no-rcheck', '-no-elim', '-grow=0', '-cl-lim=20', '-sub-lim=1000', '-simp-gc-frac=0.5']
2023-07-10 10:45:52,790	[INFO]	STATUS: TIMEOUT
2023-07-10 10:45:52,790	[INFO]	RETURN_CODE: -9
2023-07-10 10:45:52,791	[INFO]	RUNTIME: 86.10745811462402
2023-07-10 10:45:52,791	[INFO]	STDOUT:

2023-07-10 10:45:52,791	[INFO]	STDERR:

2023-07-10 10:45:52,791	[INFO]	!*!*!*!*!*!*!*!*!*!*!*!*!*!*!*!*!*!*!*!*!*!*!*!*!*!*!*!*!*!*!*!*!*!*!*!*!*!*!*!*
2023-07-10 10:45:52,791	[INFO]	Magpie stopped because it was unable to run the (unmodified) target software
2023-07-10 10:45:52,791	[INFO]	Self-diagnostic:
2023-07-10 10:45:52,791	[INFO]	The "run_cmd" command took too long to run
2023-07-10 10:45:52,791	[INFO]	--> consider increasing "run_timeout"
2023-07-10 10:45:52,791	[INFO]	!*!*!*!*!*!*!*!*!*!*!*!*!*!*!*!*!*!*!*!*!*!*!*!*!*!*!*!*!*!*!*!*!*!*!*!*!*!*!*!*
2023-07-10 10:45:52,792	[INFO]	==== END ====
2023-07-10 10:45:52,792	[INFO]	Reason: None
