2023-08-05 15:36:33,194	[DEBUG]	==== CONFIG ====
[magpie]
import = 
seed = 
log_dir = _magpie_logs
work_dir = _magpie_work
local_original_copy = False
local_original_name = __original__
output_encoding = ascii
edit_retries = 10
default_timeout = 30
default_lengthout = 1e6
diff_method = unified

[software]
path = code/minisat-hack
target_files = 
	core/Solver.cc.xml
	minisat.params
program = BasicProgram
engine_rules = 
	*.params : ConfigFileParamsEngine
	*.xml : SrcmlEngine
	* : LineEngine
engine_config = 
	*.params : [params]
	*.xml : [srcml]
setup_cmd = ./compile.sh
setup_timeout = 
setup_lengthout = 
compile_cmd = ./compile.sh
compile_timeout = 16
compile_lengthout = 
test_cmd = 
test_timeout = 
test_lengthout = 
run_cmd = perf stat run-sh/validate_8.sh
run_timeout = 1582
run_lengthout = 
fitness = perf_instructions

[srcml]
rename = 
	stmt: break continue decl_stmt do expr_stmt for goto if return switch while
	number: literal_number
focus = block stmt operator_comp operator_arith number
internodes = block
process_pseudo_blocks = True
process_literals = True
process_operators = True

[params]
timing = test run
cli_prefix = --
cli_glue = =
cli_boolean = show
cli_boolean_prefix_true = 
cli_boolean_prefix_false = no-
silent_prefix = @
silent_suffix = $

[search]
protocol = BasicProtocol
algorithm = ValidTest
possible_edits = 
	StmtReplacement
	StmtInsertion
	StmtDeletion
warmup = 1
warmup_strategy = last
max_steps = 
max_time = 
target_fitness = 
cache_maxsize = 40
cache_keep = 0.2

[search.ls]
delete_prob = 0.5
max_neighbours = 
when_trapped = continue
accept_fail = False
tabu_length = 10

[search.gp]
pop_size = 10
delete_prob = 0.5
offspring_elitism = 0.1
offspring_crossover = 0.5
offspring_mutation = 0.4
uniform_rate = 0.5

[search.ga]
pop_size = 10
elitism_size = 2
cxpb_chrm = 0.5
cxpb_gene = 0.5
mutpb_chrm = 0.2
mutpb_gene = 0.1
gi_delete_prob = 0.5
gi_create_prob = 0.5
tournament_size = 3

[search.pso]
pop_size = 10
speed_min = -3
speed_max = 3
c1 = 1.49
c2 = 1.49


2023-08-05 15:36:33,196	[INFO]	==== WARMUP ====
2023-08-05 15:54:55,991	[INFO]	WARM    SUCCESS               1857471421657           
2023-08-05 15:54:55,992	[INFO]	INITIAL SUCCESS               1857471421657           
2023-08-05 15:54:55,992	[INFO]	==== START: ValidTest ====
2023-08-05 15:54:56,105	[DEBUG]	CLEAN_PATCH: StmtDeletion(('core/Solver.cc.xml', 'stmt', 112)) | StmtDeletion(('core/Solver.cc.xml', 'stmt', 344)) | StmtDeletion(('core/Solver.cc.xml', 'stmt', 178)) | StmtInsertion(('core/Solver.cc.xml', '_inter_block', 347), ('core/Solver.cc.xml', 'stmt', 53)) | StmtInsertion(('core/Solver.cc.xml', '_inter_block', 18), ('core/Solver.cc.xml', 'stmt', 309)) | StmtInsertion(('core/Solver.cc.xml', '_inter_block', 408), ('core/Solver.cc.xml', 'stmt', 164))
2023-08-05 15:54:56,105	[DEBUG]	CLEAN_SIZE: 6 (was 6)
2023-08-05 16:10:56,756	[DEBUG]	StmtDeletion(('core/Solver.cc.xml', 'stmt', 112)) | StmtDeletion(('core/Solver.cc.xml', 'stmt', 344)) | StmtDeletion(('core/Solver.cc.xml', 'stmt', 178)) | StmtInsertion(('core/Solver.cc.xml', '_inter_block', 347), ('core/Solver.cc.xml', 'stmt', 53)) | StmtInsertion(('core/Solver.cc.xml', '_inter_block', 18), ('core/Solver.cc.xml', 'stmt', 309)) | StmtInsertion(('core/Solver.cc.xml', '_inter_block', 408), ('core/Solver.cc.xml', 'stmt', 164))
2023-08-05 16:10:56,757	[INFO]	1       SUCCESS              *1622335095680 (87.34%) [6 edit(s)] 
2023-08-05 16:10:56,786	[DEBUG]	--- before: core/Solver.cc
+++ after: core/Solver.cc
@@ -149,6 +149,9 @@
     decision .push();
     trail    .capacity(v+1);
     setDecisionVar(v, dvar);
+    if (conflicts % 5000 == 0 && var_decay < 0.95)/*auto*/{
+                var_decay += 0.01;
+}/*auto*/
     return v;
 }
 
@@ -342,7 +345,7 @@
     int index   = trail.size() - 1;
 
     do{
-        assert(confl != CRef_Undef); // (otherwise should be UIP)
+         // (otherwise should be UIP)
         Clause& c = ca[confl];
 
         if (c.learnt() && c.mark() != 3){
@@ -459,7 +462,7 @@
     analyze_stack.clear(); analyze_stack.push(p);
     int top = analyze_toclear.size();
     while (analyze_stack.size() > 0){
-        assert(reason(var(analyze_stack.last())) != CRef_Undef);
+        
         Clause& c = ca[reason(var(analyze_stack.last()))]; analyze_stack.pop();
 
         for (int i = 1; i < c.size(); i++){
@@ -646,6 +649,7 @@
 }/*auto*/
     }
     learnts.shrink(i - j);
+    return ok = (propagate() == CRef_Undef);
     checkGarbage();
 }
 
@@ -742,6 +746,7 @@
     int         backtrack_level;
     int         conflictC = 0;
     vec<Lit>    learnt_clause;
+    int max_i = 1;
     starts++;
 
     for (;;){
@@ -825,7 +830,7 @@
 
             // Simplify the set of problem clauses:
             if (decisionLevel() == 0 && !simplify())/*auto*/{
-                return l_False;
+                
 }/*auto*/
 
             if (learnts.size() > (int32_t)opt_cp_increase && cp < conflicts){

2023-08-05 16:10:56,804	[INFO]	==== END ====
2023-08-05 16:10:56,805	[INFO]	Reason: validation end
2023-08-05 16:10:56,805	[INFO]	
2023-08-05 16:10:56,805	[INFO]	==== REPORT ====
2023-08-05 16:10:56,805	[INFO]	Termination: validation end
2023-08-05 16:10:56,805	[INFO]	Log file: /cs/student/projects1/sse/2022/tsongpet/MSc-SSE-GI-project/_magpie_logs/minisat-hack_1691246190.log
2023-08-05 16:10:56,823	[INFO]	Patch file: _magpie_logs/minisat-hack_1691246190.patch
2023-08-05 16:10:56,823	[INFO]	Diff file: _magpie_logs/minisat-hack_1691246190.diff
2023-08-05 16:10:56,823	[INFO]	Best fitness: 1622335095680
2023-08-05 16:10:56,824	[INFO]	Best patch: StmtDeletion(('core/Solver.cc.xml', 'stmt', 112)) | StmtDeletion(('core/Solver.cc.xml', 'stmt', 344)) | StmtDeletion(('core/Solver.cc.xml', 'stmt', 178)) | StmtInsertion(('core/Solver.cc.xml', '_inter_block', 347), ('core/Solver.cc.xml', 'stmt', 53)) | StmtInsertion(('core/Solver.cc.xml', '_inter_block', 18), ('core/Solver.cc.xml', 'stmt', 309)) | StmtInsertion(('core/Solver.cc.xml', '_inter_block', 408), ('core/Solver.cc.xml', 'stmt', 164))
2023-08-05 16:10:56,824	[INFO]	Diff:
--- before: core/Solver.cc
+++ after: core/Solver.cc
@@ -149,6 +149,9 @@
     decision .push();
     trail    .capacity(v+1);
     setDecisionVar(v, dvar);
+    if (conflicts % 5000 == 0 && var_decay < 0.95)/*auto*/{
+                var_decay += 0.01;
+}/*auto*/
     return v;
 }
 
@@ -342,7 +345,7 @@
     int index   = trail.size() - 1;
 
     do{
-        assert(confl != CRef_Undef); // (otherwise should be UIP)
+         // (otherwise should be UIP)
         Clause& c = ca[confl];
 
         if (c.learnt() && c.mark() != 3){
@@ -459,7 +462,7 @@
     analyze_stack.clear(); analyze_stack.push(p);
     int top = analyze_toclear.size();
     while (analyze_stack.size() > 0){
-        assert(reason(var(analyze_stack.last())) != CRef_Undef);
+        
         Clause& c = ca[reason(var(analyze_stack.last()))]; analyze_stack.pop();
 
         for (int i = 1; i < c.size(); i++){
@@ -646,6 +649,7 @@
 }/*auto*/
     }
     learnts.shrink(i - j);
+    return ok = (propagate() == CRef_Undef);
     checkGarbage();
 }
 
@@ -742,6 +746,7 @@
     int         backtrack_level;
     int         conflictC = 0;
     vec<Lit>    learnt_clause;
+    int max_i = 1;
     starts++;
 
     for (;;){
@@ -825,7 +830,7 @@
 
             // Simplify the set of problem clauses:
             if (decisionLevel() == 0 && !simplify())/*auto*/{
-                return l_False;
+                
 }/*auto*/
 
             if (learnts.size() > (int32_t)opt_cp_increase && cp < conflicts){

