2023-07-06 15:13:12,357	[DEBUG]	==== CONFIG ====
[magpie]
import = 
seed = 
log_dir = _magpie_logs
work_dir = _magpie_work
local_original_copy = False
local_original_name = __original__
output_encoding = ascii
edit_retries = 10
default_timeout = 30
default_lengthout = 1e6
diff_method = unified

[software]
path = code/minisat-hack
target_files = 
	minisat.params
program = BasicProgram
engine_rules = 
	*.params : ConfigFileParamsEngine
	*.xml : SrcmlEngine
	* : LineEngine
engine_config = 
	*.params : [params]
	*.xml : [srcml]
setup_cmd = ./compile.sh
setup_timeout = 
setup_lengthout = 
compile_cmd = ./compile.sh
compile_timeout = 15
compile_lengthout = 
test_cmd = 
test_timeout = 
test_lengthout = 
run_cmd = perf stat run-sh/train_9.sh
run_timeout = 40
run_lengthout = 
fitness = perf_time

[srcml]
rename = 
	stmt: break continue decl_stmt do expr_stmt for goto if return switch while
	number: literal_number
focus = block stmt operator_comp operator_arith number
internodes = block
process_pseudo_blocks = True
process_literals = True
process_operators = True

[params]
timing = test run
cli_prefix = --
cli_glue = =
cli_boolean = show
cli_boolean_prefix_true = 
cli_boolean_prefix_false = no-
silent_prefix = @
silent_suffix = $

[search]
protocol = BasicProtocol
algorithm = FirstImprovement
possible_edits = 
	ParamSetting
warmup = 3
warmup_strategy = last
max_steps = 
max_time = 12840
target_fitness = 
cache_maxsize = 40
cache_keep = 0.2

[search.ls]
delete_prob = 0.5
max_neighbours = 
when_trapped = continue
accept_fail = False
tabu_length = 10

[search.gp]
pop_size = 10
delete_prob = 0.5
offspring_elitism = 0.1
offspring_crossover = 0.5
offspring_mutation = 0.4
uniform_rate = 0.5


2023-07-06 15:13:12,358	[INFO]	==== WARMUP ====
2023-07-06 15:13:43,662	[INFO]	WARM    SUCCESS               23.0392                 
2023-07-06 15:14:05,495	[INFO]	WARM    SUCCESS               21.7234                 
2023-07-06 15:14:28,857	[INFO]	WARM    SUCCESS               23.2734                 
2023-07-06 15:14:28,857	[INFO]	INITIAL SUCCESS               23.2734                 
2023-07-06 15:14:28,858	[INFO]	==== START: FirstImprovement ====
2023-07-06 15:14:50,788	[DEBUG]	ParamSetting(('minisat.params', 'cl-lim'), 340)
2023-07-06 15:14:50,788	[INFO]	1       SUCCESS              *21.8313 (93.8%) [1 edit(s)] 
2023-07-06 15:14:50,790	[DEBUG]	--- before: minisat.params
+++ after: minisat.params
@@ -16,6 +16,6 @@
 rcheck := 'False'
 elim := 'False'
 grow := 0
-cl-lim := 20
+cl-lim := 340
 sub-lim := 1000
 simp-gc-frac := 0.5

2023-07-06 15:14:50,791	[DEBUG]	
2023-07-06 15:14:50,791	[INFO]	2       SUCCESS               23.2734 (100.0%) [0 edit(s)] 
2023-07-06 15:14:50,792	[DEBUG]	ParamSetting(('minisat.params', 'cl-lim'), 340) | ParamSetting(('minisat.params', 'R-val'), 1.5919539845710395)
2023-07-06 15:14:50,793	[INFO]	3       SUCCESS              +21.8313 (93.8%) [2 edit(s)] 
2023-07-06 15:14:50,794	[DEBUG]	--- before: minisat.params
+++ after: minisat.params
@@ -16,6 +16,6 @@
 rcheck := 'False'
 elim := 'False'
 grow := 0
-cl-lim := 20
+cl-lim := 340
 sub-lim := 1000
 simp-gc-frac := 0.5

2023-07-06 15:14:50,795	[DEBUG]	ParamSetting(('minisat.params', 'cl-lim'), 340) | ParamSetting(('minisat.params', 'R-val'), 1.5919539845710395) | ParamSetting(('minisat.params', 'asymm'), 'False')
2023-07-06 15:14:50,795	[INFO]	4       SUCCESS              +21.8313 (93.8%) [3 edit(s)] 
2023-07-06 15:14:50,796	[DEBUG]	--- before: minisat.params
+++ after: minisat.params
@@ -16,6 +16,6 @@
 rcheck := 'False'
 elim := 'False'
 grow := 0
-cl-lim := 20
+cl-lim := 340
 sub-lim := 1000
 simp-gc-frac := 0.5

2023-07-06 15:14:50,798	[DEBUG]	ParamSetting(('minisat.params', 'cl-lim'), 340) | ParamSetting(('minisat.params', 'asymm'), 'False')
2023-07-06 15:14:50,798	[INFO]	5       SUCCESS              +21.8313 (93.8%) [2 edit(s)] 
2023-07-06 15:14:50,799	[DEBUG]	--- before: minisat.params
+++ after: minisat.params
@@ -16,6 +16,6 @@
 rcheck := 'False'
 elim := 'False'
 grow := 0
-cl-lim := 20
+cl-lim := 340
 sub-lim := 1000
 simp-gc-frac := 0.5

2023-07-06 15:14:50,802	[DEBUG]	ParamSetting(('minisat.params', 'cl-lim'), 340)
2023-07-06 15:14:50,802	[INFO]	6       SUCCESS              +21.8313 (93.8%) [1 edit(s)] 
2023-07-06 15:14:50,803	[DEBUG]	--- before: minisat.params
+++ after: minisat.params
@@ -16,6 +16,6 @@
 rcheck := 'False'
 elim := 'False'
 grow := 0
-cl-lim := 20
+cl-lim := 340
 sub-lim := 1000
 simp-gc-frac := 0.5

2023-07-06 15:14:50,804	[DEBUG]	
2023-07-06 15:14:50,805	[INFO]	7       SUCCESS               23.2734 (100.0%) [0 edit(s)] 
2023-07-06 15:14:50,806	[DEBUG]	ParamSetting(('minisat.params', 'cl-lim'), 340) | ParamSetting(('minisat.params', 'rfirst'), 5.367242069854836)
2023-07-06 15:14:50,806	[INFO]	8       SUCCESS              +21.8313 (93.8%) [2 edit(s)] 
2023-07-06 15:14:50,807	[DEBUG]	--- before: minisat.params
+++ after: minisat.params
@@ -16,6 +16,6 @@
 rcheck := 'False'
 elim := 'False'
 grow := 0
-cl-lim := 20
+cl-lim := 340
 sub-lim := 1000
 simp-gc-frac := 0.5

2023-07-06 15:14:54,758	[INFO]	==== END ====
2023-07-06 15:14:54,759	[INFO]	Reason: keyboard interrupt
2023-07-06 15:14:54,759	[INFO]	
2023-07-06 15:14:54,759	[INFO]	==== REPORT ====
2023-07-06 15:14:54,759	[INFO]	Termination: keyboard interrupt
2023-07-06 15:14:54,760	[INFO]	Log file: /home/tsongpet/MSc-SSE-GI-project/_magpie_logs/minisat-hack_1688652792.log
2023-07-06 15:14:54,762	[INFO]	Patch file: _magpie_logs/minisat-hack_1688652792.patch
2023-07-06 15:14:54,762	[INFO]	Diff file: _magpie_logs/minisat-hack_1688652792.diff
2023-07-06 15:14:54,762	[INFO]	Best fitness: 21.8313
2023-07-06 15:14:54,763	[INFO]	Best patch: ParamSetting(('minisat.params', 'cl-lim'), 340)
2023-07-06 15:14:54,763	[INFO]	Diff:
--- before: minisat.params
+++ after: minisat.params
@@ -16,6 +16,6 @@
 rcheck := 'False'
 elim := 'False'
 grow := 0
-cl-lim := 20
+cl-lim := 340
 sub-lim := 1000
 simp-gc-frac := 0.5

