2023-07-17 17:32:46,219	[DEBUG]	==== CONFIG ====
[magpie]
import = 
seed = 
log_dir = _magpie_logs
work_dir = _magpie_work
local_original_copy = False
local_original_name = __original__
output_encoding = ascii
edit_retries = 10
default_timeout = 30
default_lengthout = 1e6
diff_method = unified

[software]
path = code/minisat-hack
target_files = 
	core/Solver.cc.xml
	minisat.params
program = BasicProgram
engine_rules = 
	*.params : ConfigFileParamsEngine
	*.xml : SrcmlEngine
	* : LineEngine
engine_config = 
	*.params : [params]
	*.xml : [srcml]
setup_cmd = ./compile.sh
setup_timeout = 
setup_lengthout = 
compile_cmd = ./compile.sh
compile_timeout = 15
compile_lengthout = 
test_cmd = 
test_timeout = 
test_lengthout = 
run_cmd = perf stat run-sh/test.sh
run_timeout = 6585
run_lengthout = 
fitness = perf_time

[srcml]
rename = 
	stmt: break continue decl_stmt do expr_stmt for goto if return switch while
	number: literal_number
focus = block stmt operator_comp operator_arith number
internodes = block
process_pseudo_blocks = True
process_literals = True
process_operators = True

[params]
timing = test run
cli_prefix = --
cli_glue = =
cli_boolean = show
cli_boolean_prefix_true = 
cli_boolean_prefix_false = no-
silent_prefix = @
silent_suffix = $

[search]
protocol = BasicProtocol
algorithm = ValidTest
possible_edits = 
	StmtReplacement
	StmtInsertion
	StmtDeletion
	ParamSetting
warmup = 3
warmup_strategy = last
max_steps = 
max_time = 
target_fitness = 
cache_maxsize = 40
cache_keep = 0.2

[search.ls]
delete_prob = 0.5
max_neighbours = 
when_trapped = continue
accept_fail = False
tabu_length = 10

[search.gp]
pop_size = 10
delete_prob = 0.5
offspring_elitism = 0.1
offspring_crossover = 0.5
offspring_mutation = 0.4
uniform_rate = 0.5


2023-07-17 17:32:46,220	[INFO]	==== WARMUP ====
2023-07-17 19:09:55,061	[INFO]	WARM    SUCCESS               5819.1583               
2023-07-17 20:46:30,228	[INFO]	WARM    SUCCESS               5791.2027               
2023-07-17 22:22:50,849	[INFO]	WARM    SUCCESS               5777.0229               
2023-07-17 22:22:50,849	[INFO]	INITIAL SUCCESS               5777.0229               
2023-07-17 22:22:50,849	[INFO]	==== START: ValidTest ====
2023-07-17 22:22:50,868	[DEBUG]	CLEAN_PATCH: StmtInsertion(('core/Solver.cc.xml', '_inter_block', 51), ('core/Solver.cc.xml', 'stmt', 371))
2023-07-17 22:22:50,869	[DEBUG]	CLEAN_SIZE: 1 (was 1)
2023-07-17 23:59:21,379	[DEBUG]	StmtInsertion(('core/Solver.cc.xml', '_inter_block', 51), ('core/Solver.cc.xml', 'stmt', 371))
2023-07-17 23:59:21,379	[INFO]	1       SUCCESS              *5786.8332 (100.17%) [1 edit(s)] 
2023-07-17 23:59:21,392	[DEBUG]	--- before: core/Solver.cc
+++ after: core/Solver.cc
@@ -211,6 +211,7 @@
 
 void Solver::attachClause(CRef cr) {
     const Clause& c = ca[cr];
+    double  progress = 0;
     assert(c.size() > 1);
     watches[~c[0]].push(Watcher(cr, c[1]));
     watches[~c[1]].push(Watcher(cr, c[0]));

2023-07-17 23:59:21,402	[INFO]	==== END ====
2023-07-17 23:59:21,403	[INFO]	Reason: validation end
2023-07-17 23:59:21,403	[INFO]	
2023-07-17 23:59:21,403	[INFO]	==== REPORT ====
2023-07-17 23:59:21,403	[INFO]	Termination: validation end
2023-07-17 23:59:21,403	[INFO]	Log file: /home/tsongpet/MSc-SSE-GI-project/_magpie_logs/minisat-hack_1689611562.log
2023-07-17 23:59:21,413	[INFO]	Patch file: _magpie_logs/minisat-hack_1689611562.patch
2023-07-17 23:59:21,413	[INFO]	Diff file: _magpie_logs/minisat-hack_1689611562.diff
2023-07-17 23:59:21,413	[INFO]	Best fitness: 5786.8332
2023-07-17 23:59:21,413	[INFO]	Best patch: StmtInsertion(('core/Solver.cc.xml', '_inter_block', 51), ('core/Solver.cc.xml', 'stmt', 371))
2023-07-17 23:59:21,414	[INFO]	Diff:
--- before: core/Solver.cc
+++ after: core/Solver.cc
@@ -211,6 +211,7 @@
 
 void Solver::attachClause(CRef cr) {
     const Clause& c = ca[cr];
+    double  progress = 0;
     assert(c.size() > 1);
     watches[~c[0]].push(Watcher(cr, c[1]));
     watches[~c[1]].push(Watcher(cr, c[0]));

