2023-07-06 15:19:11,442	[DEBUG]	==== CONFIG ====
[magpie]
import = 
seed = 
log_dir = _magpie_logs
work_dir = _magpie_work
local_original_copy = False
local_original_name = __original__
output_encoding = ascii
edit_retries = 10
default_timeout = 30
default_lengthout = 1e6
diff_method = unified

[software]
path = code/minisat-hack
target_files = 
	minisat.params
program = BasicProgram
engine_rules = 
	*.params : ConfigFileParamsEngine
	*.xml : SrcmlEngine
	* : LineEngine
engine_config = 
	*.params : [params]
	*.xml : [srcml]
setup_cmd = ./compile.sh
setup_timeout = 
setup_lengthout = 
compile_cmd = ./compile.sh
compile_timeout = 15
compile_lengthout = 
test_cmd = 
test_timeout = 
test_lengthout = 
run_cmd = perf stat run-sh/train_3.sh
run_timeout = 89
run_lengthout = 
fitness = perf_time

[srcml]
rename = 
	stmt: break continue decl_stmt do expr_stmt for goto if return switch while
	number: literal_number
focus = block stmt operator_comp operator_arith number
internodes = block
process_pseudo_blocks = True
process_literals = True
process_operators = True

[params]
timing = test run
cli_prefix = --
cli_glue = =
cli_boolean = show
cli_boolean_prefix_true = 
cli_boolean_prefix_false = no-
silent_prefix = @
silent_suffix = $

[search]
protocol = BasicProtocol
algorithm = FirstImprovement
possible_edits = 
	ParamSetting
warmup = 3
warmup_strategy = last
max_steps = 
max_time = 12840
target_fitness = 
cache_maxsize = 40
cache_keep = 0.2

[search.ls]
delete_prob = 0.5
max_neighbours = 
when_trapped = continue
accept_fail = False
tabu_length = 10

[search.gp]
pop_size = 10
delete_prob = 0.5
offspring_elitism = 0.1
offspring_crossover = 0.5
offspring_mutation = 0.4
uniform_rate = 0.5


2023-07-06 15:19:11,443	[INFO]	==== WARMUP ====
2023-07-06 15:20:38,336	[INFO]	WARM    SUCCESS               79.0535                 
2023-07-06 15:21:53,338	[INFO]	WARM    SUCCESS               74.889                  
2023-07-06 15:23:09,959	[INFO]	WARM    SUCCESS               76.5126                 
2023-07-06 15:23:09,959	[INFO]	INITIAL SUCCESS               76.5126                 
2023-07-06 15:23:09,959	[INFO]	==== START: FirstImprovement ====
2023-07-06 15:24:25,760	[DEBUG]	ParamSetting(('minisat.params', 'grow'), 1584)
2023-07-06 15:24:25,760	[INFO]	1       SUCCESS              *75.692 (98.93%) [1 edit(s)] 
2023-07-06 15:24:25,761	[DEBUG]	--- before: minisat.params
+++ after: minisat.params
@@ -15,7 +15,7 @@
 asymm := 'False'
 rcheck := 'False'
 elim := 'False'
-grow := 0
+grow := 1584
 cl-lim := 20
 sub-lim := 1000
 simp-gc-frac := 0.5

2023-07-06 15:24:30,926	[INFO]	==== END ====
2023-07-06 15:24:30,926	[INFO]	Reason: keyboard interrupt
2023-07-06 15:24:30,926	[INFO]	
2023-07-06 15:24:30,926	[INFO]	==== REPORT ====
2023-07-06 15:24:30,926	[INFO]	Termination: keyboard interrupt
2023-07-06 15:24:30,927	[INFO]	Log file: /home/tsongpet/MSc-SSE-GI-project/_magpie_logs/minisat-hack_1688653151.log
2023-07-06 15:24:30,928	[INFO]	Patch file: _magpie_logs/minisat-hack_1688653151.patch
2023-07-06 15:24:30,928	[INFO]	Diff file: _magpie_logs/minisat-hack_1688653151.diff
2023-07-06 15:24:30,928	[INFO]	Best fitness: 75.692
2023-07-06 15:24:30,928	[INFO]	Best patch: ParamSetting(('minisat.params', 'grow'), 1584)
2023-07-06 15:24:30,928	[INFO]	Diff:
--- before: minisat.params
+++ after: minisat.params
@@ -15,7 +15,7 @@
 asymm := 'False'
 rcheck := 'False'
 elim := 'False'
-grow := 0
+grow := 1584
 cl-lim := 20
 sub-lim := 1000
 simp-gc-frac := 0.5

