2023-06-20 16:18:29,852	[DEBUG]	==== CONFIG ====
[magpie]
import = 
seed = 
log_dir = _magpie_logs
work_dir = _magpie_work
local_original_copy = False
local_original_name = __original__
output_encoding = ascii
edit_retries = 10
default_timeout = 97000
default_lengthout = 1e6
diff_method = unified

[software]
path = code/minisat-hack
target_files = 
	core/Solver.cc
program = BasicProgram
engine_rules = 
	*.params : ConfigFileParamsEngine
	*.xml : SrcmlEngine
	* : LineEngine
engine_config = 
	*.params : [params]
	*.xml : [srcml]
setup_cmd = 
setup_timeout = 
setup_lengthout = 
compile_cmd = ./compile.sh
compile_timeout = 
compile_lengthout = 
test_cmd = 
test_timeout = 
test_lengthout = 
run_cmd = run-sh/train_8.sh
run_timeout = 
run_lengthout = 
fitness = time

[srcml]
rename = 
	stmt: break continue decl_stmt do expr_stmt for goto if return switch while
	number: literal_number
focus = block stmt operator_comp operator_arith number
internodes = block
process_pseudo_blocks = True
process_literals = True
process_operators = True

[params]
timing = test run
cli_prefix = --
cli_glue = =
cli_boolean = show
cli_boolean_prefix_true = 
cli_boolean_prefix_false = no-
silent_prefix = @
silent_suffix = $

[search]
protocol = BasicProtocol
algorithm = FirstImprovement
possible_edits = 
	LineReplacement
	LineInsertion
	LineDeletion
warmup = 3
warmup_strategy = last
max_steps = 1000
max_time = 
target_fitness = 
cache_maxsize = 40
cache_keep = 0.2

[search.ls]
delete_prob = 0.5
max_neighbours = 
when_trapped = continue
accept_fail = False
tabu_length = 10

[search.gp]
pop_size = 10
delete_prob = 0.5
offspring_elitism = 0.1
offspring_crossover = 0.5
offspring_mutation = 0.4
uniform_rate = 0.5


2023-06-20 16:18:29,853	[INFO]	==== WARMUP ====
2023-06-20 16:22:43,464	[INFO]	WARM    SUCCESS               205.0487                
2023-06-20 16:26:24,027	[INFO]	WARM    SUCCESS               202.553                 
2023-06-20 16:30:02,052	[INFO]	WARM    SUCCESS               200.4665                
2023-06-20 16:30:02,052	[INFO]	INITIAL SUCCESS               200.4665                
2023-06-20 16:30:02,052	[INFO]	==== START: FirstImprovement ====
2023-06-20 16:33:39,987	[DEBUG]	LineDeletion(('core/Solver.cc', 'line', 559))
2023-06-20 16:33:39,987	[INFO]	1       SUCCESS              *200.0051 (99.77%) [1 edit(s)] 
2023-06-20 16:33:40,039	[DEBUG]	--- before: core/Solver.cc
+++ after: core/Solver.cc
@@ -557,7 +557,6 @@
             if (value(first) == l_False){
                 confl = cr;
                 qhead = trail.size();
-                // Copy the remaining watches:
                 while (i < end)
                     *j++ = *i++;
             }else

2023-06-20 16:37:16,190	[DEBUG]	LineDeletion(('core/Solver.cc', 'line', 559)) | LineDeletion(('core/Solver.cc', 'line', 990))
2023-06-20 16:37:16,190	[INFO]	2       SUCCESS              *197.8897 (98.71%) [2 edit(s)] 
2023-06-20 16:37:16,243	[DEBUG]	--- before: core/Solver.cc
+++ after: core/Solver.cc
@@ -557,7 +557,6 @@
             if (value(first) == l_False){
                 confl = cr;
                 qhead = trail.size();
-                // Copy the remaining watches:
                 while (i < end)
                     *j++ = *i++;
             }else
@@ -988,7 +987,6 @@
     }
 
     for (int i = 0; i < clauses.size(); i++)
-        toDimacs(f, ca[clauses[i]], map, max);
 
     if (verbosity > 0)
         printf("Wrote %d clauses with %d variables.\n", cnt, max);

2023-06-20 16:40:52,980	[DEBUG]	LineDeletion(('core/Solver.cc', 'line', 990))
2023-06-20 16:40:52,981	[INFO]	3       SUCCESS               198.9004 (99.22%) [1 edit(s)] 
2023-06-20 16:44:31,447	[DEBUG]	LineDeletion(('core/Solver.cc', 'line', 559)) | LineDeletion(('core/Solver.cc', 'line', 990)) | LineDeletion(('core/Solver.cc', 'line', 686))
2023-06-20 16:44:31,448	[INFO]	4       SUCCESS               199.9972 (99.77%) [3 edit(s)] 
2023-06-20 16:44:34,106	[DEBUG]	LineDeletion(('core/Solver.cc', 'line', 559)) | LineDeletion(('core/Solver.cc', 'line', 990)) | LineReplacement(('core/Solver.cc', 'line', 1018), ('core/Solver.cc', 'line', 969))
2023-06-20 16:44:34,106	[INFO]	5       COMPILE_CODE_ERROR    None  [3 edit(s)]       
2023-06-20 16:44:36,762	[DEBUG]	LineDeletion(('core/Solver.cc', 'line', 559)) | LineDeletion(('core/Solver.cc', 'line', 990)) | LineReplacement(('core/Solver.cc', 'line', 901), ('core/Solver.cc', 'line', 651))
2023-06-20 16:44:36,762	[INFO]	6       COMPILE_CODE_ERROR    None  [3 edit(s)]       
2023-06-20 16:44:36,814	[DEBUG]	LineDeletion(('core/Solver.cc', 'line', 559))
2023-06-20 16:44:36,815	[INFO]	7       SUCCESS               200.0051 (99.77%) [1 edit(s)] 
2023-06-20 16:44:39,583	[DEBUG]	LineDeletion(('core/Solver.cc', 'line', 559)) | LineDeletion(('core/Solver.cc', 'line', 990)) | LineInsertion(('core/Solver.cc', '_inter_line', 394), ('core/Solver.cc', 'line', 948))
2023-06-20 16:44:39,583	[INFO]	8       COMPILE_CODE_ERROR    None  [3 edit(s)]       
2023-06-20 16:45:00,168	[DEBUG]	LineDeletion(('core/Solver.cc', 'line', 559)) | LineDeletion(('core/Solver.cc', 'line', 990)) | LineReplacement(('core/Solver.cc', 'line', 322), ('core/Solver.cc', 'line', 599))
2023-06-20 16:45:00,168	[INFO]	9       RUN_CODE_ERROR        None  [3 edit(s)]       
2023-06-20 16:48:35,873	[DEBUG]	LineDeletion(('core/Solver.cc', 'line', 559)) | LineDeletion(('core/Solver.cc', 'line', 990)) | LineReplacement(('core/Solver.cc', 'line', 12), ('core/Solver.cc', 'line', 871))
2023-06-20 16:48:35,874	[INFO]	10      SUCCESS              *197.7148 (98.63%) [3 edit(s)] 
2023-06-20 16:48:35,925	[DEBUG]	--- before: core/Solver.cc
+++ after: core/Solver.cc
@@ -10,7 +10,7 @@
 
 The above copyright notice and this permission notice shall be included in all copies or
 substantial portions of the Software.
-
+    return pow(y, seq);
 THE SOFTWARE IS PROVIDED "AS IS", WITHOUT WARRANTY OF ANY KIND, EXPRESS OR IMPLIED, INCLUDING BUT
 NOT LIMITED TO THE WARRANTIES OF MERCHANTABILITY, FITNESS FOR A PARTICULAR PURPOSE AND
 NONINFRINGEMENT. IN NO EVENT SHALL THE AUTHORS OR COPYRIGHT HOLDERS BE LIABLE FOR ANY CLAIM,
@@ -557,7 +557,6 @@
             if (value(first) == l_False){
                 confl = cr;
                 qhead = trail.size();
-                // Copy the remaining watches:
                 while (i < end)
                     *j++ = *i++;
             }else
@@ -988,7 +987,6 @@
     }
 
     for (int i = 0; i < clauses.size(); i++)
-        toDimacs(f, ca[clauses[i]], map, max);
 
     if (verbosity > 0)
         printf("Wrote %d clauses with %d variables.\n", cnt, max);

2023-06-20 16:52:11,802	[DEBUG]	LineDeletion(('core/Solver.cc', 'line', 559)) | LineReplacement(('core/Solver.cc', 'line', 12), ('core/Solver.cc', 'line', 871))
2023-06-20 16:52:11,803	[INFO]	11      SUCCESS               198.0522 (98.8%) [2 edit(s)] 
2023-06-20 16:52:14,616	[DEBUG]	LineDeletion(('core/Solver.cc', 'line', 559)) | LineDeletion(('core/Solver.cc', 'line', 990)) | LineReplacement(('core/Solver.cc', 'line', 12), ('core/Solver.cc', 'line', 871)) | LineReplacement(('core/Solver.cc', 'line', 977), ('core/Solver.cc', 'line', 191))
2023-06-20 16:52:14,616	[INFO]	12      COMPILE_CODE_ERROR    None  [4 edit(s)]       
2023-06-20 16:52:17,187	[DEBUG]	LineDeletion(('core/Solver.cc', 'line', 559)) | LineDeletion(('core/Solver.cc', 'line', 990)) | LineReplacement(('core/Solver.cc', 'line', 12), ('core/Solver.cc', 'line', 871)) | LineReplacement(('core/Solver.cc', 'line', 429), ('core/Solver.cc', 'line', 1001))
2023-06-20 16:52:17,187	[INFO]	13      COMPILE_CODE_ERROR    None  [4 edit(s)]       
2023-06-20 16:55:54,991	[DEBUG]	LineDeletion(('core/Solver.cc', 'line', 559)) | LineDeletion(('core/Solver.cc', 'line', 990)) | LineReplacement(('core/Solver.cc', 'line', 12), ('core/Solver.cc', 'line', 871)) | LineDeletion(('core/Solver.cc', 'line', 840))
2023-06-20 16:55:54,991	[INFO]	14      SUCCESS               200.5101 (100.02%) [4 edit(s)] 
2023-06-20 16:59:33,024	[DEBUG]	LineDeletion(('core/Solver.cc', 'line', 990)) | LineReplacement(('core/Solver.cc', 'line', 12), ('core/Solver.cc', 'line', 871))
2023-06-20 16:59:33,024	[INFO]	15      SUCCESS               200.3059 (99.92%) [2 edit(s)] 
2023-06-20 16:59:51,797	[DEBUG]	LineDeletion(('core/Solver.cc', 'line', 559)) | LineDeletion(('core/Solver.cc', 'line', 990)) | LineReplacement(('core/Solver.cc', 'line', 12), ('core/Solver.cc', 'line', 871)) | LineDeletion(('core/Solver.cc', 'line', 655))
2023-06-20 16:59:51,797	[INFO]	16      RUN_CODE_ERROR        None  [4 edit(s)]       
2023-06-20 16:59:54,518	[DEBUG]	LineDeletion(('core/Solver.cc', 'line', 559)) | LineDeletion(('core/Solver.cc', 'line', 990)) | LineReplacement(('core/Solver.cc', 'line', 12), ('core/Solver.cc', 'line', 871)) | LineReplacement(('core/Solver.cc', 'line', 341), ('core/Solver.cc', 'line', 601))
2023-06-20 16:59:54,518	[INFO]	17      COMPILE_CODE_ERROR    None  [4 edit(s)]       
2023-06-20 16:59:54,526	[DEBUG]	LineDeletion(('core/Solver.cc', 'line', 559)) | LineDeletion(('core/Solver.cc', 'line', 990))
2023-06-20 16:59:54,526	[INFO]	18      SUCCESS               197.8897 (98.71%) [2 edit(s)] 
2023-06-20 17:03:34,933	[DEBUG]	LineDeletion(('core/Solver.cc', 'line', 559)) | LineDeletion(('core/Solver.cc', 'line', 990)) | LineReplacement(('core/Solver.cc', 'line', 12), ('core/Solver.cc', 'line', 871)) | LineInsertion(('core/Solver.cc', '_inter_line', 126), ('core/Solver.cc', 'line', 357))
2023-06-20 17:03:34,934	[INFO]	19      SUCCESS               202.2903 (100.91%) [4 edit(s)] 
2023-06-20 17:03:37,636	[DEBUG]	LineDeletion(('core/Solver.cc', 'line', 559)) | LineDeletion(('core/Solver.cc', 'line', 990)) | LineReplacement(('core/Solver.cc', 'line', 12), ('core/Solver.cc', 'line', 871)) | LineReplacement(('core/Solver.cc', 'line', 72), ('core/Solver.cc', 'line', 185))
2023-06-20 17:03:37,637	[INFO]	20      COMPILE_CODE_ERROR    None  [4 edit(s)]       
2023-06-20 17:03:40,778	[DEBUG]	LineDeletion(('core/Solver.cc', 'line', 559)) | LineDeletion(('core/Solver.cc', 'line', 990)) | LineReplacement(('core/Solver.cc', 'line', 12), ('core/Solver.cc', 'line', 871)) | LineReplacement(('core/Solver.cc', 'line', 650), ('core/Solver.cc', 'line', 755))
2023-06-20 17:03:40,778	[INFO]	21      COMPILE_CODE_ERROR    None  [4 edit(s)]       
2023-06-20 17:03:43,569	[DEBUG]	LineDeletion(('core/Solver.cc', 'line', 559)) | LineDeletion(('core/Solver.cc', 'line', 990)) | LineReplacement(('core/Solver.cc', 'line', 12), ('core/Solver.cc', 'line', 871)) | LineReplacement(('core/Solver.cc', 'line', 824), ('core/Solver.cc', 'line', 315))
2023-06-20 17:03:43,569	[INFO]	22      COMPILE_CODE_ERROR    None  [4 edit(s)]       
2023-06-20 17:03:46,337	[DEBUG]	LineDeletion(('core/Solver.cc', 'line', 559)) | LineDeletion(('core/Solver.cc', 'line', 990)) | LineReplacement(('core/Solver.cc', 'line', 12), ('core/Solver.cc', 'line', 871)) | LineDeletion(('core/Solver.cc', 'line', 52))
2023-06-20 17:03:46,337	[INFO]	23      COMPILE_CODE_ERROR    None  [4 edit(s)]       
2023-06-20 17:03:49,118	[DEBUG]	LineDeletion(('core/Solver.cc', 'line', 559)) | LineDeletion(('core/Solver.cc', 'line', 990)) | LineReplacement(('core/Solver.cc', 'line', 12), ('core/Solver.cc', 'line', 871)) | LineDeletion(('core/Solver.cc', 'line', 155))
2023-06-20 17:03:49,119	[INFO]	24      COMPILE_CODE_ERROR    None  [4 edit(s)]       
2023-06-20 17:03:52,174	[DEBUG]	LineDeletion(('core/Solver.cc', 'line', 559)) | LineDeletion(('core/Solver.cc', 'line', 990)) | LineReplacement(('core/Solver.cc', 'line', 12), ('core/Solver.cc', 'line', 871)) | LineDeletion(('core/Solver.cc', 'line', 733))
2023-06-20 17:03:52,174	[INFO]	25      COMPILE_CODE_ERROR    None  [4 edit(s)]       
2023-06-20 17:03:54,971	[DEBUG]	LineDeletion(('core/Solver.cc', 'line', 559)) | LineDeletion(('core/Solver.cc', 'line', 990)) | LineReplacement(('core/Solver.cc', 'line', 12), ('core/Solver.cc', 'line', 871)) | LineReplacement(('core/Solver.cc', 'line', 372), ('core/Solver.cc', 'line', 682))
2023-06-20 17:03:54,971	[INFO]	26      COMPILE_CODE_ERROR    None  [4 edit(s)]       
2023-06-20 17:03:57,972	[DEBUG]	LineDeletion(('core/Solver.cc', 'line', 559)) | LineDeletion(('core/Solver.cc', 'line', 990)) | LineReplacement(('core/Solver.cc', 'line', 12), ('core/Solver.cc', 'line', 871)) | LineDeletion(('core/Solver.cc', 'line', 628))
2023-06-20 17:03:57,973	[INFO]	27      COMPILE_CODE_ERROR    None  [4 edit(s)]       
2023-06-20 17:04:00,778	[DEBUG]	LineDeletion(('core/Solver.cc', 'line', 559)) | LineDeletion(('core/Solver.cc', 'line', 990)) | LineReplacement(('core/Solver.cc', 'line', 12), ('core/Solver.cc', 'line', 871)) | LineInsertion(('core/Solver.cc', '_inter_line', 500), ('core/Solver.cc', 'line', 642))
2023-06-20 17:04:00,779	[INFO]	28      COMPILE_CODE_ERROR    None  [4 edit(s)]       
2023-06-20 17:07:39,158	[DEBUG]	LineDeletion(('core/Solver.cc', 'line', 559)) | LineDeletion(('core/Solver.cc', 'line', 990)) | LineReplacement(('core/Solver.cc', 'line', 12), ('core/Solver.cc', 'line', 871)) | LineReplacement(('core/Solver.cc', 'line', 184), ('core/Solver.cc', 'line', 285))
2023-06-20 17:07:39,159	[INFO]	29      SUCCESS               200.2015 (99.87%) [4 edit(s)] 
2023-06-20 17:07:57,227	[DEBUG]	LineDeletion(('core/Solver.cc', 'line', 559)) | LineDeletion(('core/Solver.cc', 'line', 990)) | LineReplacement(('core/Solver.cc', 'line', 12), ('core/Solver.cc', 'line', 871)) | LineDeletion(('core/Solver.cc', 'line', 1023))
2023-06-20 17:07:57,228	[INFO]	30      RUN_CODE_ERROR        None  [4 edit(s)]       
2023-06-20 17:08:00,107	[DEBUG]	LineDeletion(('core/Solver.cc', 'line', 559)) | LineDeletion(('core/Solver.cc', 'line', 990)) | LineReplacement(('core/Solver.cc', 'line', 12), ('core/Solver.cc', 'line', 871)) | LineInsertion(('core/Solver.cc', '_inter_line', 612), ('core/Solver.cc', 'line', 432))
2023-06-20 17:08:00,108	[INFO]	31      COMPILE_CODE_ERROR    None  [4 edit(s)]       
2023-06-20 17:11:40,240	[DEBUG]	LineDeletion(('core/Solver.cc', 'line', 559)) | LineDeletion(('core/Solver.cc', 'line', 990)) | LineReplacement(('core/Solver.cc', 'line', 12), ('core/Solver.cc', 'line', 871)) | LineReplacement(('core/Solver.cc', 'line', 310), ('core/Solver.cc', 'line', 195))
2023-06-20 17:11:40,241	[INFO]	32      SUCCESS               202.8693 (101.2%) [4 edit(s)] 
2023-06-20 17:11:43,120	[DEBUG]	LineDeletion(('core/Solver.cc', 'line', 559)) | LineDeletion(('core/Solver.cc', 'line', 990)) | LineReplacement(('core/Solver.cc', 'line', 12), ('core/Solver.cc', 'line', 871)) | LineReplacement(('core/Solver.cc', 'line', 592), ('core/Solver.cc', 'line', 411))
2023-06-20 17:11:43,120	[INFO]	33      COMPILE_CODE_ERROR    None  [4 edit(s)]       
2023-06-20 17:11:45,774	[DEBUG]	LineDeletion(('core/Solver.cc', 'line', 559)) | LineDeletion(('core/Solver.cc', 'line', 990)) | LineReplacement(('core/Solver.cc', 'line', 12), ('core/Solver.cc', 'line', 871)) | LineDeletion(('core/Solver.cc', 'line', 421))
2023-06-20 17:11:45,774	[INFO]	34      COMPILE_CODE_ERROR    None  [4 edit(s)]       
2023-06-20 17:11:48,603	[DEBUG]	LineDeletion(('core/Solver.cc', 'line', 559)) | LineDeletion(('core/Solver.cc', 'line', 990)) | LineReplacement(('core/Solver.cc', 'line', 12), ('core/Solver.cc', 'line', 871)) | LineInsertion(('core/Solver.cc', '_inter_line', 257), ('core/Solver.cc', 'line', 114))
2023-06-20 17:11:48,604	[INFO]	35      COMPILE_CODE_ERROR    None  [4 edit(s)]       
2023-06-20 17:11:51,480	[DEBUG]	LineDeletion(('core/Solver.cc', 'line', 559)) | LineDeletion(('core/Solver.cc', 'line', 990)) | LineReplacement(('core/Solver.cc', 'line', 12), ('core/Solver.cc', 'line', 871)) | LineReplacement(('core/Solver.cc', 'line', 586), ('core/Solver.cc', 'line', 929))
2023-06-20 17:11:51,481	[INFO]	36      COMPILE_CODE_ERROR    None  [4 edit(s)]       
2023-06-20 17:15:29,803	[DEBUG]	LineDeletion(('core/Solver.cc', 'line', 559)) | LineDeletion(('core/Solver.cc', 'line', 990)) | LineReplacement(('core/Solver.cc', 'line', 12), ('core/Solver.cc', 'line', 871)) | LineInsertion(('core/Solver.cc', '_inter_line', 294), ('core/Solver.cc', 'line', 453))
2023-06-20 17:15:29,804	[INFO]	37      SUCCESS               200.4234 (99.98%) [4 edit(s)] 
2023-06-20 17:15:32,639	[DEBUG]	LineDeletion(('core/Solver.cc', 'line', 559)) | LineDeletion(('core/Solver.cc', 'line', 990)) | LineReplacement(('core/Solver.cc', 'line', 12), ('core/Solver.cc', 'line', 871)) | LineInsertion(('core/Solver.cc', '_inter_line', 644), ('core/Solver.cc', 'line', 289))
2023-06-20 17:15:32,639	[INFO]	38      COMPILE_CODE_ERROR    None  [4 edit(s)]       
2023-06-20 17:19:11,007	[DEBUG]	LineDeletion(('core/Solver.cc', 'line', 559)) | LineDeletion(('core/Solver.cc', 'line', 990)) | LineReplacement(('core/Solver.cc', 'line', 12), ('core/Solver.cc', 'line', 871)) | LineDeletion(('core/Solver.cc', 'line', 874))
2023-06-20 17:19:11,007	[INFO]	39      SUCCESS               200.5092 (100.02%) [4 edit(s)] 
2023-06-20 17:19:28,972	[DEBUG]	LineDeletion(('core/Solver.cc', 'line', 559)) | LineDeletion(('core/Solver.cc', 'line', 990)) | LineReplacement(('core/Solver.cc', 'line', 12), ('core/Solver.cc', 'line', 871)) | LineDeletion(('core/Solver.cc', 'line', 148))
2023-06-20 17:19:28,972	[INFO]	40      RUN_CODE_ERROR        None  [4 edit(s)]       
2023-06-20 17:19:31,856	[DEBUG]	LineDeletion(('core/Solver.cc', 'line', 559)) | LineDeletion(('core/Solver.cc', 'line', 990)) | LineReplacement(('core/Solver.cc', 'line', 12), ('core/Solver.cc', 'line', 871)) | LineInsertion(('core/Solver.cc', '_inter_line', 929), ('core/Solver.cc', 'line', 712))
2023-06-20 17:19:31,856	[INFO]	41      COMPILE_CODE_ERROR    None  [4 edit(s)]       
2023-06-20 17:23:12,344	[DEBUG]	LineDeletion(('core/Solver.cc', 'line', 559)) | LineDeletion(('core/Solver.cc', 'line', 990)) | LineReplacement(('core/Solver.cc', 'line', 12), ('core/Solver.cc', 'line', 871)) | LineReplacement(('core/Solver.cc', 'line', 1050), ('core/Solver.cc', 'line', 568))
2023-06-20 17:23:12,344	[INFO]	42      SUCCESS               201.9373 (100.73%) [4 edit(s)] 
2023-06-20 17:23:15,269	[DEBUG]	LineDeletion(('core/Solver.cc', 'line', 559)) | LineDeletion(('core/Solver.cc', 'line', 990)) | LineReplacement(('core/Solver.cc', 'line', 12), ('core/Solver.cc', 'line', 871)) | LineInsertion(('core/Solver.cc', '_inter_line', 109), ('core/Solver.cc', 'line', 714))
2023-06-20 17:23:15,270	[INFO]	43      COMPILE_CODE_ERROR    None  [4 edit(s)]       
2023-06-20 17:23:18,031	[DEBUG]	LineDeletion(('core/Solver.cc', 'line', 559)) | LineDeletion(('core/Solver.cc', 'line', 990)) | LineReplacement(('core/Solver.cc', 'line', 12), ('core/Solver.cc', 'line', 871)) | LineReplacement(('core/Solver.cc', 'line', 232), ('core/Solver.cc', 'line', 322))
2023-06-20 17:23:18,031	[INFO]	44      COMPILE_CODE_ERROR    None  [4 edit(s)]       
2023-06-20 17:26:57,209	[DEBUG]	LineDeletion(('core/Solver.cc', 'line', 559)) | LineDeletion(('core/Solver.cc', 'line', 990)) | LineReplacement(('core/Solver.cc', 'line', 12), ('core/Solver.cc', 'line', 871)) | LineReplacement(('core/Solver.cc', 'line', 975), ('core/Solver.cc', 'line', 158))
2023-06-20 17:26:57,209	[INFO]	45      SUCCESS               200.8972 (100.21%) [4 edit(s)] 
2023-06-20 17:27:00,033	[DEBUG]	LineDeletion(('core/Solver.cc', 'line', 559)) | LineDeletion(('core/Solver.cc', 'line', 990)) | LineReplacement(('core/Solver.cc', 'line', 12), ('core/Solver.cc', 'line', 871)) | LineReplacement(('core/Solver.cc', 'line', 106), ('core/Solver.cc', 'line', 198))
2023-06-20 17:27:00,034	[INFO]	46      COMPILE_CODE_ERROR    None  [4 edit(s)]       
2023-06-20 17:30:38,754	[DEBUG]	LineDeletion(('core/Solver.cc', 'line', 559)) | LineDeletion(('core/Solver.cc', 'line', 990)) | LineReplacement(('core/Solver.cc', 'line', 12), ('core/Solver.cc', 'line', 871)) | LineDeletion(('core/Solver.cc', 'line', 810))
2023-06-20 17:30:38,754	[INFO]	47      SUCCESS               200.8478 (100.19%) [4 edit(s)] 
2023-06-20 17:30:41,655	[DEBUG]	LineDeletion(('core/Solver.cc', 'line', 559)) | LineDeletion(('core/Solver.cc', 'line', 990)) | LineReplacement(('core/Solver.cc', 'line', 12), ('core/Solver.cc', 'line', 871)) | LineDeletion(('core/Solver.cc', 'line', 758))
2023-06-20 17:30:41,656	[INFO]	48      COMPILE_CODE_ERROR    None  [4 edit(s)]       
2023-06-20 17:34:21,683	[DEBUG]	LineDeletion(('core/Solver.cc', 'line', 559)) | LineDeletion(('core/Solver.cc', 'line', 990)) | LineReplacement(('core/Solver.cc', 'line', 12), ('core/Solver.cc', 'line', 871)) | LineDeletion(('core/Solver.cc', 'line', 483))
2023-06-20 17:34:21,684	[INFO]	49      SUCCESS               201.7282 (100.63%) [4 edit(s)] 
2023-06-20 17:34:40,606	[DEBUG]	LineDeletion(('core/Solver.cc', 'line', 559)) | LineDeletion(('core/Solver.cc', 'line', 990)) | LineReplacement(('core/Solver.cc', 'line', 12), ('core/Solver.cc', 'line', 871)) | LineReplacement(('core/Solver.cc', 'line', 819), ('core/Solver.cc', 'line', 692))
2023-06-20 17:34:40,607	[INFO]	50      RUN_CODE_ERROR        None  [4 edit(s)]       
2023-06-20 17:34:43,400	[DEBUG]	LineDeletion(('core/Solver.cc', 'line', 559)) | LineDeletion(('core/Solver.cc', 'line', 990)) | LineReplacement(('core/Solver.cc', 'line', 12), ('core/Solver.cc', 'line', 871)) | LineInsertion(('core/Solver.cc', '_inter_line', 622), ('core/Solver.cc', 'line', 843))
2023-06-20 17:34:43,401	[INFO]	51      COMPILE_CODE_ERROR    None  [4 edit(s)]       
2023-06-20 17:34:46,232	[DEBUG]	LineDeletion(('core/Solver.cc', 'line', 559)) | LineDeletion(('core/Solver.cc', 'line', 990)) | LineReplacement(('core/Solver.cc', 'line', 12), ('core/Solver.cc', 'line', 871)) | LineDeletion(('core/Solver.cc', 'line', 952))
2023-06-20 17:34:46,233	[INFO]	52      COMPILE_CODE_ERROR    None  [4 edit(s)]       
2023-06-20 17:38:26,545	[DEBUG]	LineDeletion(('core/Solver.cc', 'line', 559)) | LineDeletion(('core/Solver.cc', 'line', 990)) | LineReplacement(('core/Solver.cc', 'line', 12), ('core/Solver.cc', 'line', 871)) | LineDeletion(('core/Solver.cc', 'line', 512))
2023-06-20 17:38:26,545	[INFO]	53      SUCCESS               202.2568 (100.89%) [4 edit(s)] 
2023-06-20 17:42:07,030	[DEBUG]	LineDeletion(('core/Solver.cc', 'line', 559)) | LineDeletion(('core/Solver.cc', 'line', 990)) | LineReplacement(('core/Solver.cc', 'line', 12), ('core/Solver.cc', 'line', 871)) | LineDeletion(('core/Solver.cc', 'line', 326))
2023-06-20 17:42:07,031	[INFO]	54      SUCCESS               202.9468 (101.24%) [4 edit(s)] 
2023-06-20 17:42:09,824	[DEBUG]	LineDeletion(('core/Solver.cc', 'line', 559)) | LineDeletion(('core/Solver.cc', 'line', 990)) | LineReplacement(('core/Solver.cc', 'line', 12), ('core/Solver.cc', 'line', 871)) | LineDeletion(('core/Solver.cc', 'line', 757))
2023-06-20 17:42:09,825	[INFO]	55      COMPILE_CODE_ERROR    None  [4 edit(s)]       
2023-06-20 17:45:47,857	[DEBUG]	LineDeletion(('core/Solver.cc', 'line', 559)) | LineDeletion(('core/Solver.cc', 'line', 990)) | LineReplacement(('core/Solver.cc', 'line', 12), ('core/Solver.cc', 'line', 871)) | LineDeletion(('core/Solver.cc', 'line', 879))
2023-06-20 17:45:47,858	[INFO]	56      SUCCESS               199.8338 (99.68%) [4 edit(s)] 
2023-06-20 17:45:51,506	[DEBUG]	LineDeletion(('core/Solver.cc', 'line', 559)) | LineDeletion(('core/Solver.cc', 'line', 990)) | LineReplacement(('core/Solver.cc', 'line', 12), ('core/Solver.cc', 'line', 871)) | LineInsertion(('core/Solver.cc', '_inter_line', 865), ('core/Solver.cc', 'line', 767))
2023-06-20 17:45:51,506	[INFO]	57      COMPILE_CODE_ERROR    None  [4 edit(s)]       
2023-06-20 17:45:54,772	[DEBUG]	LineDeletion(('core/Solver.cc', 'line', 559)) | LineDeletion(('core/Solver.cc', 'line', 990)) | LineReplacement(('core/Solver.cc', 'line', 12), ('core/Solver.cc', 'line', 871)) | LineDeletion(('core/Solver.cc', 'line', 515))
2023-06-20 17:45:54,773	[INFO]	58      COMPILE_CODE_ERROR    None  [4 edit(s)]       
2023-06-20 17:49:33,240	[DEBUG]	LineDeletion(('core/Solver.cc', 'line', 559)) | LineDeletion(('core/Solver.cc', 'line', 990)) | LineReplacement(('core/Solver.cc', 'line', 12), ('core/Solver.cc', 'line', 871)) | LineReplacement(('core/Solver.cc', 'line', 642), ('core/Solver.cc', 'line', 962))
2023-06-20 17:49:33,241	[INFO]	59      SUCCESS               200.3411 (99.94%) [4 edit(s)] 
2023-06-20 17:53:11,083	[DEBUG]	LineDeletion(('core/Solver.cc', 'line', 559)) | LineDeletion(('core/Solver.cc', 'line', 990)) | LineReplacement(('core/Solver.cc', 'line', 12), ('core/Solver.cc', 'line', 871)) | LineInsertion(('core/Solver.cc', '_inter_line', 509), ('core/Solver.cc', 'line', 1009))
2023-06-20 17:53:11,084	[INFO]	60      SUCCESS               200.0666 (99.8%) [4 edit(s)] 
2023-06-20 17:53:13,715	[DEBUG]	LineDeletion(('core/Solver.cc', 'line', 559)) | LineDeletion(('core/Solver.cc', 'line', 990)) | LineReplacement(('core/Solver.cc', 'line', 12), ('core/Solver.cc', 'line', 871)) | LineReplacement(('core/Solver.cc', 'line', 135), ('core/Solver.cc', 'line', 47))
2023-06-20 17:53:13,715	[INFO]	61      COMPILE_CODE_ERROR    None  [4 edit(s)]       
2023-06-20 17:56:52,279	[DEBUG]	LineDeletion(('core/Solver.cc', 'line', 559)) | LineDeletion(('core/Solver.cc', 'line', 990)) | LineReplacement(('core/Solver.cc', 'line', 12), ('core/Solver.cc', 'line', 871)) | LineDeletion(('core/Solver.cc', 'line', 159))
2023-06-20 17:56:52,280	[INFO]	62      SUCCESS               200.5452 (100.04%) [4 edit(s)] 
2023-06-20 17:56:55,280	[DEBUG]	LineDeletion(('core/Solver.cc', 'line', 559)) | LineDeletion(('core/Solver.cc', 'line', 990)) | LineReplacement(('core/Solver.cc', 'line', 12), ('core/Solver.cc', 'line', 871)) | LineDeletion(('core/Solver.cc', 'line', 254))
2023-06-20 17:56:55,281	[INFO]	63      COMPILE_CODE_ERROR    None  [4 edit(s)]       
2023-06-20 17:56:58,074	[DEBUG]	LineDeletion(('core/Solver.cc', 'line', 559)) | LineDeletion(('core/Solver.cc', 'line', 990)) | LineReplacement(('core/Solver.cc', 'line', 12), ('core/Solver.cc', 'line', 871)) | LineInsertion(('core/Solver.cc', '_inter_line', 859), ('core/Solver.cc', 'line', 810))
2023-06-20 17:56:58,075	[INFO]	64      COMPILE_CODE_ERROR    None  [4 edit(s)]       
2023-06-20 18:00:38,251	[DEBUG]	LineDeletion(('core/Solver.cc', 'line', 559)) | LineDeletion(('core/Solver.cc', 'line', 990)) | LineReplacement(('core/Solver.cc', 'line', 12), ('core/Solver.cc', 'line', 871)) | LineDeletion(('core/Solver.cc', 'line', 641))
2023-06-20 18:00:38,251	[INFO]	65      SUCCESS               202.3765 (100.95%) [4 edit(s)] 
2023-06-20 18:04:16,873	[DEBUG]	LineDeletion(('core/Solver.cc', 'line', 559)) | LineDeletion(('core/Solver.cc', 'line', 990)) | LineReplacement(('core/Solver.cc', 'line', 12), ('core/Solver.cc', 'line', 871)) | LineDeletion(('core/Solver.cc', 'line', 470))
2023-06-20 18:04:16,873	[INFO]	66      SUCCESS               200.3627 (99.95%) [4 edit(s)] 
2023-06-20 18:07:53,107	[DEBUG]	LineDeletion(('core/Solver.cc', 'line', 559)) | LineDeletion(('core/Solver.cc', 'line', 990)) | LineReplacement(('core/Solver.cc', 'line', 12), ('core/Solver.cc', 'line', 871)) | LineReplacement(('core/Solver.cc', 'line', 857), ('core/Solver.cc', 'line', 279))
2023-06-20 18:07:53,107	[INFO]	67      SUCCESS               198.6723 (99.1%) [4 edit(s)] 
2023-06-20 18:11:33,436	[DEBUG]	LineDeletion(('core/Solver.cc', 'line', 559)) | LineDeletion(('core/Solver.cc', 'line', 990)) | LineReplacement(('core/Solver.cc', 'line', 12), ('core/Solver.cc', 'line', 871)) | LineInsertion(('core/Solver.cc', '_inter_line', 504), ('core/Solver.cc', 'line', 961))
2023-06-20 18:11:33,436	[INFO]	68      SUCCESS               202.0548 (100.79%) [4 edit(s)] 
2023-06-20 18:11:36,290	[DEBUG]	LineDeletion(('core/Solver.cc', 'line', 559)) | LineDeletion(('core/Solver.cc', 'line', 990)) | LineReplacement(('core/Solver.cc', 'line', 12), ('core/Solver.cc', 'line', 871)) | LineReplacement(('core/Solver.cc', 'line', 390), ('core/Solver.cc', 'line', 623))
2023-06-20 18:11:36,291	[INFO]	69      COMPILE_CODE_ERROR    None  [4 edit(s)]       
2023-06-20 18:15:15,053	[DEBUG]	LineDeletion(('core/Solver.cc', 'line', 559)) | LineDeletion(('core/Solver.cc', 'line', 990)) | LineReplacement(('core/Solver.cc', 'line', 12), ('core/Solver.cc', 'line', 871)) | LineInsertion(('core/Solver.cc', '_inter_line', 937), ('core/Solver.cc', 'line', 239))
2023-06-20 18:15:15,054	[INFO]	70      SUCCESS               201.0814 (100.31%) [4 edit(s)] 
2023-06-20 18:15:18,216	[DEBUG]	LineDeletion(('core/Solver.cc', 'line', 559)) | LineDeletion(('core/Solver.cc', 'line', 990)) | LineReplacement(('core/Solver.cc', 'line', 12), ('core/Solver.cc', 'line', 871)) | LineInsertion(('core/Solver.cc', '_inter_line', 412), ('core/Solver.cc', 'line', 211))
2023-06-20 18:15:18,217	[INFO]	71      COMPILE_CODE_ERROR    None  [4 edit(s)]       
2023-06-20 18:15:21,097	[DEBUG]	LineDeletion(('core/Solver.cc', 'line', 559)) | LineDeletion(('core/Solver.cc', 'line', 990)) | LineReplacement(('core/Solver.cc', 'line', 12), ('core/Solver.cc', 'line', 871)) | LineReplacement(('core/Solver.cc', 'line', 617), ('core/Solver.cc', 'line', 188))
2023-06-20 18:15:21,097	[INFO]	72      COMPILE_CODE_ERROR    None  [4 edit(s)]       
2023-06-20 18:19:01,999	[DEBUG]	LineDeletion(('core/Solver.cc', 'line', 559)) | LineDeletion(('core/Solver.cc', 'line', 990)) | LineReplacement(('core/Solver.cc', 'line', 12), ('core/Solver.cc', 'line', 871)) | LineInsertion(('core/Solver.cc', '_inter_line', 463), ('core/Solver.cc', 'line', 819))
2023-06-20 18:19:02,000	[INFO]	73      SUCCESS               203.066 (101.3%) [4 edit(s)] 
2023-06-20 18:19:04,806	[DEBUG]	LineDeletion(('core/Solver.cc', 'line', 559)) | LineDeletion(('core/Solver.cc', 'line', 990)) | LineReplacement(('core/Solver.cc', 'line', 12), ('core/Solver.cc', 'line', 871)) | LineReplacement(('core/Solver.cc', 'line', 769), ('core/Solver.cc', 'line', 609))
2023-06-20 18:19:04,806	[INFO]	74      COMPILE_CODE_ERROR    None  [4 edit(s)]       
2023-06-20 18:22:43,659	[DEBUG]	LineDeletion(('core/Solver.cc', 'line', 559)) | LineDeletion(('core/Solver.cc', 'line', 990)) | LineReplacement(('core/Solver.cc', 'line', 12), ('core/Solver.cc', 'line', 871)) | LineDeletion(('core/Solver.cc', 'line', 431))
2023-06-20 18:22:43,659	[INFO]	75      SUCCESS               201.0423 (100.29%) [4 edit(s)] 
2023-06-20 18:22:46,419	[DEBUG]	LineDeletion(('core/Solver.cc', 'line', 559)) | LineDeletion(('core/Solver.cc', 'line', 990)) | LineReplacement(('core/Solver.cc', 'line', 12), ('core/Solver.cc', 'line', 871)) | LineInsertion(('core/Solver.cc', '_inter_line', 782), ('core/Solver.cc', 'line', 522))
2023-06-20 18:22:46,419	[INFO]	76      COMPILE_CODE_ERROR    None  [4 edit(s)]       
2023-06-20 18:26:25,647	[DEBUG]	LineDeletion(('core/Solver.cc', 'line', 559)) | LineDeletion(('core/Solver.cc', 'line', 990)) | LineReplacement(('core/Solver.cc', 'line', 12), ('core/Solver.cc', 'line', 871)) | LineDeletion(('core/Solver.cc', 'line', 665))
2023-06-20 18:26:25,648	[INFO]	77      SUCCESS               202.0889 (100.81%) [4 edit(s)] 
2023-06-20 18:26:28,339	[DEBUG]	LineDeletion(('core/Solver.cc', 'line', 559)) | LineDeletion(('core/Solver.cc', 'line', 990)) | LineReplacement(('core/Solver.cc', 'line', 12), ('core/Solver.cc', 'line', 871)) | LineReplacement(('core/Solver.cc', 'line', 55), ('core/Solver.cc', 'line', 832))
2023-06-20 18:26:28,340	[INFO]	78      COMPILE_CODE_ERROR    None  [4 edit(s)]       
2023-06-20 18:26:31,206	[DEBUG]	LineDeletion(('core/Solver.cc', 'line', 559)) | LineDeletion(('core/Solver.cc', 'line', 990)) | LineReplacement(('core/Solver.cc', 'line', 12), ('core/Solver.cc', 'line', 871)) | LineReplacement(('core/Solver.cc', 'line', 610), ('core/Solver.cc', 'line', 447))
2023-06-20 18:26:31,207	[INFO]	79      COMPILE_CODE_ERROR    None  [4 edit(s)]       
2023-06-20 18:26:33,445	[DEBUG]	LineDeletion(('core/Solver.cc', 'line', 559)) | LineDeletion(('core/Solver.cc', 'line', 990)) | LineReplacement(('core/Solver.cc', 'line', 12), ('core/Solver.cc', 'line', 871)) | LineReplacement(('core/Solver.cc', 'line', 65), ('core/Solver.cc', 'line', 344))
2023-06-20 18:26:33,445	[INFO]	80      COMPILE_CODE_ERROR    None  [4 edit(s)]       
2023-06-20 18:26:36,165	[DEBUG]	LineDeletion(('core/Solver.cc', 'line', 559)) | LineDeletion(('core/Solver.cc', 'line', 990)) | LineReplacement(('core/Solver.cc', 'line', 12), ('core/Solver.cc', 'line', 871)) | LineInsertion(('core/Solver.cc', '_inter_line', 19), ('core/Solver.cc', 'line', 307))
2023-06-20 18:26:36,165	[INFO]	81      COMPILE_CODE_ERROR    None  [4 edit(s)]       
2023-06-20 18:26:55,784	[DEBUG]	LineDeletion(('core/Solver.cc', 'line', 559)) | LineDeletion(('core/Solver.cc', 'line', 990)) | LineReplacement(('core/Solver.cc', 'line', 12), ('core/Solver.cc', 'line', 871)) | LineInsertion(('core/Solver.cc', '_inter_line', 749), ('core/Solver.cc', 'line', 646))
2023-06-20 18:26:55,785	[INFO]	82      RUN_CODE_ERROR        None  [4 edit(s)]       
2023-06-20 18:30:29,632	[DEBUG]	LineDeletion(('core/Solver.cc', 'line', 559)) | LineDeletion(('core/Solver.cc', 'line', 990)) | LineReplacement(('core/Solver.cc', 'line', 12), ('core/Solver.cc', 'line', 871)) | LineDeletion(('core/Solver.cc', 'line', 21))
2023-06-20 18:30:29,632	[INFO]	83      SUCCESS              *196.1679 (97.86%) [4 edit(s)] 
2023-06-20 18:30:29,685	[DEBUG]	--- before: core/Solver.cc
+++ after: core/Solver.cc
@@ -10,7 +10,7 @@
 
 The above copyright notice and this permission notice shall be included in all copies or
 substantial portions of the Software.
-
+    return pow(y, seq);
 THE SOFTWARE IS PROVIDED "AS IS", WITHOUT WARRANTY OF ANY KIND, EXPRESS OR IMPLIED, INCLUDING BUT
 NOT LIMITED TO THE WARRANTIES OF MERCHANTABILITY, FITNESS FOR A PARTICULAR PURPOSE AND
 NONINFRINGEMENT. IN NO EVENT SHALL THE AUTHORS OR COPYRIGHT HOLDERS BE LIABLE FOR ANY CLAIM,
@@ -19,7 +19,6 @@
 **************************************************************************************************/
 
 /**************************************************************************************************
-This is a patched version of Minisat 2.2. [Marijn Heule, April 17, 2013]
 
 The patch includes:
 - The output of the solver is modified following to the SAT Competition 2013 output requirements
@@ -557,7 +556,6 @@
             if (value(first) == l_False){
                 confl = cr;
                 qhead = trail.size();
-                // Copy the remaining watches:
                 while (i < end)
                     *j++ = *i++;
             }else
@@ -988,7 +986,6 @@
     }
 
     for (int i = 0; i < clauses.size(); i++)
-        toDimacs(f, ca[clauses[i]], map, max);
 
     if (verbosity > 0)
         printf("Wrote %d clauses with %d variables.\n", cnt, max);

2023-06-20 18:30:32,536	[DEBUG]	LineDeletion(('core/Solver.cc', 'line', 559)) | LineDeletion(('core/Solver.cc', 'line', 990)) | LineReplacement(('core/Solver.cc', 'line', 12), ('core/Solver.cc', 'line', 871)) | LineDeletion(('core/Solver.cc', 'line', 21)) | LineInsertion(('core/Solver.cc', '_inter_line', 167), ('core/Solver.cc', 'line', 166))
2023-06-20 18:30:32,536	[INFO]	84      COMPILE_CODE_ERROR    None  [5 edit(s)]       
2023-06-20 18:34:07,393	[DEBUG]	LineDeletion(('core/Solver.cc', 'line', 990)) | LineReplacement(('core/Solver.cc', 'line', 12), ('core/Solver.cc', 'line', 871)) | LineDeletion(('core/Solver.cc', 'line', 21))
2023-06-20 18:34:07,393	[INFO]	85      SUCCESS               197.2741 (98.41%) [3 edit(s)] 
2023-06-20 18:37:40,316	[DEBUG]	LineDeletion(('core/Solver.cc', 'line', 559)) | LineDeletion(('core/Solver.cc', 'line', 990)) | LineReplacement(('core/Solver.cc', 'line', 12), ('core/Solver.cc', 'line', 871)) | LineDeletion(('core/Solver.cc', 'line', 21)) | LineDeletion(('core/Solver.cc', 'line', 274))
2023-06-20 18:37:40,316	[INFO]	86      SUCCESS              *195.4223 (97.48%) [5 edit(s)] 
2023-06-20 18:37:40,379	[DEBUG]	--- before: core/Solver.cc
+++ after: core/Solver.cc
@@ -10,7 +10,7 @@
 
 The above copyright notice and this permission notice shall be included in all copies or
 substantial portions of the Software.
-
+    return pow(y, seq);
 THE SOFTWARE IS PROVIDED "AS IS", WITHOUT WARRANTY OF ANY KIND, EXPRESS OR IMPLIED, INCLUDING BUT
 NOT LIMITED TO THE WARRANTIES OF MERCHANTABILITY, FITNESS FOR A PARTICULAR PURPOSE AND
 NONINFRINGEMENT. IN NO EVENT SHALL THE AUTHORS OR COPYRIGHT HOLDERS BE LIABLE FOR ANY CLAIM,
@@ -19,7 +19,6 @@
 **************************************************************************************************/
 
 /**************************************************************************************************
-This is a patched version of Minisat 2.2. [Marijn Heule, April 17, 2013]
 
 The patch includes:
 - The output of the solver is modified following to the SAT Competition 2013 output requirements
@@ -272,7 +271,6 @@
 
 
 //=================================================================================================
-// Major methods:
 
 
 Lit Solver::pickBranchLit()
@@ -557,7 +555,6 @@
             if (value(first) == l_False){
                 confl = cr;
                 qhead = trail.size();
-                // Copy the remaining watches:
                 while (i < end)
                     *j++ = *i++;
             }else
@@ -988,7 +985,6 @@
     }
 
     for (int i = 0; i < clauses.size(); i++)
-        toDimacs(f, ca[clauses[i]], map, max);
 
     if (verbosity > 0)
         printf("Wrote %d clauses with %d variables.\n", cnt, max);

2023-06-20 18:41:14,185	[DEBUG]	LineDeletion(('core/Solver.cc', 'line', 559)) | LineDeletion(('core/Solver.cc', 'line', 990)) | LineReplacement(('core/Solver.cc', 'line', 12), ('core/Solver.cc', 'line', 871)) | LineDeletion(('core/Solver.cc', 'line', 21)) | LineDeletion(('core/Solver.cc', 'line', 274)) | LineDeletion(('core/Solver.cc', 'line', 99))
2023-06-20 18:41:14,186	[INFO]	87      SUCCESS               196.3554 (97.95%) [6 edit(s)] 
2023-06-20 18:44:47,114	[DEBUG]	LineDeletion(('core/Solver.cc', 'line', 559)) | LineReplacement(('core/Solver.cc', 'line', 12), ('core/Solver.cc', 'line', 871)) | LineDeletion(('core/Solver.cc', 'line', 21)) | LineDeletion(('core/Solver.cc', 'line', 274))
2023-06-20 18:44:47,114	[INFO]	88      SUCCESS               195.7157 (97.63%) [4 edit(s)] 
2023-06-20 18:48:19,816	[DEBUG]	LineDeletion(('core/Solver.cc', 'line', 559)) | LineDeletion(('core/Solver.cc', 'line', 990)) | LineReplacement(('core/Solver.cc', 'line', 12), ('core/Solver.cc', 'line', 871)) | LineDeletion(('core/Solver.cc', 'line', 21)) | LineDeletion(('core/Solver.cc', 'line', 274)) | LineDeletion(('core/Solver.cc', 'line', 936))
2023-06-20 18:48:19,817	[INFO]	89      SUCCESS              *195.407 (97.48%) [6 edit(s)] 
2023-06-20 18:48:19,870	[DEBUG]	--- before: core/Solver.cc
+++ after: core/Solver.cc
@@ -10,7 +10,7 @@
 
 The above copyright notice and this permission notice shall be included in all copies or
 substantial portions of the Software.
-
+    return pow(y, seq);
 THE SOFTWARE IS PROVIDED "AS IS", WITHOUT WARRANTY OF ANY KIND, EXPRESS OR IMPLIED, INCLUDING BUT
 NOT LIMITED TO THE WARRANTIES OF MERCHANTABILITY, FITNESS FOR A PARTICULAR PURPOSE AND
 NONINFRINGEMENT. IN NO EVENT SHALL THE AUTHORS OR COPYRIGHT HOLDERS BE LIABLE FOR ANY CLAIM,
@@ -19,7 +19,6 @@
 **************************************************************************************************/
 
 /**************************************************************************************************
-This is a patched version of Minisat 2.2. [Marijn Heule, April 17, 2013]
 
 The patch includes:
 - The output of the solver is modified following to the SAT Competition 2013 output requirements
@@ -272,7 +271,6 @@
 
 
 //=================================================================================================
-// Major methods:
 
 
 Lit Solver::pickBranchLit()
@@ -557,7 +555,6 @@
             if (value(first) == l_False){
                 confl = cr;
                 qhead = trail.size();
-                // Copy the remaining watches:
                 while (i < end)
                     *j++ = *i++;
             }else
@@ -934,7 +931,6 @@
 
 void Solver::toDimacs(FILE* f, Clause& c, vec<Var>& map, Var& max)
 {
-    if (satisfied(c)) return;
 
     for (int i = 0; i < c.size(); i++)
         if (value(c[i]) != l_False)
@@ -988,7 +984,6 @@
     }
 
     for (int i = 0; i < clauses.size(); i++)
-        toDimacs(f, ca[clauses[i]], map, max);
 
     if (verbosity > 0)
         printf("Wrote %d clauses with %d variables.\n", cnt, max);

2023-06-20 18:48:37,894	[DEBUG]	LineDeletion(('core/Solver.cc', 'line', 559)) | LineDeletion(('core/Solver.cc', 'line', 990)) | LineReplacement(('core/Solver.cc', 'line', 12), ('core/Solver.cc', 'line', 871)) | LineDeletion(('core/Solver.cc', 'line', 21)) | LineDeletion(('core/Solver.cc', 'line', 274)) | LineDeletion(('core/Solver.cc', 'line', 936)) | LineReplacement(('core/Solver.cc', 'line', 826), ('core/Solver.cc', 'line', 227))
2023-06-20 18:48:37,895	[INFO]	90      RUN_CODE_ERROR        None  [7 edit(s)]       
2023-06-20 18:52:13,043	[DEBUG]	LineDeletion(('core/Solver.cc', 'line', 559)) | LineDeletion(('core/Solver.cc', 'line', 990)) | LineDeletion(('core/Solver.cc', 'line', 21)) | LineDeletion(('core/Solver.cc', 'line', 274)) | LineDeletion(('core/Solver.cc', 'line', 936))
2023-06-20 18:52:13,043	[INFO]	91      SUCCESS               197.7168 (98.63%) [5 edit(s)] 
2023-06-20 18:52:13,096	[DEBUG]	LineDeletion(('core/Solver.cc', 'line', 559)) | LineDeletion(('core/Solver.cc', 'line', 990)) | LineReplacement(('core/Solver.cc', 'line', 12), ('core/Solver.cc', 'line', 871)) | LineDeletion(('core/Solver.cc', 'line', 21)) | LineDeletion(('core/Solver.cc', 'line', 274)) | LineDeletion(('core/Solver.cc', 'line', 936)) | LineReplacement(('core/Solver.cc', 'line', 749), ('core/Solver.cc', 'line', 831))
2023-06-20 18:52:13,096	[INFO]	92      SUCCESS              +195.407 (97.48%) [7 edit(s)] 
2023-06-20 18:52:13,149	[DEBUG]	--- before: core/Solver.cc
+++ after: core/Solver.cc
@@ -10,7 +10,7 @@
 
 The above copyright notice and this permission notice shall be included in all copies or
 substantial portions of the Software.
-
+    return pow(y, seq);
 THE SOFTWARE IS PROVIDED "AS IS", WITHOUT WARRANTY OF ANY KIND, EXPRESS OR IMPLIED, INCLUDING BUT
 NOT LIMITED TO THE WARRANTIES OF MERCHANTABILITY, FITNESS FOR A PARTICULAR PURPOSE AND
 NONINFRINGEMENT. IN NO EVENT SHALL THE AUTHORS OR COPYRIGHT HOLDERS BE LIABLE FOR ANY CLAIM,
@@ -19,7 +19,6 @@
 **************************************************************************************************/
 
 /**************************************************************************************************
-This is a patched version of Minisat 2.2. [Marijn Heule, April 17, 2013]
 
 The patch includes:
 - The output of the solver is modified following to the SAT Competition 2013 output requirements
@@ -272,7 +271,6 @@
 
 
 //=================================================================================================
-// Major methods:
 
 
 Lit Solver::pickBranchLit()
@@ -557,7 +555,6 @@
             if (value(first) == l_False){
                 confl = cr;
                 qhead = trail.size();
-                // Copy the remaining watches:
                 while (i < end)
                     *j++ = *i++;
             }else
@@ -934,7 +931,6 @@
 
 void Solver::toDimacs(FILE* f, Clause& c, vec<Var>& map, Var& max)
 {
-    if (satisfied(c)) return;
 
     for (int i = 0; i < c.size(); i++)
         if (value(c[i]) != l_False)
@@ -988,7 +984,6 @@
     }
 
     for (int i = 0; i < clauses.size(); i++)
-        toDimacs(f, ca[clauses[i]], map, max);
 
     if (verbosity > 0)
         printf("Wrote %d clauses with %d variables.\n", cnt, max);

2023-06-20 18:52:13,157	[DEBUG]	LineDeletion(('core/Solver.cc', 'line', 559)) | LineDeletion(('core/Solver.cc', 'line', 990)) | LineReplacement(('core/Solver.cc', 'line', 12), ('core/Solver.cc', 'line', 871)) | LineDeletion(('core/Solver.cc', 'line', 21)) | LineDeletion(('core/Solver.cc', 'line', 274)) | LineDeletion(('core/Solver.cc', 'line', 936))
2023-06-20 18:52:13,157	[INFO]	93      SUCCESS              +195.407 (97.48%) [6 edit(s)] 
2023-06-20 18:52:13,209	[DEBUG]	--- before: core/Solver.cc
+++ after: core/Solver.cc
@@ -10,7 +10,7 @@
 
 The above copyright notice and this permission notice shall be included in all copies or
 substantial portions of the Software.
-
+    return pow(y, seq);
 THE SOFTWARE IS PROVIDED "AS IS", WITHOUT WARRANTY OF ANY KIND, EXPRESS OR IMPLIED, INCLUDING BUT
 NOT LIMITED TO THE WARRANTIES OF MERCHANTABILITY, FITNESS FOR A PARTICULAR PURPOSE AND
 NONINFRINGEMENT. IN NO EVENT SHALL THE AUTHORS OR COPYRIGHT HOLDERS BE LIABLE FOR ANY CLAIM,
@@ -19,7 +19,6 @@
 **************************************************************************************************/
 
 /**************************************************************************************************
-This is a patched version of Minisat 2.2. [Marijn Heule, April 17, 2013]
 
 The patch includes:
 - The output of the solver is modified following to the SAT Competition 2013 output requirements
@@ -272,7 +271,6 @@
 
 
 //=================================================================================================
-// Major methods:
 
 
 Lit Solver::pickBranchLit()
@@ -557,7 +555,6 @@
             if (value(first) == l_False){
                 confl = cr;
                 qhead = trail.size();
-                // Copy the remaining watches:
                 while (i < end)
                     *j++ = *i++;
             }else
@@ -934,7 +931,6 @@
 
 void Solver::toDimacs(FILE* f, Clause& c, vec<Var>& map, Var& max)
 {
-    if (satisfied(c)) return;
 
     for (int i = 0; i < c.size(); i++)
         if (value(c[i]) != l_False)
@@ -988,7 +984,6 @@
     }
 
     for (int i = 0; i < clauses.size(); i++)
-        toDimacs(f, ca[clauses[i]], map, max);
 
     if (verbosity > 0)
         printf("Wrote %d clauses with %d variables.\n", cnt, max);

2023-06-20 18:52:31,356	[DEBUG]	LineDeletion(('core/Solver.cc', 'line', 559)) | LineDeletion(('core/Solver.cc', 'line', 990)) | LineReplacement(('core/Solver.cc', 'line', 12), ('core/Solver.cc', 'line', 871)) | LineDeletion(('core/Solver.cc', 'line', 21)) | LineDeletion(('core/Solver.cc', 'line', 274)) | LineDeletion(('core/Solver.cc', 'line', 936)) | LineDeletion(('core/Solver.cc', 'line', 359))
2023-06-20 18:52:31,357	[INFO]	94      RUN_CODE_ERROR        None  [7 edit(s)]       
2023-06-20 18:52:31,414	[DEBUG]	LineDeletion(('core/Solver.cc', 'line', 559)) | LineDeletion(('core/Solver.cc', 'line', 990)) | LineReplacement(('core/Solver.cc', 'line', 12), ('core/Solver.cc', 'line', 871)) | LineDeletion(('core/Solver.cc', 'line', 21)) | LineDeletion(('core/Solver.cc', 'line', 274))
2023-06-20 18:52:31,414	[INFO]	95      SUCCESS               195.4223 (97.48%) [5 edit(s)] 
2023-06-20 18:52:34,180	[DEBUG]	LineDeletion(('core/Solver.cc', 'line', 559)) | LineDeletion(('core/Solver.cc', 'line', 990)) | LineReplacement(('core/Solver.cc', 'line', 12), ('core/Solver.cc', 'line', 871)) | LineDeletion(('core/Solver.cc', 'line', 21)) | LineDeletion(('core/Solver.cc', 'line', 274)) | LineDeletion(('core/Solver.cc', 'line', 936)) | LineInsertion(('core/Solver.cc', '_inter_line', 273), ('core/Solver.cc', 'line', 185))
2023-06-20 18:52:34,180	[INFO]	96      COMPILE_CODE_ERROR    None  [7 edit(s)]       
2023-06-20 18:52:36,974	[DEBUG]	LineDeletion(('core/Solver.cc', 'line', 559)) | LineDeletion(('core/Solver.cc', 'line', 990)) | LineReplacement(('core/Solver.cc', 'line', 12), ('core/Solver.cc', 'line', 871)) | LineDeletion(('core/Solver.cc', 'line', 21)) | LineDeletion(('core/Solver.cc', 'line', 274)) | LineDeletion(('core/Solver.cc', 'line', 936)) | LineInsertion(('core/Solver.cc', '_inter_line', 290), ('core/Solver.cc', 'line', 358))
2023-06-20 18:52:36,974	[INFO]	97      COMPILE_CODE_ERROR    None  [7 edit(s)]       
2023-06-20 18:56:09,484	[DEBUG]	LineDeletion(('core/Solver.cc', 'line', 559)) | LineDeletion(('core/Solver.cc', 'line', 990)) | LineReplacement(('core/Solver.cc', 'line', 12), ('core/Solver.cc', 'line', 871)) | LineDeletion(('core/Solver.cc', 'line', 21)) | LineDeletion(('core/Solver.cc', 'line', 936))
2023-06-20 18:56:09,484	[INFO]	98      SUCCESS              *195.2802 (97.41%) [5 edit(s)] 
2023-06-20 18:56:09,538	[DEBUG]	--- before: core/Solver.cc
+++ after: core/Solver.cc
@@ -10,7 +10,7 @@
 
 The above copyright notice and this permission notice shall be included in all copies or
 substantial portions of the Software.
-
+    return pow(y, seq);
 THE SOFTWARE IS PROVIDED "AS IS", WITHOUT WARRANTY OF ANY KIND, EXPRESS OR IMPLIED, INCLUDING BUT
 NOT LIMITED TO THE WARRANTIES OF MERCHANTABILITY, FITNESS FOR A PARTICULAR PURPOSE AND
 NONINFRINGEMENT. IN NO EVENT SHALL THE AUTHORS OR COPYRIGHT HOLDERS BE LIABLE FOR ANY CLAIM,
@@ -19,7 +19,6 @@
 **************************************************************************************************/
 
 /**************************************************************************************************
-This is a patched version of Minisat 2.2. [Marijn Heule, April 17, 2013]
 
 The patch includes:
 - The output of the solver is modified following to the SAT Competition 2013 output requirements
@@ -557,7 +556,6 @@
             if (value(first) == l_False){
                 confl = cr;
                 qhead = trail.size();
-                // Copy the remaining watches:
                 while (i < end)
                     *j++ = *i++;
             }else
@@ -934,7 +932,6 @@
 
 void Solver::toDimacs(FILE* f, Clause& c, vec<Var>& map, Var& max)
 {
-    if (satisfied(c)) return;
 
     for (int i = 0; i < c.size(); i++)
         if (value(c[i]) != l_False)
@@ -988,7 +985,6 @@
     }
 
     for (int i = 0; i < clauses.size(); i++)
-        toDimacs(f, ca[clauses[i]], map, max);
 
     if (verbosity > 0)
         printf("Wrote %d clauses with %d variables.\n", cnt, max);

2023-06-20 18:59:43,729	[DEBUG]	LineDeletion(('core/Solver.cc', 'line', 559)) | LineDeletion(('core/Solver.cc', 'line', 990)) | LineReplacement(('core/Solver.cc', 'line', 12), ('core/Solver.cc', 'line', 871)) | LineDeletion(('core/Solver.cc', 'line', 21)) | LineDeletion(('core/Solver.cc', 'line', 936)) | LineInsertion(('core/Solver.cc', '_inter_line', 167), ('core/Solver.cc', 'line', 669))
2023-06-20 18:59:43,729	[INFO]	99      SUCCESS               195.7453 (97.64%) [6 edit(s)] 
2023-06-20 19:03:19,882	[DEBUG]	LineDeletion(('core/Solver.cc', 'line', 559)) | LineReplacement(('core/Solver.cc', 'line', 12), ('core/Solver.cc', 'line', 871)) | LineDeletion(('core/Solver.cc', 'line', 21)) | LineDeletion(('core/Solver.cc', 'line', 936))
2023-06-20 19:03:19,883	[INFO]	100     SUCCESS               198.6573 (99.1%) [4 edit(s)] 
2023-06-20 19:03:22,710	[DEBUG]	LineDeletion(('core/Solver.cc', 'line', 559)) | LineDeletion(('core/Solver.cc', 'line', 990)) | LineReplacement(('core/Solver.cc', 'line', 12), ('core/Solver.cc', 'line', 871)) | LineDeletion(('core/Solver.cc', 'line', 21)) | LineDeletion(('core/Solver.cc', 'line', 936)) | LineReplacement(('core/Solver.cc', 'line', 693), ('core/Solver.cc', 'line', 798))
2023-06-20 19:03:22,711	[INFO]	101     COMPILE_CODE_ERROR    None  [6 edit(s)]       
2023-06-20 19:07:00,703	[DEBUG]	LineDeletion(('core/Solver.cc', 'line', 559)) | LineDeletion(('core/Solver.cc', 'line', 990)) | LineDeletion(('core/Solver.cc', 'line', 21)) | LineDeletion(('core/Solver.cc', 'line', 936))
2023-06-20 19:07:00,703	[INFO]	102     SUCCESS               200.485 (100.01%) [4 edit(s)] 
2023-06-20 19:07:00,756	[DEBUG]	LineDeletion(('core/Solver.cc', 'line', 559)) | LineDeletion(('core/Solver.cc', 'line', 990)) | LineReplacement(('core/Solver.cc', 'line', 12), ('core/Solver.cc', 'line', 871)) | LineDeletion(('core/Solver.cc', 'line', 21))
2023-06-20 19:07:00,756	[INFO]	103     SUCCESS               196.1679 (97.86%) [4 edit(s)] 
2023-06-20 19:07:03,384	[DEBUG]	LineDeletion(('core/Solver.cc', 'line', 559)) | LineDeletion(('core/Solver.cc', 'line', 990)) | LineReplacement(('core/Solver.cc', 'line', 12), ('core/Solver.cc', 'line', 871)) | LineDeletion(('core/Solver.cc', 'line', 21)) | LineDeletion(('core/Solver.cc', 'line', 936)) | LineReplacement(('core/Solver.cc', 'line', 610), ('core/Solver.cc', 'line', 515))
2023-06-20 19:07:03,384	[INFO]	104     COMPILE_CODE_ERROR    None  [6 edit(s)]       
