2023-07-17 10:36:25,679	[DEBUG]	==== CONFIG ====
[magpie]
import = 
seed = 
log_dir = _magpie_logs
work_dir = _magpie_work
local_original_copy = False
local_original_name = __original__
output_encoding = ascii
edit_retries = 10
default_timeout = 30
default_lengthout = 1e6
diff_method = unified

[software]
path = code/minisat-hack
target_files = 
	core/Solver.cc.xml
	minisat.params
program = BasicProgram
engine_rules = 
	*.params : ConfigFileParamsEngine
	*.xml : SrcmlEngine
	* : LineEngine
engine_config = 
	*.params : [params]
	*.xml : [srcml]
setup_cmd = ./compile.sh
setup_timeout = 
setup_lengthout = 
compile_cmd = ./compile.sh
compile_timeout = 15
compile_lengthout = 
test_cmd = 
test_timeout = 
test_lengthout = 
run_cmd = perf stat run-sh/test.sh
run_timeout = 6585
run_lengthout = 
fitness = perf_time

[srcml]
rename = 
	stmt: break continue decl_stmt do expr_stmt for goto if return switch while
	number: literal_number
focus = block stmt operator_comp operator_arith number
internodes = block
process_pseudo_blocks = True
process_literals = True
process_operators = True

[params]
timing = test run
cli_prefix = --
cli_glue = =
cli_boolean = show
cli_boolean_prefix_true = 
cli_boolean_prefix_false = no-
silent_prefix = @
silent_suffix = $

[search]
protocol = BasicProtocol
algorithm = ValidTest
possible_edits = 
	StmtReplacement
	StmtInsertion
	StmtDeletion
warmup = 3
warmup_strategy = last
max_steps = 
max_time = 
target_fitness = 
cache_maxsize = 40
cache_keep = 0.2

[search.ls]
delete_prob = 0.5
max_neighbours = 
when_trapped = continue
accept_fail = False
tabu_length = 10

[search.gp]
pop_size = 10
delete_prob = 0.5
offspring_elitism = 0.1
offspring_crossover = 0.5
offspring_mutation = 0.4
uniform_rate = 0.5


2023-07-17 10:36:25,679	[INFO]	==== WARMUP ====
2023-07-17 12:14:11,912	[INFO]	WARM    SUCCESS               5857.34                 
2023-07-17 13:50:43,499	[INFO]	WARM    SUCCESS               5788.1261               
2023-07-17 15:27:49,865	[INFO]	WARM    SUCCESS               5822.6556               
2023-07-17 15:27:49,866	[INFO]	INITIAL SUCCESS               5822.6556               
2023-07-17 15:27:49,866	[INFO]	==== START: ValidTest ====
2023-07-17 15:27:49,903	[DEBUG]	CLEAN_PATCH: StmtInsertion(('core/Solver.cc.xml', '_inter_block', 106), ('core/Solver.cc.xml', 'stmt', 311))
2023-07-17 15:27:49,903	[DEBUG]	CLEAN_SIZE: 1 (was 1)
2023-07-17 17:05:19,078	[DEBUG]	StmtInsertion(('core/Solver.cc.xml', '_inter_block', 106), ('core/Solver.cc.xml', 'stmt', 311))
2023-07-17 17:05:19,079	[INFO]	1       SUCCESS              *5844.9691 (100.38%) [1 edit(s)] 
2023-07-17 17:05:19,090	[DEBUG]	--- before: core/Solver.cc
+++ after: core/Solver.cc
@@ -276,6 +276,8 @@
             assigns [x] = l_Undef;
             if (phase_saving > 1 || (phase_saving == 1) && c > trail_lim.last())/*auto*/{
                 polarity[x] = sign(trail[c]);
+                if (decisionLevel() == 0)/*auto*/{ return l_False;
+}/*auto*/
 }/*auto*/
             insertVarOrder(x); }
         qhead = trail_lim[level];

2023-07-17 17:05:19,104	[INFO]	==== END ====
2023-07-17 17:05:19,104	[INFO]	Reason: validation end
2023-07-17 17:05:19,104	[INFO]	
2023-07-17 17:05:19,104	[INFO]	==== REPORT ====
2023-07-17 17:05:19,104	[INFO]	Termination: validation end
2023-07-17 17:05:19,104	[INFO]	Log file: /home/tsongpet/MSc-SSE-GI-project/_magpie_logs/minisat-hack_1689586584.log
2023-07-17 17:05:19,121	[INFO]	Patch file: _magpie_logs/minisat-hack_1689586584.patch
2023-07-17 17:05:19,122	[INFO]	Diff file: _magpie_logs/minisat-hack_1689586584.diff
2023-07-17 17:05:19,122	[INFO]	Best fitness: 5844.9691
2023-07-17 17:05:19,122	[INFO]	Best patch: StmtInsertion(('core/Solver.cc.xml', '_inter_block', 106), ('core/Solver.cc.xml', 'stmt', 311))
2023-07-17 17:05:19,122	[INFO]	Diff:
--- before: core/Solver.cc
+++ after: core/Solver.cc
@@ -276,6 +276,8 @@
             assigns [x] = l_Undef;
             if (phase_saving > 1 || (phase_saving == 1) && c > trail_lim.last())/*auto*/{
                 polarity[x] = sign(trail[c]);
+                if (decisionLevel() == 0)/*auto*/{ return l_False;
+}/*auto*/
 }/*auto*/
             insertVarOrder(x); }
         qhead = trail_lim[level];

