2023-06-24 18:29:24,602	[DEBUG]	==== CONFIG ====
[magpie]
import = 
seed = 
log_dir = _magpie_logs
work_dir = _magpie_work
local_original_copy = False
local_original_name = __original__
output_encoding = ascii
edit_retries = 10
default_timeout = 30
default_lengthout = 1e6
diff_method = unified

[software]
path = code/minisat-hack
target_files = 
	core/Solver.cc
program = BasicProgram
engine_rules = 
	*.params : ConfigFileParamsEngine
	*.xml : SrcmlEngine
	* : LineEngine
engine_config = 
	*.params : [params]
	*.xml : [srcml]
setup_cmd = 
setup_timeout = 
setup_lengthout = 
compile_cmd = ./compile.sh
compile_timeout = 11
compile_lengthout = 
test_cmd = 
test_timeout = 
test_lengthout = 
run_cmd = perf stat run-sh/train_6.sh
run_timeout = 49
run_lengthout = 
fitness = perf_time

[srcml]
rename = 
	stmt: break continue decl_stmt do expr_stmt for goto if return switch while
	number: literal_number
focus = block stmt operator_comp operator_arith number
internodes = block
process_pseudo_blocks = True
process_literals = True
process_operators = True

[params]
timing = test run
cli_prefix = --
cli_glue = =
cli_boolean = show
cli_boolean_prefix_true = 
cli_boolean_prefix_false = no-
silent_prefix = @
silent_suffix = $

[search]
protocol = BasicProtocol
algorithm = FirstImprovement
possible_edits = 
	LineReplacement
	LineInsertion
	LineDeletion
warmup = 3
warmup_strategy = last
max_steps = 1000
max_time = 3600
target_fitness = 
cache_maxsize = 40
cache_keep = 0.2

[search.ls]
delete_prob = 0.5
max_neighbours = 
when_trapped = continue
accept_fail = False
tabu_length = 10

[search.gp]
pop_size = 10
delete_prob = 0.5
offspring_elitism = 0.1
offspring_crossover = 0.5
offspring_mutation = 0.4
uniform_rate = 0.5


2023-06-24 18:29:24,602	[INFO]	==== WARMUP ====
2023-06-24 18:30:09,998	[INFO]	WARM    SUCCESS               38.2984                 
2023-06-24 18:30:50,760	[INFO]	WARM    SUCCESS               37.5252                 
2023-06-24 18:31:31,713	[INFO]	WARM    SUCCESS               37.7825                 
2023-06-24 18:31:31,714	[INFO]	INITIAL SUCCESS               37.7825                 
2023-06-24 18:31:31,714	[INFO]	==== START: FirstImprovement ====
2023-06-24 18:32:12,092	[DEBUG]	LineReplacement(('core/Solver.cc', 'line', 594), ('core/Solver.cc', 'line', 54))
2023-06-24 18:32:12,093	[INFO]	1       SUCCESS              *37.1669 (98.37%) [1 edit(s)] 
2023-06-24 18:32:12,100	[DEBUG]	--- before: core/Solver.cc
+++ after: core/Solver.cc
@@ -592,7 +592,7 @@
 {
     int     i, j;
     //double  extra_lim = cla_inc / learnts.size();    // Remove any clause below this activity
-
+static DoubleOption  opt_random_seed       (_cat, "rnd-seed",    "Used by the random variable selection",         91648253, DoubleRange(0, false, HUGE_VAL, false));
     sort(learnts, reduceDB_lt(ca));
     // Don't delete binary or locked clauses. From the rest, delete clauses from the first half
     // and clauses with activity smaller than 'extra_lim':

2023-06-24 18:32:12,107	[DEBUG]	
2023-06-24 18:32:12,107	[INFO]	2       SUCCESS               37.7825 (100.0%) [0 edit(s)] 
2023-06-24 18:32:12,513	[DEBUG]	LineReplacement(('core/Solver.cc', 'line', 594), ('core/Solver.cc', 'line', 54)) | LineInsertion(('core/Solver.cc', '_inter_line', 910), ('core/Solver.cc', 'line', 1011))
2023-06-24 18:32:12,513	[INFO]	3       COMPILE_CODE_ERROR    None  [2 edit(s)]       
2023-06-24 18:32:52,904	[DEBUG]	LineReplacement(('core/Solver.cc', 'line', 594), ('core/Solver.cc', 'line', 54)) | LineDeletion(('core/Solver.cc', 'line', 874))
2023-06-24 18:32:52,905	[INFO]	4       SUCCESS              *37.1639 (98.36%) [2 edit(s)] 
2023-06-24 18:32:52,914	[DEBUG]	--- before: core/Solver.cc
+++ after: core/Solver.cc
@@ -592,7 +592,7 @@
 {
     int     i, j;
     //double  extra_lim = cla_inc / learnts.size();    // Remove any clause below this activity
-
+static DoubleOption  opt_random_seed       (_cat, "rnd-seed",    "Used by the random variable selection",         91648253, DoubleRange(0, false, HUGE_VAL, false));
     sort(learnts, reduceDB_lt(ca));
     // Don't delete binary or locked clauses. From the rest, delete clauses from the first half
     // and clauses with activity smaller than 'extra_lim':
@@ -872,7 +872,6 @@
     return pow(y, seq);
 }
 
-// NOTE: assumptions passed in member-variable 'assumptions'.
 lbool Solver::solve_()
 {
     model.clear();

2023-06-24 18:33:33,562	[DEBUG]	LineDeletion(('core/Solver.cc', 'line', 874))
2023-06-24 18:33:33,562	[INFO]	5       SUCCESS               37.5199 (99.3%) [1 edit(s)] 
2023-06-24 18:33:33,570	[DEBUG]	LineReplacement(('core/Solver.cc', 'line', 594), ('core/Solver.cc', 'line', 54))
2023-06-24 18:33:33,571	[INFO]	6       SUCCESS               37.1669 (98.37%) [1 edit(s)] 
2023-06-24 18:34:14,545	[DEBUG]	LineReplacement(('core/Solver.cc', 'line', 594), ('core/Solver.cc', 'line', 54)) | LineDeletion(('core/Solver.cc', 'line', 874)) | LineDeletion(('core/Solver.cc', 'line', 27))
2023-06-24 18:34:14,546	[INFO]	7       SUCCESS               37.7649 (99.95%) [3 edit(s)] 
2023-06-24 18:34:14,928	[DEBUG]	LineReplacement(('core/Solver.cc', 'line', 594), ('core/Solver.cc', 'line', 54)) | LineDeletion(('core/Solver.cc', 'line', 874)) | LineReplacement(('core/Solver.cc', 'line', 565), ('core/Solver.cc', 'line', 163))
2023-06-24 18:34:14,928	[INFO]	8       COMPILE_CODE_ERROR    None  [3 edit(s)]       
2023-06-24 18:34:55,616	[DEBUG]	LineReplacement(('core/Solver.cc', 'line', 594), ('core/Solver.cc', 'line', 54)) | LineDeletion(('core/Solver.cc', 'line', 874)) | LineInsertion(('core/Solver.cc', '_inter_line', 459), ('core/Solver.cc', 'line', 698))
2023-06-24 18:34:55,616	[INFO]	9       SUCCESS               37.4627 (99.15%) [3 edit(s)] 
2023-06-24 18:34:56,011	[DEBUG]	LineReplacement(('core/Solver.cc', 'line', 594), ('core/Solver.cc', 'line', 54)) | LineDeletion(('core/Solver.cc', 'line', 874)) | LineReplacement(('core/Solver.cc', 'line', 636), ('core/Solver.cc', 'line', 291))
2023-06-24 18:34:56,011	[INFO]	10      COMPILE_CODE_ERROR    None  [3 edit(s)]       
2023-06-24 18:34:56,413	[DEBUG]	LineReplacement(('core/Solver.cc', 'line', 594), ('core/Solver.cc', 'line', 54)) | LineDeletion(('core/Solver.cc', 'line', 874)) | LineReplacement(('core/Solver.cc', 'line', 875), ('core/Solver.cc', 'line', 245))
2023-06-24 18:34:56,413	[INFO]	11      COMPILE_CODE_ERROR    None  [3 edit(s)]       
2023-06-24 18:35:37,391	[DEBUG]	LineReplacement(('core/Solver.cc', 'line', 594), ('core/Solver.cc', 'line', 54)) | LineDeletion(('core/Solver.cc', 'line', 874)) | LineInsertion(('core/Solver.cc', '_inter_line', 770), ('core/Solver.cc', 'line', 204))
2023-06-24 18:35:37,391	[INFO]	12      SUCCESS               37.753 (99.92%) [3 edit(s)] 
2023-06-24 18:36:18,163	[DEBUG]	LineReplacement(('core/Solver.cc', 'line', 594), ('core/Solver.cc', 'line', 54)) | LineDeletion(('core/Solver.cc', 'line', 874)) | LineInsertion(('core/Solver.cc', '_inter_line', 239), ('core/Solver.cc', 'line', 487))
2023-06-24 18:36:18,163	[INFO]	13      SUCCESS               37.4794 (99.2%) [3 edit(s)] 
2023-06-24 18:36:18,566	[DEBUG]	LineReplacement(('core/Solver.cc', 'line', 594), ('core/Solver.cc', 'line', 54)) | LineDeletion(('core/Solver.cc', 'line', 874)) | LineReplacement(('core/Solver.cc', 'line', 481), ('core/Solver.cc', 'line', 951))
2023-06-24 18:36:18,567	[INFO]	14      COMPILE_CODE_ERROR    None  [3 edit(s)]       
2023-06-24 18:36:58,868	[DEBUG]	LineReplacement(('core/Solver.cc', 'line', 594), ('core/Solver.cc', 'line', 54)) | LineDeletion(('core/Solver.cc', 'line', 874)) | LineDeletion(('core/Solver.cc', 'line', 900))
2023-06-24 18:36:58,869	[INFO]	15      SUCCESS              *37.1362 (98.29%) [3 edit(s)] 
2023-06-24 18:36:58,876	[DEBUG]	--- before: core/Solver.cc
+++ after: core/Solver.cc
@@ -592,7 +592,7 @@
 {
     int     i, j;
     //double  extra_lim = cla_inc / learnts.size();    // Remove any clause below this activity
-
+static DoubleOption  opt_random_seed       (_cat, "rnd-seed",    "Used by the random variable selection",         91648253, DoubleRange(0, false, HUGE_VAL, false));
     sort(learnts, reduceDB_lt(ca));
     // Don't delete binary or locked clauses. From the rest, delete clauses from the first half
     // and clauses with activity smaller than 'extra_lim':
@@ -872,7 +872,6 @@
     return pow(y, seq);
 }
 
-// NOTE: assumptions passed in member-variable 'assumptions'.
 lbool Solver::solve_()
 {
     model.clear();
@@ -898,7 +897,6 @@
     while (status == l_Undef){
         double rest_base = luby_restart ? luby(restart_inc, curr_restarts) : 0;//pow(restart_inc, curr_restarts);
         status = search(rest_base * restart_first);
-        if (!withinBudget()) break;
         curr_restarts++;
     }
 

2023-06-24 18:37:39,165	[DEBUG]	LineReplacement(('core/Solver.cc', 'line', 594), ('core/Solver.cc', 'line', 54)) | LineDeletion(('core/Solver.cc', 'line', 874)) | LineDeletion(('core/Solver.cc', 'line', 900)) | LineDeletion(('core/Solver.cc', 'line', 419))
2023-06-24 18:37:39,166	[INFO]	16      SUCCESS               37.2403 (98.56%) [4 edit(s)] 
2023-06-24 18:37:39,577	[DEBUG]	LineReplacement(('core/Solver.cc', 'line', 594), ('core/Solver.cc', 'line', 54)) | LineDeletion(('core/Solver.cc', 'line', 874)) | LineDeletion(('core/Solver.cc', 'line', 900)) | LineInsertion(('core/Solver.cc', '_inter_line', 481), ('core/Solver.cc', 'line', 411))
2023-06-24 18:37:39,577	[INFO]	17      COMPILE_CODE_ERROR    None  [4 edit(s)]       
2023-06-24 18:37:39,988	[DEBUG]	LineReplacement(('core/Solver.cc', 'line', 594), ('core/Solver.cc', 'line', 54)) | LineDeletion(('core/Solver.cc', 'line', 874)) | LineDeletion(('core/Solver.cc', 'line', 900)) | LineReplacement(('core/Solver.cc', 'line', 888), ('core/Solver.cc', 'line', 300))
2023-06-24 18:37:39,989	[INFO]	18      COMPILE_CODE_ERROR    None  [4 edit(s)]       
2023-06-24 18:37:40,368	[DEBUG]	LineReplacement(('core/Solver.cc', 'line', 594), ('core/Solver.cc', 'line', 54)) | LineDeletion(('core/Solver.cc', 'line', 874)) | LineDeletion(('core/Solver.cc', 'line', 900)) | LineReplacement(('core/Solver.cc', 'line', 631), ('core/Solver.cc', 'line', 515))
2023-06-24 18:37:40,368	[INFO]	19      COMPILE_CODE_ERROR    None  [4 edit(s)]       
2023-06-24 18:37:40,774	[DEBUG]	LineReplacement(('core/Solver.cc', 'line', 594), ('core/Solver.cc', 'line', 54)) | LineDeletion(('core/Solver.cc', 'line', 874)) | LineDeletion(('core/Solver.cc', 'line', 900)) | LineDeletion(('core/Solver.cc', 'line', 958))
2023-06-24 18:37:40,775	[INFO]	20      COMPILE_CODE_ERROR    None  [4 edit(s)]       
2023-06-24 18:38:21,226	[DEBUG]	LineReplacement(('core/Solver.cc', 'line', 594), ('core/Solver.cc', 'line', 54)) | LineDeletion(('core/Solver.cc', 'line', 874)) | LineDeletion(('core/Solver.cc', 'line', 900)) | LineDeletion(('core/Solver.cc', 'line', 305))
2023-06-24 18:38:21,227	[INFO]	21      SUCCESS               37.2493 (98.59%) [4 edit(s)] 
2023-06-24 18:39:02,093	[DEBUG]	LineReplacement(('core/Solver.cc', 'line', 594), ('core/Solver.cc', 'line', 54)) | LineDeletion(('core/Solver.cc', 'line', 874)) | LineDeletion(('core/Solver.cc', 'line', 900)) | LineReplacement(('core/Solver.cc', 'line', 160), ('core/Solver.cc', 'line', 112))
2023-06-24 18:39:02,093	[INFO]	22      SUCCESS               37.7494 (99.91%) [4 edit(s)] 
2023-06-24 18:39:42,926	[DEBUG]	LineReplacement(('core/Solver.cc', 'line', 594), ('core/Solver.cc', 'line', 54)) | LineDeletion(('core/Solver.cc', 'line', 874)) | LineDeletion(('core/Solver.cc', 'line', 900)) | LineDeletion(('core/Solver.cc', 'line', 32))
2023-06-24 18:39:42,926	[INFO]	23      SUCCESS               37.6564 (99.67%) [4 edit(s)] 
2023-06-24 18:39:43,315	[DEBUG]	LineReplacement(('core/Solver.cc', 'line', 594), ('core/Solver.cc', 'line', 54)) | LineDeletion(('core/Solver.cc', 'line', 874)) | LineDeletion(('core/Solver.cc', 'line', 900)) | LineReplacement(('core/Solver.cc', 'line', 139), ('core/Solver.cc', 'line', 5))
2023-06-24 18:39:43,315	[INFO]	24      COMPILE_CODE_ERROR    None  [4 edit(s)]       
2023-06-24 18:40:24,309	[DEBUG]	LineReplacement(('core/Solver.cc', 'line', 594), ('core/Solver.cc', 'line', 54)) | LineDeletion(('core/Solver.cc', 'line', 874)) | LineDeletion(('core/Solver.cc', 'line', 900)) | LineDeletion(('core/Solver.cc', 'line', 11))
2023-06-24 18:40:24,310	[INFO]	25      SUCCESS               37.8815 (100.26%) [4 edit(s)] 
2023-06-24 18:40:24,708	[DEBUG]	LineReplacement(('core/Solver.cc', 'line', 594), ('core/Solver.cc', 'line', 54)) | LineDeletion(('core/Solver.cc', 'line', 874)) | LineDeletion(('core/Solver.cc', 'line', 900)) | LineReplacement(('core/Solver.cc', 'line', 733), ('core/Solver.cc', 'line', 54))
2023-06-24 18:40:24,709	[INFO]	26      COMPILE_CODE_ERROR    None  [4 edit(s)]       
2023-06-24 18:41:05,757	[DEBUG]	LineReplacement(('core/Solver.cc', 'line', 594), ('core/Solver.cc', 'line', 54)) | LineDeletion(('core/Solver.cc', 'line', 900))
2023-06-24 18:41:05,757	[INFO]	27      SUCCESS               37.9128 (100.34%) [2 edit(s)] 
2023-06-24 18:41:47,759	[DEBUG]	LineReplacement(('core/Solver.cc', 'line', 594), ('core/Solver.cc', 'line', 54)) | LineDeletion(('core/Solver.cc', 'line', 874)) | LineDeletion(('core/Solver.cc', 'line', 900)) | LineInsertion(('core/Solver.cc', '_inter_line', 794), ('core/Solver.cc', 'line', 67))
2023-06-24 18:41:47,760	[INFO]	28      SUCCESS               38.7761 (102.63%) [4 edit(s)] 
2023-06-24 18:42:28,506	[DEBUG]	LineDeletion(('core/Solver.cc', 'line', 874)) | LineDeletion(('core/Solver.cc', 'line', 900))
2023-06-24 18:42:28,506	[INFO]	29      SUCCESS               37.6409 (99.63%) [2 edit(s)] 
2023-06-24 18:43:09,716	[DEBUG]	LineReplacement(('core/Solver.cc', 'line', 594), ('core/Solver.cc', 'line', 54)) | LineDeletion(('core/Solver.cc', 'line', 874)) | LineDeletion(('core/Solver.cc', 'line', 900)) | LineReplacement(('core/Solver.cc', 'line', 16), ('core/Solver.cc', 'line', 927))
2023-06-24 18:43:09,716	[INFO]	30      SUCCESS               37.902 (100.32%) [4 edit(s)] 
2023-06-24 18:43:50,405	[DEBUG]	LineReplacement(('core/Solver.cc', 'line', 594), ('core/Solver.cc', 'line', 54)) | LineDeletion(('core/Solver.cc', 'line', 874)) | LineDeletion(('core/Solver.cc', 'line', 900)) | LineDeletion(('core/Solver.cc', 'line', 793))
2023-06-24 18:43:50,405	[INFO]	31      SUCCESS               37.5106 (99.28%) [4 edit(s)] 
2023-06-24 18:43:50,822	[DEBUG]	LineReplacement(('core/Solver.cc', 'line', 594), ('core/Solver.cc', 'line', 54)) | LineDeletion(('core/Solver.cc', 'line', 874)) | LineDeletion(('core/Solver.cc', 'line', 900)) | LineDeletion(('core/Solver.cc', 'line', 331))
2023-06-24 18:43:50,822	[INFO]	32      COMPILE_CODE_ERROR    None  [4 edit(s)]       
2023-06-24 18:44:31,350	[DEBUG]	LineReplacement(('core/Solver.cc', 'line', 594), ('core/Solver.cc', 'line', 54)) | LineDeletion(('core/Solver.cc', 'line', 874)) | LineDeletion(('core/Solver.cc', 'line', 900)) | LineDeletion(('core/Solver.cc', 'line', 3))
2023-06-24 18:44:31,351	[INFO]	33      SUCCESS               37.2824 (98.68%) [4 edit(s)] 
2023-06-24 18:44:31,359	[DEBUG]	LineReplacement(('core/Solver.cc', 'line', 594), ('core/Solver.cc', 'line', 54)) | LineDeletion(('core/Solver.cc', 'line', 874))
2023-06-24 18:44:31,359	[INFO]	34      SUCCESS               37.1639 (98.36%) [2 edit(s)] 
2023-06-24 18:44:31,751	[DEBUG]	LineReplacement(('core/Solver.cc', 'line', 594), ('core/Solver.cc', 'line', 54)) | LineDeletion(('core/Solver.cc', 'line', 874)) | LineDeletion(('core/Solver.cc', 'line', 900)) | LineDeletion(('core/Solver.cc', 'line', 1025))
2023-06-24 18:44:31,751	[INFO]	35      COMPILE_CODE_ERROR    None  [4 edit(s)]       
2023-06-24 18:44:32,145	[DEBUG]	LineReplacement(('core/Solver.cc', 'line', 594), ('core/Solver.cc', 'line', 54)) | LineDeletion(('core/Solver.cc', 'line', 874)) | LineDeletion(('core/Solver.cc', 'line', 900)) | LineDeletion(('core/Solver.cc', 'line', 475))
2023-06-24 18:44:32,145	[INFO]	36      COMPILE_CODE_ERROR    None  [4 edit(s)]       
2023-06-24 18:45:13,957	[DEBUG]	LineReplacement(('core/Solver.cc', 'line', 594), ('core/Solver.cc', 'line', 54)) | LineDeletion(('core/Solver.cc', 'line', 874)) | LineDeletion(('core/Solver.cc', 'line', 900)) | LineDeletion(('core/Solver.cc', 'line', 133))
2023-06-24 18:45:13,958	[INFO]	37      SUCCESS               38.5772 (102.1%) [4 edit(s)] 
2023-06-24 18:45:14,638	[DEBUG]	LineReplacement(('core/Solver.cc', 'line', 594), ('core/Solver.cc', 'line', 54)) | LineDeletion(('core/Solver.cc', 'line', 874)) | LineDeletion(('core/Solver.cc', 'line', 900)) | LineReplacement(('core/Solver.cc', 'line', 298), ('core/Solver.cc', 'line', 227))
2023-06-24 18:45:14,639	[INFO]	38      COMPILE_CODE_ERROR    None  [4 edit(s)]       
2023-06-24 18:45:56,398	[DEBUG]	LineReplacement(('core/Solver.cc', 'line', 594), ('core/Solver.cc', 'line', 54)) | LineDeletion(('core/Solver.cc', 'line', 874)) | LineDeletion(('core/Solver.cc', 'line', 900)) | LineReplacement(('core/Solver.cc', 'line', 6), ('core/Solver.cc', 'line', 153))
2023-06-24 18:45:56,399	[INFO]	39      SUCCESS               37.4918 (99.23%) [4 edit(s)] 
2023-06-24 18:45:56,801	[DEBUG]	LineReplacement(('core/Solver.cc', 'line', 594), ('core/Solver.cc', 'line', 54)) | LineDeletion(('core/Solver.cc', 'line', 874)) | LineDeletion(('core/Solver.cc', 'line', 900)) | LineInsertion(('core/Solver.cc', '_inter_line', 404), ('core/Solver.cc', 'line', 332))
2023-06-24 18:45:56,802	[INFO]	40      COMPILE_CODE_ERROR    None  [4 edit(s)]       
2023-06-24 18:46:37,756	[DEBUG]	LineReplacement(('core/Solver.cc', 'line', 594), ('core/Solver.cc', 'line', 54)) | LineDeletion(('core/Solver.cc', 'line', 874)) | LineDeletion(('core/Solver.cc', 'line', 900)) | LineDeletion(('core/Solver.cc', 'line', 264))
2023-06-24 18:46:37,757	[INFO]	41      SUCCESS               37.788 (100.01%) [4 edit(s)] 
2023-06-24 18:46:38,174	[DEBUG]	LineReplacement(('core/Solver.cc', 'line', 594), ('core/Solver.cc', 'line', 54)) | LineDeletion(('core/Solver.cc', 'line', 874)) | LineDeletion(('core/Solver.cc', 'line', 900)) | LineDeletion(('core/Solver.cc', 'line', 372))
2023-06-24 18:46:38,175	[INFO]	42      COMPILE_CODE_ERROR    None  [4 edit(s)]       
2023-06-24 18:46:38,577	[DEBUG]	LineReplacement(('core/Solver.cc', 'line', 594), ('core/Solver.cc', 'line', 54)) | LineDeletion(('core/Solver.cc', 'line', 874)) | LineDeletion(('core/Solver.cc', 'line', 900)) | LineReplacement(('core/Solver.cc', 'line', 987), ('core/Solver.cc', 'line', 369))
2023-06-24 18:46:38,577	[INFO]	43      COMPILE_CODE_ERROR    None  [4 edit(s)]       
2023-06-24 18:47:18,832	[DEBUG]	LineReplacement(('core/Solver.cc', 'line', 594), ('core/Solver.cc', 'line', 54)) | LineDeletion(('core/Solver.cc', 'line', 874)) | LineDeletion(('core/Solver.cc', 'line', 900)) | LineDeletion(('core/Solver.cc', 'line', 183))
2023-06-24 18:47:18,832	[INFO]	44      SUCCESS              *37.0833 (98.15%) [4 edit(s)] 
2023-06-24 18:47:18,840	[DEBUG]	--- before: core/Solver.cc
+++ after: core/Solver.cc
@@ -181,7 +181,6 @@
     /*if (flag && (output != NULL)) {
       for (i = j = 0, p = lit_Undef; i < ps.size(); i++)
         fprintf(output, "%i ", (var(ps[i]) + 1) * (-2 * sign(ps[i]) + 1));
-      fprintf(output, "0\n");
 
       fprintf(output, "d ");
       for (i = j = 0, p = lit_Undef; i < oc.size(); i++)
@@ -592,7 +591,7 @@
 {
     int     i, j;
     //double  extra_lim = cla_inc / learnts.size();    // Remove any clause below this activity
-
+static DoubleOption  opt_random_seed       (_cat, "rnd-seed",    "Used by the random variable selection",         91648253, DoubleRange(0, false, HUGE_VAL, false));
     sort(learnts, reduceDB_lt(ca));
     // Don't delete binary or locked clauses. From the rest, delete clauses from the first half
     // and clauses with activity smaller than 'extra_lim':
@@ -872,7 +871,6 @@
     return pow(y, seq);
 }
 
-// NOTE: assumptions passed in member-variable 'assumptions'.
 lbool Solver::solve_()
 {
     model.clear();
@@ -898,7 +896,6 @@
     while (status == l_Undef){
         double rest_base = luby_restart ? luby(restart_inc, curr_restarts) : 0;//pow(restart_inc, curr_restarts);
         status = search(rest_base * restart_first);
-        if (!withinBudget()) break;
         curr_restarts++;
     }
 

2023-06-24 18:47:59,785	[DEBUG]	LineReplacement(('core/Solver.cc', 'line', 594), ('core/Solver.cc', 'line', 54)) | LineDeletion(('core/Solver.cc', 'line', 874)) | LineDeletion(('core/Solver.cc', 'line', 900)) | LineDeletion(('core/Solver.cc', 'line', 183)) | LineReplacement(('core/Solver.cc', 'line', 1007), ('core/Solver.cc', 'line', 967))
2023-06-24 18:47:59,786	[INFO]	45      SUCCESS               37.7435 (99.9%) [5 edit(s)] 
2023-06-24 18:48:40,630	[DEBUG]	LineReplacement(('core/Solver.cc', 'line', 594), ('core/Solver.cc', 'line', 54)) | LineDeletion(('core/Solver.cc', 'line', 874)) | LineDeletion(('core/Solver.cc', 'line', 900)) | LineDeletion(('core/Solver.cc', 'line', 183)) | LineReplacement(('core/Solver.cc', 'line', 894), ('core/Solver.cc', 'line', 962))
2023-06-24 18:48:40,630	[INFO]	46      SUCCESS               37.6407 (99.62%) [5 edit(s)] 
2023-06-24 18:48:41,038	[DEBUG]	LineReplacement(('core/Solver.cc', 'line', 594), ('core/Solver.cc', 'line', 54)) | LineDeletion(('core/Solver.cc', 'line', 874)) | LineDeletion(('core/Solver.cc', 'line', 900)) | LineDeletion(('core/Solver.cc', 'line', 183)) | LineDeletion(('core/Solver.cc', 'line', 1020))
2023-06-24 18:48:41,039	[INFO]	47      COMPILE_CODE_ERROR    None  [5 edit(s)]       
2023-06-24 18:49:21,686	[DEBUG]	LineDeletion(('core/Solver.cc', 'line', 874)) | LineDeletion(('core/Solver.cc', 'line', 900)) | LineDeletion(('core/Solver.cc', 'line', 183))
2023-06-24 18:49:21,687	[INFO]	48      SUCCESS               37.4352 (99.08%) [3 edit(s)] 
2023-06-24 18:50:02,286	[DEBUG]	LineReplacement(('core/Solver.cc', 'line', 594), ('core/Solver.cc', 'line', 54)) | LineDeletion(('core/Solver.cc', 'line', 874)) | LineDeletion(('core/Solver.cc', 'line', 900))
2023-06-24 18:50:02,287	[INFO]	49      SUCCESS               37.3996 (98.99%) [3 edit(s)] 
2023-06-24 18:50:42,847	[DEBUG]	LineReplacement(('core/Solver.cc', 'line', 594), ('core/Solver.cc', 'line', 54)) | LineDeletion(('core/Solver.cc', 'line', 874)) | LineDeletion(('core/Solver.cc', 'line', 900)) | LineDeletion(('core/Solver.cc', 'line', 183)) | LineDeletion(('core/Solver.cc', 'line', 100))
2023-06-24 18:50:42,847	[INFO]	50      SUCCESS               37.4262 (99.06%) [5 edit(s)] 
2023-06-24 18:51:23,572	[DEBUG]	LineReplacement(('core/Solver.cc', 'line', 594), ('core/Solver.cc', 'line', 54)) | LineDeletion(('core/Solver.cc', 'line', 874)) | LineDeletion(('core/Solver.cc', 'line', 183))
2023-06-24 18:51:23,572	[INFO]	51      SUCCESS               37.545 (99.37%) [3 edit(s)] 
2023-06-24 18:51:23,980	[DEBUG]	LineReplacement(('core/Solver.cc', 'line', 594), ('core/Solver.cc', 'line', 54)) | LineDeletion(('core/Solver.cc', 'line', 874)) | LineDeletion(('core/Solver.cc', 'line', 900)) | LineDeletion(('core/Solver.cc', 'line', 183)) | LineReplacement(('core/Solver.cc', 'line', 52), ('core/Solver.cc', 'line', 376))
2023-06-24 18:51:23,980	[INFO]	52      COMPILE_CODE_ERROR    None  [5 edit(s)]       
2023-06-24 18:52:05,274	[DEBUG]	LineReplacement(('core/Solver.cc', 'line', 594), ('core/Solver.cc', 'line', 54)) | LineDeletion(('core/Solver.cc', 'line', 874)) | LineDeletion(('core/Solver.cc', 'line', 900)) | LineDeletion(('core/Solver.cc', 'line', 183)) | LineDeletion(('core/Solver.cc', 'line', 658))
2023-06-24 18:52:05,274	[INFO]	53      SUCCESS               38.0883 (100.81%) [5 edit(s)] 
2023-06-24 18:52:05,673	[DEBUG]	LineReplacement(('core/Solver.cc', 'line', 594), ('core/Solver.cc', 'line', 54)) | LineDeletion(('core/Solver.cc', 'line', 874)) | LineDeletion(('core/Solver.cc', 'line', 900)) | LineDeletion(('core/Solver.cc', 'line', 183)) | LineDeletion(('core/Solver.cc', 'line', 1050))
2023-06-24 18:52:05,674	[INFO]	54      COMPILE_CODE_ERROR    None  [5 edit(s)]       
2023-06-24 18:52:06,069	[DEBUG]	LineReplacement(('core/Solver.cc', 'line', 594), ('core/Solver.cc', 'line', 54)) | LineDeletion(('core/Solver.cc', 'line', 874)) | LineDeletion(('core/Solver.cc', 'line', 900)) | LineDeletion(('core/Solver.cc', 'line', 183)) | LineInsertion(('core/Solver.cc', '_inter_line', 1050), ('core/Solver.cc', 'line', 337))
2023-06-24 18:52:06,069	[INFO]	55      COMPILE_CODE_ERROR    None  [5 edit(s)]       
2023-06-24 18:52:46,620	[DEBUG]	LineReplacement(('core/Solver.cc', 'line', 594), ('core/Solver.cc', 'line', 54)) | LineDeletion(('core/Solver.cc', 'line', 874)) | LineDeletion(('core/Solver.cc', 'line', 900)) | LineDeletion(('core/Solver.cc', 'line', 183)) | LineInsertion(('core/Solver.cc', '_inter_line', 613), ('core/Solver.cc', 'line', 12))
2023-06-24 18:52:46,620	[INFO]	56      SUCCESS               37.4046 (99.0%) [5 edit(s)] 
2023-06-24 18:53:27,519	[DEBUG]	LineReplacement(('core/Solver.cc', 'line', 594), ('core/Solver.cc', 'line', 54)) | LineDeletion(('core/Solver.cc', 'line', 874)) | LineDeletion(('core/Solver.cc', 'line', 900)) | LineDeletion(('core/Solver.cc', 'line', 183)) | LineInsertion(('core/Solver.cc', '_inter_line', 440), ('core/Solver.cc', 'line', 998))
2023-06-24 18:53:27,519	[INFO]	57      SUCCESS               37.7194 (99.83%) [5 edit(s)] 
2023-06-24 18:53:30,855	[DEBUG]	LineReplacement(('core/Solver.cc', 'line', 594), ('core/Solver.cc', 'line', 54)) | LineDeletion(('core/Solver.cc', 'line', 874)) | LineDeletion(('core/Solver.cc', 'line', 900)) | LineDeletion(('core/Solver.cc', 'line', 183)) | LineDeletion(('core/Solver.cc', 'line', 1014))
2023-06-24 18:53:30,855	[INFO]	58      RUN_CODE_ERROR        None  [5 edit(s)]       
2023-06-24 18:53:30,869	[DEBUG]	LineReplacement(('core/Solver.cc', 'line', 594), ('core/Solver.cc', 'line', 54)) | LineDeletion(('core/Solver.cc', 'line', 874)) | LineDeletion(('core/Solver.cc', 'line', 900)) | LineDeletion(('core/Solver.cc', 'line', 183)) | LineDeletion(('core/Solver.cc', 'line', 900))
2023-06-24 18:53:30,869	[INFO]	59      SUCCESS              +37.0833 (98.15%) [5 edit(s)] 
2023-06-24 18:53:30,877	[DEBUG]	--- before: core/Solver.cc
+++ after: core/Solver.cc
@@ -181,7 +181,6 @@
     /*if (flag && (output != NULL)) {
       for (i = j = 0, p = lit_Undef; i < ps.size(); i++)
         fprintf(output, "%i ", (var(ps[i]) + 1) * (-2 * sign(ps[i]) + 1));
-      fprintf(output, "0\n");
 
       fprintf(output, "d ");
       for (i = j = 0, p = lit_Undef; i < oc.size(); i++)
@@ -592,7 +591,7 @@
 {
     int     i, j;
     //double  extra_lim = cla_inc / learnts.size();    // Remove any clause below this activity
-
+static DoubleOption  opt_random_seed       (_cat, "rnd-seed",    "Used by the random variable selection",         91648253, DoubleRange(0, false, HUGE_VAL, false));
     sort(learnts, reduceDB_lt(ca));
     // Don't delete binary or locked clauses. From the rest, delete clauses from the first half
     // and clauses with activity smaller than 'extra_lim':
@@ -872,7 +871,6 @@
     return pow(y, seq);
 }
 
-// NOTE: assumptions passed in member-variable 'assumptions'.
 lbool Solver::solve_()
 {
     model.clear();
@@ -898,7 +896,6 @@
     while (status == l_Undef){
         double rest_base = luby_restart ? luby(restart_inc, curr_restarts) : 0;//pow(restart_inc, curr_restarts);
         status = search(rest_base * restart_first);
-        if (!withinBudget()) break;
         curr_restarts++;
     }
 

2023-06-24 18:53:30,885	[DEBUG]	LineReplacement(('core/Solver.cc', 'line', 594), ('core/Solver.cc', 'line', 54)) | LineDeletion(('core/Solver.cc', 'line', 874)) | LineDeletion(('core/Solver.cc', 'line', 900)) | LineDeletion(('core/Solver.cc', 'line', 183))
2023-06-24 18:53:30,885	[INFO]	60      SUCCESS              +37.0833 (98.15%) [4 edit(s)] 
2023-06-24 18:53:30,893	[DEBUG]	--- before: core/Solver.cc
+++ after: core/Solver.cc
@@ -181,7 +181,6 @@
     /*if (flag && (output != NULL)) {
       for (i = j = 0, p = lit_Undef; i < ps.size(); i++)
         fprintf(output, "%i ", (var(ps[i]) + 1) * (-2 * sign(ps[i]) + 1));
-      fprintf(output, "0\n");
 
       fprintf(output, "d ");
       for (i = j = 0, p = lit_Undef; i < oc.size(); i++)
@@ -592,7 +591,7 @@
 {
     int     i, j;
     //double  extra_lim = cla_inc / learnts.size();    // Remove any clause below this activity
-
+static DoubleOption  opt_random_seed       (_cat, "rnd-seed",    "Used by the random variable selection",         91648253, DoubleRange(0, false, HUGE_VAL, false));
     sort(learnts, reduceDB_lt(ca));
     // Don't delete binary or locked clauses. From the rest, delete clauses from the first half
     // and clauses with activity smaller than 'extra_lim':
@@ -872,7 +871,6 @@
     return pow(y, seq);
 }
 
-// NOTE: assumptions passed in member-variable 'assumptions'.
 lbool Solver::solve_()
 {
     model.clear();
@@ -898,7 +896,6 @@
     while (status == l_Undef){
         double rest_base = luby_restart ? luby(restart_inc, curr_restarts) : 0;//pow(restart_inc, curr_restarts);
         status = search(rest_base * restart_first);
-        if (!withinBudget()) break;
         curr_restarts++;
     }
 

2023-06-24 18:53:30,901	[DEBUG]	LineReplacement(('core/Solver.cc', 'line', 594), ('core/Solver.cc', 'line', 54)) | LineDeletion(('core/Solver.cc', 'line', 874)) | LineDeletion(('core/Solver.cc', 'line', 183))
2023-06-24 18:53:30,902	[INFO]	61      SUCCESS               37.545 (99.37%) [3 edit(s)] 
2023-06-24 18:54:11,611	[DEBUG]	LineReplacement(('core/Solver.cc', 'line', 594), ('core/Solver.cc', 'line', 54)) | LineDeletion(('core/Solver.cc', 'line', 900)) | LineDeletion(('core/Solver.cc', 'line', 183))
2023-06-24 18:54:11,611	[INFO]	62      SUCCESS               37.4411 (99.1%) [3 edit(s)] 
2023-06-24 18:54:11,619	[DEBUG]	LineDeletion(('core/Solver.cc', 'line', 874)) | LineDeletion(('core/Solver.cc', 'line', 900)) | LineDeletion(('core/Solver.cc', 'line', 183))
2023-06-24 18:54:11,619	[INFO]	63      SUCCESS               37.4352 (99.08%) [3 edit(s)] 
2023-06-24 18:54:52,374	[DEBUG]	LineReplacement(('core/Solver.cc', 'line', 594), ('core/Solver.cc', 'line', 54)) | LineDeletion(('core/Solver.cc', 'line', 874)) | LineDeletion(('core/Solver.cc', 'line', 900)) | LineDeletion(('core/Solver.cc', 'line', 183)) | LineInsertion(('core/Solver.cc', '_inter_line', 152), ('core/Solver.cc', 'line', 243))
2023-06-24 18:54:52,374	[INFO]	64      SUCCESS               37.5885 (99.49%) [5 edit(s)] 
2023-06-24 18:54:52,792	[DEBUG]	LineReplacement(('core/Solver.cc', 'line', 594), ('core/Solver.cc', 'line', 54)) | LineDeletion(('core/Solver.cc', 'line', 874)) | LineDeletion(('core/Solver.cc', 'line', 900)) | LineDeletion(('core/Solver.cc', 'line', 183)) | LineDeletion(('core/Solver.cc', 'line', 250))
2023-06-24 18:54:52,793	[INFO]	65      COMPILE_CODE_ERROR    None  [5 edit(s)]       
2023-06-24 18:54:52,801	[DEBUG]	LineReplacement(('core/Solver.cc', 'line', 594), ('core/Solver.cc', 'line', 54)) | LineDeletion(('core/Solver.cc', 'line', 874)) | LineDeletion(('core/Solver.cc', 'line', 900))
2023-06-24 18:54:52,802	[INFO]	66      SUCCESS               37.3996 (98.99%) [3 edit(s)] 
2023-06-24 18:55:34,977	[DEBUG]	LineReplacement(('core/Solver.cc', 'line', 594), ('core/Solver.cc', 'line', 54)) | LineDeletion(('core/Solver.cc', 'line', 874)) | LineDeletion(('core/Solver.cc', 'line', 900)) | LineDeletion(('core/Solver.cc', 'line', 183)) | LineInsertion(('core/Solver.cc', '_inter_line', 314), ('core/Solver.cc', 'line', 756))
2023-06-24 18:55:34,978	[INFO]	67      SUCCESS               38.8953 (102.95%) [5 edit(s)] 
2023-06-24 18:55:35,381	[DEBUG]	LineReplacement(('core/Solver.cc', 'line', 594), ('core/Solver.cc', 'line', 54)) | LineDeletion(('core/Solver.cc', 'line', 874)) | LineDeletion(('core/Solver.cc', 'line', 900)) | LineDeletion(('core/Solver.cc', 'line', 183)) | LineReplacement(('core/Solver.cc', 'line', 336), ('core/Solver.cc', 'line', 313))
2023-06-24 18:55:35,382	[INFO]	68      COMPILE_CODE_ERROR    None  [5 edit(s)]       
2023-06-24 18:55:35,710	[DEBUG]	LineReplacement(('core/Solver.cc', 'line', 594), ('core/Solver.cc', 'line', 54)) | LineDeletion(('core/Solver.cc', 'line', 874)) | LineDeletion(('core/Solver.cc', 'line', 900)) | LineDeletion(('core/Solver.cc', 'line', 183)) | LineDeletion(('core/Solver.cc', 'line', 31))
2023-06-24 18:55:35,710	[INFO]	69      COMPILE_CODE_ERROR    None  [5 edit(s)]       
2023-06-24 18:56:16,349	[DEBUG]	LineReplacement(('core/Solver.cc', 'line', 594), ('core/Solver.cc', 'line', 54)) | LineDeletion(('core/Solver.cc', 'line', 874)) | LineDeletion(('core/Solver.cc', 'line', 900)) | LineDeletion(('core/Solver.cc', 'line', 183)) | LineReplacement(('core/Solver.cc', 'line', 811), ('core/Solver.cc', 'line', 567))
2023-06-24 18:56:16,350	[INFO]	70      SUCCESS               37.4818 (99.2%) [5 edit(s)] 
2023-06-24 18:56:57,266	[DEBUG]	LineReplacement(('core/Solver.cc', 'line', 594), ('core/Solver.cc', 'line', 54)) | LineDeletion(('core/Solver.cc', 'line', 874)) | LineDeletion(('core/Solver.cc', 'line', 900)) | LineDeletion(('core/Solver.cc', 'line', 183)) | LineInsertion(('core/Solver.cc', '_inter_line', 912), ('core/Solver.cc', 'line', 804))
2023-06-24 18:56:57,267	[INFO]	71      SUCCESS               37.6294 (99.59%) [5 edit(s)] 
2023-06-24 18:57:38,754	[DEBUG]	LineReplacement(('core/Solver.cc', 'line', 594), ('core/Solver.cc', 'line', 54)) | LineDeletion(('core/Solver.cc', 'line', 874)) | LineDeletion(('core/Solver.cc', 'line', 900)) | LineDeletion(('core/Solver.cc', 'line', 183)) | LineInsertion(('core/Solver.cc', '_inter_line', 400), ('core/Solver.cc', 'line', 558))
2023-06-24 18:57:38,754	[INFO]	72      SUCCESS               38.3202 (101.42%) [5 edit(s)] 
2023-06-24 18:58:19,608	[DEBUG]	LineReplacement(('core/Solver.cc', 'line', 594), ('core/Solver.cc', 'line', 54)) | LineDeletion(('core/Solver.cc', 'line', 874)) | LineDeletion(('core/Solver.cc', 'line', 900)) | LineDeletion(('core/Solver.cc', 'line', 183)) | LineDeletion(('core/Solver.cc', 'line', 489))
2023-06-24 18:58:19,608	[INFO]	73      SUCCESS               37.6119 (99.55%) [5 edit(s)] 
2023-06-24 18:58:20,023	[DEBUG]	LineReplacement(('core/Solver.cc', 'line', 594), ('core/Solver.cc', 'line', 54)) | LineDeletion(('core/Solver.cc', 'line', 874)) | LineDeletion(('core/Solver.cc', 'line', 900)) | LineDeletion(('core/Solver.cc', 'line', 183)) | LineReplacement(('core/Solver.cc', 'line', 584), ('core/Solver.cc', 'line', 822))
2023-06-24 18:58:20,023	[INFO]	74      COMPILE_CODE_ERROR    None  [5 edit(s)]       
2023-06-24 18:58:23,311	[DEBUG]	LineReplacement(('core/Solver.cc', 'line', 594), ('core/Solver.cc', 'line', 54)) | LineDeletion(('core/Solver.cc', 'line', 874)) | LineDeletion(('core/Solver.cc', 'line', 900)) | LineDeletion(('core/Solver.cc', 'line', 183)) | LineDeletion(('core/Solver.cc', 'line', 539))
2023-06-24 18:58:23,312	[INFO]	75      RUN_CODE_ERROR        None  [5 edit(s)]       
2023-06-24 18:58:23,812	[DEBUG]	LineReplacement(('core/Solver.cc', 'line', 594), ('core/Solver.cc', 'line', 54)) | LineDeletion(('core/Solver.cc', 'line', 874)) | LineDeletion(('core/Solver.cc', 'line', 900)) | LineDeletion(('core/Solver.cc', 'line', 183)) | LineInsertion(('core/Solver.cc', '_inter_line', 214), ('core/Solver.cc', 'line', 77))
2023-06-24 18:58:23,812	[INFO]	76      COMPILE_CODE_ERROR    None  [5 edit(s)]       
2023-06-24 18:58:24,218	[DEBUG]	LineReplacement(('core/Solver.cc', 'line', 594), ('core/Solver.cc', 'line', 54)) | LineDeletion(('core/Solver.cc', 'line', 874)) | LineDeletion(('core/Solver.cc', 'line', 900)) | LineDeletion(('core/Solver.cc', 'line', 183)) | LineInsertion(('core/Solver.cc', '_inter_line', 520), ('core/Solver.cc', 'line', 1039))
2023-06-24 18:58:24,218	[INFO]	77      COMPILE_CODE_ERROR    None  [5 edit(s)]       
2023-06-24 18:59:04,883	[DEBUG]	LineReplacement(('core/Solver.cc', 'line', 594), ('core/Solver.cc', 'line', 54)) | LineDeletion(('core/Solver.cc', 'line', 874)) | LineDeletion(('core/Solver.cc', 'line', 900)) | LineDeletion(('core/Solver.cc', 'line', 183)) | LineReplacement(('core/Solver.cc', 'line', 711), ('core/Solver.cc', 'line', 992))
2023-06-24 18:59:04,884	[INFO]	78      SUCCESS               37.4805 (99.2%) [5 edit(s)] 
2023-06-24 18:59:45,973	[DEBUG]	LineReplacement(('core/Solver.cc', 'line', 594), ('core/Solver.cc', 'line', 54)) | LineDeletion(('core/Solver.cc', 'line', 874)) | LineDeletion(('core/Solver.cc', 'line', 900)) | LineDeletion(('core/Solver.cc', 'line', 183)) | LineInsertion(('core/Solver.cc', '_inter_line', 960), ('core/Solver.cc', 'line', 195))
2023-06-24 18:59:45,974	[INFO]	79      SUCCESS               37.9548 (100.46%) [5 edit(s)] 
2023-06-24 18:59:49,252	[DEBUG]	LineReplacement(('core/Solver.cc', 'line', 594), ('core/Solver.cc', 'line', 54)) | LineDeletion(('core/Solver.cc', 'line', 874)) | LineDeletion(('core/Solver.cc', 'line', 900)) | LineDeletion(('core/Solver.cc', 'line', 183)) | LineDeletion(('core/Solver.cc', 'line', 411))
2023-06-24 18:59:49,253	[INFO]	80      RUN_CODE_ERROR        None  [5 edit(s)]       
2023-06-24 18:59:49,715	[DEBUG]	LineReplacement(('core/Solver.cc', 'line', 594), ('core/Solver.cc', 'line', 54)) | LineDeletion(('core/Solver.cc', 'line', 874)) | LineDeletion(('core/Solver.cc', 'line', 900)) | LineDeletion(('core/Solver.cc', 'line', 183)) | LineReplacement(('core/Solver.cc', 'line', 424), ('core/Solver.cc', 'line', 470))
2023-06-24 18:59:49,715	[INFO]	81      COMPILE_CODE_ERROR    None  [5 edit(s)]       
2023-06-24 19:00:30,631	[DEBUG]	LineReplacement(('core/Solver.cc', 'line', 594), ('core/Solver.cc', 'line', 54)) | LineDeletion(('core/Solver.cc', 'line', 874)) | LineDeletion(('core/Solver.cc', 'line', 900)) | LineDeletion(('core/Solver.cc', 'line', 183)) | LineInsertion(('core/Solver.cc', '_inter_line', 302), ('core/Solver.cc', 'line', 685))
2023-06-24 19:00:30,631	[INFO]	82      SUCCESS               37.7049 (99.79%) [5 edit(s)] 
2023-06-24 19:01:11,565	[DEBUG]	LineReplacement(('core/Solver.cc', 'line', 594), ('core/Solver.cc', 'line', 54)) | LineDeletion(('core/Solver.cc', 'line', 874)) | LineDeletion(('core/Solver.cc', 'line', 900)) | LineDeletion(('core/Solver.cc', 'line', 183)) | LineReplacement(('core/Solver.cc', 'line', 403), ('core/Solver.cc', 'line', 153))
2023-06-24 19:01:11,565	[INFO]	83      SUCCESS               37.7772 (99.99%) [5 edit(s)] 
2023-06-24 19:01:52,294	[DEBUG]	LineReplacement(('core/Solver.cc', 'line', 594), ('core/Solver.cc', 'line', 54)) | LineDeletion(('core/Solver.cc', 'line', 874)) | LineDeletion(('core/Solver.cc', 'line', 900)) | LineDeletion(('core/Solver.cc', 'line', 183)) | LineDeletion(('core/Solver.cc', 'line', 546))
2023-06-24 19:01:52,295	[INFO]	84      SUCCESS               37.6079 (99.54%) [5 edit(s)] 
2023-06-24 19:01:52,702	[DEBUG]	LineReplacement(('core/Solver.cc', 'line', 594), ('core/Solver.cc', 'line', 54)) | LineDeletion(('core/Solver.cc', 'line', 874)) | LineDeletion(('core/Solver.cc', 'line', 900)) | LineDeletion(('core/Solver.cc', 'line', 183)) | LineInsertion(('core/Solver.cc', '_inter_line', 710), ('core/Solver.cc', 'line', 216))
2023-06-24 19:01:52,702	[INFO]	85      COMPILE_CODE_ERROR    None  [5 edit(s)]       
2023-06-24 19:01:53,110	[DEBUG]	LineReplacement(('core/Solver.cc', 'line', 594), ('core/Solver.cc', 'line', 54)) | LineDeletion(('core/Solver.cc', 'line', 874)) | LineDeletion(('core/Solver.cc', 'line', 900)) | LineDeletion(('core/Solver.cc', 'line', 183)) | LineDeletion(('core/Solver.cc', 'line', 191))
2023-06-24 19:01:53,110	[INFO]	86      COMPILE_CODE_ERROR    None  [5 edit(s)]       
2023-06-24 19:01:53,524	[DEBUG]	LineReplacement(('core/Solver.cc', 'line', 594), ('core/Solver.cc', 'line', 54)) | LineDeletion(('core/Solver.cc', 'line', 874)) | LineDeletion(('core/Solver.cc', 'line', 900)) | LineDeletion(('core/Solver.cc', 'line', 183)) | LineReplacement(('core/Solver.cc', 'line', 1003), ('core/Solver.cc', 'line', 585))
2023-06-24 19:01:53,525	[INFO]	87      COMPILE_CODE_ERROR    None  [5 edit(s)]       
2023-06-24 19:01:53,933	[DEBUG]	LineReplacement(('core/Solver.cc', 'line', 594), ('core/Solver.cc', 'line', 54)) | LineDeletion(('core/Solver.cc', 'line', 874)) | LineDeletion(('core/Solver.cc', 'line', 900)) | LineDeletion(('core/Solver.cc', 'line', 183)) | LineReplacement(('core/Solver.cc', 'line', 322), ('core/Solver.cc', 'line', 701))
2023-06-24 19:01:53,934	[INFO]	88      COMPILE_CODE_ERROR    None  [5 edit(s)]       
2023-06-24 19:02:34,545	[DEBUG]	LineReplacement(('core/Solver.cc', 'line', 594), ('core/Solver.cc', 'line', 54)) | LineDeletion(('core/Solver.cc', 'line', 874)) | LineDeletion(('core/Solver.cc', 'line', 900)) | LineDeletion(('core/Solver.cc', 'line', 183)) | LineInsertion(('core/Solver.cc', '_inter_line', 85), ('core/Solver.cc', 'line', 921))
2023-06-24 19:02:34,546	[INFO]	89      SUCCESS               37.3185 (98.77%) [5 edit(s)] 
2023-06-24 19:03:16,601	[DEBUG]	LineReplacement(('core/Solver.cc', 'line', 594), ('core/Solver.cc', 'line', 54)) | LineDeletion(('core/Solver.cc', 'line', 874)) | LineDeletion(('core/Solver.cc', 'line', 900)) | LineDeletion(('core/Solver.cc', 'line', 183)) | LineDeletion(('core/Solver.cc', 'line', 510))
2023-06-24 19:03:16,602	[INFO]	90      SUCCESS               38.9361 (103.05%) [5 edit(s)] 
2023-06-24 19:03:58,686	[DEBUG]	LineReplacement(('core/Solver.cc', 'line', 594), ('core/Solver.cc', 'line', 54)) | LineDeletion(('core/Solver.cc', 'line', 874)) | LineDeletion(('core/Solver.cc', 'line', 900)) | LineDeletion(('core/Solver.cc', 'line', 183)) | LineReplacement(('core/Solver.cc', 'line', 182), ('core/Solver.cc', 'line', 943))
2023-06-24 19:03:58,686	[INFO]	91      SUCCESS               38.8272 (102.77%) [5 edit(s)] 
2023-06-24 19:03:59,082	[DEBUG]	LineReplacement(('core/Solver.cc', 'line', 594), ('core/Solver.cc', 'line', 54)) | LineDeletion(('core/Solver.cc', 'line', 874)) | LineDeletion(('core/Solver.cc', 'line', 900)) | LineDeletion(('core/Solver.cc', 'line', 183)) | LineReplacement(('core/Solver.cc', 'line', 354), ('core/Solver.cc', 'line', 701))
2023-06-24 19:03:59,082	[INFO]	92      COMPILE_CODE_ERROR    None  [5 edit(s)]       
2023-06-24 19:04:51,387	[DEBUG]	LineReplacement(('core/Solver.cc', 'line', 594), ('core/Solver.cc', 'line', 54)) | LineDeletion(('core/Solver.cc', 'line', 874)) | LineDeletion(('core/Solver.cc', 'line', 900)) | LineDeletion(('core/Solver.cc', 'line', 183)) | LineDeletion(('core/Solver.cc', 'line', 291))
2023-06-24 19:04:51,387	[INFO]	93      RUN_TIMEOUT           None  [5 edit(s)]       
2023-06-24 19:05:31,776	[DEBUG]	LineReplacement(('core/Solver.cc', 'line', 594), ('core/Solver.cc', 'line', 54)) | LineDeletion(('core/Solver.cc', 'line', 874)) | LineDeletion(('core/Solver.cc', 'line', 900)) | LineDeletion(('core/Solver.cc', 'line', 183)) | LineDeletion(('core/Solver.cc', 'line', 802))
2023-06-24 19:05:31,777	[INFO]	94      SUCCESS               37.1804 (98.41%) [5 edit(s)] 
2023-06-24 19:05:32,179	[DEBUG]	LineReplacement(('core/Solver.cc', 'line', 594), ('core/Solver.cc', 'line', 54)) | LineDeletion(('core/Solver.cc', 'line', 874)) | LineDeletion(('core/Solver.cc', 'line', 900)) | LineDeletion(('core/Solver.cc', 'line', 183)) | LineInsertion(('core/Solver.cc', '_inter_line', 900), ('core/Solver.cc', 'line', 819))
2023-06-24 19:05:32,180	[INFO]	95      COMPILE_CODE_ERROR    None  [5 edit(s)]       
2023-06-24 19:05:32,577	[DEBUG]	LineReplacement(('core/Solver.cc', 'line', 594), ('core/Solver.cc', 'line', 54)) | LineDeletion(('core/Solver.cc', 'line', 874)) | LineDeletion(('core/Solver.cc', 'line', 900)) | LineDeletion(('core/Solver.cc', 'line', 183)) | LineInsertion(('core/Solver.cc', '_inter_line', 1013), ('core/Solver.cc', 'line', 401))
2023-06-24 19:05:32,577	[INFO]	96      COMPILE_CODE_ERROR    None  [5 edit(s)]       
2023-06-24 19:06:13,645	[DEBUG]	LineReplacement(('core/Solver.cc', 'line', 594), ('core/Solver.cc', 'line', 54)) | LineDeletion(('core/Solver.cc', 'line', 874)) | LineDeletion(('core/Solver.cc', 'line', 900)) | LineDeletion(('core/Solver.cc', 'line', 183)) | LineInsertion(('core/Solver.cc', '_inter_line', 543), ('core/Solver.cc', 'line', 800))
2023-06-24 19:06:13,645	[INFO]	97      SUCCESS               37.5697 (99.44%) [5 edit(s)] 
2023-06-24 19:06:14,053	[DEBUG]	LineReplacement(('core/Solver.cc', 'line', 594), ('core/Solver.cc', 'line', 54)) | LineDeletion(('core/Solver.cc', 'line', 874)) | LineDeletion(('core/Solver.cc', 'line', 900)) | LineDeletion(('core/Solver.cc', 'line', 183)) | LineDeletion(('core/Solver.cc', 'line', 167))
2023-06-24 19:06:14,053	[INFO]	98      COMPILE_CODE_ERROR    None  [5 edit(s)]       
2023-06-24 19:06:14,462	[DEBUG]	LineReplacement(('core/Solver.cc', 'line', 594), ('core/Solver.cc', 'line', 54)) | LineDeletion(('core/Solver.cc', 'line', 874)) | LineDeletion(('core/Solver.cc', 'line', 900)) | LineDeletion(('core/Solver.cc', 'line', 183)) | LineInsertion(('core/Solver.cc', '_inter_line', 1047), ('core/Solver.cc', 'line', 969))
2023-06-24 19:06:14,463	[INFO]	99      COMPILE_CODE_ERROR    None  [5 edit(s)]       
2023-06-24 19:06:14,874	[DEBUG]	LineReplacement(('core/Solver.cc', 'line', 594), ('core/Solver.cc', 'line', 54)) | LineDeletion(('core/Solver.cc', 'line', 874)) | LineDeletion(('core/Solver.cc', 'line', 900)) | LineDeletion(('core/Solver.cc', 'line', 183)) | LineReplacement(('core/Solver.cc', 'line', 782), ('core/Solver.cc', 'line', 365))
2023-06-24 19:06:14,874	[INFO]	100     COMPILE_CODE_ERROR    None  [5 edit(s)]       
2023-06-24 19:06:15,284	[DEBUG]	LineReplacement(('core/Solver.cc', 'line', 594), ('core/Solver.cc', 'line', 54)) | LineDeletion(('core/Solver.cc', 'line', 874)) | LineDeletion(('core/Solver.cc', 'line', 900)) | LineDeletion(('core/Solver.cc', 'line', 183)) | LineReplacement(('core/Solver.cc', 'line', 409), ('core/Solver.cc', 'line', 542))
2023-06-24 19:06:15,284	[INFO]	101     COMPILE_CODE_ERROR    None  [5 edit(s)]       
2023-06-24 19:06:15,689	[DEBUG]	LineReplacement(('core/Solver.cc', 'line', 594), ('core/Solver.cc', 'line', 54)) | LineDeletion(('core/Solver.cc', 'line', 874)) | LineDeletion(('core/Solver.cc', 'line', 900)) | LineDeletion(('core/Solver.cc', 'line', 183)) | LineDeletion(('core/Solver.cc', 'line', 977))
2023-06-24 19:06:15,689	[INFO]	102     COMPILE_CODE_ERROR    None  [5 edit(s)]       
2023-06-24 19:06:56,613	[DEBUG]	LineReplacement(('core/Solver.cc', 'line', 594), ('core/Solver.cc', 'line', 54)) | LineDeletion(('core/Solver.cc', 'line', 874)) | LineDeletion(('core/Solver.cc', 'line', 900)) | LineDeletion(('core/Solver.cc', 'line', 183)) | LineReplacement(('core/Solver.cc', 'line', 171), ('core/Solver.cc', 'line', 918))
2023-06-24 19:06:56,613	[INFO]	103     SUCCESS               37.7227 (99.84%) [5 edit(s)] 
2023-06-24 19:06:59,934	[DEBUG]	LineReplacement(('core/Solver.cc', 'line', 594), ('core/Solver.cc', 'line', 54)) | LineDeletion(('core/Solver.cc', 'line', 874)) | LineDeletion(('core/Solver.cc', 'line', 900)) | LineDeletion(('core/Solver.cc', 'line', 183)) | LineReplacement(('core/Solver.cc', 'line', 264), ('core/Solver.cc', 'line', 175))
2023-06-24 19:06:59,935	[INFO]	104     RUN_CODE_ERROR        None  [5 edit(s)]       
2023-06-24 19:07:41,054	[DEBUG]	LineReplacement(('core/Solver.cc', 'line', 594), ('core/Solver.cc', 'line', 54)) | LineDeletion(('core/Solver.cc', 'line', 874)) | LineDeletion(('core/Solver.cc', 'line', 900)) | LineDeletion(('core/Solver.cc', 'line', 183)) | LineDeletion(('core/Solver.cc', 'line', 409))
2023-06-24 19:07:41,054	[INFO]	105     SUCCESS               37.9665 (100.49%) [5 edit(s)] 
2023-06-24 19:07:41,458	[DEBUG]	LineReplacement(('core/Solver.cc', 'line', 594), ('core/Solver.cc', 'line', 54)) | LineDeletion(('core/Solver.cc', 'line', 874)) | LineDeletion(('core/Solver.cc', 'line', 900)) | LineDeletion(('core/Solver.cc', 'line', 183)) | LineInsertion(('core/Solver.cc', '_inter_line', 607), ('core/Solver.cc', 'line', 1025))
2023-06-24 19:07:41,459	[INFO]	106     COMPILE_CODE_ERROR    None  [5 edit(s)]       
2023-06-24 19:07:41,863	[DEBUG]	LineReplacement(('core/Solver.cc', 'line', 594), ('core/Solver.cc', 'line', 54)) | LineDeletion(('core/Solver.cc', 'line', 874)) | LineDeletion(('core/Solver.cc', 'line', 900)) | LineDeletion(('core/Solver.cc', 'line', 183)) | LineInsertion(('core/Solver.cc', '_inter_line', 536), ('core/Solver.cc', 'line', 169))
2023-06-24 19:07:41,863	[INFO]	107     COMPILE_CODE_ERROR    None  [5 edit(s)]       
2023-06-24 19:07:42,283	[DEBUG]	LineReplacement(('core/Solver.cc', 'line', 594), ('core/Solver.cc', 'line', 54)) | LineDeletion(('core/Solver.cc', 'line', 874)) | LineDeletion(('core/Solver.cc', 'line', 900)) | LineDeletion(('core/Solver.cc', 'line', 183)) | LineInsertion(('core/Solver.cc', '_inter_line', 480), ('core/Solver.cc', 'line', 310))
2023-06-24 19:07:42,283	[INFO]	108     COMPILE_CODE_ERROR    None  [5 edit(s)]       
2023-06-24 19:07:42,686	[DEBUG]	LineReplacement(('core/Solver.cc', 'line', 594), ('core/Solver.cc', 'line', 54)) | LineDeletion(('core/Solver.cc', 'line', 874)) | LineDeletion(('core/Solver.cc', 'line', 900)) | LineDeletion(('core/Solver.cc', 'line', 183)) | LineReplacement(('core/Solver.cc', 'line', 728), ('core/Solver.cc', 'line', 411))
2023-06-24 19:07:42,686	[INFO]	109     COMPILE_CODE_ERROR    None  [5 edit(s)]       
2023-06-24 19:07:43,094	[DEBUG]	LineReplacement(('core/Solver.cc', 'line', 594), ('core/Solver.cc', 'line', 54)) | LineDeletion(('core/Solver.cc', 'line', 874)) | LineDeletion(('core/Solver.cc', 'line', 900)) | LineDeletion(('core/Solver.cc', 'line', 183)) | LineReplacement(('core/Solver.cc', 'line', 935), ('core/Solver.cc', 'line', 311))
2023-06-24 19:07:43,094	[INFO]	110     COMPILE_CODE_ERROR    None  [5 edit(s)]       
2023-06-24 19:07:43,491	[DEBUG]	LineReplacement(('core/Solver.cc', 'line', 594), ('core/Solver.cc', 'line', 54)) | LineDeletion(('core/Solver.cc', 'line', 874)) | LineDeletion(('core/Solver.cc', 'line', 900)) | LineDeletion(('core/Solver.cc', 'line', 183)) | LineDeletion(('core/Solver.cc', 'line', 576))
2023-06-24 19:07:43,492	[INFO]	111     COMPILE_CODE_ERROR    None  [5 edit(s)]       
2023-06-24 19:08:24,436	[DEBUG]	LineReplacement(('core/Solver.cc', 'line', 594), ('core/Solver.cc', 'line', 54)) | LineDeletion(('core/Solver.cc', 'line', 874)) | LineDeletion(('core/Solver.cc', 'line', 900)) | LineDeletion(('core/Solver.cc', 'line', 183)) | LineReplacement(('core/Solver.cc', 'line', 304), ('core/Solver.cc', 'line', 363))
2023-06-24 19:08:24,436	[INFO]	112     SUCCESS               37.6764 (99.72%) [5 edit(s)] 
2023-06-24 19:08:24,832	[DEBUG]	LineReplacement(('core/Solver.cc', 'line', 594), ('core/Solver.cc', 'line', 54)) | LineDeletion(('core/Solver.cc', 'line', 874)) | LineDeletion(('core/Solver.cc', 'line', 900)) | LineDeletion(('core/Solver.cc', 'line', 183)) | LineInsertion(('core/Solver.cc', '_inter_line', 554), ('core/Solver.cc', 'line', 102))
2023-06-24 19:08:24,833	[INFO]	113     COMPILE_CODE_ERROR    None  [5 edit(s)]       
2023-06-24 19:09:05,548	[DEBUG]	LineReplacement(('core/Solver.cc', 'line', 594), ('core/Solver.cc', 'line', 54)) | LineDeletion(('core/Solver.cc', 'line', 874)) | LineDeletion(('core/Solver.cc', 'line', 900)) | LineDeletion(('core/Solver.cc', 'line', 183)) | LineDeletion(('core/Solver.cc', 'line', 179))
2023-06-24 19:09:05,549	[INFO]	114     SUCCESS               37.6378 (99.62%) [5 edit(s)] 
2023-06-24 19:09:05,956	[DEBUG]	LineReplacement(('core/Solver.cc', 'line', 594), ('core/Solver.cc', 'line', 54)) | LineDeletion(('core/Solver.cc', 'line', 874)) | LineDeletion(('core/Solver.cc', 'line', 900)) | LineDeletion(('core/Solver.cc', 'line', 183)) | LineDeletion(('core/Solver.cc', 'line', 58))
2023-06-24 19:09:05,957	[INFO]	115     COMPILE_CODE_ERROR    None  [5 edit(s)]       
2023-06-24 19:09:47,336	[DEBUG]	LineReplacement(('core/Solver.cc', 'line', 594), ('core/Solver.cc', 'line', 54)) | LineDeletion(('core/Solver.cc', 'line', 874)) | LineDeletion(('core/Solver.cc', 'line', 900)) | LineDeletion(('core/Solver.cc', 'line', 183)) | LineInsertion(('core/Solver.cc', '_inter_line', 9), ('core/Solver.cc', 'line', 439))
2023-06-24 19:09:47,337	[INFO]	116     SUCCESS               38.132 (100.93%) [5 edit(s)] 
2023-06-24 19:09:50,167	[DEBUG]	LineReplacement(('core/Solver.cc', 'line', 594), ('core/Solver.cc', 'line', 54)) | LineDeletion(('core/Solver.cc', 'line', 874)) | LineDeletion(('core/Solver.cc', 'line', 900)) | LineDeletion(('core/Solver.cc', 'line', 183)) | LineReplacement(('core/Solver.cc', 'line', 315), ('core/Solver.cc', 'line', 65))
2023-06-24 19:09:50,167	[INFO]	117     COMPILE_CODE_ERROR    None  [5 edit(s)]       
2023-06-24 19:09:50,575	[DEBUG]	LineReplacement(('core/Solver.cc', 'line', 594), ('core/Solver.cc', 'line', 54)) | LineDeletion(('core/Solver.cc', 'line', 874)) | LineDeletion(('core/Solver.cc', 'line', 900)) | LineDeletion(('core/Solver.cc', 'line', 183)) | LineReplacement(('core/Solver.cc', 'line', 881), ('core/Solver.cc', 'line', 852))
2023-06-24 19:09:50,576	[INFO]	118     COMPILE_CODE_ERROR    None  [5 edit(s)]       
2023-06-24 19:09:50,989	[DEBUG]	LineReplacement(('core/Solver.cc', 'line', 594), ('core/Solver.cc', 'line', 54)) | LineDeletion(('core/Solver.cc', 'line', 874)) | LineDeletion(('core/Solver.cc', 'line', 900)) | LineDeletion(('core/Solver.cc', 'line', 183)) | LineReplacement(('core/Solver.cc', 'line', 985), ('core/Solver.cc', 'line', 2))
2023-06-24 19:09:50,990	[INFO]	119     COMPILE_CODE_ERROR    None  [5 edit(s)]       
2023-06-24 19:10:32,742	[DEBUG]	LineReplacement(('core/Solver.cc', 'line', 594), ('core/Solver.cc', 'line', 54)) | LineDeletion(('core/Solver.cc', 'line', 874)) | LineDeletion(('core/Solver.cc', 'line', 900)) | LineDeletion(('core/Solver.cc', 'line', 183)) | LineDeletion(('core/Solver.cc', 'line', 715))
2023-06-24 19:10:32,742	[INFO]	120     SUCCESS               38.2377 (101.2%) [5 edit(s)] 
2023-06-24 19:10:59,426	[DEBUG]	LineReplacement(('core/Solver.cc', 'line', 594), ('core/Solver.cc', 'line', 54)) | LineDeletion(('core/Solver.cc', 'line', 874)) | LineDeletion(('core/Solver.cc', 'line', 900)) | LineDeletion(('core/Solver.cc', 'line', 183)) | LineDeletion(('core/Solver.cc', 'line', 701))
2023-06-24 19:10:59,427	[INFO]	121     SUCCESS              *23.4943 (62.18%) [5 edit(s)] 
2023-06-24 19:10:59,435	[DEBUG]	--- before: core/Solver.cc
+++ after: core/Solver.cc
@@ -181,7 +181,6 @@
     /*if (flag && (output != NULL)) {
       for (i = j = 0, p = lit_Undef; i < ps.size(); i++)
         fprintf(output, "%i ", (var(ps[i]) + 1) * (-2 * sign(ps[i]) + 1));
-      fprintf(output, "0\n");
 
       fprintf(output, "d ");
       for (i = j = 0, p = lit_Undef; i < oc.size(); i++)
@@ -592,7 +591,7 @@
 {
     int     i, j;
     //double  extra_lim = cla_inc / learnts.size();    // Remove any clause below this activity
-
+static DoubleOption  opt_random_seed       (_cat, "rnd-seed",    "Used by the random variable selection",         91648253, DoubleRange(0, false, HUGE_VAL, false));
     sort(learnts, reduceDB_lt(ca));
     // Don't delete binary or locked clauses. From the rest, delete clauses from the first half
     // and clauses with activity smaller than 'extra_lim':
@@ -699,7 +698,6 @@
         CRef confl = propagate();
         if (confl != CRef_Undef){
             // CONFLICT
-            conflicts++; conflictC++;
             if (conflicts % 5000 == 0 && var_decay < 0.95)
                 var_decay += 0.01;
             if (decisionLevel() == 0) return l_False;
@@ -872,7 +870,6 @@
     return pow(y, seq);
 }
 
-// NOTE: assumptions passed in member-variable 'assumptions'.
 lbool Solver::solve_()
 {
     model.clear();
@@ -898,7 +895,6 @@
     while (status == l_Undef){
         double rest_base = luby_restart ? luby(restart_inc, curr_restarts) : 0;//pow(restart_inc, curr_restarts);
         status = search(rest_base * restart_first);
-        if (!withinBudget()) break;
         curr_restarts++;
     }
 

2023-06-24 19:11:41,918	[DEBUG]	LineReplacement(('core/Solver.cc', 'line', 594), ('core/Solver.cc', 'line', 54)) | LineDeletion(('core/Solver.cc', 'line', 874)) | LineDeletion(('core/Solver.cc', 'line', 900)) | LineDeletion(('core/Solver.cc', 'line', 183))
2023-06-24 19:11:41,918	[INFO]	122     SUCCESS               38.5426 (102.01%) [4 edit(s)] 
2023-06-24 19:12:08,722	[DEBUG]	LineReplacement(('core/Solver.cc', 'line', 594), ('core/Solver.cc', 'line', 54)) | LineDeletion(('core/Solver.cc', 'line', 874)) | LineDeletion(('core/Solver.cc', 'line', 900)) | LineDeletion(('core/Solver.cc', 'line', 183)) | LineDeletion(('core/Solver.cc', 'line', 701)) | LineDeletion(('core/Solver.cc', 'line', 492))
2023-06-24 19:12:08,722	[INFO]	123     SUCCESS               23.6221 (62.52%) [6 edit(s)] 
2023-06-24 19:12:09,085	[DEBUG]	LineReplacement(('core/Solver.cc', 'line', 594), ('core/Solver.cc', 'line', 54)) | LineDeletion(('core/Solver.cc', 'line', 874)) | LineDeletion(('core/Solver.cc', 'line', 900)) | LineDeletion(('core/Solver.cc', 'line', 183)) | LineDeletion(('core/Solver.cc', 'line', 701)) | LineReplacement(('core/Solver.cc', 'line', 246), ('core/Solver.cc', 'line', 958))
2023-06-24 19:12:09,086	[INFO]	124     COMPILE_CODE_ERROR    None  [6 edit(s)]       
2023-06-24 19:12:35,652	[DEBUG]	LineReplacement(('core/Solver.cc', 'line', 594), ('core/Solver.cc', 'line', 54)) | LineDeletion(('core/Solver.cc', 'line', 900)) | LineDeletion(('core/Solver.cc', 'line', 183)) | LineDeletion(('core/Solver.cc', 'line', 701))
2023-06-24 19:12:35,652	[INFO]	125     SUCCESS              *23.2763 (61.61%) [4 edit(s)] 
2023-06-24 19:12:35,661	[DEBUG]	--- before: core/Solver.cc
+++ after: core/Solver.cc
@@ -181,7 +181,6 @@
     /*if (flag && (output != NULL)) {
       for (i = j = 0, p = lit_Undef; i < ps.size(); i++)
         fprintf(output, "%i ", (var(ps[i]) + 1) * (-2 * sign(ps[i]) + 1));
-      fprintf(output, "0\n");
 
       fprintf(output, "d ");
       for (i = j = 0, p = lit_Undef; i < oc.size(); i++)
@@ -592,7 +591,7 @@
 {
     int     i, j;
     //double  extra_lim = cla_inc / learnts.size();    // Remove any clause below this activity
-
+static DoubleOption  opt_random_seed       (_cat, "rnd-seed",    "Used by the random variable selection",         91648253, DoubleRange(0, false, HUGE_VAL, false));
     sort(learnts, reduceDB_lt(ca));
     // Don't delete binary or locked clauses. From the rest, delete clauses from the first half
     // and clauses with activity smaller than 'extra_lim':
@@ -699,7 +698,6 @@
         CRef confl = propagate();
         if (confl != CRef_Undef){
             // CONFLICT
-            conflicts++; conflictC++;
             if (conflicts % 5000 == 0 && var_decay < 0.95)
                 var_decay += 0.01;
             if (decisionLevel() == 0) return l_False;
@@ -898,7 +896,6 @@
     while (status == l_Undef){
         double rest_base = luby_restart ? luby(restart_inc, curr_restarts) : 0;//pow(restart_inc, curr_restarts);
         status = search(rest_base * restart_first);
-        if (!withinBudget()) break;
         curr_restarts++;
     }
 

2023-06-24 19:13:02,126	[DEBUG]	LineDeletion(('core/Solver.cc', 'line', 900)) | LineDeletion(('core/Solver.cc', 'line', 183)) | LineDeletion(('core/Solver.cc', 'line', 701))
2023-06-24 19:13:02,126	[INFO]	126     SUCCESS               23.2922 (61.65%) [3 edit(s)] 
2023-06-24 19:13:28,943	[DEBUG]	LineReplacement(('core/Solver.cc', 'line', 594), ('core/Solver.cc', 'line', 54)) | LineDeletion(('core/Solver.cc', 'line', 183)) | LineDeletion(('core/Solver.cc', 'line', 701))
2023-06-24 19:13:28,943	[INFO]	127     SUCCESS               23.579 (62.41%) [3 edit(s)] 
2023-06-24 19:13:29,338	[DEBUG]	LineReplacement(('core/Solver.cc', 'line', 594), ('core/Solver.cc', 'line', 54)) | LineDeletion(('core/Solver.cc', 'line', 900)) | LineDeletion(('core/Solver.cc', 'line', 183)) | LineDeletion(('core/Solver.cc', 'line', 701)) | LineReplacement(('core/Solver.cc', 'line', 709), ('core/Solver.cc', 'line', 651))
2023-06-24 19:13:29,338	[INFO]	128     COMPILE_CODE_ERROR    None  [5 edit(s)]       
2023-06-24 19:13:29,760	[DEBUG]	LineReplacement(('core/Solver.cc', 'line', 594), ('core/Solver.cc', 'line', 54)) | LineDeletion(('core/Solver.cc', 'line', 900)) | LineDeletion(('core/Solver.cc', 'line', 183)) | LineDeletion(('core/Solver.cc', 'line', 701)) | LineReplacement(('core/Solver.cc', 'line', 779), ('core/Solver.cc', 'line', 836))
2023-06-24 19:13:29,760	[INFO]	129     COMPILE_CODE_ERROR    None  [5 edit(s)]       
2023-06-24 19:13:30,167	[DEBUG]	LineReplacement(('core/Solver.cc', 'line', 594), ('core/Solver.cc', 'line', 54)) | LineDeletion(('core/Solver.cc', 'line', 900)) | LineDeletion(('core/Solver.cc', 'line', 183)) | LineDeletion(('core/Solver.cc', 'line', 701)) | LineInsertion(('core/Solver.cc', '_inter_line', 88), ('core/Solver.cc', 'line', 399))
2023-06-24 19:13:30,167	[INFO]	130     COMPILE_CODE_ERROR    None  [5 edit(s)]       
2023-06-24 19:13:30,565	[DEBUG]	LineReplacement(('core/Solver.cc', 'line', 594), ('core/Solver.cc', 'line', 54)) | LineDeletion(('core/Solver.cc', 'line', 900)) | LineDeletion(('core/Solver.cc', 'line', 183)) | LineDeletion(('core/Solver.cc', 'line', 701)) | LineDeletion(('core/Solver.cc', 'line', 436))
2023-06-24 19:13:30,565	[INFO]	131     COMPILE_CODE_ERROR    None  [5 edit(s)]       
2023-06-24 19:13:30,930	[DEBUG]	LineReplacement(('core/Solver.cc', 'line', 594), ('core/Solver.cc', 'line', 54)) | LineDeletion(('core/Solver.cc', 'line', 900)) | LineDeletion(('core/Solver.cc', 'line', 183)) | LineDeletion(('core/Solver.cc', 'line', 701)) | LineReplacement(('core/Solver.cc', 'line', 576), ('core/Solver.cc', 'line', 278))
2023-06-24 19:13:30,930	[INFO]	132     COMPILE_CODE_ERROR    None  [5 edit(s)]       
2023-06-24 19:13:57,729	[DEBUG]	LineReplacement(('core/Solver.cc', 'line', 594), ('core/Solver.cc', 'line', 54)) | LineDeletion(('core/Solver.cc', 'line', 900)) | LineDeletion(('core/Solver.cc', 'line', 183)) | LineDeletion(('core/Solver.cc', 'line', 701)) | LineReplacement(('core/Solver.cc', 'line', 11), ('core/Solver.cc', 'line', 447))
2023-06-24 19:13:57,730	[INFO]	133     SUCCESS               23.6632 (62.63%) [5 edit(s)] 
2023-06-24 19:14:24,919	[DEBUG]	LineReplacement(('core/Solver.cc', 'line', 594), ('core/Solver.cc', 'line', 54)) | LineDeletion(('core/Solver.cc', 'line', 900)) | LineDeletion(('core/Solver.cc', 'line', 701))
2023-06-24 19:14:24,919	[INFO]	134     SUCCESS               23.8904 (63.23%) [3 edit(s)] 
2023-06-24 19:14:25,318	[DEBUG]	LineReplacement(('core/Solver.cc', 'line', 594), ('core/Solver.cc', 'line', 54)) | LineDeletion(('core/Solver.cc', 'line', 900)) | LineDeletion(('core/Solver.cc', 'line', 183)) | LineDeletion(('core/Solver.cc', 'line', 701)) | LineReplacement(('core/Solver.cc', 'line', 103), ('core/Solver.cc', 'line', 985))
2023-06-24 19:14:25,318	[INFO]	135     COMPILE_CODE_ERROR    None  [5 edit(s)]       
2023-06-24 19:14:25,717	[DEBUG]	LineReplacement(('core/Solver.cc', 'line', 594), ('core/Solver.cc', 'line', 54)) | LineDeletion(('core/Solver.cc', 'line', 900)) | LineDeletion(('core/Solver.cc', 'line', 183)) | LineDeletion(('core/Solver.cc', 'line', 701)) | LineInsertion(('core/Solver.cc', '_inter_line', 870), ('core/Solver.cc', 'line', 452))
2023-06-24 19:14:25,717	[INFO]	136     COMPILE_CODE_ERROR    None  [5 edit(s)]       
2023-06-24 19:14:51,929	[DEBUG]	LineReplacement(('core/Solver.cc', 'line', 594), ('core/Solver.cc', 'line', 54)) | LineDeletion(('core/Solver.cc', 'line', 900)) | LineDeletion(('core/Solver.cc', 'line', 183)) | LineDeletion(('core/Solver.cc', 'line', 701)) | LineInsertion(('core/Solver.cc', '_inter_line', 922), ('core/Solver.cc', 'line', 227))
2023-06-24 19:14:51,930	[INFO]	137     SUCCESS              *23.0439 (60.99%) [5 edit(s)] 
2023-06-24 19:14:51,938	[DEBUG]	--- before: core/Solver.cc
+++ after: core/Solver.cc
@@ -181,7 +181,6 @@
     /*if (flag && (output != NULL)) {
       for (i = j = 0, p = lit_Undef; i < ps.size(); i++)
         fprintf(output, "%i ", (var(ps[i]) + 1) * (-2 * sign(ps[i]) + 1));
-      fprintf(output, "0\n");
 
       fprintf(output, "d ");
       for (i = j = 0, p = lit_Undef; i < oc.size(); i++)
@@ -592,7 +591,7 @@
 {
     int     i, j;
     //double  extra_lim = cla_inc / learnts.size();    // Remove any clause below this activity
-
+static DoubleOption  opt_random_seed       (_cat, "rnd-seed",    "Used by the random variable selection",         91648253, DoubleRange(0, false, HUGE_VAL, false));
     sort(learnts, reduceDB_lt(ca));
     // Don't delete binary or locked clauses. From the rest, delete clauses from the first half
     // and clauses with activity smaller than 'extra_lim':
@@ -699,7 +698,6 @@
         CRef confl = propagate();
         if (confl != CRef_Undef){
             // CONFLICT
-            conflicts++; conflictC++;
             if (conflicts % 5000 == 0 && var_decay < 0.95)
                 var_decay += 0.01;
             if (decisionLevel() == 0) return l_False;
@@ -898,7 +896,6 @@
     while (status == l_Undef){
         double rest_base = luby_restart ? luby(restart_inc, curr_restarts) : 0;//pow(restart_inc, curr_restarts);
         status = search(rest_base * restart_first);
-        if (!withinBudget()) break;
         curr_restarts++;
     }
 
@@ -920,6 +917,7 @@
 //=================================================================================================
 // Writing CNF to DIMACS:
 //
+
 // FIXME: this needs to be rewritten completely.
 
 static Var mapVar(Var x, vec<Var>& map, Var& max)

2023-06-24 19:14:52,342	[DEBUG]	LineReplacement(('core/Solver.cc', 'line', 594), ('core/Solver.cc', 'line', 54)) | LineDeletion(('core/Solver.cc', 'line', 900)) | LineDeletion(('core/Solver.cc', 'line', 183)) | LineDeletion(('core/Solver.cc', 'line', 701)) | LineInsertion(('core/Solver.cc', '_inter_line', 922), ('core/Solver.cc', 'line', 227)) | LineReplacement(('core/Solver.cc', 'line', 946), ('core/Solver.cc', 'line', 1))
2023-06-24 19:14:52,342	[INFO]	138     COMPILE_CODE_ERROR    None  [6 edit(s)]       
2023-06-24 19:15:19,616	[DEBUG]	LineReplacement(('core/Solver.cc', 'line', 594), ('core/Solver.cc', 'line', 54)) | LineDeletion(('core/Solver.cc', 'line', 183)) | LineDeletion(('core/Solver.cc', 'line', 701)) | LineInsertion(('core/Solver.cc', '_inter_line', 922), ('core/Solver.cc', 'line', 227))
2023-06-24 19:15:19,617	[INFO]	139     SUCCESS               24.0502 (63.65%) [4 edit(s)] 
2023-06-24 19:15:20,030	[DEBUG]	LineReplacement(('core/Solver.cc', 'line', 594), ('core/Solver.cc', 'line', 54)) | LineDeletion(('core/Solver.cc', 'line', 900)) | LineDeletion(('core/Solver.cc', 'line', 183)) | LineDeletion(('core/Solver.cc', 'line', 701)) | LineInsertion(('core/Solver.cc', '_inter_line', 922), ('core/Solver.cc', 'line', 227)) | LineInsertion(('core/Solver.cc', '_inter_line', 195), ('core/Solver.cc', 'line', 254))
2023-06-24 19:15:20,031	[INFO]	140     COMPILE_CODE_ERROR    None  [6 edit(s)]       
2023-06-24 19:15:20,453	[DEBUG]	LineReplacement(('core/Solver.cc', 'line', 594), ('core/Solver.cc', 'line', 54)) | LineDeletion(('core/Solver.cc', 'line', 900)) | LineDeletion(('core/Solver.cc', 'line', 183)) | LineDeletion(('core/Solver.cc', 'line', 701)) | LineInsertion(('core/Solver.cc', '_inter_line', 922), ('core/Solver.cc', 'line', 227)) | LineReplacement(('core/Solver.cc', 'line', 886), ('core/Solver.cc', 'line', 470))
2023-06-24 19:15:20,453	[INFO]	141     COMPILE_CODE_ERROR    None  [6 edit(s)]       
2023-06-24 19:15:46,718	[DEBUG]	LineReplacement(('core/Solver.cc', 'line', 594), ('core/Solver.cc', 'line', 54)) | LineDeletion(('core/Solver.cc', 'line', 900)) | LineDeletion(('core/Solver.cc', 'line', 701)) | LineInsertion(('core/Solver.cc', '_inter_line', 922), ('core/Solver.cc', 'line', 227))
2023-06-24 19:15:46,718	[INFO]	142     SUCCESS               23.0572 (61.03%) [4 edit(s)] 
2023-06-24 19:15:47,124	[DEBUG]	LineReplacement(('core/Solver.cc', 'line', 594), ('core/Solver.cc', 'line', 54)) | LineDeletion(('core/Solver.cc', 'line', 900)) | LineDeletion(('core/Solver.cc', 'line', 183)) | LineDeletion(('core/Solver.cc', 'line', 701)) | LineInsertion(('core/Solver.cc', '_inter_line', 922), ('core/Solver.cc', 'line', 227)) | LineInsertion(('core/Solver.cc', '_inter_line', 159), ('core/Solver.cc', 'line', 586))
2023-06-24 19:15:47,124	[INFO]	143     COMPILE_CODE_ERROR    None  [6 edit(s)]       
2023-06-24 19:16:13,304	[DEBUG]	LineDeletion(('core/Solver.cc', 'line', 900)) | LineDeletion(('core/Solver.cc', 'line', 183)) | LineDeletion(('core/Solver.cc', 'line', 701)) | LineInsertion(('core/Solver.cc', '_inter_line', 922), ('core/Solver.cc', 'line', 227))
2023-06-24 19:16:13,305	[INFO]	144     SUCCESS              *22.9477 (60.74%) [4 edit(s)] 
2023-06-24 19:16:13,313	[DEBUG]	--- before: core/Solver.cc
+++ after: core/Solver.cc
@@ -181,7 +181,6 @@
     /*if (flag && (output != NULL)) {
       for (i = j = 0, p = lit_Undef; i < ps.size(); i++)
         fprintf(output, "%i ", (var(ps[i]) + 1) * (-2 * sign(ps[i]) + 1));
-      fprintf(output, "0\n");
 
       fprintf(output, "d ");
       for (i = j = 0, p = lit_Undef; i < oc.size(); i++)
@@ -699,7 +698,6 @@
         CRef confl = propagate();
         if (confl != CRef_Undef){
             // CONFLICT
-            conflicts++; conflictC++;
             if (conflicts % 5000 == 0 && var_decay < 0.95)
                 var_decay += 0.01;
             if (decisionLevel() == 0) return l_False;
@@ -898,7 +896,6 @@
     while (status == l_Undef){
         double rest_base = luby_restart ? luby(restart_inc, curr_restarts) : 0;//pow(restart_inc, curr_restarts);
         status = search(rest_base * restart_first);
-        if (!withinBudget()) break;
         curr_restarts++;
     }
 
@@ -920,6 +917,7 @@
 //=================================================================================================
 // Writing CNF to DIMACS:
 //
+
 // FIXME: this needs to be rewritten completely.
 
 static Var mapVar(Var x, vec<Var>& map, Var& max)

2023-06-24 19:16:13,320	[DEBUG]	LineDeletion(('core/Solver.cc', 'line', 900)) | LineDeletion(('core/Solver.cc', 'line', 183)) | LineDeletion(('core/Solver.cc', 'line', 701))
2023-06-24 19:16:13,321	[INFO]	145     SUCCESS               23.2922 (61.65%) [3 edit(s)] 
2023-06-24 19:16:16,567	[DEBUG]	LineDeletion(('core/Solver.cc', 'line', 900)) | LineDeletion(('core/Solver.cc', 'line', 183)) | LineDeletion(('core/Solver.cc', 'line', 701)) | LineInsertion(('core/Solver.cc', '_inter_line', 922), ('core/Solver.cc', 'line', 227)) | LineDeletion(('core/Solver.cc', 'line', 199))
2023-06-24 19:16:16,567	[INFO]	146     RUN_CODE_ERROR        None  [5 edit(s)]       
2023-06-24 19:16:17,055	[DEBUG]	LineDeletion(('core/Solver.cc', 'line', 900)) | LineDeletion(('core/Solver.cc', 'line', 183)) | LineDeletion(('core/Solver.cc', 'line', 701)) | LineInsertion(('core/Solver.cc', '_inter_line', 922), ('core/Solver.cc', 'line', 227)) | LineInsertion(('core/Solver.cc', '_inter_line', 555), ('core/Solver.cc', 'line', 737))
2023-06-24 19:16:17,056	[INFO]	147     COMPILE_CODE_ERROR    None  [5 edit(s)]       
2023-06-24 19:16:43,889	[DEBUG]	LineDeletion(('core/Solver.cc', 'line', 900)) | LineDeletion(('core/Solver.cc', 'line', 183)) | LineDeletion(('core/Solver.cc', 'line', 701)) | LineInsertion(('core/Solver.cc', '_inter_line', 922), ('core/Solver.cc', 'line', 227)) | LineInsertion(('core/Solver.cc', '_inter_line', 894), ('core/Solver.cc', 'line', 319))
2023-06-24 19:16:43,889	[INFO]	148     SUCCESS               23.6493 (62.59%) [5 edit(s)] 
2023-06-24 19:17:10,585	[DEBUG]	LineDeletion(('core/Solver.cc', 'line', 900)) | LineDeletion(('core/Solver.cc', 'line', 183)) | LineDeletion(('core/Solver.cc', 'line', 701)) | LineInsertion(('core/Solver.cc', '_inter_line', 922), ('core/Solver.cc', 'line', 227)) | LineInsertion(('core/Solver.cc', '_inter_line', 249), ('core/Solver.cc', 'line', 323))
2023-06-24 19:17:10,585	[INFO]	149     SUCCESS               23.5149 (62.24%) [5 edit(s)] 
2023-06-24 19:17:37,453	[DEBUG]	LineDeletion(('core/Solver.cc', 'line', 900)) | LineDeletion(('core/Solver.cc', 'line', 183)) | LineDeletion(('core/Solver.cc', 'line', 701)) | LineInsertion(('core/Solver.cc', '_inter_line', 922), ('core/Solver.cc', 'line', 227)) | LineInsertion(('core/Solver.cc', '_inter_line', 540), ('core/Solver.cc', 'line', 286))
2023-06-24 19:17:37,454	[INFO]	150     SUCCESS               23.6812 (62.68%) [5 edit(s)] 
2023-06-24 19:17:42,467	[DEBUG]	LineDeletion(('core/Solver.cc', 'line', 900)) | LineDeletion(('core/Solver.cc', 'line', 183)) | LineDeletion(('core/Solver.cc', 'line', 701)) | LineInsertion(('core/Solver.cc', '_inter_line', 922), ('core/Solver.cc', 'line', 227)) | LineDeletion(('core/Solver.cc', 'line', 348))
2023-06-24 19:17:42,468	[INFO]	151     RUN_CODE_ERROR        None  [5 edit(s)]       
2023-06-24 19:18:10,596	[DEBUG]	LineDeletion(('core/Solver.cc', 'line', 183)) | LineDeletion(('core/Solver.cc', 'line', 701)) | LineInsertion(('core/Solver.cc', '_inter_line', 922), ('core/Solver.cc', 'line', 227))
2023-06-24 19:18:10,597	[INFO]	152     SUCCESS               24.7658 (65.55%) [3 edit(s)] 
2023-06-24 19:18:37,721	[DEBUG]	LineDeletion(('core/Solver.cc', 'line', 900)) | LineDeletion(('core/Solver.cc', 'line', 183)) | LineDeletion(('core/Solver.cc', 'line', 701)) | LineInsertion(('core/Solver.cc', '_inter_line', 922), ('core/Solver.cc', 'line', 227)) | LineDeletion(('core/Solver.cc', 'line', 36))
2023-06-24 19:18:37,721	[INFO]	153     SUCCESS               23.777 (62.93%) [5 edit(s)] 
2023-06-24 19:19:04,520	[DEBUG]	LineDeletion(('core/Solver.cc', 'line', 900)) | LineDeletion(('core/Solver.cc', 'line', 183)) | LineDeletion(('core/Solver.cc', 'line', 701)) | LineInsertion(('core/Solver.cc', '_inter_line', 922), ('core/Solver.cc', 'line', 227)) | LineDeletion(('core/Solver.cc', 'line', 664))
2023-06-24 19:19:04,520	[INFO]	154     SUCCESS               23.6037 (62.47%) [5 edit(s)] 
2023-06-24 19:19:04,916	[DEBUG]	LineDeletion(('core/Solver.cc', 'line', 900)) | LineDeletion(('core/Solver.cc', 'line', 183)) | LineDeletion(('core/Solver.cc', 'line', 701)) | LineInsertion(('core/Solver.cc', '_inter_line', 922), ('core/Solver.cc', 'line', 227)) | LineInsertion(('core/Solver.cc', '_inter_line', 38), ('core/Solver.cc', 'line', 765))
2023-06-24 19:19:04,916	[INFO]	155     COMPILE_CODE_ERROR    None  [5 edit(s)]       
2023-06-24 19:19:32,457	[DEBUG]	LineDeletion(('core/Solver.cc', 'line', 900)) | LineDeletion(('core/Solver.cc', 'line', 183)) | LineDeletion(('core/Solver.cc', 'line', 701)) | LineInsertion(('core/Solver.cc', '_inter_line', 922), ('core/Solver.cc', 'line', 227)) | LineInsertion(('core/Solver.cc', '_inter_line', 897), ('core/Solver.cc', 'line', 143))
2023-06-24 19:19:32,457	[INFO]	156     SUCCESS               24.3163 (64.36%) [5 edit(s)] 
2023-06-24 19:19:59,400	[DEBUG]	LineDeletion(('core/Solver.cc', 'line', 900)) | LineDeletion(('core/Solver.cc', 'line', 701)) | LineInsertion(('core/Solver.cc', '_inter_line', 922), ('core/Solver.cc', 'line', 227))
2023-06-24 19:19:59,400	[INFO]	157     SUCCESS               23.7192 (62.78%) [3 edit(s)] 
2023-06-24 19:20:26,878	[DEBUG]	LineDeletion(('core/Solver.cc', 'line', 900)) | LineDeletion(('core/Solver.cc', 'line', 183)) | LineDeletion(('core/Solver.cc', 'line', 701)) | LineInsertion(('core/Solver.cc', '_inter_line', 922), ('core/Solver.cc', 'line', 227)) | LineInsertion(('core/Solver.cc', '_inter_line', 25), ('core/Solver.cc', 'line', 196))
2023-06-24 19:20:26,879	[INFO]	158     SUCCESS               23.7066 (62.74%) [5 edit(s)] 
2023-06-24 19:20:27,273	[DEBUG]	LineDeletion(('core/Solver.cc', 'line', 900)) | LineDeletion(('core/Solver.cc', 'line', 183)) | LineDeletion(('core/Solver.cc', 'line', 701)) | LineInsertion(('core/Solver.cc', '_inter_line', 922), ('core/Solver.cc', 'line', 227)) | LineReplacement(('core/Solver.cc', 'line', 67), ('core/Solver.cc', 'line', 475))
2023-06-24 19:20:27,274	[INFO]	159     COMPILE_CODE_ERROR    None  [5 edit(s)]       
2023-06-24 19:21:08,104	[DEBUG]	LineDeletion(('core/Solver.cc', 'line', 900)) | LineDeletion(('core/Solver.cc', 'line', 183)) | LineInsertion(('core/Solver.cc', '_inter_line', 922), ('core/Solver.cc', 'line', 227))
2023-06-24 19:21:08,104	[INFO]	160     SUCCESS               37.6908 (99.76%) [3 edit(s)] 
2023-06-24 19:21:08,509	[DEBUG]	LineDeletion(('core/Solver.cc', 'line', 900)) | LineDeletion(('core/Solver.cc', 'line', 183)) | LineDeletion(('core/Solver.cc', 'line', 701)) | LineInsertion(('core/Solver.cc', '_inter_line', 922), ('core/Solver.cc', 'line', 227)) | LineInsertion(('core/Solver.cc', '_inter_line', 922), ('core/Solver.cc', 'line', 974))
2023-06-24 19:21:08,509	[INFO]	161     COMPILE_CODE_ERROR    None  [5 edit(s)]       
2023-06-24 19:21:08,909	[DEBUG]	LineDeletion(('core/Solver.cc', 'line', 900)) | LineDeletion(('core/Solver.cc', 'line', 183)) | LineDeletion(('core/Solver.cc', 'line', 701)) | LineInsertion(('core/Solver.cc', '_inter_line', 922), ('core/Solver.cc', 'line', 227)) | LineDeletion(('core/Solver.cc', 'line', 46))
2023-06-24 19:21:08,910	[INFO]	162     COMPILE_CODE_ERROR    None  [5 edit(s)]       
2023-06-24 19:21:12,279	[DEBUG]	LineDeletion(('core/Solver.cc', 'line', 900)) | LineDeletion(('core/Solver.cc', 'line', 183)) | LineDeletion(('core/Solver.cc', 'line', 701)) | LineInsertion(('core/Solver.cc', '_inter_line', 922), ('core/Solver.cc', 'line', 227)) | LineDeletion(('core/Solver.cc', 'line', 1023))
2023-06-24 19:21:12,280	[INFO]	163     RUN_CODE_ERROR        None  [5 edit(s)]       
2023-06-24 19:21:15,564	[DEBUG]	LineDeletion(('core/Solver.cc', 'line', 900)) | LineDeletion(('core/Solver.cc', 'line', 183)) | LineDeletion(('core/Solver.cc', 'line', 701)) | LineInsertion(('core/Solver.cc', '_inter_line', 922), ('core/Solver.cc', 'line', 227)) | LineDeletion(('core/Solver.cc', 'line', 146))
2023-06-24 19:21:15,564	[INFO]	164     RUN_CODE_ERROR        None  [5 edit(s)]       
2023-06-24 19:21:42,590	[DEBUG]	LineDeletion(('core/Solver.cc', 'line', 900)) | LineDeletion(('core/Solver.cc', 'line', 183)) | LineDeletion(('core/Solver.cc', 'line', 701)) | LineInsertion(('core/Solver.cc', '_inter_line', 922), ('core/Solver.cc', 'line', 227)) | LineDeletion(('core/Solver.cc', 'line', 861))
2023-06-24 19:21:42,590	[INFO]	165     SUCCESS               23.8759 (63.19%) [5 edit(s)] 
2023-06-24 19:21:43,209	[DEBUG]	LineDeletion(('core/Solver.cc', 'line', 900)) | LineDeletion(('core/Solver.cc', 'line', 183)) | LineDeletion(('core/Solver.cc', 'line', 701)) | LineInsertion(('core/Solver.cc', '_inter_line', 922), ('core/Solver.cc', 'line', 227)) | LineInsertion(('core/Solver.cc', '_inter_line', 340), ('core/Solver.cc', 'line', 415))
2023-06-24 19:21:43,210	[INFO]	166     COMPILE_CODE_ERROR    None  [5 edit(s)]       
2023-06-24 19:21:43,689	[DEBUG]	LineDeletion(('core/Solver.cc', 'line', 900)) | LineDeletion(('core/Solver.cc', 'line', 183)) | LineDeletion(('core/Solver.cc', 'line', 701)) | LineInsertion(('core/Solver.cc', '_inter_line', 922), ('core/Solver.cc', 'line', 227)) | LineReplacement(('core/Solver.cc', 'line', 163), ('core/Solver.cc', 'line', 46))
2023-06-24 19:21:43,689	[INFO]	167     COMPILE_CODE_ERROR    None  [5 edit(s)]       
2023-06-24 19:22:10,836	[DEBUG]	LineDeletion(('core/Solver.cc', 'line', 900)) | LineDeletion(('core/Solver.cc', 'line', 183)) | LineDeletion(('core/Solver.cc', 'line', 701)) | LineInsertion(('core/Solver.cc', '_inter_line', 922), ('core/Solver.cc', 'line', 227)) | LineInsertion(('core/Solver.cc', '_inter_line', 656), ('core/Solver.cc', 'line', 64))
2023-06-24 19:22:10,836	[INFO]	168     SUCCESS               23.898 (63.25%) [5 edit(s)] 
2023-06-24 19:22:11,257	[DEBUG]	LineDeletion(('core/Solver.cc', 'line', 900)) | LineDeletion(('core/Solver.cc', 'line', 183)) | LineDeletion(('core/Solver.cc', 'line', 701)) | LineInsertion(('core/Solver.cc', '_inter_line', 922), ('core/Solver.cc', 'line', 227)) | LineReplacement(('core/Solver.cc', 'line', 410), ('core/Solver.cc', 'line', 500))
2023-06-24 19:22:11,257	[INFO]	169     COMPILE_CODE_ERROR    None  [5 edit(s)]       
2023-06-24 19:22:37,933	[DEBUG]	LineDeletion(('core/Solver.cc', 'line', 900)) | LineDeletion(('core/Solver.cc', 'line', 183)) | LineDeletion(('core/Solver.cc', 'line', 701)) | LineInsertion(('core/Solver.cc', '_inter_line', 922), ('core/Solver.cc', 'line', 227)) | LineInsertion(('core/Solver.cc', '_inter_line', 443), ('core/Solver.cc', 'line', 854))
2023-06-24 19:22:37,933	[INFO]	170     SUCCESS               23.5128 (62.23%) [5 edit(s)] 
2023-06-24 19:22:41,127	[DEBUG]	LineDeletion(('core/Solver.cc', 'line', 900)) | LineDeletion(('core/Solver.cc', 'line', 183)) | LineDeletion(('core/Solver.cc', 'line', 701)) | LineInsertion(('core/Solver.cc', '_inter_line', 922), ('core/Solver.cc', 'line', 227)) | LineDeletion(('core/Solver.cc', 'line', 360))
2023-06-24 19:22:41,127	[INFO]	171     RUN_CODE_ERROR        None  [5 edit(s)]       
2023-06-24 19:22:41,579	[DEBUG]	LineDeletion(('core/Solver.cc', 'line', 900)) | LineDeletion(('core/Solver.cc', 'line', 183)) | LineDeletion(('core/Solver.cc', 'line', 701)) | LineInsertion(('core/Solver.cc', '_inter_line', 922), ('core/Solver.cc', 'line', 227)) | LineReplacement(('core/Solver.cc', 'line', 270), ('core/Solver.cc', 'line', 931))
2023-06-24 19:22:41,579	[INFO]	172     COMPILE_CODE_ERROR    None  [5 edit(s)]       
2023-06-24 19:22:41,968	[DEBUG]	LineDeletion(('core/Solver.cc', 'line', 900)) | LineDeletion(('core/Solver.cc', 'line', 183)) | LineDeletion(('core/Solver.cc', 'line', 701)) | LineInsertion(('core/Solver.cc', '_inter_line', 922), ('core/Solver.cc', 'line', 227)) | LineReplacement(('core/Solver.cc', 'line', 888), ('core/Solver.cc', 'line', 705))
2023-06-24 19:22:41,968	[INFO]	173     COMPILE_CODE_ERROR    None  [5 edit(s)]       
2023-06-24 19:23:08,702	[DEBUG]	LineDeletion(('core/Solver.cc', 'line', 900)) | LineDeletion(('core/Solver.cc', 'line', 183)) | LineDeletion(('core/Solver.cc', 'line', 701)) | LineInsertion(('core/Solver.cc', '_inter_line', 922), ('core/Solver.cc', 'line', 227)) | LineDeletion(('core/Solver.cc', 'line', 857))
2023-06-24 19:23:08,702	[INFO]	174     SUCCESS               23.5538 (62.34%) [5 edit(s)] 
2023-06-24 19:23:09,100	[DEBUG]	LineDeletion(('core/Solver.cc', 'line', 900)) | LineDeletion(('core/Solver.cc', 'line', 183)) | LineDeletion(('core/Solver.cc', 'line', 701)) | LineInsertion(('core/Solver.cc', '_inter_line', 922), ('core/Solver.cc', 'line', 227)) | LineReplacement(('core/Solver.cc', 'line', 662), ('core/Solver.cc', 'line', 78))
2023-06-24 19:23:09,101	[INFO]	175     COMPILE_CODE_ERROR    None  [5 edit(s)]       
2023-06-24 19:23:35,780	[DEBUG]	LineDeletion(('core/Solver.cc', 'line', 900)) | LineDeletion(('core/Solver.cc', 'line', 183)) | LineDeletion(('core/Solver.cc', 'line', 701)) | LineInsertion(('core/Solver.cc', '_inter_line', 922), ('core/Solver.cc', 'line', 227)) | LineInsertion(('core/Solver.cc', '_inter_line', 480), ('core/Solver.cc', 'line', 492))
2023-06-24 19:23:35,780	[INFO]	176     SUCCESS               23.4414 (62.04%) [5 edit(s)] 
2023-06-24 19:24:26,819	[DEBUG]	LineDeletion(('core/Solver.cc', 'line', 900)) | LineDeletion(('core/Solver.cc', 'line', 183)) | LineDeletion(('core/Solver.cc', 'line', 701)) | LineInsertion(('core/Solver.cc', '_inter_line', 922), ('core/Solver.cc', 'line', 227)) | LineReplacement(('core/Solver.cc', 'line', 373), ('core/Solver.cc', 'line', 835))
2023-06-24 19:24:26,820	[INFO]	177     SUCCESS               47.744 (126.37%) [5 edit(s)] 
2023-06-24 19:24:27,225	[DEBUG]	LineDeletion(('core/Solver.cc', 'line', 900)) | LineDeletion(('core/Solver.cc', 'line', 183)) | LineDeletion(('core/Solver.cc', 'line', 701)) | LineInsertion(('core/Solver.cc', '_inter_line', 922), ('core/Solver.cc', 'line', 227)) | LineReplacement(('core/Solver.cc', 'line', 34), ('core/Solver.cc', 'line', 729))
2023-06-24 19:24:27,225	[INFO]	178     COMPILE_CODE_ERROR    None  [5 edit(s)]       
2023-06-24 19:24:27,633	[DEBUG]	LineDeletion(('core/Solver.cc', 'line', 900)) | LineDeletion(('core/Solver.cc', 'line', 183)) | LineDeletion(('core/Solver.cc', 'line', 701)) | LineInsertion(('core/Solver.cc', '_inter_line', 922), ('core/Solver.cc', 'line', 227)) | LineInsertion(('core/Solver.cc', '_inter_line', 246), ('core/Solver.cc', 'line', 928))
2023-06-24 19:24:27,633	[INFO]	179     COMPILE_CODE_ERROR    None  [5 edit(s)]       
2023-06-24 19:24:55,168	[DEBUG]	LineDeletion(('core/Solver.cc', 'line', 900)) | LineDeletion(('core/Solver.cc', 'line', 183)) | LineDeletion(('core/Solver.cc', 'line', 701)) | LineInsertion(('core/Solver.cc', '_inter_line', 922), ('core/Solver.cc', 'line', 227)) | LineDeletion(('core/Solver.cc', 'line', 217))
2023-06-24 19:24:55,168	[INFO]	180     SUCCESS               23.6969 (62.72%) [5 edit(s)] 
2023-06-24 19:25:22,168	[DEBUG]	LineDeletion(('core/Solver.cc', 'line', 900)) | LineDeletion(('core/Solver.cc', 'line', 183)) | LineDeletion(('core/Solver.cc', 'line', 701)) | LineInsertion(('core/Solver.cc', '_inter_line', 922), ('core/Solver.cc', 'line', 227)) | LineInsertion(('core/Solver.cc', '_inter_line', 143), ('core/Solver.cc', 'line', 273))
2023-06-24 19:25:22,169	[INFO]	181     SUCCESS               23.8265 (63.06%) [5 edit(s)] 
2023-06-24 19:25:25,485	[DEBUG]	LineDeletion(('core/Solver.cc', 'line', 900)) | LineDeletion(('core/Solver.cc', 'line', 183)) | LineDeletion(('core/Solver.cc', 'line', 701)) | LineInsertion(('core/Solver.cc', '_inter_line', 922), ('core/Solver.cc', 'line', 227)) | LineInsertion(('core/Solver.cc', '_inter_line', 662), ('core/Solver.cc', 'line', 602))
2023-06-24 19:25:25,486	[INFO]	182     RUN_CODE_ERROR        None  [5 edit(s)]       
2023-06-24 19:25:52,213	[DEBUG]	LineDeletion(('core/Solver.cc', 'line', 900)) | LineDeletion(('core/Solver.cc', 'line', 183)) | LineDeletion(('core/Solver.cc', 'line', 701)) | LineInsertion(('core/Solver.cc', '_inter_line', 922), ('core/Solver.cc', 'line', 227)) | LineDeletion(('core/Solver.cc', 'line', 575))
2023-06-24 19:25:52,213	[INFO]	183     SUCCESS               23.4999 (62.2%) [5 edit(s)] 
2023-06-24 19:25:52,628	[DEBUG]	LineDeletion(('core/Solver.cc', 'line', 900)) | LineDeletion(('core/Solver.cc', 'line', 183)) | LineDeletion(('core/Solver.cc', 'line', 701)) | LineInsertion(('core/Solver.cc', '_inter_line', 922), ('core/Solver.cc', 'line', 227)) | LineReplacement(('core/Solver.cc', 'line', 382), ('core/Solver.cc', 'line', 211))
2023-06-24 19:25:52,629	[INFO]	184     COMPILE_CODE_ERROR    None  [5 edit(s)]       
2023-06-24 19:25:53,017	[DEBUG]	LineDeletion(('core/Solver.cc', 'line', 900)) | LineDeletion(('core/Solver.cc', 'line', 183)) | LineDeletion(('core/Solver.cc', 'line', 701)) | LineInsertion(('core/Solver.cc', '_inter_line', 922), ('core/Solver.cc', 'line', 227)) | LineReplacement(('core/Solver.cc', 'line', 929), ('core/Solver.cc', 'line', 286))
2023-06-24 19:25:53,018	[INFO]	185     COMPILE_CODE_ERROR    None  [5 edit(s)]       
2023-06-24 19:25:53,430	[DEBUG]	LineDeletion(('core/Solver.cc', 'line', 900)) | LineDeletion(('core/Solver.cc', 'line', 183)) | LineDeletion(('core/Solver.cc', 'line', 701)) | LineInsertion(('core/Solver.cc', '_inter_line', 922), ('core/Solver.cc', 'line', 227)) | LineDeletion(('core/Solver.cc', 'line', 211))
2023-06-24 19:25:53,430	[INFO]	186     COMPILE_CODE_ERROR    None  [5 edit(s)]       
2023-06-24 19:26:20,155	[DEBUG]	LineDeletion(('core/Solver.cc', 'line', 900)) | LineDeletion(('core/Solver.cc', 'line', 183)) | LineDeletion(('core/Solver.cc', 'line', 701)) | LineInsertion(('core/Solver.cc', '_inter_line', 922), ('core/Solver.cc', 'line', 227)) | LineReplacement(('core/Solver.cc', 'line', 182), ('core/Solver.cc', 'line', 809))
2023-06-24 19:26:20,156	[INFO]	187     SUCCESS               23.5513 (62.33%) [5 edit(s)] 
2023-06-24 19:26:48,740	[DEBUG]	LineDeletion(('core/Solver.cc', 'line', 900)) | LineDeletion(('core/Solver.cc', 'line', 183)) | LineDeletion(('core/Solver.cc', 'line', 701)) | LineInsertion(('core/Solver.cc', '_inter_line', 922), ('core/Solver.cc', 'line', 227)) | LineDeletion(('core/Solver.cc', 'line', 356))
2023-06-24 19:26:48,741	[INFO]	188     SUCCESS               25.3608 (67.12%) [5 edit(s)] 
2023-06-24 19:27:15,566	[DEBUG]	LineDeletion(('core/Solver.cc', 'line', 900)) | LineDeletion(('core/Solver.cc', 'line', 183)) | LineDeletion(('core/Solver.cc', 'line', 701)) | LineInsertion(('core/Solver.cc', '_inter_line', 922), ('core/Solver.cc', 'line', 227)) | LineInsertion(('core/Solver.cc', '_inter_line', 809), ('core/Solver.cc', 'line', 1033))
2023-06-24 19:27:15,567	[INFO]	189     SUCCESS               23.6487 (62.59%) [5 edit(s)] 
2023-06-24 19:27:42,207	[DEBUG]	LineDeletion(('core/Solver.cc', 'line', 900)) | LineDeletion(('core/Solver.cc', 'line', 183)) | LineDeletion(('core/Solver.cc', 'line', 701)) | LineInsertion(('core/Solver.cc', '_inter_line', 922), ('core/Solver.cc', 'line', 227)) | LineReplacement(('core/Solver.cc', 'line', 169), ('core/Solver.cc', 'line', 335))
2023-06-24 19:27:42,207	[INFO]	190     SUCCESS               23.4093 (61.96%) [5 edit(s)] 
2023-06-24 19:28:09,544	[DEBUG]	LineDeletion(('core/Solver.cc', 'line', 900)) | LineDeletion(('core/Solver.cc', 'line', 183)) | LineDeletion(('core/Solver.cc', 'line', 701)) | LineInsertion(('core/Solver.cc', '_inter_line', 922), ('core/Solver.cc', 'line', 227)) | LineInsertion(('core/Solver.cc', '_inter_line', 181), ('core/Solver.cc', 'line', 883))
2023-06-24 19:28:09,544	[INFO]	191     SUCCESS               24.1135 (63.82%) [5 edit(s)] 
2023-06-24 19:28:09,950	[DEBUG]	LineDeletion(('core/Solver.cc', 'line', 900)) | LineDeletion(('core/Solver.cc', 'line', 183)) | LineDeletion(('core/Solver.cc', 'line', 701)) | LineInsertion(('core/Solver.cc', '_inter_line', 922), ('core/Solver.cc', 'line', 227)) | LineDeletion(('core/Solver.cc', 'line', 337))
2023-06-24 19:28:09,951	[INFO]	192     COMPILE_CODE_ERROR    None  [5 edit(s)]       
2023-06-24 19:28:13,198	[DEBUG]	LineDeletion(('core/Solver.cc', 'line', 900)) | LineDeletion(('core/Solver.cc', 'line', 183)) | LineDeletion(('core/Solver.cc', 'line', 701)) | LineInsertion(('core/Solver.cc', '_inter_line', 922), ('core/Solver.cc', 'line', 227)) | LineDeletion(('core/Solver.cc', 'line', 411))
2023-06-24 19:28:13,198	[INFO]	193     RUN_CODE_ERROR        None  [5 edit(s)]       
2023-06-24 19:28:13,621	[DEBUG]	LineDeletion(('core/Solver.cc', 'line', 900)) | LineDeletion(('core/Solver.cc', 'line', 183)) | LineDeletion(('core/Solver.cc', 'line', 701)) | LineInsertion(('core/Solver.cc', '_inter_line', 922), ('core/Solver.cc', 'line', 227)) | LineReplacement(('core/Solver.cc', 'line', 962), ('core/Solver.cc', 'line', 588))
2023-06-24 19:28:13,622	[INFO]	194     COMPILE_CODE_ERROR    None  [5 edit(s)]       
2023-06-24 19:28:40,667	[DEBUG]	LineDeletion(('core/Solver.cc', 'line', 900)) | LineDeletion(('core/Solver.cc', 'line', 183)) | LineDeletion(('core/Solver.cc', 'line', 701)) | LineInsertion(('core/Solver.cc', '_inter_line', 922), ('core/Solver.cc', 'line', 227)) | LineDeletion(('core/Solver.cc', 'line', 951))
2023-06-24 19:28:40,667	[INFO]	195     SUCCESS               23.8772 (63.2%) [5 edit(s)] 
2023-06-24 19:28:43,985	[DEBUG]	LineDeletion(('core/Solver.cc', 'line', 900)) | LineDeletion(('core/Solver.cc', 'line', 183)) | LineDeletion(('core/Solver.cc', 'line', 701)) | LineInsertion(('core/Solver.cc', '_inter_line', 922), ('core/Solver.cc', 'line', 227)) | LineDeletion(('core/Solver.cc', 'line', 202))
2023-06-24 19:28:43,985	[INFO]	196     RUN_CODE_ERROR        None  [5 edit(s)]       
2023-06-24 19:28:47,382	[DEBUG]	LineDeletion(('core/Solver.cc', 'line', 900)) | LineDeletion(('core/Solver.cc', 'line', 183)) | LineDeletion(('core/Solver.cc', 'line', 701)) | LineInsertion(('core/Solver.cc', '_inter_line', 922), ('core/Solver.cc', 'line', 227)) | LineDeletion(('core/Solver.cc', 'line', 499))
2023-06-24 19:28:47,383	[INFO]	197     RUN_CODE_ERROR        None  [5 edit(s)]       
2023-06-24 19:29:13,717	[DEBUG]	LineDeletion(('core/Solver.cc', 'line', 900)) | LineDeletion(('core/Solver.cc', 'line', 183)) | LineDeletion(('core/Solver.cc', 'line', 701)) | LineInsertion(('core/Solver.cc', '_inter_line', 922), ('core/Solver.cc', 'line', 227)) | LineDeletion(('core/Solver.cc', 'line', 1042))
2023-06-24 19:29:13,718	[INFO]	198     SUCCESS               23.2338 (61.49%) [5 edit(s)] 
2023-06-24 19:29:14,103	[DEBUG]	LineDeletion(('core/Solver.cc', 'line', 900)) | LineDeletion(('core/Solver.cc', 'line', 183)) | LineDeletion(('core/Solver.cc', 'line', 701)) | LineInsertion(('core/Solver.cc', '_inter_line', 922), ('core/Solver.cc', 'line', 227)) | LineReplacement(('core/Solver.cc', 'line', 626), ('core/Solver.cc', 'line', 598))
2023-06-24 19:29:14,104	[INFO]	199     COMPILE_CODE_ERROR    None  [5 edit(s)]       
2023-06-24 19:29:40,744	[DEBUG]	LineDeletion(('core/Solver.cc', 'line', 900)) | LineDeletion(('core/Solver.cc', 'line', 183)) | LineDeletion(('core/Solver.cc', 'line', 701)) | LineInsertion(('core/Solver.cc', '_inter_line', 922), ('core/Solver.cc', 'line', 227)) | LineDeletion(('core/Solver.cc', 'line', 248))
2023-06-24 19:29:40,744	[INFO]	200     SUCCESS               23.4584 (62.09%) [5 edit(s)] 
2023-06-24 19:30:07,594	[DEBUG]	LineDeletion(('core/Solver.cc', 'line', 900)) | LineDeletion(('core/Solver.cc', 'line', 183)) | LineDeletion(('core/Solver.cc', 'line', 701)) | LineInsertion(('core/Solver.cc', '_inter_line', 922), ('core/Solver.cc', 'line', 227)) | LineReplacement(('core/Solver.cc', 'line', 284), ('core/Solver.cc', 'line', 961))
2023-06-24 19:30:07,594	[INFO]	201     SUCCESS               23.6755 (62.66%) [5 edit(s)] 
2023-06-24 19:30:34,187	[DEBUG]	LineDeletion(('core/Solver.cc', 'line', 900)) | LineDeletion(('core/Solver.cc', 'line', 183)) | LineDeletion(('core/Solver.cc', 'line', 701)) | LineInsertion(('core/Solver.cc', '_inter_line', 922), ('core/Solver.cc', 'line', 227)) | LineInsertion(('core/Solver.cc', '_inter_line', 1044), ('core/Solver.cc', 'line', 404))
2023-06-24 19:30:34,187	[INFO]	202     SUCCESS               23.387 (61.9%) [5 edit(s)] 
2023-06-24 19:30:34,577	[DEBUG]	LineDeletion(('core/Solver.cc', 'line', 900)) | LineDeletion(('core/Solver.cc', 'line', 183)) | LineDeletion(('core/Solver.cc', 'line', 701)) | LineInsertion(('core/Solver.cc', '_inter_line', 922), ('core/Solver.cc', 'line', 227)) | LineDeletion(('core/Solver.cc', 'line', 958))
2023-06-24 19:30:34,578	[INFO]	203     COMPILE_CODE_ERROR    None  [5 edit(s)]       
2023-06-24 19:30:34,977	[DEBUG]	LineDeletion(('core/Solver.cc', 'line', 900)) | LineDeletion(('core/Solver.cc', 'line', 183)) | LineDeletion(('core/Solver.cc', 'line', 701)) | LineInsertion(('core/Solver.cc', '_inter_line', 922), ('core/Solver.cc', 'line', 227)) | LineInsertion(('core/Solver.cc', '_inter_line', 655), ('core/Solver.cc', 'line', 945))
2023-06-24 19:30:34,977	[INFO]	204     COMPILE_CODE_ERROR    None  [5 edit(s)]       
2023-06-24 19:30:35,384	[DEBUG]	LineDeletion(('core/Solver.cc', 'line', 900)) | LineDeletion(('core/Solver.cc', 'line', 183)) | LineDeletion(('core/Solver.cc', 'line', 701)) | LineInsertion(('core/Solver.cc', '_inter_line', 922), ('core/Solver.cc', 'line', 227)) | LineInsertion(('core/Solver.cc', '_inter_line', 40), ('core/Solver.cc', 'line', 237))
2023-06-24 19:30:35,385	[INFO]	205     COMPILE_CODE_ERROR    None  [5 edit(s)]       
2023-06-24 19:30:35,791	[DEBUG]	LineDeletion(('core/Solver.cc', 'line', 900)) | LineDeletion(('core/Solver.cc', 'line', 183)) | LineDeletion(('core/Solver.cc', 'line', 701)) | LineInsertion(('core/Solver.cc', '_inter_line', 922), ('core/Solver.cc', 'line', 227)) | LineInsertion(('core/Solver.cc', '_inter_line', 1014), ('core/Solver.cc', 'line', 676))
2023-06-24 19:30:35,791	[INFO]	206     COMPILE_CODE_ERROR    None  [5 edit(s)]       
2023-06-24 19:31:02,166	[DEBUG]	LineDeletion(('core/Solver.cc', 'line', 900)) | LineDeletion(('core/Solver.cc', 'line', 183)) | LineDeletion(('core/Solver.cc', 'line', 701)) | LineInsertion(('core/Solver.cc', '_inter_line', 922), ('core/Solver.cc', 'line', 227)) | LineDeletion(('core/Solver.cc', 'line', 64))
2023-06-24 19:31:02,167	[INFO]	207     SUCCESS               23.2512 (61.54%) [5 edit(s)] 
2023-06-24 19:31:54,438	[DEBUG]	LineDeletion(('core/Solver.cc', 'line', 900)) | LineDeletion(('core/Solver.cc', 'line', 183)) | LineDeletion(('core/Solver.cc', 'line', 701)) | LineInsertion(('core/Solver.cc', '_inter_line', 922), ('core/Solver.cc', 'line', 227)) | LineDeletion(('core/Solver.cc', 'line', 731))
2023-06-24 19:31:54,439	[INFO]	208     RUN_TIMEOUT           None  [5 edit(s)]       
2023-06-24 19:31:54,447	[INFO]	==== END ====
2023-06-24 19:31:54,447	[INFO]	Reason: time budget
2023-06-24 19:31:54,448	[INFO]	
2023-06-24 19:31:54,448	[INFO]	==== REPORT ====
2023-06-24 19:31:54,448	[INFO]	Termination: time budget
2023-06-24 19:31:54,448	[INFO]	Log file: /home/tsongpet/MSc-SSE-GI-project/_magpie_logs/minisat-hack_1687627764.log
2023-06-24 19:31:54,455	[INFO]	Patch file: _magpie_logs/minisat-hack_1687627764.patch
2023-06-24 19:31:54,456	[INFO]	Diff file: _magpie_logs/minisat-hack_1687627764.diff
2023-06-24 19:31:54,456	[INFO]	Best fitness: 22.9477
2023-06-24 19:31:54,456	[INFO]	Best patch: LineDeletion(('core/Solver.cc', 'line', 900)) | LineDeletion(('core/Solver.cc', 'line', 183)) | LineDeletion(('core/Solver.cc', 'line', 701)) | LineInsertion(('core/Solver.cc', '_inter_line', 922), ('core/Solver.cc', 'line', 227))
2023-06-24 19:31:54,456	[INFO]	Diff:
--- before: core/Solver.cc
+++ after: core/Solver.cc
@@ -181,7 +181,6 @@
     /*if (flag && (output != NULL)) {
       for (i = j = 0, p = lit_Undef; i < ps.size(); i++)
         fprintf(output, "%i ", (var(ps[i]) + 1) * (-2 * sign(ps[i]) + 1));
-      fprintf(output, "0\n");
 
       fprintf(output, "d ");
       for (i = j = 0, p = lit_Undef; i < oc.size(); i++)
@@ -699,7 +698,6 @@
         CRef confl = propagate();
         if (confl != CRef_Undef){
             // CONFLICT
-            conflicts++; conflictC++;
             if (conflicts % 5000 == 0 && var_decay < 0.95)
                 var_decay += 0.01;
             if (decisionLevel() == 0) return l_False;
@@ -898,7 +896,6 @@
     while (status == l_Undef){
         double rest_base = luby_restart ? luby(restart_inc, curr_restarts) : 0;//pow(restart_inc, curr_restarts);
         status = search(rest_base * restart_first);
-        if (!withinBudget()) break;
         curr_restarts++;
     }
 
@@ -920,6 +917,7 @@
 //=================================================================================================
 // Writing CNF to DIMACS:
 //
+
 // FIXME: this needs to be rewritten completely.
 
 static Var mapVar(Var x, vec<Var>& map, Var& max)

