2023-06-24 09:00:17,125	[DEBUG]	==== CONFIG ====
[magpie]
import = 
seed = 
log_dir = _magpie_logs
work_dir = _magpie_work
local_original_copy = False
local_original_name = __original__
output_encoding = ascii
edit_retries = 10
default_timeout = 30
default_lengthout = 1e6
diff_method = unified

[software]
path = code/minisat-hack
target_files = 
	core/Solver.cc
program = BasicProgram
engine_rules = 
	*.params : ConfigFileParamsEngine
	*.xml : SrcmlEngine
	* : LineEngine
engine_config = 
	*.params : [params]
	*.xml : [srcml]
setup_cmd = 
setup_timeout = 
setup_lengthout = 
compile_cmd = ./compile.sh
compile_timeout = 11
compile_lengthout = 
test_cmd = 
test_timeout = 
test_lengthout = 
run_cmd = perf stat run-sh/train_2.sh
run_timeout = 58
run_lengthout = 
fitness = perf_time

[srcml]
rename = 
	stmt: break continue decl_stmt do expr_stmt for goto if return switch while
	number: literal_number
focus = block stmt operator_comp operator_arith number
internodes = block
process_pseudo_blocks = True
process_literals = True
process_operators = True

[params]
timing = test run
cli_prefix = --
cli_glue = =
cli_boolean = show
cli_boolean_prefix_true = 
cli_boolean_prefix_false = no-
silent_prefix = @
silent_suffix = $

[search]
protocol = BasicProtocol
algorithm = FirstImprovement
possible_edits = 
	LineReplacement
	LineInsertion
	LineDeletion
warmup = 3
warmup_strategy = last
max_steps = 50
max_time = 86400
target_fitness = 
cache_maxsize = 40
cache_keep = 0.2

[search.ls]
delete_prob = 0.5
max_neighbours = 
when_trapped = continue
accept_fail = False
tabu_length = 10

[search.gp]
pop_size = 10
delete_prob = 0.5
offspring_elitism = 0.1
offspring_crossover = 0.5
offspring_mutation = 0.4
uniform_rate = 0.5


2023-06-24 09:00:17,126	[INFO]	==== WARMUP ====
2023-06-24 09:01:12,896	[INFO]	WARM    SUCCESS               48.4635                 
2023-06-24 09:02:03,524	[INFO]	WARM    SUCCESS               47.408                  
2023-06-24 09:02:53,410	[INFO]	WARM    SUCCESS               46.7369                 
2023-06-24 09:02:53,410	[INFO]	INITIAL SUCCESS               46.7369                 
2023-06-24 09:02:53,410	[INFO]	==== START: FirstImprovement ====
2023-06-24 09:02:56,780	[DEBUG]	LineDeletion(('core/Solver.cc', 'line', 819))
2023-06-24 09:02:56,781	[INFO]	1       RUN_CODE_ERROR        None  [1 edit(s)]       
2023-06-24 09:02:57,116	[DEBUG]	LineReplacement(('core/Solver.cc', 'line', 126), ('core/Solver.cc', 'line', 259))
2023-06-24 09:02:57,117	[INFO]	2       COMPILE_CODE_ERROR    None  [1 edit(s)]       
2023-06-24 09:02:57,517	[DEBUG]	LineInsertion(('core/Solver.cc', '_inter_line', 116), ('core/Solver.cc', 'line', 120))
2023-06-24 09:02:57,517	[INFO]	3       COMPILE_CODE_ERROR    None  [1 edit(s)]       
2023-06-24 09:02:57,940	[DEBUG]	LineReplacement(('core/Solver.cc', 'line', 95), ('core/Solver.cc', 'line', 497))
2023-06-24 09:02:57,940	[INFO]	4       COMPILE_CODE_ERROR    None  [1 edit(s)]       
2023-06-24 09:02:58,350	[DEBUG]	LineReplacement(('core/Solver.cc', 'line', 723), ('core/Solver.cc', 'line', 311))
2023-06-24 09:02:58,351	[INFO]	5       COMPILE_CODE_ERROR    None  [1 edit(s)]       
2023-06-24 09:03:46,726	[DEBUG]	LineInsertion(('core/Solver.cc', '_inter_line', 658), ('core/Solver.cc', 'line', 523))
2023-06-24 09:03:46,726	[INFO]	6       SUCCESS              *45.1241 (96.55%) [1 edit(s)] 
2023-06-24 09:03:46,734	[DEBUG]	--- before: core/Solver.cc
+++ after: core/Solver.cc
@@ -656,6 +656,7 @@
     for (i = j = 0; i < V.size(); i++)
         if (ca[V[i]].mark() != 3)
             V[j++] = V[i];
+        Watcher        *i, *j, *end;
     V.shrink(i - j);
 
     // Remove satisfied clauses:

2023-06-24 09:03:47,482	[DEBUG]	LineInsertion(('core/Solver.cc', '_inter_line', 658), ('core/Solver.cc', 'line', 523)) | LineDeletion(('core/Solver.cc', 'line', 0))
2023-06-24 09:03:47,483	[INFO]	7       COMPILE_CODE_ERROR    None  [2 edit(s)]       
2023-06-24 09:03:47,490	[DEBUG]	
2023-06-24 09:03:47,490	[INFO]	8       SUCCESS               46.7369 (100.0%) [0 edit(s)] 
2023-06-24 09:03:47,906	[DEBUG]	LineInsertion(('core/Solver.cc', '_inter_line', 658), ('core/Solver.cc', 'line', 523)) | LineDeletion(('core/Solver.cc', 'line', 925))
2023-06-24 09:03:47,906	[INFO]	9       COMPILE_CODE_ERROR    None  [2 edit(s)]       
2023-06-24 09:03:48,286	[DEBUG]	LineInsertion(('core/Solver.cc', '_inter_line', 658), ('core/Solver.cc', 'line', 523)) | LineReplacement(('core/Solver.cc', 'line', 203), ('core/Solver.cc', 'line', 711))
2023-06-24 09:03:48,286	[INFO]	10      COMPILE_CODE_ERROR    None  [2 edit(s)]       
2023-06-24 09:03:51,593	[DEBUG]	LineInsertion(('core/Solver.cc', '_inter_line', 658), ('core/Solver.cc', 'line', 523)) | LineDeletion(('core/Solver.cc', 'line', 445))
2023-06-24 09:03:51,593	[INFO]	11      RUN_CODE_ERROR        None  [2 edit(s)]       
2023-06-24 09:03:51,993	[DEBUG]	LineInsertion(('core/Solver.cc', '_inter_line', 658), ('core/Solver.cc', 'line', 523)) | LineDeletion(('core/Solver.cc', 'line', 603))
2023-06-24 09:03:51,993	[INFO]	12      COMPILE_CODE_ERROR    None  [2 edit(s)]       
2023-06-24 09:04:40,966	[DEBUG]	LineInsertion(('core/Solver.cc', '_inter_line', 658), ('core/Solver.cc', 'line', 523)) | LineDeletion(('core/Solver.cc', 'line', 208))
2023-06-24 09:04:40,966	[INFO]	13      SUCCESS               45.7717 (97.93%) [2 edit(s)] 
2023-06-24 09:04:41,372	[DEBUG]	LineInsertion(('core/Solver.cc', '_inter_line', 658), ('core/Solver.cc', 'line', 523)) | LineReplacement(('core/Solver.cc', 'line', 115), ('core/Solver.cc', 'line', 364))
2023-06-24 09:04:41,373	[INFO]	14      COMPILE_CODE_ERROR    None  [2 edit(s)]       
2023-06-24 09:04:41,770	[DEBUG]	LineInsertion(('core/Solver.cc', '_inter_line', 658), ('core/Solver.cc', 'line', 523)) | LineInsertion(('core/Solver.cc', '_inter_line', 279), ('core/Solver.cc', 'line', 601))
2023-06-24 09:04:41,771	[INFO]	15      COMPILE_CODE_ERROR    None  [2 edit(s)]       
2023-06-24 09:04:45,033	[DEBUG]	LineInsertion(('core/Solver.cc', '_inter_line', 658), ('core/Solver.cc', 'line', 523)) | LineReplacement(('core/Solver.cc', 'line', 139), ('core/Solver.cc', 'line', 967))
2023-06-24 09:04:45,034	[INFO]	16      RUN_CODE_ERROR        None  [2 edit(s)]       
2023-06-24 09:05:36,304	[DEBUG]	LineInsertion(('core/Solver.cc', '_inter_line', 658), ('core/Solver.cc', 'line', 523)) | LineDeletion(('core/Solver.cc', 'line', 619))
2023-06-24 09:05:36,304	[INFO]	17      SUCCESS               47.8744 (102.43%) [2 edit(s)] 
2023-06-24 09:05:36,710	[DEBUG]	LineInsertion(('core/Solver.cc', '_inter_line', 658), ('core/Solver.cc', 'line', 523)) | LineReplacement(('core/Solver.cc', 'line', 495), ('core/Solver.cc', 'line', 904))
2023-06-24 09:05:36,710	[INFO]	18      COMPILE_CODE_ERROR    None  [2 edit(s)]       
2023-06-24 09:06:24,935	[DEBUG]	LineInsertion(('core/Solver.cc', '_inter_line', 658), ('core/Solver.cc', 'line', 523)) | LineDeletion(('core/Solver.cc', 'line', 764))
2023-06-24 09:06:24,936	[INFO]	19      SUCCESS              *44.9645 (96.21%) [2 edit(s)] 
2023-06-24 09:06:24,944	[DEBUG]	--- before: core/Solver.cc
+++ after: core/Solver.cc
@@ -656,6 +656,7 @@
     for (i = j = 0; i < V.size(); i++)
         if (ca[V[i]].mark() != 3)
             V[j++] = V[i];
+        Watcher        *i, *j, *end;
     V.shrink(i - j);
 
     // Remove satisfied clauses:
@@ -762,7 +763,6 @@
             // NO CONFLICT
             if (luby_restart && conflictC >= nof_conflicts ||
                !luby_restart && LQ.size() == 50 && lS / 50. * K > gS / conflicts){// || !withinBudget()){
-                // Reached bound on number of conflicts:
                 lS = 0, LQ.clear();
                 progress_estimate = progressEstimate();
                 cancelUntil(0);

2023-06-24 09:07:16,648	[DEBUG]	LineDeletion(('core/Solver.cc', 'line', 764))
2023-06-24 09:07:16,648	[INFO]	20      SUCCESS               48.5151 (103.8%) [1 edit(s)] 
2023-06-24 09:07:17,050	[DEBUG]	LineInsertion(('core/Solver.cc', '_inter_line', 658), ('core/Solver.cc', 'line', 523)) | LineDeletion(('core/Solver.cc', 'line', 764)) | LineReplacement(('core/Solver.cc', 'line', 889), ('core/Solver.cc', 'line', 847))
2023-06-24 09:07:17,050	[INFO]	21      COMPILE_CODE_ERROR    None  [3 edit(s)]       
2023-06-24 09:08:06,429	[DEBUG]	LineInsertion(('core/Solver.cc', '_inter_line', 658), ('core/Solver.cc', 'line', 523)) | LineDeletion(('core/Solver.cc', 'line', 764)) | LineInsertion(('core/Solver.cc', '_inter_line', 833), ('core/Solver.cc', 'line', 85))
2023-06-24 09:08:06,429	[INFO]	22      SUCCESS               46.1482 (98.74%) [3 edit(s)] 
2023-06-24 09:08:55,026	[DEBUG]	LineInsertion(('core/Solver.cc', '_inter_line', 658), ('core/Solver.cc', 'line', 523)) | LineDeletion(('core/Solver.cc', 'line', 764)) | LineDeletion(('core/Solver.cc', 'line', 681))
2023-06-24 09:08:55,027	[INFO]	23      SUCCESS               45.4414 (97.23%) [3 edit(s)] 
2023-06-24 09:09:43,490	[DEBUG]	LineInsertion(('core/Solver.cc', '_inter_line', 658), ('core/Solver.cc', 'line', 523)) | LineDeletion(('core/Solver.cc', 'line', 764)) | LineInsertion(('core/Solver.cc', '_inter_line', 843), ('core/Solver.cc', 'line', 659))
2023-06-24 09:09:43,490	[INFO]	24      SUCCESS               45.2446 (96.81%) [3 edit(s)] 
2023-06-24 09:09:43,499	[DEBUG]	LineInsertion(('core/Solver.cc', '_inter_line', 658), ('core/Solver.cc', 'line', 523))
2023-06-24 09:09:43,499	[INFO]	25      SUCCESS               45.1241 (96.55%) [1 edit(s)] 
2023-06-24 09:09:46,758	[DEBUG]	LineInsertion(('core/Solver.cc', '_inter_line', 658), ('core/Solver.cc', 'line', 523)) | LineDeletion(('core/Solver.cc', 'line', 764)) | LineDeletion(('core/Solver.cc', 'line', 145))
2023-06-24 09:09:46,758	[INFO]	26      RUN_CODE_ERROR        None  [3 edit(s)]       
2023-06-24 09:09:47,193	[DEBUG]	LineInsertion(('core/Solver.cc', '_inter_line', 658), ('core/Solver.cc', 'line', 523)) | LineDeletion(('core/Solver.cc', 'line', 764)) | LineReplacement(('core/Solver.cc', 'line', 163), ('core/Solver.cc', 'line', 230))
2023-06-24 09:09:47,193	[INFO]	27      COMPILE_CODE_ERROR    None  [3 edit(s)]       
2023-06-24 09:09:47,588	[DEBUG]	LineInsertion(('core/Solver.cc', '_inter_line', 658), ('core/Solver.cc', 'line', 523)) | LineDeletion(('core/Solver.cc', 'line', 764)) | LineReplacement(('core/Solver.cc', 'line', 785), ('core/Solver.cc', 'line', 253))
2023-06-24 09:09:47,588	[INFO]	28      COMPILE_CODE_ERROR    None  [3 edit(s)]       
2023-06-24 09:09:47,986	[DEBUG]	LineInsertion(('core/Solver.cc', '_inter_line', 658), ('core/Solver.cc', 'line', 523)) | LineDeletion(('core/Solver.cc', 'line', 764)) | LineReplacement(('core/Solver.cc', 'line', 823), ('core/Solver.cc', 'line', 506))
2023-06-24 09:09:47,986	[INFO]	29      COMPILE_CODE_ERROR    None  [3 edit(s)]       
2023-06-24 09:10:04,685	[DEBUG]	LineInsertion(('core/Solver.cc', '_inter_line', 658), ('core/Solver.cc', 'line', 523)) | LineDeletion(('core/Solver.cc', 'line', 764)) | LineDeletion(('core/Solver.cc', 'line', 663))
2023-06-24 09:10:04,686	[INFO]	30      RUN_CODE_ERROR        None  [3 edit(s)]       
2023-06-24 09:10:54,234	[DEBUG]	LineInsertion(('core/Solver.cc', '_inter_line', 658), ('core/Solver.cc', 'line', 523)) | LineDeletion(('core/Solver.cc', 'line', 764)) | LineReplacement(('core/Solver.cc', 'line', 5), ('core/Solver.cc', 'line', 798))
2023-06-24 09:10:54,235	[INFO]	31      SUCCESS               46.4598 (99.41%) [3 edit(s)] 
2023-06-24 09:11:43,240	[DEBUG]	LineInsertion(('core/Solver.cc', '_inter_line', 658), ('core/Solver.cc', 'line', 523)) | LineDeletion(('core/Solver.cc', 'line', 764)) | LineReplacement(('core/Solver.cc', 'line', 979), ('core/Solver.cc', 'line', 922))
2023-06-24 09:11:43,240	[INFO]	32      SUCCESS               45.8754 (98.16%) [3 edit(s)] 
2023-06-24 09:11:43,640	[DEBUG]	LineInsertion(('core/Solver.cc', '_inter_line', 658), ('core/Solver.cc', 'line', 523)) | LineDeletion(('core/Solver.cc', 'line', 764)) | LineInsertion(('core/Solver.cc', '_inter_line', 150), ('core/Solver.cc', 'line', 734))
2023-06-24 09:11:43,641	[INFO]	33      COMPILE_CODE_ERROR    None  [3 edit(s)]       
2023-06-24 09:11:44,037	[DEBUG]	LineInsertion(('core/Solver.cc', '_inter_line', 658), ('core/Solver.cc', 'line', 523)) | LineDeletion(('core/Solver.cc', 'line', 764)) | LineInsertion(('core/Solver.cc', '_inter_line', 1014), ('core/Solver.cc', 'line', 301))
2023-06-24 09:11:44,037	[INFO]	34      COMPILE_CODE_ERROR    None  [3 edit(s)]       
2023-06-24 09:12:32,504	[DEBUG]	LineInsertion(('core/Solver.cc', '_inter_line', 658), ('core/Solver.cc', 'line', 523)) | LineDeletion(('core/Solver.cc', 'line', 764)) | LineInsertion(('core/Solver.cc', '_inter_line', 796), ('core/Solver.cc', 'line', 965))
2023-06-24 09:12:32,504	[INFO]	35      SUCCESS               45.3069 (96.94%) [3 edit(s)] 
2023-06-24 09:13:21,940	[DEBUG]	LineInsertion(('core/Solver.cc', '_inter_line', 658), ('core/Solver.cc', 'line', 523)) | LineDeletion(('core/Solver.cc', 'line', 764)) | LineInsertion(('core/Solver.cc', '_inter_line', 654), ('core/Solver.cc', 'line', 831))
2023-06-24 09:13:21,940	[INFO]	36      SUCCESS               46.2691 (99.0%) [3 edit(s)] 
2023-06-24 09:14:10,524	[DEBUG]	LineInsertion(('core/Solver.cc', '_inter_line', 658), ('core/Solver.cc', 'line', 523)) | LineDeletion(('core/Solver.cc', 'line', 764)) | LineReplacement(('core/Solver.cc', 'line', 257), ('core/Solver.cc', 'line', 818))
2023-06-24 09:14:10,525	[INFO]	37      SUCCESS               45.3627 (97.06%) [3 edit(s)] 
2023-06-24 09:14:58,880	[DEBUG]	LineInsertion(('core/Solver.cc', '_inter_line', 658), ('core/Solver.cc', 'line', 523)) | LineDeletion(('core/Solver.cc', 'line', 764)) | LineInsertion(('core/Solver.cc', '_inter_line', 323), ('core/Solver.cc', 'line', 61))
2023-06-24 09:14:58,881	[INFO]	38      SUCCESS               45.1048 (96.51%) [3 edit(s)] 
2023-06-24 09:14:59,294	[DEBUG]	LineInsertion(('core/Solver.cc', '_inter_line', 658), ('core/Solver.cc', 'line', 523)) | LineDeletion(('core/Solver.cc', 'line', 764)) | LineInsertion(('core/Solver.cc', '_inter_line', 104), ('core/Solver.cc', 'line', 216))
2023-06-24 09:14:59,294	[INFO]	39      COMPILE_CODE_ERROR    None  [3 edit(s)]       
2023-06-24 09:14:59,687	[DEBUG]	LineInsertion(('core/Solver.cc', '_inter_line', 658), ('core/Solver.cc', 'line', 523)) | LineDeletion(('core/Solver.cc', 'line', 764)) | LineInsertion(('core/Solver.cc', '_inter_line', 1038), ('core/Solver.cc', 'line', 412))
2023-06-24 09:14:59,688	[INFO]	40      COMPILE_CODE_ERROR    None  [3 edit(s)]       
2023-06-24 09:15:48,984	[DEBUG]	LineInsertion(('core/Solver.cc', '_inter_line', 658), ('core/Solver.cc', 'line', 523)) | LineDeletion(('core/Solver.cc', 'line', 764)) | LineDeletion(('core/Solver.cc', 'line', 948))
2023-06-24 09:15:48,985	[INFO]	41      SUCCESS               46.0095 (98.44%) [3 edit(s)] 
2023-06-24 09:16:38,167	[DEBUG]	LineInsertion(('core/Solver.cc', '_inter_line', 658), ('core/Solver.cc', 'line', 523)) | LineDeletion(('core/Solver.cc', 'line', 764)) | LineInsertion(('core/Solver.cc', '_inter_line', 9), ('core/Solver.cc', 'line', 180))
2023-06-24 09:16:38,168	[INFO]	42      SUCCESS               46.0587 (98.55%) [3 edit(s)] 
2023-06-24 09:16:38,584	[DEBUG]	LineInsertion(('core/Solver.cc', '_inter_line', 658), ('core/Solver.cc', 'line', 523)) | LineDeletion(('core/Solver.cc', 'line', 764)) | LineInsertion(('core/Solver.cc', '_inter_line', 484), ('core/Solver.cc', 'line', 853))
2023-06-24 09:16:38,584	[INFO]	43      COMPILE_CODE_ERROR    None  [3 edit(s)]       
2023-06-24 09:17:27,299	[DEBUG]	LineInsertion(('core/Solver.cc', '_inter_line', 658), ('core/Solver.cc', 'line', 523)) | LineDeletion(('core/Solver.cc', 'line', 764)) | LineInsertion(('core/Solver.cc', '_inter_line', 761), ('core/Solver.cc', 'line', 61))
2023-06-24 09:17:27,300	[INFO]	44      SUCCESS               45.4276 (97.2%) [3 edit(s)] 
2023-06-24 09:18:17,328	[DEBUG]	LineInsertion(('core/Solver.cc', '_inter_line', 658), ('core/Solver.cc', 'line', 523)) | LineDeletion(('core/Solver.cc', 'line', 764)) | LineInsertion(('core/Solver.cc', '_inter_line', 459), ('core/Solver.cc', 'line', 58))
2023-06-24 09:18:17,329	[INFO]	45      SUCCESS               46.7948 (100.12%) [3 edit(s)] 
2023-06-24 09:18:17,694	[DEBUG]	LineInsertion(('core/Solver.cc', '_inter_line', 658), ('core/Solver.cc', 'line', 523)) | LineDeletion(('core/Solver.cc', 'line', 764)) | LineReplacement(('core/Solver.cc', 'line', 500), ('core/Solver.cc', 'line', 774))
2023-06-24 09:18:17,694	[INFO]	46      COMPILE_CODE_ERROR    None  [3 edit(s)]       
2023-06-24 09:19:07,477	[DEBUG]	LineInsertion(('core/Solver.cc', '_inter_line', 658), ('core/Solver.cc', 'line', 523)) | LineDeletion(('core/Solver.cc', 'line', 764)) | LineInsertion(('core/Solver.cc', '_inter_line', 952), ('core/Solver.cc', 'line', 1022))
2023-06-24 09:19:07,477	[INFO]	47      SUCCESS               46.1166 (98.67%) [3 edit(s)] 
2023-06-24 09:19:56,100	[DEBUG]	LineInsertion(('core/Solver.cc', '_inter_line', 658), ('core/Solver.cc', 'line', 523)) | LineDeletion(('core/Solver.cc', 'line', 764)) | LineDeletion(('core/Solver.cc', 'line', 658))
2023-06-24 09:19:56,100	[INFO]	48      SUCCESS               45.3704 (97.08%) [3 edit(s)] 
2023-06-24 09:19:59,315	[DEBUG]	LineInsertion(('core/Solver.cc', '_inter_line', 658), ('core/Solver.cc', 'line', 523)) | LineDeletion(('core/Solver.cc', 'line', 764)) | LineReplacement(('core/Solver.cc', 'line', 115), ('core/Solver.cc', 'line', 831))
2023-06-24 09:19:59,316	[INFO]	49      RUN_CODE_ERROR        None  [3 edit(s)]       
2023-06-24 09:19:59,700	[DEBUG]	LineInsertion(('core/Solver.cc', '_inter_line', 658), ('core/Solver.cc', 'line', 523)) | LineDeletion(('core/Solver.cc', 'line', 764)) | LineInsertion(('core/Solver.cc', '_inter_line', 821), ('core/Solver.cc', 'line', 925))
2023-06-24 09:19:59,701	[INFO]	50      COMPILE_CODE_ERROR    None  [3 edit(s)]       
2023-06-24 09:19:59,709	[INFO]	==== END ====
2023-06-24 09:19:59,709	[INFO]	Reason: step budget
2023-06-24 09:19:59,709	[INFO]	
2023-06-24 09:19:59,709	[INFO]	==== REPORT ====
2023-06-24 09:19:59,710	[INFO]	Termination: step budget
2023-06-24 09:19:59,710	[INFO]	Log file: /home/tsongpet/MSc-SSE-GI-project/_magpie_logs/minisat-hack_1687593616.log
2023-06-24 09:19:59,717	[INFO]	Patch file: _magpie_logs/minisat-hack_1687593616.patch
2023-06-24 09:19:59,717	[INFO]	Diff file: _magpie_logs/minisat-hack_1687593616.diff
2023-06-24 09:19:59,717	[INFO]	Best fitness: 44.9645
2023-06-24 09:19:59,717	[INFO]	Best patch: LineInsertion(('core/Solver.cc', '_inter_line', 658), ('core/Solver.cc', 'line', 523)) | LineDeletion(('core/Solver.cc', 'line', 764))
2023-06-24 09:19:59,718	[INFO]	Diff:
--- before: core/Solver.cc
+++ after: core/Solver.cc
@@ -656,6 +656,7 @@
     for (i = j = 0; i < V.size(); i++)
         if (ca[V[i]].mark() != 3)
             V[j++] = V[i];
+        Watcher        *i, *j, *end;
     V.shrink(i - j);
 
     // Remove satisfied clauses:
@@ -762,7 +763,6 @@
             // NO CONFLICT
             if (luby_restart && conflictC >= nof_conflicts ||
                !luby_restart && LQ.size() == 50 && lS / 50. * K > gS / conflicts){// || !withinBudget()){
-                // Reached bound on number of conflicts:
                 lS = 0, LQ.clear();
                 progress_estimate = progressEstimate();
                 cancelUntil(0);

