2023-08-05 18:17:50,248	[DEBUG]	==== CONFIG ====
[magpie]
import = 
seed = 
log_dir = _magpie_logs
work_dir = _magpie_work
local_original_copy = False
local_original_name = __original__
output_encoding = ascii
edit_retries = 10
default_timeout = 30
default_lengthout = 1e6
diff_method = unified

[software]
path = code/minisat-hack
target_files = 
	core/Solver.cc.xml
	minisat.params
program = BasicProgram
engine_rules = 
	*.params : ConfigFileParamsEngine
	*.xml : SrcmlEngine
	* : LineEngine
engine_config = 
	*.params : [params]
	*.xml : [srcml]
setup_cmd = ./compile.sh
setup_timeout = 
setup_lengthout = 
compile_cmd = ./compile.sh
compile_timeout = 16
compile_lengthout = 
test_cmd = 
test_timeout = 
test_lengthout = 
run_cmd = perf stat run-sh/test_6.sh
run_timeout = 5287
run_lengthout = 
fitness = perf_instructions

[srcml]
rename = 
	stmt: break continue decl_stmt do expr_stmt for goto if return switch while
	number: literal_number
focus = block stmt operator_comp operator_arith number
internodes = block
process_pseudo_blocks = True
process_literals = True
process_operators = True

[params]
timing = test run
cli_prefix = --
cli_glue = =
cli_boolean = show
cli_boolean_prefix_true = 
cli_boolean_prefix_false = no-
silent_prefix = @
silent_suffix = $

[search]
protocol = BasicProtocol
algorithm = ValidTest
possible_edits = 
	ParamSetting
warmup = 1
warmup_strategy = last
max_steps = 
max_time = 
target_fitness = 
cache_maxsize = 40
cache_keep = 0.2

[search.ls]
delete_prob = 0.5
max_neighbours = 
when_trapped = continue
accept_fail = False
tabu_length = 10

[search.gp]
pop_size = 10
delete_prob = 0.5
offspring_elitism = 0.1
offspring_crossover = 0.5
offspring_mutation = 0.4
uniform_rate = 0.5

[search.ga]
pop_size = 10
elitism_size = 2
cxpb_chrm = 0.5
cxpb_gene = 0.5
mutpb_chrm = 0.2
mutpb_gene = 0.1
gi_delete_prob = 0.5
gi_create_prob = 0.5
tournament_size = 3

[search.pso]
pop_size = 10
speed_min = -3
speed_max = 3
c1 = 1.49
c2 = 1.49


2023-08-05 18:17:50,249	[INFO]	==== WARMUP ====
2023-08-05 19:41:28,398	[INFO]	WARM    SUCCESS               8210375218159           
2023-08-05 19:41:28,399	[INFO]	INITIAL SUCCESS               8210375218159           
2023-08-05 19:41:28,399	[INFO]	==== START: ValidTest ====
2023-08-05 19:41:28,446	[DEBUG]	CLEAN_PATCH: ParamSetting(('minisat.params', 'cp-increase'), 5168) | ParamSetting(('minisat.params', 'R-val'), 1.870049376946157) | ParamSetting(('minisat.params', 'rnd-init'), 'True') | ParamSetting(('minisat.params', 'gc-frac'), 0.8371989430347678) | ParamSetting(('minisat.params', 'cl-lim'), 1027)
2023-08-05 19:41:28,446	[DEBUG]	CLEAN_SIZE: 5 (was 5)
2023-08-05 21:02:17,637	[DEBUG]	ParamSetting(('minisat.params', 'cp-increase'), 5168) | ParamSetting(('minisat.params', 'R-val'), 1.870049376946157) | ParamSetting(('minisat.params', 'rnd-init'), 'True') | ParamSetting(('minisat.params', 'gc-frac'), 0.8371989430347678) | ParamSetting(('minisat.params', 'cl-lim'), 1027)
2023-08-05 21:02:17,638	[INFO]	1       SUCCESS              *7869973917542 (95.85%) [5 edit(s)] 
2023-08-05 21:02:17,648	[DEBUG]	--- before: minisat.params
+++ after: minisat.params
@@ -1,22 +1,22 @@
 lbd-cut := 5
 lbd-cut-max := 10
-cp-increase := 15000
+cp-increase := 5168
 core-tolerance := 0.02
-R-val := 1.4
+R-val := 1.870049376946157
 var-decay := 0.8
 cla-decay := 0.999
 rnd-freq := 0.0
 ccmin-mode := '2'
 phase-saving := '2'
-rnd-init := 'False'
+rnd-init := 'True'
 luby := 0
-gc-frac := 0.2
+gc-frac := 0.8371989430347678
 verb := '1'
 pre := 'True'
 asymm := 'False'
 rcheck := 'False'
 elim := 'True'
 grow := 0
-cl-lim := 20
+cl-lim := 1027
 sub-lim := 1000
 simp-gc-frac := 0.5

2023-08-05 21:02:17,656	[INFO]	==== END ====
2023-08-05 21:02:17,656	[INFO]	Reason: validation end
2023-08-05 21:02:17,657	[INFO]	
2023-08-05 21:02:17,657	[INFO]	==== REPORT ====
2023-08-05 21:02:17,657	[INFO]	Termination: validation end
2023-08-05 21:02:17,657	[INFO]	Log file: /cs/student/projects1/sse/2022/tsongpet/MSc-SSE-GI-project/_magpie_logs/minisat-hack_1691255867.log
2023-08-05 21:02:17,665	[INFO]	Patch file: _magpie_logs/minisat-hack_1691255867.patch
2023-08-05 21:02:17,665	[INFO]	Diff file: _magpie_logs/minisat-hack_1691255867.diff
2023-08-05 21:02:17,665	[INFO]	Best fitness: 7869973917542
2023-08-05 21:02:17,665	[INFO]	Best patch: ParamSetting(('minisat.params', 'cp-increase'), 5168) | ParamSetting(('minisat.params', 'R-val'), 1.870049376946157) | ParamSetting(('minisat.params', 'rnd-init'), 'True') | ParamSetting(('minisat.params', 'gc-frac'), 0.8371989430347678) | ParamSetting(('minisat.params', 'cl-lim'), 1027)
2023-08-05 21:02:17,665	[INFO]	Diff:
--- before: minisat.params
+++ after: minisat.params
@@ -1,22 +1,22 @@
 lbd-cut := 5
 lbd-cut-max := 10
-cp-increase := 15000
+cp-increase := 5168
 core-tolerance := 0.02
-R-val := 1.4
+R-val := 1.870049376946157
 var-decay := 0.8
 cla-decay := 0.999
 rnd-freq := 0.0
 ccmin-mode := '2'
 phase-saving := '2'
-rnd-init := 'False'
+rnd-init := 'True'
 luby := 0
-gc-frac := 0.2
+gc-frac := 0.8371989430347678
 verb := '1'
 pre := 'True'
 asymm := 'False'
 rcheck := 'False'
 elim := 'True'
 grow := 0
-cl-lim := 20
+cl-lim := 1027
 sub-lim := 1000
 simp-gc-frac := 0.5

