2023-06-24 10:16:06,319	[DEBUG]	==== CONFIG ====
[magpie]
import = 
seed = 
log_dir = _magpie_logs
work_dir = _magpie_work
local_original_copy = False
local_original_name = __original__
output_encoding = ascii
edit_retries = 10
default_timeout = 30
default_lengthout = 1e6
diff_method = unified

[software]
path = code/minisat-hack
target_files = 
	core/Solver.cc
program = BasicProgram
engine_rules = 
	*.params : ConfigFileParamsEngine
	*.xml : SrcmlEngine
	* : LineEngine
engine_config = 
	*.params : [params]
	*.xml : [srcml]
setup_cmd = 
setup_timeout = 
setup_lengthout = 
compile_cmd = ./compile.sh
compile_timeout = 11
compile_lengthout = 
test_cmd = 
test_timeout = 
test_lengthout = 
run_cmd = perf stat run-sh/train_2.sh
run_timeout = 58
run_lengthout = 
fitness = perf_time

[srcml]
rename = 
	stmt: break continue decl_stmt do expr_stmt for goto if return switch while
	number: literal_number
focus = block stmt operator_comp operator_arith number
internodes = block
process_pseudo_blocks = True
process_literals = True
process_operators = True

[params]
timing = test run
cli_prefix = --
cli_glue = =
cli_boolean = show
cli_boolean_prefix_true = 
cli_boolean_prefix_false = no-
silent_prefix = @
silent_suffix = $

[search]
protocol = BasicProtocol
algorithm = FirstImprovement
possible_edits = 
	LineReplacement
	LineInsertion
	LineDeletion
warmup = 3
warmup_strategy = last
max_steps = 200
max_time = 86400
target_fitness = 
cache_maxsize = 40
cache_keep = 0.2

[search.ls]
delete_prob = 0.5
max_neighbours = 
when_trapped = continue
accept_fail = False
tabu_length = 10

[search.gp]
pop_size = 10
delete_prob = 0.5
offspring_elitism = 0.1
offspring_crossover = 0.5
offspring_mutation = 0.4
uniform_rate = 0.5


2023-06-24 10:16:06,320	[INFO]	==== WARMUP ====
2023-06-24 10:17:00,896	[INFO]	WARM    SUCCESS               47.1599                 
2023-06-24 10:17:52,411	[INFO]	WARM    SUCCESS               48.3926                 
2023-06-24 10:18:42,978	[INFO]	WARM    SUCCESS               47.1042                 
2023-06-24 10:18:42,978	[INFO]	INITIAL SUCCESS               47.1042                 
2023-06-24 10:18:42,979	[INFO]	==== START: FirstImprovement ====
2023-06-24 10:18:46,304	[DEBUG]	LineDeletion(('core/Solver.cc', 'line', 104))
2023-06-24 10:18:46,304	[INFO]	1       RUN_CODE_ERROR        None  [1 edit(s)]       
2023-06-24 10:19:37,217	[DEBUG]	LineDeletion(('core/Solver.cc', 'line', 321))
2023-06-24 10:19:37,217	[INFO]	2       SUCCESS               47.6413 (101.14%) [1 edit(s)] 
2023-06-24 10:19:40,580	[DEBUG]	LineDeletion(('core/Solver.cc', 'line', 362))
2023-06-24 10:19:40,581	[INFO]	3       RUN_CODE_ERROR        None  [1 edit(s)]       
2023-06-24 10:19:41,438	[DEBUG]	LineInsertion(('core/Solver.cc', '_inter_line', 407), ('core/Solver.cc', 'line', 293))
2023-06-24 10:19:41,438	[INFO]	4       COMPILE_CODE_ERROR    None  [1 edit(s)]       
2023-06-24 10:19:42,151	[DEBUG]	LineInsertion(('core/Solver.cc', '_inter_line', 912), ('core/Solver.cc', 'line', 216))
2023-06-24 10:19:42,151	[INFO]	5       COMPILE_CODE_ERROR    None  [1 edit(s)]       
2023-06-24 10:20:33,632	[DEBUG]	LineDeletion(('core/Solver.cc', 'line', 999))
2023-06-24 10:20:33,632	[INFO]	6       SUCCESS               48.306 (102.55%) [1 edit(s)] 
2023-06-24 10:20:34,022	[DEBUG]	LineReplacement(('core/Solver.cc', 'line', 932), ('core/Solver.cc', 'line', 302))
2023-06-24 10:20:34,022	[INFO]	7       COMPILE_CODE_ERROR    None  [1 edit(s)]       
2023-06-24 10:21:25,668	[DEBUG]	LineInsertion(('core/Solver.cc', '_inter_line', 539), ('core/Solver.cc', 'line', 894))
2023-06-24 10:21:25,669	[INFO]	8       SUCCESS               48.5388 (103.05%) [1 edit(s)] 
2023-06-24 10:21:26,077	[DEBUG]	LineReplacement(('core/Solver.cc', 'line', 469), ('core/Solver.cc', 'line', 378))
2023-06-24 10:21:26,078	[INFO]	9       COMPILE_CODE_ERROR    None  [1 edit(s)]       
2023-06-24 10:21:26,472	[DEBUG]	LineInsertion(('core/Solver.cc', '_inter_line', 503), ('core/Solver.cc', 'line', 672))
2023-06-24 10:21:26,472	[INFO]	10      COMPILE_CODE_ERROR    None  [1 edit(s)]       
2023-06-24 10:21:26,870	[DEBUG]	LineInsertion(('core/Solver.cc', '_inter_line', 697), ('core/Solver.cc', 'line', 530))
2023-06-24 10:21:26,870	[INFO]	11      COMPILE_CODE_ERROR    None  [1 edit(s)]       
2023-06-24 10:22:18,144	[DEBUG]	LineDeletion(('core/Solver.cc', 'line', 830))
2023-06-24 10:22:18,144	[INFO]	12      SUCCESS               48.0418 (101.99%) [1 edit(s)] 
2023-06-24 10:22:18,537	[DEBUG]	LineInsertion(('core/Solver.cc', '_inter_line', 338), ('core/Solver.cc', 'line', 494))
2023-06-24 10:22:18,537	[INFO]	13      COMPILE_CODE_ERROR    None  [1 edit(s)]       
2023-06-24 10:23:09,294	[DEBUG]	LineInsertion(('core/Solver.cc', '_inter_line', 121), ('core/Solver.cc', 'line', 764))
2023-06-24 10:23:09,294	[INFO]	14      SUCCESS               47.5353 (100.92%) [1 edit(s)] 
2023-06-24 10:23:59,895	[DEBUG]	LineInsertion(('core/Solver.cc', '_inter_line', 34), ('core/Solver.cc', 'line', 995))
2023-06-24 10:23:59,895	[INFO]	15      SUCCESS               47.3801 (100.59%) [1 edit(s)] 
2023-06-24 10:24:51,231	[DEBUG]	LineDeletion(('core/Solver.cc', 'line', 489))
2023-06-24 10:24:51,231	[INFO]	16      SUCCESS               48.162 (102.25%) [1 edit(s)] 
2023-06-24 10:25:41,902	[DEBUG]	LineReplacement(('core/Solver.cc', 'line', 918), ('core/Solver.cc', 'line', 323))
2023-06-24 10:25:41,903	[INFO]	17      SUCCESS               47.5294 (100.9%) [1 edit(s)] 
2023-06-24 10:26:32,530	[DEBUG]	LineReplacement(('core/Solver.cc', 'line', 971), ('core/Solver.cc', 'line', 565))
2023-06-24 10:26:32,531	[INFO]	18      SUCCESS               47.4284 (100.69%) [1 edit(s)] 
2023-06-24 10:27:22,703	[DEBUG]	LineInsertion(('core/Solver.cc', '_inter_line', 195), ('core/Solver.cc', 'line', 256))
2023-06-24 10:27:22,704	[INFO]	19      SUCCESS              *47.0557 (99.9%) [1 edit(s)] 
2023-06-24 10:27:22,712	[DEBUG]	--- before: core/Solver.cc
+++ after: core/Solver.cc
@@ -193,6 +193,7 @@
         return ok = false;
     else if (ps.size() == 1){
         uncheckedEnqueue(ps[0]);
+
         return ok = (propagate() == CRef_Undef);
     }else{
         CRef cr = ca.alloc(ps, false);

2023-06-24 10:27:23,116	[DEBUG]	LineInsertion(('core/Solver.cc', '_inter_line', 195), ('core/Solver.cc', 'line', 256)) | LineInsertion(('core/Solver.cc', '_inter_line', 232), ('core/Solver.cc', 'line', 238))
2023-06-24 10:27:23,117	[INFO]	20      COMPILE_CODE_ERROR    None  [2 edit(s)]       
2023-06-24 10:28:13,478	[DEBUG]	LineInsertion(('core/Solver.cc', '_inter_line', 195), ('core/Solver.cc', 'line', 256)) | LineDeletion(('core/Solver.cc', 'line', 153))
2023-06-24 10:28:13,479	[INFO]	21      SUCCESS               47.1132 (100.02%) [2 edit(s)] 
2023-06-24 10:28:13,486	[DEBUG]	
2023-06-24 10:28:13,486	[INFO]	22      SUCCESS               47.1042 (100.0%) [0 edit(s)] 
2023-06-24 10:29:04,259	[DEBUG]	LineInsertion(('core/Solver.cc', '_inter_line', 195), ('core/Solver.cc', 'line', 256)) | LineReplacement(('core/Solver.cc', 'line', 11), ('core/Solver.cc', 'line', 41))
2023-06-24 10:29:04,259	[INFO]	23      SUCCESS               47.5873 (101.03%) [2 edit(s)] 
2023-06-24 10:29:54,730	[DEBUG]	LineInsertion(('core/Solver.cc', '_inter_line', 195), ('core/Solver.cc', 'line', 256)) | LineInsertion(('core/Solver.cc', '_inter_line', 988), ('core/Solver.cc', 'line', 192))
2023-06-24 10:29:54,730	[INFO]	24      SUCCESS               47.2867 (100.39%) [2 edit(s)] 
2023-06-24 10:30:45,385	[DEBUG]	LineInsertion(('core/Solver.cc', '_inter_line', 195), ('core/Solver.cc', 'line', 256)) | LineDeletion(('core/Solver.cc', 'line', 915))
2023-06-24 10:30:45,386	[INFO]	25      SUCCESS               47.4289 (100.69%) [2 edit(s)] 
2023-06-24 10:31:35,917	[DEBUG]	LineInsertion(('core/Solver.cc', '_inter_line', 195), ('core/Solver.cc', 'line', 256)) | LineInsertion(('core/Solver.cc', '_inter_line', 708), ('core/Solver.cc', 'line', 492))
2023-06-24 10:31:35,917	[INFO]	26      SUCCESS               47.3343 (100.49%) [2 edit(s)] 
2023-06-24 10:31:36,304	[DEBUG]	LineInsertion(('core/Solver.cc', '_inter_line', 195), ('core/Solver.cc', 'line', 256)) | LineInsertion(('core/Solver.cc', '_inter_line', 1009), ('core/Solver.cc', 'line', 163))
2023-06-24 10:31:36,304	[INFO]	27      COMPILE_CODE_ERROR    None  [2 edit(s)]       
2023-06-24 10:32:26,870	[DEBUG]	LineInsertion(('core/Solver.cc', '_inter_line', 195), ('core/Solver.cc', 'line', 256)) | LineInsertion(('core/Solver.cc', '_inter_line', 152), ('core/Solver.cc', 'line', 91))
2023-06-24 10:32:26,871	[INFO]	28      SUCCESS               47.4304 (100.69%) [2 edit(s)] 
2023-06-24 10:32:27,280	[DEBUG]	LineInsertion(('core/Solver.cc', '_inter_line', 195), ('core/Solver.cc', 'line', 256)) | LineDeletion(('core/Solver.cc', 'line', 426))
2023-06-24 10:32:27,280	[INFO]	29      COMPILE_CODE_ERROR    None  [2 edit(s)]       
2023-06-24 10:32:27,682	[DEBUG]	LineInsertion(('core/Solver.cc', '_inter_line', 195), ('core/Solver.cc', 'line', 256)) | LineDeletion(('core/Solver.cc', 'line', 155))
2023-06-24 10:32:27,682	[INFO]	30      COMPILE_CODE_ERROR    None  [2 edit(s)]       
2023-06-24 10:32:31,045	[DEBUG]	LineInsertion(('core/Solver.cc', '_inter_line', 195), ('core/Solver.cc', 'line', 256)) | LineDeletion(('core/Solver.cc', 'line', 826))
2023-06-24 10:32:31,045	[INFO]	31      RUN_CODE_ERROR        None  [2 edit(s)]       
2023-06-24 10:32:31,451	[DEBUG]	LineInsertion(('core/Solver.cc', '_inter_line', 195), ('core/Solver.cc', 'line', 256)) | LineReplacement(('core/Solver.cc', 'line', 250), ('core/Solver.cc', 'line', 920))
2023-06-24 10:32:31,451	[INFO]	32      COMPILE_CODE_ERROR    None  [2 edit(s)]       
2023-06-24 10:32:31,813	[DEBUG]	LineInsertion(('core/Solver.cc', '_inter_line', 195), ('core/Solver.cc', 'line', 256)) | LineReplacement(('core/Solver.cc', 'line', 471), ('core/Solver.cc', 'line', 556))
2023-06-24 10:32:31,813	[INFO]	33      COMPILE_CODE_ERROR    None  [2 edit(s)]       
2023-06-24 10:33:23,020	[DEBUG]	LineInsertion(('core/Solver.cc', '_inter_line', 195), ('core/Solver.cc', 'line', 256)) | LineDeletion(('core/Solver.cc', 'line', 453))
2023-06-24 10:33:23,021	[INFO]	34      SUCCESS               48.0421 (101.99%) [2 edit(s)] 
2023-06-24 10:33:23,424	[DEBUG]	LineInsertion(('core/Solver.cc', '_inter_line', 195), ('core/Solver.cc', 'line', 256)) | LineReplacement(('core/Solver.cc', 'line', 475), ('core/Solver.cc', 'line', 373))
2023-06-24 10:33:23,425	[INFO]	35      COMPILE_CODE_ERROR    None  [2 edit(s)]       
2023-06-24 10:33:23,829	[DEBUG]	LineInsertion(('core/Solver.cc', '_inter_line', 195), ('core/Solver.cc', 'line', 256)) | LineInsertion(('core/Solver.cc', '_inter_line', 113), ('core/Solver.cc', 'line', 16))
2023-06-24 10:33:23,829	[INFO]	36      COMPILE_CODE_ERROR    None  [2 edit(s)]       
2023-06-24 10:34:14,974	[DEBUG]	LineInsertion(('core/Solver.cc', '_inter_line', 195), ('core/Solver.cc', 'line', 256)) | LineInsertion(('core/Solver.cc', '_inter_line', 964), ('core/Solver.cc', 'line', 596))
2023-06-24 10:34:14,975	[INFO]	37      SUCCESS               47.8235 (101.53%) [2 edit(s)] 
2023-06-24 10:34:15,379	[DEBUG]	LineInsertion(('core/Solver.cc', '_inter_line', 195), ('core/Solver.cc', 'line', 256)) | LineDeletion(('core/Solver.cc', 'line', 262))
2023-06-24 10:34:15,380	[INFO]	38      COMPILE_CODE_ERROR    None  [2 edit(s)]       
2023-06-24 10:35:05,919	[DEBUG]	LineInsertion(('core/Solver.cc', '_inter_line', 195), ('core/Solver.cc', 'line', 256)) | LineReplacement(('core/Solver.cc', 'line', 569), ('core/Solver.cc', 'line', 147))
2023-06-24 10:35:05,919	[INFO]	39      SUCCESS               47.3317 (100.48%) [2 edit(s)] 
2023-06-24 10:35:56,854	[DEBUG]	LineInsertion(('core/Solver.cc', '_inter_line', 195), ('core/Solver.cc', 'line', 256)) | LineDeletion(('core/Solver.cc', 'line', 473))
2023-06-24 10:35:56,854	[INFO]	40      SUCCESS               47.7067 (101.28%) [2 edit(s)] 
2023-06-24 10:35:57,223	[DEBUG]	LineInsertion(('core/Solver.cc', '_inter_line', 195), ('core/Solver.cc', 'line', 256)) | LineInsertion(('core/Solver.cc', '_inter_line', 254), ('core/Solver.cc', 'line', 556))
2023-06-24 10:35:57,223	[INFO]	41      COMPILE_CODE_ERROR    None  [2 edit(s)]       
2023-06-24 10:35:57,634	[DEBUG]	LineInsertion(('core/Solver.cc', '_inter_line', 195), ('core/Solver.cc', 'line', 256)) | LineReplacement(('core/Solver.cc', 'line', 57), ('core/Solver.cc', 'line', 452))
2023-06-24 10:35:57,634	[INFO]	42      COMPILE_CODE_ERROR    None  [2 edit(s)]       
2023-06-24 10:36:47,809	[DEBUG]	LineInsertion(('core/Solver.cc', '_inter_line', 195), ('core/Solver.cc', 'line', 256)) | LineInsertion(('core/Solver.cc', '_inter_line', 409), ('core/Solver.cc', 'line', 820))
2023-06-24 10:36:47,810	[INFO]	43      SUCCESS              *46.9503 (99.67%) [2 edit(s)] 
2023-06-24 10:36:47,818	[DEBUG]	--- before: core/Solver.cc
+++ after: core/Solver.cc
@@ -193,6 +193,7 @@
         return ok = false;
     else if (ps.size() == 1){
         uncheckedEnqueue(ps[0]);
+
         return ok = (propagate() == CRef_Undef);
     }else{
         CRef cr = ca.alloc(ps, false);
@@ -407,6 +408,7 @@
         out_btlevel = 0;
     else{
         int max_i = 1;
+                    // Model found:
         // Find the first literal assigned at the next-highest level:
         for (int i = 2; i < out_learnt.size(); i++)
             if (level(var(out_learnt[i])) > level(var(out_learnt[max_i])))

2023-06-24 10:37:38,041	[DEBUG]	LineInsertion(('core/Solver.cc', '_inter_line', 195), ('core/Solver.cc', 'line', 256))
2023-06-24 10:37:38,042	[INFO]	44      SUCCESS               47.0071 (99.79%) [1 edit(s)] 
2023-06-24 10:38:28,753	[DEBUG]	LineInsertion(('core/Solver.cc', '_inter_line', 195), ('core/Solver.cc', 'line', 256)) | LineInsertion(('core/Solver.cc', '_inter_line', 409), ('core/Solver.cc', 'line', 820)) | LineInsertion(('core/Solver.cc', '_inter_line', 522), ('core/Solver.cc', 'line', 830))
2023-06-24 10:38:28,754	[INFO]	45      SUCCESS               47.5974 (101.05%) [3 edit(s)] 
2023-06-24 10:39:19,521	[DEBUG]	LineInsertion(('core/Solver.cc', '_inter_line', 409), ('core/Solver.cc', 'line', 820))
2023-06-24 10:39:19,521	[INFO]	46      SUCCESS               47.5747 (101.0%) [1 edit(s)] 
2023-06-24 10:39:19,926	[DEBUG]	LineInsertion(('core/Solver.cc', '_inter_line', 195), ('core/Solver.cc', 'line', 256)) | LineInsertion(('core/Solver.cc', '_inter_line', 409), ('core/Solver.cc', 'line', 820)) | LineReplacement(('core/Solver.cc', 'line', 228), ('core/Solver.cc', 'line', 908))
2023-06-24 10:39:19,927	[INFO]	47      COMPILE_CODE_ERROR    None  [3 edit(s)]       
2023-06-24 10:39:20,329	[DEBUG]	LineInsertion(('core/Solver.cc', '_inter_line', 195), ('core/Solver.cc', 'line', 256)) | LineInsertion(('core/Solver.cc', '_inter_line', 409), ('core/Solver.cc', 'line', 820)) | LineInsertion(('core/Solver.cc', '_inter_line', 447), ('core/Solver.cc', 'line', 868))
2023-06-24 10:39:20,329	[INFO]	48      COMPILE_CODE_ERROR    None  [3 edit(s)]       
2023-06-24 10:39:20,736	[DEBUG]	LineInsertion(('core/Solver.cc', '_inter_line', 195), ('core/Solver.cc', 'line', 256)) | LineInsertion(('core/Solver.cc', '_inter_line', 409), ('core/Solver.cc', 'line', 820)) | LineDeletion(('core/Solver.cc', 'line', 1020))
2023-06-24 10:39:20,736	[INFO]	49      COMPILE_CODE_ERROR    None  [3 edit(s)]       
2023-06-24 10:39:21,143	[DEBUG]	LineInsertion(('core/Solver.cc', '_inter_line', 195), ('core/Solver.cc', 'line', 256)) | LineInsertion(('core/Solver.cc', '_inter_line', 409), ('core/Solver.cc', 'line', 820)) | LineInsertion(('core/Solver.cc', '_inter_line', 397), ('core/Solver.cc', 'line', 993))
2023-06-24 10:39:21,143	[INFO]	50      COMPILE_CODE_ERROR    None  [3 edit(s)]       
2023-06-24 10:39:24,397	[DEBUG]	LineInsertion(('core/Solver.cc', '_inter_line', 195), ('core/Solver.cc', 'line', 256)) | LineInsertion(('core/Solver.cc', '_inter_line', 409), ('core/Solver.cc', 'line', 820)) | LineDeletion(('core/Solver.cc', 'line', 374))
2023-06-24 10:39:24,397	[INFO]	51      RUN_CODE_ERROR        None  [3 edit(s)]       
2023-06-24 10:40:15,676	[DEBUG]	LineInsertion(('core/Solver.cc', '_inter_line', 195), ('core/Solver.cc', 'line', 256)) | LineInsertion(('core/Solver.cc', '_inter_line', 409), ('core/Solver.cc', 'line', 820)) | LineDeletion(('core/Solver.cc', 'line', 881))
2023-06-24 10:40:15,677	[INFO]	52      SUCCESS               48.1051 (102.12%) [3 edit(s)] 
2023-06-24 10:41:08,007	[DEBUG]	LineInsertion(('core/Solver.cc', '_inter_line', 195), ('core/Solver.cc', 'line', 256)) | LineInsertion(('core/Solver.cc', '_inter_line', 409), ('core/Solver.cc', 'line', 820)) | LineDeletion(('core/Solver.cc', 'line', 246))
2023-06-24 10:41:08,008	[INFO]	53      SUCCESS               49.1188 (104.28%) [3 edit(s)] 
2023-06-24 10:41:08,427	[DEBUG]	LineInsertion(('core/Solver.cc', '_inter_line', 195), ('core/Solver.cc', 'line', 256)) | LineInsertion(('core/Solver.cc', '_inter_line', 409), ('core/Solver.cc', 'line', 820)) | LineReplacement(('core/Solver.cc', 'line', 327), ('core/Solver.cc', 'line', 1041))
2023-06-24 10:41:08,427	[INFO]	54      COMPILE_CODE_ERROR    None  [3 edit(s)]       
2023-06-24 10:41:08,834	[DEBUG]	LineInsertion(('core/Solver.cc', '_inter_line', 195), ('core/Solver.cc', 'line', 256)) | LineInsertion(('core/Solver.cc', '_inter_line', 409), ('core/Solver.cc', 'line', 820)) | LineReplacement(('core/Solver.cc', 'line', 118), ('core/Solver.cc', 'line', 657))
2023-06-24 10:41:08,835	[INFO]	55      COMPILE_CODE_ERROR    None  [3 edit(s)]       
2023-06-24 10:41:59,183	[DEBUG]	LineInsertion(('core/Solver.cc', '_inter_line', 195), ('core/Solver.cc', 'line', 256)) | LineInsertion(('core/Solver.cc', '_inter_line', 409), ('core/Solver.cc', 'line', 820)) | LineDeletion(('core/Solver.cc', 'line', 122))
2023-06-24 10:41:59,183	[INFO]	56      SUCCESS               47.1352 (100.07%) [3 edit(s)] 
2023-06-24 10:41:59,586	[DEBUG]	LineInsertion(('core/Solver.cc', '_inter_line', 195), ('core/Solver.cc', 'line', 256)) | LineInsertion(('core/Solver.cc', '_inter_line', 409), ('core/Solver.cc', 'line', 820)) | LineDeletion(('core/Solver.cc', 'line', 926))
2023-06-24 10:41:59,586	[INFO]	57      COMPILE_CODE_ERROR    None  [3 edit(s)]       
2023-06-24 10:41:59,948	[DEBUG]	LineInsertion(('core/Solver.cc', '_inter_line', 195), ('core/Solver.cc', 'line', 256)) | LineInsertion(('core/Solver.cc', '_inter_line', 409), ('core/Solver.cc', 'line', 820)) | LineReplacement(('core/Solver.cc', 'line', 293), ('core/Solver.cc', 'line', 1040))
2023-06-24 10:41:59,948	[INFO]	58      COMPILE_CODE_ERROR    None  [3 edit(s)]       
2023-06-24 10:42:00,347	[DEBUG]	LineInsertion(('core/Solver.cc', '_inter_line', 195), ('core/Solver.cc', 'line', 256)) | LineInsertion(('core/Solver.cc', '_inter_line', 409), ('core/Solver.cc', 'line', 820)) | LineInsertion(('core/Solver.cc', '_inter_line', 955), ('core/Solver.cc', 'line', 549))
2023-06-24 10:42:00,347	[INFO]	59      COMPILE_CODE_ERROR    None  [3 edit(s)]       
2023-06-24 10:42:51,095	[DEBUG]	LineInsertion(('core/Solver.cc', '_inter_line', 195), ('core/Solver.cc', 'line', 256)) | LineInsertion(('core/Solver.cc', '_inter_line', 409), ('core/Solver.cc', 'line', 820)) | LineDeletion(('core/Solver.cc', 'line', 469))
2023-06-24 10:42:51,095	[INFO]	60      SUCCESS               47.557 (100.96%) [3 edit(s)] 
2023-06-24 10:42:51,513	[DEBUG]	LineInsertion(('core/Solver.cc', '_inter_line', 195), ('core/Solver.cc', 'line', 256)) | LineInsertion(('core/Solver.cc', '_inter_line', 409), ('core/Solver.cc', 'line', 820)) | LineInsertion(('core/Solver.cc', '_inter_line', 261), ('core/Solver.cc', 'line', 199))
2023-06-24 10:42:51,514	[INFO]	61      COMPILE_CODE_ERROR    None  [3 edit(s)]       
2023-06-24 10:42:51,885	[DEBUG]	LineInsertion(('core/Solver.cc', '_inter_line', 195), ('core/Solver.cc', 'line', 256)) | LineInsertion(('core/Solver.cc', '_inter_line', 409), ('core/Solver.cc', 'line', 820)) | LineReplacement(('core/Solver.cc', 'line', 270), ('core/Solver.cc', 'line', 906))
2023-06-24 10:42:51,886	[INFO]	62      COMPILE_CODE_ERROR    None  [3 edit(s)]       
2023-06-24 10:42:52,252	[DEBUG]	LineInsertion(('core/Solver.cc', '_inter_line', 195), ('core/Solver.cc', 'line', 256)) | LineInsertion(('core/Solver.cc', '_inter_line', 409), ('core/Solver.cc', 'line', 820)) | LineDeletion(('core/Solver.cc', 'line', 485))
2023-06-24 10:42:52,253	[INFO]	63      COMPILE_CODE_ERROR    None  [3 edit(s)]       
2023-06-24 10:42:55,565	[DEBUG]	LineInsertion(('core/Solver.cc', '_inter_line', 195), ('core/Solver.cc', 'line', 256)) | LineInsertion(('core/Solver.cc', '_inter_line', 409), ('core/Solver.cc', 'line', 820)) | LineDeletion(('core/Solver.cc', 'line', 498))
2023-06-24 10:42:55,565	[INFO]	64      RUN_CODE_ERROR        None  [3 edit(s)]       
2023-06-24 10:42:56,076	[DEBUG]	LineInsertion(('core/Solver.cc', '_inter_line', 195), ('core/Solver.cc', 'line', 256)) | LineInsertion(('core/Solver.cc', '_inter_line', 409), ('core/Solver.cc', 'line', 820)) | LineReplacement(('core/Solver.cc', 'line', 384), ('core/Solver.cc', 'line', 429))
2023-06-24 10:42:56,076	[INFO]	65      COMPILE_CODE_ERROR    None  [3 edit(s)]       
2023-06-24 10:43:46,735	[DEBUG]	LineInsertion(('core/Solver.cc', '_inter_line', 195), ('core/Solver.cc', 'line', 256)) | LineInsertion(('core/Solver.cc', '_inter_line', 409), ('core/Solver.cc', 'line', 820)) | LineInsertion(('core/Solver.cc', '_inter_line', 416), ('core/Solver.cc', 'line', 70))
2023-06-24 10:43:46,735	[INFO]	66      SUCCESS               47.4763 (100.79%) [3 edit(s)] 
2023-06-24 10:43:47,141	[DEBUG]	LineInsertion(('core/Solver.cc', '_inter_line', 195), ('core/Solver.cc', 'line', 256)) | LineInsertion(('core/Solver.cc', '_inter_line', 409), ('core/Solver.cc', 'line', 820)) | LineInsertion(('core/Solver.cc', '_inter_line', 204), ('core/Solver.cc', 'line', 60))
2023-06-24 10:43:47,142	[INFO]	67      COMPILE_CODE_ERROR    None  [3 edit(s)]       
2023-06-24 10:44:38,054	[DEBUG]	LineInsertion(('core/Solver.cc', '_inter_line', 195), ('core/Solver.cc', 'line', 256)) | LineInsertion(('core/Solver.cc', '_inter_line', 409), ('core/Solver.cc', 'line', 820)) | LineDeletion(('core/Solver.cc', 'line', 17))
2023-06-24 10:44:38,055	[INFO]	68      SUCCESS               47.7254 (101.32%) [3 edit(s)] 
2023-06-24 10:44:38,470	[DEBUG]	LineInsertion(('core/Solver.cc', '_inter_line', 195), ('core/Solver.cc', 'line', 256)) | LineInsertion(('core/Solver.cc', '_inter_line', 409), ('core/Solver.cc', 'line', 820)) | LineReplacement(('core/Solver.cc', 'line', 465), ('core/Solver.cc', 'line', 580))
2023-06-24 10:44:38,470	[INFO]	69      COMPILE_CODE_ERROR    None  [3 edit(s)]       
2023-06-24 10:44:38,871	[DEBUG]	LineInsertion(('core/Solver.cc', '_inter_line', 195), ('core/Solver.cc', 'line', 256)) | LineInsertion(('core/Solver.cc', '_inter_line', 409), ('core/Solver.cc', 'line', 820)) | LineInsertion(('core/Solver.cc', '_inter_line', 838), ('core/Solver.cc', 'line', 790))
2023-06-24 10:44:38,871	[INFO]	70      COMPILE_CODE_ERROR    None  [3 edit(s)]       
2023-06-24 10:45:29,325	[DEBUG]	LineInsertion(('core/Solver.cc', '_inter_line', 195), ('core/Solver.cc', 'line', 256)) | LineInsertion(('core/Solver.cc', '_inter_line', 409), ('core/Solver.cc', 'line', 820)) | LineDeletion(('core/Solver.cc', 'line', 168))
2023-06-24 10:45:29,325	[INFO]	71      SUCCESS               47.2387 (100.29%) [3 edit(s)] 
2023-06-24 10:45:29,647	[DEBUG]	LineInsertion(('core/Solver.cc', '_inter_line', 195), ('core/Solver.cc', 'line', 256)) | LineInsertion(('core/Solver.cc', '_inter_line', 409), ('core/Solver.cc', 'line', 820)) | LineInsertion(('core/Solver.cc', '_inter_line', 37), ('core/Solver.cc', 'line', 526))
2023-06-24 10:45:29,647	[INFO]	72      COMPILE_CODE_ERROR    None  [3 edit(s)]       
2023-06-24 10:46:20,686	[DEBUG]	LineInsertion(('core/Solver.cc', '_inter_line', 195), ('core/Solver.cc', 'line', 256)) | LineInsertion(('core/Solver.cc', '_inter_line', 409), ('core/Solver.cc', 'line', 820)) | LineInsertion(('core/Solver.cc', '_inter_line', 89), ('core/Solver.cc', 'line', 65))
2023-06-24 10:46:20,686	[INFO]	73      SUCCESS               47.8263 (101.53%) [3 edit(s)] 
2023-06-24 10:47:10,971	[DEBUG]	LineInsertion(('core/Solver.cc', '_inter_line', 195), ('core/Solver.cc', 'line', 256)) | LineInsertion(('core/Solver.cc', '_inter_line', 409), ('core/Solver.cc', 'line', 820)) | LineDeletion(('core/Solver.cc', 'line', 769))
2023-06-24 10:47:10,972	[INFO]	74      SUCCESS               47.1743 (100.15%) [3 edit(s)] 
2023-06-24 10:47:11,353	[DEBUG]	LineInsertion(('core/Solver.cc', '_inter_line', 195), ('core/Solver.cc', 'line', 256)) | LineInsertion(('core/Solver.cc', '_inter_line', 409), ('core/Solver.cc', 'line', 820)) | LineDeletion(('core/Solver.cc', 'line', 364))
2023-06-24 10:47:11,354	[INFO]	75      COMPILE_CODE_ERROR    None  [3 edit(s)]       
2023-06-24 10:47:11,712	[DEBUG]	LineInsertion(('core/Solver.cc', '_inter_line', 195), ('core/Solver.cc', 'line', 256)) | LineInsertion(('core/Solver.cc', '_inter_line', 409), ('core/Solver.cc', 'line', 820)) | LineReplacement(('core/Solver.cc', 'line', 606), ('core/Solver.cc', 'line', 921))
2023-06-24 10:47:11,712	[INFO]	76      COMPILE_CODE_ERROR    None  [3 edit(s)]       
2023-06-24 10:48:02,766	[DEBUG]	LineInsertion(('core/Solver.cc', '_inter_line', 195), ('core/Solver.cc', 'line', 256)) | LineInsertion(('core/Solver.cc', '_inter_line', 409), ('core/Solver.cc', 'line', 820)) | LineDeletion(('core/Solver.cc', 'line', 153))
2023-06-24 10:48:02,767	[INFO]	77      SUCCESS               47.9992 (101.9%) [3 edit(s)] 
2023-06-24 10:48:52,950	[DEBUG]	LineInsertion(('core/Solver.cc', '_inter_line', 195), ('core/Solver.cc', 'line', 256)) | LineInsertion(('core/Solver.cc', '_inter_line', 409), ('core/Solver.cc', 'line', 820)) | LineDeletion(('core/Solver.cc', 'line', 743))
2023-06-24 10:48:52,950	[INFO]	78      SUCCESS               47.0498 (99.88%) [3 edit(s)] 
2023-06-24 10:48:53,381	[DEBUG]	LineInsertion(('core/Solver.cc', '_inter_line', 195), ('core/Solver.cc', 'line', 256)) | LineInsertion(('core/Solver.cc', '_inter_line', 409), ('core/Solver.cc', 'line', 820)) | LineInsertion(('core/Solver.cc', '_inter_line', 215), ('core/Solver.cc', 'line', 576))
2023-06-24 10:48:53,381	[INFO]	79      COMPILE_CODE_ERROR    None  [3 edit(s)]       
2023-06-24 10:48:53,787	[DEBUG]	LineInsertion(('core/Solver.cc', '_inter_line', 195), ('core/Solver.cc', 'line', 256)) | LineInsertion(('core/Solver.cc', '_inter_line', 409), ('core/Solver.cc', 'line', 820)) | LineInsertion(('core/Solver.cc', '_inter_line', 653), ('core/Solver.cc', 'line', 993))
2023-06-24 10:48:53,787	[INFO]	80      COMPILE_CODE_ERROR    None  [3 edit(s)]       
2023-06-24 10:49:43,627	[DEBUG]	LineInsertion(('core/Solver.cc', '_inter_line', 195), ('core/Solver.cc', 'line', 256)) | LineInsertion(('core/Solver.cc', '_inter_line', 409), ('core/Solver.cc', 'line', 820)) | LineReplacement(('core/Solver.cc', 'line', 640), ('core/Solver.cc', 'line', 614))
2023-06-24 10:49:43,628	[INFO]	81      SUCCESS              *46.6861 (99.11%) [3 edit(s)] 
2023-06-24 10:49:43,637	[DEBUG]	--- before: core/Solver.cc
+++ after: core/Solver.cc
@@ -193,6 +193,7 @@
         return ok = false;
     else if (ps.size() == 1){
         uncheckedEnqueue(ps[0]);
+
         return ok = (propagate() == CRef_Undef);
     }else{
         CRef cr = ca.alloc(ps, false);
@@ -407,6 +408,7 @@
         out_btlevel = 0;
     else{
         int max_i = 1;
+                    // Model found:
         // Find the first literal assigned at the next-highest level:
         for (int i = 2; i < out_learnt.size(); i++)
             if (level(var(out_learnt[i])) > level(var(out_learnt[max_i])))
@@ -638,7 +640,7 @@
 |
 |  simplify : [void]  ->  [bool]
 |
-|  Description:
+    int i, j;
 |    Simplify the clause database according to the current top-level assigment. Currently, the only
 |    thing done here is the removal of satisfied clauses, but more things can be put here.
 |________________________________________________________________________________________________@*/

2023-06-24 10:49:48,378	[DEBUG]	LineInsertion(('core/Solver.cc', '_inter_line', 195), ('core/Solver.cc', 'line', 256)) | LineInsertion(('core/Solver.cc', '_inter_line', 409), ('core/Solver.cc', 'line', 820)) | LineReplacement(('core/Solver.cc', 'line', 640), ('core/Solver.cc', 'line', 614)) | LineDeletion(('core/Solver.cc', 'line', 601))
2023-06-24 10:49:48,379	[INFO]	82      RUN_CODE_ERROR        None  [4 edit(s)]       
2023-06-24 10:50:39,977	[DEBUG]	LineInsertion(('core/Solver.cc', '_inter_line', 195), ('core/Solver.cc', 'line', 256)) | LineInsertion(('core/Solver.cc', '_inter_line', 409), ('core/Solver.cc', 'line', 820))
2023-06-24 10:50:39,978	[INFO]	83      SUCCESS               48.3539 (102.65%) [2 edit(s)] 
2023-06-24 10:51:30,353	[DEBUG]	LineInsertion(('core/Solver.cc', '_inter_line', 195), ('core/Solver.cc', 'line', 256)) | LineReplacement(('core/Solver.cc', 'line', 640), ('core/Solver.cc', 'line', 614))
2023-06-24 10:51:30,353	[INFO]	84      SUCCESS               47.2299 (100.27%) [2 edit(s)] 
2023-06-24 10:51:30,758	[DEBUG]	LineInsertion(('core/Solver.cc', '_inter_line', 195), ('core/Solver.cc', 'line', 256)) | LineInsertion(('core/Solver.cc', '_inter_line', 409), ('core/Solver.cc', 'line', 820)) | LineReplacement(('core/Solver.cc', 'line', 640), ('core/Solver.cc', 'line', 614)) | LineReplacement(('core/Solver.cc', 'line', 746), ('core/Solver.cc', 'line', 1045))
2023-06-24 10:51:30,758	[INFO]	85      COMPILE_CODE_ERROR    None  [4 edit(s)]       
2023-06-24 10:52:21,132	[DEBUG]	LineInsertion(('core/Solver.cc', '_inter_line', 195), ('core/Solver.cc', 'line', 256)) | LineInsertion(('core/Solver.cc', '_inter_line', 409), ('core/Solver.cc', 'line', 820)) | LineReplacement(('core/Solver.cc', 'line', 640), ('core/Solver.cc', 'line', 614)) | LineDeletion(('core/Solver.cc', 'line', 3))
2023-06-24 10:52:21,132	[INFO]	86      SUCCESS               47.1743 (100.15%) [4 edit(s)] 
2023-06-24 10:52:21,530	[DEBUG]	LineInsertion(('core/Solver.cc', '_inter_line', 195), ('core/Solver.cc', 'line', 256)) | LineInsertion(('core/Solver.cc', '_inter_line', 409), ('core/Solver.cc', 'line', 820)) | LineReplacement(('core/Solver.cc', 'line', 640), ('core/Solver.cc', 'line', 614)) | LineReplacement(('core/Solver.cc', 'line', 299), ('core/Solver.cc', 'line', 540))
2023-06-24 10:52:21,531	[INFO]	87      COMPILE_CODE_ERROR    None  [4 edit(s)]       
2023-06-24 10:53:11,705	[DEBUG]	LineInsertion(('core/Solver.cc', '_inter_line', 195), ('core/Solver.cc', 'line', 256)) | LineInsertion(('core/Solver.cc', '_inter_line', 409), ('core/Solver.cc', 'line', 820)) | LineReplacement(('core/Solver.cc', 'line', 640), ('core/Solver.cc', 'line', 614)) | LineDeletion(('core/Solver.cc', 'line', 769))
2023-06-24 10:53:11,706	[INFO]	88      SUCCESS               47.0068 (99.79%) [4 edit(s)] 
2023-06-24 10:54:01,777	[DEBUG]	LineInsertion(('core/Solver.cc', '_inter_line', 409), ('core/Solver.cc', 'line', 820)) | LineReplacement(('core/Solver.cc', 'line', 640), ('core/Solver.cc', 'line', 614))
2023-06-24 10:54:01,777	[INFO]	89      SUCCESS               46.8799 (99.52%) [2 edit(s)] 
2023-06-24 10:54:02,166	[DEBUG]	LineInsertion(('core/Solver.cc', '_inter_line', 195), ('core/Solver.cc', 'line', 256)) | LineInsertion(('core/Solver.cc', '_inter_line', 409), ('core/Solver.cc', 'line', 820)) | LineReplacement(('core/Solver.cc', 'line', 640), ('core/Solver.cc', 'line', 614)) | LineInsertion(('core/Solver.cc', '_inter_line', 128), ('core/Solver.cc', 'line', 687))
2023-06-24 10:54:02,167	[INFO]	90      COMPILE_CODE_ERROR    None  [4 edit(s)]       
2023-06-24 10:54:02,559	[DEBUG]	LineInsertion(('core/Solver.cc', '_inter_line', 195), ('core/Solver.cc', 'line', 256)) | LineInsertion(('core/Solver.cc', '_inter_line', 409), ('core/Solver.cc', 'line', 820)) | LineReplacement(('core/Solver.cc', 'line', 640), ('core/Solver.cc', 'line', 614)) | LineInsertion(('core/Solver.cc', '_inter_line', 269), ('core/Solver.cc', 'line', 941))
2023-06-24 10:54:02,559	[INFO]	91      COMPILE_CODE_ERROR    None  [4 edit(s)]       
2023-06-24 10:54:02,956	[DEBUG]	LineInsertion(('core/Solver.cc', '_inter_line', 195), ('core/Solver.cc', 'line', 256)) | LineInsertion(('core/Solver.cc', '_inter_line', 409), ('core/Solver.cc', 'line', 820)) | LineReplacement(('core/Solver.cc', 'line', 640), ('core/Solver.cc', 'line', 614)) | LineReplacement(('core/Solver.cc', 'line', 866), ('core/Solver.cc', 'line', 293))
2023-06-24 10:54:02,957	[INFO]	92      COMPILE_CODE_ERROR    None  [4 edit(s)]       
2023-06-24 10:54:53,217	[DEBUG]	LineInsertion(('core/Solver.cc', '_inter_line', 195), ('core/Solver.cc', 'line', 256)) | LineInsertion(('core/Solver.cc', '_inter_line', 409), ('core/Solver.cc', 'line', 820)) | LineReplacement(('core/Solver.cc', 'line', 640), ('core/Solver.cc', 'line', 614)) | LineReplacement(('core/Solver.cc', 'line', 312), ('core/Solver.cc', 'line', 648))
2023-06-24 10:54:53,217	[INFO]	93      SUCCESS               47.0815 (99.95%) [4 edit(s)] 
2023-06-24 10:54:53,633	[DEBUG]	LineInsertion(('core/Solver.cc', '_inter_line', 195), ('core/Solver.cc', 'line', 256)) | LineInsertion(('core/Solver.cc', '_inter_line', 409), ('core/Solver.cc', 'line', 820)) | LineReplacement(('core/Solver.cc', 'line', 640), ('core/Solver.cc', 'line', 614)) | LineReplacement(('core/Solver.cc', 'line', 755), ('core/Solver.cc', 'line', 208))
2023-06-24 10:54:53,634	[INFO]	94      COMPILE_CODE_ERROR    None  [4 edit(s)]       
2023-06-24 10:55:44,419	[DEBUG]	LineInsertion(('core/Solver.cc', '_inter_line', 195), ('core/Solver.cc', 'line', 256)) | LineInsertion(('core/Solver.cc', '_inter_line', 409), ('core/Solver.cc', 'line', 820)) | LineReplacement(('core/Solver.cc', 'line', 640), ('core/Solver.cc', 'line', 614)) | LineDeletion(('core/Solver.cc', 'line', 306))
2023-06-24 10:55:44,420	[INFO]	95      SUCCESS               47.5902 (101.03%) [4 edit(s)] 
2023-06-24 10:56:36,665	[DEBUG]	LineInsertion(('core/Solver.cc', '_inter_line', 195), ('core/Solver.cc', 'line', 256)) | LineInsertion(('core/Solver.cc', '_inter_line', 409), ('core/Solver.cc', 'line', 820)) | LineReplacement(('core/Solver.cc', 'line', 640), ('core/Solver.cc', 'line', 614)) | LineReplacement(('core/Solver.cc', 'line', 783), ('core/Solver.cc', 'line', 666))
2023-06-24 10:56:36,665	[INFO]	96      SUCCESS               49.0679 (104.17%) [4 edit(s)] 
2023-06-24 10:57:27,111	[DEBUG]	LineInsertion(('core/Solver.cc', '_inter_line', 195), ('core/Solver.cc', 'line', 256)) | LineInsertion(('core/Solver.cc', '_inter_line', 409), ('core/Solver.cc', 'line', 820)) | LineReplacement(('core/Solver.cc', 'line', 640), ('core/Solver.cc', 'line', 614)) | LineInsertion(('core/Solver.cc', '_inter_line', 755), ('core/Solver.cc', 'line', 836))
2023-06-24 10:57:27,111	[INFO]	97      SUCCESS               47.2775 (100.37%) [4 edit(s)] 
2023-06-24 10:57:27,518	[DEBUG]	LineInsertion(('core/Solver.cc', '_inter_line', 195), ('core/Solver.cc', 'line', 256)) | LineInsertion(('core/Solver.cc', '_inter_line', 409), ('core/Solver.cc', 'line', 820)) | LineReplacement(('core/Solver.cc', 'line', 640), ('core/Solver.cc', 'line', 614)) | LineDeletion(('core/Solver.cc', 'line', 973))
2023-06-24 10:57:27,518	[INFO]	98      COMPILE_CODE_ERROR    None  [4 edit(s)]       
2023-06-24 10:58:18,065	[DEBUG]	LineInsertion(('core/Solver.cc', '_inter_line', 195), ('core/Solver.cc', 'line', 256)) | LineInsertion(('core/Solver.cc', '_inter_line', 409), ('core/Solver.cc', 'line', 820)) | LineReplacement(('core/Solver.cc', 'line', 640), ('core/Solver.cc', 'line', 614)) | LineDeletion(('core/Solver.cc', 'line', 11))
2023-06-24 10:58:18,065	[INFO]	99      SUCCESS               47.3425 (100.51%) [4 edit(s)] 
2023-06-24 10:58:18,459	[DEBUG]	LineInsertion(('core/Solver.cc', '_inter_line', 195), ('core/Solver.cc', 'line', 256)) | LineInsertion(('core/Solver.cc', '_inter_line', 409), ('core/Solver.cc', 'line', 820)) | LineReplacement(('core/Solver.cc', 'line', 640), ('core/Solver.cc', 'line', 614)) | LineInsertion(('core/Solver.cc', '_inter_line', 759), ('core/Solver.cc', 'line', 289))
2023-06-24 10:58:18,460	[INFO]	100     COMPILE_CODE_ERROR    None  [4 edit(s)]       
2023-06-24 10:58:18,857	[DEBUG]	LineInsertion(('core/Solver.cc', '_inter_line', 195), ('core/Solver.cc', 'line', 256)) | LineInsertion(('core/Solver.cc', '_inter_line', 409), ('core/Solver.cc', 'line', 820)) | LineReplacement(('core/Solver.cc', 'line', 640), ('core/Solver.cc', 'line', 614)) | LineInsertion(('core/Solver.cc', '_inter_line', 594), ('core/Solver.cc', 'line', 868))
2023-06-24 10:58:18,857	[INFO]	101     COMPILE_CODE_ERROR    None  [4 edit(s)]       
2023-06-24 10:59:09,088	[DEBUG]	LineInsertion(('core/Solver.cc', '_inter_line', 195), ('core/Solver.cc', 'line', 256)) | LineInsertion(('core/Solver.cc', '_inter_line', 409), ('core/Solver.cc', 'line', 820)) | LineReplacement(('core/Solver.cc', 'line', 640), ('core/Solver.cc', 'line', 614)) | LineInsertion(('core/Solver.cc', '_inter_line', 1030), ('core/Solver.cc', 'line', 1006))
2023-06-24 10:59:09,089	[INFO]	102     SUCCESS               47.0872 (99.96%) [4 edit(s)] 
2023-06-24 10:59:09,443	[DEBUG]	LineInsertion(('core/Solver.cc', '_inter_line', 195), ('core/Solver.cc', 'line', 256)) | LineInsertion(('core/Solver.cc', '_inter_line', 409), ('core/Solver.cc', 'line', 820)) | LineReplacement(('core/Solver.cc', 'line', 640), ('core/Solver.cc', 'line', 614)) | LineReplacement(('core/Solver.cc', 'line', 500), ('core/Solver.cc', 'line', 201))
2023-06-24 10:59:09,444	[INFO]	103     COMPILE_CODE_ERROR    None  [4 edit(s)]       
2023-06-24 10:59:09,852	[DEBUG]	LineInsertion(('core/Solver.cc', '_inter_line', 195), ('core/Solver.cc', 'line', 256)) | LineInsertion(('core/Solver.cc', '_inter_line', 409), ('core/Solver.cc', 'line', 820)) | LineReplacement(('core/Solver.cc', 'line', 640), ('core/Solver.cc', 'line', 614)) | LineInsertion(('core/Solver.cc', '_inter_line', 904), ('core/Solver.cc', 'line', 739))
2023-06-24 10:59:09,852	[INFO]	104     COMPILE_CODE_ERROR    None  [4 edit(s)]       
2023-06-24 11:00:01,180	[DEBUG]	LineInsertion(('core/Solver.cc', '_inter_line', 195), ('core/Solver.cc', 'line', 256)) | LineInsertion(('core/Solver.cc', '_inter_line', 409), ('core/Solver.cc', 'line', 820)) | LineReplacement(('core/Solver.cc', 'line', 640), ('core/Solver.cc', 'line', 614)) | LineInsertion(('core/Solver.cc', '_inter_line', 437), ('core/Solver.cc', 'line', 944))
2023-06-24 11:00:01,181	[INFO]	105     SUCCESS               48.2322 (102.39%) [4 edit(s)] 
2023-06-24 11:00:52,081	[DEBUG]	LineInsertion(('core/Solver.cc', '_inter_line', 195), ('core/Solver.cc', 'line', 256)) | LineInsertion(('core/Solver.cc', '_inter_line', 409), ('core/Solver.cc', 'line', 820)) | LineReplacement(('core/Solver.cc', 'line', 640), ('core/Solver.cc', 'line', 614)) | LineDeletion(('core/Solver.cc', 'line', 184))
2023-06-24 11:00:52,082	[INFO]	106     SUCCESS               47.6496 (101.16%) [4 edit(s)] 
2023-06-24 11:00:52,468	[DEBUG]	LineInsertion(('core/Solver.cc', '_inter_line', 195), ('core/Solver.cc', 'line', 256)) | LineInsertion(('core/Solver.cc', '_inter_line', 409), ('core/Solver.cc', 'line', 820)) | LineReplacement(('core/Solver.cc', 'line', 640), ('core/Solver.cc', 'line', 614)) | LineReplacement(('core/Solver.cc', 'line', 476), ('core/Solver.cc', 'line', 397))
2023-06-24 11:00:52,468	[INFO]	107     COMPILE_CODE_ERROR    None  [4 edit(s)]       
2023-06-24 11:00:52,858	[DEBUG]	LineInsertion(('core/Solver.cc', '_inter_line', 195), ('core/Solver.cc', 'line', 256)) | LineInsertion(('core/Solver.cc', '_inter_line', 409), ('core/Solver.cc', 'line', 820)) | LineReplacement(('core/Solver.cc', 'line', 640), ('core/Solver.cc', 'line', 614)) | LineInsertion(('core/Solver.cc', '_inter_line', 1018), ('core/Solver.cc', 'line', 1001))
2023-06-24 11:00:52,859	[INFO]	108     COMPILE_CODE_ERROR    None  [4 edit(s)]       
2023-06-24 11:01:47,131	[DEBUG]	LineInsertion(('core/Solver.cc', '_inter_line', 195), ('core/Solver.cc', 'line', 256)) | LineInsertion(('core/Solver.cc', '_inter_line', 409), ('core/Solver.cc', 'line', 820)) | LineReplacement(('core/Solver.cc', 'line', 640), ('core/Solver.cc', 'line', 614)) | LineInsertion(('core/Solver.cc', '_inter_line', 297), ('core/Solver.cc', 'line', 667))
2023-06-24 11:01:47,131	[INFO]	109     SUCCESS               50.8648 (107.98%) [4 edit(s)] 
2023-06-24 11:01:50,477	[DEBUG]	LineInsertion(('core/Solver.cc', '_inter_line', 195), ('core/Solver.cc', 'line', 256)) | LineInsertion(('core/Solver.cc', '_inter_line', 409), ('core/Solver.cc', 'line', 820)) | LineReplacement(('core/Solver.cc', 'line', 640), ('core/Solver.cc', 'line', 614)) | LineDeletion(('core/Solver.cc', 'line', 451))
2023-06-24 11:01:50,478	[INFO]	110     RUN_CODE_ERROR        None  [4 edit(s)]       
2023-06-24 11:01:50,968	[DEBUG]	LineInsertion(('core/Solver.cc', '_inter_line', 195), ('core/Solver.cc', 'line', 256)) | LineInsertion(('core/Solver.cc', '_inter_line', 409), ('core/Solver.cc', 'line', 820)) | LineReplacement(('core/Solver.cc', 'line', 640), ('core/Solver.cc', 'line', 614)) | LineReplacement(('core/Solver.cc', 'line', 559), ('core/Solver.cc', 'line', 347))
2023-06-24 11:01:50,969	[INFO]	111     COMPILE_CODE_ERROR    None  [4 edit(s)]       
2023-06-24 11:02:52,295	[DEBUG]	LineInsertion(('core/Solver.cc', '_inter_line', 195), ('core/Solver.cc', 'line', 256)) | LineInsertion(('core/Solver.cc', '_inter_line', 409), ('core/Solver.cc', 'line', 820)) | LineReplacement(('core/Solver.cc', 'line', 640), ('core/Solver.cc', 'line', 614)) | LineDeletion(('core/Solver.cc', 'line', 117))
2023-06-24 11:02:52,296	[INFO]	112     RUN_TIMEOUT           None  [4 edit(s)]       
2023-06-24 11:02:52,667	[DEBUG]	LineInsertion(('core/Solver.cc', '_inter_line', 195), ('core/Solver.cc', 'line', 256)) | LineInsertion(('core/Solver.cc', '_inter_line', 409), ('core/Solver.cc', 'line', 820)) | LineReplacement(('core/Solver.cc', 'line', 640), ('core/Solver.cc', 'line', 614)) | LineReplacement(('core/Solver.cc', 'line', 418), ('core/Solver.cc', 'line', 744))
2023-06-24 11:02:52,668	[INFO]	113     COMPILE_CODE_ERROR    None  [4 edit(s)]       
2023-06-24 11:02:53,062	[DEBUG]	LineInsertion(('core/Solver.cc', '_inter_line', 195), ('core/Solver.cc', 'line', 256)) | LineInsertion(('core/Solver.cc', '_inter_line', 409), ('core/Solver.cc', 'line', 820)) | LineReplacement(('core/Solver.cc', 'line', 640), ('core/Solver.cc', 'line', 614)) | LineInsertion(('core/Solver.cc', '_inter_line', 77), ('core/Solver.cc', 'line', 534))
2023-06-24 11:02:53,063	[INFO]	114     COMPILE_CODE_ERROR    None  [4 edit(s)]       
2023-06-24 11:02:57,003	[DEBUG]	LineInsertion(('core/Solver.cc', '_inter_line', 195), ('core/Solver.cc', 'line', 256)) | LineInsertion(('core/Solver.cc', '_inter_line', 409), ('core/Solver.cc', 'line', 820)) | LineReplacement(('core/Solver.cc', 'line', 640), ('core/Solver.cc', 'line', 614)) | LineDeletion(('core/Solver.cc', 'line', 263))
2023-06-24 11:02:57,003	[INFO]	115     RUN_CODE_ERROR        None  [4 edit(s)]       
2023-06-24 11:03:47,747	[DEBUG]	LineInsertion(('core/Solver.cc', '_inter_line', 195), ('core/Solver.cc', 'line', 256)) | LineInsertion(('core/Solver.cc', '_inter_line', 409), ('core/Solver.cc', 'line', 820)) | LineReplacement(('core/Solver.cc', 'line', 640), ('core/Solver.cc', 'line', 614)) | LineDeletion(('core/Solver.cc', 'line', 275))
2023-06-24 11:03:47,747	[INFO]	116     SUCCESS               47.4735 (100.78%) [4 edit(s)] 
2023-06-24 11:03:48,118	[DEBUG]	LineInsertion(('core/Solver.cc', '_inter_line', 195), ('core/Solver.cc', 'line', 256)) | LineInsertion(('core/Solver.cc', '_inter_line', 409), ('core/Solver.cc', 'line', 820)) | LineReplacement(('core/Solver.cc', 'line', 640), ('core/Solver.cc', 'line', 614)) | LineReplacement(('core/Solver.cc', 'line', 502), ('core/Solver.cc', 'line', 437))
2023-06-24 11:03:48,118	[INFO]	117     COMPILE_CODE_ERROR    None  [4 edit(s)]       
2023-06-24 11:04:38,800	[DEBUG]	LineInsertion(('core/Solver.cc', '_inter_line', 195), ('core/Solver.cc', 'line', 256)) | LineInsertion(('core/Solver.cc', '_inter_line', 409), ('core/Solver.cc', 'line', 820)) | LineReplacement(('core/Solver.cc', 'line', 640), ('core/Solver.cc', 'line', 614)) | LineInsertion(('core/Solver.cc', '_inter_line', 705), ('core/Solver.cc', 'line', 368))
2023-06-24 11:04:38,801	[INFO]	118     SUCCESS               47.467 (100.77%) [4 edit(s)] 
2023-06-24 11:04:39,197	[DEBUG]	LineInsertion(('core/Solver.cc', '_inter_line', 195), ('core/Solver.cc', 'line', 256)) | LineInsertion(('core/Solver.cc', '_inter_line', 409), ('core/Solver.cc', 'line', 820)) | LineReplacement(('core/Solver.cc', 'line', 640), ('core/Solver.cc', 'line', 614)) | LineReplacement(('core/Solver.cc', 'line', 274), ('core/Solver.cc', 'line', 373))
2023-06-24 11:04:39,197	[INFO]	119     COMPILE_CODE_ERROR    None  [4 edit(s)]       
2023-06-24 11:05:29,975	[DEBUG]	LineInsertion(('core/Solver.cc', '_inter_line', 195), ('core/Solver.cc', 'line', 256)) | LineInsertion(('core/Solver.cc', '_inter_line', 409), ('core/Solver.cc', 'line', 820)) | LineReplacement(('core/Solver.cc', 'line', 640), ('core/Solver.cc', 'line', 614)) | LineInsertion(('core/Solver.cc', '_inter_line', 878), ('core/Solver.cc', 'line', 742))
2023-06-24 11:05:29,976	[INFO]	120     SUCCESS               47.5594 (100.97%) [4 edit(s)] 
2023-06-24 11:06:20,361	[DEBUG]	LineInsertion(('core/Solver.cc', '_inter_line', 195), ('core/Solver.cc', 'line', 256)) | LineInsertion(('core/Solver.cc', '_inter_line', 409), ('core/Solver.cc', 'line', 820)) | LineReplacement(('core/Solver.cc', 'line', 640), ('core/Solver.cc', 'line', 614)) | LineDeletion(('core/Solver.cc', 'line', 244))
2023-06-24 11:06:20,362	[INFO]	121     SUCCESS               47.2445 (100.3%) [4 edit(s)] 
2023-06-24 11:06:20,776	[DEBUG]	LineInsertion(('core/Solver.cc', '_inter_line', 195), ('core/Solver.cc', 'line', 256)) | LineInsertion(('core/Solver.cc', '_inter_line', 409), ('core/Solver.cc', 'line', 820)) | LineReplacement(('core/Solver.cc', 'line', 640), ('core/Solver.cc', 'line', 614)) | LineDeletion(('core/Solver.cc', 'line', 583))
2023-06-24 11:06:20,777	[INFO]	122     COMPILE_CODE_ERROR    None  [4 edit(s)]       
2023-06-24 11:06:21,181	[DEBUG]	LineInsertion(('core/Solver.cc', '_inter_line', 195), ('core/Solver.cc', 'line', 256)) | LineInsertion(('core/Solver.cc', '_inter_line', 409), ('core/Solver.cc', 'line', 820)) | LineReplacement(('core/Solver.cc', 'line', 640), ('core/Solver.cc', 'line', 614)) | LineReplacement(('core/Solver.cc', 'line', 1012), ('core/Solver.cc', 'line', 984))
2023-06-24 11:06:21,181	[INFO]	123     COMPILE_CODE_ERROR    None  [4 edit(s)]       
2023-06-24 11:06:21,561	[DEBUG]	LineInsertion(('core/Solver.cc', '_inter_line', 195), ('core/Solver.cc', 'line', 256)) | LineInsertion(('core/Solver.cc', '_inter_line', 409), ('core/Solver.cc', 'line', 820)) | LineReplacement(('core/Solver.cc', 'line', 640), ('core/Solver.cc', 'line', 614)) | LineReplacement(('core/Solver.cc', 'line', 856), ('core/Solver.cc', 'line', 299))
2023-06-24 11:06:21,562	[INFO]	124     COMPILE_CODE_ERROR    None  [4 edit(s)]       
2023-06-24 11:06:21,965	[DEBUG]	LineInsertion(('core/Solver.cc', '_inter_line', 195), ('core/Solver.cc', 'line', 256)) | LineInsertion(('core/Solver.cc', '_inter_line', 409), ('core/Solver.cc', 'line', 820)) | LineReplacement(('core/Solver.cc', 'line', 640), ('core/Solver.cc', 'line', 614)) | LineReplacement(('core/Solver.cc', 'line', 1011), ('core/Solver.cc', 'line', 774))
2023-06-24 11:06:21,965	[INFO]	125     COMPILE_CODE_ERROR    None  [4 edit(s)]       
2023-06-24 11:07:11,943	[DEBUG]	LineInsertion(('core/Solver.cc', '_inter_line', 195), ('core/Solver.cc', 'line', 256)) | LineInsertion(('core/Solver.cc', '_inter_line', 409), ('core/Solver.cc', 'line', 820)) | LineReplacement(('core/Solver.cc', 'line', 640), ('core/Solver.cc', 'line', 614)) | LineInsertion(('core/Solver.cc', '_inter_line', 720), ('core/Solver.cc', 'line', 854))
2023-06-24 11:07:11,944	[INFO]	126     SUCCESS               46.8038 (99.36%) [4 edit(s)] 
2023-06-24 11:07:12,346	[DEBUG]	LineInsertion(('core/Solver.cc', '_inter_line', 195), ('core/Solver.cc', 'line', 256)) | LineInsertion(('core/Solver.cc', '_inter_line', 409), ('core/Solver.cc', 'line', 820)) | LineReplacement(('core/Solver.cc', 'line', 640), ('core/Solver.cc', 'line', 614)) | LineDeletion(('core/Solver.cc', 'line', 259))
2023-06-24 11:07:12,347	[INFO]	127     COMPILE_CODE_ERROR    None  [4 edit(s)]       
2023-06-24 11:08:02,294	[DEBUG]	LineInsertion(('core/Solver.cc', '_inter_line', 195), ('core/Solver.cc', 'line', 256)) | LineInsertion(('core/Solver.cc', '_inter_line', 409), ('core/Solver.cc', 'line', 820)) | LineReplacement(('core/Solver.cc', 'line', 640), ('core/Solver.cc', 'line', 614)) | LineDeletion(('core/Solver.cc', 'line', 820))
2023-06-24 11:08:02,294	[INFO]	128     SUCCESS               46.7941 (99.34%) [4 edit(s)] 
2023-06-24 11:08:02,669	[DEBUG]	LineInsertion(('core/Solver.cc', '_inter_line', 195), ('core/Solver.cc', 'line', 256)) | LineInsertion(('core/Solver.cc', '_inter_line', 409), ('core/Solver.cc', 'line', 820)) | LineReplacement(('core/Solver.cc', 'line', 640), ('core/Solver.cc', 'line', 614)) | LineReplacement(('core/Solver.cc', 'line', 203), ('core/Solver.cc', 'line', 821))
2023-06-24 11:08:02,669	[INFO]	129     COMPILE_CODE_ERROR    None  [4 edit(s)]       
2023-06-24 11:08:03,073	[DEBUG]	LineInsertion(('core/Solver.cc', '_inter_line', 195), ('core/Solver.cc', 'line', 256)) | LineInsertion(('core/Solver.cc', '_inter_line', 409), ('core/Solver.cc', 'line', 820)) | LineReplacement(('core/Solver.cc', 'line', 640), ('core/Solver.cc', 'line', 614)) | LineInsertion(('core/Solver.cc', '_inter_line', 500), ('core/Solver.cc', 'line', 315))
2023-06-24 11:08:03,073	[INFO]	130     COMPILE_CODE_ERROR    None  [4 edit(s)]       
2023-06-24 11:08:03,476	[DEBUG]	LineInsertion(('core/Solver.cc', '_inter_line', 195), ('core/Solver.cc', 'line', 256)) | LineInsertion(('core/Solver.cc', '_inter_line', 409), ('core/Solver.cc', 'line', 820)) | LineReplacement(('core/Solver.cc', 'line', 640), ('core/Solver.cc', 'line', 614)) | LineDeletion(('core/Solver.cc', 'line', 211))
2023-06-24 11:08:03,477	[INFO]	131     COMPILE_CODE_ERROR    None  [4 edit(s)]       
2023-06-24 11:08:53,787	[DEBUG]	LineInsertion(('core/Solver.cc', '_inter_line', 195), ('core/Solver.cc', 'line', 256)) | LineInsertion(('core/Solver.cc', '_inter_line', 409), ('core/Solver.cc', 'line', 820)) | LineReplacement(('core/Solver.cc', 'line', 640), ('core/Solver.cc', 'line', 614)) | LineDeletion(('core/Solver.cc', 'line', 811))
2023-06-24 11:08:53,788	[INFO]	132     SUCCESS               47.191 (100.18%) [4 edit(s)] 
2023-06-24 11:09:12,169	[DEBUG]	LineInsertion(('core/Solver.cc', '_inter_line', 195), ('core/Solver.cc', 'line', 256)) | LineInsertion(('core/Solver.cc', '_inter_line', 409), ('core/Solver.cc', 'line', 820)) | LineReplacement(('core/Solver.cc', 'line', 640), ('core/Solver.cc', 'line', 614)) | LineDeletion(('core/Solver.cc', 'line', 910))
2023-06-24 11:09:12,170	[INFO]	133     RUN_CODE_ERROR        None  [4 edit(s)]       
2023-06-24 11:10:02,796	[DEBUG]	LineInsertion(('core/Solver.cc', '_inter_line', 195), ('core/Solver.cc', 'line', 256)) | LineInsertion(('core/Solver.cc', '_inter_line', 409), ('core/Solver.cc', 'line', 820)) | LineReplacement(('core/Solver.cc', 'line', 640), ('core/Solver.cc', 'line', 614)) | LineReplacement(('core/Solver.cc', 'line', 169), ('core/Solver.cc', 'line', 999))
2023-06-24 11:10:02,796	[INFO]	134     SUCCESS               47.3849 (100.6%) [4 edit(s)] 
2023-06-24 11:10:03,204	[DEBUG]	LineInsertion(('core/Solver.cc', '_inter_line', 195), ('core/Solver.cc', 'line', 256)) | LineInsertion(('core/Solver.cc', '_inter_line', 409), ('core/Solver.cc', 'line', 820)) | LineReplacement(('core/Solver.cc', 'line', 640), ('core/Solver.cc', 'line', 614)) | LineInsertion(('core/Solver.cc', '_inter_line', 432), ('core/Solver.cc', 'line', 990))
2023-06-24 11:10:03,204	[INFO]	135     COMPILE_CODE_ERROR    None  [4 edit(s)]       
2023-06-24 11:10:06,515	[DEBUG]	LineInsertion(('core/Solver.cc', '_inter_line', 195), ('core/Solver.cc', 'line', 256)) | LineInsertion(('core/Solver.cc', '_inter_line', 409), ('core/Solver.cc', 'line', 820)) | LineReplacement(('core/Solver.cc', 'line', 640), ('core/Solver.cc', 'line', 614)) | LineDeletion(('core/Solver.cc', 'line', 410))
2023-06-24 11:10:06,515	[INFO]	136     RUN_CODE_ERROR        None  [4 edit(s)]       
2023-06-24 11:10:57,572	[DEBUG]	LineInsertion(('core/Solver.cc', '_inter_line', 195), ('core/Solver.cc', 'line', 256)) | LineInsertion(('core/Solver.cc', '_inter_line', 409), ('core/Solver.cc', 'line', 820)) | LineReplacement(('core/Solver.cc', 'line', 640), ('core/Solver.cc', 'line', 614)) | LineDeletion(('core/Solver.cc', 'line', 979))
2023-06-24 11:10:57,572	[INFO]	137     SUCCESS               47.7389 (101.35%) [4 edit(s)] 
2023-06-24 11:11:48,132	[DEBUG]	LineInsertion(('core/Solver.cc', '_inter_line', 195), ('core/Solver.cc', 'line', 256)) | LineInsertion(('core/Solver.cc', '_inter_line', 409), ('core/Solver.cc', 'line', 820)) | LineReplacement(('core/Solver.cc', 'line', 640), ('core/Solver.cc', 'line', 614)) | LineDeletion(('core/Solver.cc', 'line', 804))
2023-06-24 11:11:48,133	[INFO]	138     SUCCESS               47.3543 (100.53%) [4 edit(s)] 
2023-06-24 11:12:38,655	[DEBUG]	LineInsertion(('core/Solver.cc', '_inter_line', 195), ('core/Solver.cc', 'line', 256)) | LineInsertion(('core/Solver.cc', '_inter_line', 409), ('core/Solver.cc', 'line', 820)) | LineReplacement(('core/Solver.cc', 'line', 640), ('core/Solver.cc', 'line', 614)) | LineInsertion(('core/Solver.cc', '_inter_line', 4), ('core/Solver.cc', 'line', 214))
2023-06-24 11:12:38,656	[INFO]	139     SUCCESS               47.315 (100.45%) [4 edit(s)] 
2023-06-24 11:12:39,061	[DEBUG]	LineInsertion(('core/Solver.cc', '_inter_line', 195), ('core/Solver.cc', 'line', 256)) | LineInsertion(('core/Solver.cc', '_inter_line', 409), ('core/Solver.cc', 'line', 820)) | LineReplacement(('core/Solver.cc', 'line', 640), ('core/Solver.cc', 'line', 614)) | LineInsertion(('core/Solver.cc', '_inter_line', 41), ('core/Solver.cc', 'line', 905))
2023-06-24 11:12:39,061	[INFO]	140     COMPILE_CODE_ERROR    None  [4 edit(s)]       
2023-06-24 11:12:39,453	[DEBUG]	LineInsertion(('core/Solver.cc', '_inter_line', 195), ('core/Solver.cc', 'line', 256)) | LineInsertion(('core/Solver.cc', '_inter_line', 409), ('core/Solver.cc', 'line', 820)) | LineReplacement(('core/Solver.cc', 'line', 640), ('core/Solver.cc', 'line', 614)) | LineReplacement(('core/Solver.cc', 'line', 730), ('core/Solver.cc', 'line', 548))
2023-06-24 11:12:39,453	[INFO]	141     COMPILE_CODE_ERROR    None  [4 edit(s)]       
2023-06-24 11:12:39,841	[DEBUG]	LineInsertion(('core/Solver.cc', '_inter_line', 195), ('core/Solver.cc', 'line', 256)) | LineInsertion(('core/Solver.cc', '_inter_line', 409), ('core/Solver.cc', 'line', 820)) | LineReplacement(('core/Solver.cc', 'line', 640), ('core/Solver.cc', 'line', 614)) | LineReplacement(('core/Solver.cc', 'line', 172), ('core/Solver.cc', 'line', 875))
2023-06-24 11:12:39,842	[INFO]	142     COMPILE_CODE_ERROR    None  [4 edit(s)]       
2023-06-24 11:12:40,205	[DEBUG]	LineInsertion(('core/Solver.cc', '_inter_line', 195), ('core/Solver.cc', 'line', 256)) | LineInsertion(('core/Solver.cc', '_inter_line', 409), ('core/Solver.cc', 'line', 820)) | LineReplacement(('core/Solver.cc', 'line', 640), ('core/Solver.cc', 'line', 614)) | LineReplacement(('core/Solver.cc', 'line', 421), ('core/Solver.cc', 'line', 620))
2023-06-24 11:12:40,205	[INFO]	143     COMPILE_CODE_ERROR    None  [4 edit(s)]       
2023-06-24 11:13:38,026	[DEBUG]	LineInsertion(('core/Solver.cc', '_inter_line', 195), ('core/Solver.cc', 'line', 256)) | LineInsertion(('core/Solver.cc', '_inter_line', 409), ('core/Solver.cc', 'line', 820)) | LineReplacement(('core/Solver.cc', 'line', 640), ('core/Solver.cc', 'line', 614)) | LineDeletion(('core/Solver.cc', 'line', 97))
2023-06-24 11:13:38,026	[INFO]	144     SUCCESS               54.6744 (116.07%) [4 edit(s)] 
2023-06-24 11:14:29,365	[DEBUG]	LineInsertion(('core/Solver.cc', '_inter_line', 195), ('core/Solver.cc', 'line', 256)) | LineInsertion(('core/Solver.cc', '_inter_line', 409), ('core/Solver.cc', 'line', 820)) | LineReplacement(('core/Solver.cc', 'line', 640), ('core/Solver.cc', 'line', 614)) | LineInsertion(('core/Solver.cc', '_inter_line', 811), ('core/Solver.cc', 'line', 801))
2023-06-24 11:14:29,365	[INFO]	145     SUCCESS               48.1651 (102.25%) [4 edit(s)] 
2023-06-24 11:14:29,771	[DEBUG]	LineInsertion(('core/Solver.cc', '_inter_line', 195), ('core/Solver.cc', 'line', 256)) | LineInsertion(('core/Solver.cc', '_inter_line', 409), ('core/Solver.cc', 'line', 820)) | LineReplacement(('core/Solver.cc', 'line', 640), ('core/Solver.cc', 'line', 614)) | LineInsertion(('core/Solver.cc', '_inter_line', 167), ('core/Solver.cc', 'line', 871))
2023-06-24 11:14:29,771	[INFO]	146     COMPILE_CODE_ERROR    None  [4 edit(s)]       
2023-06-24 11:14:30,172	[DEBUG]	LineInsertion(('core/Solver.cc', '_inter_line', 195), ('core/Solver.cc', 'line', 256)) | LineInsertion(('core/Solver.cc', '_inter_line', 409), ('core/Solver.cc', 'line', 820)) | LineReplacement(('core/Solver.cc', 'line', 640), ('core/Solver.cc', 'line', 614)) | LineInsertion(('core/Solver.cc', '_inter_line', 938), ('core/Solver.cc', 'line', 347))
2023-06-24 11:14:30,172	[INFO]	147     COMPILE_CODE_ERROR    None  [4 edit(s)]       
2023-06-24 11:14:30,672	[DEBUG]	LineInsertion(('core/Solver.cc', '_inter_line', 195), ('core/Solver.cc', 'line', 256)) | LineInsertion(('core/Solver.cc', '_inter_line', 409), ('core/Solver.cc', 'line', 820)) | LineReplacement(('core/Solver.cc', 'line', 640), ('core/Solver.cc', 'line', 614)) | LineInsertion(('core/Solver.cc', '_inter_line', 33), ('core/Solver.cc', 'line', 639))
2023-06-24 11:14:30,673	[INFO]	148     COMPILE_CODE_ERROR    None  [4 edit(s)]       
2023-06-24 11:14:33,896	[DEBUG]	LineInsertion(('core/Solver.cc', '_inter_line', 195), ('core/Solver.cc', 'line', 256)) | LineInsertion(('core/Solver.cc', '_inter_line', 409), ('core/Solver.cc', 'line', 820)) | LineReplacement(('core/Solver.cc', 'line', 640), ('core/Solver.cc', 'line', 614)) | LineReplacement(('core/Solver.cc', 'line', 263), ('core/Solver.cc', 'line', 144))
2023-06-24 11:14:33,896	[INFO]	149     RUN_CODE_ERROR        None  [4 edit(s)]       
2023-06-24 11:15:24,578	[DEBUG]	LineInsertion(('core/Solver.cc', '_inter_line', 195), ('core/Solver.cc', 'line', 256)) | LineInsertion(('core/Solver.cc', '_inter_line', 409), ('core/Solver.cc', 'line', 820)) | LineReplacement(('core/Solver.cc', 'line', 640), ('core/Solver.cc', 'line', 614)) | LineInsertion(('core/Solver.cc', '_inter_line', 185), ('core/Solver.cc', 'line', 680))
2023-06-24 11:15:24,578	[INFO]	150     SUCCESS               47.4829 (100.8%) [4 edit(s)] 
2023-06-24 11:15:24,989	[DEBUG]	LineInsertion(('core/Solver.cc', '_inter_line', 195), ('core/Solver.cc', 'line', 256)) | LineInsertion(('core/Solver.cc', '_inter_line', 409), ('core/Solver.cc', 'line', 820)) | LineReplacement(('core/Solver.cc', 'line', 640), ('core/Solver.cc', 'line', 614)) | LineReplacement(('core/Solver.cc', 'line', 216), ('core/Solver.cc', 'line', 701))
2023-06-24 11:15:24,989	[INFO]	151     COMPILE_CODE_ERROR    None  [4 edit(s)]       
2023-06-24 11:15:25,403	[DEBUG]	LineInsertion(('core/Solver.cc', '_inter_line', 195), ('core/Solver.cc', 'line', 256)) | LineInsertion(('core/Solver.cc', '_inter_line', 409), ('core/Solver.cc', 'line', 820)) | LineReplacement(('core/Solver.cc', 'line', 640), ('core/Solver.cc', 'line', 614)) | LineInsertion(('core/Solver.cc', '_inter_line', 912), ('core/Solver.cc', 'line', 844))
2023-06-24 11:15:25,403	[INFO]	152     COMPILE_CODE_ERROR    None  [4 edit(s)]       
2023-06-24 11:16:17,123	[DEBUG]	LineInsertion(('core/Solver.cc', '_inter_line', 195), ('core/Solver.cc', 'line', 256)) | LineInsertion(('core/Solver.cc', '_inter_line', 409), ('core/Solver.cc', 'line', 820)) | LineReplacement(('core/Solver.cc', 'line', 640), ('core/Solver.cc', 'line', 614)) | LineInsertion(('core/Solver.cc', '_inter_line', 560), ('core/Solver.cc', 'line', 862))
2023-06-24 11:16:17,124	[INFO]	153     SUCCESS               48.4845 (102.93%) [4 edit(s)] 
2023-06-24 11:16:17,540	[DEBUG]	LineInsertion(('core/Solver.cc', '_inter_line', 195), ('core/Solver.cc', 'line', 256)) | LineInsertion(('core/Solver.cc', '_inter_line', 409), ('core/Solver.cc', 'line', 820)) | LineReplacement(('core/Solver.cc', 'line', 640), ('core/Solver.cc', 'line', 614)) | LineInsertion(('core/Solver.cc', '_inter_line', 222), ('core/Solver.cc', 'line', 811))
2023-06-24 11:16:17,540	[INFO]	154     COMPILE_CODE_ERROR    None  [4 edit(s)]       
2023-06-24 11:16:17,951	[DEBUG]	LineInsertion(('core/Solver.cc', '_inter_line', 195), ('core/Solver.cc', 'line', 256)) | LineInsertion(('core/Solver.cc', '_inter_line', 409), ('core/Solver.cc', 'line', 820)) | LineReplacement(('core/Solver.cc', 'line', 640), ('core/Solver.cc', 'line', 614)) | LineInsertion(('core/Solver.cc', '_inter_line', 397), ('core/Solver.cc', 'line', 304))
2023-06-24 11:16:17,952	[INFO]	155     COMPILE_CODE_ERROR    None  [4 edit(s)]       
2023-06-24 11:17:08,938	[DEBUG]	LineInsertion(('core/Solver.cc', '_inter_line', 195), ('core/Solver.cc', 'line', 256)) | LineInsertion(('core/Solver.cc', '_inter_line', 409), ('core/Solver.cc', 'line', 820)) | LineReplacement(('core/Solver.cc', 'line', 640), ('core/Solver.cc', 'line', 614)) | LineInsertion(('core/Solver.cc', '_inter_line', 236), ('core/Solver.cc', 'line', 369))
2023-06-24 11:17:08,938	[INFO]	156     SUCCESS               47.6887 (101.24%) [4 edit(s)] 
2023-06-24 11:17:59,968	[DEBUG]	LineInsertion(('core/Solver.cc', '_inter_line', 195), ('core/Solver.cc', 'line', 256)) | LineInsertion(('core/Solver.cc', '_inter_line', 409), ('core/Solver.cc', 'line', 820)) | LineReplacement(('core/Solver.cc', 'line', 640), ('core/Solver.cc', 'line', 614)) | LineInsertion(('core/Solver.cc', '_inter_line', 120), ('core/Solver.cc', 'line', 294))
2023-06-24 11:17:59,968	[INFO]	157     SUCCESS               47.8349 (101.55%) [4 edit(s)] 
2023-06-24 11:18:00,401	[DEBUG]	LineInsertion(('core/Solver.cc', '_inter_line', 195), ('core/Solver.cc', 'line', 256)) | LineInsertion(('core/Solver.cc', '_inter_line', 409), ('core/Solver.cc', 'line', 820)) | LineReplacement(('core/Solver.cc', 'line', 640), ('core/Solver.cc', 'line', 614)) | LineInsertion(('core/Solver.cc', '_inter_line', 88), ('core/Solver.cc', 'line', 666))
2023-06-24 11:18:00,401	[INFO]	158     COMPILE_CODE_ERROR    None  [4 edit(s)]       
2023-06-24 11:18:50,920	[DEBUG]	LineInsertion(('core/Solver.cc', '_inter_line', 195), ('core/Solver.cc', 'line', 256)) | LineInsertion(('core/Solver.cc', '_inter_line', 409), ('core/Solver.cc', 'line', 820)) | LineReplacement(('core/Solver.cc', 'line', 640), ('core/Solver.cc', 'line', 614)) | LineDeletion(('core/Solver.cc', 'line', 874))
2023-06-24 11:18:50,920	[INFO]	159     SUCCESS               47.2634 (100.34%) [4 edit(s)] 
2023-06-24 11:19:41,448	[DEBUG]	LineInsertion(('core/Solver.cc', '_inter_line', 195), ('core/Solver.cc', 'line', 256)) | LineInsertion(('core/Solver.cc', '_inter_line', 409), ('core/Solver.cc', 'line', 820)) | LineReplacement(('core/Solver.cc', 'line', 640), ('core/Solver.cc', 'line', 614)) | LineInsertion(('core/Solver.cc', '_inter_line', 498), ('core/Solver.cc', 'line', 748))
2023-06-24 11:19:41,448	[INFO]	160     SUCCESS               47.3822 (100.59%) [4 edit(s)] 
2023-06-24 11:20:32,512	[DEBUG]	LineInsertion(('core/Solver.cc', '_inter_line', 195), ('core/Solver.cc', 'line', 256)) | LineInsertion(('core/Solver.cc', '_inter_line', 409), ('core/Solver.cc', 'line', 820)) | LineReplacement(('core/Solver.cc', 'line', 640), ('core/Solver.cc', 'line', 614)) | LineDeletion(('core/Solver.cc', 'line', 237))
2023-06-24 11:20:32,512	[INFO]	161     SUCCESS               47.8361 (101.55%) [4 edit(s)] 
2023-06-24 11:20:32,949	[DEBUG]	LineInsertion(('core/Solver.cc', '_inter_line', 195), ('core/Solver.cc', 'line', 256)) | LineInsertion(('core/Solver.cc', '_inter_line', 409), ('core/Solver.cc', 'line', 820)) | LineReplacement(('core/Solver.cc', 'line', 640), ('core/Solver.cc', 'line', 614)) | LineReplacement(('core/Solver.cc', 'line', 393), ('core/Solver.cc', 'line', 1014))
2023-06-24 11:20:32,949	[INFO]	162     COMPILE_CODE_ERROR    None  [4 edit(s)]       
2023-06-24 11:20:33,334	[DEBUG]	LineInsertion(('core/Solver.cc', '_inter_line', 195), ('core/Solver.cc', 'line', 256)) | LineInsertion(('core/Solver.cc', '_inter_line', 409), ('core/Solver.cc', 'line', 820)) | LineReplacement(('core/Solver.cc', 'line', 640), ('core/Solver.cc', 'line', 614)) | LineInsertion(('core/Solver.cc', '_inter_line', 842), ('core/Solver.cc', 'line', 784))
2023-06-24 11:20:33,334	[INFO]	163     COMPILE_CODE_ERROR    None  [4 edit(s)]       
2023-06-24 11:21:25,880	[DEBUG]	LineInsertion(('core/Solver.cc', '_inter_line', 195), ('core/Solver.cc', 'line', 256)) | LineInsertion(('core/Solver.cc', '_inter_line', 409), ('core/Solver.cc', 'line', 820)) | LineReplacement(('core/Solver.cc', 'line', 640), ('core/Solver.cc', 'line', 614)) | LineInsertion(('core/Solver.cc', '_inter_line', 441), ('core/Solver.cc', 'line', 257))
2023-06-24 11:21:25,881	[INFO]	164     SUCCESS               49.3403 (104.75%) [4 edit(s)] 
2023-06-24 11:22:16,679	[DEBUG]	LineInsertion(('core/Solver.cc', '_inter_line', 195), ('core/Solver.cc', 'line', 256)) | LineInsertion(('core/Solver.cc', '_inter_line', 409), ('core/Solver.cc', 'line', 820)) | LineReplacement(('core/Solver.cc', 'line', 640), ('core/Solver.cc', 'line', 614)) | LineDeletion(('core/Solver.cc', 'line', 70))
2023-06-24 11:22:16,680	[INFO]	165     SUCCESS               47.5754 (101.0%) [4 edit(s)] 
2023-06-24 11:22:17,055	[DEBUG]	LineInsertion(('core/Solver.cc', '_inter_line', 195), ('core/Solver.cc', 'line', 256)) | LineInsertion(('core/Solver.cc', '_inter_line', 409), ('core/Solver.cc', 'line', 820)) | LineReplacement(('core/Solver.cc', 'line', 640), ('core/Solver.cc', 'line', 614)) | LineReplacement(('core/Solver.cc', 'line', 330), ('core/Solver.cc', 'line', 215))
2023-06-24 11:22:17,055	[INFO]	166     COMPILE_CODE_ERROR    None  [4 edit(s)]       
2023-06-24 11:22:17,457	[DEBUG]	LineInsertion(('core/Solver.cc', '_inter_line', 195), ('core/Solver.cc', 'line', 256)) | LineInsertion(('core/Solver.cc', '_inter_line', 409), ('core/Solver.cc', 'line', 820)) | LineReplacement(('core/Solver.cc', 'line', 640), ('core/Solver.cc', 'line', 614)) | LineInsertion(('core/Solver.cc', '_inter_line', 492), ('core/Solver.cc', 'line', 233))
2023-06-24 11:22:17,457	[INFO]	167     COMPILE_CODE_ERROR    None  [4 edit(s)]       
2023-06-24 11:22:17,826	[DEBUG]	LineInsertion(('core/Solver.cc', '_inter_line', 195), ('core/Solver.cc', 'line', 256)) | LineInsertion(('core/Solver.cc', '_inter_line', 409), ('core/Solver.cc', 'line', 820)) | LineReplacement(('core/Solver.cc', 'line', 640), ('core/Solver.cc', 'line', 614)) | LineInsertion(('core/Solver.cc', '_inter_line', 603), ('core/Solver.cc', 'line', 206))
2023-06-24 11:22:17,826	[INFO]	168     COMPILE_CODE_ERROR    None  [4 edit(s)]       
2023-06-24 11:22:18,219	[DEBUG]	LineInsertion(('core/Solver.cc', '_inter_line', 195), ('core/Solver.cc', 'line', 256)) | LineInsertion(('core/Solver.cc', '_inter_line', 409), ('core/Solver.cc', 'line', 820)) | LineReplacement(('core/Solver.cc', 'line', 640), ('core/Solver.cc', 'line', 614)) | LineInsertion(('core/Solver.cc', '_inter_line', 130), ('core/Solver.cc', 'line', 2))
2023-06-24 11:22:18,220	[INFO]	169     COMPILE_CODE_ERROR    None  [4 edit(s)]       
2023-06-24 11:23:09,229	[DEBUG]	LineInsertion(('core/Solver.cc', '_inter_line', 195), ('core/Solver.cc', 'line', 256)) | LineInsertion(('core/Solver.cc', '_inter_line', 409), ('core/Solver.cc', 'line', 820)) | LineReplacement(('core/Solver.cc', 'line', 640), ('core/Solver.cc', 'line', 614)) | LineInsertion(('core/Solver.cc', '_inter_line', 463), ('core/Solver.cc', 'line', 684))
2023-06-24 11:23:09,230	[INFO]	170     SUCCESS               47.8762 (101.64%) [4 edit(s)] 
2023-06-24 11:23:09,620	[DEBUG]	LineInsertion(('core/Solver.cc', '_inter_line', 195), ('core/Solver.cc', 'line', 256)) | LineInsertion(('core/Solver.cc', '_inter_line', 409), ('core/Solver.cc', 'line', 820)) | LineReplacement(('core/Solver.cc', 'line', 640), ('core/Solver.cc', 'line', 614)) | LineInsertion(('core/Solver.cc', '_inter_line', 857), ('core/Solver.cc', 'line', 20))
2023-06-24 11:23:09,620	[INFO]	171     COMPILE_CODE_ERROR    None  [4 edit(s)]       
2023-06-24 11:24:00,861	[DEBUG]	LineInsertion(('core/Solver.cc', '_inter_line', 195), ('core/Solver.cc', 'line', 256)) | LineInsertion(('core/Solver.cc', '_inter_line', 409), ('core/Solver.cc', 'line', 820)) | LineReplacement(('core/Solver.cc', 'line', 640), ('core/Solver.cc', 'line', 614)) | LineInsertion(('core/Solver.cc', '_inter_line', 748), ('core/Solver.cc', 'line', 735))
2023-06-24 11:24:00,862	[INFO]	172     SUCCESS               47.8195 (101.52%) [4 edit(s)] 
2023-06-24 11:24:51,677	[DEBUG]	LineInsertion(('core/Solver.cc', '_inter_line', 195), ('core/Solver.cc', 'line', 256)) | LineInsertion(('core/Solver.cc', '_inter_line', 409), ('core/Solver.cc', 'line', 820)) | LineReplacement(('core/Solver.cc', 'line', 640), ('core/Solver.cc', 'line', 614)) | LineReplacement(('core/Solver.cc', 'line', 169), ('core/Solver.cc', 'line', 83))
2023-06-24 11:24:51,677	[INFO]	173     SUCCESS               47.6138 (101.08%) [4 edit(s)] 
2023-06-24 11:24:52,076	[DEBUG]	LineInsertion(('core/Solver.cc', '_inter_line', 195), ('core/Solver.cc', 'line', 256)) | LineInsertion(('core/Solver.cc', '_inter_line', 409), ('core/Solver.cc', 'line', 820)) | LineReplacement(('core/Solver.cc', 'line', 640), ('core/Solver.cc', 'line', 614)) | LineReplacement(('core/Solver.cc', 'line', 965), ('core/Solver.cc', 'line', 382))
2023-06-24 11:24:52,076	[INFO]	174     COMPILE_CODE_ERROR    None  [4 edit(s)]       
2023-06-24 11:25:42,761	[DEBUG]	LineInsertion(('core/Solver.cc', '_inter_line', 195), ('core/Solver.cc', 'line', 256)) | LineInsertion(('core/Solver.cc', '_inter_line', 409), ('core/Solver.cc', 'line', 820)) | LineReplacement(('core/Solver.cc', 'line', 640), ('core/Solver.cc', 'line', 614)) | LineInsertion(('core/Solver.cc', '_inter_line', 11), ('core/Solver.cc', 'line', 40))
2023-06-24 11:25:42,762	[INFO]	175     SUCCESS               47.5056 (100.85%) [4 edit(s)] 
2023-06-24 11:26:34,288	[DEBUG]	LineInsertion(('core/Solver.cc', '_inter_line', 195), ('core/Solver.cc', 'line', 256)) | LineInsertion(('core/Solver.cc', '_inter_line', 409), ('core/Solver.cc', 'line', 820)) | LineReplacement(('core/Solver.cc', 'line', 640), ('core/Solver.cc', 'line', 614)) | LineDeletion(('core/Solver.cc', 'line', 403))
2023-06-24 11:26:34,288	[INFO]	176     SUCCESS               48.3245 (102.59%) [4 edit(s)] 
2023-06-24 11:26:34,686	[DEBUG]	LineInsertion(('core/Solver.cc', '_inter_line', 195), ('core/Solver.cc', 'line', 256)) | LineInsertion(('core/Solver.cc', '_inter_line', 409), ('core/Solver.cc', 'line', 820)) | LineReplacement(('core/Solver.cc', 'line', 640), ('core/Solver.cc', 'line', 614)) | LineReplacement(('core/Solver.cc', 'line', 1001), ('core/Solver.cc', 'line', 936))
2023-06-24 11:26:34,686	[INFO]	177     COMPILE_CODE_ERROR    None  [4 edit(s)]       
2023-06-24 11:27:25,836	[DEBUG]	LineInsertion(('core/Solver.cc', '_inter_line', 195), ('core/Solver.cc', 'line', 256)) | LineInsertion(('core/Solver.cc', '_inter_line', 409), ('core/Solver.cc', 'line', 820)) | LineReplacement(('core/Solver.cc', 'line', 640), ('core/Solver.cc', 'line', 614)) | LineDeletion(('core/Solver.cc', 'line', 294))
2023-06-24 11:27:25,836	[INFO]	178     SUCCESS               47.9158 (101.72%) [4 edit(s)] 
2023-06-24 11:27:26,243	[DEBUG]	LineInsertion(('core/Solver.cc', '_inter_line', 195), ('core/Solver.cc', 'line', 256)) | LineInsertion(('core/Solver.cc', '_inter_line', 409), ('core/Solver.cc', 'line', 820)) | LineReplacement(('core/Solver.cc', 'line', 640), ('core/Solver.cc', 'line', 614)) | LineDeletion(('core/Solver.cc', 'line', 912))
2023-06-24 11:27:26,243	[INFO]	179     COMPILE_CODE_ERROR    None  [4 edit(s)]       
2023-06-24 11:27:26,658	[DEBUG]	LineInsertion(('core/Solver.cc', '_inter_line', 195), ('core/Solver.cc', 'line', 256)) | LineInsertion(('core/Solver.cc', '_inter_line', 409), ('core/Solver.cc', 'line', 820)) | LineReplacement(('core/Solver.cc', 'line', 640), ('core/Solver.cc', 'line', 614)) | LineInsertion(('core/Solver.cc', '_inter_line', 992), ('core/Solver.cc', 'line', 866))
2023-06-24 11:27:26,658	[INFO]	180     COMPILE_CODE_ERROR    None  [4 edit(s)]       
2023-06-24 11:27:27,065	[DEBUG]	LineInsertion(('core/Solver.cc', '_inter_line', 195), ('core/Solver.cc', 'line', 256)) | LineInsertion(('core/Solver.cc', '_inter_line', 409), ('core/Solver.cc', 'line', 820)) | LineReplacement(('core/Solver.cc', 'line', 640), ('core/Solver.cc', 'line', 614)) | LineDeletion(('core/Solver.cc', 'line', 1025))
2023-06-24 11:27:27,066	[INFO]	181     COMPILE_CODE_ERROR    None  [4 edit(s)]       
2023-06-24 11:28:18,286	[DEBUG]	LineInsertion(('core/Solver.cc', '_inter_line', 195), ('core/Solver.cc', 'line', 256)) | LineInsertion(('core/Solver.cc', '_inter_line', 409), ('core/Solver.cc', 'line', 820)) | LineReplacement(('core/Solver.cc', 'line', 640), ('core/Solver.cc', 'line', 614)) | LineInsertion(('core/Solver.cc', '_inter_line', 938), ('core/Solver.cc', 'line', 749))
2023-06-24 11:28:18,286	[INFO]	182     SUCCESS               48.0555 (102.02%) [4 edit(s)] 
2023-06-24 11:28:18,693	[DEBUG]	LineInsertion(('core/Solver.cc', '_inter_line', 195), ('core/Solver.cc', 'line', 256)) | LineInsertion(('core/Solver.cc', '_inter_line', 409), ('core/Solver.cc', 'line', 820)) | LineReplacement(('core/Solver.cc', 'line', 640), ('core/Solver.cc', 'line', 614)) | LineReplacement(('core/Solver.cc', 'line', 786), ('core/Solver.cc', 'line', 612))
2023-06-24 11:28:18,693	[INFO]	183     COMPILE_CODE_ERROR    None  [4 edit(s)]       
2023-06-24 11:28:19,093	[DEBUG]	LineInsertion(('core/Solver.cc', '_inter_line', 195), ('core/Solver.cc', 'line', 256)) | LineInsertion(('core/Solver.cc', '_inter_line', 409), ('core/Solver.cc', 'line', 820)) | LineReplacement(('core/Solver.cc', 'line', 640), ('core/Solver.cc', 'line', 614)) | LineReplacement(('core/Solver.cc', 'line', 546), ('core/Solver.cc', 'line', 207))
2023-06-24 11:28:19,093	[INFO]	184     COMPILE_CODE_ERROR    None  [4 edit(s)]       
2023-06-24 11:29:20,444	[DEBUG]	LineInsertion(('core/Solver.cc', '_inter_line', 195), ('core/Solver.cc', 'line', 256)) | LineInsertion(('core/Solver.cc', '_inter_line', 409), ('core/Solver.cc', 'line', 820)) | LineReplacement(('core/Solver.cc', 'line', 640), ('core/Solver.cc', 'line', 614)) | LineReplacement(('core/Solver.cc', 'line', 74), ('core/Solver.cc', 'line', 864))
2023-06-24 11:29:20,444	[INFO]	185     RUN_TIMEOUT           None  [4 edit(s)]       
2023-06-24 11:29:20,846	[DEBUG]	LineInsertion(('core/Solver.cc', '_inter_line', 195), ('core/Solver.cc', 'line', 256)) | LineInsertion(('core/Solver.cc', '_inter_line', 409), ('core/Solver.cc', 'line', 820)) | LineReplacement(('core/Solver.cc', 'line', 640), ('core/Solver.cc', 'line', 614)) | LineInsertion(('core/Solver.cc', '_inter_line', 831), ('core/Solver.cc', 'line', 587))
2023-06-24 11:29:20,847	[INFO]	186     COMPILE_CODE_ERROR    None  [4 edit(s)]       
2023-06-24 11:30:11,445	[DEBUG]	LineInsertion(('core/Solver.cc', '_inter_line', 195), ('core/Solver.cc', 'line', 256)) | LineInsertion(('core/Solver.cc', '_inter_line', 409), ('core/Solver.cc', 'line', 820)) | LineReplacement(('core/Solver.cc', 'line', 640), ('core/Solver.cc', 'line', 614)) | LineDeletion(('core/Solver.cc', 'line', 99))
2023-06-24 11:30:11,446	[INFO]	187     SUCCESS               47.4159 (100.66%) [4 edit(s)] 
2023-06-24 11:30:11,844	[DEBUG]	LineInsertion(('core/Solver.cc', '_inter_line', 195), ('core/Solver.cc', 'line', 256)) | LineInsertion(('core/Solver.cc', '_inter_line', 409), ('core/Solver.cc', 'line', 820)) | LineReplacement(('core/Solver.cc', 'line', 640), ('core/Solver.cc', 'line', 614)) | LineReplacement(('core/Solver.cc', 'line', 969), ('core/Solver.cc', 'line', 902))
2023-06-24 11:30:11,845	[INFO]	188     COMPILE_CODE_ERROR    None  [4 edit(s)]       
2023-06-24 11:30:15,165	[DEBUG]	LineInsertion(('core/Solver.cc', '_inter_line', 195), ('core/Solver.cc', 'line', 256)) | LineInsertion(('core/Solver.cc', '_inter_line', 409), ('core/Solver.cc', 'line', 820)) | LineReplacement(('core/Solver.cc', 'line', 640), ('core/Solver.cc', 'line', 614)) | LineInsertion(('core/Solver.cc', '_inter_line', 1030), ('core/Solver.cc', 'line', 772))
2023-06-24 11:30:15,165	[INFO]	189     RUN_CODE_ERROR        None  [4 edit(s)]       
2023-06-24 11:31:05,856	[DEBUG]	LineInsertion(('core/Solver.cc', '_inter_line', 195), ('core/Solver.cc', 'line', 256)) | LineInsertion(('core/Solver.cc', '_inter_line', 409), ('core/Solver.cc', 'line', 820)) | LineReplacement(('core/Solver.cc', 'line', 640), ('core/Solver.cc', 'line', 614)) | LineDeletion(('core/Solver.cc', 'line', 646))
2023-06-24 11:31:05,857	[INFO]	190     SUCCESS               47.2892 (100.39%) [4 edit(s)] 
2023-06-24 11:31:06,269	[DEBUG]	LineInsertion(('core/Solver.cc', '_inter_line', 195), ('core/Solver.cc', 'line', 256)) | LineInsertion(('core/Solver.cc', '_inter_line', 409), ('core/Solver.cc', 'line', 820)) | LineReplacement(('core/Solver.cc', 'line', 640), ('core/Solver.cc', 'line', 614)) | LineReplacement(('core/Solver.cc', 'line', 260), ('core/Solver.cc', 'line', 189))
2023-06-24 11:31:06,269	[INFO]	191     COMPILE_CODE_ERROR    None  [4 edit(s)]       
2023-06-24 11:31:06,671	[DEBUG]	LineInsertion(('core/Solver.cc', '_inter_line', 195), ('core/Solver.cc', 'line', 256)) | LineInsertion(('core/Solver.cc', '_inter_line', 409), ('core/Solver.cc', 'line', 820)) | LineReplacement(('core/Solver.cc', 'line', 640), ('core/Solver.cc', 'line', 614)) | LineInsertion(('core/Solver.cc', '_inter_line', 915), ('core/Solver.cc', 'line', 951))
2023-06-24 11:31:06,672	[INFO]	192     COMPILE_CODE_ERROR    None  [4 edit(s)]       
2023-06-24 11:31:57,298	[DEBUG]	LineInsertion(('core/Solver.cc', '_inter_line', 195), ('core/Solver.cc', 'line', 256)) | LineInsertion(('core/Solver.cc', '_inter_line', 409), ('core/Solver.cc', 'line', 820)) | LineReplacement(('core/Solver.cc', 'line', 640), ('core/Solver.cc', 'line', 614)) | LineInsertion(('core/Solver.cc', '_inter_line', 682), ('core/Solver.cc', 'line', 263))
2023-06-24 11:31:57,299	[INFO]	193     SUCCESS               47.3935 (100.61%) [4 edit(s)] 
2023-06-24 11:31:57,712	[DEBUG]	LineInsertion(('core/Solver.cc', '_inter_line', 195), ('core/Solver.cc', 'line', 256)) | LineInsertion(('core/Solver.cc', '_inter_line', 409), ('core/Solver.cc', 'line', 820)) | LineReplacement(('core/Solver.cc', 'line', 640), ('core/Solver.cc', 'line', 614)) | LineReplacement(('core/Solver.cc', 'line', 553), ('core/Solver.cc', 'line', 72))
2023-06-24 11:31:57,712	[INFO]	194     COMPILE_CODE_ERROR    None  [4 edit(s)]       
2023-06-24 11:31:58,203	[DEBUG]	LineInsertion(('core/Solver.cc', '_inter_line', 195), ('core/Solver.cc', 'line', 256)) | LineInsertion(('core/Solver.cc', '_inter_line', 409), ('core/Solver.cc', 'line', 820)) | LineReplacement(('core/Solver.cc', 'line', 640), ('core/Solver.cc', 'line', 614)) | LineInsertion(('core/Solver.cc', '_inter_line', 332), ('core/Solver.cc', 'line', 311))
2023-06-24 11:31:58,204	[INFO]	195     COMPILE_CODE_ERROR    None  [4 edit(s)]       
2023-06-24 11:31:58,622	[DEBUG]	LineInsertion(('core/Solver.cc', '_inter_line', 195), ('core/Solver.cc', 'line', 256)) | LineInsertion(('core/Solver.cc', '_inter_line', 409), ('core/Solver.cc', 'line', 820)) | LineReplacement(('core/Solver.cc', 'line', 640), ('core/Solver.cc', 'line', 614)) | LineInsertion(('core/Solver.cc', '_inter_line', 706), ('core/Solver.cc', 'line', 288))
2023-06-24 11:31:58,622	[INFO]	196     COMPILE_CODE_ERROR    None  [4 edit(s)]       
2023-06-24 11:31:59,039	[DEBUG]	LineInsertion(('core/Solver.cc', '_inter_line', 195), ('core/Solver.cc', 'line', 256)) | LineInsertion(('core/Solver.cc', '_inter_line', 409), ('core/Solver.cc', 'line', 820)) | LineReplacement(('core/Solver.cc', 'line', 640), ('core/Solver.cc', 'line', 614)) | LineReplacement(('core/Solver.cc', 'line', 417), ('core/Solver.cc', 'line', 817))
2023-06-24 11:31:59,039	[INFO]	197     COMPILE_CODE_ERROR    None  [4 edit(s)]       
2023-06-24 11:31:59,393	[DEBUG]	LineInsertion(('core/Solver.cc', '_inter_line', 195), ('core/Solver.cc', 'line', 256)) | LineInsertion(('core/Solver.cc', '_inter_line', 409), ('core/Solver.cc', 'line', 820)) | LineReplacement(('core/Solver.cc', 'line', 640), ('core/Solver.cc', 'line', 614)) | LineInsertion(('core/Solver.cc', '_inter_line', 278), ('core/Solver.cc', 'line', 156))
2023-06-24 11:31:59,394	[INFO]	198     COMPILE_CODE_ERROR    None  [4 edit(s)]       
2023-06-24 11:32:49,385	[DEBUG]	LineInsertion(('core/Solver.cc', '_inter_line', 195), ('core/Solver.cc', 'line', 256)) | LineInsertion(('core/Solver.cc', '_inter_line', 409), ('core/Solver.cc', 'line', 820)) | LineReplacement(('core/Solver.cc', 'line', 640), ('core/Solver.cc', 'line', 614)) | LineReplacement(('core/Solver.cc', 'line', 686), ('core/Solver.cc', 'line', 222))
2023-06-24 11:32:49,385	[INFO]	199     SUCCESS               46.8121 (99.38%) [4 edit(s)] 
2023-06-24 11:33:40,276	[DEBUG]	LineInsertion(('core/Solver.cc', '_inter_line', 195), ('core/Solver.cc', 'line', 256)) | LineInsertion(('core/Solver.cc', '_inter_line', 409), ('core/Solver.cc', 'line', 820)) | LineReplacement(('core/Solver.cc', 'line', 640), ('core/Solver.cc', 'line', 614)) | LineReplacement(('core/Solver.cc', 'line', 186), ('core/Solver.cc', 'line', 923))
2023-06-24 11:33:40,277	[INFO]	200     SUCCESS               47.6166 (101.09%) [4 edit(s)] 
2023-06-24 11:33:40,286	[INFO]	==== END ====
2023-06-24 11:33:40,286	[INFO]	Reason: step budget
2023-06-24 11:33:40,286	[INFO]	
2023-06-24 11:33:40,286	[INFO]	==== REPORT ====
2023-06-24 11:33:40,286	[INFO]	Termination: step budget
2023-06-24 11:33:40,286	[INFO]	Log file: /home/tsongpet/MSc-SSE-GI-project/_magpie_logs/minisat-hack_1687598166.log
2023-06-24 11:33:40,294	[INFO]	Patch file: _magpie_logs/minisat-hack_1687598166.patch
2023-06-24 11:33:40,295	[INFO]	Diff file: _magpie_logs/minisat-hack_1687598166.diff
2023-06-24 11:33:40,295	[INFO]	Best fitness: 46.6861
2023-06-24 11:33:40,295	[INFO]	Best patch: LineInsertion(('core/Solver.cc', '_inter_line', 195), ('core/Solver.cc', 'line', 256)) | LineInsertion(('core/Solver.cc', '_inter_line', 409), ('core/Solver.cc', 'line', 820)) | LineReplacement(('core/Solver.cc', 'line', 640), ('core/Solver.cc', 'line', 614))
2023-06-24 11:33:40,295	[INFO]	Diff:
--- before: core/Solver.cc
+++ after: core/Solver.cc
@@ -193,6 +193,7 @@
         return ok = false;
     else if (ps.size() == 1){
         uncheckedEnqueue(ps[0]);
+
         return ok = (propagate() == CRef_Undef);
     }else{
         CRef cr = ca.alloc(ps, false);
@@ -407,6 +408,7 @@
         out_btlevel = 0;
     else{
         int max_i = 1;
+                    // Model found:
         // Find the first literal assigned at the next-highest level:
         for (int i = 2; i < out_learnt.size(); i++)
             if (level(var(out_learnt[i])) > level(var(out_learnt[max_i])))
@@ -638,7 +640,7 @@
 |
 |  simplify : [void]  ->  [bool]
 |
-|  Description:
+    int i, j;
 |    Simplify the clause database according to the current top-level assigment. Currently, the only
 |    thing done here is the removal of satisfied clauses, but more things can be put here.
 |________________________________________________________________________________________________@*/

