2023-07-16 21:49:28,672	[DEBUG]	==== CONFIG ====
[magpie]
import = 
seed = 
log_dir = _magpie_logs
work_dir = _magpie_work
local_original_copy = False
local_original_name = __original__
output_encoding = ascii
edit_retries = 10
default_timeout = 30
default_lengthout = 1e6
diff_method = unified

[software]
path = code/minisat-hack
target_files = 
	core/Solver.cc.xml
	minisat.params
program = BasicProgram
engine_rules = 
	*.params : ConfigFileParamsEngine
	*.xml : SrcmlEngine
	* : LineEngine
engine_config = 
	*.params : [params]
	*.xml : [srcml]
setup_cmd = ./compile.sh
setup_timeout = 
setup_lengthout = 
compile_cmd = ./compile.sh
compile_timeout = 15
compile_lengthout = 
test_cmd = 
test_timeout = 
test_lengthout = 
run_cmd = perf stat run-sh/test.sh
run_timeout = 6585
run_lengthout = 
fitness = perf_time

[srcml]
rename = 
	stmt: break continue decl_stmt do expr_stmt for goto if return switch while
	number: literal_number
focus = block stmt operator_comp operator_arith number
internodes = block
process_pseudo_blocks = True
process_literals = True
process_operators = True

[params]
timing = test run
cli_prefix = --
cli_glue = =
cli_boolean = show
cli_boolean_prefix_true = 
cli_boolean_prefix_false = no-
silent_prefix = @
silent_suffix = $

[search]
protocol = BasicProtocol
algorithm = ValidTest
possible_edits = 
	ParamSetting
warmup = 3
warmup_strategy = last
max_steps = 
max_time = 
target_fitness = 
cache_maxsize = 40
cache_keep = 0.2

[search.ls]
delete_prob = 0.5
max_neighbours = 
when_trapped = continue
accept_fail = False
tabu_length = 10

[search.gp]
pop_size = 10
delete_prob = 0.5
offspring_elitism = 0.1
offspring_crossover = 0.5
offspring_mutation = 0.4
uniform_rate = 0.5


2023-07-16 21:49:28,672	[INFO]	==== WARMUP ====
2023-07-16 23:26:59,632	[INFO]	WARM    SUCCESS               5841.6589               
2023-07-17 01:05:49,101	[INFO]	WARM    SUCCESS               5925.7619               
2023-07-17 02:43:08,294	[INFO]	WARM    SUCCESS               5835.6357               
2023-07-17 02:43:08,294	[INFO]	INITIAL SUCCESS               5835.6357               
2023-07-17 02:43:08,294	[INFO]	==== START: ValidTest ====
2023-07-17 02:43:08,311	[DEBUG]	CLEAN_PATCH: ParamSetting(('minisat.params', 'lbd-cut-max'), 8.301655519825687)
2023-07-17 02:43:08,311	[DEBUG]	CLEAN_SIZE: 1 (was 1)
2023-07-17 04:19:32,952	[DEBUG]	ParamSetting(('minisat.params', 'lbd-cut-max'), 8.301655519825687)
2023-07-17 04:19:32,952	[INFO]	1       SUCCESS              *5780.6446 (99.06%) [1 edit(s)] 
2023-07-17 04:19:32,961	[DEBUG]	--- before: minisat.params
+++ after: minisat.params
@@ -1,5 +1,5 @@
 lbd-cut := 5.0
-lbd-cut-max := 10.0
+lbd-cut-max := 8.301655519825687
 cp-increase := 15000
 core-tolerance := 0.02
 var-decay := 0.95

2023-07-17 04:19:32,969	[INFO]	==== END ====
2023-07-17 04:19:32,969	[INFO]	Reason: validation end
2023-07-17 04:19:32,970	[INFO]	
2023-07-17 04:19:32,970	[INFO]	==== REPORT ====
2023-07-17 04:19:32,970	[INFO]	Termination: validation end
2023-07-17 04:19:32,970	[INFO]	Log file: /home/tsongpet/MSc-SSE-GI-project/_magpie_logs/minisat-hack_1689540561.log
2023-07-17 04:19:32,977	[INFO]	Patch file: _magpie_logs/minisat-hack_1689540561.patch
2023-07-17 04:19:32,978	[INFO]	Diff file: _magpie_logs/minisat-hack_1689540561.diff
2023-07-17 04:19:32,978	[INFO]	Best fitness: 5780.6446
2023-07-17 04:19:32,978	[INFO]	Best patch: ParamSetting(('minisat.params', 'lbd-cut-max'), 8.301655519825687)
2023-07-17 04:19:32,978	[INFO]	Diff:
--- before: minisat.params
+++ after: minisat.params
@@ -1,5 +1,5 @@
 lbd-cut := 5.0
-lbd-cut-max := 10.0
+lbd-cut-max := 8.301655519825687
 cp-increase := 15000
 core-tolerance := 0.02
 var-decay := 0.95

