2023-07-15 03:54:16,322	[DEBUG]	==== CONFIG ====
[magpie]
import = 
seed = 
log_dir = _magpie_logs
work_dir = _magpie_work
local_original_copy = False
local_original_name = __original__
output_encoding = ascii
edit_retries = 10
default_timeout = 30
default_lengthout = 1e6
diff_method = unified

[software]
path = code/minisat-hack
target_files = 
	core/Solver.cc.xml
	minisat.params
program = BasicProgram
engine_rules = 
	*.params : ConfigFileParamsEngine
	*.xml : SrcmlEngine
	* : LineEngine
engine_config = 
	*.params : [params]
	*.xml : [srcml]
setup_cmd = ./compile.sh
setup_timeout = 
setup_lengthout = 
compile_cmd = ./compile.sh
compile_timeout = 15
compile_lengthout = 
test_cmd = 
test_timeout = 
test_lengthout = 
run_cmd = perf stat run-sh/validate_3.sh
run_timeout = 1266
run_lengthout = 
fitness = perf_time

[srcml]
rename = 
	stmt: break continue decl_stmt do expr_stmt for goto if return switch while
	number: literal_number
focus = block stmt operator_comp operator_arith number
internodes = block
process_pseudo_blocks = True
process_literals = True
process_operators = True

[params]
timing = test run
cli_prefix = --
cli_glue = =
cli_boolean = show
cli_boolean_prefix_true = 
cli_boolean_prefix_false = no-
silent_prefix = @
silent_suffix = $

[search]
protocol = BasicProtocol
algorithm = ValidRankingSimplify
possible_edits = 
	StmtReplacement
	StmtInsertion
	StmtDeletion
warmup = 3
warmup_strategy = last
max_steps = 
max_time = 
target_fitness = 
cache_maxsize = 40
cache_keep = 0.2

[search.ls]
delete_prob = 0.5
max_neighbours = 
when_trapped = continue
accept_fail = False
tabu_length = 10

[search.gp]
pop_size = 10
delete_prob = 0.5
offspring_elitism = 0.1
offspring_crossover = 0.5
offspring_mutation = 0.4
uniform_rate = 0.5


2023-07-15 03:54:16,322	[INFO]	==== WARMUP ====
2023-07-15 04:10:56,160	[INFO]	WARM    SUCCESS               991.3469                
2023-07-15 04:27:28,650	[INFO]	WARM    SUCCESS               989.0528                
2023-07-15 04:43:47,271	[INFO]	WARM    SUCCESS               974.9057                
2023-07-15 04:43:47,272	[INFO]	INITIAL SUCCESS               974.9057                
2023-07-15 04:43:47,272	[INFO]	==== START: ValidRankingSimplify ====
2023-07-15 04:43:47,355	[DEBUG]	CLEAN_PATCH: StmtReplacement(('core/Solver.cc.xml', 'stmt', 22), ('core/Solver.cc.xml', 'stmt', 119)) | StmtDeletion(('core/Solver.cc.xml', 'stmt', 343)) | StmtReplacement(('core/Solver.cc.xml', 'stmt', 114), ('core/Solver.cc.xml', 'stmt', 296)) | StmtInsertion(('core/Solver.cc.xml', '_inter_block', 203), ('core/Solver.cc.xml', 'stmt', 290))
2023-07-15 04:43:47,356	[DEBUG]	CLEAN_SIZE: 4 (was 5)
2023-07-15 05:04:58,231	[DEBUG]	StmtReplacement(('core/Solver.cc.xml', 'stmt', 22), ('core/Solver.cc.xml', 'stmt', 119)) | StmtDeletion(('core/Solver.cc.xml', 'stmt', 343)) | StmtReplacement(('core/Solver.cc.xml', 'stmt', 114), ('core/Solver.cc.xml', 'stmt', 296)) | StmtInsertion(('core/Solver.cc.xml', '_inter_block', 203), ('core/Solver.cc.xml', 'stmt', 290)) | StmtDeletion(('core/Solver.cc.xml', 'stmt', 118))
2023-07-15 05:04:58,231	[INFO]	1       RUN_TIMEOUT           None  [5 edit(s)]       
2023-07-15 05:04:58,231	[INFO]	-- ranking --
2023-07-15 05:24:05,873	[DEBUG]	StmtReplacement(('core/Solver.cc.xml', 'stmt', 22), ('core/Solver.cc.xml', 'stmt', 119))
2023-07-15 05:24:05,873	[INFO]	2       SUCCESS              *1144.2355 (117.37%) [1 edit(s)] 
2023-07-15 05:24:05,883	[DEBUG]	--- before: core/Solver.cc
+++ after: core/Solver.cc
@@ -117,7 +117,7 @@
 {
     gS = lS = tS = N = cp = 0;
     LBD_cut = (int32_t)opt_lbd_cut;
-    K = (double)opt_K;
+    core_added++;
     R = (double)opt_R;
 }
 

2023-07-15 05:42:40,766	[DEBUG]	StmtDeletion(('core/Solver.cc.xml', 'stmt', 343))
2023-07-15 05:42:40,767	[INFO]	3       SUCCESS              *1111.3222 (113.99%) [1 edit(s)] 
2023-07-15 05:42:40,786	[DEBUG]	--- before: core/Solver.cc
+++ after: core/Solver.cc
@@ -824,9 +824,7 @@
                 return l_Undef; }
 
             // Simplify the set of problem clauses:
-            if (decisionLevel() == 0 && !simplify())/*auto*/{
-                return l_False;
-}/*auto*/
+            
 
             if (learnts.size() > (int32_t)opt_cp_increase && cp < conflicts){
                 cp = conflicts + (int32_t)opt_cp_increase;

2023-07-15 05:59:52,851	[DEBUG]	StmtReplacement(('core/Solver.cc.xml', 'stmt', 114), ('core/Solver.cc.xml', 'stmt', 296))
2023-07-15 05:59:52,851	[INFO]	4       SUCCESS              *1028.5396 (105.5%) [1 edit(s)] 
2023-07-15 05:59:52,864	[DEBUG]	--- before: core/Solver.cc
+++ after: core/Solver.cc
@@ -345,16 +345,7 @@
         assert(confl != CRef_Undef); // (otherwise should be UIP)
         Clause& c = ca[confl];
 
-        if (c.learnt() && c.mark() != 3){
-            LBD(c);
-            c.mark(L < LBD_cut ? 3 : 2);
-            if (L < LBD_cut){
-                lF.push(confl);
-                core_added++;
-            }else/*auto*/{
-                claBumpActivity(c);
-}/*auto*/
-        }
+        simpDB_assigns = nAssigns();
 
         for (int j = (p == lit_Undef) ? 0 : 1; j < c.size(); j++){
             Lit q = c[j];

2023-07-15 06:16:20,996	[DEBUG]	StmtInsertion(('core/Solver.cc.xml', '_inter_block', 203), ('core/Solver.cc.xml', 'stmt', 290))
2023-07-15 06:16:20,997	[INFO]	5       SUCCESS              *984.4634 (100.98%) [1 edit(s)] 
2023-07-15 06:16:21,014	[DEBUG]	--- before: core/Solver.cc
+++ after: core/Solver.cc
@@ -414,6 +414,7 @@
                     if (!seen[var(c[k])] && level(var(c[k])) > 0){
                         out_learnt[j++] = out_learnt[i];
                         break; }
+                    removeSatisfied(learnts);
 }/*auto*/
             }
         }

2023-07-15 06:32:58,053	[DEBUG]	StmtDeletion(('core/Solver.cc.xml', 'stmt', 118))
2023-07-15 06:32:58,054	[INFO]	6       SUCCESS              +993.4584 (101.9%) [1 edit(s)] 
2023-07-15 06:32:58,064	[DEBUG]	--- before: core/Solver.cc
+++ after: core/Solver.cc
@@ -349,7 +349,7 @@
             LBD(c);
             c.mark(L < LBD_cut ? 3 : 2);
             if (L < LBD_cut){
-                lF.push(confl);
+                
                 core_added++;
             }else/*auto*/{
                 claBumpActivity(c);

2023-07-15 06:32:58,064	[INFO]	-- simplify --
2023-07-15 06:32:58,071	[DEBUG]	
2023-07-15 06:32:58,072	[INFO]	7       SUCCESS              *974.9057 (100.0%) [0 edit(s)] 
2023-07-15 06:32:58,079	[DEBUG]	
2023-07-15 06:32:58,087	[INFO]	==== END ====
2023-07-15 06:32:58,087	[INFO]	Reason: validation end
2023-07-15 06:32:58,087	[INFO]	
2023-07-15 06:32:58,087	[INFO]	==== REPORT ====
2023-07-15 06:32:58,087	[INFO]	Termination: validation end
2023-07-15 06:32:58,087	[INFO]	Log file: /home/tsongpet/MSc-SSE-GI-project/_magpie_logs/minisat-hack_1689389655.log
2023-07-15 06:32:58,095	[INFO]	Patch file: _magpie_logs/minisat-hack_1689389655.patch
2023-07-15 06:32:58,095	[INFO]	Diff file: _magpie_logs/minisat-hack_1689389655.diff
2023-07-15 06:32:58,096	[INFO]	Best fitness: 974.9057
2023-07-15 06:32:58,096	[INFO]	Best patch: 
2023-07-15 06:32:58,096	[INFO]	Diff:

