2023-06-20 16:18:24,595	[DEBUG]	==== CONFIG ====
[magpie]
import = 
seed = 
log_dir = _magpie_logs
work_dir = _magpie_work
local_original_copy = False
local_original_name = __original__
output_encoding = ascii
edit_retries = 10
default_timeout = 97000
default_lengthout = 1e6
diff_method = unified

[software]
path = code/minisat-hack
target_files = 
	core/Solver.cc
program = BasicProgram
engine_rules = 
	*.params : ConfigFileParamsEngine
	*.xml : SrcmlEngine
	* : LineEngine
engine_config = 
	*.params : [params]
	*.xml : [srcml]
setup_cmd = 
setup_timeout = 
setup_lengthout = 
compile_cmd = ./compile.sh
compile_timeout = 
compile_lengthout = 
test_cmd = 
test_timeout = 
test_lengthout = 
run_cmd = run-sh/train_6.sh
run_timeout = 
run_lengthout = 
fitness = time

[srcml]
rename = 
	stmt: break continue decl_stmt do expr_stmt for goto if return switch while
	number: literal_number
focus = block stmt operator_comp operator_arith number
internodes = block
process_pseudo_blocks = True
process_literals = True
process_operators = True

[params]
timing = test run
cli_prefix = --
cli_glue = =
cli_boolean = show
cli_boolean_prefix_true = 
cli_boolean_prefix_false = no-
silent_prefix = @
silent_suffix = $

[search]
protocol = BasicProtocol
algorithm = FirstImprovement
possible_edits = 
	LineReplacement
	LineInsertion
	LineDeletion
warmup = 3
warmup_strategy = last
max_steps = 1000
max_time = 
target_fitness = 
cache_maxsize = 40
cache_keep = 0.2

[search.ls]
delete_prob = 0.5
max_neighbours = 
when_trapped = continue
accept_fail = False
tabu_length = 10

[search.gp]
pop_size = 10
delete_prob = 0.5
offspring_elitism = 0.1
offspring_crossover = 0.5
offspring_mutation = 0.4
uniform_rate = 0.5


2023-06-20 16:18:24,666	[INFO]	==== WARMUP ====
2023-06-20 16:22:39,239	[INFO]	WARM    SUCCESS               215.1206                
2023-06-20 16:26:28,966	[INFO]	WARM    SUCCESS               211.6772                
2023-06-20 16:30:16,576	[INFO]	WARM    SUCCESS               209.7977                
2023-06-20 16:30:16,577	[INFO]	INITIAL SUCCESS               209.7977                
2023-06-20 16:30:16,577	[INFO]	==== START: FirstImprovement ====
2023-06-20 16:34:04,623	[DEBUG]	LineReplacement(('core/Solver.cc', 'line', 812), ('core/Solver.cc', 'line', 922))
2023-06-20 16:34:04,623	[INFO]	1       SUCCESS               210.3001 (100.24%) [1 edit(s)] 
2023-06-20 16:34:07,513	[DEBUG]	LineDeletion(('core/Solver.cc', 'line', 934))
2023-06-20 16:34:07,513	[INFO]	2       COMPILE_CODE_ERROR    None  [1 edit(s)]       
2023-06-20 16:34:10,033	[DEBUG]	LineInsertion(('core/Solver.cc', '_inter_line', 474), ('core/Solver.cc', 'line', 856))
2023-06-20 16:34:10,033	[INFO]	3       COMPILE_CODE_ERROR    None  [1 edit(s)]       
2023-06-20 16:37:54,943	[DEBUG]	LineInsertion(('core/Solver.cc', '_inter_line', 236), ('core/Solver.cc', 'line', 448))
2023-06-20 16:37:54,943	[INFO]	4       SUCCESS              *207.0498 (98.69%) [1 edit(s)] 
2023-06-20 16:37:54,995	[DEBUG]	--- before: core/Solver.cc
+++ after: core/Solver.cc
@@ -234,6 +234,7 @@
     Clause& c = ca[cr];
 
     /*if (output != NULL) {
+        }
       fprintf(output, "d ");
       for (int i = 0; i < c.size(); i++)
         fprintf(output, "%i ", (var(c[i]) + 1) * (-2 * sign(c[i]) + 1));

2023-06-20 16:41:42,125	[DEBUG]	LineInsertion(('core/Solver.cc', '_inter_line', 236), ('core/Solver.cc', 'line', 448)) | LineInsertion(('core/Solver.cc', '_inter_line', 305), ('core/Solver.cc', 'line', 688))
2023-06-20 16:41:42,125	[INFO]	5       SUCCESS               209.4543 (99.84%) [2 edit(s)] 
2023-06-20 16:41:42,189	[DEBUG]	
2023-06-20 16:41:42,189	[INFO]	6       SUCCESS               209.7977 (100.0%) [0 edit(s)] 
2023-06-20 16:45:29,920	[DEBUG]	LineInsertion(('core/Solver.cc', '_inter_line', 236), ('core/Solver.cc', 'line', 448)) | LineDeletion(('core/Solver.cc', 'line', 877))
2023-06-20 16:45:29,920	[INFO]	7       SUCCESS               210.2225 (100.2%) [2 edit(s)] 
2023-06-20 16:49:14,078	[DEBUG]	LineInsertion(('core/Solver.cc', '_inter_line', 236), ('core/Solver.cc', 'line', 448)) | LineInsertion(('core/Solver.cc', '_inter_line', 37), ('core/Solver.cc', 'line', 634))
2023-06-20 16:49:14,078	[INFO]	8       SUCCESS              *206.255 (98.31%) [2 edit(s)] 
2023-06-20 16:49:14,131	[DEBUG]	--- before: core/Solver.cc
+++ after: core/Solver.cc
@@ -35,6 +35,7 @@
 
 //=================================================================================================
 // Options:
+
 
 
 static unsigned LBD_cut, core_added = 0;
@@ -234,6 +235,7 @@
     Clause& c = ca[cr];
 
     /*if (output != NULL) {
+        }
       fprintf(output, "d ");
       for (int i = 0; i < c.size(); i++)
         fprintf(output, "%i ", (var(c[i]) + 1) * (-2 * sign(c[i]) + 1));

2023-06-20 16:52:59,345	[DEBUG]	LineInsertion(('core/Solver.cc', '_inter_line', 37), ('core/Solver.cc', 'line', 634))
2023-06-20 16:52:59,345	[INFO]	9       SUCCESS               207.2954 (98.81%) [1 edit(s)] 
2023-06-20 16:52:59,398	[DEBUG]	LineInsertion(('core/Solver.cc', '_inter_line', 236), ('core/Solver.cc', 'line', 448))
2023-06-20 16:52:59,398	[INFO]	10      SUCCESS               207.0498 (98.69%) [1 edit(s)] 
2023-06-20 16:56:44,695	[DEBUG]	LineInsertion(('core/Solver.cc', '_inter_line', 236), ('core/Solver.cc', 'line', 448)) | LineInsertion(('core/Solver.cc', '_inter_line', 37), ('core/Solver.cc', 'line', 634)) | LineDeletion(('core/Solver.cc', 'line', 752))
2023-06-20 16:56:44,696	[INFO]	11      SUCCESS               207.2328 (98.78%) [3 edit(s)] 
2023-06-20 16:56:47,498	[DEBUG]	LineInsertion(('core/Solver.cc', '_inter_line', 236), ('core/Solver.cc', 'line', 448)) | LineInsertion(('core/Solver.cc', '_inter_line', 37), ('core/Solver.cc', 'line', 634)) | LineInsertion(('core/Solver.cc', '_inter_line', 916), ('core/Solver.cc', 'line', 237))
2023-06-20 16:56:47,498	[INFO]	12      COMPILE_CODE_ERROR    None  [3 edit(s)]       
2023-06-20 16:56:50,421	[DEBUG]	LineInsertion(('core/Solver.cc', '_inter_line', 236), ('core/Solver.cc', 'line', 448)) | LineInsertion(('core/Solver.cc', '_inter_line', 37), ('core/Solver.cc', 'line', 634)) | LineReplacement(('core/Solver.cc', 'line', 784), ('core/Solver.cc', 'line', 174))
2023-06-20 16:56:50,421	[INFO]	13      COMPILE_CODE_ERROR    None  [3 edit(s)]       
2023-06-20 17:00:36,659	[DEBUG]	LineInsertion(('core/Solver.cc', '_inter_line', 236), ('core/Solver.cc', 'line', 448)) | LineInsertion(('core/Solver.cc', '_inter_line', 37), ('core/Solver.cc', 'line', 634)) | LineDeletion(('core/Solver.cc', 'line', 423))
2023-06-20 17:00:36,660	[INFO]	14      SUCCESS               208.7147 (99.48%) [3 edit(s)] 
2023-06-20 17:04:26,890	[DEBUG]	LineInsertion(('core/Solver.cc', '_inter_line', 236), ('core/Solver.cc', 'line', 448)) | LineInsertion(('core/Solver.cc', '_inter_line', 37), ('core/Solver.cc', 'line', 634)) | LineInsertion(('core/Solver.cc', '_inter_line', 98), ('core/Solver.cc', 'line', 596))
2023-06-20 17:04:26,890	[INFO]	15      SUCCESS               211.8383 (100.97%) [3 edit(s)] 
2023-06-20 17:04:29,702	[DEBUG]	LineInsertion(('core/Solver.cc', '_inter_line', 236), ('core/Solver.cc', 'line', 448)) | LineInsertion(('core/Solver.cc', '_inter_line', 37), ('core/Solver.cc', 'line', 634)) | LineReplacement(('core/Solver.cc', 'line', 495), ('core/Solver.cc', 'line', 891))
2023-06-20 17:04:29,703	[INFO]	16      COMPILE_CODE_ERROR    None  [3 edit(s)]       
2023-06-20 17:04:32,373	[DEBUG]	LineInsertion(('core/Solver.cc', '_inter_line', 236), ('core/Solver.cc', 'line', 448)) | LineInsertion(('core/Solver.cc', '_inter_line', 37), ('core/Solver.cc', 'line', 634)) | LineDeletion(('core/Solver.cc', 'line', 278))
2023-06-20 17:04:32,373	[INFO]	17      COMPILE_CODE_ERROR    None  [3 edit(s)]       
2023-06-20 17:10:01,510	[DEBUG]	LineInsertion(('core/Solver.cc', '_inter_line', 236), ('core/Solver.cc', 'line', 448)) | LineInsertion(('core/Solver.cc', '_inter_line', 37), ('core/Solver.cc', 'line', 634)) | LineDeletion(('core/Solver.cc', 'line', 242))
2023-06-20 17:10:01,510	[INFO]	18      SUCCESS               311.2017 (148.33%) [3 edit(s)] 
2023-06-20 17:10:04,391	[DEBUG]	LineInsertion(('core/Solver.cc', '_inter_line', 236), ('core/Solver.cc', 'line', 448)) | LineInsertion(('core/Solver.cc', '_inter_line', 37), ('core/Solver.cc', 'line', 634)) | LineReplacement(('core/Solver.cc', 'line', 211), ('core/Solver.cc', 'line', 1018))
2023-06-20 17:10:04,392	[INFO]	19      COMPILE_CODE_ERROR    None  [3 edit(s)]       
2023-06-20 17:13:53,592	[DEBUG]	LineInsertion(('core/Solver.cc', '_inter_line', 236), ('core/Solver.cc', 'line', 448)) | LineInsertion(('core/Solver.cc', '_inter_line', 37), ('core/Solver.cc', 'line', 634)) | LineDeletion(('core/Solver.cc', 'line', 816))
2023-06-20 17:13:53,592	[INFO]	20      SUCCESS               209.4424 (99.83%) [3 edit(s)] 
2023-06-20 17:17:40,117	[DEBUG]	LineInsertion(('core/Solver.cc', '_inter_line', 236), ('core/Solver.cc', 'line', 448)) | LineInsertion(('core/Solver.cc', '_inter_line', 37), ('core/Solver.cc', 'line', 634)) | LineReplacement(('core/Solver.cc', 'line', 238), ('core/Solver.cc', 'line', 151))
2023-06-20 17:17:40,118	[INFO]	21      SUCCESS               208.386 (99.33%) [3 edit(s)] 
2023-06-20 17:17:42,904	[DEBUG]	LineInsertion(('core/Solver.cc', '_inter_line', 236), ('core/Solver.cc', 'line', 448)) | LineInsertion(('core/Solver.cc', '_inter_line', 37), ('core/Solver.cc', 'line', 634)) | LineInsertion(('core/Solver.cc', '_inter_line', 216), ('core/Solver.cc', 'line', 1029))
2023-06-20 17:17:42,905	[INFO]	22      COMPILE_CODE_ERROR    None  [3 edit(s)]       
2023-06-20 17:17:45,967	[DEBUG]	LineInsertion(('core/Solver.cc', '_inter_line', 236), ('core/Solver.cc', 'line', 448)) | LineInsertion(('core/Solver.cc', '_inter_line', 37), ('core/Solver.cc', 'line', 634)) | LineReplacement(('core/Solver.cc', 'line', 276), ('core/Solver.cc', 'line', 1008))
2023-06-20 17:17:45,967	[INFO]	23      COMPILE_CODE_ERROR    None  [3 edit(s)]       
2023-06-20 17:17:48,954	[DEBUG]	LineInsertion(('core/Solver.cc', '_inter_line', 236), ('core/Solver.cc', 'line', 448)) | LineInsertion(('core/Solver.cc', '_inter_line', 37), ('core/Solver.cc', 'line', 634)) | LineReplacement(('core/Solver.cc', 'line', 834), ('core/Solver.cc', 'line', 406))
2023-06-20 17:17:48,955	[INFO]	24      COMPILE_CODE_ERROR    None  [3 edit(s)]       
2023-06-20 17:21:37,912	[DEBUG]	LineInsertion(('core/Solver.cc', '_inter_line', 236), ('core/Solver.cc', 'line', 448)) | LineInsertion(('core/Solver.cc', '_inter_line', 37), ('core/Solver.cc', 'line', 634)) | LineInsertion(('core/Solver.cc', '_inter_line', 529), ('core/Solver.cc', 'line', 473))
2023-06-20 17:21:37,913	[INFO]	25      SUCCESS               210.8583 (100.51%) [3 edit(s)] 
2023-06-20 17:28:28,336	[DEBUG]	LineInsertion(('core/Solver.cc', '_inter_line', 236), ('core/Solver.cc', 'line', 448)) | LineInsertion(('core/Solver.cc', '_inter_line', 37), ('core/Solver.cc', 'line', 634)) | LineDeletion(('core/Solver.cc', 'line', 717))
2023-06-20 17:28:28,337	[INFO]	26      SUCCESS               392.8415 (187.25%) [3 edit(s)] 
2023-06-20 17:32:15,605	[DEBUG]	LineInsertion(('core/Solver.cc', '_inter_line', 236), ('core/Solver.cc', 'line', 448)) | LineInsertion(('core/Solver.cc', '_inter_line', 37), ('core/Solver.cc', 'line', 634)) | LineInsertion(('core/Solver.cc', '_inter_line', 574), ('core/Solver.cc', 'line', 501))
2023-06-20 17:32:15,605	[INFO]	27      SUCCESS               209.3311 (99.78%) [3 edit(s)] 
2023-06-20 17:32:18,326	[DEBUG]	LineInsertion(('core/Solver.cc', '_inter_line', 236), ('core/Solver.cc', 'line', 448)) | LineInsertion(('core/Solver.cc', '_inter_line', 37), ('core/Solver.cc', 'line', 634)) | LineReplacement(('core/Solver.cc', 'line', 945), ('core/Solver.cc', 'line', 153))
2023-06-20 17:32:18,326	[INFO]	28      COMPILE_CODE_ERROR    None  [3 edit(s)]       
2023-06-20 17:36:03,742	[DEBUG]	LineInsertion(('core/Solver.cc', '_inter_line', 236), ('core/Solver.cc', 'line', 448)) | LineInsertion(('core/Solver.cc', '_inter_line', 37), ('core/Solver.cc', 'line', 634)) | LineDeletion(('core/Solver.cc', 'line', 676))
2023-06-20 17:36:03,743	[INFO]	29      SUCCESS               207.5066 (98.91%) [3 edit(s)] 
2023-06-20 17:39:51,714	[DEBUG]	LineInsertion(('core/Solver.cc', '_inter_line', 236), ('core/Solver.cc', 'line', 448)) | LineInsertion(('core/Solver.cc', '_inter_line', 37), ('core/Solver.cc', 'line', 634)) | LineInsertion(('core/Solver.cc', '_inter_line', 428), ('core/Solver.cc', 'line', 123))
2023-06-20 17:39:51,714	[INFO]	30      SUCCESS               210.0241 (100.11%) [3 edit(s)] 
2023-06-20 17:39:54,445	[DEBUG]	LineInsertion(('core/Solver.cc', '_inter_line', 236), ('core/Solver.cc', 'line', 448)) | LineInsertion(('core/Solver.cc', '_inter_line', 37), ('core/Solver.cc', 'line', 634)) | LineReplacement(('core/Solver.cc', 'line', 537), ('core/Solver.cc', 'line', 24))
2023-06-20 17:39:54,446	[INFO]	31      COMPILE_CODE_ERROR    None  [3 edit(s)]       
2023-06-20 17:39:57,078	[DEBUG]	LineInsertion(('core/Solver.cc', '_inter_line', 236), ('core/Solver.cc', 'line', 448)) | LineInsertion(('core/Solver.cc', '_inter_line', 37), ('core/Solver.cc', 'line', 634)) | LineDeletion(('core/Solver.cc', 'line', 282))
2023-06-20 17:39:57,078	[INFO]	32      COMPILE_CODE_ERROR    None  [3 edit(s)]       
2023-06-20 17:43:46,797	[DEBUG]	LineInsertion(('core/Solver.cc', '_inter_line', 236), ('core/Solver.cc', 'line', 448)) | LineInsertion(('core/Solver.cc', '_inter_line', 37), ('core/Solver.cc', 'line', 634)) | LineDeletion(('core/Solver.cc', 'line', 624))
2023-06-20 17:43:46,797	[INFO]	33      SUCCESS               211.9619 (101.03%) [3 edit(s)] 
2023-06-20 17:47:34,182	[DEBUG]	LineInsertion(('core/Solver.cc', '_inter_line', 236), ('core/Solver.cc', 'line', 448)) | LineInsertion(('core/Solver.cc', '_inter_line', 37), ('core/Solver.cc', 'line', 634)) | LineInsertion(('core/Solver.cc', '_inter_line', 954), ('core/Solver.cc', 'line', 797))
2023-06-20 17:47:34,182	[INFO]	34      SUCCESS               209.1627 (99.7%) [3 edit(s)] 
2023-06-20 17:47:37,318	[DEBUG]	LineInsertion(('core/Solver.cc', '_inter_line', 236), ('core/Solver.cc', 'line', 448)) | LineInsertion(('core/Solver.cc', '_inter_line', 37), ('core/Solver.cc', 'line', 634)) | LineDeletion(('core/Solver.cc', 'line', 464))
2023-06-20 17:47:37,319	[INFO]	35      COMPILE_CODE_ERROR    None  [3 edit(s)]       
2023-06-20 17:51:21,640	[DEBUG]	LineInsertion(('core/Solver.cc', '_inter_line', 236), ('core/Solver.cc', 'line', 448)) | LineInsertion(('core/Solver.cc', '_inter_line', 37), ('core/Solver.cc', 'line', 634)) | LineReplacement(('core/Solver.cc', 'line', 35), ('core/Solver.cc', 'line', 162))
2023-06-20 17:51:21,640	[INFO]	36      SUCCESS              *205.2224 (97.82%) [3 edit(s)] 
2023-06-20 17:51:21,694	[DEBUG]	--- before: core/Solver.cc
+++ after: core/Solver.cc
@@ -33,8 +33,9 @@
 
 using namespace Minisat;
 
-//=================================================================================================
+
 // Options:
+
 
 
 static unsigned LBD_cut, core_added = 0;
@@ -234,6 +235,7 @@
     Clause& c = ca[cr];
 
     /*if (output != NULL) {
+        }
       fprintf(output, "d ");
       for (int i = 0; i < c.size(); i++)
         fprintf(output, "%i ", (var(c[i]) + 1) * (-2 * sign(c[i]) + 1));

2023-06-20 17:51:40,481	[DEBUG]	LineInsertion(('core/Solver.cc', '_inter_line', 236), ('core/Solver.cc', 'line', 448)) | LineInsertion(('core/Solver.cc', '_inter_line', 37), ('core/Solver.cc', 'line', 634)) | LineReplacement(('core/Solver.cc', 'line', 35), ('core/Solver.cc', 'line', 162)) | LineDeletion(('core/Solver.cc', 'line', 293))
2023-06-20 17:51:40,481	[INFO]	37      RUN_CODE_ERROR        None  [4 edit(s)]       
2023-06-20 17:55:31,080	[DEBUG]	LineInsertion(('core/Solver.cc', '_inter_line', 236), ('core/Solver.cc', 'line', 448)) | LineInsertion(('core/Solver.cc', '_inter_line', 37), ('core/Solver.cc', 'line', 634)) | LineReplacement(('core/Solver.cc', 'line', 35), ('core/Solver.cc', 'line', 162)) | LineDeletion(('core/Solver.cc', 'line', 511))
2023-06-20 17:55:31,080	[INFO]	38      SUCCESS               210.952 (100.55%) [4 edit(s)] 
2023-06-20 17:59:17,090	[DEBUG]	LineInsertion(('core/Solver.cc', '_inter_line', 37), ('core/Solver.cc', 'line', 634)) | LineReplacement(('core/Solver.cc', 'line', 35), ('core/Solver.cc', 'line', 162))
2023-06-20 17:59:17,090	[INFO]	39      SUCCESS               207.9878 (99.14%) [2 edit(s)] 
2023-06-20 17:59:19,948	[DEBUG]	LineInsertion(('core/Solver.cc', '_inter_line', 236), ('core/Solver.cc', 'line', 448)) | LineInsertion(('core/Solver.cc', '_inter_line', 37), ('core/Solver.cc', 'line', 634)) | LineReplacement(('core/Solver.cc', 'line', 35), ('core/Solver.cc', 'line', 162)) | LineInsertion(('core/Solver.cc', '_inter_line', 522), ('core/Solver.cc', 'line', 952))
2023-06-20 17:59:19,948	[INFO]	40      COMPILE_CODE_ERROR    None  [4 edit(s)]       
2023-06-20 17:59:22,826	[DEBUG]	LineInsertion(('core/Solver.cc', '_inter_line', 236), ('core/Solver.cc', 'line', 448)) | LineInsertion(('core/Solver.cc', '_inter_line', 37), ('core/Solver.cc', 'line', 634)) | LineReplacement(('core/Solver.cc', 'line', 35), ('core/Solver.cc', 'line', 162)) | LineDeletion(('core/Solver.cc', 'line', 856))
2023-06-20 17:59:22,826	[INFO]	41      COMPILE_CODE_ERROR    None  [4 edit(s)]       
2023-06-20 18:03:07,193	[DEBUG]	LineInsertion(('core/Solver.cc', '_inter_line', 236), ('core/Solver.cc', 'line', 448)) | LineReplacement(('core/Solver.cc', 'line', 35), ('core/Solver.cc', 'line', 162))
2023-06-20 18:03:07,193	[INFO]	42      SUCCESS               206.4672 (98.41%) [2 edit(s)] 
2023-06-20 18:07:16,054	[DEBUG]	LineInsertion(('core/Solver.cc', '_inter_line', 236), ('core/Solver.cc', 'line', 448)) | LineInsertion(('core/Solver.cc', '_inter_line', 37), ('core/Solver.cc', 'line', 634)) | LineReplacement(('core/Solver.cc', 'line', 35), ('core/Solver.cc', 'line', 162)) | LineReplacement(('core/Solver.cc', 'line', 140), ('core/Solver.cc', 'line', 61))
2023-06-20 18:07:16,054	[INFO]	43      SUCCESS               231.3514 (110.27%) [4 edit(s)] 
2023-06-20 18:07:18,717	[DEBUG]	LineInsertion(('core/Solver.cc', '_inter_line', 236), ('core/Solver.cc', 'line', 448)) | LineInsertion(('core/Solver.cc', '_inter_line', 37), ('core/Solver.cc', 'line', 634)) | LineReplacement(('core/Solver.cc', 'line', 35), ('core/Solver.cc', 'line', 162)) | LineReplacement(('core/Solver.cc', 'line', 674), ('core/Solver.cc', 'line', 1023))
2023-06-20 18:07:18,718	[INFO]	44      COMPILE_CODE_ERROR    None  [4 edit(s)]       
2023-06-20 18:07:21,466	[DEBUG]	LineInsertion(('core/Solver.cc', '_inter_line', 236), ('core/Solver.cc', 'line', 448)) | LineInsertion(('core/Solver.cc', '_inter_line', 37), ('core/Solver.cc', 'line', 634)) | LineReplacement(('core/Solver.cc', 'line', 35), ('core/Solver.cc', 'line', 162)) | LineDeletion(('core/Solver.cc', 'line', 316))
2023-06-20 18:07:21,466	[INFO]	45      COMPILE_CODE_ERROR    None  [4 edit(s)]       
2023-06-20 18:11:10,993	[DEBUG]	LineInsertion(('core/Solver.cc', '_inter_line', 236), ('core/Solver.cc', 'line', 448)) | LineInsertion(('core/Solver.cc', '_inter_line', 37), ('core/Solver.cc', 'line', 634)) | LineReplacement(('core/Solver.cc', 'line', 35), ('core/Solver.cc', 'line', 162)) | LineInsertion(('core/Solver.cc', '_inter_line', 568), ('core/Solver.cc', 'line', 564))
2023-06-20 18:11:10,993	[INFO]	46      SUCCESS               211.7437 (100.93%) [4 edit(s)] 
2023-06-20 18:11:13,695	[DEBUG]	LineInsertion(('core/Solver.cc', '_inter_line', 236), ('core/Solver.cc', 'line', 448)) | LineInsertion(('core/Solver.cc', '_inter_line', 37), ('core/Solver.cc', 'line', 634)) | LineReplacement(('core/Solver.cc', 'line', 35), ('core/Solver.cc', 'line', 162)) | LineDeletion(('core/Solver.cc', 'line', 408))
2023-06-20 18:11:13,695	[INFO]	47      COMPILE_CODE_ERROR    None  [4 edit(s)]       
2023-06-20 18:15:01,204	[DEBUG]	LineInsertion(('core/Solver.cc', '_inter_line', 236), ('core/Solver.cc', 'line', 448)) | LineInsertion(('core/Solver.cc', '_inter_line', 37), ('core/Solver.cc', 'line', 634))
2023-06-20 18:15:01,205	[INFO]	48      SUCCESS               209.6909 (99.95%) [2 edit(s)] 
2023-06-20 18:18:45,901	[DEBUG]	LineInsertion(('core/Solver.cc', '_inter_line', 236), ('core/Solver.cc', 'line', 448)) | LineInsertion(('core/Solver.cc', '_inter_line', 37), ('core/Solver.cc', 'line', 634)) | LineReplacement(('core/Solver.cc', 'line', 35), ('core/Solver.cc', 'line', 162)) | LineInsertion(('core/Solver.cc', '_inter_line', 121), ('core/Solver.cc', 'line', 316))
2023-06-20 18:18:45,901	[INFO]	49      SUCCESS               207.0963 (98.71%) [4 edit(s)] 
2023-06-20 18:22:33,419	[DEBUG]	LineInsertion(('core/Solver.cc', '_inter_line', 236), ('core/Solver.cc', 'line', 448)) | LineInsertion(('core/Solver.cc', '_inter_line', 37), ('core/Solver.cc', 'line', 634)) | LineReplacement(('core/Solver.cc', 'line', 35), ('core/Solver.cc', 'line', 162)) | LineReplacement(('core/Solver.cc', 'line', 8), ('core/Solver.cc', 'line', 828))
2023-06-20 18:22:33,420	[INFO]	50      SUCCESS               209.5099 (99.86%) [4 edit(s)] 
2023-06-20 18:22:36,528	[DEBUG]	LineInsertion(('core/Solver.cc', '_inter_line', 236), ('core/Solver.cc', 'line', 448)) | LineInsertion(('core/Solver.cc', '_inter_line', 37), ('core/Solver.cc', 'line', 634)) | LineReplacement(('core/Solver.cc', 'line', 35), ('core/Solver.cc', 'line', 162)) | LineReplacement(('core/Solver.cc', 'line', 476), ('core/Solver.cc', 'line', 129))
2023-06-20 18:22:36,529	[INFO]	51      COMPILE_CODE_ERROR    None  [4 edit(s)]       
2023-06-20 18:22:53,799	[DEBUG]	LineInsertion(('core/Solver.cc', '_inter_line', 236), ('core/Solver.cc', 'line', 448)) | LineInsertion(('core/Solver.cc', '_inter_line', 37), ('core/Solver.cc', 'line', 634)) | LineReplacement(('core/Solver.cc', 'line', 35), ('core/Solver.cc', 'line', 162)) | LineReplacement(('core/Solver.cc', 'line', 434), ('core/Solver.cc', 'line', 833))
2023-06-20 18:22:53,799	[INFO]	52      RUN_CODE_ERROR        None  [4 edit(s)]       
2023-06-20 18:22:56,775	[DEBUG]	LineInsertion(('core/Solver.cc', '_inter_line', 236), ('core/Solver.cc', 'line', 448)) | LineInsertion(('core/Solver.cc', '_inter_line', 37), ('core/Solver.cc', 'line', 634)) | LineReplacement(('core/Solver.cc', 'line', 35), ('core/Solver.cc', 'line', 162)) | LineReplacement(('core/Solver.cc', 'line', 838), ('core/Solver.cc', 'line', 1045))
2023-06-20 18:22:56,776	[INFO]	53      COMPILE_CODE_ERROR    None  [4 edit(s)]       
2023-06-20 18:26:42,976	[DEBUG]	LineInsertion(('core/Solver.cc', '_inter_line', 236), ('core/Solver.cc', 'line', 448)) | LineInsertion(('core/Solver.cc', '_inter_line', 37), ('core/Solver.cc', 'line', 634)) | LineReplacement(('core/Solver.cc', 'line', 35), ('core/Solver.cc', 'line', 162)) | LineDeletion(('core/Solver.cc', 'line', 885))
2023-06-20 18:26:42,977	[INFO]	54      SUCCESS               207.4717 (98.89%) [4 edit(s)] 
2023-06-20 18:30:26,830	[DEBUG]	LineInsertion(('core/Solver.cc', '_inter_line', 236), ('core/Solver.cc', 'line', 448)) | LineInsertion(('core/Solver.cc', '_inter_line', 37), ('core/Solver.cc', 'line', 634)) | LineReplacement(('core/Solver.cc', 'line', 35), ('core/Solver.cc', 'line', 162)) | LineReplacement(('core/Solver.cc', 'line', 448), ('core/Solver.cc', 'line', 589))
2023-06-20 18:30:26,830	[INFO]	55      SUCCESS               205.9886 (98.18%) [4 edit(s)] 
2023-06-20 18:30:29,623	[DEBUG]	LineInsertion(('core/Solver.cc', '_inter_line', 236), ('core/Solver.cc', 'line', 448)) | LineInsertion(('core/Solver.cc', '_inter_line', 37), ('core/Solver.cc', 'line', 634)) | LineReplacement(('core/Solver.cc', 'line', 35), ('core/Solver.cc', 'line', 162)) | LineDeletion(('core/Solver.cc', 'line', 1010))
2023-06-20 18:30:29,623	[INFO]	56      COMPILE_CODE_ERROR    None  [4 edit(s)]       
2023-06-20 18:30:32,436	[DEBUG]	LineInsertion(('core/Solver.cc', '_inter_line', 236), ('core/Solver.cc', 'line', 448)) | LineInsertion(('core/Solver.cc', '_inter_line', 37), ('core/Solver.cc', 'line', 634)) | LineReplacement(('core/Solver.cc', 'line', 35), ('core/Solver.cc', 'line', 162)) | LineInsertion(('core/Solver.cc', '_inter_line', 753), ('core/Solver.cc', 'line', 850))
2023-06-20 18:30:32,436	[INFO]	57      COMPILE_CODE_ERROR    None  [4 edit(s)]       
2023-06-20 18:34:15,235	[DEBUG]	LineInsertion(('core/Solver.cc', '_inter_line', 236), ('core/Solver.cc', 'line', 448)) | LineInsertion(('core/Solver.cc', '_inter_line', 37), ('core/Solver.cc', 'line', 634)) | LineReplacement(('core/Solver.cc', 'line', 35), ('core/Solver.cc', 'line', 162)) | LineInsertion(('core/Solver.cc', '_inter_line', 642), ('core/Solver.cc', 'line', 738))
2023-06-20 18:34:15,235	[INFO]	58      SUCCESS               205.5025 (97.95%) [4 edit(s)] 
2023-06-20 18:34:17,721	[DEBUG]	LineInsertion(('core/Solver.cc', '_inter_line', 236), ('core/Solver.cc', 'line', 448)) | LineInsertion(('core/Solver.cc', '_inter_line', 37), ('core/Solver.cc', 'line', 634)) | LineReplacement(('core/Solver.cc', 'line', 35), ('core/Solver.cc', 'line', 162)) | LineInsertion(('core/Solver.cc', '_inter_line', 173), ('core/Solver.cc', 'line', 193))
2023-06-20 18:34:17,721	[INFO]	59      COMPILE_CODE_ERROR    None  [4 edit(s)]       
2023-06-20 18:48:17,228	[DEBUG]	LineInsertion(('core/Solver.cc', '_inter_line', 236), ('core/Solver.cc', 'line', 448)) | LineInsertion(('core/Solver.cc', '_inter_line', 37), ('core/Solver.cc', 'line', 634)) | LineReplacement(('core/Solver.cc', 'line', 35), ('core/Solver.cc', 'line', 162)) | LineInsertion(('core/Solver.cc', '_inter_line', 661), ('core/Solver.cc', 'line', 967))
2023-06-20 18:48:17,229	[INFO]	60      SUCCESS               821.9329 (391.77%) [4 edit(s)] 
2023-06-20 18:48:20,040	[DEBUG]	LineInsertion(('core/Solver.cc', '_inter_line', 236), ('core/Solver.cc', 'line', 448)) | LineInsertion(('core/Solver.cc', '_inter_line', 37), ('core/Solver.cc', 'line', 634)) | LineReplacement(('core/Solver.cc', 'line', 35), ('core/Solver.cc', 'line', 162)) | LineReplacement(('core/Solver.cc', 'line', 1004), ('core/Solver.cc', 'line', 360))
2023-06-20 18:48:20,041	[INFO]	61      COMPILE_CODE_ERROR    None  [4 edit(s)]       
2023-06-20 18:52:02,881	[DEBUG]	LineInsertion(('core/Solver.cc', '_inter_line', 236), ('core/Solver.cc', 'line', 448)) | LineInsertion(('core/Solver.cc', '_inter_line', 37), ('core/Solver.cc', 'line', 634)) | LineReplacement(('core/Solver.cc', 'line', 35), ('core/Solver.cc', 'line', 162)) | LineDeletion(('core/Solver.cc', 'line', 258))
2023-06-20 18:52:02,881	[INFO]	62      SUCCESS               205.2579 (97.84%) [4 edit(s)] 
2023-06-20 18:55:44,992	[DEBUG]	LineInsertion(('core/Solver.cc', '_inter_line', 236), ('core/Solver.cc', 'line', 448)) | LineInsertion(('core/Solver.cc', '_inter_line', 37), ('core/Solver.cc', 'line', 634)) | LineReplacement(('core/Solver.cc', 'line', 35), ('core/Solver.cc', 'line', 162)) | LineReplacement(('core/Solver.cc', 'line', 3), ('core/Solver.cc', 'line', 378))
2023-06-20 18:55:44,993	[INFO]	63      SUCCESS              *205.116 (97.77%) [4 edit(s)] 
2023-06-20 18:55:45,046	[DEBUG]	--- before: core/Solver.cc
+++ after: core/Solver.cc
@@ -1,7 +1,7 @@
 /***************************************************************************************[Solver.cc]
 Copyright (c) 2003-2006, Niklas Een, Niklas Sorensson
 Copyright (c) 2007-2010, Niklas Sorensson
-
+                out_learnt[j++] = out_learnt[i];
 Permission is hereby granted, free of charge, to any person obtaining a copy of this software and
 associated documentation files (the "Software"), to deal in the Software without restriction,
 including without limitation the rights to use, copy, modify, merge, publish, distribute,
@@ -33,8 +33,9 @@
 
 using namespace Minisat;
 
-//=================================================================================================
+
 // Options:
+
 
 
 static unsigned LBD_cut, core_added = 0;
@@ -234,6 +235,7 @@
     Clause& c = ca[cr];
 
     /*if (output != NULL) {
+        }
       fprintf(output, "d ");
       for (int i = 0; i < c.size(); i++)
         fprintf(output, "%i ", (var(c[i]) + 1) * (-2 * sign(c[i]) + 1));

2023-06-20 18:59:29,251	[DEBUG]	LineInsertion(('core/Solver.cc', '_inter_line', 236), ('core/Solver.cc', 'line', 448)) | LineInsertion(('core/Solver.cc', '_inter_line', 37), ('core/Solver.cc', 'line', 634)) | LineReplacement(('core/Solver.cc', 'line', 35), ('core/Solver.cc', 'line', 162)) | LineReplacement(('core/Solver.cc', 'line', 3), ('core/Solver.cc', 'line', 378)) | LineDeletion(('core/Solver.cc', 'line', 154))
2023-06-20 18:59:29,251	[INFO]	64      SUCCESS               206.7285 (98.54%) [5 edit(s)] 
2023-06-20 19:03:15,161	[DEBUG]	LineInsertion(('core/Solver.cc', '_inter_line', 236), ('core/Solver.cc', 'line', 448)) | LineReplacement(('core/Solver.cc', 'line', 35), ('core/Solver.cc', 'line', 162)) | LineReplacement(('core/Solver.cc', 'line', 3), ('core/Solver.cc', 'line', 378))
2023-06-20 19:03:15,162	[INFO]	65      SUCCESS               208.5192 (99.39%) [3 edit(s)] 
2023-06-20 19:03:15,215	[DEBUG]	LineInsertion(('core/Solver.cc', '_inter_line', 236), ('core/Solver.cc', 'line', 448)) | LineInsertion(('core/Solver.cc', '_inter_line', 37), ('core/Solver.cc', 'line', 634)) | LineReplacement(('core/Solver.cc', 'line', 35), ('core/Solver.cc', 'line', 162))
2023-06-20 19:03:15,215	[INFO]	66      SUCCESS               205.2224 (97.82%) [3 edit(s)] 
2023-06-20 19:03:17,368	[DEBUG]	LineInsertion(('core/Solver.cc', '_inter_line', 236), ('core/Solver.cc', 'line', 448)) | LineInsertion(('core/Solver.cc', '_inter_line', 37), ('core/Solver.cc', 'line', 634)) | LineReplacement(('core/Solver.cc', 'line', 35), ('core/Solver.cc', 'line', 162)) | LineReplacement(('core/Solver.cc', 'line', 3), ('core/Solver.cc', 'line', 378)) | LineReplacement(('core/Solver.cc', 'line', 64), ('core/Solver.cc', 'line', 331))
2023-06-20 19:03:17,368	[INFO]	67      COMPILE_CODE_ERROR    None  [5 edit(s)]       
2023-06-20 19:07:00,598	[DEBUG]	LineInsertion(('core/Solver.cc', '_inter_line', 37), ('core/Solver.cc', 'line', 634)) | LineReplacement(('core/Solver.cc', 'line', 35), ('core/Solver.cc', 'line', 162)) | LineReplacement(('core/Solver.cc', 'line', 3), ('core/Solver.cc', 'line', 378))
2023-06-20 19:07:00,599	[INFO]	68      SUCCESS               205.8793 (98.13%) [3 edit(s)] 
2023-06-20 19:10:42,041	[DEBUG]	LineInsertion(('core/Solver.cc', '_inter_line', 236), ('core/Solver.cc', 'line', 448)) | LineInsertion(('core/Solver.cc', '_inter_line', 37), ('core/Solver.cc', 'line', 634)) | LineReplacement(('core/Solver.cc', 'line', 35), ('core/Solver.cc', 'line', 162)) | LineReplacement(('core/Solver.cc', 'line', 3), ('core/Solver.cc', 'line', 378)) | LineDeletion(('core/Solver.cc', 'line', 326))
2023-06-20 19:10:42,041	[INFO]	69      SUCCESS              *204.1933 (97.33%) [5 edit(s)] 
2023-06-20 19:10:42,094	[DEBUG]	--- before: core/Solver.cc
+++ after: core/Solver.cc
@@ -1,7 +1,7 @@
 /***************************************************************************************[Solver.cc]
 Copyright (c) 2003-2006, Niklas Een, Niklas Sorensson
 Copyright (c) 2007-2010, Niklas Sorensson
-
+                out_learnt[j++] = out_learnt[i];
 Permission is hereby granted, free of charge, to any person obtaining a copy of this software and
 associated documentation files (the "Software"), to deal in the Software without restriction,
 including without limitation the rights to use, copy, modify, merge, publish, distribute,
@@ -33,8 +33,9 @@
 
 using namespace Minisat;
 
-//=================================================================================================
+
 // Options:
+
 
 
 static unsigned LBD_cut, core_added = 0;
@@ -234,6 +235,7 @@
     Clause& c = ca[cr];
 
     /*if (output != NULL) {
+        }
       fprintf(output, "d ");
       for (int i = 0; i < c.size(); i++)
         fprintf(output, "%i ", (var(c[i]) + 1) * (-2 * sign(c[i]) + 1));
@@ -324,7 +326,6 @@
     //
     out_learnt.push();      // (leave room for the asserting literal)
     int index   = trail.size() - 1;
-
     do{
         assert(confl != CRef_Undef); // (otherwise should be UIP)
         Clause& c = ca[confl];

2023-06-20 19:10:44,932	[DEBUG]	LineInsertion(('core/Solver.cc', '_inter_line', 236), ('core/Solver.cc', 'line', 448)) | LineInsertion(('core/Solver.cc', '_inter_line', 37), ('core/Solver.cc', 'line', 634)) | LineReplacement(('core/Solver.cc', 'line', 35), ('core/Solver.cc', 'line', 162)) | LineReplacement(('core/Solver.cc', 'line', 3), ('core/Solver.cc', 'line', 378)) | LineDeletion(('core/Solver.cc', 'line', 326)) | LineDeletion(('core/Solver.cc', 'line', 966))
2023-06-20 19:10:44,932	[INFO]	70      COMPILE_CODE_ERROR    None  [6 edit(s)]       
2023-06-20 19:10:47,556	[DEBUG]	LineInsertion(('core/Solver.cc', '_inter_line', 236), ('core/Solver.cc', 'line', 448)) | LineInsertion(('core/Solver.cc', '_inter_line', 37), ('core/Solver.cc', 'line', 634)) | LineReplacement(('core/Solver.cc', 'line', 35), ('core/Solver.cc', 'line', 162)) | LineReplacement(('core/Solver.cc', 'line', 3), ('core/Solver.cc', 'line', 378)) | LineDeletion(('core/Solver.cc', 'line', 326)) | LineInsertion(('core/Solver.cc', '_inter_line', 954), ('core/Solver.cc', 'line', 328))
2023-06-20 19:10:47,556	[INFO]	71      COMPILE_CODE_ERROR    None  [6 edit(s)]       
2023-06-20 19:10:50,239	[DEBUG]	LineInsertion(('core/Solver.cc', '_inter_line', 236), ('core/Solver.cc', 'line', 448)) | LineInsertion(('core/Solver.cc', '_inter_line', 37), ('core/Solver.cc', 'line', 634)) | LineReplacement(('core/Solver.cc', 'line', 35), ('core/Solver.cc', 'line', 162)) | LineReplacement(('core/Solver.cc', 'line', 3), ('core/Solver.cc', 'line', 378)) | LineDeletion(('core/Solver.cc', 'line', 326)) | LineInsertion(('core/Solver.cc', '_inter_line', 547), ('core/Solver.cc', 'line', 151))
2023-06-20 19:10:50,240	[INFO]	72      COMPILE_CODE_ERROR    None  [6 edit(s)]       
2023-06-20 19:10:53,049	[DEBUG]	LineInsertion(('core/Solver.cc', '_inter_line', 236), ('core/Solver.cc', 'line', 448)) | LineInsertion(('core/Solver.cc', '_inter_line', 37), ('core/Solver.cc', 'line', 634)) | LineReplacement(('core/Solver.cc', 'line', 35), ('core/Solver.cc', 'line', 162)) | LineReplacement(('core/Solver.cc', 'line', 3), ('core/Solver.cc', 'line', 378)) | LineDeletion(('core/Solver.cc', 'line', 326)) | LineReplacement(('core/Solver.cc', 'line', 796), ('core/Solver.cc', 'line', 734))
2023-06-20 19:10:53,050	[INFO]	73      COMPILE_CODE_ERROR    None  [6 edit(s)]       
2023-06-20 19:14:35,116	[DEBUG]	LineInsertion(('core/Solver.cc', '_inter_line', 236), ('core/Solver.cc', 'line', 448)) | LineInsertion(('core/Solver.cc', '_inter_line', 37), ('core/Solver.cc', 'line', 634)) | LineReplacement(('core/Solver.cc', 'line', 35), ('core/Solver.cc', 'line', 162)) | LineReplacement(('core/Solver.cc', 'line', 3), ('core/Solver.cc', 'line', 378)) | LineDeletion(('core/Solver.cc', 'line', 326)) | LineDeletion(('core/Solver.cc', 'line', 738))
2023-06-20 19:14:35,117	[INFO]	74      SUCCESS               204.4572 (97.45%) [6 edit(s)] 
2023-06-20 19:14:37,994	[DEBUG]	LineInsertion(('core/Solver.cc', '_inter_line', 236), ('core/Solver.cc', 'line', 448)) | LineInsertion(('core/Solver.cc', '_inter_line', 37), ('core/Solver.cc', 'line', 634)) | LineReplacement(('core/Solver.cc', 'line', 35), ('core/Solver.cc', 'line', 162)) | LineReplacement(('core/Solver.cc', 'line', 3), ('core/Solver.cc', 'line', 378)) | LineDeletion(('core/Solver.cc', 'line', 326)) | LineInsertion(('core/Solver.cc', '_inter_line', 576), ('core/Solver.cc', 'line', 931))
2023-06-20 19:14:37,995	[INFO]	75      COMPILE_CODE_ERROR    None  [6 edit(s)]       
