2023-07-10 21:50:07,016	[DEBUG]	==== CONFIG ====
[magpie]
import = 
seed = 
log_dir = _magpie_logs
work_dir = _magpie_work
local_original_copy = False
local_original_name = __original__
output_encoding = ascii
edit_retries = 10
default_timeout = 30
default_lengthout = 1e6
diff_method = unified

[software]
path = code/minisat-hack
target_files = 
	core/Solver.cc.xml
	minisat.params
program = BasicProgram
engine_rules = 
	*.params : ConfigFileParamsEngine
	*.xml : SrcmlEngine
	* : LineEngine
engine_config = 
	*.params : [params]
	*.xml : [srcml]
setup_cmd = ./compile.sh
setup_timeout = 
setup_lengthout = 
compile_cmd = ./compile.sh
compile_timeout = 15
compile_lengthout = 
test_cmd = 
test_timeout = 
test_lengthout = 
run_cmd = perf stat run-sh/validate_7.sh
run_timeout = 1290
run_lengthout = 
fitness = perf_time

[srcml]
rename = 
	stmt: break continue decl_stmt do expr_stmt for goto if return switch while
	number: literal_number
focus = block stmt operator_comp operator_arith number
internodes = block
process_pseudo_blocks = True
process_literals = True
process_operators = True

[params]
timing = test run
cli_prefix = --
cli_glue = =
cli_boolean = show
cli_boolean_prefix_true = 
cli_boolean_prefix_false = no-
silent_prefix = @
silent_suffix = $

[search]
protocol = BasicProtocol
algorithm = ValidRankingSimplify
possible_edits = 
	ParamSetting
warmup = 3
warmup_strategy = last
max_steps = 
max_time = 21840
target_fitness = 
cache_maxsize = 40
cache_keep = 0.2

[search.ls]
delete_prob = 0.5
max_neighbours = 
when_trapped = continue
accept_fail = False
tabu_length = 10

[search.gp]
pop_size = 10
delete_prob = 0.5
offspring_elitism = 0.1
offspring_crossover = 0.5
offspring_mutation = 0.4
uniform_rate = 0.5


2023-07-10 21:50:07,017	[INFO]	==== WARMUP ====
2023-07-10 22:07:22,582	[INFO]	WARM    SUCCESS               1025.5631               
2023-07-10 22:24:35,073	[INFO]	WARM    SUCCESS               1028.3619               
2023-07-10 22:42:05,833	[INFO]	WARM    SUCCESS               1047.0226               
2023-07-10 22:42:05,834	[INFO]	INITIAL SUCCESS               1047.0226               
2023-07-10 22:42:05,834	[INFO]	==== START: ValidRankingSimplify ====
2023-07-10 22:42:05,901	[DEBUG]	CLEAN_PATCH: ParamSetting(('minisat.params', 'phase-saving'), 1) | ParamSetting(('minisat.params', 'cp-increase'), 5190) | ParamSetting(('minisat.params', 'lbd-cut-max'), 9.766123624429152) | ParamSetting(('minisat.params', 'verb'), 2) | ParamSetting(('minisat.params', 'lbd-cut'), 5.995611894251757) | ParamSetting(('minisat.params', 'sub-lim'), 109)
2023-07-10 22:42:05,901	[DEBUG]	CLEAN_SIZE: 6 (was 7)
2023-07-10 23:02:01,810	[DEBUG]	ParamSetting(('minisat.params', 'phase-saving'), 1) | ParamSetting(('minisat.params', 'cp-increase'), 5190) | ParamSetting(('minisat.params', 'lbd-cut-max'), 9.766123624429152) | ParamSetting(('minisat.params', 'verb'), 2) | ParamSetting(('minisat.params', 'rcheck'), 'False') | ParamSetting(('minisat.params', 'lbd-cut'), 5.995611894251757) | ParamSetting(('minisat.params', 'sub-lim'), 109)
2023-07-10 23:02:01,811	[INFO]	1       SUCCESS              *1192.022 (113.85%) [7 edit(s)] 
2023-07-10 23:02:01,828	[DEBUG]	--- before: minisat.params
+++ after: minisat.params
@@ -1,21 +1,21 @@
-lbd-cut := 5.0
-lbd-cut-max := 10.0
-cp-increase := 15000
+lbd-cut := 5.995611894251757
+lbd-cut-max := 9.766123624429152
+cp-increase := 5190
 core-tolerance := 0.02
 var-decay := 0.95
 cla-decay := 0.999
 rnd-freq := 0.0
 ccmin-mode := 2
-phase-saving := 2
+phase-saving := 1
 rnd-init := 'False'
 luby := 0
 gc-frac := 0.2
-verb := 1
+verb := 2
 pre := 'True'
 asymm := 'False'
 rcheck := 'False'
 elim := 'False'
 grow := 0
 cl-lim := 20
-sub-lim := 1000
+sub-lim := 109
 simp-gc-frac := 0.5

2023-07-10 23:02:01,828	[INFO]	-- ranking --
2023-07-10 23:20:13,331	[DEBUG]	ParamSetting(('minisat.params', 'phase-saving'), 1)
2023-07-10 23:20:13,332	[INFO]	2       SUCCESS              *1087.6935 (103.88%) [1 edit(s)] 
2023-07-10 23:20:13,347	[DEBUG]	--- before: minisat.params
+++ after: minisat.params
@@ -6,7 +6,7 @@
 cla-decay := 0.999
 rnd-freq := 0.0
 ccmin-mode := 2
-phase-saving := 2
+phase-saving := 1
 rnd-init := 'False'
 luby := 0
 gc-frac := 0.2

2023-07-10 23:36:13,793	[DEBUG]	ParamSetting(('minisat.params', 'cp-increase'), 5190)
2023-07-10 23:36:13,793	[INFO]	3       SUCCESS              *956.5808 (91.36%) [1 edit(s)] 
2023-07-10 23:36:13,802	[DEBUG]	--- before: minisat.params
+++ after: minisat.params
@@ -1,6 +1,6 @@
 lbd-cut := 5.0
 lbd-cut-max := 10.0
-cp-increase := 15000
+cp-increase := 5190
 core-tolerance := 0.02
 var-decay := 0.95
 cla-decay := 0.999

2023-07-10 23:53:42,241	[DEBUG]	ParamSetting(('minisat.params', 'lbd-cut-max'), 9.766123624429152)
2023-07-10 23:53:42,241	[INFO]	4       SUCCESS              +1044.8153 (99.79%) [1 edit(s)] 
2023-07-10 23:53:42,250	[DEBUG]	--- before: minisat.params
+++ after: minisat.params
@@ -1,5 +1,5 @@
 lbd-cut := 5.0
-lbd-cut-max := 10.0
+lbd-cut-max := 9.766123624429152
 cp-increase := 15000
 core-tolerance := 0.02
 var-decay := 0.95

2023-07-11 00:11:23,368	[DEBUG]	ParamSetting(('minisat.params', 'verb'), 2)
2023-07-11 00:11:23,369	[INFO]	5       SUCCESS              +1057.4586 (101.0%) [1 edit(s)] 
2023-07-11 00:11:23,378	[DEBUG]	--- before: minisat.params
+++ after: minisat.params
@@ -10,7 +10,7 @@
 rnd-init := 'False'
 luby := 0
 gc-frac := 0.2
-verb := 1
+verb := 2
 pre := 'True'
 asymm := 'False'
 rcheck := 'False'

2023-07-11 00:11:23,386	[DEBUG]	ParamSetting(('minisat.params', 'rcheck'), 'False')
2023-07-11 00:11:23,387	[INFO]	6       SUCCESS              +1047.0226 (100.0%) [1 edit(s)] 
2023-07-11 00:11:23,394	[DEBUG]	
2023-07-11 00:29:08,524	[DEBUG]	ParamSetting(('minisat.params', 'lbd-cut'), 5.995611894251757)
2023-07-11 00:29:08,524	[INFO]	7       SUCCESS              +1061.588 (101.39%) [1 edit(s)] 
2023-07-11 00:29:08,541	[DEBUG]	--- before: minisat.params
+++ after: minisat.params
@@ -1,4 +1,4 @@
-lbd-cut := 5.0
+lbd-cut := 5.995611894251757
 lbd-cut-max := 10.0
 cp-increase := 15000
 core-tolerance := 0.02

2023-07-11 00:46:56,236	[DEBUG]	ParamSetting(('minisat.params', 'sub-lim'), 109)
2023-07-11 00:46:56,237	[INFO]	8       SUCCESS              +1063.8543 (101.61%) [1 edit(s)] 
2023-07-11 00:46:56,246	[DEBUG]	--- before: minisat.params
+++ after: minisat.params
@@ -17,5 +17,5 @@
 elim := 'False'
 grow := 0
 cl-lim := 20
-sub-lim := 1000
+sub-lim := 109
 simp-gc-frac := 0.5

2023-07-11 00:46:56,246	[INFO]	-- rebuild --
2023-07-11 01:02:41,495	[DEBUG]	ParamSetting(('minisat.params', 'cp-increase'), 5190) | ParamSetting(('minisat.params', 'lbd-cut-max'), 9.766123624429152)
2023-07-11 01:02:41,496	[INFO]	9       SUCCESS              *941.6064 (89.93%) [2 edit(s)] 
2023-07-11 01:02:41,504	[DEBUG]	--- before: minisat.params
+++ after: minisat.params
@@ -1,6 +1,6 @@
 lbd-cut := 5.0
-lbd-cut-max := 10.0
-cp-increase := 15000
+lbd-cut-max := 9.766123624429152
+cp-increase := 5190
 core-tolerance := 0.02
 var-decay := 0.95
 cla-decay := 0.999

2023-07-11 01:02:41,512	[DEBUG]	ParamSetting(('minisat.params', 'cp-increase'), 5190) | ParamSetting(('minisat.params', 'lbd-cut-max'), 9.766123624429152) | ParamSetting(('minisat.params', 'rcheck'), 'False')
2023-07-11 01:02:41,512	[INFO]	10      SUCCESS              +941.6064 (89.93%) [3 edit(s)] 
2023-07-11 01:02:41,521	[DEBUG]	--- before: minisat.params
+++ after: minisat.params
@@ -1,6 +1,6 @@
 lbd-cut := 5.0
-lbd-cut-max := 10.0
-cp-increase := 15000
+lbd-cut-max := 9.766123624429152
+cp-increase := 5190
 core-tolerance := 0.02
 var-decay := 0.95
 cla-decay := 0.999

2023-07-11 01:18:50,211	[DEBUG]	ParamSetting(('minisat.params', 'cp-increase'), 5190) | ParamSetting(('minisat.params', 'lbd-cut-max'), 9.766123624429152) | ParamSetting(('minisat.params', 'verb'), 2)
2023-07-11 01:18:50,211	[INFO]	11      SUCCESS              +965.1286 (92.18%) [3 edit(s)] 
2023-07-11 01:18:50,227	[DEBUG]	--- before: minisat.params
+++ after: minisat.params
@@ -1,6 +1,6 @@
 lbd-cut := 5.0
-lbd-cut-max := 10.0
-cp-increase := 15000
+lbd-cut-max := 9.766123624429152
+cp-increase := 5190
 core-tolerance := 0.02
 var-decay := 0.95
 cla-decay := 0.999
@@ -10,7 +10,7 @@
 rnd-init := 'False'
 luby := 0
 gc-frac := 0.2
-verb := 1
+verb := 2
 pre := 'True'
 asymm := 'False'
 rcheck := 'False'

2023-07-11 01:34:52,278	[DEBUG]	ParamSetting(('minisat.params', 'cp-increase'), 5190) | ParamSetting(('minisat.params', 'lbd-cut-max'), 9.766123624429152) | ParamSetting(('minisat.params', 'lbd-cut'), 5.995611894251757)
2023-07-11 01:34:52,278	[INFO]	12      SUCCESS              +957.5691 (91.46%) [3 edit(s)] 
2023-07-11 01:34:52,294	[DEBUG]	--- before: minisat.params
+++ after: minisat.params
@@ -1,6 +1,6 @@
-lbd-cut := 5.0
-lbd-cut-max := 10.0
-cp-increase := 15000
+lbd-cut := 5.995611894251757
+lbd-cut-max := 9.766123624429152
+cp-increase := 5190
 core-tolerance := 0.02
 var-decay := 0.95
 cla-decay := 0.999

2023-07-11 01:50:49,373	[DEBUG]	ParamSetting(('minisat.params', 'cp-increase'), 5190) | ParamSetting(('minisat.params', 'lbd-cut-max'), 9.766123624429152) | ParamSetting(('minisat.params', 'sub-lim'), 109)
2023-07-11 01:50:49,374	[INFO]	13      SUCCESS              +953.1392 (91.03%) [3 edit(s)] 
2023-07-11 01:50:49,382	[DEBUG]	--- before: minisat.params
+++ after: minisat.params
@@ -1,6 +1,6 @@
 lbd-cut := 5.0
-lbd-cut-max := 10.0
-cp-increase := 15000
+lbd-cut-max := 9.766123624429152
+cp-increase := 5190
 core-tolerance := 0.02
 var-decay := 0.95
 cla-decay := 0.999
@@ -17,5 +17,5 @@
 elim := 'False'
 grow := 0
 cl-lim := 20
-sub-lim := 1000
+sub-lim := 109
 simp-gc-frac := 0.5

2023-07-11 02:10:23,431	[DEBUG]	ParamSetting(('minisat.params', 'cp-increase'), 5190) | ParamSetting(('minisat.params', 'lbd-cut-max'), 9.766123624429152) | ParamSetting(('minisat.params', 'phase-saving'), 1)
2023-07-11 02:10:23,431	[INFO]	14      SUCCESS              +1170.518 (111.79%) [3 edit(s)] 
2023-07-11 02:10:23,440	[DEBUG]	--- before: minisat.params
+++ after: minisat.params
@@ -1,12 +1,12 @@
 lbd-cut := 5.0
-lbd-cut-max := 10.0
-cp-increase := 15000
+lbd-cut-max := 9.766123624429152
+cp-increase := 5190
 core-tolerance := 0.02
 var-decay := 0.95
 cla-decay := 0.999
 rnd-freq := 0.0
 ccmin-mode := 2
-phase-saving := 2
+phase-saving := 1
 rnd-init := 'False'
 luby := 0
 gc-frac := 0.2

2023-07-11 02:10:23,440	[INFO]	-- simplify --
2023-07-11 02:10:23,448	[DEBUG]	ParamSetting(('minisat.params', 'lbd-cut-max'), 9.766123624429152)
2023-07-11 02:10:23,448	[INFO]	15      SUCCESS              +1044.8153 (99.79%) [1 edit(s)] 
2023-07-11 02:10:23,456	[DEBUG]	--- before: minisat.params
+++ after: minisat.params
@@ -1,5 +1,5 @@
 lbd-cut := 5.0
-lbd-cut-max := 10.0
+lbd-cut-max := 9.766123624429152
 cp-increase := 15000
 core-tolerance := 0.02
 var-decay := 0.95

2023-07-11 02:10:23,464	[DEBUG]	ParamSetting(('minisat.params', 'cp-increase'), 5190)
2023-07-11 02:10:23,464	[INFO]	16      SUCCESS              +956.5808 (91.36%) [1 edit(s)] 
2023-07-11 02:10:23,472	[DEBUG]	--- before: minisat.params
+++ after: minisat.params
@@ -1,6 +1,6 @@
 lbd-cut := 5.0
 lbd-cut-max := 10.0
-cp-increase := 15000
+cp-increase := 5190
 core-tolerance := 0.02
 var-decay := 0.95
 cla-decay := 0.999

2023-07-11 02:10:23,479	[INFO]	==== END ====
2023-07-11 02:10:23,480	[INFO]	Reason: validation end
2023-07-11 02:10:23,480	[INFO]	
2023-07-11 02:10:23,480	[INFO]	==== REPORT ====
2023-07-11 02:10:23,480	[INFO]	Termination: validation end
2023-07-11 02:10:23,480	[INFO]	Log file: /home/tsongpet/MSc-SSE-GI-project/_magpie_logs/minisat-hack_1689022206.log
2023-07-11 02:10:23,488	[INFO]	Patch file: _magpie_logs/minisat-hack_1689022206.patch
2023-07-11 02:10:23,488	[INFO]	Diff file: _magpie_logs/minisat-hack_1689022206.diff
2023-07-11 02:10:23,488	[INFO]	Best fitness: 941.6064
2023-07-11 02:10:23,488	[INFO]	Best patch: ParamSetting(('minisat.params', 'cp-increase'), 5190) | ParamSetting(('minisat.params', 'lbd-cut-max'), 9.766123624429152)
2023-07-11 02:10:23,489	[INFO]	Diff:
--- before: minisat.params
+++ after: minisat.params
@@ -1,6 +1,6 @@
 lbd-cut := 5.0
-lbd-cut-max := 10.0
-cp-increase := 15000
+lbd-cut-max := 9.766123624429152
+cp-increase := 5190
 core-tolerance := 0.02
 var-decay := 0.95
 cla-decay := 0.999

