2023-07-15 06:19:23,913	[DEBUG]	==== CONFIG ====
[magpie]
import = 
seed = 
log_dir = _magpie_logs
work_dir = _magpie_work
local_original_copy = False
local_original_name = __original__
output_encoding = ascii
edit_retries = 10
default_timeout = 30
default_lengthout = 1e6
diff_method = unified

[software]
path = code/minisat-hack
target_files = 
	core/Solver.cc.xml
	minisat.params
program = BasicProgram
engine_rules = 
	*.params : ConfigFileParamsEngine
	*.xml : SrcmlEngine
	* : LineEngine
engine_config = 
	*.params : [params]
	*.xml : [srcml]
setup_cmd = ./compile.sh
setup_timeout = 
setup_lengthout = 
compile_cmd = ./compile.sh
compile_timeout = 15
compile_lengthout = 
test_cmd = 
test_timeout = 
test_lengthout = 
run_cmd = perf stat run-sh/validate_5.sh
run_timeout = 1295
run_lengthout = 
fitness = perf_time

[srcml]
rename = 
	stmt: break continue decl_stmt do expr_stmt for goto if return switch while
	number: literal_number
focus = block stmt operator_comp operator_arith number
internodes = block
process_pseudo_blocks = True
process_literals = True
process_operators = True

[params]
timing = test run
cli_prefix = --
cli_glue = =
cli_boolean = show
cli_boolean_prefix_true = 
cli_boolean_prefix_false = no-
silent_prefix = @
silent_suffix = $

[search]
protocol = BasicProtocol
algorithm = ValidRankingSimplify
possible_edits = 
	ParamSetting
warmup = 3
warmup_strategy = last
max_steps = 
max_time = 
target_fitness = 
cache_maxsize = 40
cache_keep = 0.2

[search.ls]
delete_prob = 0.5
max_neighbours = 
when_trapped = continue
accept_fail = False
tabu_length = 10

[search.gp]
pop_size = 10
delete_prob = 0.5
offspring_elitism = 0.1
offspring_crossover = 0.5
offspring_mutation = 0.4
uniform_rate = 0.5


2023-07-15 06:19:23,913	[INFO]	==== WARMUP ====
2023-07-15 06:37:04,483	[INFO]	WARM    SUCCESS               1052.3449               
2023-07-15 06:54:27,364	[INFO]	WARM    SUCCESS               1039.475                
2023-07-15 07:12:02,369	[INFO]	WARM    SUCCESS               1050.5688               
2023-07-15 07:12:02,370	[INFO]	INITIAL SUCCESS               1050.5688               
2023-07-15 07:12:02,370	[INFO]	==== START: ValidRankingSimplify ====
2023-07-15 07:12:02,467	[DEBUG]	CLEAN_PATCH: ParamSetting(('minisat.params', 'var-decay'), 0.9956962485098383) | ParamSetting(('minisat.params', 'sub-lim'), 0) | ParamSetting(('minisat.params', 'phase-saving'), 1) | ParamSetting(('minisat.params', 'cp-increase'), 5787) | ParamSetting(('minisat.params', 'simp-gc-frac'), 0.41581087734631883) | ParamSetting(('minisat.params', 'lbd-cut-max'), 23.24104327878827) | ParamSetting(('minisat.params', 'cl-lim'), 559)
2023-07-15 07:12:02,468	[DEBUG]	CLEAN_SIZE: 7 (was 8)
2023-07-15 07:33:42,138	[DEBUG]	ParamSetting(('minisat.params', 'var-decay'), 0.9956962485098383) | ParamSetting(('minisat.params', 'sub-lim'), 0) | ParamSetting(('minisat.params', 'phase-saving'), 1) | ParamSetting(('minisat.params', 'cp-increase'), 5787) | ParamSetting(('minisat.params', 'asymm'), 'False') | ParamSetting(('minisat.params', 'simp-gc-frac'), 0.41581087734631883) | ParamSetting(('minisat.params', 'lbd-cut-max'), 23.24104327878827) | ParamSetting(('minisat.params', 'cl-lim'), 559)
2023-07-15 07:33:42,139	[INFO]	1       RUN_TIMEOUT           None  [8 edit(s)]       
2023-07-15 07:33:42,139	[INFO]	-- ranking --
2023-07-15 07:55:21,282	[DEBUG]	ParamSetting(('minisat.params', 'var-decay'), 0.9956962485098383)
2023-07-15 07:55:21,283	[INFO]	2       RUN_TIMEOUT           None  [1 edit(s)]       
2023-07-15 08:13:49,921	[DEBUG]	ParamSetting(('minisat.params', 'sub-lim'), 0)
2023-07-15 08:13:49,922	[INFO]	3       SUCCESS              *1105.1595 (105.2%) [1 edit(s)] 
2023-07-15 08:13:49,938	[DEBUG]	--- before: minisat.params
+++ after: minisat.params
@@ -17,5 +17,5 @@
 elim := 'False'
 grow := 0
 cl-lim := 20
-sub-lim := 1000
+sub-lim := 0
 simp-gc-frac := 0.5

2023-07-15 08:31:52,344	[DEBUG]	ParamSetting(('minisat.params', 'phase-saving'), 1)
2023-07-15 08:31:52,345	[INFO]	4       SUCCESS              *1078.7107 (102.68%) [1 edit(s)] 
2023-07-15 08:31:52,354	[DEBUG]	--- before: minisat.params
+++ after: minisat.params
@@ -6,7 +6,7 @@
 cla-decay := 0.999
 rnd-freq := 0.0
 ccmin-mode := 2
-phase-saving := 2
+phase-saving := 1
 rnd-init := 'False'
 luby := 0
 gc-frac := 0.2

2023-07-15 08:46:25,671	[DEBUG]	ParamSetting(('minisat.params', 'cp-increase'), 5787)
2023-07-15 08:46:25,672	[INFO]	5       SUCCESS              *869.8148 (82.79%) [1 edit(s)] 
2023-07-15 08:46:25,680	[DEBUG]	--- before: minisat.params
+++ after: minisat.params
@@ -1,6 +1,6 @@
 lbd-cut := 5.0
 lbd-cut-max := 10.0
-cp-increase := 15000
+cp-increase := 5787
 core-tolerance := 0.02
 var-decay := 0.95
 cla-decay := 0.999

2023-07-15 08:46:25,688	[DEBUG]	ParamSetting(('minisat.params', 'asymm'), 'False')
2023-07-15 08:46:25,688	[INFO]	6       SUCCESS              +1050.5688 (100.0%) [1 edit(s)] 
2023-07-15 08:46:25,695	[DEBUG]	
2023-07-15 09:03:47,791	[DEBUG]	ParamSetting(('minisat.params', 'simp-gc-frac'), 0.41581087734631883)
2023-07-15 09:03:47,792	[INFO]	7       SUCCESS              +1038.4116 (98.84%) [1 edit(s)] 
2023-07-15 09:03:47,801	[DEBUG]	--- before: minisat.params
+++ after: minisat.params
@@ -18,4 +18,4 @@
 grow := 0
 cl-lim := 20
 sub-lim := 1000
-simp-gc-frac := 0.5
+simp-gc-frac := 0.41581087734631883

2023-07-15 09:21:12,854	[DEBUG]	ParamSetting(('minisat.params', 'lbd-cut-max'), 23.24104327878827)
2023-07-15 09:21:12,854	[INFO]	8       SUCCESS              +1041.4326 (99.13%) [1 edit(s)] 
2023-07-15 09:21:12,863	[DEBUG]	--- before: minisat.params
+++ after: minisat.params
@@ -1,5 +1,5 @@
 lbd-cut := 5.0
-lbd-cut-max := 10.0
+lbd-cut-max := 23.24104327878827
 cp-increase := 15000
 core-tolerance := 0.02
 var-decay := 0.95

2023-07-15 09:38:46,354	[DEBUG]	ParamSetting(('minisat.params', 'cl-lim'), 559)
2023-07-15 09:38:46,354	[INFO]	9       SUCCESS              +1049.5745 (99.91%) [1 edit(s)] 
2023-07-15 09:38:46,364	[DEBUG]	--- before: minisat.params
+++ after: minisat.params
@@ -16,6 +16,6 @@
 rcheck := 'False'
 elim := 'False'
 grow := 0
-cl-lim := 20
+cl-lim := 559
 sub-lim := 1000
 simp-gc-frac := 0.5

2023-07-15 09:38:46,364	[INFO]	-- rebuild --
2023-07-15 09:53:20,565	[DEBUG]	ParamSetting(('minisat.params', 'cp-increase'), 5787) | ParamSetting(('minisat.params', 'simp-gc-frac'), 0.41581087734631883)
2023-07-15 09:53:20,566	[INFO]	10      SUCCESS              *869.7973 (82.79%) [2 edit(s)] 
2023-07-15 09:53:20,574	[DEBUG]	--- before: minisat.params
+++ after: minisat.params
@@ -1,6 +1,6 @@
 lbd-cut := 5.0
 lbd-cut-max := 10.0
-cp-increase := 15000
+cp-increase := 5787
 core-tolerance := 0.02
 var-decay := 0.95
 cla-decay := 0.999
@@ -18,4 +18,4 @@
 grow := 0
 cl-lim := 20
 sub-lim := 1000
-simp-gc-frac := 0.5
+simp-gc-frac := 0.41581087734631883

2023-07-15 10:07:50,108	[DEBUG]	ParamSetting(('minisat.params', 'cp-increase'), 5787) | ParamSetting(('minisat.params', 'simp-gc-frac'), 0.41581087734631883) | ParamSetting(('minisat.params', 'lbd-cut-max'), 23.24104327878827)
2023-07-15 10:07:50,108	[INFO]	11      SUCCESS              *865.9563 (82.43%) [3 edit(s)] 
2023-07-15 10:07:50,117	[DEBUG]	--- before: minisat.params
+++ after: minisat.params
@@ -1,6 +1,6 @@
 lbd-cut := 5.0
-lbd-cut-max := 10.0
-cp-increase := 15000
+lbd-cut-max := 23.24104327878827
+cp-increase := 5787
 core-tolerance := 0.02
 var-decay := 0.95
 cla-decay := 0.999
@@ -18,4 +18,4 @@
 grow := 0
 cl-lim := 20
 sub-lim := 1000
-simp-gc-frac := 0.5
+simp-gc-frac := 0.41581087734631883

2023-07-15 10:22:32,338	[DEBUG]	ParamSetting(('minisat.params', 'cp-increase'), 5787) | ParamSetting(('minisat.params', 'simp-gc-frac'), 0.41581087734631883) | ParamSetting(('minisat.params', 'lbd-cut-max'), 23.24104327878827) | ParamSetting(('minisat.params', 'cl-lim'), 559)
2023-07-15 10:22:32,339	[INFO]	12      SUCCESS              +878.759 (83.65%) [4 edit(s)] 
2023-07-15 10:22:32,348	[DEBUG]	--- before: minisat.params
+++ after: minisat.params
@@ -1,6 +1,6 @@
 lbd-cut := 5.0
-lbd-cut-max := 10.0
-cp-increase := 15000
+lbd-cut-max := 23.24104327878827
+cp-increase := 5787
 core-tolerance := 0.02
 var-decay := 0.95
 cla-decay := 0.999
@@ -16,6 +16,6 @@
 rcheck := 'False'
 elim := 'False'
 grow := 0
-cl-lim := 20
+cl-lim := 559
 sub-lim := 1000
-simp-gc-frac := 0.5
+simp-gc-frac := 0.41581087734631883

2023-07-15 10:22:32,359	[DEBUG]	ParamSetting(('minisat.params', 'cp-increase'), 5787) | ParamSetting(('minisat.params', 'simp-gc-frac'), 0.41581087734631883) | ParamSetting(('minisat.params', 'lbd-cut-max'), 23.24104327878827) | ParamSetting(('minisat.params', 'asymm'), 'False')
2023-07-15 10:22:32,359	[INFO]	13      SUCCESS              +865.9563 (82.43%) [4 edit(s)] 
2023-07-15 10:22:32,376	[DEBUG]	--- before: minisat.params
+++ after: minisat.params
@@ -1,6 +1,6 @@
 lbd-cut := 5.0
-lbd-cut-max := 10.0
-cp-increase := 15000
+lbd-cut-max := 23.24104327878827
+cp-increase := 5787
 core-tolerance := 0.02
 var-decay := 0.95
 cla-decay := 0.999
@@ -18,4 +18,4 @@
 grow := 0
 cl-lim := 20
 sub-lim := 1000
-simp-gc-frac := 0.5
+simp-gc-frac := 0.41581087734631883

2023-07-15 10:39:46,234	[DEBUG]	ParamSetting(('minisat.params', 'cp-increase'), 5787) | ParamSetting(('minisat.params', 'simp-gc-frac'), 0.41581087734631883) | ParamSetting(('minisat.params', 'lbd-cut-max'), 23.24104327878827) | ParamSetting(('minisat.params', 'phase-saving'), 1)
2023-07-15 10:39:46,235	[INFO]	14      SUCCESS              +1030.2145 (98.06%) [4 edit(s)] 
2023-07-15 10:39:46,243	[DEBUG]	--- before: minisat.params
+++ after: minisat.params
@@ -1,12 +1,12 @@
 lbd-cut := 5.0
-lbd-cut-max := 10.0
-cp-increase := 15000
+lbd-cut-max := 23.24104327878827
+cp-increase := 5787
 core-tolerance := 0.02
 var-decay := 0.95
 cla-decay := 0.999
 rnd-freq := 0.0
 ccmin-mode := 2
-phase-saving := 2
+phase-saving := 1
 rnd-init := 'False'
 luby := 0
 gc-frac := 0.2
@@ -18,4 +18,4 @@
 grow := 0
 cl-lim := 20
 sub-lim := 1000
-simp-gc-frac := 0.5
+simp-gc-frac := 0.41581087734631883

2023-07-15 10:56:55,664	[DEBUG]	ParamSetting(('minisat.params', 'cp-increase'), 5787) | ParamSetting(('minisat.params', 'simp-gc-frac'), 0.41581087734631883) | ParamSetting(('minisat.params', 'lbd-cut-max'), 23.24104327878827) | ParamSetting(('minisat.params', 'sub-lim'), 0)
2023-07-15 10:56:55,665	[INFO]	15      SUCCESS              +1025.4033 (97.6%) [4 edit(s)] 
2023-07-15 10:56:55,673	[DEBUG]	--- before: minisat.params
+++ after: minisat.params
@@ -1,6 +1,6 @@
 lbd-cut := 5.0
-lbd-cut-max := 10.0
-cp-increase := 15000
+lbd-cut-max := 23.24104327878827
+cp-increase := 5787
 core-tolerance := 0.02
 var-decay := 0.95
 cla-decay := 0.999
@@ -17,5 +17,5 @@
 elim := 'False'
 grow := 0
 cl-lim := 20
-sub-lim := 1000
-simp-gc-frac := 0.5
+sub-lim := 0
+simp-gc-frac := 0.41581087734631883

2023-07-15 11:10:11,646	[DEBUG]	ParamSetting(('minisat.params', 'cp-increase'), 5787) | ParamSetting(('minisat.params', 'simp-gc-frac'), 0.41581087734631883) | ParamSetting(('minisat.params', 'lbd-cut-max'), 23.24104327878827) | ParamSetting(('minisat.params', 'var-decay'), 0.9956962485098383)
2023-07-15 11:10:11,646	[INFO]	16      SUCCESS              *792.0896 (75.4%) [4 edit(s)] 
2023-07-15 11:10:11,655	[DEBUG]	--- before: minisat.params
+++ after: minisat.params
@@ -1,8 +1,8 @@
 lbd-cut := 5.0
-lbd-cut-max := 10.0
-cp-increase := 15000
+lbd-cut-max := 23.24104327878827
+cp-increase := 5787
 core-tolerance := 0.02
-var-decay := 0.95
+var-decay := 0.9956962485098383
 cla-decay := 0.999
 rnd-freq := 0.0
 ccmin-mode := 2
@@ -18,4 +18,4 @@
 grow := 0
 cl-lim := 20
 sub-lim := 1000
-simp-gc-frac := 0.5
+simp-gc-frac := 0.41581087734631883

2023-07-15 11:10:11,655	[INFO]	-- simplify --
2023-07-15 11:31:50,942	[DEBUG]	ParamSetting(('minisat.params', 'simp-gc-frac'), 0.41581087734631883) | ParamSetting(('minisat.params', 'lbd-cut-max'), 23.24104327878827) | ParamSetting(('minisat.params', 'var-decay'), 0.9956962485098383)
2023-07-15 11:31:50,942	[INFO]	17      RUN_TIMEOUT           None  [3 edit(s)]       
2023-07-15 11:45:05,814	[DEBUG]	ParamSetting(('minisat.params', 'cp-increase'), 5787) | ParamSetting(('minisat.params', 'lbd-cut-max'), 23.24104327878827) | ParamSetting(('minisat.params', 'var-decay'), 0.9956962485098383)
2023-07-15 11:45:05,815	[INFO]	18      SUCCESS              *791.3393 (75.32%) [3 edit(s)] 
2023-07-15 11:45:05,824	[DEBUG]	--- before: minisat.params
+++ after: minisat.params
@@ -1,8 +1,8 @@
 lbd-cut := 5.0
-lbd-cut-max := 10.0
-cp-increase := 15000
+lbd-cut-max := 23.24104327878827
+cp-increase := 5787
 core-tolerance := 0.02
-var-decay := 0.95
+var-decay := 0.9956962485098383
 cla-decay := 0.999
 rnd-freq := 0.0
 ccmin-mode := 2

2023-07-15 11:59:30,606	[DEBUG]	ParamSetting(('minisat.params', 'cp-increase'), 5787) | ParamSetting(('minisat.params', 'lbd-cut-max'), 23.24104327878827)
2023-07-15 11:59:30,606	[INFO]	19      SUCCESS              +861.2567 (81.98%) [2 edit(s)] 
2023-07-15 11:59:30,615	[DEBUG]	--- before: minisat.params
+++ after: minisat.params
@@ -1,6 +1,6 @@
 lbd-cut := 5.0
-lbd-cut-max := 10.0
-cp-increase := 15000
+lbd-cut-max := 23.24104327878827
+cp-increase := 5787
 core-tolerance := 0.02
 var-decay := 0.95
 cla-decay := 0.999

2023-07-15 12:21:09,629	[DEBUG]	ParamSetting(('minisat.params', 'lbd-cut-max'), 23.24104327878827) | ParamSetting(('minisat.params', 'var-decay'), 0.9956962485098383)
2023-07-15 12:21:09,630	[INFO]	20      RUN_TIMEOUT           None  [2 edit(s)]       
2023-07-15 12:34:22,302	[DEBUG]	ParamSetting(('minisat.params', 'cp-increase'), 5787) | ParamSetting(('minisat.params', 'var-decay'), 0.9956962485098383)
2023-07-15 12:34:22,302	[INFO]	21      SUCCESS              *789.0201 (75.1%) [2 edit(s)] 
2023-07-15 12:34:22,319	[DEBUG]	--- before: minisat.params
+++ after: minisat.params
@@ -1,8 +1,8 @@
 lbd-cut := 5.0
 lbd-cut-max := 10.0
-cp-increase := 15000
+cp-increase := 5787
 core-tolerance := 0.02
-var-decay := 0.95
+var-decay := 0.9956962485098383
 cla-decay := 0.999
 rnd-freq := 0.0
 ccmin-mode := 2

2023-07-15 12:34:22,332	[DEBUG]	ParamSetting(('minisat.params', 'var-decay'), 0.9956962485098383)
2023-07-15 12:34:22,332	[INFO]	22      RUN_TIMEOUT           None  [1 edit(s)]       
2023-07-15 12:34:22,340	[DEBUG]	ParamSetting(('minisat.params', 'cp-increase'), 5787)
2023-07-15 12:34:22,340	[INFO]	23      SUCCESS              +869.8148 (82.79%) [1 edit(s)] 
2023-07-15 12:34:22,348	[DEBUG]	--- before: minisat.params
+++ after: minisat.params
@@ -1,6 +1,6 @@
 lbd-cut := 5.0
 lbd-cut-max := 10.0
-cp-increase := 15000
+cp-increase := 5787
 core-tolerance := 0.02
 var-decay := 0.95
 cla-decay := 0.999

2023-07-15 12:34:22,356	[INFO]	==== END ====
2023-07-15 12:34:22,356	[INFO]	Reason: validation end
2023-07-15 12:34:22,356	[INFO]	
2023-07-15 12:34:22,356	[INFO]	==== REPORT ====
2023-07-15 12:34:22,356	[INFO]	Termination: validation end
2023-07-15 12:34:22,357	[INFO]	Log file: /home/tsongpet/MSc-SSE-GI-project/_magpie_logs/minisat-hack_1689398363.log
2023-07-15 12:34:22,364	[INFO]	Patch file: _magpie_logs/minisat-hack_1689398363.patch
2023-07-15 12:34:22,364	[INFO]	Diff file: _magpie_logs/minisat-hack_1689398363.diff
2023-07-15 12:34:22,364	[INFO]	Best fitness: 789.0201
2023-07-15 12:34:22,365	[INFO]	Best patch: ParamSetting(('minisat.params', 'cp-increase'), 5787) | ParamSetting(('minisat.params', 'var-decay'), 0.9956962485098383)
2023-07-15 12:34:22,365	[INFO]	Diff:
--- before: minisat.params
+++ after: minisat.params
@@ -1,8 +1,8 @@
 lbd-cut := 5.0
 lbd-cut-max := 10.0
-cp-increase := 15000
+cp-increase := 5787
 core-tolerance := 0.02
-var-decay := 0.95
+var-decay := 0.9956962485098383
 cla-decay := 0.999
 rnd-freq := 0.0
 ccmin-mode := 2

