2023-06-24 17:23:48,870	[DEBUG]	==== CONFIG ====
[magpie]
import = 
seed = 
log_dir = _magpie_logs
work_dir = _magpie_work
local_original_copy = False
local_original_name = __original__
output_encoding = ascii
edit_retries = 10
default_timeout = 30
default_lengthout = 1e6
diff_method = unified

[software]
path = code/minisat-hack
target_files = 
	core/Solver.cc
program = BasicProgram
engine_rules = 
	*.params : ConfigFileParamsEngine
	*.xml : SrcmlEngine
	* : LineEngine
engine_config = 
	*.params : [params]
	*.xml : [srcml]
setup_cmd = 
setup_timeout = 
setup_lengthout = 
compile_cmd = ./compile.sh
compile_timeout = 11
compile_lengthout = 
test_cmd = 
test_timeout = 
test_lengthout = 
run_cmd = perf stat run-sh/train_4.sh
run_timeout = 101
run_lengthout = 
fitness = perf_time

[srcml]
rename = 
	stmt: break continue decl_stmt do expr_stmt for goto if return switch while
	number: literal_number
focus = block stmt operator_comp operator_arith number
internodes = block
process_pseudo_blocks = True
process_literals = True
process_operators = True

[params]
timing = test run
cli_prefix = --
cli_glue = =
cli_boolean = show
cli_boolean_prefix_true = 
cli_boolean_prefix_false = no-
silent_prefix = @
silent_suffix = $

[search]
protocol = BasicProtocol
algorithm = FirstImprovement
possible_edits = 
	LineReplacement
	LineInsertion
	LineDeletion
warmup = 3
warmup_strategy = last
max_steps = 1000
max_time = 3600
target_fitness = 
cache_maxsize = 40
cache_keep = 0.2

[search.ls]
delete_prob = 0.5
max_neighbours = 
when_trapped = continue
accept_fail = False
tabu_length = 10

[search.gp]
pop_size = 10
delete_prob = 0.5
offspring_elitism = 0.1
offspring_crossover = 0.5
offspring_mutation = 0.4
uniform_rate = 0.5


2023-06-24 17:23:48,870	[INFO]	==== WARMUP ====
2023-06-24 17:25:22,373	[INFO]	WARM    SUCCESS               86.1454                 
2023-06-24 17:26:49,194	[INFO]	WARM    SUCCESS               83.581                  
2023-06-24 17:28:18,652	[INFO]	WARM    SUCCESS               86.2413                 
2023-06-24 17:28:18,652	[INFO]	INITIAL SUCCESS               86.2413                 
2023-06-24 17:28:18,652	[INFO]	==== START: FirstImprovement ====
2023-06-24 17:28:19,045	[DEBUG]	LineInsertion(('core/Solver.cc', '_inter_line', 328), ('core/Solver.cc', 'line', 318))
2023-06-24 17:28:19,045	[INFO]	1       COMPILE_CODE_ERROR    None  [1 edit(s)]       
2023-06-24 17:28:22,407	[DEBUG]	LineInsertion(('core/Solver.cc', '_inter_line', 891), ('core/Solver.cc', 'line', 821))
2023-06-24 17:28:22,408	[INFO]	2       RUN_CODE_ERROR        None  [1 edit(s)]       
2023-06-24 17:29:52,509	[DEBUG]	LineInsertion(('core/Solver.cc', '_inter_line', 431), ('core/Solver.cc', 'line', 36))
2023-06-24 17:29:52,509	[INFO]	3       SUCCESS               86.7849 (100.63%) [1 edit(s)] 
2023-06-24 17:29:52,917	[DEBUG]	LineDeletion(('core/Solver.cc', 'line', 437))
2023-06-24 17:29:52,917	[INFO]	4       COMPILE_CODE_ERROR    None  [1 edit(s)]       
2023-06-24 17:31:23,099	[DEBUG]	LineInsertion(('core/Solver.cc', '_inter_line', 366), ('core/Solver.cc', 'line', 1004))
2023-06-24 17:31:23,099	[INFO]	5       SUCCESS               87.023 (100.91%) [1 edit(s)] 
2023-06-24 17:31:23,507	[DEBUG]	LineDeletion(('core/Solver.cc', 'line', 1013))
2023-06-24 17:31:23,507	[INFO]	6       COMPILE_CODE_ERROR    None  [1 edit(s)]       
2023-06-24 17:31:23,917	[DEBUG]	LineDeletion(('core/Solver.cc', 'line', 232))
2023-06-24 17:31:23,917	[INFO]	7       COMPILE_CODE_ERROR    None  [1 edit(s)]       
2023-06-24 17:31:24,330	[DEBUG]	LineReplacement(('core/Solver.cc', 'line', 718), ('core/Solver.cc', 'line', 511))
2023-06-24 17:31:24,330	[INFO]	8       COMPILE_CODE_ERROR    None  [1 edit(s)]       
2023-06-24 17:31:24,755	[DEBUG]	LineReplacement(('core/Solver.cc', 'line', 67), ('core/Solver.cc', 'line', 835))
2023-06-24 17:31:24,756	[INFO]	9       COMPILE_CODE_ERROR    None  [1 edit(s)]       
2023-06-24 17:32:54,601	[DEBUG]	LineInsertion(('core/Solver.cc', '_inter_line', 1010), ('core/Solver.cc', 'line', 859))
2023-06-24 17:32:54,602	[INFO]	10      SUCCESS               86.7154 (100.55%) [1 edit(s)] 
2023-06-24 17:32:55,014	[DEBUG]	LineReplacement(('core/Solver.cc', 'line', 250), ('core/Solver.cc', 'line', 1008))
2023-06-24 17:32:55,014	[INFO]	11      COMPILE_CODE_ERROR    None  [1 edit(s)]       
2023-06-24 17:32:55,408	[DEBUG]	LineInsertion(('core/Solver.cc', '_inter_line', 385), ('core/Solver.cc', 'line', 633))
2023-06-24 17:32:55,408	[INFO]	12      COMPILE_CODE_ERROR    None  [1 edit(s)]       
2023-06-24 17:32:55,796	[DEBUG]	LineInsertion(('core/Solver.cc', '_inter_line', 793), ('core/Solver.cc', 'line', 926))
2023-06-24 17:32:55,797	[INFO]	13      COMPILE_CODE_ERROR    None  [1 edit(s)]       
2023-06-24 17:34:24,026	[DEBUG]	LineInsertion(('core/Solver.cc', '_inter_line', 552), ('core/Solver.cc', 'line', 614))
2023-06-24 17:34:24,026	[INFO]	14      SUCCESS              *85.1509 (98.74%) [1 edit(s)] 
2023-06-24 17:34:24,034	[DEBUG]	--- before: core/Solver.cc
+++ after: core/Solver.cc
@@ -550,6 +550,7 @@
                 if (value(c[k]) != l_False){
                     c[1] = c[k]; c[k] = false_lit;
                     watches[~c[1]].push(w);
+    int i, j;
                     goto NextClause; }
 
             // Did not find watch -- clause is unit under assignment:

2023-06-24 17:34:24,041	[DEBUG]	
2023-06-24 17:34:24,041	[INFO]	15      SUCCESS               86.2413 (100.0%) [0 edit(s)] 
2023-06-24 17:36:08,713	[DEBUG]	LineInsertion(('core/Solver.cc', '_inter_line', 552), ('core/Solver.cc', 'line', 614)) | LineInsertion(('core/Solver.cc', '_inter_line', 348), ('core/Solver.cc', 'line', 754))
2023-06-24 17:36:08,713	[INFO]	16      RUN_TIMEOUT           None  [2 edit(s)]       
2023-06-24 17:36:09,093	[DEBUG]	LineInsertion(('core/Solver.cc', '_inter_line', 552), ('core/Solver.cc', 'line', 614)) | LineReplacement(('core/Solver.cc', 'line', 633), ('core/Solver.cc', 'line', 261))
2023-06-24 17:36:09,093	[INFO]	17      COMPILE_CODE_ERROR    None  [2 edit(s)]       
2023-06-24 17:36:09,505	[DEBUG]	LineInsertion(('core/Solver.cc', '_inter_line', 552), ('core/Solver.cc', 'line', 614)) | LineReplacement(('core/Solver.cc', 'line', 97), ('core/Solver.cc', 'line', 377))
2023-06-24 17:36:09,505	[INFO]	18      COMPILE_CODE_ERROR    None  [2 edit(s)]       
2023-06-24 17:37:39,488	[DEBUG]	LineInsertion(('core/Solver.cc', '_inter_line', 552), ('core/Solver.cc', 'line', 614)) | LineReplacement(('core/Solver.cc', 'line', 7), ('core/Solver.cc', 'line', 147))
2023-06-24 17:37:39,489	[INFO]	19      SUCCESS               86.7929 (100.64%) [2 edit(s)] 
2023-06-24 17:39:09,636	[DEBUG]	LineInsertion(('core/Solver.cc', '_inter_line', 552), ('core/Solver.cc', 'line', 614)) | LineInsertion(('core/Solver.cc', '_inter_line', 183), ('core/Solver.cc', 'line', 404))
2023-06-24 17:39:09,637	[INFO]	20      SUCCESS               87.0121 (100.89%) [2 edit(s)] 
2023-06-24 17:39:10,043	[DEBUG]	LineInsertion(('core/Solver.cc', '_inter_line', 552), ('core/Solver.cc', 'line', 614)) | LineReplacement(('core/Solver.cc', 'line', 710), ('core/Solver.cc', 'line', 46))
2023-06-24 17:39:10,043	[INFO]	21      COMPILE_CODE_ERROR    None  [2 edit(s)]       
2023-06-24 17:40:40,746	[DEBUG]	LineInsertion(('core/Solver.cc', '_inter_line', 552), ('core/Solver.cc', 'line', 614)) | LineReplacement(('core/Solver.cc', 'line', 7), ('core/Solver.cc', 'line', 989))
2023-06-24 17:40:40,747	[INFO]	22      SUCCESS               87.5024 (101.46%) [2 edit(s)] 
2023-06-24 17:42:06,643	[DEBUG]	LineInsertion(('core/Solver.cc', '_inter_line', 552), ('core/Solver.cc', 'line', 614)) | LineReplacement(('core/Solver.cc', 'line', 731), ('core/Solver.cc', 'line', 420))
2023-06-24 17:42:06,644	[INFO]	23      SUCCESS              *82.7073 (95.9%) [2 edit(s)] 
2023-06-24 17:42:06,652	[DEBUG]	--- before: core/Solver.cc
+++ after: core/Solver.cc
@@ -550,6 +550,7 @@
                 if (value(c[k]) != l_False){
                     c[1] = c[k]; c[k] = false_lit;
                     watches[~c[1]].push(w);
+    int i, j;
                     goto NextClause; }
 
             // Did not find watch -- clause is unit under assignment:
@@ -729,7 +730,7 @@
                 if (L > LBD_cut)
                     claBumpActivity(ca[cr]);
                 else
-                    core_added++;
+    for (int j = 0; j < analyze_toclear.size(); j++) seen[var(analyze_toclear[j])] = 0;    // ('seen[]' is now cleared)
                 uncheckedEnqueue(learnt_clause[0], cr);
             }
             /*if (output != NULL) {

2023-06-24 17:43:31,996	[DEBUG]	LineReplacement(('core/Solver.cc', 'line', 731), ('core/Solver.cc', 'line', 420))
2023-06-24 17:43:31,996	[INFO]	24      SUCCESS              *82.2603 (95.38%) [1 edit(s)] 
2023-06-24 17:43:32,004	[DEBUG]	--- before: core/Solver.cc
+++ after: core/Solver.cc
@@ -729,7 +729,7 @@
                 if (L > LBD_cut)
                     claBumpActivity(ca[cr]);
                 else
-                    core_added++;
+    for (int j = 0; j < analyze_toclear.size(); j++) seen[var(analyze_toclear[j])] = 0;    // ('seen[]' is now cleared)
                 uncheckedEnqueue(learnt_clause[0], cr);
             }
             /*if (output != NULL) {

2023-06-24 17:45:02,442	[DEBUG]	LineReplacement(('core/Solver.cc', 'line', 731), ('core/Solver.cc', 'line', 420)) | LineInsertion(('core/Solver.cc', '_inter_line', 637), ('core/Solver.cc', 'line', 498))
2023-06-24 17:45:02,443	[INFO]	25      SUCCESS               87.2613 (101.18%) [2 edit(s)] 
2023-06-24 17:45:02,450	[DEBUG]	
2023-06-24 17:45:02,451	[INFO]	26      SUCCESS               86.2413 (100.0%) [0 edit(s)] 
2023-06-24 17:45:02,863	[DEBUG]	LineReplacement(('core/Solver.cc', 'line', 731), ('core/Solver.cc', 'line', 420)) | LineDeletion(('core/Solver.cc', 'line', 751))
2023-06-24 17:45:02,864	[INFO]	27      COMPILE_CODE_ERROR    None  [2 edit(s)]       
2023-06-24 17:45:03,294	[DEBUG]	LineReplacement(('core/Solver.cc', 'line', 731), ('core/Solver.cc', 'line', 420)) | LineReplacement(('core/Solver.cc', 'line', 331), ('core/Solver.cc', 'line', 329))
2023-06-24 17:45:03,294	[INFO]	28      COMPILE_CODE_ERROR    None  [2 edit(s)]       
2023-06-24 17:46:32,972	[DEBUG]	LineReplacement(('core/Solver.cc', 'line', 731), ('core/Solver.cc', 'line', 420)) | LineDeletion(('core/Solver.cc', 'line', 782))
2023-06-24 17:46:32,972	[INFO]	29      SUCCESS               86.4059 (100.19%) [2 edit(s)] 
2023-06-24 17:46:33,373	[DEBUG]	LineReplacement(('core/Solver.cc', 'line', 731), ('core/Solver.cc', 'line', 420)) | LineReplacement(('core/Solver.cc', 'line', 51), ('core/Solver.cc', 'line', 616))
2023-06-24 17:46:33,373	[INFO]	30      COMPILE_CODE_ERROR    None  [2 edit(s)]       
2023-06-24 17:46:33,766	[DEBUG]	LineReplacement(('core/Solver.cc', 'line', 731), ('core/Solver.cc', 'line', 420)) | LineReplacement(('core/Solver.cc', 'line', 983), ('core/Solver.cc', 'line', 960))
2023-06-24 17:46:33,767	[INFO]	31      COMPILE_CODE_ERROR    None  [2 edit(s)]       
2023-06-24 17:46:34,129	[DEBUG]	LineReplacement(('core/Solver.cc', 'line', 731), ('core/Solver.cc', 'line', 420)) | LineDeletion(('core/Solver.cc', 'line', 545))
2023-06-24 17:46:34,130	[INFO]	32      COMPILE_CODE_ERROR    None  [2 edit(s)]       
2023-06-24 17:46:34,481	[DEBUG]	LineReplacement(('core/Solver.cc', 'line', 731), ('core/Solver.cc', 'line', 420)) | LineReplacement(('core/Solver.cc', 'line', 424), ('core/Solver.cc', 'line', 278))
2023-06-24 17:46:34,481	[INFO]	33      COMPILE_CODE_ERROR    None  [2 edit(s)]       
2023-06-24 17:48:04,355	[DEBUG]	LineReplacement(('core/Solver.cc', 'line', 731), ('core/Solver.cc', 'line', 420)) | LineInsertion(('core/Solver.cc', '_inter_line', 72), ('core/Solver.cc', 'line', 64))
2023-06-24 17:48:04,355	[INFO]	34      SUCCESS               86.7366 (100.57%) [2 edit(s)] 
2023-06-24 17:48:04,751	[DEBUG]	LineReplacement(('core/Solver.cc', 'line', 731), ('core/Solver.cc', 'line', 420)) | LineInsertion(('core/Solver.cc', '_inter_line', 219), ('core/Solver.cc', 'line', 265))
2023-06-24 17:48:04,751	[INFO]	35      COMPILE_CODE_ERROR    None  [2 edit(s)]       
2023-06-24 17:48:08,146	[DEBUG]	LineReplacement(('core/Solver.cc', 'line', 731), ('core/Solver.cc', 'line', 420)) | LineReplacement(('core/Solver.cc', 'line', 819), ('core/Solver.cc', 'line', 932))
2023-06-24 17:48:08,146	[INFO]	36      RUN_CODE_ERROR        None  [2 edit(s)]       
2023-06-24 17:49:38,013	[DEBUG]	LineReplacement(('core/Solver.cc', 'line', 731), ('core/Solver.cc', 'line', 420)) | LineDeletion(('core/Solver.cc', 'line', 1018))
2023-06-24 17:49:38,013	[INFO]	37      SUCCESS               86.6846 (100.51%) [2 edit(s)] 
2023-06-24 17:49:38,417	[DEBUG]	LineReplacement(('core/Solver.cc', 'line', 731), ('core/Solver.cc', 'line', 420)) | LineInsertion(('core/Solver.cc', '_inter_line', 629), ('core/Solver.cc', 'line', 351))
2023-06-24 17:49:38,418	[INFO]	38      COMPILE_CODE_ERROR    None  [2 edit(s)]       
2023-06-24 17:49:38,820	[DEBUG]	LineReplacement(('core/Solver.cc', 'line', 731), ('core/Solver.cc', 'line', 420)) | LineReplacement(('core/Solver.cc', 'line', 189), ('core/Solver.cc', 'line', 640))
2023-06-24 17:49:38,821	[INFO]	39      COMPILE_CODE_ERROR    None  [2 edit(s)]       
2023-06-24 17:49:39,231	[DEBUG]	LineReplacement(('core/Solver.cc', 'line', 731), ('core/Solver.cc', 'line', 420)) | LineInsertion(('core/Solver.cc', '_inter_line', 323), ('core/Solver.cc', 'line', 207))
2023-06-24 17:49:39,231	[INFO]	40      COMPILE_CODE_ERROR    None  [2 edit(s)]       
2023-06-24 17:51:23,567	[DEBUG]	LineReplacement(('core/Solver.cc', 'line', 731), ('core/Solver.cc', 'line', 420)) | LineDeletion(('core/Solver.cc', 'line', 718))
2023-06-24 17:51:23,568	[INFO]	41      SUCCESS               101.1541 (117.29%) [2 edit(s)] 
2023-06-24 17:51:23,956	[DEBUG]	LineReplacement(('core/Solver.cc', 'line', 731), ('core/Solver.cc', 'line', 420)) | LineDeletion(('core/Solver.cc', 'line', 382))
2023-06-24 17:51:23,956	[INFO]	42      COMPILE_CODE_ERROR    None  [2 edit(s)]       
2023-06-24 17:51:24,328	[DEBUG]	LineReplacement(('core/Solver.cc', 'line', 731), ('core/Solver.cc', 'line', 420)) | LineDeletion(('core/Solver.cc', 'line', 212))
2023-06-24 17:51:24,328	[INFO]	43      COMPILE_CODE_ERROR    None  [2 edit(s)]       
2023-06-24 17:51:24,715	[DEBUG]	LineReplacement(('core/Solver.cc', 'line', 731), ('core/Solver.cc', 'line', 420)) | LineReplacement(('core/Solver.cc', 'line', 695), ('core/Solver.cc', 'line', 573))
2023-06-24 17:51:24,715	[INFO]	44      COMPILE_CODE_ERROR    None  [2 edit(s)]       
2023-06-24 17:51:25,123	[DEBUG]	LineReplacement(('core/Solver.cc', 'line', 731), ('core/Solver.cc', 'line', 420)) | LineInsertion(('core/Solver.cc', '_inter_line', 774), ('core/Solver.cc', 'line', 140))
2023-06-24 17:51:25,124	[INFO]	45      COMPILE_CODE_ERROR    None  [2 edit(s)]       
2023-06-24 17:52:51,423	[DEBUG]	LineReplacement(('core/Solver.cc', 'line', 731), ('core/Solver.cc', 'line', 420)) | LineInsertion(('core/Solver.cc', '_inter_line', 957), ('core/Solver.cc', 'line', 1033))
2023-06-24 17:52:51,423	[INFO]	46      SUCCESS               83.0862 (96.34%) [2 edit(s)] 
2023-06-24 17:52:51,819	[DEBUG]	LineReplacement(('core/Solver.cc', 'line', 731), ('core/Solver.cc', 'line', 420)) | LineDeletion(('core/Solver.cc', 'line', 530))
2023-06-24 17:52:51,820	[INFO]	47      COMPILE_CODE_ERROR    None  [2 edit(s)]       
2023-06-24 17:52:52,223	[DEBUG]	LineReplacement(('core/Solver.cc', 'line', 731), ('core/Solver.cc', 'line', 420)) | LineDeletion(('core/Solver.cc', 'line', 757))
2023-06-24 17:52:52,224	[INFO]	48      COMPILE_CODE_ERROR    None  [2 edit(s)]       
2023-06-24 17:54:21,340	[DEBUG]	LineReplacement(('core/Solver.cc', 'line', 731), ('core/Solver.cc', 'line', 420)) | LineDeletion(('core/Solver.cc', 'line', 69))
2023-06-24 17:54:21,341	[INFO]	49      SUCCESS               85.8952 (99.6%) [2 edit(s)] 
2023-06-24 17:55:51,879	[DEBUG]	LineReplacement(('core/Solver.cc', 'line', 731), ('core/Solver.cc', 'line', 420)) | LineInsertion(('core/Solver.cc', '_inter_line', 350), ('core/Solver.cc', 'line', 321))
2023-06-24 17:55:51,880	[INFO]	50      SUCCESS               87.2655 (101.19%) [2 edit(s)] 
2023-06-24 17:57:23,251	[DEBUG]	LineReplacement(('core/Solver.cc', 'line', 731), ('core/Solver.cc', 'line', 420)) | LineDeletion(('core/Solver.cc', 'line', 1007))
2023-06-24 17:57:23,251	[INFO]	51      SUCCESS               88.1938 (102.26%) [2 edit(s)] 
2023-06-24 17:57:23,656	[DEBUG]	LineReplacement(('core/Solver.cc', 'line', 731), ('core/Solver.cc', 'line', 420)) | LineReplacement(('core/Solver.cc', 'line', 116), ('core/Solver.cc', 'line', 702))
2023-06-24 17:57:23,657	[INFO]	52      COMPILE_CODE_ERROR    None  [2 edit(s)]       
2023-06-24 17:57:24,061	[DEBUG]	LineReplacement(('core/Solver.cc', 'line', 731), ('core/Solver.cc', 'line', 420)) | LineReplacement(('core/Solver.cc', 'line', 118), ('core/Solver.cc', 'line', 267))
2023-06-24 17:57:24,061	[INFO]	53      COMPILE_CODE_ERROR    None  [2 edit(s)]       
2023-06-24 17:59:06,779	[DEBUG]	LineReplacement(('core/Solver.cc', 'line', 731), ('core/Solver.cc', 'line', 420)) | LineDeletion(('core/Solver.cc', 'line', 775))
2023-06-24 17:59:06,779	[INFO]	54      SUCCESS               99.5254 (115.4%) [2 edit(s)] 
2023-06-24 17:59:07,191	[DEBUG]	LineReplacement(('core/Solver.cc', 'line', 731), ('core/Solver.cc', 'line', 420)) | LineReplacement(('core/Solver.cc', 'line', 321), ('core/Solver.cc', 'line', 174))
2023-06-24 17:59:07,191	[INFO]	55      COMPILE_CODE_ERROR    None  [2 edit(s)]       
2023-06-24 18:00:35,841	[DEBUG]	LineReplacement(('core/Solver.cc', 'line', 731), ('core/Solver.cc', 'line', 420)) | LineDeletion(('core/Solver.cc', 'line', 802))
2023-06-24 18:00:35,841	[INFO]	56      SUCCESS               85.4794 (99.12%) [2 edit(s)] 
2023-06-24 18:00:36,242	[DEBUG]	LineReplacement(('core/Solver.cc', 'line', 731), ('core/Solver.cc', 'line', 420)) | LineDeletion(('core/Solver.cc', 'line', 197))
2023-06-24 18:00:36,243	[INFO]	57      COMPILE_CODE_ERROR    None  [2 edit(s)]       
2023-06-24 18:02:05,106	[DEBUG]	LineReplacement(('core/Solver.cc', 'line', 731), ('core/Solver.cc', 'line', 420)) | LineInsertion(('core/Solver.cc', '_inter_line', 881), ('core/Solver.cc', 'line', 122))
2023-06-24 18:02:05,106	[INFO]	58      SUCCESS               85.7109 (99.38%) [2 edit(s)] 
2023-06-24 18:03:35,815	[DEBUG]	LineReplacement(('core/Solver.cc', 'line', 731), ('core/Solver.cc', 'line', 420)) | LineInsertion(('core/Solver.cc', '_inter_line', 856), ('core/Solver.cc', 'line', 346))
2023-06-24 18:03:35,815	[INFO]	59      SUCCESS               87.4822 (101.44%) [2 edit(s)] 
2023-06-24 18:03:36,216	[DEBUG]	LineReplacement(('core/Solver.cc', 'line', 731), ('core/Solver.cc', 'line', 420)) | LineDeletion(('core/Solver.cc', 'line', 585))
2023-06-24 18:03:36,216	[INFO]	60      COMPILE_CODE_ERROR    None  [2 edit(s)]       
2023-06-24 18:05:20,804	[DEBUG]	LineReplacement(('core/Solver.cc', 'line', 731), ('core/Solver.cc', 'line', 420)) | LineDeletion(('core/Solver.cc', 'line', 656))
2023-06-24 18:05:20,804	[INFO]	61      RUN_TIMEOUT           None  [2 edit(s)]       
2023-06-24 18:06:49,112	[DEBUG]	LineReplacement(('core/Solver.cc', 'line', 731), ('core/Solver.cc', 'line', 420)) | LineDeletion(('core/Solver.cc', 'line', 131))
2023-06-24 18:06:49,112	[INFO]	62      SUCCESS               85.0628 (98.63%) [2 edit(s)] 
2023-06-24 18:08:15,819	[DEBUG]	LineReplacement(('core/Solver.cc', 'line', 731), ('core/Solver.cc', 'line', 420)) | LineDeletion(('core/Solver.cc', 'line', 662))
2023-06-24 18:08:15,819	[INFO]	63      SUCCESS               83.46 (96.77%) [2 edit(s)] 
2023-06-24 18:09:45,631	[DEBUG]	LineReplacement(('core/Solver.cc', 'line', 731), ('core/Solver.cc', 'line', 420)) | LineReplacement(('core/Solver.cc', 'line', 577), ('core/Solver.cc', 'line', 146))
2023-06-24 18:09:45,631	[INFO]	64      SUCCESS               86.6542 (100.48%) [2 edit(s)] 
2023-06-24 18:09:48,930	[DEBUG]	LineReplacement(('core/Solver.cc', 'line', 731), ('core/Solver.cc', 'line', 420)) | LineDeletion(('core/Solver.cc', 'line', 631))
2023-06-24 18:09:48,930	[INFO]	65      RUN_CODE_ERROR        None  [2 edit(s)]       
2023-06-24 18:09:49,353	[DEBUG]	LineReplacement(('core/Solver.cc', 'line', 731), ('core/Solver.cc', 'line', 420)) | LineInsertion(('core/Solver.cc', '_inter_line', 428), ('core/Solver.cc', 'line', 758))
2023-06-24 18:09:49,353	[INFO]	66      COMPILE_CODE_ERROR    None  [2 edit(s)]       
2023-06-24 18:09:49,774	[DEBUG]	LineReplacement(('core/Solver.cc', 'line', 731), ('core/Solver.cc', 'line', 420)) | LineDeletion(('core/Solver.cc', 'line', 828))
2023-06-24 18:09:49,775	[INFO]	67      COMPILE_CODE_ERROR    None  [2 edit(s)]       
2023-06-24 18:09:50,194	[DEBUG]	LineReplacement(('core/Solver.cc', 'line', 731), ('core/Solver.cc', 'line', 420)) | LineReplacement(('core/Solver.cc', 'line', 792), ('core/Solver.cc', 'line', 605))
2023-06-24 18:09:50,194	[INFO]	68      COMPILE_CODE_ERROR    None  [2 edit(s)]       
2023-06-24 18:09:50,588	[DEBUG]	LineReplacement(('core/Solver.cc', 'line', 731), ('core/Solver.cc', 'line', 420)) | LineDeletion(('core/Solver.cc', 'line', 774))
2023-06-24 18:09:50,588	[INFO]	69      COMPILE_CODE_ERROR    None  [2 edit(s)]       
2023-06-24 18:11:20,061	[DEBUG]	LineReplacement(('core/Solver.cc', 'line', 731), ('core/Solver.cc', 'line', 420)) | LineDeletion(('core/Solver.cc', 'line', 135))
2023-06-24 18:11:20,061	[INFO]	70      SUCCESS               86.3992 (100.18%) [2 edit(s)] 
2023-06-24 18:11:20,463	[DEBUG]	LineReplacement(('core/Solver.cc', 'line', 731), ('core/Solver.cc', 'line', 420)) | LineReplacement(('core/Solver.cc', 'line', 227), ('core/Solver.cc', 'line', 630))
2023-06-24 18:11:20,464	[INFO]	71      COMPILE_CODE_ERROR    None  [2 edit(s)]       
2023-06-24 18:11:20,858	[DEBUG]	LineReplacement(('core/Solver.cc', 'line', 731), ('core/Solver.cc', 'line', 420)) | LineInsertion(('core/Solver.cc', '_inter_line', 1026), ('core/Solver.cc', 'line', 302))
2023-06-24 18:11:20,858	[INFO]	72      COMPILE_CODE_ERROR    None  [2 edit(s)]       
2023-06-24 18:12:47,043	[DEBUG]	LineReplacement(('core/Solver.cc', 'line', 731), ('core/Solver.cc', 'line', 420)) | LineDeletion(('core/Solver.cc', 'line', 1045))
2023-06-24 18:12:47,043	[INFO]	73      SUCCESS               82.9999 (96.24%) [2 edit(s)] 
2023-06-24 18:14:15,410	[DEBUG]	LineReplacement(('core/Solver.cc', 'line', 731), ('core/Solver.cc', 'line', 420)) | LineReplacement(('core/Solver.cc', 'line', 818), ('core/Solver.cc', 'line', 319))
2023-06-24 18:14:15,410	[INFO]	74      SUCCESS               85.1209 (98.7%) [2 edit(s)] 
2023-06-24 18:15:44,661	[DEBUG]	LineReplacement(('core/Solver.cc', 'line', 731), ('core/Solver.cc', 'line', 420)) | LineDeletion(('core/Solver.cc', 'line', 978))
2023-06-24 18:15:44,661	[INFO]	75      SUCCESS               86.0397 (99.77%) [2 edit(s)] 
2023-06-24 18:17:14,212	[DEBUG]	LineReplacement(('core/Solver.cc', 'line', 731), ('core/Solver.cc', 'line', 420)) | LineDeletion(('core/Solver.cc', 'line', 681))
2023-06-24 18:17:14,212	[INFO]	76      SUCCESS               85.5476 (99.2%) [2 edit(s)] 
2023-06-24 18:18:45,380	[DEBUG]	LineReplacement(('core/Solver.cc', 'line', 731), ('core/Solver.cc', 'line', 420)) | LineReplacement(('core/Solver.cc', 'line', 1028), ('core/Solver.cc', 'line', 402))
2023-06-24 18:18:45,380	[INFO]	77      SUCCESS               87.9369 (101.97%) [2 edit(s)] 
2023-06-24 18:18:45,797	[DEBUG]	LineReplacement(('core/Solver.cc', 'line', 731), ('core/Solver.cc', 'line', 420)) | LineInsertion(('core/Solver.cc', '_inter_line', 73), ('core/Solver.cc', 'line', 508))
2023-06-24 18:18:45,798	[INFO]	78      COMPILE_CODE_ERROR    None  [2 edit(s)]       
2023-06-24 18:20:13,509	[DEBUG]	LineReplacement(('core/Solver.cc', 'line', 731), ('core/Solver.cc', 'line', 420)) | LineDeletion(('core/Solver.cc', 'line', 820))
2023-06-24 18:20:13,510	[INFO]	79      SUCCESS               83.997 (97.4%) [2 edit(s)] 
2023-06-24 18:21:45,677	[DEBUG]	LineReplacement(('core/Solver.cc', 'line', 731), ('core/Solver.cc', 'line', 420)) | LineDeletion(('core/Solver.cc', 'line', 38))
2023-06-24 18:21:45,677	[INFO]	80      SUCCESS               88.9563 (103.15%) [2 edit(s)] 
2023-06-24 18:23:16,671	[DEBUG]	LineReplacement(('core/Solver.cc', 'line', 731), ('core/Solver.cc', 'line', 420)) | LineDeletion(('core/Solver.cc', 'line', 891))
2023-06-24 18:23:16,671	[INFO]	81      SUCCESS               87.765 (101.77%) [2 edit(s)] 
2023-06-24 18:23:17,075	[DEBUG]	LineReplacement(('core/Solver.cc', 'line', 731), ('core/Solver.cc', 'line', 420)) | LineInsertion(('core/Solver.cc', '_inter_line', 839), ('core/Solver.cc', 'line', 737))
2023-06-24 18:23:17,076	[INFO]	82      COMPILE_CODE_ERROR    None  [2 edit(s)]       
2023-06-24 18:24:47,986	[DEBUG]	LineReplacement(('core/Solver.cc', 'line', 731), ('core/Solver.cc', 'line', 420)) | LineDeletion(('core/Solver.cc', 'line', 853))
2023-06-24 18:24:47,986	[INFO]	83      SUCCESS               87.6946 (101.69%) [2 edit(s)] 
2023-06-24 18:24:48,363	[DEBUG]	LineReplacement(('core/Solver.cc', 'line', 731), ('core/Solver.cc', 'line', 420)) | LineInsertion(('core/Solver.cc', '_inter_line', 416), ('core/Solver.cc', 'line', 386))
2023-06-24 18:24:48,364	[INFO]	84      COMPILE_CODE_ERROR    None  [2 edit(s)]       
2023-06-24 18:24:48,756	[DEBUG]	LineReplacement(('core/Solver.cc', 'line', 731), ('core/Solver.cc', 'line', 420)) | LineDeletion(('core/Solver.cc', 'line', 709))
2023-06-24 18:24:48,756	[INFO]	85      COMPILE_CODE_ERROR    None  [2 edit(s)]       
2023-06-24 18:24:49,118	[DEBUG]	LineReplacement(('core/Solver.cc', 'line', 731), ('core/Solver.cc', 'line', 420)) | LineDeletion(('core/Solver.cc', 'line', 609))
2023-06-24 18:24:49,119	[INFO]	86      COMPILE_CODE_ERROR    None  [2 edit(s)]       
2023-06-24 18:24:49,241	[DEBUG]	LineReplacement(('core/Solver.cc', 'line', 731), ('core/Solver.cc', 'line', 420)) | LineDeletion(('core/Solver.cc', 'line', 26))
2023-06-24 18:24:49,242	[INFO]	87      COMPILE_CODE_ERROR    None  [2 edit(s)]       
2023-06-24 18:24:49,902	[DEBUG]	LineReplacement(('core/Solver.cc', 'line', 731), ('core/Solver.cc', 'line', 420)) | LineDeletion(('core/Solver.cc', 'line', 521))
2023-06-24 18:24:49,902	[INFO]	88      COMPILE_CODE_ERROR    None  [2 edit(s)]       
2023-06-24 18:24:53,507	[DEBUG]	LineReplacement(('core/Solver.cc', 'line', 731), ('core/Solver.cc', 'line', 420)) | LineReplacement(('core/Solver.cc', 'line', 1023), ('core/Solver.cc', 'line', 60))
2023-06-24 18:24:53,507	[INFO]	89      RUN_CODE_ERROR        None  [2 edit(s)]       
2023-06-24 18:24:57,151	[DEBUG]	LineReplacement(('core/Solver.cc', 'line', 731), ('core/Solver.cc', 'line', 420)) | LineReplacement(('core/Solver.cc', 'line', 293), ('core/Solver.cc', 'line', 815))
2023-06-24 18:24:57,152	[INFO]	90      RUN_CODE_ERROR        None  [2 edit(s)]       
2023-06-24 18:24:57,553	[DEBUG]	LineReplacement(('core/Solver.cc', 'line', 731), ('core/Solver.cc', 'line', 420)) | LineReplacement(('core/Solver.cc', 'line', 841), ('core/Solver.cc', 'line', 313))
2023-06-24 18:24:57,553	[INFO]	91      COMPILE_CODE_ERROR    None  [2 edit(s)]       
2023-06-24 18:26:26,280	[DEBUG]	LineReplacement(('core/Solver.cc', 'line', 731), ('core/Solver.cc', 'line', 420)) | LineReplacement(('core/Solver.cc', 'line', 982), ('core/Solver.cc', 'line', 879))
2023-06-24 18:26:26,281	[INFO]	92      SUCCESS               85.4555 (99.09%) [2 edit(s)] 
2023-06-24 18:27:53,326	[DEBUG]	LineReplacement(('core/Solver.cc', 'line', 731), ('core/Solver.cc', 'line', 420)) | LineDeletion(('core/Solver.cc', 'line', 746))
2023-06-24 18:27:53,326	[INFO]	93      SUCCESS               83.8456 (97.22%) [2 edit(s)] 
2023-06-24 18:29:23,978	[DEBUG]	LineReplacement(('core/Solver.cc', 'line', 731), ('core/Solver.cc', 'line', 420)) | LineInsertion(('core/Solver.cc', '_inter_line', 538), ('core/Solver.cc', 'line', 42))
2023-06-24 18:29:23,978	[INFO]	94      SUCCESS               87.2743 (101.2%) [2 edit(s)] 
2023-06-24 18:29:23,986	[INFO]	==== END ====
2023-06-24 18:29:23,986	[INFO]	Reason: time budget
2023-06-24 18:29:23,986	[INFO]	
2023-06-24 18:29:23,986	[INFO]	==== REPORT ====
2023-06-24 18:29:23,986	[INFO]	Termination: time budget
2023-06-24 18:29:23,986	[INFO]	Log file: /home/tsongpet/MSc-SSE-GI-project/_magpie_logs/minisat-hack_1687623828.log
2023-06-24 18:29:23,993	[INFO]	Patch file: _magpie_logs/minisat-hack_1687623828.patch
2023-06-24 18:29:23,993	[INFO]	Diff file: _magpie_logs/minisat-hack_1687623828.diff
2023-06-24 18:29:23,993	[INFO]	Best fitness: 82.2603
2023-06-24 18:29:23,993	[INFO]	Best patch: LineReplacement(('core/Solver.cc', 'line', 731), ('core/Solver.cc', 'line', 420))
2023-06-24 18:29:23,993	[INFO]	Diff:
--- before: core/Solver.cc
+++ after: core/Solver.cc
@@ -729,7 +729,7 @@
                 if (L > LBD_cut)
                     claBumpActivity(ca[cr]);
                 else
-                    core_added++;
+    for (int j = 0; j < analyze_toclear.size(); j++) seen[var(analyze_toclear[j])] = 0;    // ('seen[]' is now cleared)
                 uncheckedEnqueue(learnt_clause[0], cr);
             }
             /*if (output != NULL) {

