2023-07-11 04:16:59,829	[DEBUG]	==== CONFIG ====
[magpie]
import = 
seed = 
log_dir = _magpie_logs
work_dir = _magpie_work
local_original_copy = False
local_original_name = __original__
output_encoding = ascii
edit_retries = 10
default_timeout = 30
default_lengthout = 1e6
diff_method = unified

[software]
path = code/minisat-hack
target_files = 
	core/Solver.cc.xml
	minisat.params
program = BasicProgram
engine_rules = 
	*.params : ConfigFileParamsEngine
	*.xml : SrcmlEngine
	* : LineEngine
engine_config = 
	*.params : [params]
	*.xml : [srcml]
setup_cmd = ./compile.sh
setup_timeout = 
setup_lengthout = 
compile_cmd = ./compile.sh
compile_timeout = 15
compile_lengthout = 
test_cmd = 
test_timeout = 
test_lengthout = 
run_cmd = perf stat run-sh/validate_3.sh
run_timeout = 1266
run_lengthout = 
fitness = perf_time

[srcml]
rename = 
	stmt: break continue decl_stmt do expr_stmt for goto if return switch while
	number: literal_number
focus = block stmt operator_comp operator_arith number
internodes = block
process_pseudo_blocks = True
process_literals = True
process_operators = True

[params]
timing = test run
cli_prefix = --
cli_glue = =
cli_boolean = show
cli_boolean_prefix_true = 
cli_boolean_prefix_false = no-
silent_prefix = @
silent_suffix = $

[search]
protocol = BasicProtocol
algorithm = ValidRankingSimplify
possible_edits = 
	ParamSetting
warmup = 3
warmup_strategy = last
max_steps = 
max_time = 21840
target_fitness = 
cache_maxsize = 40
cache_keep = 0.2

[search.ls]
delete_prob = 0.5
max_neighbours = 
when_trapped = continue
accept_fail = False
tabu_length = 10

[search.gp]
pop_size = 10
delete_prob = 0.5
offspring_elitism = 0.1
offspring_crossover = 0.5
offspring_mutation = 0.4
uniform_rate = 0.5


2023-07-11 04:16:59,829	[INFO]	==== WARMUP ====
2023-07-11 04:33:15,116	[INFO]	WARM    SUCCESS               966.2387                
2023-07-11 04:49:05,961	[INFO]	WARM    SUCCESS               947.2003                
2023-07-11 05:05:06,019	[INFO]	WARM    SUCCESS               956.3696                
2023-07-11 05:05:06,020	[INFO]	INITIAL SUCCESS               956.3696                
2023-07-11 05:05:06,020	[INFO]	==== START: ValidRankingSimplify ====
2023-07-11 05:05:06,176	[DEBUG]	CLEAN_PATCH: ParamSetting(('minisat.params', 'grow'), 391) | ParamSetting(('minisat.params', 'simp-gc-frac'), 0.9877912116106822) | ParamSetting(('minisat.params', 'cl-lim'), 933) | ParamSetting(('minisat.params', 'cla-decay'), 0.7135173820455148) | ParamSetting(('minisat.params', 'cp-increase'), 5612) | ParamSetting(('minisat.params', 'phase-saving'), 1) | ParamSetting(('minisat.params', 'luby'), 1) | ParamSetting(('minisat.params', 'verb'), 2)
2023-07-11 05:05:06,177	[DEBUG]	CLEAN_SIZE: 8 (was 14)
2023-07-11 05:23:45,974	[DEBUG]	ParamSetting(('minisat.params', 'grow'), 391) | ParamSetting(('minisat.params', 'simp-gc-frac'), 0.9877912116106822) | ParamSetting(('minisat.params', 'cl-lim'), 933) | ParamSetting(('minisat.params', 'cla-decay'), 0.7135173820455148) | ParamSetting(('minisat.params', 'cp-increase'), 5612) | ParamSetting(('minisat.params', 'phase-saving'), 1) | ParamSetting(('minisat.params', 'verb'), 1) | ParamSetting(('minisat.params', 'pre'), 'True') | ParamSetting(('minisat.params', 'R-val'), 2.4691054555289393) | ParamSetting(('minisat.params', 'K-val'), 0.5577386123123476) | ParamSetting(('minisat.params', 'asymm'), 'False') | ParamSetting(('minisat.params', 'luby'), 1) | ParamSetting(('minisat.params', 'rinc'), 4.011209093975183) | ParamSetting(('minisat.params', 'verb'), 2)
2023-07-11 05:23:45,974	[INFO]	1       SUCCESS              *1116.1948 (116.71%) [14 edit(s)] 
2023-07-11 05:23:45,990	[DEBUG]	--- before: minisat.params
+++ after: minisat.params
@@ -1,21 +1,21 @@
 lbd-cut := 5.0
 lbd-cut-max := 10.0
-cp-increase := 15000
+cp-increase := 5612
 core-tolerance := 0.02
 var-decay := 0.95
-cla-decay := 0.999
+cla-decay := 0.7135173820455148
 rnd-freq := 0.0
 ccmin-mode := 2
-phase-saving := 2
+phase-saving := 1
 rnd-init := 'False'
-luby := 0
+luby := 1
 gc-frac := 0.2
-verb := 1
+verb := 2
 pre := 'True'
 asymm := 'False'
 rcheck := 'False'
 elim := 'False'
-grow := 0
-cl-lim := 20
+grow := 391
+cl-lim := 933
 sub-lim := 1000
-simp-gc-frac := 0.5
+simp-gc-frac := 0.9877912116106822

2023-07-11 05:23:45,990	[INFO]	-- ranking --
2023-07-11 05:40:04,389	[DEBUG]	ParamSetting(('minisat.params', 'grow'), 391)
2023-07-11 05:40:04,390	[INFO]	2       SUCCESS              *974.6307 (101.91%) [1 edit(s)] 
2023-07-11 05:40:04,399	[DEBUG]	--- before: minisat.params
+++ after: minisat.params
@@ -15,7 +15,7 @@
 asymm := 'False'
 rcheck := 'False'
 elim := 'False'
-grow := 0
+grow := 391
 cl-lim := 20
 sub-lim := 1000
 simp-gc-frac := 0.5

2023-07-11 05:56:33,611	[DEBUG]	ParamSetting(('minisat.params', 'simp-gc-frac'), 0.9877912116106822)
2023-07-11 05:56:33,612	[INFO]	3       SUCCESS              +985.4838 (103.04%) [1 edit(s)] 
2023-07-11 05:56:33,629	[DEBUG]	--- before: minisat.params
+++ after: minisat.params
@@ -18,4 +18,4 @@
 grow := 0
 cl-lim := 20
 sub-lim := 1000
-simp-gc-frac := 0.5
+simp-gc-frac := 0.9877912116106822

2023-07-11 06:13:00,646	[DEBUG]	ParamSetting(('minisat.params', 'cl-lim'), 933)
2023-07-11 06:13:00,647	[INFO]	4       SUCCESS              +983.5951 (102.85%) [1 edit(s)] 
2023-07-11 06:13:00,657	[DEBUG]	--- before: minisat.params
+++ after: minisat.params
@@ -16,6 +16,6 @@
 rcheck := 'False'
 elim := 'False'
 grow := 0
-cl-lim := 20
+cl-lim := 933
 sub-lim := 1000
 simp-gc-frac := 0.5

2023-07-11 06:33:13,004	[DEBUG]	ParamSetting(('minisat.params', 'cla-decay'), 0.7135173820455148)
2023-07-11 06:33:13,005	[INFO]	5       SUCCESS              +1208.2561 (126.34%) [1 edit(s)] 
2023-07-11 06:33:13,021	[DEBUG]	--- before: minisat.params
+++ after: minisat.params
@@ -3,7 +3,7 @@
 cp-increase := 15000
 core-tolerance := 0.02
 var-decay := 0.95
-cla-decay := 0.999
+cla-decay := 0.7135173820455148
 rnd-freq := 0.0
 ccmin-mode := 2
 phase-saving := 2

2023-07-11 06:48:36,335	[DEBUG]	ParamSetting(('minisat.params', 'cp-increase'), 5612)
2023-07-11 06:48:36,336	[INFO]	6       SUCCESS              *919.802 (96.18%) [1 edit(s)] 
2023-07-11 06:48:36,345	[DEBUG]	--- before: minisat.params
+++ after: minisat.params
@@ -1,6 +1,6 @@
 lbd-cut := 5.0
 lbd-cut-max := 10.0
-cp-increase := 15000
+cp-increase := 5612
 core-tolerance := 0.02
 var-decay := 0.95
 cla-decay := 0.999

2023-07-11 07:05:35,703	[DEBUG]	ParamSetting(('minisat.params', 'phase-saving'), 1)
2023-07-11 07:05:35,704	[INFO]	7       SUCCESS              +1015.4044 (106.17%) [1 edit(s)] 
2023-07-11 07:05:35,720	[DEBUG]	--- before: minisat.params
+++ after: minisat.params
@@ -6,7 +6,7 @@
 cla-decay := 0.999
 rnd-freq := 0.0
 ccmin-mode := 2
-phase-saving := 2
+phase-saving := 1
 rnd-init := 'False'
 luby := 0
 gc-frac := 0.2

2023-07-11 07:05:35,736	[DEBUG]	ParamSetting(('minisat.params', 'verb'), 1)
2023-07-11 07:05:35,737	[INFO]	8       SUCCESS              +956.3696 (100.0%) [1 edit(s)] 
2023-07-11 07:05:35,750	[DEBUG]	
2023-07-11 07:05:35,764	[DEBUG]	ParamSetting(('minisat.params', 'pre'), 'True')
2023-07-11 07:05:35,765	[INFO]	9       SUCCESS              +956.3696 (100.0%) [1 edit(s)] 
2023-07-11 07:05:35,781	[DEBUG]	
2023-07-11 07:05:35,794	[DEBUG]	ParamSetting(('minisat.params', 'R-val'), 2.4691054555289393)
2023-07-11 07:05:35,795	[INFO]	10      SUCCESS              +956.3696 (100.0%) [1 edit(s)] 
2023-07-11 07:05:35,814	[DEBUG]	
2023-07-11 07:05:35,822	[DEBUG]	ParamSetting(('minisat.params', 'K-val'), 0.5577386123123476)
2023-07-11 07:05:35,822	[INFO]	11      SUCCESS              +956.3696 (100.0%) [1 edit(s)] 
2023-07-11 07:05:35,830	[DEBUG]	
2023-07-11 07:05:35,839	[DEBUG]	ParamSetting(('minisat.params', 'asymm'), 'False')
2023-07-11 07:05:35,839	[INFO]	12      SUCCESS              +956.3696 (100.0%) [1 edit(s)] 
2023-07-11 07:05:35,846	[DEBUG]	
2023-07-11 07:23:40,591	[DEBUG]	ParamSetting(('minisat.params', 'luby'), 1)
2023-07-11 07:23:40,592	[INFO]	13      SUCCESS              +1081.1027 (113.04%) [1 edit(s)] 
2023-07-11 07:23:40,601	[DEBUG]	--- before: minisat.params
+++ after: minisat.params
@@ -8,7 +8,7 @@
 ccmin-mode := 2
 phase-saving := 2
 rnd-init := 'False'
-luby := 0
+luby := 1
 gc-frac := 0.2
 verb := 1
 pre := 'True'

2023-07-11 07:23:40,609	[DEBUG]	ParamSetting(('minisat.params', 'rinc'), 4.011209093975183)
2023-07-11 07:23:40,609	[INFO]	14      SUCCESS              +956.3696 (100.0%) [1 edit(s)] 
2023-07-11 07:23:40,619	[DEBUG]	
2023-07-11 07:40:09,576	[DEBUG]	ParamSetting(('minisat.params', 'verb'), 2)
2023-07-11 07:40:09,577	[INFO]	15      SUCCESS              +984.9511 (102.99%) [1 edit(s)] 
2023-07-11 07:40:09,587	[DEBUG]	--- before: minisat.params
+++ after: minisat.params
@@ -10,7 +10,7 @@
 rnd-init := 'False'
 luby := 0
 gc-frac := 0.2
-verb := 1
+verb := 2
 pre := 'True'
 asymm := 'False'
 rcheck := 'False'

2023-07-11 07:40:09,588	[INFO]	-- rebuild --
2023-07-11 07:40:09,596	[DEBUG]	ParamSetting(('minisat.params', 'cp-increase'), 5612) | ParamSetting(('minisat.params', 'verb'), 1)
2023-07-11 07:40:09,596	[INFO]	16      SUCCESS              +919.802 (96.18%) [2 edit(s)] 
2023-07-11 07:40:09,604	[DEBUG]	--- before: minisat.params
+++ after: minisat.params
@@ -1,6 +1,6 @@
 lbd-cut := 5.0
 lbd-cut-max := 10.0
-cp-increase := 15000
+cp-increase := 5612
 core-tolerance := 0.02
 var-decay := 0.95
 cla-decay := 0.999

2023-07-11 07:40:09,612	[DEBUG]	ParamSetting(('minisat.params', 'cp-increase'), 5612) | ParamSetting(('minisat.params', 'pre'), 'True')
2023-07-11 07:40:09,612	[INFO]	17      SUCCESS              +919.802 (96.18%) [2 edit(s)] 
2023-07-11 07:40:09,620	[DEBUG]	--- before: minisat.params
+++ after: minisat.params
@@ -1,6 +1,6 @@
 lbd-cut := 5.0
 lbd-cut-max := 10.0
-cp-increase := 15000
+cp-increase := 5612
 core-tolerance := 0.02
 var-decay := 0.95
 cla-decay := 0.999

2023-07-11 07:40:09,628	[DEBUG]	ParamSetting(('minisat.params', 'cp-increase'), 5612) | ParamSetting(('minisat.params', 'R-val'), 2.4691054555289393)
2023-07-11 07:40:09,628	[INFO]	18      SUCCESS              +919.802 (96.18%) [2 edit(s)] 
2023-07-11 07:40:09,636	[DEBUG]	--- before: minisat.params
+++ after: minisat.params
@@ -1,6 +1,6 @@
 lbd-cut := 5.0
 lbd-cut-max := 10.0
-cp-increase := 15000
+cp-increase := 5612
 core-tolerance := 0.02
 var-decay := 0.95
 cla-decay := 0.999

2023-07-11 07:40:09,643	[DEBUG]	ParamSetting(('minisat.params', 'cp-increase'), 5612) | ParamSetting(('minisat.params', 'K-val'), 0.5577386123123476)
2023-07-11 07:40:09,644	[INFO]	19      SUCCESS              +919.802 (96.18%) [2 edit(s)] 
2023-07-11 07:40:09,651	[DEBUG]	--- before: minisat.params
+++ after: minisat.params
@@ -1,6 +1,6 @@
 lbd-cut := 5.0
 lbd-cut-max := 10.0
-cp-increase := 15000
+cp-increase := 5612
 core-tolerance := 0.02
 var-decay := 0.95
 cla-decay := 0.999

2023-07-11 07:40:09,659	[DEBUG]	ParamSetting(('minisat.params', 'cp-increase'), 5612) | ParamSetting(('minisat.params', 'asymm'), 'False')
2023-07-11 07:40:09,659	[INFO]	20      SUCCESS              +919.802 (96.18%) [2 edit(s)] 
2023-07-11 07:40:09,667	[DEBUG]	--- before: minisat.params
+++ after: minisat.params
@@ -1,6 +1,6 @@
 lbd-cut := 5.0
 lbd-cut-max := 10.0
-cp-increase := 15000
+cp-increase := 5612
 core-tolerance := 0.02
 var-decay := 0.95
 cla-decay := 0.999

2023-07-11 07:40:09,674	[DEBUG]	ParamSetting(('minisat.params', 'cp-increase'), 5612) | ParamSetting(('minisat.params', 'rinc'), 4.011209093975183)
2023-07-11 07:40:09,674	[INFO]	21      SUCCESS              +919.802 (96.18%) [2 edit(s)] 
2023-07-11 07:40:09,682	[DEBUG]	--- before: minisat.params
+++ after: minisat.params
@@ -1,6 +1,6 @@
 lbd-cut := 5.0
 lbd-cut-max := 10.0
-cp-increase := 15000
+cp-increase := 5612
 core-tolerance := 0.02
 var-decay := 0.95
 cla-decay := 0.999

2023-07-11 07:55:49,447	[DEBUG]	ParamSetting(('minisat.params', 'cp-increase'), 5612) | ParamSetting(('minisat.params', 'grow'), 391)
2023-07-11 07:55:49,448	[INFO]	22      SUCCESS              +936.01 (97.87%) [2 edit(s)] 
2023-07-11 07:55:49,464	[DEBUG]	--- before: minisat.params
+++ after: minisat.params
@@ -1,6 +1,6 @@
 lbd-cut := 5.0
 lbd-cut-max := 10.0
-cp-increase := 15000
+cp-increase := 5612
 core-tolerance := 0.02
 var-decay := 0.95
 cla-decay := 0.999
@@ -15,7 +15,7 @@
 asymm := 'False'
 rcheck := 'False'
 elim := 'False'
-grow := 0
+grow := 391
 cl-lim := 20
 sub-lim := 1000
 simp-gc-frac := 0.5

2023-07-11 08:11:20,364	[DEBUG]	ParamSetting(('minisat.params', 'cp-increase'), 5612) | ParamSetting(('minisat.params', 'cl-lim'), 933)
2023-07-11 08:11:20,364	[INFO]	23      SUCCESS              +927.4634 (96.98%) [2 edit(s)] 
2023-07-11 08:11:20,373	[DEBUG]	--- before: minisat.params
+++ after: minisat.params
@@ -1,6 +1,6 @@
 lbd-cut := 5.0
 lbd-cut-max := 10.0
-cp-increase := 15000
+cp-increase := 5612
 core-tolerance := 0.02
 var-decay := 0.95
 cla-decay := 0.999
@@ -16,6 +16,6 @@
 rcheck := 'False'
 elim := 'False'
 grow := 0
-cl-lim := 20
+cl-lim := 933
 sub-lim := 1000
 simp-gc-frac := 0.5

2023-07-11 08:26:45,851	[DEBUG]	ParamSetting(('minisat.params', 'cp-increase'), 5612) | ParamSetting(('minisat.params', 'verb'), 2)
2023-07-11 08:26:45,852	[INFO]	24      SUCCESS              +921.9566 (96.4%) [2 edit(s)] 
2023-07-11 08:26:45,860	[DEBUG]	--- before: minisat.params
+++ after: minisat.params
@@ -1,6 +1,6 @@
 lbd-cut := 5.0
 lbd-cut-max := 10.0
-cp-increase := 15000
+cp-increase := 5612
 core-tolerance := 0.02
 var-decay := 0.95
 cla-decay := 0.999
@@ -10,7 +10,7 @@
 rnd-init := 'False'
 luby := 0
 gc-frac := 0.2
-verb := 1
+verb := 2
 pre := 'True'
 asymm := 'False'
 rcheck := 'False'

2023-07-11 08:42:11,649	[DEBUG]	ParamSetting(('minisat.params', 'cp-increase'), 5612) | ParamSetting(('minisat.params', 'simp-gc-frac'), 0.9877912116106822)
2023-07-11 08:42:11,650	[INFO]	25      SUCCESS              +922.2992 (96.44%) [2 edit(s)] 
2023-07-11 08:42:11,658	[DEBUG]	--- before: minisat.params
+++ after: minisat.params
@@ -1,6 +1,6 @@
 lbd-cut := 5.0
 lbd-cut-max := 10.0
-cp-increase := 15000
+cp-increase := 5612
 core-tolerance := 0.02
 var-decay := 0.95
 cla-decay := 0.999
@@ -18,4 +18,4 @@
 grow := 0
 cl-lim := 20
 sub-lim := 1000
-simp-gc-frac := 0.5
+simp-gc-frac := 0.9877912116106822

2023-07-11 08:57:11,176	[DEBUG]	ParamSetting(('minisat.params', 'cp-increase'), 5612) | ParamSetting(('minisat.params', 'phase-saving'), 1)
2023-07-11 08:57:11,177	[INFO]	26      SUCCESS              *895.9056 (93.68%) [2 edit(s)] 
2023-07-11 08:57:11,185	[DEBUG]	--- before: minisat.params
+++ after: minisat.params
@@ -1,12 +1,12 @@
 lbd-cut := 5.0
 lbd-cut-max := 10.0
-cp-increase := 15000
+cp-increase := 5612
 core-tolerance := 0.02
 var-decay := 0.95
 cla-decay := 0.999
 rnd-freq := 0.0
 ccmin-mode := 2
-phase-saving := 2
+phase-saving := 1
 rnd-init := 'False'
 luby := 0
 gc-frac := 0.2

2023-07-11 09:14:34,568	[DEBUG]	ParamSetting(('minisat.params', 'cp-increase'), 5612) | ParamSetting(('minisat.params', 'phase-saving'), 1) | ParamSetting(('minisat.params', 'luby'), 1)
2023-07-11 09:14:34,568	[INFO]	27      SUCCESS              +1039.7048 (108.71%) [3 edit(s)] 
2023-07-11 09:14:34,577	[DEBUG]	--- before: minisat.params
+++ after: minisat.params
@@ -1,14 +1,14 @@
 lbd-cut := 5.0
 lbd-cut-max := 10.0
-cp-increase := 15000
+cp-increase := 5612
 core-tolerance := 0.02
 var-decay := 0.95
 cla-decay := 0.999
 rnd-freq := 0.0
 ccmin-mode := 2
-phase-saving := 2
+phase-saving := 1
 rnd-init := 'False'
-luby := 0
+luby := 1
 gc-frac := 0.2
 verb := 1
 pre := 'True'

2023-07-11 09:31:33,764	[DEBUG]	ParamSetting(('minisat.params', 'cp-increase'), 5612) | ParamSetting(('minisat.params', 'phase-saving'), 1) | ParamSetting(('minisat.params', 'cla-decay'), 0.7135173820455148)
2023-07-11 09:31:33,764	[INFO]	28      SUCCESS              +1015.7552 (106.21%) [3 edit(s)] 
2023-07-11 09:31:33,773	[DEBUG]	--- before: minisat.params
+++ after: minisat.params
@@ -1,12 +1,12 @@
 lbd-cut := 5.0
 lbd-cut-max := 10.0
-cp-increase := 15000
+cp-increase := 5612
 core-tolerance := 0.02
 var-decay := 0.95
-cla-decay := 0.999
+cla-decay := 0.7135173820455148
 rnd-freq := 0.0
 ccmin-mode := 2
-phase-saving := 2
+phase-saving := 1
 rnd-init := 'False'
 luby := 0
 gc-frac := 0.2

2023-07-11 09:31:33,773	[INFO]	-- simplify --
2023-07-11 09:31:33,781	[DEBUG]	ParamSetting(('minisat.params', 'phase-saving'), 1)
2023-07-11 09:31:33,782	[INFO]	29      SUCCESS              +1015.4044 (106.17%) [1 edit(s)] 
2023-07-11 09:31:33,789	[DEBUG]	--- before: minisat.params
+++ after: minisat.params
@@ -6,7 +6,7 @@
 cla-decay := 0.999
 rnd-freq := 0.0
 ccmin-mode := 2
-phase-saving := 2
+phase-saving := 1
 rnd-init := 'False'
 luby := 0
 gc-frac := 0.2

2023-07-11 09:31:33,797	[DEBUG]	ParamSetting(('minisat.params', 'cp-increase'), 5612)
2023-07-11 09:31:33,798	[INFO]	30      SUCCESS              +919.802 (96.18%) [1 edit(s)] 
2023-07-11 09:31:33,809	[DEBUG]	--- before: minisat.params
+++ after: minisat.params
@@ -1,6 +1,6 @@
 lbd-cut := 5.0
 lbd-cut-max := 10.0
-cp-increase := 15000
+cp-increase := 5612
 core-tolerance := 0.02
 var-decay := 0.95
 cla-decay := 0.999

2023-07-11 09:31:33,818	[INFO]	==== END ====
2023-07-11 09:31:33,818	[INFO]	Reason: validation end
2023-07-11 09:31:33,818	[INFO]	
2023-07-11 09:31:33,818	[INFO]	==== REPORT ====
2023-07-11 09:31:33,818	[INFO]	Termination: validation end
2023-07-11 09:31:33,818	[INFO]	Log file: /home/tsongpet/MSc-SSE-GI-project/_magpie_logs/minisat-hack_1689045418.log
2023-07-11 09:31:33,826	[INFO]	Patch file: _magpie_logs/minisat-hack_1689045418.patch
2023-07-11 09:31:33,826	[INFO]	Diff file: _magpie_logs/minisat-hack_1689045418.diff
2023-07-11 09:31:33,826	[INFO]	Best fitness: 895.9056
2023-07-11 09:31:33,826	[INFO]	Best patch: ParamSetting(('minisat.params', 'cp-increase'), 5612) | ParamSetting(('minisat.params', 'phase-saving'), 1)
2023-07-11 09:31:33,827	[INFO]	Diff:
--- before: minisat.params
+++ after: minisat.params
@@ -1,12 +1,12 @@
 lbd-cut := 5.0
 lbd-cut-max := 10.0
-cp-increase := 15000
+cp-increase := 5612
 core-tolerance := 0.02
 var-decay := 0.95
 cla-decay := 0.999
 rnd-freq := 0.0
 ccmin-mode := 2
-phase-saving := 2
+phase-saving := 1
 rnd-init := 'False'
 luby := 0
 gc-frac := 0.2

