2023-07-10 16:13:59,168	[DEBUG]	==== CONFIG ====
[magpie]
import = 
seed = 
log_dir = _magpie_logs
work_dir = _magpie_work
local_original_copy = False
local_original_name = __original__
output_encoding = ascii
edit_retries = 10
default_timeout = 30
default_lengthout = 1e6
diff_method = unified

[software]
path = code/minisat-hack
target_files = 
	core/Solver.cc.xml
	minisat.params
program = BasicProgram
engine_rules = 
	*.params : ConfigFileParamsEngine
	*.xml : SrcmlEngine
	* : LineEngine
engine_config = 
	*.params : [params]
	*.xml : [srcml]
setup_cmd = ./compile.sh
setup_timeout = 
setup_lengthout = 
compile_cmd = ./compile.sh
compile_timeout = 15
compile_lengthout = 
test_cmd = 
test_timeout = 
test_lengthout = 
run_cmd = perf stat run-sh/validate_6.sh
run_timeout = 1251
run_lengthout = 
fitness = perf_time

[srcml]
rename = 
	stmt: break continue decl_stmt do expr_stmt for goto if return switch while
	number: literal_number
focus = block stmt operator_comp operator_arith number
internodes = block
process_pseudo_blocks = True
process_literals = True
process_operators = True

[params]
timing = test run
cli_prefix = --
cli_glue = =
cli_boolean = show
cli_boolean_prefix_true = 
cli_boolean_prefix_false = no-
silent_prefix = @
silent_suffix = $

[search]
protocol = BasicProtocol
algorithm = ValidRankingSimplify
possible_edits = 
	StmtReplacement
	StmtInsertion
	StmtDeletion
warmup = 3
warmup_strategy = last
max_steps = 
max_time = 21840
target_fitness = 
cache_maxsize = 40
cache_keep = 0.2

[search.ls]
delete_prob = 0.5
max_neighbours = 
when_trapped = continue
accept_fail = False
tabu_length = 10

[search.gp]
pop_size = 10
delete_prob = 0.5
offspring_elitism = 0.1
offspring_crossover = 0.5
offspring_mutation = 0.4
uniform_rate = 0.5


2023-07-10 16:13:59,168	[INFO]	==== WARMUP ====
2023-07-10 16:31:02,081	[INFO]	WARM    SUCCESS               1008.7354               
2023-07-10 16:47:37,133	[INFO]	WARM    SUCCESS               991.4138                
2023-07-10 17:04:11,170	[INFO]	WARM    SUCCESS               990.2801                
2023-07-10 17:04:11,170	[INFO]	INITIAL SUCCESS               990.2801                
2023-07-10 17:04:11,170	[INFO]	==== START: ValidRankingSimplify ====
2023-07-10 17:04:11,290	[DEBUG]	CLEAN_PATCH: StmtReplacement(('core/Solver.cc.xml', 'stmt', 202), ('core/Solver.cc.xml', 'stmt', 261)) | StmtInsertion(('core/Solver.cc.xml', '_inter_block', 124), ('core/Solver.cc.xml', 'stmt', 297)) | StmtReplacement(('core/Solver.cc.xml', 'stmt', 116), ('core/Solver.cc.xml', 'stmt', 234)) | StmtInsertion(('core/Solver.cc.xml', '_inter_block', 382), ('core/Solver.cc.xml', 'stmt', 27)) | StmtDeletion(('core/Solver.cc.xml', 'stmt', 281)) | StmtDeletion(('core/Solver.cc.xml', 'stmt', 392))
2023-07-10 17:04:11,290	[DEBUG]	CLEAN_SIZE: 6 (was 6)
2023-07-10 17:25:06,379	[DEBUG]	StmtReplacement(('core/Solver.cc.xml', 'stmt', 202), ('core/Solver.cc.xml', 'stmt', 261)) | StmtInsertion(('core/Solver.cc.xml', '_inter_block', 124), ('core/Solver.cc.xml', 'stmt', 297)) | StmtReplacement(('core/Solver.cc.xml', 'stmt', 116), ('core/Solver.cc.xml', 'stmt', 234)) | StmtInsertion(('core/Solver.cc.xml', '_inter_block', 382), ('core/Solver.cc.xml', 'stmt', 27)) | StmtDeletion(('core/Solver.cc.xml', 'stmt', 281)) | StmtDeletion(('core/Solver.cc.xml', 'stmt', 392))
2023-07-10 17:25:06,380	[INFO]	1       RUN_TIMEOUT           None  [6 edit(s)]       
2023-07-10 17:25:06,380	[INFO]	-- ranking --
2023-07-10 17:41:46,198	[DEBUG]	StmtReplacement(('core/Solver.cc.xml', 'stmt', 202), ('core/Solver.cc.xml', 'stmt', 261))
2023-07-10 17:41:46,198	[INFO]	2       SUCCESS              *996.1505 (100.59%) [1 edit(s)] 
2023-07-10 17:41:46,214	[DEBUG]	--- before: core/Solver.cc
+++ after: core/Solver.cc
@@ -508,7 +508,7 @@
         Var x = var(trail[i]);
         if (seen[x]){
             if (reason(x) == CRef_Undef){
-                assert(level(x) > 0);
+                Clause& c = ca[learnts[i]];
                 out_conflict.push(~trail[i]);
             }else{
                 Clause& c = ca[reason(x)];

2023-07-10 17:59:51,982	[DEBUG]	StmtInsertion(('core/Solver.cc.xml', '_inter_block', 124), ('core/Solver.cc.xml', 'stmt', 297))
2023-07-10 17:59:51,983	[INFO]	3       SUCCESS              +1082.2748 (109.29%) [1 edit(s)] 
2023-07-10 17:59:51,994	[DEBUG]	--- before: core/Solver.cc
+++ after: core/Solver.cc
@@ -306,6 +306,7 @@
             break;
         }else/*auto*/{
             next = order_heap.removeMin();
+            simpDB_props   = clauses_literals + learnts_literals;
 }/*auto*/
 }/*auto*/
 

2023-07-10 18:20:47,273	[DEBUG]	StmtReplacement(('core/Solver.cc.xml', 'stmt', 116), ('core/Solver.cc.xml', 'stmt', 234))
2023-07-10 18:20:47,274	[INFO]	4       RUN_TIMEOUT           None  [1 edit(s)]       
2023-07-10 18:37:20,504	[DEBUG]	StmtInsertion(('core/Solver.cc.xml', '_inter_block', 382), ('core/Solver.cc.xml', 'stmt', 27))
2023-07-10 18:37:20,505	[INFO]	5       SUCCESS              *989.7141 (99.94%) [1 edit(s)] 
2023-07-10 18:37:20,517	[DEBUG]	--- before: core/Solver.cc
+++ after: core/Solver.cc
@@ -694,6 +694,8 @@
         return ok = false;
 }/*auto*/
 
+    assigns  .push(l_Undef);
+
     if (nAssigns() == simpDB_assigns || (simpDB_props > 0))/*auto*/{
         return true;
 }/*auto*/

2023-07-10 18:53:53,503	[DEBUG]	StmtDeletion(('core/Solver.cc.xml', 'stmt', 281))
2023-07-10 18:53:53,504	[INFO]	6       SUCCESS              *989.2275 (99.89%) [1 edit(s)] 
2023-07-10 18:53:53,513	[DEBUG]	--- before: core/Solver.cc
+++ after: core/Solver.cc
@@ -688,7 +688,7 @@
 |________________________________________________________________________________________________@*/
 bool Solver::simplify()
 {
-    assert(decisionLevel() == 0);
+    
 
     if (!ok || propagate() != CRef_Undef)/*auto*/{
         return ok = false;

2023-07-10 19:10:26,410	[DEBUG]	StmtDeletion(('core/Solver.cc.xml', 'stmt', 392))
2023-07-10 19:10:26,411	[INFO]	7       SUCCESS              +989.5023 (99.92%) [1 edit(s)] 
2023-07-10 19:10:26,420	[DEBUG]	--- before: core/Solver.cc
+++ after: core/Solver.cc
@@ -945,7 +945,7 @@
 
     max_learnts               = nClauses() * learntsize_factor;
     learntsize_adjust_confl   = learntsize_adjust_start_confl;
-    learntsize_adjust_cnt     = (int)learntsize_adjust_confl;
+    
     lbool   status            = l_Undef;
 
     if (verbosity >= 1){

2023-07-10 19:10:26,421	[INFO]	-- rebuild --
2023-07-10 19:27:03,696	[DEBUG]	StmtDeletion(('core/Solver.cc.xml', 'stmt', 281)) | StmtDeletion(('core/Solver.cc.xml', 'stmt', 392))
2023-07-10 19:27:03,696	[INFO]	8       SUCCESS              +993.602 (100.34%) [2 edit(s)] 
2023-07-10 19:27:03,712	[DEBUG]	--- before: core/Solver.cc
+++ after: core/Solver.cc
@@ -688,7 +688,7 @@
 |________________________________________________________________________________________________@*/
 bool Solver::simplify()
 {
-    assert(decisionLevel() == 0);
+    
 
     if (!ok || propagate() != CRef_Undef)/*auto*/{
         return ok = false;
@@ -945,7 +945,7 @@
 
     max_learnts               = nClauses() * learntsize_factor;
     learntsize_adjust_confl   = learntsize_adjust_start_confl;
-    learntsize_adjust_cnt     = (int)learntsize_adjust_confl;
+    
     lbool   status            = l_Undef;
 
     if (verbosity >= 1){

2023-07-10 19:43:38,069	[DEBUG]	StmtDeletion(('core/Solver.cc.xml', 'stmt', 281)) | StmtInsertion(('core/Solver.cc.xml', '_inter_block', 382), ('core/Solver.cc.xml', 'stmt', 27))
2023-07-10 19:43:38,070	[INFO]	9       SUCCESS              +990.6683 (100.04%) [2 edit(s)] 
2023-07-10 19:43:38,092	[DEBUG]	--- before: core/Solver.cc
+++ after: core/Solver.cc
@@ -688,11 +688,13 @@
 |________________________________________________________________________________________________@*/
 bool Solver::simplify()
 {
-    assert(decisionLevel() == 0);
+    
 
     if (!ok || propagate() != CRef_Undef)/*auto*/{
         return ok = false;
 }/*auto*/
+
+    assigns  .push(l_Undef);
 
     if (nAssigns() == simpDB_assigns || (simpDB_props > 0))/*auto*/{
         return true;

2023-07-10 20:00:08,503	[DEBUG]	StmtDeletion(('core/Solver.cc.xml', 'stmt', 281)) | StmtReplacement(('core/Solver.cc.xml', 'stmt', 202), ('core/Solver.cc.xml', 'stmt', 261))
2023-07-10 20:00:08,503	[INFO]	10      SUCCESS              *986.7308 (99.64%) [2 edit(s)] 
2023-07-10 20:00:08,527	[DEBUG]	--- before: core/Solver.cc
+++ after: core/Solver.cc
@@ -508,7 +508,7 @@
         Var x = var(trail[i]);
         if (seen[x]){
             if (reason(x) == CRef_Undef){
-                assert(level(x) > 0);
+                Clause& c = ca[learnts[i]];
                 out_conflict.push(~trail[i]);
             }else{
                 Clause& c = ca[reason(x)];
@@ -688,7 +688,7 @@
 |________________________________________________________________________________________________@*/
 bool Solver::simplify()
 {
-    assert(decisionLevel() == 0);
+    
 
     if (!ok || propagate() != CRef_Undef)/*auto*/{
         return ok = false;

2023-07-10 20:18:19,668	[DEBUG]	StmtDeletion(('core/Solver.cc.xml', 'stmt', 281)) | StmtReplacement(('core/Solver.cc.xml', 'stmt', 202), ('core/Solver.cc.xml', 'stmt', 261)) | StmtInsertion(('core/Solver.cc.xml', '_inter_block', 124), ('core/Solver.cc.xml', 'stmt', 297))
2023-07-10 20:18:19,668	[INFO]	11      SUCCESS              +1087.4146 (109.81%) [3 edit(s)] 
2023-07-10 20:18:19,686	[DEBUG]	--- before: core/Solver.cc
+++ after: core/Solver.cc
@@ -306,6 +306,7 @@
             break;
         }else/*auto*/{
             next = order_heap.removeMin();
+            simpDB_props   = clauses_literals + learnts_literals;
 }/*auto*/
 }/*auto*/
 
@@ -508,7 +509,7 @@
         Var x = var(trail[i]);
         if (seen[x]){
             if (reason(x) == CRef_Undef){
-                assert(level(x) > 0);
+                Clause& c = ca[learnts[i]];
                 out_conflict.push(~trail[i]);
             }else{
                 Clause& c = ca[reason(x)];
@@ -688,7 +689,7 @@
 |________________________________________________________________________________________________@*/
 bool Solver::simplify()
 {
-    assert(decisionLevel() == 0);
+    
 
     if (!ok || propagate() != CRef_Undef)/*auto*/{
         return ok = false;

2023-07-10 20:39:14,896	[DEBUG]	StmtDeletion(('core/Solver.cc.xml', 'stmt', 281)) | StmtReplacement(('core/Solver.cc.xml', 'stmt', 202), ('core/Solver.cc.xml', 'stmt', 261)) | StmtReplacement(('core/Solver.cc.xml', 'stmt', 116), ('core/Solver.cc.xml', 'stmt', 234))
2023-07-10 20:39:14,897	[INFO]	12      RUN_TIMEOUT           None  [3 edit(s)]       
2023-07-10 20:39:14,897	[INFO]	-- simplify --
2023-07-10 20:39:14,918	[DEBUG]	StmtReplacement(('core/Solver.cc.xml', 'stmt', 202), ('core/Solver.cc.xml', 'stmt', 261))
2023-07-10 20:39:14,918	[INFO]	13      SUCCESS              +996.1505 (100.59%) [1 edit(s)] 
2023-07-10 20:39:14,937	[DEBUG]	--- before: core/Solver.cc
+++ after: core/Solver.cc
@@ -508,7 +508,7 @@
         Var x = var(trail[i]);
         if (seen[x]){
             if (reason(x) == CRef_Undef){
-                assert(level(x) > 0);
+                Clause& c = ca[learnts[i]];
                 out_conflict.push(~trail[i]);
             }else{
                 Clause& c = ca[reason(x)];

2023-07-10 20:39:14,955	[DEBUG]	StmtDeletion(('core/Solver.cc.xml', 'stmt', 281))
2023-07-10 20:39:14,956	[INFO]	14      SUCCESS              +989.2275 (99.89%) [1 edit(s)] 
2023-07-10 20:39:14,984	[DEBUG]	--- before: core/Solver.cc
+++ after: core/Solver.cc
@@ -688,7 +688,7 @@
 |________________________________________________________________________________________________@*/
 bool Solver::simplify()
 {
-    assert(decisionLevel() == 0);
+    
 
     if (!ok || propagate() != CRef_Undef)/*auto*/{
         return ok = false;

2023-07-10 20:39:14,999	[INFO]	==== END ====
2023-07-10 20:39:14,999	[INFO]	Reason: validation end
2023-07-10 20:39:15,000	[INFO]	
2023-07-10 20:39:15,000	[INFO]	==== REPORT ====
2023-07-10 20:39:15,000	[INFO]	Termination: validation end
2023-07-10 20:39:15,000	[INFO]	Log file: /home/tsongpet/MSc-SSE-GI-project/_magpie_logs/minisat-hack_1689002031.log
2023-07-10 20:39:15,011	[INFO]	Patch file: _magpie_logs/minisat-hack_1689002031.patch
2023-07-10 20:39:15,011	[INFO]	Diff file: _magpie_logs/minisat-hack_1689002031.diff
2023-07-10 20:39:15,011	[INFO]	Best fitness: 986.7308
2023-07-10 20:39:15,011	[INFO]	Best patch: StmtDeletion(('core/Solver.cc.xml', 'stmt', 281)) | StmtReplacement(('core/Solver.cc.xml', 'stmt', 202), ('core/Solver.cc.xml', 'stmt', 261))
2023-07-10 20:39:15,012	[INFO]	Diff:
--- before: core/Solver.cc
+++ after: core/Solver.cc
@@ -508,7 +508,7 @@
         Var x = var(trail[i]);
         if (seen[x]){
             if (reason(x) == CRef_Undef){
-                assert(level(x) > 0);
+                Clause& c = ca[learnts[i]];
                 out_conflict.push(~trail[i]);
             }else{
                 Clause& c = ca[reason(x)];
@@ -688,7 +688,7 @@
 |________________________________________________________________________________________________@*/
 bool Solver::simplify()
 {
-    assert(decisionLevel() == 0);
+    
 
     if (!ok || propagate() != CRef_Undef)/*auto*/{
         return ok = false;

