2023-07-10 16:13:59,137	[DEBUG]	==== CONFIG ====
[magpie]
import = 
seed = 
log_dir = _magpie_logs
work_dir = _magpie_work
local_original_copy = False
local_original_name = __original__
output_encoding = ascii
edit_retries = 10
default_timeout = 30
default_lengthout = 1e6
diff_method = unified

[software]
path = code/minisat-hack
target_files = 
	core/Solver.cc.xml
	minisat.params
program = BasicProgram
engine_rules = 
	*.params : ConfigFileParamsEngine
	*.xml : SrcmlEngine
	* : LineEngine
engine_config = 
	*.params : [params]
	*.xml : [srcml]
setup_cmd = ./compile.sh
setup_timeout = 
setup_lengthout = 
compile_cmd = ./compile.sh
compile_timeout = 15
compile_lengthout = 
test_cmd = 
test_timeout = 
test_lengthout = 
run_cmd = perf stat run-sh/validate_1.sh
run_timeout = 1294
run_lengthout = 
fitness = perf_time

[srcml]
rename = 
	stmt: break continue decl_stmt do expr_stmt for goto if return switch while
	number: literal_number
focus = block stmt operator_comp operator_arith number
internodes = block
process_pseudo_blocks = True
process_literals = True
process_operators = True

[params]
timing = test run
cli_prefix = --
cli_glue = =
cli_boolean = show
cli_boolean_prefix_true = 
cli_boolean_prefix_false = no-
silent_prefix = @
silent_suffix = $

[search]
protocol = BasicProtocol
algorithm = ValidRankingSimplify
possible_edits = 
	ParamSetting
warmup = 3
warmup_strategy = last
max_steps = 
max_time = 21840
target_fitness = 
cache_maxsize = 40
cache_keep = 0.2

[search.ls]
delete_prob = 0.5
max_neighbours = 
when_trapped = continue
accept_fail = False
tabu_length = 10

[search.gp]
pop_size = 10
delete_prob = 0.5
offspring_elitism = 0.1
offspring_crossover = 0.5
offspring_mutation = 0.4
uniform_rate = 0.5


2023-07-10 16:13:59,138	[INFO]	==== WARMUP ====
2023-07-10 16:32:01,225	[INFO]	WARM    SUCCESS               1067.8708               
2023-07-10 16:49:30,831	[INFO]	WARM    SUCCESS               1046.0469               
2023-07-10 17:06:46,229	[INFO]	WARM    SUCCESS               1031.5815               
2023-07-10 17:06:46,229	[INFO]	INITIAL SUCCESS               1031.5815               
2023-07-10 17:06:46,229	[INFO]	==== START: ValidRankingSimplify ====
2023-07-10 17:06:46,341	[DEBUG]	CLEAN_PATCH: ParamSetting(('minisat.params', 'cp-increase'), 6153) | ParamSetting(('minisat.params', 'simp-gc-frac'), 0.8840047869301016) | ParamSetting(('minisat.params', 'grow'), -1115) | ParamSetting(('minisat.params', 'lbd-cut-max'), 20.568389065505343) | ParamSetting(('minisat.params', 'phase-saving'), 0) | ParamSetting(('minisat.params', 'luby'), 1) | ParamSetting(('minisat.params', 'sub-lim'), 35)
2023-07-10 17:06:46,341	[DEBUG]	CLEAN_SIZE: 7 (was 12)
2023-07-10 17:24:45,444	[DEBUG]	ParamSetting(('minisat.params', 'cp-increase'), 6153) | ParamSetting(('minisat.params', 'simp-gc-frac'), 0.8840047869301016) | ParamSetting(('minisat.params', 'sub-lim'), 755) | ParamSetting(('minisat.params', 'grow'), -1115) | ParamSetting(('minisat.params', 'lbd-cut-max'), 20.568389065505343) | ParamSetting(('minisat.params', 'phase-saving'), 0) | ParamSetting(('minisat.params', 'luby'), 1) | ParamSetting(('minisat.params', 'verb'), 1) | ParamSetting(('minisat.params', 'R-val'), 1.122124282106635) | ParamSetting(('minisat.params', 'luby'), 1) | ParamSetting(('minisat.params', 'elim'), 'False') | ParamSetting(('minisat.params', 'sub-lim'), 35)
2023-07-10 17:24:45,445	[INFO]	1       SUCCESS              *1075.5612 (104.26%) [12 edit(s)] 
2023-07-10 17:24:45,454	[DEBUG]	--- before: minisat.params
+++ after: minisat.params
@@ -1,21 +1,21 @@
 lbd-cut := 5.0
-lbd-cut-max := 10.0
-cp-increase := 15000
+lbd-cut-max := 20.568389065505343
+cp-increase := 6153
 core-tolerance := 0.02
 var-decay := 0.95
 cla-decay := 0.999
 rnd-freq := 0.0
 ccmin-mode := 2
-phase-saving := 2
+phase-saving := 0
 rnd-init := 'False'
-luby := 0
+luby := 1
 gc-frac := 0.2
 verb := 1
 pre := 'True'
 asymm := 'False'
 rcheck := 'False'
 elim := 'False'
-grow := 0
+grow := -1115
 cl-lim := 20
-sub-lim := 1000
-simp-gc-frac := 0.5
+sub-lim := 35
+simp-gc-frac := 0.8840047869301016

2023-07-10 17:24:45,454	[INFO]	-- ranking --
2023-07-10 17:40:14,983	[DEBUG]	ParamSetting(('minisat.params', 'cp-increase'), 6153)
2023-07-10 17:40:14,984	[INFO]	2       SUCCESS              *925.8228 (89.75%) [1 edit(s)] 
2023-07-10 17:40:14,992	[DEBUG]	--- before: minisat.params
+++ after: minisat.params
@@ -1,6 +1,6 @@
 lbd-cut := 5.0
 lbd-cut-max := 10.0
-cp-increase := 15000
+cp-increase := 6153
 core-tolerance := 0.02
 var-decay := 0.95
 cla-decay := 0.999

2023-07-10 17:57:56,276	[DEBUG]	ParamSetting(('minisat.params', 'simp-gc-frac'), 0.8840047869301016)
2023-07-10 17:57:56,277	[INFO]	3       SUCCESS              +1057.7924 (102.54%) [1 edit(s)] 
2023-07-10 17:57:56,286	[DEBUG]	--- before: minisat.params
+++ after: minisat.params
@@ -18,4 +18,4 @@
 grow := 0
 cl-lim := 20
 sub-lim := 1000
-simp-gc-frac := 0.5
+simp-gc-frac := 0.8840047869301016

2023-07-10 18:15:38,184	[DEBUG]	ParamSetting(('minisat.params', 'sub-lim'), 755)
2023-07-10 18:15:38,185	[INFO]	4       SUCCESS              +1058.2489 (102.59%) [1 edit(s)] 
2023-07-10 18:15:38,194	[DEBUG]	--- before: minisat.params
+++ after: minisat.params
@@ -17,5 +17,5 @@
 elim := 'False'
 grow := 0
 cl-lim := 20
-sub-lim := 1000
+sub-lim := 755
 simp-gc-frac := 0.5

2023-07-10 18:33:11,500	[DEBUG]	ParamSetting(('minisat.params', 'grow'), -1115)
2023-07-10 18:33:11,500	[INFO]	5       SUCCESS              +1049.4285 (101.73%) [1 edit(s)] 
2023-07-10 18:33:11,510	[DEBUG]	--- before: minisat.params
+++ after: minisat.params
@@ -15,7 +15,7 @@
 asymm := 'False'
 rcheck := 'False'
 elim := 'False'
-grow := 0
+grow := -1115
 cl-lim := 20
 sub-lim := 1000
 simp-gc-frac := 0.5

2023-07-10 18:50:55,797	[DEBUG]	ParamSetting(('minisat.params', 'lbd-cut-max'), 20.568389065505343)
2023-07-10 18:50:55,797	[INFO]	6       SUCCESS              +1060.585 (102.81%) [1 edit(s)] 
2023-07-10 18:50:55,806	[DEBUG]	--- before: minisat.params
+++ after: minisat.params
@@ -1,5 +1,5 @@
 lbd-cut := 5.0
-lbd-cut-max := 10.0
+lbd-cut-max := 20.568389065505343
 cp-increase := 15000
 core-tolerance := 0.02
 var-decay := 0.95

2023-07-10 19:11:46,251	[DEBUG]	ParamSetting(('minisat.params', 'phase-saving'), 0)
2023-07-10 19:11:46,251	[INFO]	7       SUCCESS              +1246.9523 (120.88%) [1 edit(s)] 
2023-07-10 19:11:46,260	[DEBUG]	--- before: minisat.params
+++ after: minisat.params
@@ -6,7 +6,7 @@
 cla-decay := 0.999
 rnd-freq := 0.0
 ccmin-mode := 2
-phase-saving := 2
+phase-saving := 0
 rnd-init := 'False'
 luby := 0
 gc-frac := 0.2

2023-07-10 19:31:09,079	[DEBUG]	ParamSetting(('minisat.params', 'luby'), 1)
2023-07-10 19:31:09,080	[INFO]	8       SUCCESS              +1159.0378 (112.36%) [1 edit(s)] 
2023-07-10 19:31:09,097	[DEBUG]	--- before: minisat.params
+++ after: minisat.params
@@ -8,7 +8,7 @@
 ccmin-mode := 2
 phase-saving := 2
 rnd-init := 'False'
-luby := 0
+luby := 1
 gc-frac := 0.2
 verb := 1
 pre := 'True'

2023-07-10 19:31:09,112	[DEBUG]	ParamSetting(('minisat.params', 'verb'), 1)
2023-07-10 19:31:09,112	[INFO]	9       SUCCESS              +1031.5815 (100.0%) [1 edit(s)] 
2023-07-10 19:31:09,125	[DEBUG]	
2023-07-10 19:31:09,133	[DEBUG]	ParamSetting(('minisat.params', 'R-val'), 1.122124282106635)
2023-07-10 19:31:09,133	[INFO]	10      SUCCESS              +1031.5815 (100.0%) [1 edit(s)] 
2023-07-10 19:31:09,140	[DEBUG]	
2023-07-10 19:31:09,148	[DEBUG]	ParamSetting(('minisat.params', 'luby'), 1)
2023-07-10 19:31:09,148	[INFO]	11      SUCCESS              +1159.0378 (112.36%) [1 edit(s)] 
2023-07-10 19:31:09,162	[DEBUG]	--- before: minisat.params
+++ after: minisat.params
@@ -8,7 +8,7 @@
 ccmin-mode := 2
 phase-saving := 2
 rnd-init := 'False'
-luby := 0
+luby := 1
 gc-frac := 0.2
 verb := 1
 pre := 'True'

2023-07-10 19:31:09,169	[DEBUG]	ParamSetting(('minisat.params', 'elim'), 'False')
2023-07-10 19:31:09,170	[INFO]	12      SUCCESS              +1031.5815 (100.0%) [1 edit(s)] 
2023-07-10 19:31:09,177	[DEBUG]	
2023-07-10 19:48:37,260	[DEBUG]	ParamSetting(('minisat.params', 'sub-lim'), 35)
2023-07-10 19:48:37,261	[INFO]	13      SUCCESS              +1044.2916 (101.23%) [1 edit(s)] 
2023-07-10 19:48:37,278	[DEBUG]	--- before: minisat.params
+++ after: minisat.params
@@ -17,5 +17,5 @@
 elim := 'False'
 grow := 0
 cl-lim := 20
-sub-lim := 1000
+sub-lim := 35
 simp-gc-frac := 0.5

2023-07-10 19:48:37,279	[INFO]	-- rebuild --
2023-07-10 19:48:37,296	[DEBUG]	ParamSetting(('minisat.params', 'cp-increase'), 6153) | ParamSetting(('minisat.params', 'verb'), 1)
2023-07-10 19:48:37,297	[INFO]	14      SUCCESS              +925.8228 (89.75%) [2 edit(s)] 
2023-07-10 19:48:37,313	[DEBUG]	--- before: minisat.params
+++ after: minisat.params
@@ -1,6 +1,6 @@
 lbd-cut := 5.0
 lbd-cut-max := 10.0
-cp-increase := 15000
+cp-increase := 6153
 core-tolerance := 0.02
 var-decay := 0.95
 cla-decay := 0.999

2023-07-10 19:48:37,330	[DEBUG]	ParamSetting(('minisat.params', 'cp-increase'), 6153) | ParamSetting(('minisat.params', 'R-val'), 1.122124282106635)
2023-07-10 19:48:37,330	[INFO]	15      SUCCESS              +925.8228 (89.75%) [2 edit(s)] 
2023-07-10 19:48:37,346	[DEBUG]	--- before: minisat.params
+++ after: minisat.params
@@ -1,6 +1,6 @@
 lbd-cut := 5.0
 lbd-cut-max := 10.0
-cp-increase := 15000
+cp-increase := 6153
 core-tolerance := 0.02
 var-decay := 0.95
 cla-decay := 0.999

2023-07-10 19:48:37,363	[DEBUG]	ParamSetting(('minisat.params', 'cp-increase'), 6153) | ParamSetting(('minisat.params', 'elim'), 'False')
2023-07-10 19:48:37,363	[INFO]	16      SUCCESS              +925.8228 (89.75%) [2 edit(s)] 
2023-07-10 19:48:37,379	[DEBUG]	--- before: minisat.params
+++ after: minisat.params
@@ -1,6 +1,6 @@
 lbd-cut := 5.0
 lbd-cut-max := 10.0
-cp-increase := 15000
+cp-increase := 6153
 core-tolerance := 0.02
 var-decay := 0.95
 cla-decay := 0.999

2023-07-10 20:04:02,232	[DEBUG]	ParamSetting(('minisat.params', 'cp-increase'), 6153) | ParamSetting(('minisat.params', 'sub-lim'), 35)
2023-07-10 20:04:02,232	[INFO]	17      SUCCESS              *921.4411 (89.32%) [2 edit(s)] 
2023-07-10 20:04:02,241	[DEBUG]	--- before: minisat.params
+++ after: minisat.params
@@ -1,6 +1,6 @@
 lbd-cut := 5.0
 lbd-cut-max := 10.0
-cp-increase := 15000
+cp-increase := 6153
 core-tolerance := 0.02
 var-decay := 0.95
 cla-decay := 0.999
@@ -17,5 +17,5 @@
 elim := 'False'
 grow := 0
 cl-lim := 20
-sub-lim := 1000
+sub-lim := 35
 simp-gc-frac := 0.5

2023-07-10 20:19:38,125	[DEBUG]	ParamSetting(('minisat.params', 'cp-increase'), 6153) | ParamSetting(('minisat.params', 'sub-lim'), 35) | ParamSetting(('minisat.params', 'grow'), -1115)
2023-07-10 20:19:38,125	[INFO]	18      SUCCESS              +932.026 (90.35%) [3 edit(s)] 
2023-07-10 20:19:38,135	[DEBUG]	--- before: minisat.params
+++ after: minisat.params
@@ -1,6 +1,6 @@
 lbd-cut := 5.0
 lbd-cut-max := 10.0
-cp-increase := 15000
+cp-increase := 6153
 core-tolerance := 0.02
 var-decay := 0.95
 cla-decay := 0.999
@@ -15,7 +15,7 @@
 asymm := 'False'
 rcheck := 'False'
 elim := 'False'
-grow := 0
+grow := -1115
 cl-lim := 20
-sub-lim := 1000
+sub-lim := 35
 simp-gc-frac := 0.5

2023-07-10 20:35:03,462	[DEBUG]	ParamSetting(('minisat.params', 'cp-increase'), 6153) | ParamSetting(('minisat.params', 'sub-lim'), 35) | ParamSetting(('minisat.params', 'simp-gc-frac'), 0.8840047869301016)
2023-07-10 20:35:03,462	[INFO]	19      SUCCESS              +921.8332 (89.36%) [3 edit(s)] 
2023-07-10 20:35:03,471	[DEBUG]	--- before: minisat.params
+++ after: minisat.params
@@ -1,6 +1,6 @@
 lbd-cut := 5.0
 lbd-cut-max := 10.0
-cp-increase := 15000
+cp-increase := 6153
 core-tolerance := 0.02
 var-decay := 0.95
 cla-decay := 0.999
@@ -17,5 +17,5 @@
 elim := 'False'
 grow := 0
 cl-lim := 20
-sub-lim := 1000
-simp-gc-frac := 0.5
+sub-lim := 35
+simp-gc-frac := 0.8840047869301016

2023-07-10 20:50:19,274	[DEBUG]	ParamSetting(('minisat.params', 'cp-increase'), 6153) | ParamSetting(('minisat.params', 'sub-lim'), 35) | ParamSetting(('minisat.params', 'sub-lim'), 755)
2023-07-10 20:50:19,275	[INFO]	20      SUCCESS              *912.0911 (88.42%) [3 edit(s)] 
2023-07-10 20:50:19,284	[DEBUG]	--- before: minisat.params
+++ after: minisat.params
@@ -1,6 +1,6 @@
 lbd-cut := 5.0
 lbd-cut-max := 10.0
-cp-increase := 15000
+cp-increase := 6153
 core-tolerance := 0.02
 var-decay := 0.95
 cla-decay := 0.999
@@ -17,5 +17,5 @@
 elim := 'False'
 grow := 0
 cl-lim := 20
-sub-lim := 1000
+sub-lim := 755
 simp-gc-frac := 0.5

2023-07-10 21:05:35,350	[DEBUG]	ParamSetting(('minisat.params', 'cp-increase'), 6153) | ParamSetting(('minisat.params', 'sub-lim'), 35) | ParamSetting(('minisat.params', 'sub-lim'), 755) | ParamSetting(('minisat.params', 'lbd-cut-max'), 20.568389065505343)
2023-07-10 21:05:35,350	[INFO]	21      SUCCESS              +912.6646 (88.47%) [4 edit(s)] 
2023-07-10 21:05:35,359	[DEBUG]	--- before: minisat.params
+++ after: minisat.params
@@ -1,6 +1,6 @@
 lbd-cut := 5.0
-lbd-cut-max := 10.0
-cp-increase := 15000
+lbd-cut-max := 20.568389065505343
+cp-increase := 6153
 core-tolerance := 0.02
 var-decay := 0.95
 cla-decay := 0.999
@@ -17,5 +17,5 @@
 elim := 'False'
 grow := 0
 cl-lim := 20
-sub-lim := 1000
+sub-lim := 755
 simp-gc-frac := 0.5

2023-07-10 21:24:07,514	[DEBUG]	ParamSetting(('minisat.params', 'cp-increase'), 6153) | ParamSetting(('minisat.params', 'sub-lim'), 35) | ParamSetting(('minisat.params', 'sub-lim'), 755) | ParamSetting(('minisat.params', 'luby'), 1)
2023-07-10 21:24:07,515	[INFO]	22      SUCCESS              +1108.4028 (107.45%) [4 edit(s)] 
2023-07-10 21:24:07,524	[DEBUG]	--- before: minisat.params
+++ after: minisat.params
@@ -1,6 +1,6 @@
 lbd-cut := 5.0
 lbd-cut-max := 10.0
-cp-increase := 15000
+cp-increase := 6153
 core-tolerance := 0.02
 var-decay := 0.95
 cla-decay := 0.999
@@ -8,7 +8,7 @@
 ccmin-mode := 2
 phase-saving := 2
 rnd-init := 'False'
-luby := 0
+luby := 1
 gc-frac := 0.2
 verb := 1
 pre := 'True'
@@ -17,5 +17,5 @@
 elim := 'False'
 grow := 0
 cl-lim := 20
-sub-lim := 1000
+sub-lim := 755
 simp-gc-frac := 0.5

2023-07-10 21:24:07,533	[DEBUG]	ParamSetting(('minisat.params', 'cp-increase'), 6153) | ParamSetting(('minisat.params', 'sub-lim'), 35) | ParamSetting(('minisat.params', 'sub-lim'), 755) | ParamSetting(('minisat.params', 'luby'), 1)
2023-07-10 21:24:07,533	[INFO]	23      SUCCESS              +1108.4028 (107.45%) [4 edit(s)] 
2023-07-10 21:24:07,541	[DEBUG]	--- before: minisat.params
+++ after: minisat.params
@@ -1,6 +1,6 @@
 lbd-cut := 5.0
 lbd-cut-max := 10.0
-cp-increase := 15000
+cp-increase := 6153
 core-tolerance := 0.02
 var-decay := 0.95
 cla-decay := 0.999
@@ -8,7 +8,7 @@
 ccmin-mode := 2
 phase-saving := 2
 rnd-init := 'False'
-luby := 0
+luby := 1
 gc-frac := 0.2
 verb := 1
 pre := 'True'
@@ -17,5 +17,5 @@
 elim := 'False'
 grow := 0
 cl-lim := 20
-sub-lim := 1000
+sub-lim := 755
 simp-gc-frac := 0.5

2023-07-10 21:40:42,841	[DEBUG]	ParamSetting(('minisat.params', 'cp-increase'), 6153) | ParamSetting(('minisat.params', 'sub-lim'), 35) | ParamSetting(('minisat.params', 'sub-lim'), 755) | ParamSetting(('minisat.params', 'phase-saving'), 0)
2023-07-10 21:40:42,842	[INFO]	24      SUCCESS              +991.2976 (96.09%) [4 edit(s)] 
2023-07-10 21:40:42,858	[DEBUG]	--- before: minisat.params
+++ after: minisat.params
@@ -1,12 +1,12 @@
 lbd-cut := 5.0
 lbd-cut-max := 10.0
-cp-increase := 15000
+cp-increase := 6153
 core-tolerance := 0.02
 var-decay := 0.95
 cla-decay := 0.999
 rnd-freq := 0.0
 ccmin-mode := 2
-phase-saving := 2
+phase-saving := 0
 rnd-init := 'False'
 luby := 0
 gc-frac := 0.2
@@ -17,5 +17,5 @@
 elim := 'False'
 grow := 0
 cl-lim := 20
-sub-lim := 1000
+sub-lim := 755
 simp-gc-frac := 0.5

2023-07-10 21:40:42,859	[INFO]	-- simplify --
2023-07-10 21:40:42,873	[DEBUG]	ParamSetting(('minisat.params', 'sub-lim'), 35) | ParamSetting(('minisat.params', 'sub-lim'), 755)
2023-07-10 21:40:42,874	[INFO]	25      SUCCESS              +1058.2489 (102.59%) [2 edit(s)] 
2023-07-10 21:40:42,889	[DEBUG]	--- before: minisat.params
+++ after: minisat.params
@@ -17,5 +17,5 @@
 elim := 'False'
 grow := 0
 cl-lim := 20
-sub-lim := 1000
+sub-lim := 755
 simp-gc-frac := 0.5

2023-07-10 21:40:42,902	[DEBUG]	ParamSetting(('minisat.params', 'cp-increase'), 6153) | ParamSetting(('minisat.params', 'sub-lim'), 755)
2023-07-10 21:40:42,902	[INFO]	26      SUCCESS              *912.0911 (88.42%) [2 edit(s)] 
2023-07-10 21:40:42,910	[DEBUG]	--- before: minisat.params
+++ after: minisat.params
@@ -1,6 +1,6 @@
 lbd-cut := 5.0
 lbd-cut-max := 10.0
-cp-increase := 15000
+cp-increase := 6153
 core-tolerance := 0.02
 var-decay := 0.95
 cla-decay := 0.999
@@ -17,5 +17,5 @@
 elim := 'False'
 grow := 0
 cl-lim := 20
-sub-lim := 1000
+sub-lim := 755
 simp-gc-frac := 0.5

2023-07-10 21:40:42,917	[DEBUG]	ParamSetting(('minisat.params', 'cp-increase'), 6153)
2023-07-10 21:40:42,918	[INFO]	27      SUCCESS              +925.8228 (89.75%) [1 edit(s)] 
2023-07-10 21:40:42,927	[DEBUG]	--- before: minisat.params
+++ after: minisat.params
@@ -1,6 +1,6 @@
 lbd-cut := 5.0
 lbd-cut-max := 10.0
-cp-increase := 15000
+cp-increase := 6153
 core-tolerance := 0.02
 var-decay := 0.95
 cla-decay := 0.999

2023-07-10 21:40:42,935	[DEBUG]	ParamSetting(('minisat.params', 'sub-lim'), 755)
2023-07-10 21:40:42,935	[INFO]	28      SUCCESS              +1058.2489 (102.59%) [1 edit(s)] 
2023-07-10 21:40:42,943	[DEBUG]	--- before: minisat.params
+++ after: minisat.params
@@ -17,5 +17,5 @@
 elim := 'False'
 grow := 0
 cl-lim := 20
-sub-lim := 1000
+sub-lim := 755
 simp-gc-frac := 0.5

2023-07-10 21:40:42,952	[INFO]	==== END ====
2023-07-10 21:40:42,953	[INFO]	Reason: validation end
2023-07-10 21:40:42,953	[INFO]	
2023-07-10 21:40:42,953	[INFO]	==== REPORT ====
2023-07-10 21:40:42,953	[INFO]	Termination: validation end
2023-07-10 21:40:42,953	[INFO]	Log file: /home/tsongpet/MSc-SSE-GI-project/_magpie_logs/minisat-hack_1689002027.log
2023-07-10 21:40:42,961	[INFO]	Patch file: _magpie_logs/minisat-hack_1689002027.patch
2023-07-10 21:40:42,961	[INFO]	Diff file: _magpie_logs/minisat-hack_1689002027.diff
2023-07-10 21:40:42,961	[INFO]	Best fitness: 912.0911
2023-07-10 21:40:42,961	[INFO]	Best patch: ParamSetting(('minisat.params', 'cp-increase'), 6153) | ParamSetting(('minisat.params', 'sub-lim'), 755)
2023-07-10 21:40:42,961	[INFO]	Diff:
--- before: minisat.params
+++ after: minisat.params
@@ -1,6 +1,6 @@
 lbd-cut := 5.0
 lbd-cut-max := 10.0
-cp-increase := 15000
+cp-increase := 6153
 core-tolerance := 0.02
 var-decay := 0.95
 cla-decay := 0.999
@@ -17,5 +17,5 @@
 elim := 'False'
 grow := 0
 cl-lim := 20
-sub-lim := 1000
+sub-lim := 755
 simp-gc-frac := 0.5

