2023-06-16 20:08:04,259	[DEBUG]	==== CONFIG ====
[magpie]
import = 
seed = 
log_dir = _magpie_logs
work_dir = _magpie_work
local_original_copy = False
local_original_name = __original__
output_encoding = ascii
edit_retries = 10
default_timeout = 30
default_lengthout = 1e6
diff_method = unified

[software]
path = code/minisat-hack
target_files = 
	core/Solver.cc
program = BasicProgram
engine_rules = 
	*.params : ConfigFileParamsEngine
	*.xml : SrcmlEngine
	* : LineEngine
engine_config = 
	*.params : [params]
	*.xml : [srcml]
setup_cmd = 
setup_timeout = 
setup_lengthout = 
compile_cmd = ./compile.sh
compile_timeout = 
compile_lengthout = 
test_cmd = ./test.sh
test_timeout = 
test_lengthout = 
run_cmd = ./run.sh
run_timeout = 
run_lengthout = 
fitness = perf_instructions

[srcml]
rename = 
	stmt: break continue decl_stmt do expr_stmt for goto if return switch while
	number: literal_number
focus = block stmt operator_comp operator_arith number
internodes = block
process_pseudo_blocks = True
process_literals = True
process_operators = True

[params]
timing = test run
cli_prefix = --
cli_glue = =
cli_boolean = show
cli_boolean_prefix_true = 
cli_boolean_prefix_false = no-
silent_prefix = @
silent_suffix = $

[search]
protocol = BasicProtocol
algorithm = FirstImprovement
possible_edits = 
	LineReplacement
	LineInsertion
	LineDeletion
warmup = 3
warmup_strategy = last
max_steps = 30
max_time = 
target_fitness = 
cache_maxsize = 40
cache_keep = 0.2

[search.ls]
delete_prob = 0.5
max_neighbours = 
when_trapped = continue
accept_fail = False
tabu_length = 10

[search.gp]
pop_size = 10
delete_prob = 0.5
offspring_elitism = 0.1
offspring_crossover = 0.5
offspring_mutation = 0.4
uniform_rate = 0.5


2023-06-16 20:08:04,259	[INFO]	==== WARMUP ====
2023-06-16 20:08:11,465	[INFO]	WARM    TEST_CODE_ERROR       None                    
2023-06-16 20:08:11,465	[INFO]	!*!*!*!*!*!*!*!*!*!*!*!*!*!*!*!*!*!*!*!*!*!*!*!*!*!*!*!*!*!*!*!*!*!*!*!*!*!*!*!*
2023-06-16 20:08:11,465	[INFO]	CWD: /home/tsongpet/MSc-SSE-GI-project/_magpie_work/minisat-hack_1686942484/minisat-hack
2023-06-16 20:08:11,465	[INFO]	CMD: ['./test.sh']
2023-06-16 20:08:11,465	[INFO]	STATUS: SUCCESS
2023-06-16 20:08:11,465	[INFO]	RETURN_CODE: 255
2023-06-16 20:08:11,465	[INFO]	RUNTIME: 0.02025294303894043
2023-06-16 20:08:11,466	[INFO]	STDOUT:
FAILED ON FILE: data/uf50-01.cnf
GOT: 127
EXPECTED: 10

2023-06-16 20:08:11,466	[INFO]	STDERR:
./test.sh: line 8: ./simp/minisat: No such file or directory

2023-06-16 20:08:11,466	[INFO]	!*!*!*!*!*!*!*!*!*!*!*!*!*!*!*!*!*!*!*!*!*!*!*!*!*!*!*!*!*!*!*!*!*!*!*!*!*!*!*!*
2023-06-16 20:08:11,466	[INFO]	Magpie stopped because it was unable to run the (unmodified) target software
2023-06-16 20:08:11,466	[INFO]	Self-diagnostic:
2023-06-16 20:08:11,466	[INFO]	The "test_cmd" command failed with a nonzero exit code
2023-06-16 20:08:11,466	[INFO]	--> try to run it manually
2023-06-16 20:08:11,466	[INFO]	!*!*!*!*!*!*!*!*!*!*!*!*!*!*!*!*!*!*!*!*!*!*!*!*!*!*!*!*!*!*!*!*!*!*!*!*!*!*!*!*
2023-06-16 20:08:11,466	[INFO]	==== END ====
2023-06-16 20:08:11,467	[INFO]	Reason: None
