2023-06-20 16:18:04,719	[DEBUG]	==== CONFIG ====
[magpie]
import = 
seed = 
log_dir = _magpie_logs
work_dir = _magpie_work
local_original_copy = False
local_original_name = __original__
output_encoding = ascii
edit_retries = 10
default_timeout = 97000
default_lengthout = 1e6
diff_method = unified

[software]
path = code/minisat-hack
target_files = 
	core/Solver.cc
program = BasicProgram
engine_rules = 
	*.params : ConfigFileParamsEngine
	*.xml : SrcmlEngine
	* : LineEngine
engine_config = 
	*.params : [params]
	*.xml : [srcml]
setup_cmd = 
setup_timeout = 
setup_lengthout = 
compile_cmd = ./compile.sh
compile_timeout = 
compile_lengthout = 
test_cmd = 
test_timeout = 
test_lengthout = 
run_cmd = run-sh/train_3.sh
run_timeout = 
run_lengthout = 
fitness = time

[srcml]
rename = 
	stmt: break continue decl_stmt do expr_stmt for goto if return switch while
	number: literal_number
focus = block stmt operator_comp operator_arith number
internodes = block
process_pseudo_blocks = True
process_literals = True
process_operators = True

[params]
timing = test run
cli_prefix = --
cli_glue = =
cli_boolean = show
cli_boolean_prefix_true = 
cli_boolean_prefix_false = no-
silent_prefix = @
silent_suffix = $

[search]
protocol = BasicProtocol
algorithm = FirstImprovement
possible_edits = 
	LineReplacement
	LineInsertion
	LineDeletion
warmup = 3
warmup_strategy = last
max_steps = 1000
max_time = 
target_fitness = 
cache_maxsize = 40
cache_keep = 0.2

[search.ls]
delete_prob = 0.5
max_neighbours = 
when_trapped = continue
accept_fail = False
tabu_length = 10

[search.gp]
pop_size = 10
delete_prob = 0.5
offspring_elitism = 0.1
offspring_crossover = 0.5
offspring_mutation = 0.4
uniform_rate = 0.5


2023-06-20 16:18:04,720	[INFO]	==== WARMUP ====
2023-06-20 16:24:05,920	[INFO]	WARM    SUCCESS               337.1027                
2023-06-20 16:30:09,534	[INFO]	WARM    SUCCESS               345.4844                
2023-06-20 16:36:11,440	[INFO]	WARM    SUCCESS               344.3227                
2023-06-20 16:36:11,440	[INFO]	INITIAL SUCCESS               344.3227                
2023-06-20 16:36:11,440	[INFO]	==== START: FirstImprovement ====
2023-06-20 16:36:14,222	[DEBUG]	LineDeletion(('core/Solver.cc', 'line', 1035))
2023-06-20 16:36:14,223	[INFO]	1       COMPILE_CODE_ERROR    None  [1 edit(s)]       
2023-06-20 16:42:11,971	[DEBUG]	LineInsertion(('core/Solver.cc', '_inter_line', 771), ('core/Solver.cc', 'line', 379))
2023-06-20 16:42:11,971	[INFO]	2       SUCCESS              *340.0283 (98.75%) [1 edit(s)] 
2023-06-20 16:42:12,024	[DEBUG]	--- before: core/Solver.cc
+++ after: core/Solver.cc
@@ -769,6 +769,7 @@
                 return l_Undef; }
 
             // Simplify the set of problem clauses:
+
             if (decisionLevel() == 0 && !simplify())
                 return l_False;
 

2023-06-20 16:42:12,075	[DEBUG]	
2023-06-20 16:42:12,075	[INFO]	3       SUCCESS               344.3227 (100.0%) [0 edit(s)] 
2023-06-20 16:48:15,161	[DEBUG]	LineInsertion(('core/Solver.cc', '_inter_line', 771), ('core/Solver.cc', 'line', 379)) | LineDeletion(('core/Solver.cc', 'line', 971))
2023-06-20 16:48:15,161	[INFO]	4       SUCCESS               344.4192 (100.03%) [2 edit(s)] 
2023-06-20 16:54:13,666	[DEBUG]	LineInsertion(('core/Solver.cc', '_inter_line', 771), ('core/Solver.cc', 'line', 379)) | LineDeletion(('core/Solver.cc', 'line', 797))
2023-06-20 16:54:13,666	[INFO]	5       SUCCESS               340.4975 (98.89%) [2 edit(s)] 
2023-06-20 16:54:16,255	[DEBUG]	LineInsertion(('core/Solver.cc', '_inter_line', 771), ('core/Solver.cc', 'line', 379)) | LineReplacement(('core/Solver.cc', 'line', 665), ('core/Solver.cc', 'line', 477))
2023-06-20 16:54:16,256	[INFO]	6       COMPILE_CODE_ERROR    None  [2 edit(s)]       
2023-06-20 17:00:15,727	[DEBUG]	LineInsertion(('core/Solver.cc', '_inter_line', 771), ('core/Solver.cc', 'line', 379)) | LineDeletion(('core/Solver.cc', 'line', 390))
2023-06-20 17:00:15,727	[INFO]	7       SUCCESS               341.4875 (99.18%) [2 edit(s)] 
2023-06-20 17:00:36,508	[DEBUG]	LineInsertion(('core/Solver.cc', '_inter_line', 771), ('core/Solver.cc', 'line', 379)) | LineDeletion(('core/Solver.cc', 'line', 695))
2023-06-20 17:00:36,508	[INFO]	8       RUN_CODE_ERROR        None  [2 edit(s)]       
2023-06-20 17:06:39,998	[DEBUG]	LineInsertion(('core/Solver.cc', '_inter_line', 771), ('core/Solver.cc', 'line', 379)) | LineReplacement(('core/Solver.cc', 'line', 170), ('core/Solver.cc', 'line', 472))
2023-06-20 17:06:39,999	[INFO]	9       SUCCESS               344.7574 (100.13%) [2 edit(s)] 
2023-06-20 17:06:42,819	[DEBUG]	LineInsertion(('core/Solver.cc', '_inter_line', 771), ('core/Solver.cc', 'line', 379)) | LineDeletion(('core/Solver.cc', 'line', 774))
2023-06-20 17:06:42,820	[INFO]	10      COMPILE_CODE_ERROR    None  [2 edit(s)]       
2023-06-20 17:06:45,678	[DEBUG]	LineInsertion(('core/Solver.cc', '_inter_line', 771), ('core/Solver.cc', 'line', 379)) | LineInsertion(('core/Solver.cc', '_inter_line', 604), ('core/Solver.cc', 'line', 494))
2023-06-20 17:06:45,678	[INFO]	11      COMPILE_CODE_ERROR    None  [2 edit(s)]       
2023-06-20 17:06:48,881	[DEBUG]	LineInsertion(('core/Solver.cc', '_inter_line', 771), ('core/Solver.cc', 'line', 379)) | LineDeletion(('core/Solver.cc', 'line', 835))
2023-06-20 17:06:48,881	[INFO]	12      COMPILE_CODE_ERROR    None  [2 edit(s)]       
2023-06-20 17:12:53,578	[DEBUG]	LineInsertion(('core/Solver.cc', '_inter_line', 771), ('core/Solver.cc', 'line', 379)) | LineReplacement(('core/Solver.cc', 'line', 310), ('core/Solver.cc', 'line', 304))
2023-06-20 17:12:53,578	[INFO]	13      SUCCESS               346.3453 (100.59%) [2 edit(s)] 
2023-06-20 17:12:56,305	[DEBUG]	LineInsertion(('core/Solver.cc', '_inter_line', 771), ('core/Solver.cc', 'line', 379)) | LineInsertion(('core/Solver.cc', '_inter_line', 233), ('core/Solver.cc', 'line', 139))
2023-06-20 17:12:56,306	[INFO]	14      COMPILE_CODE_ERROR    None  [2 edit(s)]       
2023-06-20 17:13:14,724	[DEBUG]	LineInsertion(('core/Solver.cc', '_inter_line', 771), ('core/Solver.cc', 'line', 379)) | LineReplacement(('core/Solver.cc', 'line', 723), ('core/Solver.cc', 'line', 571))
2023-06-20 17:13:14,724	[INFO]	15      RUN_CODE_ERROR        None  [2 edit(s)]       
2023-06-20 17:13:17,571	[DEBUG]	LineInsertion(('core/Solver.cc', '_inter_line', 771), ('core/Solver.cc', 'line', 379)) | LineInsertion(('core/Solver.cc', '_inter_line', 602), ('core/Solver.cc', 'line', 79))
2023-06-20 17:13:17,571	[INFO]	16      COMPILE_CODE_ERROR    None  [2 edit(s)]       
2023-06-20 17:19:20,825	[DEBUG]	LineInsertion(('core/Solver.cc', '_inter_line', 771), ('core/Solver.cc', 'line', 379)) | LineDeletion(('core/Solver.cc', 'line', 69))
2023-06-20 17:19:20,825	[INFO]	17      SUCCESS               345.2806 (100.28%) [2 edit(s)] 
2023-06-20 17:25:23,251	[DEBUG]	LineInsertion(('core/Solver.cc', '_inter_line', 771), ('core/Solver.cc', 'line', 379)) | LineDeletion(('core/Solver.cc', 'line', 667))
2023-06-20 17:25:23,252	[INFO]	18      SUCCESS               344.7675 (100.13%) [2 edit(s)] 
2023-06-20 17:31:26,973	[DEBUG]	LineInsertion(('core/Solver.cc', '_inter_line', 771), ('core/Solver.cc', 'line', 379)) | LineDeletion(('core/Solver.cc', 'line', 840))
2023-06-20 17:31:26,974	[INFO]	19      SUCCESS               345.7994 (100.43%) [2 edit(s)] 
2023-06-20 17:31:29,808	[DEBUG]	LineInsertion(('core/Solver.cc', '_inter_line', 771), ('core/Solver.cc', 'line', 379)) | LineReplacement(('core/Solver.cc', 'line', 60), ('core/Solver.cc', 'line', 889))
2023-06-20 17:31:29,809	[INFO]	20      COMPILE_CODE_ERROR    None  [2 edit(s)]       
2023-06-20 17:31:32,918	[DEBUG]	LineInsertion(('core/Solver.cc', '_inter_line', 771), ('core/Solver.cc', 'line', 379)) | LineDeletion(('core/Solver.cc', 'line', 626))
2023-06-20 17:31:32,919	[INFO]	21      COMPILE_CODE_ERROR    None  [2 edit(s)]       
2023-06-20 17:31:35,733	[DEBUG]	LineInsertion(('core/Solver.cc', '_inter_line', 771), ('core/Solver.cc', 'line', 379)) | LineReplacement(('core/Solver.cc', 'line', 894), ('core/Solver.cc', 'line', 485))
2023-06-20 17:31:35,733	[INFO]	22      COMPILE_CODE_ERROR    None  [2 edit(s)]       
2023-06-20 17:37:35,886	[DEBUG]	LineInsertion(('core/Solver.cc', '_inter_line', 771), ('core/Solver.cc', 'line', 379)) | LineDeletion(('core/Solver.cc', 'line', 755))
2023-06-20 17:37:35,887	[INFO]	23      SUCCESS               341.8793 (99.29%) [2 edit(s)] 
2023-06-20 17:43:38,520	[DEBUG]	LineInsertion(('core/Solver.cc', '_inter_line', 771), ('core/Solver.cc', 'line', 379)) | LineInsertion(('core/Solver.cc', '_inter_line', 314), ('core/Solver.cc', 'line', 209))
2023-06-20 17:43:38,521	[INFO]	24      SUCCESS               344.279 (99.99%) [2 edit(s)] 
2023-06-20 17:43:41,286	[DEBUG]	LineInsertion(('core/Solver.cc', '_inter_line', 771), ('core/Solver.cc', 'line', 379)) | LineDeletion(('core/Solver.cc', 'line', 535))
2023-06-20 17:43:41,286	[INFO]	25      COMPILE_CODE_ERROR    None  [2 edit(s)]       
2023-06-20 17:44:00,764	[DEBUG]	LineInsertion(('core/Solver.cc', '_inter_line', 771), ('core/Solver.cc', 'line', 379)) | LineDeletion(('core/Solver.cc', 'line', 1034))
2023-06-20 17:44:00,765	[INFO]	26      RUN_CODE_ERROR        None  [2 edit(s)]       
2023-06-20 17:44:03,794	[DEBUG]	LineInsertion(('core/Solver.cc', '_inter_line', 771), ('core/Solver.cc', 'line', 379)) | LineReplacement(('core/Solver.cc', 'line', 963), ('core/Solver.cc', 'line', 507))
2023-06-20 17:44:03,794	[INFO]	27      COMPILE_CODE_ERROR    None  [2 edit(s)]       
2023-06-20 17:44:06,420	[DEBUG]	LineInsertion(('core/Solver.cc', '_inter_line', 771), ('core/Solver.cc', 'line', 379)) | LineInsertion(('core/Solver.cc', '_inter_line', 732), ('core/Solver.cc', 'line', 390))
2023-06-20 17:44:06,420	[INFO]	28      COMPILE_CODE_ERROR    None  [2 edit(s)]       
2023-06-20 17:50:07,566	[DEBUG]	LineInsertion(('core/Solver.cc', '_inter_line', 771), ('core/Solver.cc', 'line', 379)) | LineReplacement(('core/Solver.cc', 'line', 579), ('core/Solver.cc', 'line', 485))
2023-06-20 17:50:07,567	[INFO]	29      SUCCESS               343.3621 (99.72%) [2 edit(s)] 
2023-06-20 17:56:06,988	[DEBUG]	LineInsertion(('core/Solver.cc', '_inter_line', 771), ('core/Solver.cc', 'line', 379)) | LineDeletion(('core/Solver.cc', 'line', 231))
2023-06-20 17:56:06,989	[INFO]	30      SUCCESS               342.2605 (99.4%) [2 edit(s)] 
2023-06-20 17:56:09,684	[DEBUG]	LineInsertion(('core/Solver.cc', '_inter_line', 771), ('core/Solver.cc', 'line', 379)) | LineInsertion(('core/Solver.cc', '_inter_line', 562), ('core/Solver.cc', 'line', 334))
2023-06-20 17:56:09,684	[INFO]	31      COMPILE_CODE_ERROR    None  [2 edit(s)]       
2023-06-20 18:02:12,199	[DEBUG]	LineInsertion(('core/Solver.cc', '_inter_line', 771), ('core/Solver.cc', 'line', 379)) | LineInsertion(('core/Solver.cc', '_inter_line', 310), ('core/Solver.cc', 'line', 788))
2023-06-20 18:02:12,200	[INFO]	32      SUCCESS               344.9794 (100.19%) [2 edit(s)] 
2023-06-20 18:08:10,344	[DEBUG]	LineInsertion(('core/Solver.cc', '_inter_line', 771), ('core/Solver.cc', 'line', 379)) | LineInsertion(('core/Solver.cc', '_inter_line', 1037), ('core/Solver.cc', 'line', 255))
2023-06-20 18:08:10,345	[INFO]	33      SUCCESS               340.6403 (98.93%) [2 edit(s)] 
2023-06-20 18:08:13,026	[DEBUG]	LineInsertion(('core/Solver.cc', '_inter_line', 771), ('core/Solver.cc', 'line', 379)) | LineReplacement(('core/Solver.cc', 'line', 821), ('core/Solver.cc', 'line', 221))
2023-06-20 18:08:13,027	[INFO]	34      COMPILE_CODE_ERROR    None  [2 edit(s)]       
2023-06-20 18:14:13,548	[DEBUG]	LineInsertion(('core/Solver.cc', '_inter_line', 771), ('core/Solver.cc', 'line', 379)) | LineInsertion(('core/Solver.cc', '_inter_line', 789), ('core/Solver.cc', 'line', 778))
2023-06-20 18:14:13,549	[INFO]	35      SUCCESS               342.6065 (99.5%) [2 edit(s)] 
2023-06-20 18:14:16,320	[DEBUG]	LineInsertion(('core/Solver.cc', '_inter_line', 771), ('core/Solver.cc', 'line', 379)) | LineReplacement(('core/Solver.cc', 'line', 1009), ('core/Solver.cc', 'line', 263))
2023-06-20 18:14:16,320	[INFO]	36      COMPILE_CODE_ERROR    None  [2 edit(s)]       
2023-06-20 18:20:18,881	[DEBUG]	LineInsertion(('core/Solver.cc', '_inter_line', 771), ('core/Solver.cc', 'line', 379)) | LineReplacement(('core/Solver.cc', 'line', 854), ('core/Solver.cc', 'line', 456))
2023-06-20 18:20:18,881	[INFO]	37      SUCCESS               344.6859 (100.11%) [2 edit(s)] 
2023-06-20 18:26:17,685	[DEBUG]	LineInsertion(('core/Solver.cc', '_inter_line', 771), ('core/Solver.cc', 'line', 379)) | LineInsertion(('core/Solver.cc', '_inter_line', 1043), ('core/Solver.cc', 'line', 1032))
2023-06-20 18:26:17,686	[INFO]	38      SUCCESS               341.01 (99.04%) [2 edit(s)] 
2023-06-20 18:26:20,506	[DEBUG]	LineInsertion(('core/Solver.cc', '_inter_line', 771), ('core/Solver.cc', 'line', 379)) | LineInsertion(('core/Solver.cc', '_inter_line', 344), ('core/Solver.cc', 'line', 124))
2023-06-20 18:26:20,506	[INFO]	39      COMPILE_CODE_ERROR    None  [2 edit(s)]       
2023-06-20 18:26:37,914	[DEBUG]	LineInsertion(('core/Solver.cc', '_inter_line', 771), ('core/Solver.cc', 'line', 379)) | LineDeletion(('core/Solver.cc', 'line', 428))
2023-06-20 18:26:37,914	[INFO]	40      RUN_CODE_ERROR        None  [2 edit(s)]       
2023-06-20 18:26:37,966	[DEBUG]	LineInsertion(('core/Solver.cc', '_inter_line', 771), ('core/Solver.cc', 'line', 379)) | LineReplacement(('core/Solver.cc', 'line', 540), ('core/Solver.cc', 'line', 564))
2023-06-20 18:26:37,967	[INFO]	41      SUCCESS              +340.0283 (98.75%) [2 edit(s)] 
2023-06-20 18:26:37,974	[DEBUG]	--- before: core/Solver.cc
+++ after: core/Solver.cc
@@ -769,6 +769,7 @@
                 return l_Undef; }
 
             // Simplify the set of problem clauses:
+
             if (decisionLevel() == 0 && !simplify())
                 return l_False;
 

2023-06-20 18:26:38,025	[DEBUG]	LineReplacement(('core/Solver.cc', 'line', 540), ('core/Solver.cc', 'line', 564))
2023-06-20 18:26:38,025	[INFO]	42      SUCCESS               344.3227 (100.0%) [1 edit(s)] 
2023-06-20 18:26:40,724	[DEBUG]	LineInsertion(('core/Solver.cc', '_inter_line', 771), ('core/Solver.cc', 'line', 379)) | LineReplacement(('core/Solver.cc', 'line', 540), ('core/Solver.cc', 'line', 564)) | LineReplacement(('core/Solver.cc', 'line', 350), ('core/Solver.cc', 'line', 0))
2023-06-20 18:26:40,725	[INFO]	43      COMPILE_CODE_ERROR    None  [3 edit(s)]       
2023-06-20 18:32:39,301	[DEBUG]	LineInsertion(('core/Solver.cc', '_inter_line', 771), ('core/Solver.cc', 'line', 379)) | LineReplacement(('core/Solver.cc', 'line', 540), ('core/Solver.cc', 'line', 564)) | LineInsertion(('core/Solver.cc', '_inter_line', 216), ('core/Solver.cc', 'line', 48))
2023-06-20 18:32:39,302	[INFO]	44      SUCCESS               340.45 (98.88%) [3 edit(s)] 
2023-06-20 18:38:31,496	[DEBUG]	LineInsertion(('core/Solver.cc', '_inter_line', 771), ('core/Solver.cc', 'line', 379)) | LineReplacement(('core/Solver.cc', 'line', 540), ('core/Solver.cc', 'line', 564)) | LineReplacement(('core/Solver.cc', 'line', 311), ('core/Solver.cc', 'line', 691))
2023-06-20 18:38:31,497	[INFO]	45      SUCCESS              *334.6651 (97.2%) [3 edit(s)] 
2023-06-20 18:38:31,560	[DEBUG]	--- before: core/Solver.cc
+++ after: core/Solver.cc
@@ -309,7 +309,7 @@
 |      * Current decision level must be greater than root level.
 |
 |    Post-conditions:
-|      * 'out_learnt[0]' is the asserting literal at level 'out_btlevel'.
+    assert(ok);
 |      * If out_learnt.size() > 1 then 'out_learnt[1]' has the greatest decision level of the
 |        rest of literals. There may be others from the same level though.
 |
@@ -769,6 +769,7 @@
                 return l_Undef; }
 
             // Simplify the set of problem clauses:
+
             if (decisionLevel() == 0 && !simplify())
                 return l_False;
 

2023-06-20 18:44:25,267	[DEBUG]	LineReplacement(('core/Solver.cc', 'line', 540), ('core/Solver.cc', 'line', 564)) | LineReplacement(('core/Solver.cc', 'line', 311), ('core/Solver.cc', 'line', 691))
2023-06-20 18:44:25,268	[INFO]	46      SUCCESS               336.1868 (97.64%) [2 edit(s)] 
2023-06-20 18:44:27,994	[DEBUG]	LineInsertion(('core/Solver.cc', '_inter_line', 771), ('core/Solver.cc', 'line', 379)) | LineReplacement(('core/Solver.cc', 'line', 540), ('core/Solver.cc', 'line', 564)) | LineReplacement(('core/Solver.cc', 'line', 311), ('core/Solver.cc', 'line', 691)) | LineReplacement(('core/Solver.cc', 'line', 699), ('core/Solver.cc', 'line', 742))
2023-06-20 18:44:27,995	[INFO]	47      COMPILE_CODE_ERROR    None  [4 edit(s)]       
2023-06-20 18:50:19,455	[DEBUG]	LineInsertion(('core/Solver.cc', '_inter_line', 771), ('core/Solver.cc', 'line', 379)) | LineReplacement(('core/Solver.cc', 'line', 540), ('core/Solver.cc', 'line', 564)) | LineReplacement(('core/Solver.cc', 'line', 311), ('core/Solver.cc', 'line', 691)) | LineInsertion(('core/Solver.cc', '_inter_line', 735), ('core/Solver.cc', 'line', 804))
2023-06-20 18:50:19,456	[INFO]	48      SUCCESS              *333.805 (96.95%) [4 edit(s)] 
2023-06-20 18:50:19,525	[DEBUG]	--- before: core/Solver.cc
+++ after: core/Solver.cc
@@ -309,7 +309,7 @@
 |      * Current decision level must be greater than root level.
 |
 |    Post-conditions:
-|      * 'out_learnt[0]' is the asserting literal at level 'out_btlevel'.
+    assert(ok);
 |      * If out_learnt.size() > 1 then 'out_learnt[1]' has the greatest decision level of the
 |        rest of literals. There may be others from the same level though.
 |
@@ -733,6 +733,7 @@
                 uncheckedEnqueue(learnt_clause[0], cr);
             }
             /*if (output != NULL) {
+                    newDecisionLevel();
               for (int i = 0; i < learnt_clause.size(); i++)
                 fprintf(output, "%i " , (var(learnt_clause[i]) + 1) *
                                   (-2 * sign(learnt_clause[i]) + 1) );
@@ -769,6 +770,7 @@
                 return l_Undef; }
 
             // Simplify the set of problem clauses:
+
             if (decisionLevel() == 0 && !simplify())
                 return l_False;
 

2023-06-20 18:50:19,596	[DEBUG]	LineInsertion(('core/Solver.cc', '_inter_line', 771), ('core/Solver.cc', 'line', 379)) | LineReplacement(('core/Solver.cc', 'line', 311), ('core/Solver.cc', 'line', 691)) | LineInsertion(('core/Solver.cc', '_inter_line', 735), ('core/Solver.cc', 'line', 804))
2023-06-20 18:50:19,597	[INFO]	49      SUCCESS              +333.805 (96.95%) [3 edit(s)] 
2023-06-20 18:50:19,722	[DEBUG]	--- before: core/Solver.cc
+++ after: core/Solver.cc
@@ -309,7 +309,7 @@
 |      * Current decision level must be greater than root level.
 |
 |    Post-conditions:
-|      * 'out_learnt[0]' is the asserting literal at level 'out_btlevel'.
+    assert(ok);
 |      * If out_learnt.size() > 1 then 'out_learnt[1]' has the greatest decision level of the
 |        rest of literals. There may be others from the same level though.
 |
@@ -733,6 +733,7 @@
                 uncheckedEnqueue(learnt_clause[0], cr);
             }
             /*if (output != NULL) {
+                    newDecisionLevel();
               for (int i = 0; i < learnt_clause.size(); i++)
                 fprintf(output, "%i " , (var(learnt_clause[i]) + 1) *
                                   (-2 * sign(learnt_clause[i]) + 1) );
@@ -769,6 +770,7 @@
                 return l_Undef; }
 
             // Simplify the set of problem clauses:
+
             if (decisionLevel() == 0 && !simplify())
                 return l_False;
 

2023-06-20 18:51:34,387	[DEBUG]	LineInsertion(('core/Solver.cc', '_inter_line', 771), ('core/Solver.cc', 'line', 379)) | LineReplacement(('core/Solver.cc', 'line', 311), ('core/Solver.cc', 'line', 691)) | LineInsertion(('core/Solver.cc', '_inter_line', 735), ('core/Solver.cc', 'line', 804)) | LineInsertion(('core/Solver.cc', '_inter_line', 436), ('core/Solver.cc', 'line', 245))
2023-06-20 18:51:34,387	[INFO]	50      RUN_CODE_ERROR        None  [4 edit(s)]       
2023-06-20 18:57:26,509	[DEBUG]	LineInsertion(('core/Solver.cc', '_inter_line', 771), ('core/Solver.cc', 'line', 379)) | LineReplacement(('core/Solver.cc', 'line', 311), ('core/Solver.cc', 'line', 691)) | LineInsertion(('core/Solver.cc', '_inter_line', 735), ('core/Solver.cc', 'line', 804)) | LineDeletion(('core/Solver.cc', 'line', 466))
2023-06-20 18:57:26,510	[INFO]	51      SUCCESS               334.4155 (97.12%) [4 edit(s)] 
2023-06-20 19:03:18,371	[DEBUG]	LineInsertion(('core/Solver.cc', '_inter_line', 771), ('core/Solver.cc', 'line', 379)) | LineInsertion(('core/Solver.cc', '_inter_line', 735), ('core/Solver.cc', 'line', 804))
2023-06-20 19:03:18,371	[INFO]	52      SUCCESS               334.1791 (97.05%) [2 edit(s)] 
2023-06-20 19:09:14,627	[DEBUG]	LineReplacement(('core/Solver.cc', 'line', 311), ('core/Solver.cc', 'line', 691)) | LineInsertion(('core/Solver.cc', '_inter_line', 735), ('core/Solver.cc', 'line', 804))
2023-06-20 19:09:14,627	[INFO]	53      SUCCESS               338.7056 (98.37%) [2 edit(s)] 
2023-06-20 19:09:17,408	[DEBUG]	LineInsertion(('core/Solver.cc', '_inter_line', 771), ('core/Solver.cc', 'line', 379)) | LineReplacement(('core/Solver.cc', 'line', 311), ('core/Solver.cc', 'line', 691)) | LineInsertion(('core/Solver.cc', '_inter_line', 735), ('core/Solver.cc', 'line', 804)) | LineReplacement(('core/Solver.cc', 'line', 693), ('core/Solver.cc', 'line', 892))
2023-06-20 19:09:17,409	[INFO]	54      COMPILE_CODE_ERROR    None  [4 edit(s)]       
2023-06-20 19:15:10,231	[DEBUG]	LineInsertion(('core/Solver.cc', '_inter_line', 771), ('core/Solver.cc', 'line', 379)) | LineReplacement(('core/Solver.cc', 'line', 311), ('core/Solver.cc', 'line', 691)) | LineInsertion(('core/Solver.cc', '_inter_line', 735), ('core/Solver.cc', 'line', 804)) | LineReplacement(('core/Solver.cc', 'line', 802), ('core/Solver.cc', 'line', 208))
2023-06-20 19:15:10,232	[INFO]	55      SUCCESS               335.1241 (97.33%) [4 edit(s)] 
2023-06-20 19:15:10,284	[DEBUG]	LineInsertion(('core/Solver.cc', '_inter_line', 771), ('core/Solver.cc', 'line', 379)) | LineReplacement(('core/Solver.cc', 'line', 311), ('core/Solver.cc', 'line', 691))
2023-06-20 19:15:10,284	[INFO]	56      SUCCESS               334.6651 (97.2%) [2 edit(s)] 
2023-06-20 19:21:03,679	[DEBUG]	LineInsertion(('core/Solver.cc', '_inter_line', 771), ('core/Solver.cc', 'line', 379)) | LineReplacement(('core/Solver.cc', 'line', 311), ('core/Solver.cc', 'line', 691)) | LineInsertion(('core/Solver.cc', '_inter_line', 735), ('core/Solver.cc', 'line', 804)) | LineDeletion(('core/Solver.cc', 'line', 684))
2023-06-20 19:21:03,680	[INFO]	57      SUCCESS               336.063 (97.6%) [4 edit(s)] 
2023-06-20 19:26:58,094	[DEBUG]	LineInsertion(('core/Solver.cc', '_inter_line', 771), ('core/Solver.cc', 'line', 379)) | LineReplacement(('core/Solver.cc', 'line', 311), ('core/Solver.cc', 'line', 691)) | LineInsertion(('core/Solver.cc', '_inter_line', 735), ('core/Solver.cc', 'line', 804)) | LineInsertion(('core/Solver.cc', '_inter_line', 727), ('core/Solver.cc', 'line', 69))
2023-06-20 19:26:58,095	[INFO]	58      SUCCESS               336.5914 (97.75%) [4 edit(s)] 
2023-06-20 19:27:00,769	[DEBUG]	LineInsertion(('core/Solver.cc', '_inter_line', 771), ('core/Solver.cc', 'line', 379)) | LineReplacement(('core/Solver.cc', 'line', 311), ('core/Solver.cc', 'line', 691)) | LineInsertion(('core/Solver.cc', '_inter_line', 735), ('core/Solver.cc', 'line', 804)) | LineReplacement(('core/Solver.cc', 'line', 621), ('core/Solver.cc', 'line', 837))
2023-06-20 19:27:00,769	[INFO]	59      COMPILE_CODE_ERROR    None  [4 edit(s)]       
2023-06-20 19:32:52,366	[DEBUG]	LineInsertion(('core/Solver.cc', '_inter_line', 771), ('core/Solver.cc', 'line', 379)) | LineReplacement(('core/Solver.cc', 'line', 311), ('core/Solver.cc', 'line', 691)) | LineInsertion(('core/Solver.cc', '_inter_line', 735), ('core/Solver.cc', 'line', 804)) | LineDeletion(('core/Solver.cc', 'line', 171))
2023-06-20 19:32:52,367	[INFO]	60      SUCCESS               334.588 (97.17%) [4 edit(s)] 
2023-06-20 19:38:43,099	[DEBUG]	LineInsertion(('core/Solver.cc', '_inter_line', 771), ('core/Solver.cc', 'line', 379)) | LineReplacement(('core/Solver.cc', 'line', 311), ('core/Solver.cc', 'line', 691)) | LineInsertion(('core/Solver.cc', '_inter_line', 735), ('core/Solver.cc', 'line', 804)) | LineInsertion(('core/Solver.cc', '_inter_line', 568), ('core/Solver.cc', 'line', 564))
2023-06-20 19:38:43,099	[INFO]	61      SUCCESS              *333.1254 (96.75%) [4 edit(s)] 
2023-06-20 19:38:43,152	[DEBUG]	--- before: core/Solver.cc
+++ after: core/Solver.cc
@@ -309,7 +309,7 @@
 |      * Current decision level must be greater than root level.
 |
 |    Post-conditions:
-|      * 'out_learnt[0]' is the asserting literal at level 'out_btlevel'.
+    assert(ok);
 |      * If out_learnt.size() > 1 then 'out_learnt[1]' has the greatest decision level of the
 |        rest of literals. There may be others from the same level though.
 |
@@ -566,6 +566,7 @@
         NextClause:;
         }
         ws.shrink(i - j);
+
     }
     propagations += num_props;
     simpDB_props -= num_props;
@@ -733,6 +734,7 @@
                 uncheckedEnqueue(learnt_clause[0], cr);
             }
             /*if (output != NULL) {
+                    newDecisionLevel();
               for (int i = 0; i < learnt_clause.size(); i++)
                 fprintf(output, "%i " , (var(learnt_clause[i]) + 1) *
                                   (-2 * sign(learnt_clause[i]) + 1) );
@@ -769,6 +771,7 @@
                 return l_Undef; }
 
             // Simplify the set of problem clauses:
+
             if (decisionLevel() == 0 && !simplify())
                 return l_False;
 

2023-06-20 19:44:33,790	[DEBUG]	LineInsertion(('core/Solver.cc', '_inter_line', 771), ('core/Solver.cc', 'line', 379)) | LineInsertion(('core/Solver.cc', '_inter_line', 735), ('core/Solver.cc', 'line', 804)) | LineInsertion(('core/Solver.cc', '_inter_line', 568), ('core/Solver.cc', 'line', 564))
2023-06-20 19:44:33,791	[INFO]	62      SUCCESS               333.1568 (96.76%) [3 edit(s)] 
2023-06-20 19:50:27,623	[DEBUG]	LineInsertion(('core/Solver.cc', '_inter_line', 771), ('core/Solver.cc', 'line', 379)) | LineReplacement(('core/Solver.cc', 'line', 311), ('core/Solver.cc', 'line', 691)) | LineInsertion(('core/Solver.cc', '_inter_line', 735), ('core/Solver.cc', 'line', 804)) | LineInsertion(('core/Solver.cc', '_inter_line', 568), ('core/Solver.cc', 'line', 564)) | LineInsertion(('core/Solver.cc', '_inter_line', 827), ('core/Solver.cc', 'line', 321))
2023-06-20 19:50:27,623	[INFO]	63      SUCCESS               336.0582 (97.6%) [5 edit(s)] 
2023-06-20 19:56:20,270	[DEBUG]	LineReplacement(('core/Solver.cc', 'line', 311), ('core/Solver.cc', 'line', 691)) | LineInsertion(('core/Solver.cc', '_inter_line', 735), ('core/Solver.cc', 'line', 804)) | LineInsertion(('core/Solver.cc', '_inter_line', 568), ('core/Solver.cc', 'line', 564))
2023-06-20 19:56:20,271	[INFO]	64      SUCCESS               334.838 (97.25%) [3 edit(s)] 
2023-06-20 19:56:22,943	[DEBUG]	LineInsertion(('core/Solver.cc', '_inter_line', 771), ('core/Solver.cc', 'line', 379)) | LineReplacement(('core/Solver.cc', 'line', 311), ('core/Solver.cc', 'line', 691)) | LineInsertion(('core/Solver.cc', '_inter_line', 735), ('core/Solver.cc', 'line', 804)) | LineInsertion(('core/Solver.cc', '_inter_line', 568), ('core/Solver.cc', 'line', 564)) | LineReplacement(('core/Solver.cc', 'line', 131), ('core/Solver.cc', 'line', 398))
2023-06-20 19:56:22,943	[INFO]	65      COMPILE_CODE_ERROR    None  [5 edit(s)]       
2023-06-20 20:02:17,149	[DEBUG]	LineInsertion(('core/Solver.cc', '_inter_line', 771), ('core/Solver.cc', 'line', 379)) | LineReplacement(('core/Solver.cc', 'line', 311), ('core/Solver.cc', 'line', 691)) | LineInsertion(('core/Solver.cc', '_inter_line', 735), ('core/Solver.cc', 'line', 804)) | LineInsertion(('core/Solver.cc', '_inter_line', 568), ('core/Solver.cc', 'line', 564)) | LineDeletion(('core/Solver.cc', 'line', 577))
2023-06-20 20:02:17,149	[INFO]	66      SUCCESS               336.67 (97.78%) [5 edit(s)] 
2023-06-20 20:02:19,926	[DEBUG]	LineInsertion(('core/Solver.cc', '_inter_line', 771), ('core/Solver.cc', 'line', 379)) | LineReplacement(('core/Solver.cc', 'line', 311), ('core/Solver.cc', 'line', 691)) | LineInsertion(('core/Solver.cc', '_inter_line', 735), ('core/Solver.cc', 'line', 804)) | LineInsertion(('core/Solver.cc', '_inter_line', 568), ('core/Solver.cc', 'line', 564)) | LineInsertion(('core/Solver.cc', '_inter_line', 608), ('core/Solver.cc', 'line', 727))
2023-06-20 20:02:19,927	[INFO]	67      COMPILE_CODE_ERROR    None  [5 edit(s)]       
2023-06-20 20:08:22,465	[DEBUG]	LineInsertion(('core/Solver.cc', '_inter_line', 771), ('core/Solver.cc', 'line', 379)) | LineReplacement(('core/Solver.cc', 'line', 311), ('core/Solver.cc', 'line', 691)) | LineInsertion(('core/Solver.cc', '_inter_line', 735), ('core/Solver.cc', 'line', 804)) | LineInsertion(('core/Solver.cc', '_inter_line', 568), ('core/Solver.cc', 'line', 564)) | LineReplacement(('core/Solver.cc', 'line', 761), ('core/Solver.cc', 'line', 735))
2023-06-20 20:08:22,465	[INFO]	68      SUCCESS               344.9152 (100.17%) [5 edit(s)] 
2023-06-20 20:14:18,632	[DEBUG]	LineInsertion(('core/Solver.cc', '_inter_line', 771), ('core/Solver.cc', 'line', 379)) | LineReplacement(('core/Solver.cc', 'line', 311), ('core/Solver.cc', 'line', 691)) | LineInsertion(('core/Solver.cc', '_inter_line', 735), ('core/Solver.cc', 'line', 804)) | LineInsertion(('core/Solver.cc', '_inter_line', 568), ('core/Solver.cc', 'line', 564)) | LineInsertion(('core/Solver.cc', '_inter_line', 786), ('core/Solver.cc', 'line', 521))
2023-06-20 20:14:18,632	[INFO]	69      SUCCESS               338.1527 (98.21%) [5 edit(s)] 
2023-06-20 20:14:18,685	[DEBUG]	LineInsertion(('core/Solver.cc', '_inter_line', 771), ('core/Solver.cc', 'line', 379)) | LineReplacement(('core/Solver.cc', 'line', 311), ('core/Solver.cc', 'line', 691)) | LineInsertion(('core/Solver.cc', '_inter_line', 735), ('core/Solver.cc', 'line', 804))
2023-06-20 20:14:18,685	[INFO]	70      SUCCESS               333.805 (96.95%) [3 edit(s)] 
2023-06-20 20:20:15,548	[DEBUG]	LineInsertion(('core/Solver.cc', '_inter_line', 771), ('core/Solver.cc', 'line', 379)) | LineReplacement(('core/Solver.cc', 'line', 311), ('core/Solver.cc', 'line', 691)) | LineInsertion(('core/Solver.cc', '_inter_line', 735), ('core/Solver.cc', 'line', 804)) | LineInsertion(('core/Solver.cc', '_inter_line', 568), ('core/Solver.cc', 'line', 564)) | LineDeletion(('core/Solver.cc', 'line', 496))
2023-06-20 20:20:15,548	[INFO]	71      SUCCESS               339.2849 (98.54%) [5 edit(s)] 
2023-06-20 20:20:18,115	[DEBUG]	LineInsertion(('core/Solver.cc', '_inter_line', 771), ('core/Solver.cc', 'line', 379)) | LineReplacement(('core/Solver.cc', 'line', 311), ('core/Solver.cc', 'line', 691)) | LineInsertion(('core/Solver.cc', '_inter_line', 735), ('core/Solver.cc', 'line', 804)) | LineInsertion(('core/Solver.cc', '_inter_line', 568), ('core/Solver.cc', 'line', 564)) | LineReplacement(('core/Solver.cc', 'line', 470), ('core/Solver.cc', 'line', 929))
2023-06-20 20:20:18,115	[INFO]	72      COMPILE_CODE_ERROR    None  [5 edit(s)]       
2023-06-20 20:26:11,280	[DEBUG]	LineInsertion(('core/Solver.cc', '_inter_line', 771), ('core/Solver.cc', 'line', 379)) | LineReplacement(('core/Solver.cc', 'line', 311), ('core/Solver.cc', 'line', 691)) | LineInsertion(('core/Solver.cc', '_inter_line', 568), ('core/Solver.cc', 'line', 564))
2023-06-20 20:26:11,280	[INFO]	73      SUCCESS               336.0329 (97.59%) [3 edit(s)] 
2023-06-20 20:26:14,076	[DEBUG]	LineInsertion(('core/Solver.cc', '_inter_line', 771), ('core/Solver.cc', 'line', 379)) | LineReplacement(('core/Solver.cc', 'line', 311), ('core/Solver.cc', 'line', 691)) | LineInsertion(('core/Solver.cc', '_inter_line', 735), ('core/Solver.cc', 'line', 804)) | LineInsertion(('core/Solver.cc', '_inter_line', 568), ('core/Solver.cc', 'line', 564)) | LineInsertion(('core/Solver.cc', '_inter_line', 926), ('core/Solver.cc', 'line', 871))
2023-06-20 20:26:14,076	[INFO]	74      COMPILE_CODE_ERROR    None  [5 edit(s)]       
2023-06-20 20:32:08,195	[DEBUG]	LineInsertion(('core/Solver.cc', '_inter_line', 771), ('core/Solver.cc', 'line', 379)) | LineReplacement(('core/Solver.cc', 'line', 311), ('core/Solver.cc', 'line', 691)) | LineInsertion(('core/Solver.cc', '_inter_line', 735), ('core/Solver.cc', 'line', 804)) | LineInsertion(('core/Solver.cc', '_inter_line', 568), ('core/Solver.cc', 'line', 564)) | LineInsertion(('core/Solver.cc', '_inter_line', 429), ('core/Solver.cc', 'line', 50))
2023-06-20 20:32:08,196	[INFO]	75      SUCCESS               336.5058 (97.73%) [5 edit(s)] 
2023-06-20 20:32:10,888	[DEBUG]	LineInsertion(('core/Solver.cc', '_inter_line', 771), ('core/Solver.cc', 'line', 379)) | LineReplacement(('core/Solver.cc', 'line', 311), ('core/Solver.cc', 'line', 691)) | LineInsertion(('core/Solver.cc', '_inter_line', 735), ('core/Solver.cc', 'line', 804)) | LineInsertion(('core/Solver.cc', '_inter_line', 568), ('core/Solver.cc', 'line', 564)) | LineInsertion(('core/Solver.cc', '_inter_line', 213), ('core/Solver.cc', 'line', 181))
2023-06-20 20:32:10,888	[INFO]	76      COMPILE_CODE_ERROR    None  [5 edit(s)]       
2023-06-20 20:32:13,601	[DEBUG]	LineInsertion(('core/Solver.cc', '_inter_line', 771), ('core/Solver.cc', 'line', 379)) | LineReplacement(('core/Solver.cc', 'line', 311), ('core/Solver.cc', 'line', 691)) | LineInsertion(('core/Solver.cc', '_inter_line', 735), ('core/Solver.cc', 'line', 804)) | LineInsertion(('core/Solver.cc', '_inter_line', 568), ('core/Solver.cc', 'line', 564)) | LineInsertion(('core/Solver.cc', '_inter_line', 398), ('core/Solver.cc', 'line', 114))
2023-06-20 20:32:13,601	[INFO]	77      COMPILE_CODE_ERROR    None  [5 edit(s)]       
2023-06-20 20:32:16,286	[DEBUG]	LineInsertion(('core/Solver.cc', '_inter_line', 771), ('core/Solver.cc', 'line', 379)) | LineReplacement(('core/Solver.cc', 'line', 311), ('core/Solver.cc', 'line', 691)) | LineInsertion(('core/Solver.cc', '_inter_line', 735), ('core/Solver.cc', 'line', 804)) | LineInsertion(('core/Solver.cc', '_inter_line', 568), ('core/Solver.cc', 'line', 564)) | LineInsertion(('core/Solver.cc', '_inter_line', 631), ('core/Solver.cc', 'line', 942))
2023-06-20 20:32:16,286	[INFO]	78      COMPILE_CODE_ERROR    None  [5 edit(s)]       
2023-06-20 20:38:08,516	[DEBUG]	LineInsertion(('core/Solver.cc', '_inter_line', 771), ('core/Solver.cc', 'line', 379)) | LineReplacement(('core/Solver.cc', 'line', 311), ('core/Solver.cc', 'line', 691)) | LineInsertion(('core/Solver.cc', '_inter_line', 735), ('core/Solver.cc', 'line', 804)) | LineInsertion(('core/Solver.cc', '_inter_line', 568), ('core/Solver.cc', 'line', 564)) | LineDeletion(('core/Solver.cc', 'line', 806))
2023-06-20 20:38:08,516	[INFO]	79      SUCCESS               334.8725 (97.26%) [5 edit(s)] 
2023-06-20 20:38:11,265	[DEBUG]	LineInsertion(('core/Solver.cc', '_inter_line', 771), ('core/Solver.cc', 'line', 379)) | LineReplacement(('core/Solver.cc', 'line', 311), ('core/Solver.cc', 'line', 691)) | LineInsertion(('core/Solver.cc', '_inter_line', 735), ('core/Solver.cc', 'line', 804)) | LineInsertion(('core/Solver.cc', '_inter_line', 568), ('core/Solver.cc', 'line', 564)) | LineReplacement(('core/Solver.cc', 'line', 428), ('core/Solver.cc', 'line', 448))
2023-06-20 20:38:11,266	[INFO]	80      COMPILE_CODE_ERROR    None  [5 edit(s)]       
2023-06-20 20:38:14,057	[DEBUG]	LineInsertion(('core/Solver.cc', '_inter_line', 771), ('core/Solver.cc', 'line', 379)) | LineReplacement(('core/Solver.cc', 'line', 311), ('core/Solver.cc', 'line', 691)) | LineInsertion(('core/Solver.cc', '_inter_line', 735), ('core/Solver.cc', 'line', 804)) | LineInsertion(('core/Solver.cc', '_inter_line', 568), ('core/Solver.cc', 'line', 564)) | LineReplacement(('core/Solver.cc', 'line', 387), ('core/Solver.cc', 'line', 783))
2023-06-20 20:38:14,058	[INFO]	81      COMPILE_CODE_ERROR    None  [5 edit(s)]       
2023-06-20 20:44:06,752	[DEBUG]	LineInsertion(('core/Solver.cc', '_inter_line', 771), ('core/Solver.cc', 'line', 379)) | LineReplacement(('core/Solver.cc', 'line', 311), ('core/Solver.cc', 'line', 691)) | LineInsertion(('core/Solver.cc', '_inter_line', 735), ('core/Solver.cc', 'line', 804)) | LineInsertion(('core/Solver.cc', '_inter_line', 568), ('core/Solver.cc', 'line', 564)) | LineDeletion(('core/Solver.cc', 'line', 988))
2023-06-20 20:44:06,752	[INFO]	82      SUCCESS               335.1978 (97.35%) [5 edit(s)] 
2023-06-20 20:44:09,953	[DEBUG]	LineInsertion(('core/Solver.cc', '_inter_line', 771), ('core/Solver.cc', 'line', 379)) | LineReplacement(('core/Solver.cc', 'line', 311), ('core/Solver.cc', 'line', 691)) | LineInsertion(('core/Solver.cc', '_inter_line', 735), ('core/Solver.cc', 'line', 804)) | LineInsertion(('core/Solver.cc', '_inter_line', 568), ('core/Solver.cc', 'line', 564)) | LineInsertion(('core/Solver.cc', '_inter_line', 341), ('core/Solver.cc', 'line', 254))
2023-06-20 20:44:09,954	[INFO]	83      COMPILE_CODE_ERROR    None  [5 edit(s)]       
2023-06-20 20:50:03,060	[DEBUG]	LineInsertion(('core/Solver.cc', '_inter_line', 771), ('core/Solver.cc', 'line', 379)) | LineReplacement(('core/Solver.cc', 'line', 311), ('core/Solver.cc', 'line', 691)) | LineInsertion(('core/Solver.cc', '_inter_line', 735), ('core/Solver.cc', 'line', 804)) | LineInsertion(('core/Solver.cc', '_inter_line', 568), ('core/Solver.cc', 'line', 564)) | LineInsertion(('core/Solver.cc', '_inter_line', 1044), ('core/Solver.cc', 'line', 471))
2023-06-20 20:50:03,060	[INFO]	84      SUCCESS               335.5031 (97.44%) [5 edit(s)] 
2023-06-20 20:50:05,744	[DEBUG]	LineInsertion(('core/Solver.cc', '_inter_line', 771), ('core/Solver.cc', 'line', 379)) | LineReplacement(('core/Solver.cc', 'line', 311), ('core/Solver.cc', 'line', 691)) | LineInsertion(('core/Solver.cc', '_inter_line', 735), ('core/Solver.cc', 'line', 804)) | LineInsertion(('core/Solver.cc', '_inter_line', 568), ('core/Solver.cc', 'line', 564)) | LineDeletion(('core/Solver.cc', 'line', 758))
2023-06-20 20:50:05,745	[INFO]	85      COMPILE_CODE_ERROR    None  [5 edit(s)]       
2023-06-20 20:50:08,329	[DEBUG]	LineInsertion(('core/Solver.cc', '_inter_line', 771), ('core/Solver.cc', 'line', 379)) | LineReplacement(('core/Solver.cc', 'line', 311), ('core/Solver.cc', 'line', 691)) | LineInsertion(('core/Solver.cc', '_inter_line', 735), ('core/Solver.cc', 'line', 804)) | LineInsertion(('core/Solver.cc', '_inter_line', 568), ('core/Solver.cc', 'line', 564)) | LineInsertion(('core/Solver.cc', '_inter_line', 773), ('core/Solver.cc', 'line', 644))
2023-06-20 20:50:08,329	[INFO]	86      COMPILE_CODE_ERROR    None  [5 edit(s)]       
2023-06-20 20:50:11,030	[DEBUG]	LineInsertion(('core/Solver.cc', '_inter_line', 771), ('core/Solver.cc', 'line', 379)) | LineReplacement(('core/Solver.cc', 'line', 311), ('core/Solver.cc', 'line', 691)) | LineInsertion(('core/Solver.cc', '_inter_line', 735), ('core/Solver.cc', 'line', 804)) | LineInsertion(('core/Solver.cc', '_inter_line', 568), ('core/Solver.cc', 'line', 564)) | LineReplacement(('core/Solver.cc', 'line', 202), ('core/Solver.cc', 'line', 719))
2023-06-20 20:50:11,030	[INFO]	87      COMPILE_CODE_ERROR    None  [5 edit(s)]       
2023-06-20 20:56:51,713	[DEBUG]	LineInsertion(('core/Solver.cc', '_inter_line', 771), ('core/Solver.cc', 'line', 379)) | LineReplacement(('core/Solver.cc', 'line', 311), ('core/Solver.cc', 'line', 691)) | LineInsertion(('core/Solver.cc', '_inter_line', 735), ('core/Solver.cc', 'line', 804)) | LineInsertion(('core/Solver.cc', '_inter_line', 568), ('core/Solver.cc', 'line', 564)) | LineDeletion(('core/Solver.cc', 'line', 604))
2023-06-20 20:56:51,713	[INFO]	88      SUCCESS               381.9814 (110.94%) [5 edit(s)] 
2023-06-20 20:56:54,455	[DEBUG]	LineInsertion(('core/Solver.cc', '_inter_line', 771), ('core/Solver.cc', 'line', 379)) | LineReplacement(('core/Solver.cc', 'line', 311), ('core/Solver.cc', 'line', 691)) | LineInsertion(('core/Solver.cc', '_inter_line', 735), ('core/Solver.cc', 'line', 804)) | LineInsertion(('core/Solver.cc', '_inter_line', 568), ('core/Solver.cc', 'line', 564)) | LineDeletion(('core/Solver.cc', 'line', 44))
2023-06-20 20:56:54,456	[INFO]	89      COMPILE_CODE_ERROR    None  [5 edit(s)]       
2023-06-20 20:56:57,192	[DEBUG]	LineInsertion(('core/Solver.cc', '_inter_line', 771), ('core/Solver.cc', 'line', 379)) | LineReplacement(('core/Solver.cc', 'line', 311), ('core/Solver.cc', 'line', 691)) | LineInsertion(('core/Solver.cc', '_inter_line', 735), ('core/Solver.cc', 'line', 804)) | LineInsertion(('core/Solver.cc', '_inter_line', 568), ('core/Solver.cc', 'line', 564)) | LineReplacement(('core/Solver.cc', 'line', 991), ('core/Solver.cc', 'line', 1011))
2023-06-20 20:56:57,192	[INFO]	90      COMPILE_CODE_ERROR    None  [5 edit(s)]       
2023-06-20 21:02:50,926	[DEBUG]	LineInsertion(('core/Solver.cc', '_inter_line', 771), ('core/Solver.cc', 'line', 379)) | LineReplacement(('core/Solver.cc', 'line', 311), ('core/Solver.cc', 'line', 691)) | LineInsertion(('core/Solver.cc', '_inter_line', 735), ('core/Solver.cc', 'line', 804)) | LineInsertion(('core/Solver.cc', '_inter_line', 568), ('core/Solver.cc', 'line', 564)) | LineInsertion(('core/Solver.cc', '_inter_line', 731), ('core/Solver.cc', 'line', 372))
2023-06-20 21:02:50,927	[INFO]	91      SUCCESS               336.0787 (97.61%) [5 edit(s)] 
2023-06-20 21:08:45,259	[DEBUG]	LineInsertion(('core/Solver.cc', '_inter_line', 771), ('core/Solver.cc', 'line', 379)) | LineReplacement(('core/Solver.cc', 'line', 311), ('core/Solver.cc', 'line', 691)) | LineInsertion(('core/Solver.cc', '_inter_line', 735), ('core/Solver.cc', 'line', 804)) | LineInsertion(('core/Solver.cc', '_inter_line', 568), ('core/Solver.cc', 'line', 564)) | LineDeletion(('core/Solver.cc', 'line', 761))
2023-06-20 21:08:45,259	[INFO]	92      SUCCESS               336.715 (97.79%) [5 edit(s)] 
2023-06-20 21:09:03,917	[DEBUG]	LineInsertion(('core/Solver.cc', '_inter_line', 771), ('core/Solver.cc', 'line', 379)) | LineReplacement(('core/Solver.cc', 'line', 311), ('core/Solver.cc', 'line', 691)) | LineInsertion(('core/Solver.cc', '_inter_line', 735), ('core/Solver.cc', 'line', 804)) | LineInsertion(('core/Solver.cc', '_inter_line', 568), ('core/Solver.cc', 'line', 564)) | LineDeletion(('core/Solver.cc', 'line', 360))
2023-06-20 21:09:03,917	[INFO]	93      RUN_CODE_ERROR        None  [5 edit(s)]       
2023-06-20 21:09:06,359	[DEBUG]	LineInsertion(('core/Solver.cc', '_inter_line', 771), ('core/Solver.cc', 'line', 379)) | LineReplacement(('core/Solver.cc', 'line', 311), ('core/Solver.cc', 'line', 691)) | LineInsertion(('core/Solver.cc', '_inter_line', 735), ('core/Solver.cc', 'line', 804)) | LineInsertion(('core/Solver.cc', '_inter_line', 568), ('core/Solver.cc', 'line', 564)) | LineInsertion(('core/Solver.cc', '_inter_line', 122), ('core/Solver.cc', 'line', 108))
2023-06-20 21:09:06,360	[INFO]	94      COMPILE_CODE_ERROR    None  [5 edit(s)]       
2023-06-20 21:09:08,918	[DEBUG]	LineInsertion(('core/Solver.cc', '_inter_line', 771), ('core/Solver.cc', 'line', 379)) | LineReplacement(('core/Solver.cc', 'line', 311), ('core/Solver.cc', 'line', 691)) | LineInsertion(('core/Solver.cc', '_inter_line', 735), ('core/Solver.cc', 'line', 804)) | LineInsertion(('core/Solver.cc', '_inter_line', 568), ('core/Solver.cc', 'line', 564)) | LineInsertion(('core/Solver.cc', '_inter_line', 1051), ('core/Solver.cc', 'line', 158))
2023-06-20 21:09:08,918	[INFO]	95      COMPILE_CODE_ERROR    None  [5 edit(s)]       
2023-06-20 21:15:01,020	[DEBUG]	LineInsertion(('core/Solver.cc', '_inter_line', 771), ('core/Solver.cc', 'line', 379)) | LineReplacement(('core/Solver.cc', 'line', 311), ('core/Solver.cc', 'line', 691)) | LineInsertion(('core/Solver.cc', '_inter_line', 735), ('core/Solver.cc', 'line', 804)) | LineInsertion(('core/Solver.cc', '_inter_line', 568), ('core/Solver.cc', 'line', 564)) | LineReplacement(('core/Solver.cc', 'line', 425), ('core/Solver.cc', 'line', 667))
2023-06-20 21:15:01,021	[INFO]	96      SUCCESS               334.6773 (97.2%) [5 edit(s)] 
2023-06-20 21:15:03,908	[DEBUG]	LineInsertion(('core/Solver.cc', '_inter_line', 771), ('core/Solver.cc', 'line', 379)) | LineReplacement(('core/Solver.cc', 'line', 311), ('core/Solver.cc', 'line', 691)) | LineInsertion(('core/Solver.cc', '_inter_line', 735), ('core/Solver.cc', 'line', 804)) | LineInsertion(('core/Solver.cc', '_inter_line', 568), ('core/Solver.cc', 'line', 564)) | LineReplacement(('core/Solver.cc', 'line', 968), ('core/Solver.cc', 'line', 672))
2023-06-20 21:15:03,909	[INFO]	97      COMPILE_CODE_ERROR    None  [5 edit(s)]       
2023-06-20 21:16:41,765	[DEBUG]	LineInsertion(('core/Solver.cc', '_inter_line', 771), ('core/Solver.cc', 'line', 379)) | LineReplacement(('core/Solver.cc', 'line', 311), ('core/Solver.cc', 'line', 691)) | LineInsertion(('core/Solver.cc', '_inter_line', 735), ('core/Solver.cc', 'line', 804)) | LineInsertion(('core/Solver.cc', '_inter_line', 568), ('core/Solver.cc', 'line', 564)) | LineDeletion(('core/Solver.cc', 'line', 703))
2023-06-20 21:16:41,765	[INFO]	98      RUN_CODE_ERROR        None  [5 edit(s)]       
2023-06-20 21:16:44,381	[DEBUG]	LineInsertion(('core/Solver.cc', '_inter_line', 771), ('core/Solver.cc', 'line', 379)) | LineReplacement(('core/Solver.cc', 'line', 311), ('core/Solver.cc', 'line', 691)) | LineInsertion(('core/Solver.cc', '_inter_line', 735), ('core/Solver.cc', 'line', 804)) | LineInsertion(('core/Solver.cc', '_inter_line', 568), ('core/Solver.cc', 'line', 564)) | LineDeletion(('core/Solver.cc', 'line', 270))
2023-06-20 21:16:44,381	[INFO]	99      COMPILE_CODE_ERROR    None  [5 edit(s)]       
2023-06-20 21:16:47,119	[DEBUG]	LineInsertion(('core/Solver.cc', '_inter_line', 771), ('core/Solver.cc', 'line', 379)) | LineReplacement(('core/Solver.cc', 'line', 311), ('core/Solver.cc', 'line', 691)) | LineInsertion(('core/Solver.cc', '_inter_line', 735), ('core/Solver.cc', 'line', 804)) | LineInsertion(('core/Solver.cc', '_inter_line', 568), ('core/Solver.cc', 'line', 564)) | LineDeletion(('core/Solver.cc', 'line', 780))
2023-06-20 21:16:47,119	[INFO]	100     COMPILE_CODE_ERROR    None  [5 edit(s)]       
2023-06-20 21:16:49,876	[DEBUG]	LineInsertion(('core/Solver.cc', '_inter_line', 771), ('core/Solver.cc', 'line', 379)) | LineReplacement(('core/Solver.cc', 'line', 311), ('core/Solver.cc', 'line', 691)) | LineInsertion(('core/Solver.cc', '_inter_line', 735), ('core/Solver.cc', 'line', 804)) | LineInsertion(('core/Solver.cc', '_inter_line', 568), ('core/Solver.cc', 'line', 564)) | LineInsertion(('core/Solver.cc', '_inter_line', 497), ('core/Solver.cc', 'line', 447))
2023-06-20 21:16:49,876	[INFO]	101     COMPILE_CODE_ERROR    None  [5 edit(s)]       
2023-06-20 21:16:52,587	[DEBUG]	LineInsertion(('core/Solver.cc', '_inter_line', 771), ('core/Solver.cc', 'line', 379)) | LineReplacement(('core/Solver.cc', 'line', 311), ('core/Solver.cc', 'line', 691)) | LineInsertion(('core/Solver.cc', '_inter_line', 735), ('core/Solver.cc', 'line', 804)) | LineInsertion(('core/Solver.cc', '_inter_line', 568), ('core/Solver.cc', 'line', 564)) | LineInsertion(('core/Solver.cc', '_inter_line', 393), ('core/Solver.cc', 'line', 550))
2023-06-20 21:16:52,588	[INFO]	102     COMPILE_CODE_ERROR    None  [5 edit(s)]       
2023-06-20 21:22:44,084	[DEBUG]	LineInsertion(('core/Solver.cc', '_inter_line', 771), ('core/Solver.cc', 'line', 379)) | LineReplacement(('core/Solver.cc', 'line', 311), ('core/Solver.cc', 'line', 691)) | LineInsertion(('core/Solver.cc', '_inter_line', 735), ('core/Solver.cc', 'line', 804)) | LineInsertion(('core/Solver.cc', '_inter_line', 568), ('core/Solver.cc', 'line', 564)) | LineDeletion(('core/Solver.cc', 'line', 213))
2023-06-20 21:22:44,084	[INFO]	103     SUCCESS               333.9376 (96.98%) [5 edit(s)] 
2023-06-20 21:28:38,147	[DEBUG]	LineInsertion(('core/Solver.cc', '_inter_line', 771), ('core/Solver.cc', 'line', 379)) | LineReplacement(('core/Solver.cc', 'line', 311), ('core/Solver.cc', 'line', 691)) | LineInsertion(('core/Solver.cc', '_inter_line', 735), ('core/Solver.cc', 'line', 804)) | LineInsertion(('core/Solver.cc', '_inter_line', 568), ('core/Solver.cc', 'line', 564)) | LineDeletion(('core/Solver.cc', 'line', 662))
2023-06-20 21:28:38,147	[INFO]	104     SUCCESS               335.081 (97.32%) [5 edit(s)] 
2023-06-20 21:28:40,869	[DEBUG]	LineInsertion(('core/Solver.cc', '_inter_line', 771), ('core/Solver.cc', 'line', 379)) | LineReplacement(('core/Solver.cc', 'line', 311), ('core/Solver.cc', 'line', 691)) | LineInsertion(('core/Solver.cc', '_inter_line', 735), ('core/Solver.cc', 'line', 804)) | LineInsertion(('core/Solver.cc', '_inter_line', 568), ('core/Solver.cc', 'line', 564)) | LineReplacement(('core/Solver.cc', 'line', 727), ('core/Solver.cc', 'line', 573))
2023-06-20 21:28:40,870	[INFO]	105     COMPILE_CODE_ERROR    None  [5 edit(s)]       
2023-06-20 21:28:43,561	[DEBUG]	LineInsertion(('core/Solver.cc', '_inter_line', 771), ('core/Solver.cc', 'line', 379)) | LineReplacement(('core/Solver.cc', 'line', 311), ('core/Solver.cc', 'line', 691)) | LineInsertion(('core/Solver.cc', '_inter_line', 735), ('core/Solver.cc', 'line', 804)) | LineInsertion(('core/Solver.cc', '_inter_line', 568), ('core/Solver.cc', 'line', 564)) | LineReplacement(('core/Solver.cc', 'line', 610), ('core/Solver.cc', 'line', 2))
2023-06-20 21:28:43,561	[INFO]	106     COMPILE_CODE_ERROR    None  [5 edit(s)]       
2023-06-20 21:34:38,424	[DEBUG]	LineInsertion(('core/Solver.cc', '_inter_line', 771), ('core/Solver.cc', 'line', 379)) | LineReplacement(('core/Solver.cc', 'line', 311), ('core/Solver.cc', 'line', 691)) | LineInsertion(('core/Solver.cc', '_inter_line', 735), ('core/Solver.cc', 'line', 804)) | LineInsertion(('core/Solver.cc', '_inter_line', 568), ('core/Solver.cc', 'line', 564)) | LineInsertion(('core/Solver.cc', '_inter_line', 772), ('core/Solver.cc', 'line', 859))
2023-06-20 21:34:38,425	[INFO]	107     SUCCESS               337.0306 (97.88%) [5 edit(s)] 
2023-06-20 21:34:41,318	[DEBUG]	LineInsertion(('core/Solver.cc', '_inter_line', 771), ('core/Solver.cc', 'line', 379)) | LineReplacement(('core/Solver.cc', 'line', 311), ('core/Solver.cc', 'line', 691)) | LineInsertion(('core/Solver.cc', '_inter_line', 735), ('core/Solver.cc', 'line', 804)) | LineInsertion(('core/Solver.cc', '_inter_line', 568), ('core/Solver.cc', 'line', 564)) | LineReplacement(('core/Solver.cc', 'line', 860), ('core/Solver.cc', 'line', 934))
2023-06-20 21:34:41,318	[INFO]	108     COMPILE_CODE_ERROR    None  [5 edit(s)]       
2023-06-20 21:40:31,893	[DEBUG]	LineInsertion(('core/Solver.cc', '_inter_line', 771), ('core/Solver.cc', 'line', 379)) | LineReplacement(('core/Solver.cc', 'line', 311), ('core/Solver.cc', 'line', 691)) | LineInsertion(('core/Solver.cc', '_inter_line', 735), ('core/Solver.cc', 'line', 804)) | LineInsertion(('core/Solver.cc', '_inter_line', 568), ('core/Solver.cc', 'line', 564)) | LineInsertion(('core/Solver.cc', '_inter_line', 451), ('core/Solver.cc', 'line', 815))
2023-06-20 21:40:31,894	[INFO]	109     SUCCESS               333.2333 (96.78%) [5 edit(s)] 
2023-06-20 21:46:24,472	[DEBUG]	LineInsertion(('core/Solver.cc', '_inter_line', 771), ('core/Solver.cc', 'line', 379)) | LineReplacement(('core/Solver.cc', 'line', 311), ('core/Solver.cc', 'line', 691)) | LineInsertion(('core/Solver.cc', '_inter_line', 735), ('core/Solver.cc', 'line', 804)) | LineInsertion(('core/Solver.cc', '_inter_line', 568), ('core/Solver.cc', 'line', 564)) | LineInsertion(('core/Solver.cc', '_inter_line', 311), ('core/Solver.cc', 'line', 1039))
2023-06-20 21:46:24,472	[INFO]	110     SUCCESS               335.2737 (97.37%) [5 edit(s)] 
2023-06-20 21:52:15,877	[DEBUG]	LineInsertion(('core/Solver.cc', '_inter_line', 771), ('core/Solver.cc', 'line', 379)) | LineReplacement(('core/Solver.cc', 'line', 311), ('core/Solver.cc', 'line', 691)) | LineInsertion(('core/Solver.cc', '_inter_line', 735), ('core/Solver.cc', 'line', 804)) | LineInsertion(('core/Solver.cc', '_inter_line', 568), ('core/Solver.cc', 'line', 564)) | LineDeletion(('core/Solver.cc', 'line', 920))
2023-06-20 21:52:15,878	[INFO]	111     SUCCESS               334.9634 (97.28%) [5 edit(s)] 
2023-06-20 21:52:18,778	[DEBUG]	LineInsertion(('core/Solver.cc', '_inter_line', 771), ('core/Solver.cc', 'line', 379)) | LineReplacement(('core/Solver.cc', 'line', 311), ('core/Solver.cc', 'line', 691)) | LineInsertion(('core/Solver.cc', '_inter_line', 735), ('core/Solver.cc', 'line', 804)) | LineInsertion(('core/Solver.cc', '_inter_line', 568), ('core/Solver.cc', 'line', 564)) | LineReplacement(('core/Solver.cc', 'line', 71), ('core/Solver.cc', 'line', 438))
2023-06-20 21:52:18,779	[INFO]	112     COMPILE_CODE_ERROR    None  [5 edit(s)]       
2023-06-20 21:58:09,365	[DEBUG]	LineInsertion(('core/Solver.cc', '_inter_line', 771), ('core/Solver.cc', 'line', 379)) | LineReplacement(('core/Solver.cc', 'line', 311), ('core/Solver.cc', 'line', 691)) | LineInsertion(('core/Solver.cc', '_inter_line', 735), ('core/Solver.cc', 'line', 804)) | LineInsertion(('core/Solver.cc', '_inter_line', 568), ('core/Solver.cc', 'line', 564)) | LineReplacement(('core/Solver.cc', 'line', 957), ('core/Solver.cc', 'line', 87))
2023-06-20 21:58:09,366	[INFO]	113     SUCCESS               333.1891 (96.77%) [5 edit(s)] 
2023-06-20 22:04:01,365	[DEBUG]	LineInsertion(('core/Solver.cc', '_inter_line', 771), ('core/Solver.cc', 'line', 379)) | LineReplacement(('core/Solver.cc', 'line', 311), ('core/Solver.cc', 'line', 691)) | LineInsertion(('core/Solver.cc', '_inter_line', 735), ('core/Solver.cc', 'line', 804)) | LineInsertion(('core/Solver.cc', '_inter_line', 568), ('core/Solver.cc', 'line', 564)) | LineDeletion(('core/Solver.cc', 'line', 611))
2023-06-20 22:04:01,365	[INFO]	114     SUCCESS               334.3955 (97.12%) [5 edit(s)] 
2023-06-20 22:09:54,119	[DEBUG]	LineInsertion(('core/Solver.cc', '_inter_line', 771), ('core/Solver.cc', 'line', 379)) | LineReplacement(('core/Solver.cc', 'line', 311), ('core/Solver.cc', 'line', 691)) | LineInsertion(('core/Solver.cc', '_inter_line', 735), ('core/Solver.cc', 'line', 804)) | LineInsertion(('core/Solver.cc', '_inter_line', 568), ('core/Solver.cc', 'line', 564)) | LineInsertion(('core/Solver.cc', '_inter_line', 186), ('core/Solver.cc', 'line', 142))
2023-06-20 22:09:54,120	[INFO]	115     SUCCESS               334.9832 (97.29%) [5 edit(s)] 
2023-06-20 22:15:45,236	[DEBUG]	LineInsertion(('core/Solver.cc', '_inter_line', 771), ('core/Solver.cc', 'line', 379)) | LineReplacement(('core/Solver.cc', 'line', 311), ('core/Solver.cc', 'line', 691)) | LineInsertion(('core/Solver.cc', '_inter_line', 735), ('core/Solver.cc', 'line', 804)) | LineInsertion(('core/Solver.cc', '_inter_line', 568), ('core/Solver.cc', 'line', 564)) | LineDeletion(('core/Solver.cc', 'line', 413))
2023-06-20 22:15:45,236	[INFO]	116     SUCCESS               333.3045 (96.8%) [5 edit(s)] 
2023-06-20 22:15:47,908	[DEBUG]	LineInsertion(('core/Solver.cc', '_inter_line', 771), ('core/Solver.cc', 'line', 379)) | LineReplacement(('core/Solver.cc', 'line', 311), ('core/Solver.cc', 'line', 691)) | LineInsertion(('core/Solver.cc', '_inter_line', 735), ('core/Solver.cc', 'line', 804)) | LineInsertion(('core/Solver.cc', '_inter_line', 568), ('core/Solver.cc', 'line', 564)) | LineDeletion(('core/Solver.cc', 'line', 1016))
2023-06-20 22:15:47,909	[INFO]	117     COMPILE_CODE_ERROR    None  [5 edit(s)]       
2023-06-20 22:15:50,554	[DEBUG]	LineInsertion(('core/Solver.cc', '_inter_line', 771), ('core/Solver.cc', 'line', 379)) | LineReplacement(('core/Solver.cc', 'line', 311), ('core/Solver.cc', 'line', 691)) | LineInsertion(('core/Solver.cc', '_inter_line', 735), ('core/Solver.cc', 'line', 804)) | LineInsertion(('core/Solver.cc', '_inter_line', 568), ('core/Solver.cc', 'line', 564)) | LineReplacement(('core/Solver.cc', 'line', 444), ('core/Solver.cc', 'line', 993))
2023-06-20 22:15:50,555	[INFO]	118     COMPILE_CODE_ERROR    None  [5 edit(s)]       
2023-06-20 22:15:52,455	[DEBUG]	LineInsertion(('core/Solver.cc', '_inter_line', 771), ('core/Solver.cc', 'line', 379)) | LineReplacement(('core/Solver.cc', 'line', 311), ('core/Solver.cc', 'line', 691)) | LineInsertion(('core/Solver.cc', '_inter_line', 735), ('core/Solver.cc', 'line', 804)) | LineInsertion(('core/Solver.cc', '_inter_line', 568), ('core/Solver.cc', 'line', 564)) | LineReplacement(('core/Solver.cc', 'line', 31), ('core/Solver.cc', 'line', 305))
2023-06-20 22:15:52,455	[INFO]	119     COMPILE_CODE_ERROR    None  [5 edit(s)]       
2023-06-20 22:16:12,758	[DEBUG]	LineInsertion(('core/Solver.cc', '_inter_line', 771), ('core/Solver.cc', 'line', 379)) | LineReplacement(('core/Solver.cc', 'line', 311), ('core/Solver.cc', 'line', 691)) | LineInsertion(('core/Solver.cc', '_inter_line', 735), ('core/Solver.cc', 'line', 804)) | LineInsertion(('core/Solver.cc', '_inter_line', 568), ('core/Solver.cc', 'line', 564)) | LineDeletion(('core/Solver.cc', 'line', 826))
2023-06-20 22:16:12,759	[INFO]	120     RUN_CODE_ERROR        None  [5 edit(s)]       
2023-06-20 22:25:02,598	[DEBUG]	LineInsertion(('core/Solver.cc', '_inter_line', 771), ('core/Solver.cc', 'line', 379)) | LineReplacement(('core/Solver.cc', 'line', 311), ('core/Solver.cc', 'line', 691)) | LineInsertion(('core/Solver.cc', '_inter_line', 735), ('core/Solver.cc', 'line', 804)) | LineInsertion(('core/Solver.cc', '_inter_line', 568), ('core/Solver.cc', 'line', 564)) | LineReplacement(('core/Solver.cc', 'line', 630), ('core/Solver.cc', 'line', 343))
2023-06-20 22:25:02,598	[INFO]	121     SUCCESS               512.534 (148.85%) [5 edit(s)] 
2023-06-20 22:25:05,377	[DEBUG]	LineInsertion(('core/Solver.cc', '_inter_line', 771), ('core/Solver.cc', 'line', 379)) | LineReplacement(('core/Solver.cc', 'line', 311), ('core/Solver.cc', 'line', 691)) | LineInsertion(('core/Solver.cc', '_inter_line', 735), ('core/Solver.cc', 'line', 804)) | LineInsertion(('core/Solver.cc', '_inter_line', 568), ('core/Solver.cc', 'line', 564)) | LineInsertion(('core/Solver.cc', '_inter_line', 921), ('core/Solver.cc', 'line', 240))
2023-06-20 22:25:05,377	[INFO]	122     COMPILE_CODE_ERROR    None  [5 edit(s)]       
2023-06-20 22:25:08,150	[DEBUG]	LineInsertion(('core/Solver.cc', '_inter_line', 771), ('core/Solver.cc', 'line', 379)) | LineReplacement(('core/Solver.cc', 'line', 311), ('core/Solver.cc', 'line', 691)) | LineInsertion(('core/Solver.cc', '_inter_line', 735), ('core/Solver.cc', 'line', 804)) | LineInsertion(('core/Solver.cc', '_inter_line', 568), ('core/Solver.cc', 'line', 564)) | LineReplacement(('core/Solver.cc', 'line', 134), ('core/Solver.cc', 'line', 552))
2023-06-20 22:25:08,151	[INFO]	123     COMPILE_CODE_ERROR    None  [5 edit(s)]       
2023-06-20 22:25:10,806	[DEBUG]	LineInsertion(('core/Solver.cc', '_inter_line', 771), ('core/Solver.cc', 'line', 379)) | LineReplacement(('core/Solver.cc', 'line', 311), ('core/Solver.cc', 'line', 691)) | LineInsertion(('core/Solver.cc', '_inter_line', 735), ('core/Solver.cc', 'line', 804)) | LineInsertion(('core/Solver.cc', '_inter_line', 568), ('core/Solver.cc', 'line', 564)) | LineReplacement(('core/Solver.cc', 'line', 606), ('core/Solver.cc', 'line', 369))
2023-06-20 22:25:10,807	[INFO]	124     COMPILE_CODE_ERROR    None  [5 edit(s)]       
2023-06-20 22:25:28,637	[DEBUG]	LineInsertion(('core/Solver.cc', '_inter_line', 771), ('core/Solver.cc', 'line', 379)) | LineReplacement(('core/Solver.cc', 'line', 311), ('core/Solver.cc', 'line', 691)) | LineInsertion(('core/Solver.cc', '_inter_line', 735), ('core/Solver.cc', 'line', 804)) | LineInsertion(('core/Solver.cc', '_inter_line', 568), ('core/Solver.cc', 'line', 564)) | LineReplacement(('core/Solver.cc', 'line', 142), ('core/Solver.cc', 'line', 933))
2023-06-20 22:25:28,637	[INFO]	125     RUN_CODE_ERROR        None  [5 edit(s)]       
2023-06-20 22:25:31,399	[DEBUG]	LineInsertion(('core/Solver.cc', '_inter_line', 771), ('core/Solver.cc', 'line', 379)) | LineReplacement(('core/Solver.cc', 'line', 311), ('core/Solver.cc', 'line', 691)) | LineInsertion(('core/Solver.cc', '_inter_line', 735), ('core/Solver.cc', 'line', 804)) | LineInsertion(('core/Solver.cc', '_inter_line', 568), ('core/Solver.cc', 'line', 564)) | LineInsertion(('core/Solver.cc', '_inter_line', 1028), ('core/Solver.cc', 'line', 460))
2023-06-20 22:25:31,400	[INFO]	126     COMPILE_CODE_ERROR    None  [5 edit(s)]       
2023-06-20 22:25:34,141	[DEBUG]	LineInsertion(('core/Solver.cc', '_inter_line', 771), ('core/Solver.cc', 'line', 379)) | LineReplacement(('core/Solver.cc', 'line', 311), ('core/Solver.cc', 'line', 691)) | LineInsertion(('core/Solver.cc', '_inter_line', 735), ('core/Solver.cc', 'line', 804)) | LineInsertion(('core/Solver.cc', '_inter_line', 568), ('core/Solver.cc', 'line', 564)) | LineDeletion(('core/Solver.cc', 'line', 193))
2023-06-20 22:25:34,142	[INFO]	127     COMPILE_CODE_ERROR    None  [5 edit(s)]       
2023-06-20 22:31:29,781	[DEBUG]	LineInsertion(('core/Solver.cc', '_inter_line', 771), ('core/Solver.cc', 'line', 379)) | LineReplacement(('core/Solver.cc', 'line', 311), ('core/Solver.cc', 'line', 691)) | LineInsertion(('core/Solver.cc', '_inter_line', 735), ('core/Solver.cc', 'line', 804)) | LineInsertion(('core/Solver.cc', '_inter_line', 568), ('core/Solver.cc', 'line', 564)) | LineInsertion(('core/Solver.cc', '_inter_line', 989), ('core/Solver.cc', 'line', 988))
2023-06-20 22:31:29,781	[INFO]	128     SUCCESS               337.6189 (98.05%) [5 edit(s)] 
2023-06-20 22:31:32,571	[DEBUG]	LineInsertion(('core/Solver.cc', '_inter_line', 771), ('core/Solver.cc', 'line', 379)) | LineReplacement(('core/Solver.cc', 'line', 311), ('core/Solver.cc', 'line', 691)) | LineInsertion(('core/Solver.cc', '_inter_line', 735), ('core/Solver.cc', 'line', 804)) | LineInsertion(('core/Solver.cc', '_inter_line', 568), ('core/Solver.cc', 'line', 564)) | LineInsertion(('core/Solver.cc', '_inter_line', 835), ('core/Solver.cc', 'line', 452))
2023-06-20 22:31:32,571	[INFO]	129     COMPILE_CODE_ERROR    None  [5 edit(s)]       
2023-06-20 22:31:35,265	[DEBUG]	LineInsertion(('core/Solver.cc', '_inter_line', 771), ('core/Solver.cc', 'line', 379)) | LineReplacement(('core/Solver.cc', 'line', 311), ('core/Solver.cc', 'line', 691)) | LineInsertion(('core/Solver.cc', '_inter_line', 735), ('core/Solver.cc', 'line', 804)) | LineInsertion(('core/Solver.cc', '_inter_line', 568), ('core/Solver.cc', 'line', 564)) | LineInsertion(('core/Solver.cc', '_inter_line', 584), ('core/Solver.cc', 'line', 810))
2023-06-20 22:31:35,266	[INFO]	130     COMPILE_CODE_ERROR    None  [5 edit(s)]       
2023-06-20 22:31:38,022	[DEBUG]	LineInsertion(('core/Solver.cc', '_inter_line', 771), ('core/Solver.cc', 'line', 379)) | LineReplacement(('core/Solver.cc', 'line', 311), ('core/Solver.cc', 'line', 691)) | LineInsertion(('core/Solver.cc', '_inter_line', 735), ('core/Solver.cc', 'line', 804)) | LineInsertion(('core/Solver.cc', '_inter_line', 568), ('core/Solver.cc', 'line', 564)) | LineInsertion(('core/Solver.cc', '_inter_line', 373), ('core/Solver.cc', 'line', 1023))
2023-06-20 22:31:38,023	[INFO]	131     COMPILE_CODE_ERROR    None  [5 edit(s)]       
2023-06-20 22:31:40,849	[DEBUG]	LineInsertion(('core/Solver.cc', '_inter_line', 771), ('core/Solver.cc', 'line', 379)) | LineReplacement(('core/Solver.cc', 'line', 311), ('core/Solver.cc', 'line', 691)) | LineInsertion(('core/Solver.cc', '_inter_line', 735), ('core/Solver.cc', 'line', 804)) | LineInsertion(('core/Solver.cc', '_inter_line', 568), ('core/Solver.cc', 'line', 564)) | LineDeletion(('core/Solver.cc', 'line', 334))
2023-06-20 22:31:40,850	[INFO]	132     COMPILE_CODE_ERROR    None  [5 edit(s)]       
2023-06-20 22:37:32,855	[DEBUG]	LineInsertion(('core/Solver.cc', '_inter_line', 771), ('core/Solver.cc', 'line', 379)) | LineReplacement(('core/Solver.cc', 'line', 311), ('core/Solver.cc', 'line', 691)) | LineInsertion(('core/Solver.cc', '_inter_line', 735), ('core/Solver.cc', 'line', 804)) | LineInsertion(('core/Solver.cc', '_inter_line', 568), ('core/Solver.cc', 'line', 564)) | LineInsertion(('core/Solver.cc', '_inter_line', 155), ('core/Solver.cc', 'line', 419))
2023-06-20 22:37:32,855	[INFO]	133     SUCCESS               334.0049 (97.0%) [5 edit(s)] 
2023-06-20 22:37:35,425	[DEBUG]	LineInsertion(('core/Solver.cc', '_inter_line', 771), ('core/Solver.cc', 'line', 379)) | LineReplacement(('core/Solver.cc', 'line', 311), ('core/Solver.cc', 'line', 691)) | LineInsertion(('core/Solver.cc', '_inter_line', 735), ('core/Solver.cc', 'line', 804)) | LineInsertion(('core/Solver.cc', '_inter_line', 568), ('core/Solver.cc', 'line', 564)) | LineInsertion(('core/Solver.cc', '_inter_line', 687), ('core/Solver.cc', 'line', 814))
2023-06-20 22:37:35,426	[INFO]	134     COMPILE_CODE_ERROR    None  [5 edit(s)]       
2023-06-20 22:37:38,275	[DEBUG]	LineInsertion(('core/Solver.cc', '_inter_line', 771), ('core/Solver.cc', 'line', 379)) | LineReplacement(('core/Solver.cc', 'line', 311), ('core/Solver.cc', 'line', 691)) | LineInsertion(('core/Solver.cc', '_inter_line', 735), ('core/Solver.cc', 'line', 804)) | LineInsertion(('core/Solver.cc', '_inter_line', 568), ('core/Solver.cc', 'line', 564)) | LineReplacement(('core/Solver.cc', 'line', 222), ('core/Solver.cc', 'line', 987))
2023-06-20 22:37:38,275	[INFO]	135     COMPILE_CODE_ERROR    None  [5 edit(s)]       
2023-06-20 22:37:41,001	[DEBUG]	LineInsertion(('core/Solver.cc', '_inter_line', 771), ('core/Solver.cc', 'line', 379)) | LineReplacement(('core/Solver.cc', 'line', 311), ('core/Solver.cc', 'line', 691)) | LineInsertion(('core/Solver.cc', '_inter_line', 735), ('core/Solver.cc', 'line', 804)) | LineInsertion(('core/Solver.cc', '_inter_line', 568), ('core/Solver.cc', 'line', 564)) | LineDeletion(('core/Solver.cc', 'line', 706))
2023-06-20 22:37:41,001	[INFO]	136     COMPILE_CODE_ERROR    None  [5 edit(s)]       
2023-06-20 22:43:35,098	[DEBUG]	LineInsertion(('core/Solver.cc', '_inter_line', 771), ('core/Solver.cc', 'line', 379)) | LineReplacement(('core/Solver.cc', 'line', 311), ('core/Solver.cc', 'line', 691)) | LineInsertion(('core/Solver.cc', '_inter_line', 735), ('core/Solver.cc', 'line', 804)) | LineInsertion(('core/Solver.cc', '_inter_line', 568), ('core/Solver.cc', 'line', 564)) | LineInsertion(('core/Solver.cc', '_inter_line', 598), ('core/Solver.cc', 'line', 271))
2023-06-20 22:43:35,098	[INFO]	137     SUCCESS               336.5307 (97.74%) [5 edit(s)] 
2023-06-20 22:49:26,529	[DEBUG]	LineInsertion(('core/Solver.cc', '_inter_line', 771), ('core/Solver.cc', 'line', 379)) | LineReplacement(('core/Solver.cc', 'line', 311), ('core/Solver.cc', 'line', 691)) | LineInsertion(('core/Solver.cc', '_inter_line', 735), ('core/Solver.cc', 'line', 804)) | LineInsertion(('core/Solver.cc', '_inter_line', 568), ('core/Solver.cc', 'line', 564)) | LineDeletion(('core/Solver.cc', 'line', 1046))
2023-06-20 22:49:26,529	[INFO]	138     SUCCESS               334.1554 (97.05%) [5 edit(s)] 
2023-06-20 22:49:29,132	[DEBUG]	LineInsertion(('core/Solver.cc', '_inter_line', 771), ('core/Solver.cc', 'line', 379)) | LineReplacement(('core/Solver.cc', 'line', 311), ('core/Solver.cc', 'line', 691)) | LineInsertion(('core/Solver.cc', '_inter_line', 735), ('core/Solver.cc', 'line', 804)) | LineInsertion(('core/Solver.cc', '_inter_line', 568), ('core/Solver.cc', 'line', 564)) | LineReplacement(('core/Solver.cc', 'line', 698), ('core/Solver.cc', 'line', 847))
2023-06-20 22:49:29,133	[INFO]	139     COMPILE_CODE_ERROR    None  [5 edit(s)]       
2023-06-20 22:49:31,763	[DEBUG]	LineInsertion(('core/Solver.cc', '_inter_line', 771), ('core/Solver.cc', 'line', 379)) | LineReplacement(('core/Solver.cc', 'line', 311), ('core/Solver.cc', 'line', 691)) | LineInsertion(('core/Solver.cc', '_inter_line', 735), ('core/Solver.cc', 'line', 804)) | LineInsertion(('core/Solver.cc', '_inter_line', 568), ('core/Solver.cc', 'line', 564)) | LineInsertion(('core/Solver.cc', '_inter_line', 876), ('core/Solver.cc', 'line', 847))
2023-06-20 22:49:31,763	[INFO]	140     COMPILE_CODE_ERROR    None  [5 edit(s)]       
2023-06-20 22:55:24,861	[DEBUG]	LineInsertion(('core/Solver.cc', '_inter_line', 771), ('core/Solver.cc', 'line', 379)) | LineReplacement(('core/Solver.cc', 'line', 311), ('core/Solver.cc', 'line', 691)) | LineInsertion(('core/Solver.cc', '_inter_line', 735), ('core/Solver.cc', 'line', 804)) | LineInsertion(('core/Solver.cc', '_inter_line', 568), ('core/Solver.cc', 'line', 564)) | LineDeletion(('core/Solver.cc', 'line', 578))
2023-06-20 22:55:24,861	[INFO]	141     SUCCESS               335.8289 (97.53%) [5 edit(s)] 
2023-06-20 23:01:20,256	[DEBUG]	LineInsertion(('core/Solver.cc', '_inter_line', 771), ('core/Solver.cc', 'line', 379)) | LineReplacement(('core/Solver.cc', 'line', 311), ('core/Solver.cc', 'line', 691)) | LineInsertion(('core/Solver.cc', '_inter_line', 735), ('core/Solver.cc', 'line', 804)) | LineInsertion(('core/Solver.cc', '_inter_line', 568), ('core/Solver.cc', 'line', 564)) | LineInsertion(('core/Solver.cc', '_inter_line', 1008), ('core/Solver.cc', 'line', 752))
2023-06-20 23:01:20,257	[INFO]	142     SUCCESS               337.8689 (98.13%) [5 edit(s)] 
2023-06-20 23:01:23,152	[DEBUG]	LineInsertion(('core/Solver.cc', '_inter_line', 771), ('core/Solver.cc', 'line', 379)) | LineReplacement(('core/Solver.cc', 'line', 311), ('core/Solver.cc', 'line', 691)) | LineInsertion(('core/Solver.cc', '_inter_line', 735), ('core/Solver.cc', 'line', 804)) | LineInsertion(('core/Solver.cc', '_inter_line', 568), ('core/Solver.cc', 'line', 564)) | LineReplacement(('core/Solver.cc', 'line', 74), ('core/Solver.cc', 'line', 79))
2023-06-20 23:01:23,152	[INFO]	143     COMPILE_CODE_ERROR    None  [5 edit(s)]       
2023-06-20 23:01:25,963	[DEBUG]	LineInsertion(('core/Solver.cc', '_inter_line', 771), ('core/Solver.cc', 'line', 379)) | LineReplacement(('core/Solver.cc', 'line', 311), ('core/Solver.cc', 'line', 691)) | LineInsertion(('core/Solver.cc', '_inter_line', 735), ('core/Solver.cc', 'line', 804)) | LineInsertion(('core/Solver.cc', '_inter_line', 568), ('core/Solver.cc', 'line', 564)) | LineInsertion(('core/Solver.cc', '_inter_line', 190), ('core/Solver.cc', 'line', 513))
2023-06-20 23:01:25,964	[INFO]	144     COMPILE_CODE_ERROR    None  [5 edit(s)]       
2023-06-20 23:01:29,022	[DEBUG]	LineInsertion(('core/Solver.cc', '_inter_line', 771), ('core/Solver.cc', 'line', 379)) | LineReplacement(('core/Solver.cc', 'line', 311), ('core/Solver.cc', 'line', 691)) | LineInsertion(('core/Solver.cc', '_inter_line', 735), ('core/Solver.cc', 'line', 804)) | LineInsertion(('core/Solver.cc', '_inter_line', 568), ('core/Solver.cc', 'line', 564)) | LineReplacement(('core/Solver.cc', 'line', 212), ('core/Solver.cc', 'line', 31))
2023-06-20 23:01:29,022	[INFO]	145     COMPILE_CODE_ERROR    None  [5 edit(s)]       
2023-06-20 23:01:31,826	[DEBUG]	LineInsertion(('core/Solver.cc', '_inter_line', 771), ('core/Solver.cc', 'line', 379)) | LineReplacement(('core/Solver.cc', 'line', 311), ('core/Solver.cc', 'line', 691)) | LineInsertion(('core/Solver.cc', '_inter_line', 735), ('core/Solver.cc', 'line', 804)) | LineInsertion(('core/Solver.cc', '_inter_line', 568), ('core/Solver.cc', 'line', 564)) | LineDeletion(('core/Solver.cc', 'line', 39))
2023-06-20 23:01:31,826	[INFO]	146     COMPILE_CODE_ERROR    None  [5 edit(s)]       
2023-06-20 23:01:34,671	[DEBUG]	LineInsertion(('core/Solver.cc', '_inter_line', 771), ('core/Solver.cc', 'line', 379)) | LineReplacement(('core/Solver.cc', 'line', 311), ('core/Solver.cc', 'line', 691)) | LineInsertion(('core/Solver.cc', '_inter_line', 735), ('core/Solver.cc', 'line', 804)) | LineInsertion(('core/Solver.cc', '_inter_line', 568), ('core/Solver.cc', 'line', 564)) | LineReplacement(('core/Solver.cc', 'line', 1006), ('core/Solver.cc', 'line', 561))
2023-06-20 23:01:34,672	[INFO]	147     COMPILE_CODE_ERROR    None  [5 edit(s)]       
2023-06-20 23:01:37,503	[DEBUG]	LineInsertion(('core/Solver.cc', '_inter_line', 771), ('core/Solver.cc', 'line', 379)) | LineReplacement(('core/Solver.cc', 'line', 311), ('core/Solver.cc', 'line', 691)) | LineInsertion(('core/Solver.cc', '_inter_line', 735), ('core/Solver.cc', 'line', 804)) | LineInsertion(('core/Solver.cc', '_inter_line', 568), ('core/Solver.cc', 'line', 564)) | LineDeletion(('core/Solver.cc', 'line', 522))
2023-06-20 23:01:37,504	[INFO]	148     COMPILE_CODE_ERROR    None  [5 edit(s)]       
2023-06-20 23:07:32,832	[DEBUG]	LineInsertion(('core/Solver.cc', '_inter_line', 771), ('core/Solver.cc', 'line', 379)) | LineReplacement(('core/Solver.cc', 'line', 311), ('core/Solver.cc', 'line', 691)) | LineInsertion(('core/Solver.cc', '_inter_line', 735), ('core/Solver.cc', 'line', 804)) | LineInsertion(('core/Solver.cc', '_inter_line', 568), ('core/Solver.cc', 'line', 564)) | LineReplacement(('core/Solver.cc', 'line', 1033), ('core/Solver.cc', 'line', 19))
2023-06-20 23:07:32,833	[INFO]	149     SUCCESS               337.9556 (98.15%) [5 edit(s)] 
2023-06-20 23:13:26,426	[DEBUG]	LineInsertion(('core/Solver.cc', '_inter_line', 771), ('core/Solver.cc', 'line', 379)) | LineReplacement(('core/Solver.cc', 'line', 311), ('core/Solver.cc', 'line', 691)) | LineInsertion(('core/Solver.cc', '_inter_line', 735), ('core/Solver.cc', 'line', 804)) | LineInsertion(('core/Solver.cc', '_inter_line', 568), ('core/Solver.cc', 'line', 564)) | LineReplacement(('core/Solver.cc', 'line', 770), ('core/Solver.cc', 'line', 574))
2023-06-20 23:13:26,427	[INFO]	150     SUCCESS               336.2382 (97.65%) [5 edit(s)] 
2023-06-20 23:13:29,161	[DEBUG]	LineInsertion(('core/Solver.cc', '_inter_line', 771), ('core/Solver.cc', 'line', 379)) | LineReplacement(('core/Solver.cc', 'line', 311), ('core/Solver.cc', 'line', 691)) | LineInsertion(('core/Solver.cc', '_inter_line', 735), ('core/Solver.cc', 'line', 804)) | LineInsertion(('core/Solver.cc', '_inter_line', 568), ('core/Solver.cc', 'line', 564)) | LineInsertion(('core/Solver.cc', '_inter_line', 174), ('core/Solver.cc', 'line', 488))
2023-06-20 23:13:29,161	[INFO]	151     COMPILE_CODE_ERROR    None  [5 edit(s)]       
2023-06-20 23:19:23,997	[DEBUG]	LineInsertion(('core/Solver.cc', '_inter_line', 771), ('core/Solver.cc', 'line', 379)) | LineReplacement(('core/Solver.cc', 'line', 311), ('core/Solver.cc', 'line', 691)) | LineInsertion(('core/Solver.cc', '_inter_line', 735), ('core/Solver.cc', 'line', 804)) | LineInsertion(('core/Solver.cc', '_inter_line', 568), ('core/Solver.cc', 'line', 564)) | LineInsertion(('core/Solver.cc', '_inter_line', 515), ('core/Solver.cc', 'line', 132))
2023-06-20 23:19:23,998	[INFO]	152     SUCCESS               337.17 (97.92%) [5 edit(s)] 
2023-06-20 23:19:27,007	[DEBUG]	LineInsertion(('core/Solver.cc', '_inter_line', 771), ('core/Solver.cc', 'line', 379)) | LineReplacement(('core/Solver.cc', 'line', 311), ('core/Solver.cc', 'line', 691)) | LineInsertion(('core/Solver.cc', '_inter_line', 735), ('core/Solver.cc', 'line', 804)) | LineInsertion(('core/Solver.cc', '_inter_line', 568), ('core/Solver.cc', 'line', 564)) | LineReplacement(('core/Solver.cc', 'line', 164), ('core/Solver.cc', 'line', 349))
2023-06-20 23:19:27,007	[INFO]	153     COMPILE_CODE_ERROR    None  [5 edit(s)]       
2023-06-20 23:25:22,896	[DEBUG]	LineInsertion(('core/Solver.cc', '_inter_line', 771), ('core/Solver.cc', 'line', 379)) | LineReplacement(('core/Solver.cc', 'line', 311), ('core/Solver.cc', 'line', 691)) | LineInsertion(('core/Solver.cc', '_inter_line', 735), ('core/Solver.cc', 'line', 804)) | LineInsertion(('core/Solver.cc', '_inter_line', 568), ('core/Solver.cc', 'line', 564)) | LineDeletion(('core/Solver.cc', 'line', 5))
2023-06-20 23:25:22,897	[INFO]	154     SUCCESS               337.8598 (98.12%) [5 edit(s)] 
2023-06-20 23:25:25,571	[DEBUG]	LineInsertion(('core/Solver.cc', '_inter_line', 771), ('core/Solver.cc', 'line', 379)) | LineReplacement(('core/Solver.cc', 'line', 311), ('core/Solver.cc', 'line', 691)) | LineInsertion(('core/Solver.cc', '_inter_line', 735), ('core/Solver.cc', 'line', 804)) | LineInsertion(('core/Solver.cc', '_inter_line', 568), ('core/Solver.cc', 'line', 564)) | LineDeletion(('core/Solver.cc', 'line', 277))
2023-06-20 23:25:25,571	[INFO]	155     COMPILE_CODE_ERROR    None  [5 edit(s)]       
2023-06-20 23:31:20,086	[DEBUG]	LineInsertion(('core/Solver.cc', '_inter_line', 771), ('core/Solver.cc', 'line', 379)) | LineReplacement(('core/Solver.cc', 'line', 311), ('core/Solver.cc', 'line', 691)) | LineInsertion(('core/Solver.cc', '_inter_line', 735), ('core/Solver.cc', 'line', 804)) | LineInsertion(('core/Solver.cc', '_inter_line', 568), ('core/Solver.cc', 'line', 564)) | LineReplacement(('core/Solver.cc', 'line', 710), ('core/Solver.cc', 'line', 487))
2023-06-20 23:31:20,087	[INFO]	156     SUCCESS               336.6809 (97.78%) [5 edit(s)] 
2023-06-20 23:39:10,448	[DEBUG]	LineInsertion(('core/Solver.cc', '_inter_line', 771), ('core/Solver.cc', 'line', 379)) | LineReplacement(('core/Solver.cc', 'line', 311), ('core/Solver.cc', 'line', 691)) | LineInsertion(('core/Solver.cc', '_inter_line', 735), ('core/Solver.cc', 'line', 804)) | LineInsertion(('core/Solver.cc', '_inter_line', 568), ('core/Solver.cc', 'line', 564)) | LineDeletion(('core/Solver.cc', 'line', 717))
2023-06-20 23:39:10,449	[INFO]	157     SUCCESS               452.6659 (131.47%) [5 edit(s)] 
2023-06-20 23:39:13,214	[DEBUG]	LineInsertion(('core/Solver.cc', '_inter_line', 771), ('core/Solver.cc', 'line', 379)) | LineReplacement(('core/Solver.cc', 'line', 311), ('core/Solver.cc', 'line', 691)) | LineInsertion(('core/Solver.cc', '_inter_line', 735), ('core/Solver.cc', 'line', 804)) | LineInsertion(('core/Solver.cc', '_inter_line', 568), ('core/Solver.cc', 'line', 564)) | LineInsertion(('core/Solver.cc', '_inter_line', 279), ('core/Solver.cc', 'line', 868))
2023-06-20 23:39:13,214	[INFO]	158     COMPILE_CODE_ERROR    None  [5 edit(s)]       
2023-06-20 23:39:15,990	[DEBUG]	LineInsertion(('core/Solver.cc', '_inter_line', 771), ('core/Solver.cc', 'line', 379)) | LineReplacement(('core/Solver.cc', 'line', 311), ('core/Solver.cc', 'line', 691)) | LineInsertion(('core/Solver.cc', '_inter_line', 735), ('core/Solver.cc', 'line', 804)) | LineInsertion(('core/Solver.cc', '_inter_line', 568), ('core/Solver.cc', 'line', 564)) | LineReplacement(('core/Solver.cc', 'line', 620), ('core/Solver.cc', 'line', 290))
2023-06-20 23:39:15,991	[INFO]	159     COMPILE_CODE_ERROR    None  [5 edit(s)]       
2023-06-20 23:39:34,096	[DEBUG]	LineInsertion(('core/Solver.cc', '_inter_line', 771), ('core/Solver.cc', 'line', 379)) | LineReplacement(('core/Solver.cc', 'line', 311), ('core/Solver.cc', 'line', 691)) | LineInsertion(('core/Solver.cc', '_inter_line', 735), ('core/Solver.cc', 'line', 804)) | LineInsertion(('core/Solver.cc', '_inter_line', 568), ('core/Solver.cc', 'line', 564)) | LineDeletion(('core/Solver.cc', 'line', 245))
2023-06-20 23:39:34,096	[INFO]	160     RUN_CODE_ERROR        None  [5 edit(s)]       
2023-06-20 23:39:36,971	[DEBUG]	LineInsertion(('core/Solver.cc', '_inter_line', 771), ('core/Solver.cc', 'line', 379)) | LineReplacement(('core/Solver.cc', 'line', 311), ('core/Solver.cc', 'line', 691)) | LineInsertion(('core/Solver.cc', '_inter_line', 735), ('core/Solver.cc', 'line', 804)) | LineInsertion(('core/Solver.cc', '_inter_line', 568), ('core/Solver.cc', 'line', 564)) | LineReplacement(('core/Solver.cc', 'line', 553), ('core/Solver.cc', 'line', 994))
2023-06-20 23:39:36,972	[INFO]	161     COMPILE_CODE_ERROR    None  [5 edit(s)]       
2023-06-20 23:39:39,489	[DEBUG]	LineInsertion(('core/Solver.cc', '_inter_line', 771), ('core/Solver.cc', 'line', 379)) | LineReplacement(('core/Solver.cc', 'line', 311), ('core/Solver.cc', 'line', 691)) | LineInsertion(('core/Solver.cc', '_inter_line', 735), ('core/Solver.cc', 'line', 804)) | LineInsertion(('core/Solver.cc', '_inter_line', 568), ('core/Solver.cc', 'line', 564)) | LineInsertion(('core/Solver.cc', '_inter_line', 547), ('core/Solver.cc', 'line', 858))
2023-06-20 23:39:39,489	[INFO]	162     COMPILE_CODE_ERROR    None  [5 edit(s)]       
2023-06-20 23:39:42,175	[DEBUG]	LineInsertion(('core/Solver.cc', '_inter_line', 771), ('core/Solver.cc', 'line', 379)) | LineReplacement(('core/Solver.cc', 'line', 311), ('core/Solver.cc', 'line', 691)) | LineInsertion(('core/Solver.cc', '_inter_line', 735), ('core/Solver.cc', 'line', 804)) | LineInsertion(('core/Solver.cc', '_inter_line', 568), ('core/Solver.cc', 'line', 564)) | LineReplacement(('core/Solver.cc', 'line', 1045), ('core/Solver.cc', 'line', 514))
2023-06-20 23:39:42,176	[INFO]	163     COMPILE_CODE_ERROR    None  [5 edit(s)]       
2023-06-20 23:39:44,865	[DEBUG]	LineInsertion(('core/Solver.cc', '_inter_line', 771), ('core/Solver.cc', 'line', 379)) | LineReplacement(('core/Solver.cc', 'line', 311), ('core/Solver.cc', 'line', 691)) | LineInsertion(('core/Solver.cc', '_inter_line', 735), ('core/Solver.cc', 'line', 804)) | LineInsertion(('core/Solver.cc', '_inter_line', 568), ('core/Solver.cc', 'line', 564)) | LineInsertion(('core/Solver.cc', '_inter_line', 932), ('core/Solver.cc', 'line', 486))
2023-06-20 23:39:44,865	[INFO]	164     COMPILE_CODE_ERROR    None  [5 edit(s)]       
2023-06-20 23:45:40,285	[DEBUG]	LineInsertion(('core/Solver.cc', '_inter_line', 771), ('core/Solver.cc', 'line', 379)) | LineReplacement(('core/Solver.cc', 'line', 311), ('core/Solver.cc', 'line', 691)) | LineInsertion(('core/Solver.cc', '_inter_line', 735), ('core/Solver.cc', 'line', 804)) | LineInsertion(('core/Solver.cc', '_inter_line', 568), ('core/Solver.cc', 'line', 564)) | LineInsertion(('core/Solver.cc', '_inter_line', 770), ('core/Solver.cc', 'line', 184))
2023-06-20 23:45:40,285	[INFO]	165     SUCCESS               337.5606 (98.04%) [5 edit(s)] 
2023-06-20 23:45:42,922	[DEBUG]	LineInsertion(('core/Solver.cc', '_inter_line', 771), ('core/Solver.cc', 'line', 379)) | LineReplacement(('core/Solver.cc', 'line', 311), ('core/Solver.cc', 'line', 691)) | LineInsertion(('core/Solver.cc', '_inter_line', 735), ('core/Solver.cc', 'line', 804)) | LineInsertion(('core/Solver.cc', '_inter_line', 568), ('core/Solver.cc', 'line', 564)) | LineInsertion(('core/Solver.cc', '_inter_line', 50), ('core/Solver.cc', 'line', 687))
2023-06-20 23:45:42,923	[INFO]	166     COMPILE_CODE_ERROR    None  [5 edit(s)]       
2023-06-20 23:51:55,197	[DEBUG]	LineInsertion(('core/Solver.cc', '_inter_line', 771), ('core/Solver.cc', 'line', 379)) | LineReplacement(('core/Solver.cc', 'line', 311), ('core/Solver.cc', 'line', 691)) | LineInsertion(('core/Solver.cc', '_inter_line', 735), ('core/Solver.cc', 'line', 804)) | LineInsertion(('core/Solver.cc', '_inter_line', 568), ('core/Solver.cc', 'line', 564)) | LineDeletion(('core/Solver.cc', 'line', 632))
2023-06-20 23:51:55,198	[INFO]	167     SUCCESS               355.0756 (103.12%) [5 edit(s)] 
2023-06-20 23:57:57,392	[DEBUG]	LineInsertion(('core/Solver.cc', '_inter_line', 771), ('core/Solver.cc', 'line', 379)) | LineReplacement(('core/Solver.cc', 'line', 311), ('core/Solver.cc', 'line', 691)) | LineInsertion(('core/Solver.cc', '_inter_line', 735), ('core/Solver.cc', 'line', 804)) | LineInsertion(('core/Solver.cc', '_inter_line', 568), ('core/Solver.cc', 'line', 564)) | LineReplacement(('core/Solver.cc', 'line', 181), ('core/Solver.cc', 'line', 927))
2023-06-20 23:57:57,392	[INFO]	168     SUCCESS               344.4706 (100.04%) [5 edit(s)] 
2023-06-21 00:04:02,698	[DEBUG]	LineInsertion(('core/Solver.cc', '_inter_line', 771), ('core/Solver.cc', 'line', 379)) | LineReplacement(('core/Solver.cc', 'line', 311), ('core/Solver.cc', 'line', 691)) | LineInsertion(('core/Solver.cc', '_inter_line', 735), ('core/Solver.cc', 'line', 804)) | LineInsertion(('core/Solver.cc', '_inter_line', 568), ('core/Solver.cc', 'line', 564)) | LineInsertion(('core/Solver.cc', '_inter_line', 659), ('core/Solver.cc', 'line', 944))
2023-06-21 00:04:02,698	[INFO]	169     SUCCESS               344.1471 (99.95%) [5 edit(s)] 
2023-06-21 00:09:56,286	[DEBUG]	LineInsertion(('core/Solver.cc', '_inter_line', 771), ('core/Solver.cc', 'line', 379)) | LineReplacement(('core/Solver.cc', 'line', 311), ('core/Solver.cc', 'line', 691)) | LineInsertion(('core/Solver.cc', '_inter_line', 735), ('core/Solver.cc', 'line', 804)) | LineInsertion(('core/Solver.cc', '_inter_line', 568), ('core/Solver.cc', 'line', 564)) | LineDeletion(('core/Solver.cc', 'line', 100))
2023-06-21 00:09:56,287	[INFO]	170     SUCCESS               335.5464 (97.45%) [5 edit(s)] 
2023-06-21 00:15:49,255	[DEBUG]	LineInsertion(('core/Solver.cc', '_inter_line', 771), ('core/Solver.cc', 'line', 379)) | LineReplacement(('core/Solver.cc', 'line', 311), ('core/Solver.cc', 'line', 691)) | LineInsertion(('core/Solver.cc', '_inter_line', 735), ('core/Solver.cc', 'line', 804)) | LineInsertion(('core/Solver.cc', '_inter_line', 568), ('core/Solver.cc', 'line', 564)) | LineInsertion(('core/Solver.cc', '_inter_line', 850), ('core/Solver.cc', 'line', 1045))
2023-06-21 00:15:49,256	[INFO]	171     SUCCESS               335.2896 (97.38%) [5 edit(s)] 
2023-06-21 00:15:51,981	[DEBUG]	LineInsertion(('core/Solver.cc', '_inter_line', 771), ('core/Solver.cc', 'line', 379)) | LineReplacement(('core/Solver.cc', 'line', 311), ('core/Solver.cc', 'line', 691)) | LineInsertion(('core/Solver.cc', '_inter_line', 735), ('core/Solver.cc', 'line', 804)) | LineInsertion(('core/Solver.cc', '_inter_line', 568), ('core/Solver.cc', 'line', 564)) | LineReplacement(('core/Solver.cc', 'line', 559), ('core/Solver.cc', 'line', 191))
2023-06-21 00:15:51,982	[INFO]	172     COMPILE_CODE_ERROR    None  [5 edit(s)]       
2023-06-21 00:15:54,708	[DEBUG]	LineInsertion(('core/Solver.cc', '_inter_line', 771), ('core/Solver.cc', 'line', 379)) | LineReplacement(('core/Solver.cc', 'line', 311), ('core/Solver.cc', 'line', 691)) | LineInsertion(('core/Solver.cc', '_inter_line', 735), ('core/Solver.cc', 'line', 804)) | LineInsertion(('core/Solver.cc', '_inter_line', 568), ('core/Solver.cc', 'line', 564)) | LineReplacement(('core/Solver.cc', 'line', 648), ('core/Solver.cc', 'line', 509))
2023-06-21 00:15:54,708	[INFO]	173     COMPILE_CODE_ERROR    None  [5 edit(s)]       
