2023-07-10 21:40:54,600	[DEBUG]	==== CONFIG ====
[magpie]
import = 
seed = 
log_dir = _magpie_logs
work_dir = _magpie_work
local_original_copy = False
local_original_name = __original__
output_encoding = ascii
edit_retries = 10
default_timeout = 30
default_lengthout = 1e6
diff_method = unified

[software]
path = code/minisat-hack
target_files = 
	core/Solver.cc.xml
	minisat.params
program = BasicProgram
engine_rules = 
	*.params : ConfigFileParamsEngine
	*.xml : SrcmlEngine
	* : LineEngine
engine_config = 
	*.params : [params]
	*.xml : [srcml]
setup_cmd = ./compile.sh
setup_timeout = 
setup_lengthout = 
compile_cmd = ./compile.sh
compile_timeout = 15
compile_lengthout = 
test_cmd = 
test_timeout = 
test_lengthout = 
run_cmd = perf stat run-sh/validate_2.sh
run_timeout = 1267
run_lengthout = 
fitness = perf_time

[srcml]
rename = 
	stmt: break continue decl_stmt do expr_stmt for goto if return switch while
	number: literal_number
focus = block stmt operator_comp operator_arith number
internodes = block
process_pseudo_blocks = True
process_literals = True
process_operators = True

[params]
timing = test run
cli_prefix = --
cli_glue = =
cli_boolean = show
cli_boolean_prefix_true = 
cli_boolean_prefix_false = no-
silent_prefix = @
silent_suffix = $

[search]
protocol = BasicProtocol
algorithm = ValidRankingSimplify
possible_edits = 
	ParamSetting
warmup = 3
warmup_strategy = last
max_steps = 
max_time = 21840
target_fitness = 
cache_maxsize = 40
cache_keep = 0.2

[search.ls]
delete_prob = 0.5
max_neighbours = 
when_trapped = continue
accept_fail = False
tabu_length = 10

[search.gp]
pop_size = 10
delete_prob = 0.5
offspring_elitism = 0.1
offspring_crossover = 0.5
offspring_mutation = 0.4
uniform_rate = 0.5


2023-07-10 21:40:54,601	[INFO]	==== WARMUP ====
2023-07-10 21:58:16,894	[INFO]	WARM    SUCCESS               1034.1875               
2023-07-10 22:15:35,142	[INFO]	WARM    SUCCESS               1034.8438               
2023-07-10 22:32:45,765	[INFO]	WARM    SUCCESS               1027.1099               
2023-07-10 22:32:45,765	[INFO]	INITIAL SUCCESS               1027.1099               
2023-07-10 22:32:45,765	[INFO]	==== START: ValidRankingSimplify ====
2023-07-10 22:32:45,864	[DEBUG]	CLEAN_PATCH: ParamSetting(('minisat.params', 'sub-lim'), 834) | ParamSetting(('minisat.params', 'gc-frac'), 0.24401869644557284) | ParamSetting(('minisat.params', 'cp-increase'), 5447) | ParamSetting(('minisat.params', 'simp-gc-frac'), 0.5600440577859971) | ParamSetting(('minisat.params', 'luby'), 1) | ParamSetting(('minisat.params', 'verb'), 0) | ParamSetting(('minisat.params', 'elim'), 'True') | ParamSetting(('minisat.params', 'rcheck'), 'True')
2023-07-10 22:32:45,864	[DEBUG]	CLEAN_SIZE: 8 (was 11)
2023-07-10 22:47:16,586	[DEBUG]	ParamSetting(('minisat.params', 'sub-lim'), 834) | ParamSetting(('minisat.params', 'gc-frac'), 0.24401869644557284) | ParamSetting(('minisat.params', 'cp-increase'), 5447) | ParamSetting(('minisat.params', 'simp-gc-frac'), 0.5600440577859971) | ParamSetting(('minisat.params', 'luby'), 1) | ParamSetting(('minisat.params', 'verb'), 0) | ParamSetting(('minisat.params', 'elim'), 'True') | ParamSetting(('minisat.params', 'rcheck'), 'True') | ParamSetting(('minisat.params', 'phase-saving'), 2) | ParamSetting(('minisat.params', 'rfirst'), 1.7216441505418767) | ParamSetting(('minisat.params', 'asymm'), 'False')
2023-07-10 22:47:16,586	[INFO]	1       SUCCESS              *866.8532 (84.4%) [11 edit(s)] 
2023-07-10 22:47:16,595	[DEBUG]	--- before: minisat.params
+++ after: minisat.params
@@ -1,6 +1,6 @@
 lbd-cut := 5.0
 lbd-cut-max := 10.0
-cp-increase := 15000
+cp-increase := 5447
 core-tolerance := 0.02
 var-decay := 0.95
 cla-decay := 0.999
@@ -8,14 +8,14 @@
 ccmin-mode := 2
 phase-saving := 2
 rnd-init := 'False'
-luby := 0
-gc-frac := 0.2
-verb := 1
+luby := 1
+gc-frac := 0.24401869644557284
+verb := 0
 pre := 'True'
 asymm := 'False'
-rcheck := 'False'
-elim := 'False'
+rcheck := 'True'
+elim := 'True'
 grow := 0
 cl-lim := 20
-sub-lim := 1000
-simp-gc-frac := 0.5
+sub-lim := 834
+simp-gc-frac := 0.5600440577859971

2023-07-10 22:47:16,596	[INFO]	-- ranking --
2023-07-10 23:04:52,968	[DEBUG]	ParamSetting(('minisat.params', 'sub-lim'), 834)
2023-07-10 23:04:52,969	[INFO]	2       SUCCESS              +1052.7873 (102.5%) [1 edit(s)] 
2023-07-10 23:04:52,979	[DEBUG]	--- before: minisat.params
+++ after: minisat.params
@@ -17,5 +17,5 @@
 elim := 'False'
 grow := 0
 cl-lim := 20
-sub-lim := 1000
+sub-lim := 834
 simp-gc-frac := 0.5

2023-07-10 23:22:57,114	[DEBUG]	ParamSetting(('minisat.params', 'gc-frac'), 0.24401869644557284)
2023-07-10 23:22:57,114	[INFO]	3       SUCCESS              +1080.1638 (105.17%) [1 edit(s)] 
2023-07-10 23:22:57,124	[DEBUG]	--- before: minisat.params
+++ after: minisat.params
@@ -9,7 +9,7 @@
 phase-saving := 2
 rnd-init := 'False'
 luby := 0
-gc-frac := 0.2
+gc-frac := 0.24401869644557284
 verb := 1
 pre := 'True'
 asymm := 'False'

2023-07-10 23:37:20,887	[DEBUG]	ParamSetting(('minisat.params', 'cp-increase'), 5447)
2023-07-10 23:37:20,887	[INFO]	4       SUCCESS              *859.2384 (83.66%) [1 edit(s)] 
2023-07-10 23:37:20,896	[DEBUG]	--- before: minisat.params
+++ after: minisat.params
@@ -1,6 +1,6 @@
 lbd-cut := 5.0
 lbd-cut-max := 10.0
-cp-increase := 15000
+cp-increase := 5447
 core-tolerance := 0.02
 var-decay := 0.95
 cla-decay := 0.999

2023-07-10 23:54:49,707	[DEBUG]	ParamSetting(('minisat.params', 'simp-gc-frac'), 0.5600440577859971)
2023-07-10 23:54:49,708	[INFO]	5       SUCCESS              +1044.6403 (101.71%) [1 edit(s)] 
2023-07-10 23:54:49,719	[DEBUG]	--- before: minisat.params
+++ after: minisat.params
@@ -18,4 +18,4 @@
 grow := 0
 cl-lim := 20
 sub-lim := 1000
-simp-gc-frac := 0.5
+simp-gc-frac := 0.5600440577859971

2023-07-11 00:13:46,313	[DEBUG]	ParamSetting(('minisat.params', 'luby'), 1)
2023-07-11 00:13:46,314	[INFO]	6       SUCCESS              +1132.2948 (110.24%) [1 edit(s)] 
2023-07-11 00:13:46,323	[DEBUG]	--- before: minisat.params
+++ after: minisat.params
@@ -8,7 +8,7 @@
 ccmin-mode := 2
 phase-saving := 2
 rnd-init := 'False'
-luby := 0
+luby := 1
 gc-frac := 0.2
 verb := 1
 pre := 'True'

2023-07-11 00:31:46,808	[DEBUG]	ParamSetting(('minisat.params', 'verb'), 0)
2023-07-11 00:31:46,809	[INFO]	7       SUCCESS              +1076.8798 (104.85%) [1 edit(s)] 
2023-07-11 00:31:46,817	[DEBUG]	--- before: minisat.params
+++ after: minisat.params
@@ -10,7 +10,7 @@
 rnd-init := 'False'
 luby := 0
 gc-frac := 0.2
-verb := 1
+verb := 0
 pre := 'True'
 asymm := 'False'
 rcheck := 'False'

2023-07-11 00:49:56,012	[DEBUG]	ParamSetting(('minisat.params', 'elim'), 'True')
2023-07-11 00:49:56,013	[INFO]	8       SUCCESS              +1085.6601 (105.7%) [1 edit(s)] 
2023-07-11 00:49:56,021	[DEBUG]	--- before: minisat.params
+++ after: minisat.params
@@ -14,7 +14,7 @@
 pre := 'True'
 asymm := 'False'
 rcheck := 'False'
-elim := 'False'
+elim := 'True'
 grow := 0
 cl-lim := 20
 sub-lim := 1000

2023-07-11 01:07:08,965	[DEBUG]	ParamSetting(('minisat.params', 'rcheck'), 'True')
2023-07-11 01:07:08,966	[INFO]	9       SUCCESS              +1029.3815 (100.22%) [1 edit(s)] 
2023-07-11 01:07:08,974	[DEBUG]	--- before: minisat.params
+++ after: minisat.params
@@ -13,7 +13,7 @@
 verb := 1
 pre := 'True'
 asymm := 'False'
-rcheck := 'False'
+rcheck := 'True'
 elim := 'False'
 grow := 0
 cl-lim := 20

2023-07-11 01:07:08,982	[DEBUG]	ParamSetting(('minisat.params', 'phase-saving'), 2)
2023-07-11 01:07:08,982	[INFO]	10      SUCCESS              +1027.1099 (100.0%) [1 edit(s)] 
2023-07-11 01:07:08,990	[DEBUG]	
2023-07-11 01:07:09,000	[DEBUG]	ParamSetting(('minisat.params', 'rfirst'), 1.7216441505418767)
2023-07-11 01:07:09,000	[INFO]	11      SUCCESS              +1027.1099 (100.0%) [1 edit(s)] 
2023-07-11 01:07:09,014	[DEBUG]	
2023-07-11 01:07:09,021	[DEBUG]	ParamSetting(('minisat.params', 'asymm'), 'False')
2023-07-11 01:07:09,022	[INFO]	12      SUCCESS              +1027.1099 (100.0%) [1 edit(s)] 
2023-07-11 01:07:09,029	[DEBUG]	
2023-07-11 01:07:09,029	[INFO]	-- rebuild --
2023-07-11 01:07:09,037	[DEBUG]	ParamSetting(('minisat.params', 'cp-increase'), 5447) | ParamSetting(('minisat.params', 'phase-saving'), 2)
2023-07-11 01:07:09,037	[INFO]	13      SUCCESS              +859.2384 (83.66%) [2 edit(s)] 
2023-07-11 01:07:09,045	[DEBUG]	--- before: minisat.params
+++ after: minisat.params
@@ -1,6 +1,6 @@
 lbd-cut := 5.0
 lbd-cut-max := 10.0
-cp-increase := 15000
+cp-increase := 5447
 core-tolerance := 0.02
 var-decay := 0.95
 cla-decay := 0.999

2023-07-11 01:07:09,053	[DEBUG]	ParamSetting(('minisat.params', 'cp-increase'), 5447) | ParamSetting(('minisat.params', 'rfirst'), 1.7216441505418767)
2023-07-11 01:07:09,053	[INFO]	14      SUCCESS              +859.2384 (83.66%) [2 edit(s)] 
2023-07-11 01:07:09,060	[DEBUG]	--- before: minisat.params
+++ after: minisat.params
@@ -1,6 +1,6 @@
 lbd-cut := 5.0
 lbd-cut-max := 10.0
-cp-increase := 15000
+cp-increase := 5447
 core-tolerance := 0.02
 var-decay := 0.95
 cla-decay := 0.999

2023-07-11 01:07:09,068	[DEBUG]	ParamSetting(('minisat.params', 'cp-increase'), 5447) | ParamSetting(('minisat.params', 'asymm'), 'False')
2023-07-11 01:07:09,068	[INFO]	15      SUCCESS              +859.2384 (83.66%) [2 edit(s)] 
2023-07-11 01:07:09,076	[DEBUG]	--- before: minisat.params
+++ after: minisat.params
@@ -1,6 +1,6 @@
 lbd-cut := 5.0
 lbd-cut-max := 10.0
-cp-increase := 15000
+cp-increase := 5447
 core-tolerance := 0.02
 var-decay := 0.95
 cla-decay := 0.999

2023-07-11 01:25:31,935	[DEBUG]	ParamSetting(('minisat.params', 'cp-increase'), 5447) | ParamSetting(('minisat.params', 'rcheck'), 'True')
2023-07-11 01:25:31,936	[INFO]	16      SUCCESS              +1099.2719 (107.03%) [2 edit(s)] 
2023-07-11 01:25:31,944	[DEBUG]	--- before: minisat.params
+++ after: minisat.params
@@ -1,6 +1,6 @@
 lbd-cut := 5.0
 lbd-cut-max := 10.0
-cp-increase := 15000
+cp-increase := 5447
 core-tolerance := 0.02
 var-decay := 0.95
 cla-decay := 0.999
@@ -13,7 +13,7 @@
 verb := 1
 pre := 'True'
 asymm := 'False'
-rcheck := 'False'
+rcheck := 'True'
 elim := 'False'
 grow := 0
 cl-lim := 20

2023-07-11 01:39:48,102	[DEBUG]	ParamSetting(('minisat.params', 'cp-increase'), 5447) | ParamSetting(('minisat.params', 'simp-gc-frac'), 0.5600440577859971)
2023-07-11 01:39:48,102	[INFO]	17      SUCCESS              *852.6038 (83.01%) [2 edit(s)] 
2023-07-11 01:39:48,111	[DEBUG]	--- before: minisat.params
+++ after: minisat.params
@@ -1,6 +1,6 @@
 lbd-cut := 5.0
 lbd-cut-max := 10.0
-cp-increase := 15000
+cp-increase := 5447
 core-tolerance := 0.02
 var-decay := 0.95
 cla-decay := 0.999
@@ -18,4 +18,4 @@
 grow := 0
 cl-lim := 20
 sub-lim := 1000
-simp-gc-frac := 0.5
+simp-gc-frac := 0.5600440577859971

2023-07-11 01:53:56,225	[DEBUG]	ParamSetting(('minisat.params', 'cp-increase'), 5447) | ParamSetting(('minisat.params', 'simp-gc-frac'), 0.5600440577859971) | ParamSetting(('minisat.params', 'sub-lim'), 834)
2023-07-11 01:53:56,226	[INFO]	18      SUCCESS              *844.3328 (82.2%) [3 edit(s)] 
2023-07-11 01:53:56,234	[DEBUG]	--- before: minisat.params
+++ after: minisat.params
@@ -1,6 +1,6 @@
 lbd-cut := 5.0
 lbd-cut-max := 10.0
-cp-increase := 15000
+cp-increase := 5447
 core-tolerance := 0.02
 var-decay := 0.95
 cla-decay := 0.999
@@ -17,5 +17,5 @@
 elim := 'False'
 grow := 0
 cl-lim := 20
-sub-lim := 1000
-simp-gc-frac := 0.5
+sub-lim := 834
+simp-gc-frac := 0.5600440577859971

2023-07-11 02:07:55,537	[DEBUG]	ParamSetting(('minisat.params', 'cp-increase'), 5447) | ParamSetting(('minisat.params', 'simp-gc-frac'), 0.5600440577859971) | ParamSetting(('minisat.params', 'sub-lim'), 834) | ParamSetting(('minisat.params', 'verb'), 0)
2023-07-11 02:07:55,537	[INFO]	19      SUCCESS              *834.794 (81.28%) [4 edit(s)] 
2023-07-11 02:07:55,546	[DEBUG]	--- before: minisat.params
+++ after: minisat.params
@@ -1,6 +1,6 @@
 lbd-cut := 5.0
 lbd-cut-max := 10.0
-cp-increase := 15000
+cp-increase := 5447
 core-tolerance := 0.02
 var-decay := 0.95
 cla-decay := 0.999
@@ -10,12 +10,12 @@
 rnd-init := 'False'
 luby := 0
 gc-frac := 0.2
-verb := 1
+verb := 0
 pre := 'True'
 asymm := 'False'
 rcheck := 'False'
 elim := 'False'
 grow := 0
 cl-lim := 20
-sub-lim := 1000
-simp-gc-frac := 0.5
+sub-lim := 834
+simp-gc-frac := 0.5600440577859971

2023-07-11 02:21:57,716	[DEBUG]	ParamSetting(('minisat.params', 'cp-increase'), 5447) | ParamSetting(('minisat.params', 'simp-gc-frac'), 0.5600440577859971) | ParamSetting(('minisat.params', 'sub-lim'), 834) | ParamSetting(('minisat.params', 'verb'), 0) | ParamSetting(('minisat.params', 'gc-frac'), 0.24401869644557284)
2023-07-11 02:21:57,717	[INFO]	20      SUCCESS              +838.6976 (81.66%) [5 edit(s)] 
2023-07-11 02:21:57,732	[DEBUG]	--- before: minisat.params
+++ after: minisat.params
@@ -1,6 +1,6 @@
 lbd-cut := 5.0
 lbd-cut-max := 10.0
-cp-increase := 15000
+cp-increase := 5447
 core-tolerance := 0.02
 var-decay := 0.95
 cla-decay := 0.999
@@ -9,13 +9,13 @@
 phase-saving := 2
 rnd-init := 'False'
 luby := 0
-gc-frac := 0.2
-verb := 1
+gc-frac := 0.24401869644557284
+verb := 0
 pre := 'True'
 asymm := 'False'
 rcheck := 'False'
 elim := 'False'
 grow := 0
 cl-lim := 20
-sub-lim := 1000
-simp-gc-frac := 0.5
+sub-lim := 834
+simp-gc-frac := 0.5600440577859971

2023-07-11 02:34:54,190	[DEBUG]	ParamSetting(('minisat.params', 'cp-increase'), 5447) | ParamSetting(('minisat.params', 'simp-gc-frac'), 0.5600440577859971) | ParamSetting(('minisat.params', 'sub-lim'), 834) | ParamSetting(('minisat.params', 'verb'), 0) | ParamSetting(('minisat.params', 'elim'), 'True')
2023-07-11 02:34:54,190	[INFO]	21      SUCCESS              *772.8751 (75.25%) [5 edit(s)] 
2023-07-11 02:34:54,200	[DEBUG]	--- before: minisat.params
+++ after: minisat.params
@@ -1,6 +1,6 @@
 lbd-cut := 5.0
 lbd-cut-max := 10.0
-cp-increase := 15000
+cp-increase := 5447
 core-tolerance := 0.02
 var-decay := 0.95
 cla-decay := 0.999
@@ -10,12 +10,12 @@
 rnd-init := 'False'
 luby := 0
 gc-frac := 0.2
-verb := 1
+verb := 0
 pre := 'True'
 asymm := 'False'
 rcheck := 'False'
-elim := 'False'
+elim := 'True'
 grow := 0
 cl-lim := 20
-sub-lim := 1000
-simp-gc-frac := 0.5
+sub-lim := 834
+simp-gc-frac := 0.5600440577859971

2023-07-11 02:49:37,706	[DEBUG]	ParamSetting(('minisat.params', 'cp-increase'), 5447) | ParamSetting(('minisat.params', 'simp-gc-frac'), 0.5600440577859971) | ParamSetting(('minisat.params', 'sub-lim'), 834) | ParamSetting(('minisat.params', 'verb'), 0) | ParamSetting(('minisat.params', 'elim'), 'True') | ParamSetting(('minisat.params', 'luby'), 1)
2023-07-11 02:49:37,706	[INFO]	22      SUCCESS              +879.9269 (85.67%) [6 edit(s)] 
2023-07-11 02:49:37,716	[DEBUG]	--- before: minisat.params
+++ after: minisat.params
@@ -1,6 +1,6 @@
 lbd-cut := 5.0
 lbd-cut-max := 10.0
-cp-increase := 15000
+cp-increase := 5447
 core-tolerance := 0.02
 var-decay := 0.95
 cla-decay := 0.999
@@ -8,14 +8,14 @@
 ccmin-mode := 2
 phase-saving := 2
 rnd-init := 'False'
-luby := 0
+luby := 1
 gc-frac := 0.2
-verb := 1
+verb := 0
 pre := 'True'
 asymm := 'False'
 rcheck := 'False'
-elim := 'False'
+elim := 'True'
 grow := 0
 cl-lim := 20
-sub-lim := 1000
-simp-gc-frac := 0.5
+sub-lim := 834
+simp-gc-frac := 0.5600440577859971

2023-07-11 02:49:37,716	[INFO]	-- simplify --
2023-07-11 03:07:17,537	[DEBUG]	ParamSetting(('minisat.params', 'simp-gc-frac'), 0.5600440577859971) | ParamSetting(('minisat.params', 'sub-lim'), 834) | ParamSetting(('minisat.params', 'verb'), 0) | ParamSetting(('minisat.params', 'elim'), 'True')
2023-07-11 03:07:17,538	[INFO]	23      SUCCESS              +1056.1833 (102.83%) [4 edit(s)] 
2023-07-11 03:07:17,547	[DEBUG]	--- before: minisat.params
+++ after: minisat.params
@@ -10,12 +10,12 @@
 rnd-init := 'False'
 luby := 0
 gc-frac := 0.2
-verb := 1
+verb := 0
 pre := 'True'
 asymm := 'False'
 rcheck := 'False'
-elim := 'False'
+elim := 'True'
 grow := 0
 cl-lim := 20
-sub-lim := 1000
-simp-gc-frac := 0.5
+sub-lim := 834
+simp-gc-frac := 0.5600440577859971

2023-07-11 03:20:05,610	[DEBUG]	ParamSetting(('minisat.params', 'cp-increase'), 5447) | ParamSetting(('minisat.params', 'sub-lim'), 834) | ParamSetting(('minisat.params', 'verb'), 0) | ParamSetting(('minisat.params', 'elim'), 'True')
2023-07-11 03:20:05,611	[INFO]	24      SUCCESS              *764.6335 (74.45%) [4 edit(s)] 
2023-07-11 03:20:05,620	[DEBUG]	--- before: minisat.params
+++ after: minisat.params
@@ -1,6 +1,6 @@
 lbd-cut := 5.0
 lbd-cut-max := 10.0
-cp-increase := 15000
+cp-increase := 5447
 core-tolerance := 0.02
 var-decay := 0.95
 cla-decay := 0.999
@@ -10,12 +10,12 @@
 rnd-init := 'False'
 luby := 0
 gc-frac := 0.2
-verb := 1
+verb := 0
 pre := 'True'
 asymm := 'False'
 rcheck := 'False'
-elim := 'False'
+elim := 'True'
 grow := 0
 cl-lim := 20
-sub-lim := 1000
+sub-lim := 834
 simp-gc-frac := 0.5

2023-07-11 03:34:01,161	[DEBUG]	ParamSetting(('minisat.params', 'cp-increase'), 5447) | ParamSetting(('minisat.params', 'sub-lim'), 834) | ParamSetting(('minisat.params', 'verb'), 0)
2023-07-11 03:34:01,162	[INFO]	25      SUCCESS              +831.9239 (81.0%) [3 edit(s)] 
2023-07-11 03:34:01,173	[DEBUG]	--- before: minisat.params
+++ after: minisat.params
@@ -1,6 +1,6 @@
 lbd-cut := 5.0
 lbd-cut-max := 10.0
-cp-increase := 15000
+cp-increase := 5447
 core-tolerance := 0.02
 var-decay := 0.95
 cla-decay := 0.999
@@ -10,12 +10,12 @@
 rnd-init := 'False'
 luby := 0
 gc-frac := 0.2
-verb := 1
+verb := 0
 pre := 'True'
 asymm := 'False'
 rcheck := 'False'
 elim := 'False'
 grow := 0
 cl-lim := 20
-sub-lim := 1000
+sub-lim := 834
 simp-gc-frac := 0.5

2023-07-11 03:51:12,977	[DEBUG]	ParamSetting(('minisat.params', 'sub-lim'), 834) | ParamSetting(('minisat.params', 'verb'), 0) | ParamSetting(('minisat.params', 'elim'), 'True')
2023-07-11 03:51:12,977	[INFO]	26      SUCCESS              +1028.3406 (100.12%) [3 edit(s)] 
2023-07-11 03:51:12,986	[DEBUG]	--- before: minisat.params
+++ after: minisat.params
@@ -10,12 +10,12 @@
 rnd-init := 'False'
 luby := 0
 gc-frac := 0.2
-verb := 1
+verb := 0
 pre := 'True'
 asymm := 'False'
 rcheck := 'False'
-elim := 'False'
+elim := 'True'
 grow := 0
 cl-lim := 20
-sub-lim := 1000
+sub-lim := 834
 simp-gc-frac := 0.5

2023-07-11 04:04:01,838	[DEBUG]	ParamSetting(('minisat.params', 'cp-increase'), 5447) | ParamSetting(('minisat.params', 'verb'), 0) | ParamSetting(('minisat.params', 'elim'), 'True')
2023-07-11 04:04:01,839	[INFO]	27      SUCCESS              +765.4539 (74.53%) [3 edit(s)] 
2023-07-11 04:04:01,848	[DEBUG]	--- before: minisat.params
+++ after: minisat.params
@@ -1,6 +1,6 @@
 lbd-cut := 5.0
 lbd-cut-max := 10.0
-cp-increase := 15000
+cp-increase := 5447
 core-tolerance := 0.02
 var-decay := 0.95
 cla-decay := 0.999
@@ -10,11 +10,11 @@
 rnd-init := 'False'
 luby := 0
 gc-frac := 0.2
-verb := 1
+verb := 0
 pre := 'True'
 asymm := 'False'
 rcheck := 'False'
-elim := 'False'
+elim := 'True'
 grow := 0
 cl-lim := 20
 sub-lim := 1000

2023-07-11 04:16:58,561	[DEBUG]	ParamSetting(('minisat.params', 'cp-increase'), 5447) | ParamSetting(('minisat.params', 'sub-lim'), 834) | ParamSetting(('minisat.params', 'elim'), 'True')
2023-07-11 04:16:58,562	[INFO]	28      SUCCESS              +773.3332 (75.29%) [3 edit(s)] 
2023-07-11 04:16:58,571	[DEBUG]	--- before: minisat.params
+++ after: minisat.params
@@ -1,6 +1,6 @@
 lbd-cut := 5.0
 lbd-cut-max := 10.0
-cp-increase := 15000
+cp-increase := 5447
 core-tolerance := 0.02
 var-decay := 0.95
 cla-decay := 0.999
@@ -14,8 +14,8 @@
 pre := 'True'
 asymm := 'False'
 rcheck := 'False'
-elim := 'False'
+elim := 'True'
 grow := 0
 cl-lim := 20
-sub-lim := 1000
+sub-lim := 834
 simp-gc-frac := 0.5

2023-07-11 04:16:58,579	[INFO]	==== END ====
2023-07-11 04:16:58,579	[INFO]	Reason: validation end
2023-07-11 04:16:58,579	[INFO]	
2023-07-11 04:16:58,579	[INFO]	==== REPORT ====
2023-07-11 04:16:58,579	[INFO]	Termination: validation end
2023-07-11 04:16:58,579	[INFO]	Log file: /home/tsongpet/MSc-SSE-GI-project/_magpie_logs/minisat-hack_1689021643.log
2023-07-11 04:16:58,588	[INFO]	Patch file: _magpie_logs/minisat-hack_1689021643.patch
2023-07-11 04:16:58,588	[INFO]	Diff file: _magpie_logs/minisat-hack_1689021643.diff
2023-07-11 04:16:58,588	[INFO]	Best fitness: 764.6335
2023-07-11 04:16:58,588	[INFO]	Best patch: ParamSetting(('minisat.params', 'cp-increase'), 5447) | ParamSetting(('minisat.params', 'sub-lim'), 834) | ParamSetting(('minisat.params', 'verb'), 0) | ParamSetting(('minisat.params', 'elim'), 'True')
2023-07-11 04:16:58,588	[INFO]	Diff:
--- before: minisat.params
+++ after: minisat.params
@@ -1,6 +1,6 @@
 lbd-cut := 5.0
 lbd-cut-max := 10.0
-cp-increase := 15000
+cp-increase := 5447
 core-tolerance := 0.02
 var-decay := 0.95
 cla-decay := 0.999
@@ -10,12 +10,12 @@
 rnd-init := 'False'
 luby := 0
 gc-frac := 0.2
-verb := 1
+verb := 0
 pre := 'True'
 asymm := 'False'
 rcheck := 'False'
-elim := 'False'
+elim := 'True'
 grow := 0
 cl-lim := 20
-sub-lim := 1000
+sub-lim := 834
 simp-gc-frac := 0.5

