2023-07-11 02:10:24,671	[DEBUG]	==== CONFIG ====
[magpie]
import = 
seed = 
log_dir = _magpie_logs
work_dir = _magpie_work
local_original_copy = False
local_original_name = __original__
output_encoding = ascii
edit_retries = 10
default_timeout = 30
default_lengthout = 1e6
diff_method = unified

[software]
path = code/minisat-hack
target_files = 
	core/Solver.cc.xml
	minisat.params
program = BasicProgram
engine_rules = 
	*.params : ConfigFileParamsEngine
	*.xml : SrcmlEngine
	* : LineEngine
engine_config = 
	*.params : [params]
	*.xml : [srcml]
setup_cmd = ./compile.sh
setup_timeout = 
setup_lengthout = 
compile_cmd = ./compile.sh
compile_timeout = 15
compile_lengthout = 
test_cmd = 
test_timeout = 
test_lengthout = 
run_cmd = perf stat run-sh/validate_8.sh
run_timeout = 1263
run_lengthout = 
fitness = perf_time

[srcml]
rename = 
	stmt: break continue decl_stmt do expr_stmt for goto if return switch while
	number: literal_number
focus = block stmt operator_comp operator_arith number
internodes = block
process_pseudo_blocks = True
process_literals = True
process_operators = True

[params]
timing = test run
cli_prefix = --
cli_glue = =
cli_boolean = show
cli_boolean_prefix_true = 
cli_boolean_prefix_false = no-
silent_prefix = @
silent_suffix = $

[search]
protocol = BasicProtocol
algorithm = ValidRankingSimplify
possible_edits = 
	ParamSetting
warmup = 3
warmup_strategy = last
max_steps = 
max_time = 21840
target_fitness = 
cache_maxsize = 40
cache_keep = 0.2

[search.ls]
delete_prob = 0.5
max_neighbours = 
when_trapped = continue
accept_fail = False
tabu_length = 10

[search.gp]
pop_size = 10
delete_prob = 0.5
offspring_elitism = 0.1
offspring_crossover = 0.5
offspring_mutation = 0.4
uniform_rate = 0.5


2023-07-11 02:10:24,672	[INFO]	==== WARMUP ====
2023-07-11 02:27:57,742	[INFO]	WARM    SUCCESS               1044.896                
2023-07-11 02:45:06,109	[INFO]	WARM    SUCCESS               1024.5841               
2023-07-11 03:02:24,103	[INFO]	WARM    SUCCESS               1034.4158               
2023-07-11 03:02:24,104	[INFO]	INITIAL SUCCESS               1034.4158               
2023-07-11 03:02:24,104	[INFO]	==== START: ValidRankingSimplify ====
2023-07-11 03:02:24,194	[DEBUG]	CLEAN_PATCH: ParamSetting(('minisat.params', 'lbd-cut-max'), 21.535517722910527) | ParamSetting(('minisat.params', 'lbd-cut'), 5.57854779560755) | ParamSetting(('minisat.params', 'cp-increase'), 5945) | ParamSetting(('minisat.params', 'elim'), 'True') | ParamSetting(('minisat.params', 'rcheck'), 'True') | ParamSetting(('minisat.params', 'simp-gc-frac'), 0.2550177094877917)
2023-07-11 03:02:24,194	[DEBUG]	CLEAN_SIZE: 6 (was 10)
2023-07-11 03:16:46,582	[DEBUG]	ParamSetting(('minisat.params', 'lbd-cut-max'), 21.535517722910527) | ParamSetting(('minisat.params', 'lbd-cut'), 5.57854779560755) | ParamSetting(('minisat.params', 'cp-increase'), 5945) | ParamSetting(('minisat.params', 'elim'), 'True') | ParamSetting(('minisat.params', 'rcheck'), 'True') | ParamSetting(('minisat.params', 'simp-gc-frac'), 0.2550177094877917) | ParamSetting(('minisat.params', 'elim'), 'True') | ParamSetting(('minisat.params', 'luby'), 0) | ParamSetting(('minisat.params', 'R-val'), 2.1037232062383193) | ParamSetting(('minisat.params', 'luby'), 0)
2023-07-11 03:16:46,582	[INFO]	1       SUCCESS              *858.8742 (83.03%) [10 edit(s)] 
2023-07-11 03:16:46,591	[DEBUG]	--- before: minisat.params
+++ after: minisat.params
@@ -1,6 +1,6 @@
-lbd-cut := 5.0
-lbd-cut-max := 10.0
-cp-increase := 15000
+lbd-cut := 5.57854779560755
+lbd-cut-max := 21.535517722910527
+cp-increase := 5945
 core-tolerance := 0.02
 var-decay := 0.95
 cla-decay := 0.999
@@ -13,9 +13,9 @@
 verb := 1
 pre := 'True'
 asymm := 'False'
-rcheck := 'False'
-elim := 'False'
+rcheck := 'True'
+elim := 'True'
 grow := 0
 cl-lim := 20
 sub-lim := 1000
-simp-gc-frac := 0.5
+simp-gc-frac := 0.2550177094877917

2023-07-11 03:16:46,592	[INFO]	-- ranking --
2023-07-11 03:33:43,074	[DEBUG]	ParamSetting(('minisat.params', 'lbd-cut-max'), 21.535517722910527)
2023-07-11 03:33:43,074	[INFO]	2       SUCCESS              +1012.7758 (97.91%) [1 edit(s)] 
2023-07-11 03:33:43,083	[DEBUG]	--- before: minisat.params
+++ after: minisat.params
@@ -1,5 +1,5 @@
 lbd-cut := 5.0
-lbd-cut-max := 10.0
+lbd-cut-max := 21.535517722910527
 cp-increase := 15000
 core-tolerance := 0.02
 var-decay := 0.95

2023-07-11 03:50:28,004	[DEBUG]	ParamSetting(('minisat.params', 'lbd-cut'), 5.57854779560755)
2023-07-11 03:50:28,005	[INFO]	3       SUCCESS              +1001.4801 (96.82%) [1 edit(s)] 
2023-07-11 03:50:28,020	[DEBUG]	--- before: minisat.params
+++ after: minisat.params
@@ -1,4 +1,4 @@
-lbd-cut := 5.0
+lbd-cut := 5.57854779560755
 lbd-cut-max := 10.0
 cp-increase := 15000
 core-tolerance := 0.02

2023-07-11 04:05:50,018	[DEBUG]	ParamSetting(('minisat.params', 'cp-increase'), 5945)
2023-07-11 04:05:50,018	[INFO]	4       SUCCESS              +918.2958 (88.77%) [1 edit(s)] 
2023-07-11 04:05:50,027	[DEBUG]	--- before: minisat.params
+++ after: minisat.params
@@ -1,6 +1,6 @@
 lbd-cut := 5.0
 lbd-cut-max := 10.0
-cp-increase := 15000
+cp-increase := 5945
 core-tolerance := 0.02
 var-decay := 0.95
 cla-decay := 0.999

2023-07-11 04:23:06,629	[DEBUG]	ParamSetting(('minisat.params', 'elim'), 'True')
2023-07-11 04:23:06,630	[INFO]	5       SUCCESS              +1033.1841 (99.88%) [1 edit(s)] 
2023-07-11 04:23:06,638	[DEBUG]	--- before: minisat.params
+++ after: minisat.params
@@ -14,7 +14,7 @@
 pre := 'True'
 asymm := 'False'
 rcheck := 'False'
-elim := 'False'
+elim := 'True'
 grow := 0
 cl-lim := 20
 sub-lim := 1000

2023-07-11 04:39:29,339	[DEBUG]	ParamSetting(('minisat.params', 'rcheck'), 'True')
2023-07-11 04:39:29,340	[INFO]	6       SUCCESS              +979.2214 (94.66%) [1 edit(s)] 
2023-07-11 04:39:29,349	[DEBUG]	--- before: minisat.params
+++ after: minisat.params
@@ -13,7 +13,7 @@
 verb := 1
 pre := 'True'
 asymm := 'False'
-rcheck := 'False'
+rcheck := 'True'
 elim := 'False'
 grow := 0
 cl-lim := 20

2023-07-11 04:56:15,164	[DEBUG]	ParamSetting(('minisat.params', 'simp-gc-frac'), 0.2550177094877917)
2023-07-11 04:56:15,165	[INFO]	7       SUCCESS              +1001.8572 (96.85%) [1 edit(s)] 
2023-07-11 04:56:15,175	[DEBUG]	--- before: minisat.params
+++ after: minisat.params
@@ -18,4 +18,4 @@
 grow := 0
 cl-lim := 20
 sub-lim := 1000
-simp-gc-frac := 0.5
+simp-gc-frac := 0.2550177094877917

2023-07-11 04:56:15,183	[DEBUG]	ParamSetting(('minisat.params', 'elim'), 'True')
2023-07-11 04:56:15,183	[INFO]	8       SUCCESS              +1033.1841 (99.88%) [1 edit(s)] 
2023-07-11 04:56:15,192	[DEBUG]	--- before: minisat.params
+++ after: minisat.params
@@ -14,7 +14,7 @@
 pre := 'True'
 asymm := 'False'
 rcheck := 'False'
-elim := 'False'
+elim := 'True'
 grow := 0
 cl-lim := 20
 sub-lim := 1000

2023-07-11 04:56:15,200	[DEBUG]	ParamSetting(('minisat.params', 'luby'), 0)
2023-07-11 04:56:15,200	[INFO]	9       SUCCESS              +1034.4158 (100.0%) [1 edit(s)] 
2023-07-11 04:56:15,209	[DEBUG]	
2023-07-11 04:56:15,216	[DEBUG]	ParamSetting(('minisat.params', 'R-val'), 2.1037232062383193)
2023-07-11 04:56:15,216	[INFO]	10      SUCCESS              +1034.4158 (100.0%) [1 edit(s)] 
2023-07-11 04:56:15,225	[DEBUG]	
2023-07-11 04:56:15,239	[DEBUG]	ParamSetting(('minisat.params', 'luby'), 0)
2023-07-11 04:56:15,239	[INFO]	11      SUCCESS              +1034.4158 (100.0%) [1 edit(s)] 
2023-07-11 04:56:15,248	[DEBUG]	
2023-07-11 04:56:15,248	[INFO]	-- rebuild --
2023-07-11 05:11:52,691	[DEBUG]	ParamSetting(('minisat.params', 'cp-increase'), 5945) | ParamSetting(('minisat.params', 'rcheck'), 'True')
2023-07-11 05:11:52,692	[INFO]	12      SUCCESS              +933.9407 (90.29%) [2 edit(s)] 
2023-07-11 05:11:52,705	[DEBUG]	--- before: minisat.params
+++ after: minisat.params
@@ -1,6 +1,6 @@
 lbd-cut := 5.0
 lbd-cut-max := 10.0
-cp-increase := 15000
+cp-increase := 5945
 core-tolerance := 0.02
 var-decay := 0.95
 cla-decay := 0.999
@@ -13,7 +13,7 @@
 verb := 1
 pre := 'True'
 asymm := 'False'
-rcheck := 'False'
+rcheck := 'True'
 elim := 'False'
 grow := 0
 cl-lim := 20

2023-07-11 05:27:28,476	[DEBUG]	ParamSetting(('minisat.params', 'cp-increase'), 5945) | ParamSetting(('minisat.params', 'lbd-cut'), 5.57854779560755)
2023-07-11 05:27:28,476	[INFO]	13      SUCCESS              +931.8702 (90.09%) [2 edit(s)] 
2023-07-11 05:27:28,485	[DEBUG]	--- before: minisat.params
+++ after: minisat.params
@@ -1,6 +1,6 @@
-lbd-cut := 5.0
+lbd-cut := 5.57854779560755
 lbd-cut-max := 10.0
-cp-increase := 15000
+cp-increase := 5945
 core-tolerance := 0.02
 var-decay := 0.95
 cla-decay := 0.999

2023-07-11 05:43:03,170	[DEBUG]	ParamSetting(('minisat.params', 'cp-increase'), 5945) | ParamSetting(('minisat.params', 'simp-gc-frac'), 0.2550177094877917)
2023-07-11 05:43:03,170	[INFO]	14      SUCCESS              +930.8635 (89.99%) [2 edit(s)] 
2023-07-11 05:43:03,179	[DEBUG]	--- before: minisat.params
+++ after: minisat.params
@@ -1,6 +1,6 @@
 lbd-cut := 5.0
 lbd-cut-max := 10.0
-cp-increase := 15000
+cp-increase := 5945
 core-tolerance := 0.02
 var-decay := 0.95
 cla-decay := 0.999
@@ -18,4 +18,4 @@
 grow := 0
 cl-lim := 20
 sub-lim := 1000
-simp-gc-frac := 0.5
+simp-gc-frac := 0.2550177094877917

2023-07-11 05:58:34,763	[DEBUG]	ParamSetting(('minisat.params', 'cp-increase'), 5945) | ParamSetting(('minisat.params', 'lbd-cut-max'), 21.535517722910527)
2023-07-11 05:58:34,764	[INFO]	15      SUCCESS              +928.1457 (89.73%) [2 edit(s)] 
2023-07-11 05:58:34,773	[DEBUG]	--- before: minisat.params
+++ after: minisat.params
@@ -1,6 +1,6 @@
 lbd-cut := 5.0
-lbd-cut-max := 10.0
-cp-increase := 15000
+lbd-cut-max := 21.535517722910527
+cp-increase := 5945
 core-tolerance := 0.02
 var-decay := 0.95
 cla-decay := 0.999

2023-07-11 06:12:19,677	[DEBUG]	ParamSetting(('minisat.params', 'cp-increase'), 5945) | ParamSetting(('minisat.params', 'elim'), 'True')
2023-07-11 06:12:19,678	[INFO]	16      SUCCESS              *821.3658 (79.4%) [2 edit(s)] 
2023-07-11 06:12:19,687	[DEBUG]	--- before: minisat.params
+++ after: minisat.params
@@ -1,6 +1,6 @@
 lbd-cut := 5.0
 lbd-cut-max := 10.0
-cp-increase := 15000
+cp-increase := 5945
 core-tolerance := 0.02
 var-decay := 0.95
 cla-decay := 0.999
@@ -14,7 +14,7 @@
 pre := 'True'
 asymm := 'False'
 rcheck := 'False'
-elim := 'False'
+elim := 'True'
 grow := 0
 cl-lim := 20
 sub-lim := 1000

2023-07-11 06:12:19,696	[DEBUG]	ParamSetting(('minisat.params', 'cp-increase'), 5945) | ParamSetting(('minisat.params', 'elim'), 'True') | ParamSetting(('minisat.params', 'elim'), 'True')
2023-07-11 06:12:19,696	[INFO]	17      SUCCESS              +821.3658 (79.4%) [3 edit(s)] 
2023-07-11 06:12:19,705	[DEBUG]	--- before: minisat.params
+++ after: minisat.params
@@ -1,6 +1,6 @@
 lbd-cut := 5.0
 lbd-cut-max := 10.0
-cp-increase := 15000
+cp-increase := 5945
 core-tolerance := 0.02
 var-decay := 0.95
 cla-decay := 0.999
@@ -14,7 +14,7 @@
 pre := 'True'
 asymm := 'False'
 rcheck := 'False'
-elim := 'False'
+elim := 'True'
 grow := 0
 cl-lim := 20
 sub-lim := 1000

2023-07-11 06:12:19,714	[DEBUG]	ParamSetting(('minisat.params', 'cp-increase'), 5945) | ParamSetting(('minisat.params', 'elim'), 'True') | ParamSetting(('minisat.params', 'luby'), 0)
2023-07-11 06:12:19,714	[INFO]	18      SUCCESS              +821.3658 (79.4%) [3 edit(s)] 
2023-07-11 06:12:19,723	[DEBUG]	--- before: minisat.params
+++ after: minisat.params
@@ -1,6 +1,6 @@
 lbd-cut := 5.0
 lbd-cut-max := 10.0
-cp-increase := 15000
+cp-increase := 5945
 core-tolerance := 0.02
 var-decay := 0.95
 cla-decay := 0.999
@@ -14,7 +14,7 @@
 pre := 'True'
 asymm := 'False'
 rcheck := 'False'
-elim := 'False'
+elim := 'True'
 grow := 0
 cl-lim := 20
 sub-lim := 1000

2023-07-11 06:12:19,732	[DEBUG]	ParamSetting(('minisat.params', 'cp-increase'), 5945) | ParamSetting(('minisat.params', 'elim'), 'True') | ParamSetting(('minisat.params', 'R-val'), 2.1037232062383193)
2023-07-11 06:12:19,732	[INFO]	19      SUCCESS              +821.3658 (79.4%) [3 edit(s)] 
2023-07-11 06:12:19,742	[DEBUG]	--- before: minisat.params
+++ after: minisat.params
@@ -1,6 +1,6 @@
 lbd-cut := 5.0
 lbd-cut-max := 10.0
-cp-increase := 15000
+cp-increase := 5945
 core-tolerance := 0.02
 var-decay := 0.95
 cla-decay := 0.999
@@ -14,7 +14,7 @@
 pre := 'True'
 asymm := 'False'
 rcheck := 'False'
-elim := 'False'
+elim := 'True'
 grow := 0
 cl-lim := 20
 sub-lim := 1000

2023-07-11 06:12:19,751	[DEBUG]	ParamSetting(('minisat.params', 'cp-increase'), 5945) | ParamSetting(('minisat.params', 'elim'), 'True') | ParamSetting(('minisat.params', 'luby'), 0)
2023-07-11 06:12:19,751	[INFO]	20      SUCCESS              +821.3658 (79.4%) [3 edit(s)] 
2023-07-11 06:12:19,760	[DEBUG]	--- before: minisat.params
+++ after: minisat.params
@@ -1,6 +1,6 @@
 lbd-cut := 5.0
 lbd-cut-max := 10.0
-cp-increase := 15000
+cp-increase := 5945
 core-tolerance := 0.02
 var-decay := 0.95
 cla-decay := 0.999
@@ -14,7 +14,7 @@
 pre := 'True'
 asymm := 'False'
 rcheck := 'False'
-elim := 'False'
+elim := 'True'
 grow := 0
 cl-lim := 20
 sub-lim := 1000

2023-07-11 06:12:19,760	[INFO]	-- simplify --
2023-07-11 06:12:19,769	[DEBUG]	ParamSetting(('minisat.params', 'elim'), 'True')
2023-07-11 06:12:19,769	[INFO]	21      SUCCESS              +1033.1841 (99.88%) [1 edit(s)] 
2023-07-11 06:12:19,777	[DEBUG]	--- before: minisat.params
+++ after: minisat.params
@@ -14,7 +14,7 @@
 pre := 'True'
 asymm := 'False'
 rcheck := 'False'
-elim := 'False'
+elim := 'True'
 grow := 0
 cl-lim := 20
 sub-lim := 1000

2023-07-11 06:12:19,786	[DEBUG]	ParamSetting(('minisat.params', 'cp-increase'), 5945)
2023-07-11 06:12:19,786	[INFO]	22      SUCCESS              +918.2958 (88.77%) [1 edit(s)] 
2023-07-11 06:12:19,794	[DEBUG]	--- before: minisat.params
+++ after: minisat.params
@@ -1,6 +1,6 @@
 lbd-cut := 5.0
 lbd-cut-max := 10.0
-cp-increase := 15000
+cp-increase := 5945
 core-tolerance := 0.02
 var-decay := 0.95
 cla-decay := 0.999

2023-07-11 06:12:19,802	[INFO]	==== END ====
2023-07-11 06:12:19,802	[INFO]	Reason: validation end
2023-07-11 06:12:19,802	[INFO]	
2023-07-11 06:12:19,802	[INFO]	==== REPORT ====
2023-07-11 06:12:19,802	[INFO]	Termination: validation end
2023-07-11 06:12:19,803	[INFO]	Log file: /home/tsongpet/MSc-SSE-GI-project/_magpie_logs/minisat-hack_1689037823.log
2023-07-11 06:12:19,811	[INFO]	Patch file: _magpie_logs/minisat-hack_1689037823.patch
2023-07-11 06:12:19,811	[INFO]	Diff file: _magpie_logs/minisat-hack_1689037823.diff
2023-07-11 06:12:19,811	[INFO]	Best fitness: 821.3658
2023-07-11 06:12:19,811	[INFO]	Best patch: ParamSetting(('minisat.params', 'cp-increase'), 5945) | ParamSetting(('minisat.params', 'elim'), 'True')
2023-07-11 06:12:19,811	[INFO]	Diff:
--- before: minisat.params
+++ after: minisat.params
@@ -1,6 +1,6 @@
 lbd-cut := 5.0
 lbd-cut-max := 10.0
-cp-increase := 15000
+cp-increase := 5945
 core-tolerance := 0.02
 var-decay := 0.95
 cla-decay := 0.999
@@ -14,7 +14,7 @@
 pre := 'True'
 asymm := 'False'
 rcheck := 'False'
-elim := 'False'
+elim := 'True'
 grow := 0
 cl-lim := 20
 sub-lim := 1000

