2023-07-07 08:39:14,183	[DEBUG]	==== CONFIG ====
[magpie]
import = 
seed = 
log_dir = _magpie_logs
work_dir = _magpie_work
local_original_copy = False
local_original_name = __original__
output_encoding = ascii
edit_retries = 10
default_timeout = 30
default_lengthout = 1e6
diff_method = unified

[software]
path = code/minisat-hack
target_files = 
	minisat.params
program = BasicProgram
engine_rules = 
	*.params : ConfigFileParamsEngine
	*.xml : SrcmlEngine
	* : LineEngine
engine_config = 
	*.params : [params]
	*.xml : [srcml]
setup_cmd = ./compile.sh
setup_timeout = 
setup_lengthout = 
compile_cmd = ./compile.sh
compile_timeout = 15
compile_lengthout = 
test_cmd = 
test_timeout = 
test_lengthout = 
run_cmd = perf stat run-sh/train_4.sh
run_timeout = 106
run_lengthout = 
fitness = perf_time

[srcml]
rename = 
	stmt: break continue decl_stmt do expr_stmt for goto if return switch while
	number: literal_number
focus = block stmt operator_comp operator_arith number
internodes = block
process_pseudo_blocks = True
process_literals = True
process_operators = True

[params]
timing = test run
cli_prefix = --
cli_glue = =
cli_boolean = show
cli_boolean_prefix_true = 
cli_boolean_prefix_false = no-
silent_prefix = @
silent_suffix = $

[search]
protocol = BasicProtocol
algorithm = ParticleSwarmOptimization
possible_edits = 
	ParamSetting
warmup = 3
warmup_strategy = last
max_steps = 
max_time = 21840
target_fitness = 
cache_maxsize = 40
cache_keep = 0.2

[search.ls]
delete_prob = 0.5
max_neighbours = 
when_trapped = continue
accept_fail = False
tabu_length = 10

[search.gp]
pop_size = 10
delete_prob = 0.5
offspring_elitism = 0.1
offspring_crossover = 0.5
offspring_mutation = 0.4
uniform_rate = 0.5


2023-07-07 08:39:14,184	[INFO]	==== WARMUP ====
2023-07-07 08:40:52,283	[INFO]	WARM    SUCCESS               87.1747                 
2023-07-07 08:42:24,034	[INFO]	WARM    SUCCESS               91.6618                 
2023-07-07 08:43:56,868	[INFO]	WARM    SUCCESS               92.7424                 
2023-07-07 08:43:56,868	[INFO]	INITIAL SUCCESS               92.7424                 
2023-07-07 08:43:56,878	[INFO]	==== START: ParticleSwarmOptimization ====
2023-07-07 09:52:58,331	[DEBUG]	
2023-07-07 09:52:58,332	[INFO]	1       SUCCESS               92.7424 (100.0%) [0 edit(s)] 
2023-07-07 09:53:02,821	[DEBUG]	ParamSetting(('minisat.params', 'lbd-cut'), 5.825896333144091) | ParamSetting(('minisat.params', 'lbd-cut-max'), 11.060143912774947) | ParamSetting(('minisat.params', 'cp-increase'), 15001) | ParamSetting(('minisat.params', 'core-tolerance'), 0.0) | ParamSetting(('minisat.params', 'K-val'), 1.0) | ParamSetting(('minisat.params', 'R-val'), 1.0) | ParamSetting(('minisat.params', 'var-decay'), 0.0) | ParamSetting(('minisat.params', 'cla-decay'), 1.0) | ParamSetting(('minisat.params', 'rnd-freq'), 1.0) | ParamSetting(('minisat.params', 'rnd-init'), 'True') | ParamSetting(('minisat.params', 'luby'), 1) | ParamSetting(('minisat.params', 'rfirst'), 100.96991586981414) | ParamSetting(('minisat.params', 'rinc'), 4.251544973263792) | ParamSetting(('minisat.params', 'gc-frac'), 0.8703397340752661) | ParamSetting(('minisat.params', 'verb'), 2) | ParamSetting(('minisat.params', 'asymm'), 'True') | ParamSetting(('minisat.params', 'rcheck'), 'True') | ParamSetting(('minisat.params', 'elim'), 'True') | ParamSetting(('minisat.params', 'grow'), -1) | ParamSetting(('minisat.params', 'cl-lim'), 21) | ParamSetting(('minisat.params', 'simp-gc-frac'), 0.0)
2023-07-07 09:53:02,821	[INFO]	2       RUN_CODE_ERROR        None  [21 edit(s)]      
2023-07-07 09:54:53,332	[DEBUG]	ParamSetting(('minisat.params', 'lbd-cut'), 5.513587389373241) | ParamSetting(('minisat.params', 'lbd-cut-max'), 10.659255311679688) | ParamSetting(('minisat.params', 'cp-increase'), 15001) | ParamSetting(('minisat.params', 'core-tolerance'), 0.0) | ParamSetting(('minisat.params', 'K-val'), 1.0) | ParamSetting(('minisat.params', 'R-val'), 1.0) | ParamSetting(('minisat.params', 'var-decay'), 0.0) | ParamSetting(('minisat.params', 'cla-decay'), 1.0) | ParamSetting(('minisat.params', 'rnd-freq'), 0.6948451090316794) | ParamSetting(('minisat.params', 'rnd-init'), 'True') | ParamSetting(('minisat.params', 'luby'), 1) | ParamSetting(('minisat.params', 'rfirst'), 100.60314659297877) | ParamSetting(('minisat.params', 'rinc'), 3.4001334773734233) | ParamSetting(('minisat.params', 'gc-frac'), 0.6168538110663869) | ParamSetting(('minisat.params', 'asymm'), 'True') | ParamSetting(('minisat.params', 'rcheck'), 'True') | ParamSetting(('minisat.params', 'cl-lim'), 21) | ParamSetting(('minisat.params', 'simp-gc-frac'), 0.0)
2023-07-07 09:54:53,333	[INFO]	3       RUN_CODE_ERROR        None  [18 edit(s)]      
2023-07-07 09:54:57,701	[DEBUG]	ParamSetting(('minisat.params', 'lbd-cut'), 4.759048544494033) | ParamSetting(('minisat.params', 'lbd-cut-max'), 9.690707890836043) | ParamSetting(('minisat.params', 'core-tolerance'), 0.0) | ParamSetting(('minisat.params', 'K-val'), 1.0) | ParamSetting(('minisat.params', 'R-val'), 1.1518556100210857) | ParamSetting(('minisat.params', 'var-decay'), 0.0) | ParamSetting(('minisat.params', 'cla-decay'), 1.0) | ParamSetting(('minisat.params', 'luby'), 1) | ParamSetting(('minisat.params', 'rfirst'), 99.71703150725907) | ParamSetting(('minisat.params', 'rinc'), 1.3431221126993385) | ParamSetting(('minisat.params', 'gc-frac'), 0.0044314666054602325) | ParamSetting(('minisat.params', 'verb'), 0) | ParamSetting(('minisat.params', 'asymm'), 'True') | ParamSetting(('minisat.params', 'rcheck'), 'True') | ParamSetting(('minisat.params', 'grow'), 1) | ParamSetting(('minisat.params', 'simp-gc-frac'), 0.0)
2023-07-07 09:54:57,702	[INFO]	4       RUN_CODE_ERROR        None  [16 edit(s)]      
2023-07-07 09:55:02,174	[DEBUG]	ParamSetting(('minisat.params', 'lbd-cut'), 4.155570022513847) | ParamSetting(('minisat.params', 'lbd-cut-max'), 8.916065776695433) | ParamSetting(('minisat.params', 'cp-increase'), 14999) | ParamSetting(('minisat.params', 'core-tolerance'), 0.0) | ParamSetting(('minisat.params', 'K-val'), 1.0) | ParamSetting(('minisat.params', 'R-val'), 1.4592810280646318) | ParamSetting(('minisat.params', 'var-decay'), 0.24932742449535528) | ParamSetting(('minisat.params', 'cla-decay'), 1.0) | ParamSetting(('minisat.params', 'luby'), 1) | ParamSetting(('minisat.params', 'rfirst'), 99.00831859491048) | ParamSetting(('minisat.params', 'rinc'), 1.0) | ParamSetting(('minisat.params', 'gc-frac'), 0.0) | ParamSetting(('minisat.params', 'verb'), 0) | ParamSetting(('minisat.params', 'grow'), 1) | ParamSetting(('minisat.params', 'cl-lim'), 19) | ParamSetting(('minisat.params', 'simp-gc-frac'), 0.0)
2023-07-07 09:55:02,175	[INFO]	5       RUN_CODE_ERROR        None  [16 edit(s)]      
2023-07-07 09:56:52,726	[DEBUG]	ParamSetting(('minisat.params', 'lbd-cut'), 3.6222167598068657) | ParamSetting(('minisat.params', 'lbd-cut-max'), 8.231438430470353) | ParamSetting(('minisat.params', 'cp-increase'), 14998) | ParamSetting(('minisat.params', 'core-tolerance'), 0.0) | ParamSetting(('minisat.params', 'K-val'), 1.0) | ParamSetting(('minisat.params', 'R-val'), 1.7617834831937274) | ParamSetting(('minisat.params', 'var-decay'), 0.5568418477151764) | ParamSetting(('minisat.params', 'cla-decay'), 1.0) | ParamSetting(('minisat.params', 'luby'), 1) | ParamSetting(('minisat.params', 'rfirst'), 98.38195936196979) | ParamSetting(('minisat.params', 'rinc'), 1.0) | ParamSetting(('minisat.params', 'gc-frac'), 0.0) | ParamSetting(('minisat.params', 'verb'), 0) | ParamSetting(('minisat.params', 'grow'), 1) | ParamSetting(('minisat.params', 'cl-lim'), 18) | ParamSetting(('minisat.params', 'simp-gc-frac'), 0.0)
2023-07-07 09:56:52,727	[INFO]	6       RUN_CODE_ERROR        None  [16 edit(s)]      
2023-07-07 09:56:57,145	[DEBUG]	ParamSetting(('minisat.params', 'lbd-cut'), 5.065020894642932) | ParamSetting(('minisat.params', 'lbd-cut-max'), 10.083462660981276) | ParamSetting(('minisat.params', 'core-tolerance'), 0.0) | ParamSetting(('minisat.params', 'K-val'), 1.0) | ParamSetting(('minisat.params', 'R-val'), 1.5453791279003384) | ParamSetting(('minisat.params', 'var-decay'), 1.0) | ParamSetting(('minisat.params', 'cla-decay'), 1.0) | ParamSetting(('minisat.params', 'rfirst'), 100.07635921731679) | ParamSetting(('minisat.params', 'rinc'), 1.0) | ParamSetting(('minisat.params', 'gc-frac'), 0.0) | ParamSetting(('minisat.params', 'simp-gc-frac'), 0.0)
2023-07-07 09:56:57,146	[INFO]	7       RUN_CODE_ERROR        None  [11 edit(s)]      
2023-07-07 10:00:33,676	[DEBUG]	ParamSetting(('minisat.params', 'lbd-cut'), 6.45514098880377) | ParamSetting(('minisat.params', 'lbd-cut-max'), 11.86786016549669) | ParamSetting(('minisat.params', 'cp-increase'), 15002) | ParamSetting(('minisat.params', 'core-tolerance'), 0.0) | ParamSetting(('minisat.params', 'K-val'), 1.0) | ParamSetting(('minisat.params', 'R-val'), 1.2111794095980022) | ParamSetting(('minisat.params', 'var-decay'), 1.0) | ParamSetting(('minisat.params', 'cla-decay'), 1.0) | ParamSetting(('minisat.params', 'rfirst'), 101.70888800593765) | ParamSetting(('minisat.params', 'rinc'), 1.6824166318601055) | ParamSetting(('minisat.params', 'gc-frac'), 0.0) | ParamSetting(('minisat.params', 'verb'), 2) | ParamSetting(('minisat.params', 'grow'), -1) | ParamSetting(('minisat.params', 'cl-lim'), 22) | ParamSetting(('minisat.params', 'simp-gc-frac'), 0.0)
2023-07-07 10:00:33,677	[INFO]	8       RUN_CODE_ERROR        None  [15 edit(s)]      
2023-07-07 10:07:42,517	[DEBUG]	ParamSetting(('minisat.params', 'lbd-cut'), 6.8825393696186925) | ParamSetting(('minisat.params', 'lbd-cut-max'), 12.41648082594435) | ParamSetting(('minisat.params', 'cp-increase'), 15002) | ParamSetting(('minisat.params', 'core-tolerance'), 0.0) | ParamSetting(('minisat.params', 'K-val'), 1.0) | ParamSetting(('minisat.params', 'R-val'), 1.0019034503715725) | ParamSetting(('minisat.params', 'var-decay'), 1.0) | ParamSetting(('minisat.params', 'cla-decay'), 1.0) | ParamSetting(('minisat.params', 'rfirst'), 102.21081597879493) | ParamSetting(('minisat.params', 'rinc'), 2.574946515053437) | ParamSetting(('minisat.params', 'gc-frac'), 0.10802797153384636) | ParamSetting(('minisat.params', 'verb'), 2) | ParamSetting(('minisat.params', 'grow'), -2) | ParamSetting(('minisat.params', 'cl-lim'), 23) | ParamSetting(('minisat.params', 'simp-gc-frac'), 0.0)
2023-07-07 10:07:42,517	[INFO]	9       RUN_CODE_ERROR        None  [15 edit(s)]      
2023-07-07 10:16:37,392	[DEBUG]	ParamSetting(('minisat.params', 'lbd-cut'), 5.464537085915575) | ParamSetting(('minisat.params', 'lbd-cut-max'), 10.596292953640816) | ParamSetting(('minisat.params', 'core-tolerance'), 0.0) | ParamSetting(('minisat.params', 'K-val'), 1.0) | ParamSetting(('minisat.params', 'R-val'), 1.1828703987213292) | ParamSetting(('minisat.params', 'var-decay'), 1.0) | ParamSetting(('minisat.params', 'cla-decay'), 1.0) | ParamSetting(('minisat.params', 'rfirst'), 100.54554291339629) | ParamSetting(('minisat.params', 'rinc'), 2.903872418396482) | ParamSetting(('minisat.params', 'gc-frac'), 0.30621354889927216) | ParamSetting(('minisat.params', 'verb'), 2) | ParamSetting(('minisat.params', 'grow'), -1) | ParamSetting(('minisat.params', 'cl-lim'), 21) | ParamSetting(('minisat.params', 'simp-gc-frac'), 0.4882939939882827)
2023-07-07 10:16:37,392	[INFO]	10      RUN_CODE_ERROR        None  [14 edit(s)]      
2023-07-07 10:32:36,584	[DEBUG]	ParamSetting(('minisat.params', 'lbd-cut'), 3.9287522598493894) | ParamSetting(('minisat.params', 'lbd-cut-max'), 8.624916075760746) | ParamSetting(('minisat.params', 'cp-increase'), 14998) | ParamSetting(('minisat.params', 'core-tolerance'), 0.0) | ParamSetting(('minisat.params', 'K-val'), 1.0) | ParamSetting(('minisat.params', 'R-val'), 1.4188901668270715) | ParamSetting(('minisat.params', 'var-decay'), 1.0) | ParamSetting(('minisat.params', 'cla-decay'), 1.0) | ParamSetting(('minisat.params', 'rfirst'), 98.74194842381829) | ParamSetting(('minisat.params', 'rinc'), 3.003623096255075) | ParamSetting(('minisat.params', 'gc-frac'), 0.477468872035149) | ParamSetting(('minisat.params', 'verb'), 2) | ParamSetting(('minisat.params', 'grow'), 1) | ParamSetting(('minisat.params', 'cl-lim'), 19) | ParamSetting(('minisat.params', 'simp-gc-frac'), 0.9795560247400026)
2023-07-07 10:32:36,585	[INFO]	11      RUN_CODE_ERROR        None  [15 edit(s)]      
2023-07-07 10:50:21,323	[DEBUG]	ParamSetting(('minisat.params', 'lbd-cut'), 3.0) | ParamSetting(('minisat.params', 'lbd-cut-max'), 4.0) | ParamSetting(('minisat.params', 'cp-increase'), 10242) | ParamSetting(('minisat.params', 'core-tolerance'), 0.37739069571527295) | ParamSetting(('minisat.params', 'K-val'), 0.907470661726888) | ParamSetting(('minisat.params', 'R-val'), 2.0844886466393313) | ParamSetting(('minisat.params', 'var-decay'), 0.917431820572757) | ParamSetting(('minisat.params', 'cla-decay'), 0.7498590056988643) | ParamSetting(('minisat.params', 'ccmin-mode'), 1) | ParamSetting(('minisat.params', 'phase-saving'), 1) | ParamSetting(('minisat.params', 'luby'), 1) | ParamSetting(('minisat.params', 'rfirst'), 44.83415132022414) | ParamSetting(('minisat.params', 'rinc'), 2.500743535627102) | ParamSetting(('minisat.params', 'gc-frac'), 1.0) | ParamSetting(('minisat.params', 'rcheck'), 'True') | ParamSetting(('minisat.params', 'grow'), 74) | ParamSetting(('minisat.params', 'cl-lim'), -1) | ParamSetting(('minisat.params', 'sub-lim'), 496) | ParamSetting(('minisat.params', 'simp-gc-frac'), 1.0)
2023-07-07 10:50:21,323	[INFO]	12      SUCCESS              +105.6855 (113.96%) [19 edit(s)] 
2023-07-07 10:50:21,325	[DEBUG]	--- before: minisat.params
+++ after: minisat.params
@@ -1,21 +1,21 @@
-lbd-cut := 5.0
-lbd-cut-max := 10.0
-cp-increase := 15000
-core-tolerance := 0.02
-var-decay := 0.95
-cla-decay := 0.999
+lbd-cut := 3.0
+lbd-cut-max := 4.0
+cp-increase := 10242
+core-tolerance := 0.37739069571527295
+var-decay := 0.917431820572757
+cla-decay := 0.7498590056988643
 rnd-freq := 0.0
-ccmin-mode := 2
-phase-saving := 2
+ccmin-mode := 1
+phase-saving := 1
 rnd-init := 'False'
-luby := 0
-gc-frac := 0.2
+luby := 1
+gc-frac := 1.0
 verb := 1
 pre := 'True'
 asymm := 'False'
-rcheck := 'False'
+rcheck := 'True'
 elim := 'False'
-grow := 0
-cl-lim := 20
-sub-lim := 1000
-simp-gc-frac := 0.5
+grow := 74
+cl-lim := -1
+sub-lim := 496
+simp-gc-frac := 1.0

2023-07-07 11:11:38,724	[DEBUG]	ParamSetting(('minisat.params', 'lbd-cut'), 3.8564997623776884) | ParamSetting(('minisat.params', 'lbd-cut-max'), 8.604489756987878) | ParamSetting(('minisat.params', 'cp-increase'), 14999) | ParamSetting(('minisat.params', 'core-tolerance'), 0.0) | ParamSetting(('minisat.params', 'K-val'), 0.9996711671453071) | ParamSetting(('minisat.params', 'R-val'), 1.6025078574827065) | ParamSetting(('minisat.params', 'var-decay'), 1.0) | ParamSetting(('minisat.params', 'cla-decay'), 1.0) | ParamSetting(('minisat.params', 'rfirst'), 98.72326057351707) | ParamSetting(('minisat.params', 'rinc'), 1.8435234983465247) | ParamSetting(('minisat.params', 'gc-frac'), 0.2828122515245933) | ParamSetting(('minisat.params', 'verb'), 0) | ParamSetting(('minisat.params', 'grow'), 1) | ParamSetting(('minisat.params', 'cl-lim'), 18) | ParamSetting(('minisat.params', 'simp-gc-frac'), 0.8640898895695257)
2023-07-07 11:11:38,725	[INFO]	13      RUN_CODE_ERROR        None  [15 edit(s)]      
2023-07-07 11:17:01,454	[DEBUG]	ParamSetting(('minisat.params', 'lbd-cut'), 6.10325584815493) | ParamSetting(('minisat.params', 'lbd-cut-max'), 12.063103618680906) | ParamSetting(('minisat.params', 'cp-increase'), 15002) | ParamSetting(('minisat.params', 'core-tolerance'), 0.0) | ParamSetting(('minisat.params', 'K-val'), 0.7565840963898196) | ParamSetting(('minisat.params', 'R-val'), 1.306494887146408) | ParamSetting(('minisat.params', 'var-decay'), 1.0) | ParamSetting(('minisat.params', 'cla-decay'), 1.0) | ParamSetting(('minisat.params', 'rfirst'), 101.88751443715962) | ParamSetting(('minisat.params', 'rinc'), 1.0) | ParamSetting(('minisat.params', 'gc-frac'), 0.0) | ParamSetting(('minisat.params', 'grow'), -1) | ParamSetting(('minisat.params', 'cl-lim'), 22) | ParamSetting(('minisat.params', 'simp-gc-frac'), 0.28552287833037426)
2023-07-07 11:17:01,455	[INFO]	14      RUN_CODE_ERROR        None  [14 edit(s)]      
2023-07-07 11:22:24,111	[DEBUG]	ParamSetting(('minisat.params', 'lbd-cut'), 6.708747815388513) | ParamSetting(('minisat.params', 'lbd-cut-max'), 12.452530992179547) | ParamSetting(('minisat.params', 'cp-increase'), 15002) | ParamSetting(('minisat.params', 'core-tolerance'), 0.0) | ParamSetting(('minisat.params', 'K-val'), 0.5780849132840631) | ParamSetting(('minisat.params', 'R-val'), 1.1495852688418537) | ParamSetting(('minisat.params', 'var-decay'), 1.0) | ParamSetting(('minisat.params', 'cla-decay'), 1.0) | ParamSetting(('minisat.params', 'rfirst'), 102.24379794277134) | ParamSetting(('minisat.params', 'rinc'), 1.5559800294417665) | ParamSetting(('minisat.params', 'gc-frac'), 0.0) | ParamSetting(('minisat.params', 'verb'), 2) | ParamSetting(('minisat.params', 'grow'), -2) | ParamSetting(('minisat.params', 'cl-lim'), 23) | ParamSetting(('minisat.params', 'simp-gc-frac'), 0.026023837257510285)
2023-07-07 11:22:24,111	[INFO]	15      RUN_CODE_ERROR        None  [15 edit(s)]      
2023-07-07 11:29:33,013	[DEBUG]	ParamSetting(('minisat.params', 'lbd-cut'), 7.142685739703367) | ParamSetting(('minisat.params', 'lbd-cut-max'), 12.595730336414421) | ParamSetting(('minisat.params', 'cp-increase'), 15002) | ParamSetting(('minisat.params', 'core-tolerance'), 0.0) | ParamSetting(('minisat.params', 'K-val'), 0.5) | ParamSetting(('minisat.params', 'R-val'), 1.017816668509468) | ParamSetting(('minisat.params', 'var-decay'), 1.0) | ParamSetting(('minisat.params', 'cla-decay'), 1.0) | ParamSetting(('minisat.params', 'rfirst'), 102.3748096996156) | ParamSetting(('minisat.params', 'rinc'), 2.156538562744619) | ParamSetting(('minisat.params', 'gc-frac'), 0.0) | ParamSetting(('minisat.params', 'verb'), 2) | ParamSetting(('minisat.params', 'grow'), -2) | ParamSetting(('minisat.params', 'cl-lim'), 23) | ParamSetting(('minisat.params', 'simp-gc-frac'), 0.0)
2023-07-07 11:29:33,013	[INFO]	16      RUN_CODE_ERROR        None  [15 edit(s)]      
2023-07-07 11:38:27,872	[DEBUG]	ParamSetting(('minisat.params', 'lbd-cut'), 5.6193377874384405) | ParamSetting(('minisat.params', 'lbd-cut-max'), 10.367799732504409) | ParamSetting(('minisat.params', 'core-tolerance'), 0.0) | ParamSetting(('minisat.params', 'K-val'), 0.6178224840704221) | ParamSetting(('minisat.params', 'R-val'), 1.2351622771017126) | ParamSetting(('minisat.params', 'var-decay'), 1.0) | ParamSetting(('minisat.params', 'cla-decay'), 1.0) | ParamSetting(('minisat.params', 'rfirst'), 100.33649657671067) | ParamSetting(('minisat.params', 'rinc'), 2.6141033231750406) | ParamSetting(('minisat.params', 'gc-frac'), 0.07184473904029587) | ParamSetting(('minisat.params', 'verb'), 2) | ParamSetting(('minisat.params', 'grow'), -1) | ParamSetting(('minisat.params', 'cl-lim'), 21) | ParamSetting(('minisat.params', 'simp-gc-frac'), 0.24482356156797105)
2023-07-07 11:38:27,872	[INFO]	17      RUN_CODE_ERROR        None  [14 edit(s)]      
2023-07-07 11:54:27,057	[DEBUG]	ParamSetting(('minisat.params', 'lbd-cut'), 3.4339589841064053) | ParamSetting(('minisat.params', 'lbd-cut-max'), 7.746715707519874) | ParamSetting(('minisat.params', 'cp-increase'), 14998) | ParamSetting(('minisat.params', 'core-tolerance'), 0.0) | ParamSetting(('minisat.params', 'K-val'), 0.9303806008800914) | ParamSetting(('minisat.params', 'R-val'), 1.6287084343956042) | ParamSetting(('minisat.params', 'var-decay'), 1.0) | ParamSetting(('minisat.params', 'cla-decay'), 1.0) | ParamSetting(('minisat.params', 'rfirst'), 97.93849102169644) | ParamSetting(('minisat.params', 'rinc'), 2.4152325262560383) | ParamSetting(('minisat.params', 'gc-frac'), 0.2806789177735691) | ParamSetting(('minisat.params', 'grow'), 2) | ParamSetting(('minisat.params', 'cl-lim'), 18) | ParamSetting(('minisat.params', 'simp-gc-frac'), 0.7624137427961725)
2023-07-07 11:54:27,057	[INFO]	18      RUN_CODE_ERROR        None  [14 edit(s)]      
2023-07-07 12:31:28,872	[DEBUG]	ParamSetting(('minisat.params', 'lbd-cut'), 3.0) | ParamSetting(('minisat.params', 'lbd-cut-max'), 7.526436862864631) | ParamSetting(('minisat.params', 'cp-increase'), 17543) | ParamSetting(('minisat.params', 'core-tolerance'), 0.0) | ParamSetting(('minisat.params', 'K-val'), 1.0) | ParamSetting(('minisat.params', 'R-val'), 1.7758367736023466) | ParamSetting(('minisat.params', 'var-decay'), 0.9133027698812155) | ParamSetting(('minisat.params', 'cla-decay'), 0.7465526436053842) | ParamSetting(('minisat.params', 'rfirst'), 116.92828452996991) | ParamSetting(('minisat.params', 'rinc'), 1.0) | ParamSetting(('minisat.params', 'gc-frac'), 0.5425025924583637) | ParamSetting(('minisat.params', 'verb'), 0) | ParamSetting(('minisat.params', 'pre'), 'False') | ParamSetting(('minisat.params', 'grow'), 51) | ParamSetting(('minisat.params', 'cl-lim'), 18) | ParamSetting(('minisat.params', 'sub-lim'), 1258) | ParamSetting(('minisat.params', 'simp-gc-frac'), 1.0)
2023-07-07 12:31:28,873	[INFO]	19      SUCCESS              +95.812 (103.31%) [17 edit(s)] 
2023-07-07 12:31:28,875	[DEBUG]	--- before: minisat.params
+++ after: minisat.params
@@ -1,21 +1,21 @@
-lbd-cut := 5.0
-lbd-cut-max := 10.0
-cp-increase := 15000
-core-tolerance := 0.02
-var-decay := 0.95
-cla-decay := 0.999
+lbd-cut := 3.0
+lbd-cut-max := 7.526436862864631
+cp-increase := 17543
+core-tolerance := 0.0
+var-decay := 0.9133027698812155
+cla-decay := 0.7465526436053842
 rnd-freq := 0.0
 ccmin-mode := 2
 phase-saving := 2
 rnd-init := 'False'
 luby := 0
-gc-frac := 0.2
-verb := 1
-pre := 'True'
+gc-frac := 0.5425025924583637
+verb := 0
+pre := 'False'
 asymm := 'False'
 rcheck := 'False'
 elim := 'False'
-grow := 0
-cl-lim := 20
-sub-lim := 1000
-simp-gc-frac := 0.5
+grow := 51
+cl-lim := 18
+sub-lim := 1258
+simp-gc-frac := 1.0

2023-07-07 13:01:36,638	[DEBUG]	ParamSetting(('minisat.params', 'lbd-cut'), 3.0) | ParamSetting(('minisat.params', 'lbd-cut-max'), 6.524011399503853) | ParamSetting(('minisat.params', 'cp-increase'), 14998) | ParamSetting(('minisat.params', 'core-tolerance'), 0.0) | ParamSetting(('minisat.params', 'K-val'), 1.0) | ParamSetting(('minisat.params', 'R-val'), 1.9527385895650726) | ParamSetting(('minisat.params', 'var-decay'), 1.0) | ParamSetting(('minisat.params', 'cla-decay'), 1.0) | ParamSetting(('minisat.params', 'rfirst'), 96.8198501483732) | ParamSetting(('minisat.params', 'rinc'), 1.5713821169655722) | ParamSetting(('minisat.params', 'gc-frac'), 0.5047527510025841) | ParamSetting(('minisat.params', 'verb'), 0) | ParamSetting(('minisat.params', 'grow'), 3) | ParamSetting(('minisat.params', 'cl-lim'), 15) | ParamSetting(('minisat.params', 'simp-gc-frac'), 1.0)
2023-07-07 13:01:36,638	[INFO]	20      RUN_CODE_ERROR        None  [15 edit(s)]      
2023-07-07 13:17:35,819	[DEBUG]	ParamSetting(('minisat.params', 'lbd-cut'), 5.3387391718718025) | ParamSetting(('minisat.params', 'lbd-cut-max'), 11.58895869999938) | ParamSetting(('minisat.params', 'cp-increase'), 15001) | ParamSetting(('minisat.params', 'core-tolerance'), 0.0) | ParamSetting(('minisat.params', 'K-val'), 0.8743495063986584) | ParamSetting(('minisat.params', 'R-val'), 1.2299846438484412) | ParamSetting(('minisat.params', 'var-decay'), 1.0) | ParamSetting(('minisat.params', 'cla-decay'), 1.0) | ParamSetting(('minisat.params', 'rfirst'), 101.45372363227051) | ParamSetting(('minisat.params', 'rinc'), 1.7539072280590051) | ParamSetting(('minisat.params', 'gc-frac'), 0.1352290790370153) | ParamSetting(('minisat.params', 'verb'), 0) | ParamSetting(('minisat.params', 'grow'), -1) | ParamSetting(('minisat.params', 'cl-lim'), 21) | ParamSetting(('minisat.params', 'simp-gc-frac'), 0.45648201195769766)
2023-07-07 13:17:35,820	[INFO]	21      RUN_CODE_ERROR        None  [15 edit(s)]      
2023-07-07 13:24:44,591	[DEBUG]	ParamSetting(('minisat.params', 'lbd-cut'), 7.273876922330961) | ParamSetting(('minisat.params', 'lbd-cut-max'), 14.760691270288145) | ParamSetting(('minisat.params', 'cp-increase'), 15003) | ParamSetting(('minisat.params', 'core-tolerance'), 0.0) | ParamSetting(('minisat.params', 'K-val'), 0.6601129591147404) | ParamSetting(('minisat.params', 'R-val'), 1.0) | ParamSetting(('minisat.params', 'var-decay'), 1.0) | ParamSetting(('minisat.params', 'cla-decay'), 1.0) | ParamSetting(('minisat.params', 'rfirst'), 104.35551245325915) | ParamSetting(('minisat.params', 'rinc'), 2.2296472986326856) | ParamSetting(('minisat.params', 'gc-frac'), 0.0) | ParamSetting(('minisat.params', 'verb'), 2) | ParamSetting(('minisat.params', 'grow'), -4) | ParamSetting(('minisat.params', 'cl-lim'), 26) | ParamSetting(('minisat.params', 'simp-gc-frac'), 0.0)
2023-07-07 13:24:44,591	[INFO]	22      RUN_CODE_ERROR        None  [15 edit(s)]      
2023-07-07 13:35:25,456	[DEBUG]	ParamSetting(('minisat.params', 'lbd-cut'), 8.698335390510223) | ParamSetting(('minisat.params', 'lbd-cut-max'), 16.863242664941996) | ParamSetting(('minisat.params', 'cp-increase'), 15004) | ParamSetting(('minisat.params', 'core-tolerance'), 0.0) | ParamSetting(('minisat.params', 'K-val'), 0.5) | ParamSetting(('minisat.params', 'R-val'), 1.0) | ParamSetting(('minisat.params', 'var-decay'), 1.0) | ParamSetting(('minisat.params', 'cla-decay'), 1.0) | ParamSetting(('minisat.params', 'rfirst'), 106.27911729614954) | ParamSetting(('minisat.params', 'rinc'), 2.6538119666454234) | ParamSetting(('minisat.params', 'gc-frac'), 0.0) | ParamSetting(('minisat.params', 'verb'), 2) | ParamSetting(('minisat.params', 'grow'), -6) | ParamSetting(('minisat.params', 'cl-lim'), 30) | ParamSetting(('minisat.params', 'simp-gc-frac'), 0.0)
2023-07-07 13:35:25,457	[INFO]	23      RUN_CODE_ERROR        None  [15 edit(s)]      
2023-07-07 13:40:48,149	[DEBUG]	ParamSetting(('minisat.params', 'lbd-cut'), 9.390106831095059) | ParamSetting(('minisat.params', 'lbd-cut-max'), 17.606098862470457) | ParamSetting(('minisat.params', 'cp-increase'), 15005) | ParamSetting(('minisat.params', 'core-tolerance'), 0.0) | ParamSetting(('minisat.params', 'K-val'), 0.5) | ParamSetting(('minisat.params', 'R-val'), 1.0) | ParamSetting(('minisat.params', 'var-decay'), 1.0) | ParamSetting(('minisat.params', 'cla-decay'), 1.0) | ParamSetting(('minisat.params', 'rfirst'), 106.95874956709915) | ParamSetting(('minisat.params', 'rinc'), 2.948448212850799) | ParamSetting(('minisat.params', 'gc-frac'), 0.0) | ParamSetting(('minisat.params', 'verb'), 2) | ParamSetting(('minisat.params', 'grow'), -7) | ParamSetting(('minisat.params', 'cl-lim'), 32) | ParamSetting(('minisat.params', 'simp-gc-frac'), 0.0)
2023-07-07 13:40:48,150	[INFO]	24      RUN_CODE_ERROR        None  [15 edit(s)]      
2023-07-07 13:51:29,027	[DEBUG]	ParamSetting(('minisat.params', 'lbd-cut'), 9.773675197483987) | ParamSetting(('minisat.params', 'lbd-cut-max'), 17.814976470811228) | ParamSetting(('minisat.params', 'cp-increase'), 15005) | ParamSetting(('minisat.params', 'core-tolerance'), 0.0) | ParamSetting(('minisat.params', 'K-val'), 0.5) | ParamSetting(('minisat.params', 'R-val'), 1.0) | ParamSetting(('minisat.params', 'var-decay'), 1.0) | ParamSetting(('minisat.params', 'cla-decay'), 1.0) | ParamSetting(('minisat.params', 'rfirst'), 107.14984976089099) | ParamSetting(('minisat.params', 'rinc'), 3.1764995976478447) | ParamSetting(('minisat.params', 'gc-frac'), 0.0) | ParamSetting(('minisat.params', 'verb'), 2) | ParamSetting(('minisat.params', 'grow'), -7) | ParamSetting(('minisat.params', 'cl-lim'), 33) | ParamSetting(('minisat.params', 'simp-gc-frac'), 0.0)
2023-07-07 13:51:29,027	[INFO]	25      RUN_CODE_ERROR        None  [15 edit(s)]      
2023-07-07 14:07:28,151	[DEBUG]	ParamSetting(('minisat.params', 'lbd-cut'), 5.503900823947663) | ParamSetting(('minisat.params', 'lbd-cut-max'), 10.405873693242407) | ParamSetting(('minisat.params', 'core-tolerance'), 0.0) | ParamSetting(('minisat.params', 'K-val'), 0.6901127664603063) | ParamSetting(('minisat.params', 'R-val'), 1.0668939579036327) | ParamSetting(('minisat.params', 'var-decay'), 1.0) | ParamSetting(('minisat.params', 'cla-decay'), 1.0) | ParamSetting(('minisat.params', 'rfirst'), 100.37133009157735) | ParamSetting(('minisat.params', 'rinc'), 2.257708008267457) | ParamSetting(('minisat.params', 'gc-frac'), 0.001188560227449259) | ParamSetting(('minisat.params', 'verb'), 2) | ParamSetting(('minisat.params', 'cl-lim'), 21) | ParamSetting(('minisat.params', 'simp-gc-frac'), 0.24218009725022277)
2023-07-07 14:07:28,152	[INFO]	26      RUN_CODE_ERROR        None  [13 edit(s)]      
2023-07-07 14:18:09,080	[DEBUG]	ParamSetting(('minisat.params', 'lbd-cut'), 3.0) | ParamSetting(('minisat.params', 'lbd-cut-max'), 4.0) | ParamSetting(('minisat.params', 'cp-increase'), 14995) | ParamSetting(('minisat.params', 'core-tolerance'), 0.0) | ParamSetting(('minisat.params', 'K-val'), 0.919274794815282) | ParamSetting(('minisat.params', 'R-val'), 1.2521596743593562) | ParamSetting(('minisat.params', 'var-decay'), 1.0) | ParamSetting(('minisat.params', 'cla-decay'), 1.0) | ParamSetting(('minisat.params', 'rfirst'), 93.46085545781247) | ParamSetting(('minisat.params', 'rinc'), 1.247337923523871) | ParamSetting(('minisat.params', 'gc-frac'), 0.07302627349350238) | ParamSetting(('minisat.params', 'verb'), 2) | ParamSetting(('minisat.params', 'grow'), 7) | ParamSetting(('minisat.params', 'cl-lim'), 9) | ParamSetting(('minisat.params', 'simp-gc-frac'), 0.5759784524166172)
2023-07-07 14:18:09,081	[INFO]	27      RUN_CODE_ERROR        None  [15 edit(s)]      
2023-07-07 14:44:44,720	[DEBUG]	ParamSetting(('minisat.params', 'lbd-cut'), 3.0) | ParamSetting(('minisat.params', 'lbd-cut-max'), 4.0) | ParamSetting(('minisat.params', 'cp-increase'), 14992) | ParamSetting(('minisat.params', 'core-tolerance'), 0.0) | ParamSetting(('minisat.params', 'K-val'), 1.0) | ParamSetting(('minisat.params', 'R-val'), 1.4896462605245737) | ParamSetting(('minisat.params', 'var-decay'), 1.0) | ParamSetting(('minisat.params', 'cla-decay'), 1.0) | ParamSetting(('minisat.params', 'rfirst'), 88.86016885832967) | ParamSetting(('minisat.params', 'rinc'), 1.0) | ParamSetting(('minisat.params', 'gc-frac'), 0.18971425612748152) | ParamSetting(('minisat.params', 'grow'), 11) | ParamSetting(('minisat.params', 'cl-lim'), 1) | ParamSetting(('minisat.params', 'simp-gc-frac'), 0.8829393337937466)
2023-07-07 14:44:44,720	[INFO]	28      RUN_CODE_ERROR        None  [14 edit(s)]      
2023-07-07 15:23:42,826	[DEBUG]	ParamSetting(('minisat.params', 'lbd-cut'), 3.0) | ParamSetting(('minisat.params', 'lbd-cut-max'), 4.0) | ParamSetting(('minisat.params', 'cp-increase'), 14996) | ParamSetting(('minisat.params', 'core-tolerance'), 0.0) | ParamSetting(('minisat.params', 'K-val'), 1.0) | ParamSetting(('minisat.params', 'R-val'), 1.6512739075140563) | ParamSetting(('minisat.params', 'var-decay'), 1.0) | ParamSetting(('minisat.params', 'cla-decay'), 1.0) | ParamSetting(('minisat.params', 'rfirst'), 93.6860413596839) | ParamSetting(('minisat.params', 'rinc'), 1.10169187907755) | ParamSetting(('minisat.params', 'gc-frac'), 0.31510606660923446) | ParamSetting(('minisat.params', 'verb'), 0) | ParamSetting(('minisat.params', 'grow'), 6) | ParamSetting(('minisat.params', 'cl-lim'), 9) | ParamSetting(('minisat.params', 'simp-gc-frac'), 0.865855782527829)
2023-07-07 15:23:42,826	[INFO]	29      RUN_CODE_ERROR        None  [15 edit(s)]      
2023-07-07 15:23:42,828	[INFO]	==== END ====
2023-07-07 15:23:42,828	[INFO]	Reason: time budget
2023-07-07 15:23:42,828	[INFO]	
2023-07-07 15:23:42,828	[INFO]	==== REPORT ====
2023-07-07 15:23:42,828	[INFO]	Termination: time budget
2023-07-07 15:23:42,828	[INFO]	Log file: /home/tsongpet/MSc-SSE-GI-project/_magpie_logs/minisat-hack_1688715553.log
2023-07-07 15:23:42,830	[INFO]	Patch file: _magpie_logs/minisat-hack_1688715553.patch
2023-07-07 15:23:42,830	[INFO]	Diff file: _magpie_logs/minisat-hack_1688715553.diff
2023-07-07 15:23:42,830	[INFO]	Best fitness: 92.7424
2023-07-07 15:23:42,830	[INFO]	Best patch: 
2023-07-07 15:23:42,830	[INFO]	Diff:

