2023-07-07 08:39:19,708	[DEBUG]	==== CONFIG ====
[magpie]
import = 
seed = 
log_dir = _magpie_logs
work_dir = _magpie_work
local_original_copy = False
local_original_name = __original__
output_encoding = ascii
edit_retries = 10
default_timeout = 30
default_lengthout = 1e6
diff_method = unified

[software]
path = code/minisat-hack
target_files = 
	minisat.params
program = BasicProgram
engine_rules = 
	*.params : ConfigFileParamsEngine
	*.xml : SrcmlEngine
	* : LineEngine
engine_config = 
	*.params : [params]
	*.xml : [srcml]
setup_cmd = ./compile.sh
setup_timeout = 
setup_lengthout = 
compile_cmd = ./compile.sh
compile_timeout = 15
compile_lengthout = 
test_cmd = 
test_timeout = 
test_lengthout = 
run_cmd = perf stat run-sh/train_10.sh
run_timeout = 88
run_lengthout = 
fitness = perf_time

[srcml]
rename = 
	stmt: break continue decl_stmt do expr_stmt for goto if return switch while
	number: literal_number
focus = block stmt operator_comp operator_arith number
internodes = block
process_pseudo_blocks = True
process_literals = True
process_operators = True

[params]
timing = test run
cli_prefix = --
cli_glue = =
cli_boolean = show
cli_boolean_prefix_true = 
cli_boolean_prefix_false = no-
silent_prefix = @
silent_suffix = $

[search]
protocol = BasicProtocol
algorithm = ParticleSwarmOptimization
possible_edits = 
	ParamSetting
warmup = 3
warmup_strategy = last
max_steps = 
max_time = 21840
target_fitness = 
cache_maxsize = 40
cache_keep = 0.2

[search.ls]
delete_prob = 0.5
max_neighbours = 
when_trapped = continue
accept_fail = False
tabu_length = 10

[search.gp]
pop_size = 10
delete_prob = 0.5
offspring_elitism = 0.1
offspring_crossover = 0.5
offspring_mutation = 0.4
uniform_rate = 0.5


2023-07-07 08:39:19,708	[INFO]	==== WARMUP ====
2023-07-07 08:40:48,756	[INFO]	WARM    SUCCESS               78.9393                 
2023-07-07 08:42:05,803	[INFO]	WARM    SUCCESS               76.9441                 
2023-07-07 08:43:22,336	[INFO]	WARM    SUCCESS               76.4187                 
2023-07-07 08:43:22,337	[INFO]	INITIAL SUCCESS               76.4187                 
2023-07-07 08:43:22,348	[INFO]	==== START: ParticleSwarmOptimization ====
2023-07-07 09:40:40,915	[DEBUG]	
2023-07-07 09:40:40,916	[INFO]	1       SUCCESS               76.4187 (100.0%) [0 edit(s)] 
2023-07-07 09:40:45,373	[DEBUG]	ParamSetting(('minisat.params', 'lbd-cut'), 6.323165080163439) | ParamSetting(('minisat.params', 'lbd-cut-max'), 7.44006869872026) | ParamSetting(('minisat.params', 'cp-increase'), 15001) | ParamSetting(('minisat.params', 'core-tolerance'), 0.9985765663844677) | ParamSetting(('minisat.params', 'K-val'), 1.0) | ParamSetting(('minisat.params', 'R-val'), 1.0) | ParamSetting(('minisat.params', 'var-decay'), 0.5812362294851272) | ParamSetting(('minisat.params', 'cla-decay'), 1.0) | ParamSetting(('minisat.params', 'rnd-freq'), 0.21324593593473518) | ParamSetting(('minisat.params', 'rfirst'), 100.37843910240653) | ParamSetting(('minisat.params', 'rinc'), 1.0) | ParamSetting(('minisat.params', 'gc-frac'), 1.0) | ParamSetting(('minisat.params', 'verb'), 2) | ParamSetting(('minisat.params', 'asymm'), 'True') | ParamSetting(('minisat.params', 'elim'), 'True') | ParamSetting(('minisat.params', 'grow'), 1) | ParamSetting(('minisat.params', 'cl-lim'), 18) | ParamSetting(('minisat.params', 'sub-lim'), 1002) | ParamSetting(('minisat.params', 'simp-gc-frac'), 0.01579296988695411)
2023-07-07 09:40:45,374	[INFO]	2       RUN_CODE_ERROR        None  [19 edit(s)]      
2023-07-07 09:43:45,924	[DEBUG]	ParamSetting(('minisat.params', 'lbd-cut'), 7.39347635358173) | ParamSetting(('minisat.params', 'lbd-cut-max'), 5.369334387474968) | ParamSetting(('minisat.params', 'cp-increase'), 15001) | ParamSetting(('minisat.params', 'core-tolerance'), 1.0) | ParamSetting(('minisat.params', 'K-val'), 1.0) | ParamSetting(('minisat.params', 'R-val'), 1.0) | ParamSetting(('minisat.params', 'var-decay'), 0.2829423682523692) | ParamSetting(('minisat.params', 'cla-decay'), 1.0) | ParamSetting(('minisat.params', 'rnd-freq'), 0.3857410634613695) | ParamSetting(('minisat.params', 'rfirst'), 100.68455936183626) | ParamSetting(('minisat.params', 'rinc'), 1.0) | ParamSetting(('minisat.params', 'gc-frac'), 1.0) | ParamSetting(('minisat.params', 'verb'), 2) | ParamSetting(('minisat.params', 'asymm'), 'True') | ParamSetting(('minisat.params', 'elim'), 'True') | ParamSetting(('minisat.params', 'grow'), 2) | ParamSetting(('minisat.params', 'cl-lim'), 16) | ParamSetting(('minisat.params', 'sub-lim'), 1004) | ParamSetting(('minisat.params', 'simp-gc-frac'), 0.0)
2023-07-07 09:43:45,925	[INFO]	3       RUN_CODE_ERROR        None  [19 edit(s)]      
2023-07-07 09:45:18,430	[DEBUG]	ParamSetting(('minisat.params', 'lbd-cut'), 7.5335538294856255) | ParamSetting(('minisat.params', 'lbd-cut-max'), 5.0983260903648695) | ParamSetting(('minisat.params', 'cp-increase'), 15001) | ParamSetting(('minisat.params', 'core-tolerance'), 1.0) | ParamSetting(('minisat.params', 'K-val'), 1.0) | ParamSetting(('minisat.params', 'R-val'), 1.0) | ParamSetting(('minisat.params', 'var-decay'), 0.24390302316011042) | ParamSetting(('minisat.params', 'cla-decay'), 1.0) | ParamSetting(('minisat.params', 'rnd-freq'), 0.40831644192345207) | ParamSetting(('minisat.params', 'rfirst'), 100.7246229903609) | ParamSetting(('minisat.params', 'rinc'), 1.0) | ParamSetting(('minisat.params', 'gc-frac'), 1.0) | ParamSetting(('minisat.params', 'verb'), 2) | ParamSetting(('minisat.params', 'asymm'), 'True') | ParamSetting(('minisat.params', 'elim'), 'True') | ParamSetting(('minisat.params', 'grow'), 2) | ParamSetting(('minisat.params', 'cl-lim'), 16) | ParamSetting(('minisat.params', 'sub-lim'), 1004) | ParamSetting(('minisat.params', 'simp-gc-frac'), 0.0)
2023-07-07 09:45:18,431	[INFO]	4       RUN_CODE_ERROR        None  [19 edit(s)]      
2023-07-07 09:46:50,866	[DEBUG]	ParamSetting(('minisat.params', 'lbd-cut'), 5.91908471019173) | ParamSetting(('minisat.params', 'lbd-cut-max'), 8.221844157301364) | ParamSetting(('minisat.params', 'core-tolerance'), 0.7320186324786411) | ParamSetting(('minisat.params', 'K-val'), 1.0) | ParamSetting(('minisat.params', 'R-val'), 1.0) | ParamSetting(('minisat.params', 'var-decay'), 0.6938527148018392) | ParamSetting(('minisat.params', 'cla-decay'), 1.0) | ParamSetting(('minisat.params', 'rnd-freq'), 0.1481229229567722) | ParamSetting(('minisat.params', 'rfirst'), 100.26286787489703) | ParamSetting(('minisat.params', 'rinc'), 1.0) | ParamSetting(('minisat.params', 'gc-frac'), 0.7838468049296207) | ParamSetting(('minisat.params', 'verb'), 2) | ParamSetting(('minisat.params', 'asymm'), 'True') | ParamSetting(('minisat.params', 'elim'), 'True') | ParamSetting(('minisat.params', 'cl-lim'), 19) | ParamSetting(('minisat.params', 'sub-lim'), 1001) | ParamSetting(('minisat.params', 'simp-gc-frac'), 0.14891269860636444)
2023-07-07 09:46:50,867	[INFO]	5       RUN_CODE_ERROR        None  [17 edit(s)]      
2023-07-07 09:49:51,422	[DEBUG]	ParamSetting(('minisat.params', 'lbd-cut'), 3.225604552539222) | ParamSetting(('minisat.params', 'lbd-cut-max'), 13.43292799583408) | ParamSetting(('minisat.params', 'cp-increase'), 14999) | ParamSetting(('minisat.params', 'core-tolerance'), 0.0) | ParamSetting(('minisat.params', 'K-val'), 1.0) | ParamSetting(('minisat.params', 'R-val'), 1.0) | ParamSetting(('minisat.params', 'var-decay'), 1.0) | ParamSetting(('minisat.params', 'cla-decay'), 1.0) | ParamSetting(('minisat.params', 'rfirst'), 99.49250427590763) | ParamSetting(('minisat.params', 'rinc'), 1.684092904359268) | ParamSetting(('minisat.params', 'gc-frac'), 0.0) | ParamSetting(('minisat.params', 'elim'), 'True') | ParamSetting(('minisat.params', 'grow'), -2) | ParamSetting(('minisat.params', 'cl-lim'), 23) | ParamSetting(('minisat.params', 'sub-lim'), 997) | ParamSetting(('minisat.params', 'simp-gc-frac'), 0.7100040238729882)
2023-07-07 09:49:51,423	[INFO]	6       RUN_CODE_ERROR        None  [16 edit(s)]      
2023-07-07 09:51:23,917	[DEBUG]	ParamSetting(('minisat.params', 'lbd-cut'), 3.0) | ParamSetting(('minisat.params', 'lbd-cut-max'), 13.927182869293784) | ParamSetting(('minisat.params', 'core-tolerance'), 0.0) | ParamSetting(('minisat.params', 'K-val'), 1.0) | ParamSetting(('minisat.params', 'R-val'), 1.0) | ParamSetting(('minisat.params', 'var-decay'), 1.0) | ParamSetting(('minisat.params', 'cla-decay'), 1.0) | ParamSetting(('minisat.params', 'rfirst'), 99.41943771721576) | ParamSetting(('minisat.params', 'rinc'), 2.802240860498979) | ParamSetting(('minisat.params', 'gc-frac'), 0.0) | ParamSetting(('minisat.params', 'verb'), 0) | ParamSetting(('minisat.params', 'grow'), -1) | ParamSetting(('minisat.params', 'cl-lim'), 23) | ParamSetting(('minisat.params', 'sub-lim'), 997) | ParamSetting(('minisat.params', 'simp-gc-frac'), 0.98255068295726)
2023-07-07 09:51:23,918	[INFO]	7       RUN_CODE_ERROR        None  [15 edit(s)]      
2023-07-07 09:54:24,428	[DEBUG]	ParamSetting(('minisat.params', 'lbd-cut'), 4.533477629421653) | ParamSetting(('minisat.params', 'lbd-cut-max'), 10.908679228656208) | ParamSetting(('minisat.params', 'cp-increase'), 15001) | ParamSetting(('minisat.params', 'core-tolerance'), 0.0) | ParamSetting(('minisat.params', 'K-val'), 1.0) | ParamSetting(('minisat.params', 'R-val'), 1.0) | ParamSetting(('minisat.params', 'var-decay'), 1.0) | ParamSetting(('minisat.params', 'cla-decay'), 1.0) | ParamSetting(('minisat.params', 'rfirst'), 99.8656683671565) | ParamSetting(('minisat.params', 'rinc'), 3.2028061353969366) | ParamSetting(('minisat.params', 'gc-frac'), 0.0) | ParamSetting(('minisat.params', 'verb'), 0) | ParamSetting(('minisat.params', 'grow'), 1) | ParamSetting(('minisat.params', 'simp-gc-frac'), 0.823468849949847)
2023-07-07 09:54:24,428	[INFO]	8       RUN_CODE_ERROR        None  [14 edit(s)]      
2023-07-07 09:57:24,899	[DEBUG]	ParamSetting(('minisat.params', 'lbd-cut'), 6.545201334538898) | ParamSetting(('minisat.params', 'lbd-cut-max'), 6.958661254349722) | ParamSetting(('minisat.params', 'cp-increase'), 15001) | ParamSetting(('minisat.params', 'core-tolerance'), 0.0) | ParamSetting(('minisat.params', 'K-val'), 1.0) | ParamSetting(('minisat.params', 'R-val'), 1.0) | ParamSetting(('minisat.params', 'var-decay'), 1.0) | ParamSetting(('minisat.params', 'cla-decay'), 1.0) | ParamSetting(('minisat.params', 'rfirst'), 100.44960640328226) | ParamSetting(('minisat.params', 'rinc'), 2.370338762014715) | ParamSetting(('minisat.params', 'gc-frac'), 0.0) | ParamSetting(('minisat.params', 'verb'), 0) | ParamSetting(('minisat.params', 'grow'), 2) | ParamSetting(('minisat.params', 'cl-lim'), 17) | ParamSetting(('minisat.params', 'sub-lim'), 1003) | ParamSetting(('minisat.params', 'simp-gc-frac'), 0.3327893962184755)
2023-07-07 09:57:24,899	[INFO]	9       RUN_CODE_ERROR        None  [16 edit(s)]      
2023-07-07 10:00:25,422	[DEBUG]	ParamSetting(('minisat.params', 'lbd-cut'), 7.5391068018072) | ParamSetting(('minisat.params', 'lbd-cut-max'), 5.011961536122286) | ParamSetting(('minisat.params', 'core-tolerance'), 0.0) | ParamSetting(('minisat.params', 'K-val'), 1.0) | ParamSetting(('minisat.params', 'R-val'), 1.0979782906721631) | ParamSetting(('minisat.params', 'var-decay'), 1.0) | ParamSetting(('minisat.params', 'cla-decay'), 1.0) | ParamSetting(('minisat.params', 'rfirst'), 100.73739041281904) | ParamSetting(('minisat.params', 'rinc'), 1.2939306556448027) | ParamSetting(('minisat.params', 'gc-frac'), 0.0) | ParamSetting(('minisat.params', 'grow'), 2) | ParamSetting(('minisat.params', 'cl-lim'), 16) | ParamSetting(('minisat.params', 'sub-lim'), 1004) | ParamSetting(('minisat.params', 'simp-gc-frac'), 0.0)
2023-07-07 10:00:25,422	[INFO]	10      RUN_CODE_ERROR        None  [14 edit(s)]      
2023-07-07 10:01:57,890	[DEBUG]	ParamSetting(('minisat.params', 'lbd-cut'), 8.16021430294782) | ParamSetting(('minisat.params', 'lbd-cut-max'), 4.0) | ParamSetting(('minisat.params', 'cp-increase'), 14999) | ParamSetting(('minisat.params', 'core-tolerance'), 0.0) | ParamSetting(('minisat.params', 'K-val'), 1.0) | ParamSetting(('minisat.params', 'R-val'), 1.2403001587329125) | ParamSetting(('minisat.params', 'var-decay'), 1.0) | ParamSetting(('minisat.params', 'cla-decay'), 1.0) | ParamSetting(('minisat.params', 'rfirst'), 100.91690893074856) | ParamSetting(('minisat.params', 'rinc'), 1.0) | ParamSetting(('minisat.params', 'gc-frac'), 0.0) | ParamSetting(('minisat.params', 'verb'), 2) | ParamSetting(('minisat.params', 'grow'), 1) | ParamSetting(('minisat.params', 'cl-lim'), 16) | ParamSetting(('minisat.params', 'sub-lim'), 1004) | ParamSetting(('minisat.params', 'simp-gc-frac'), 0.0)
2023-07-07 10:01:57,891	[INFO]	11      RUN_CODE_ERROR        None  [16 edit(s)]      
2023-07-07 10:12:18,645	[DEBUG]	ParamSetting(('minisat.params', 'lbd-cut'), 6.0992231749993) | ParamSetting(('minisat.params', 'lbd-cut-max'), 7.8779034668962975) | ParamSetting(('minisat.params', 'cp-increase'), 14999) | ParamSetting(('minisat.params', 'core-tolerance'), 0.0) | ParamSetting(('minisat.params', 'K-val'), 1.0) | ParamSetting(('minisat.params', 'R-val'), 1.518160532814809) | ParamSetting(('minisat.params', 'var-decay'), 1.0) | ParamSetting(('minisat.params', 'cla-decay'), 1.0) | ParamSetting(('minisat.params', 'rfirst'), 100.31823965810125) | ParamSetting(('minisat.params', 'rinc'), 1.0) | ParamSetting(('minisat.params', 'gc-frac'), 0.08797215828162755) | ParamSetting(('minisat.params', 'verb'), 2) | ParamSetting(('minisat.params', 'cl-lim'), 19) | ParamSetting(('minisat.params', 'sub-lim'), 1001) | ParamSetting(('minisat.params', 'simp-gc-frac'), 0.11722669213280446)
2023-07-07 10:12:18,646	[INFO]	12      RUN_CODE_ERROR        None  [15 edit(s)]      
2023-07-07 10:24:07,487	[DEBUG]	ParamSetting(('minisat.params', 'lbd-cut'), 3.9811727621347215) | ParamSetting(('minisat.params', 'lbd-cut-max'), 11.865962281183101) | ParamSetting(('minisat.params', 'cp-increase'), 14999) | ParamSetting(('minisat.params', 'core-tolerance'), 0.0) | ParamSetting(('minisat.params', 'K-val'), 1.0) | ParamSetting(('minisat.params', 'R-val'), 1.789887343066305) | ParamSetting(('minisat.params', 'var-decay'), 1.0) | ParamSetting(('minisat.params', 'cla-decay'), 1.0) | ParamSetting(('minisat.params', 'rfirst'), 99.70305096725372) | ParamSetting(('minisat.params', 'rinc'), 1.0) | ParamSetting(('minisat.params', 'gc-frac'), 0.18175954015435503) | ParamSetting(('minisat.params', 'verb'), 2) | ParamSetting(('minisat.params', 'grow'), -1) | ParamSetting(('minisat.params', 'cl-lim'), 22) | ParamSetting(('minisat.params', 'sub-lim'), 998) | ParamSetting(('minisat.params', 'simp-gc-frac'), 0.25432266261472153)
2023-07-07 10:24:07,488	[INFO]	13      RUN_CODE_ERROR        None  [16 edit(s)]      
2023-07-07 10:43:16,775	[DEBUG]	ParamSetting(('minisat.params', 'lbd-cut'), 3.0) | ParamSetting(('minisat.params', 'lbd-cut-max'), 13.917294820764422) | ParamSetting(('minisat.params', 'core-tolerance'), 0.0) | ParamSetting(('minisat.params', 'K-val'), 0.8294479063756857) | ParamSetting(('minisat.params', 'R-val'), 1.6569408814589215) | ParamSetting(('minisat.params', 'var-decay'), 1.0) | ParamSetting(('minisat.params', 'cla-decay'), 1.0) | ParamSetting(('minisat.params', 'rfirst'), 99.39607268331937) | ParamSetting(('minisat.params', 'rinc'), 1.9657989080569522) | ParamSetting(('minisat.params', 'gc-frac'), 0.2944791256423519) | ParamSetting(('minisat.params', 'grow'), -1) | ParamSetting(('minisat.params', 'cl-lim'), 23) | ParamSetting(('minisat.params', 'sub-lim'), 997) | ParamSetting(('minisat.params', 'simp-gc-frac'), 0.6464129377575392)
2023-07-07 10:43:16,775	[INFO]	14      RUN_CODE_ERROR        None  [14 edit(s)]      
2023-07-07 11:00:57,930	[DEBUG]	ParamSetting(('minisat.params', 'lbd-cut'), 3.2440691516457054) | ParamSetting(('minisat.params', 'lbd-cut-max'), 13.413268737382769) | ParamSetting(('minisat.params', 'cp-increase'), 15001) | ParamSetting(('minisat.params', 'core-tolerance'), 0.0) | ParamSetting(('minisat.params', 'K-val'), 0.6396861374707576) | ParamSetting(('minisat.params', 'R-val'), 1.3563848507306626) | ParamSetting(('minisat.params', 'var-decay'), 1.0) | ParamSetting(('minisat.params', 'cla-decay'), 1.0) | ParamSetting(('minisat.params', 'rfirst'), 99.48305271677856) | ParamSetting(('minisat.params', 'rinc'), 2.9539081244287537) | ParamSetting(('minisat.params', 'gc-frac'), 0.34556739170030554) | ParamSetting(('minisat.params', 'verb'), 0) | ParamSetting(('minisat.params', 'grow'), -1) | ParamSetting(('minisat.params', 'cl-lim'), 22) | ParamSetting(('minisat.params', 'sub-lim'), 998) | ParamSetting(('minisat.params', 'simp-gc-frac'), 0.942994046465174)
2023-07-07 11:00:57,931	[INFO]	15      RUN_CODE_ERROR        None  [16 edit(s)]      
2023-07-07 11:21:27,996	[DEBUG]	ParamSetting(('minisat.params', 'lbd-cut'), 5.4823525582597785) | ParamSetting(('minisat.params', 'lbd-cut-max'), 28.743463625807287) | ParamSetting(('minisat.params', 'cp-increase'), 5000) | ParamSetting(('minisat.params', 'core-tolerance'), 0.0) | ParamSetting(('minisat.params', 'K-val'), 0.5) | ParamSetting(('minisat.params', 'R-val'), 2.165945470804827) | ParamSetting(('minisat.params', 'var-decay'), 0.8754472352637834) | ParamSetting(('minisat.params', 'cla-decay'), 0.870527205339708) | ParamSetting(('minisat.params', 'rfirst'), 1.0) | ParamSetting(('minisat.params', 'rinc'), 3.216349130058697) | ParamSetting(('minisat.params', 'gc-frac'), 0.5048843250992779) | ParamSetting(('minisat.params', 'verb'), 0) | ParamSetting(('minisat.params', 'rcheck'), 'True') | ParamSetting(('minisat.params', 'grow'), -740) | ParamSetting(('minisat.params', 'cl-lim'), 47) | ParamSetting(('minisat.params', 'sub-lim'), 760) | ParamSetting(('minisat.params', 'simp-gc-frac'), 0.8836132881432717)
2023-07-07 11:21:27,996	[INFO]	16      SUCCESS              +80.8477 (105.8%) [17 edit(s)] 
2023-07-07 11:21:27,998	[DEBUG]	--- before: minisat.params
+++ after: minisat.params
@@ -1,21 +1,21 @@
-lbd-cut := 5.0
-lbd-cut-max := 10.0
-cp-increase := 15000
-core-tolerance := 0.02
-var-decay := 0.95
-cla-decay := 0.999
+lbd-cut := 5.4823525582597785
+lbd-cut-max := 28.743463625807287
+cp-increase := 5000
+core-tolerance := 0.0
+var-decay := 0.8754472352637834
+cla-decay := 0.870527205339708
 rnd-freq := 0.0
 ccmin-mode := 2
 phase-saving := 2
 rnd-init := 'False'
 luby := 0
-gc-frac := 0.2
-verb := 1
+gc-frac := 0.5048843250992779
+verb := 0
 pre := 'True'
 asymm := 'False'
-rcheck := 'False'
+rcheck := 'True'
 elim := 'False'
-grow := 0
-cl-lim := 20
-sub-lim := 1000
-simp-gc-frac := 0.5
+grow := -740
+cl-lim := 47
+sub-lim := 760
+simp-gc-frac := 0.8836132881432717

2023-07-07 11:30:20,725	[DEBUG]	ParamSetting(('minisat.params', 'lbd-cut'), 7.030403718602568) | ParamSetting(('minisat.params', 'lbd-cut-max'), 6.03276598590015) | ParamSetting(('minisat.params', 'core-tolerance'), 0.0) | ParamSetting(('minisat.params', 'K-val'), 0.8389731793148001) | ParamSetting(('minisat.params', 'R-val'), 1.2387378225983727) | ParamSetting(('minisat.params', 'var-decay'), 1.0) | ParamSetting(('minisat.params', 'cla-decay'), 1.0) | ParamSetting(('minisat.params', 'rfirst'), 100.60819548702901) | ParamSetting(('minisat.params', 'rinc'), 1.6707359662755392) | ParamSetting(('minisat.params', 'gc-frac'), 0.08092048528495491) | ParamSetting(('minisat.params', 'verb'), 2) | ParamSetting(('minisat.params', 'grow'), 1) | ParamSetting(('minisat.params', 'cl-lim'), 17) | ParamSetting(('minisat.params', 'sub-lim'), 1003) | ParamSetting(('minisat.params', 'simp-gc-frac'), 0.23503806898101398)
2023-07-07 11:30:20,725	[INFO]	17      RUN_CODE_ERROR        None  [15 edit(s)]      
2023-07-07 11:34:49,344	[DEBUG]	ParamSetting(('minisat.params', 'lbd-cut'), 7.486034571844067) | ParamSetting(('minisat.params', 'lbd-cut-max'), 5.168094167357523) | ParamSetting(('minisat.params', 'cp-increase'), 14999) | ParamSetting(('minisat.params', 'core-tolerance'), 0.0) | ParamSetting(('minisat.params', 'K-val'), 1.0) | ParamSetting(('minisat.params', 'R-val'), 1.4677192270112052) | ParamSetting(('minisat.params', 'var-decay'), 1.0) | ParamSetting(('minisat.params', 'cla-decay'), 1.0) | ParamSetting(('minisat.params', 'rfirst'), 100.73159586662675) | ParamSetting(('minisat.params', 'rinc'), 1.0) | ParamSetting(('minisat.params', 'gc-frac'), 0.0) | ParamSetting(('minisat.params', 'verb'), 2) | ParamSetting(('minisat.params', 'grow'), 2) | ParamSetting(('minisat.params', 'cl-lim'), 17) | ParamSetting(('minisat.params', 'sub-lim'), 1003) | ParamSetting(('minisat.params', 'simp-gc-frac'), 0.0)
2023-07-07 11:34:49,344	[INFO]	18      RUN_CODE_ERROR        None  [16 edit(s)]      
2023-07-07 11:39:17,818	[DEBUG]	ParamSetting(('minisat.params', 'lbd-cut'), 4.54166584326247) | ParamSetting(('minisat.params', 'lbd-cut-max'), 10.911728603464784) | ParamSetting(('minisat.params', 'cp-increase'), 14999) | ParamSetting(('minisat.params', 'core-tolerance'), 0.0) | ParamSetting(('minisat.params', 'K-val'), 0.9185981828527338) | ParamSetting(('minisat.params', 'R-val'), 1.6040851279523012) | ParamSetting(('minisat.params', 'var-decay'), 1.0) | ParamSetting(('minisat.params', 'cla-decay'), 1.0) | ParamSetting(('minisat.params', 'rfirst'), 99.85443669296399) | ParamSetting(('minisat.params', 'rinc'), 1.324549683104884) | ParamSetting(('minisat.params', 'gc-frac'), 0.18512568262551704) | ParamSetting(('minisat.params', 'verb'), 2) | ParamSetting(('minisat.params', 'cl-lim'), 21) | ParamSetting(('minisat.params', 'sub-lim'), 999) | ParamSetting(('minisat.params', 'simp-gc-frac'), 0.31462138942034606)
2023-07-07 11:39:17,819	[INFO]	19      RUN_CODE_ERROR        None  [15 edit(s)]      
2023-07-07 11:59:55,021	[DEBUG]	ParamSetting(('minisat.params', 'lbd-cut'), 3.0) | ParamSetting(('minisat.params', 'lbd-cut-max'), 16.00449426388101) | ParamSetting(('minisat.params', 'core-tolerance'), 0.0) | ParamSetting(('minisat.params', 'K-val'), 0.7525309797790054) | ParamSetting(('minisat.params', 'R-val'), 1.5947578512720446) | ParamSetting(('minisat.params', 'var-decay'), 1.0) | ParamSetting(('minisat.params', 'cla-decay'), 1.0) | ParamSetting(('minisat.params', 'rfirst'), 99.08119288520729) | ParamSetting(('minisat.params', 'rinc'), 2.1312927723691772) | ParamSetting(('minisat.params', 'gc-frac'), 0.3808699075474792) | ParamSetting(('minisat.params', 'grow'), -2) | ParamSetting(('minisat.params', 'cl-lim'), 24) | ParamSetting(('minisat.params', 'sub-lim'), 996) | ParamSetting(('minisat.params', 'simp-gc-frac'), 0.7615816665850919)
2023-07-07 11:59:55,021	[INFO]	20      RUN_CODE_ERROR        None  [14 edit(s)]      
2023-07-07 12:20:32,180	[DEBUG]	ParamSetting(('minisat.params', 'lbd-cut'), 3.0) | ParamSetting(('minisat.params', 'lbd-cut-max'), 19.324828834394545) | ParamSetting(('minisat.params', 'cp-increase'), 15001) | ParamSetting(('minisat.params', 'core-tolerance'), 0.0) | ParamSetting(('minisat.params', 'K-val'), 0.6004758755681261) | ParamSetting(('minisat.params', 'R-val'), 1.5279411582601452) | ParamSetting(('minisat.params', 'var-decay'), 1.0) | ParamSetting(('minisat.params', 'cla-decay'), 1.0) | ParamSetting(('minisat.params', 'rfirst'), 98.57916630646494) | ParamSetting(('minisat.params', 'rinc'), 2.899280325963055) | ParamSetting(('minisat.params', 'gc-frac'), 0.5232242159708334) | ParamSetting(('minisat.params', 'verb'), 0) | ParamSetting(('minisat.params', 'grow'), -3) | ParamSetting(('minisat.params', 'cl-lim'), 26) | ParamSetting(('minisat.params', 'sub-lim'), 994) | ParamSetting(('minisat.params', 'simp-gc-frac'), 1.0)
2023-07-07 12:20:32,181	[INFO]	21      RUN_CODE_ERROR        None  [16 edit(s)]      
2023-07-07 12:37:52,059	[DEBUG]	ParamSetting(('minisat.params', 'lbd-cut'), 3.0) | ParamSetting(('minisat.params', 'lbd-cut-max'), 24.544123985391984) | ParamSetting(('minisat.params', 'cp-increase'), 13211) | ParamSetting(('minisat.params', 'core-tolerance'), 0.04177384951293783) | ParamSetting(('minisat.params', 'K-val'), 0.5) | ParamSetting(('minisat.params', 'R-val'), 1.1186419686041666) | ParamSetting(('minisat.params', 'var-decay'), 0.9981538875377283) | ParamSetting(('minisat.params', 'cla-decay'), 0.9902334371677948) | ParamSetting(('minisat.params', 'rnd-freq'), 0.03821610967004911) | ParamSetting(('minisat.params', 'rfirst'), 80.77518881095897) | ParamSetting(('minisat.params', 'rinc'), 4.235456706814744) | ParamSetting(('minisat.params', 'gc-frac'), 0.43779464369683735) | ParamSetting(('minisat.params', 'verb'), 0) | ParamSetting(('minisat.params', 'grow'), -576) | ParamSetting(('minisat.params', 'cl-lim'), 11) | ParamSetting(('minisat.params', 'sub-lim'), 822) | ParamSetting(('minisat.params', 'simp-gc-frac'), 1.0)
2023-07-07 12:37:52,060	[INFO]	22      SUCCESS              *66.779 (87.39%) [17 edit(s)] 
2023-07-07 12:37:52,061	[DEBUG]	--- before: minisat.params
+++ after: minisat.params
@@ -1,21 +1,21 @@
-lbd-cut := 5.0
-lbd-cut-max := 10.0
-cp-increase := 15000
-core-tolerance := 0.02
-var-decay := 0.95
-cla-decay := 0.999
-rnd-freq := 0.0
+lbd-cut := 3.0
+lbd-cut-max := 24.544123985391984
+cp-increase := 13211
+core-tolerance := 0.04177384951293783
+var-decay := 0.9981538875377283
+cla-decay := 0.9902334371677948
+rnd-freq := 0.03821610967004911
 ccmin-mode := 2
 phase-saving := 2
 rnd-init := 'False'
 luby := 0
-gc-frac := 0.2
-verb := 1
+gc-frac := 0.43779464369683735
+verb := 0
 pre := 'True'
 asymm := 'False'
 rcheck := 'False'
 elim := 'False'
-grow := 0
-cl-lim := 20
-sub-lim := 1000
-simp-gc-frac := 0.5
+grow := -576
+cl-lim := 11
+sub-lim := 822
+simp-gc-frac := 1.0

2023-07-07 12:57:01,175	[DEBUG]	ParamSetting(('minisat.params', 'lbd-cut'), 3.0) | ParamSetting(('minisat.params', 'lbd-cut-max'), 19.40806407594766) | ParamSetting(('minisat.params', 'cp-increase'), 14550) | ParamSetting(('minisat.params', 'core-tolerance'), 0.0) | ParamSetting(('minisat.params', 'K-val'), 0.5088072855006198) | ParamSetting(('minisat.params', 'R-val'), 1.2659773871871622) | ParamSetting(('minisat.params', 'var-decay'), 1.0) | ParamSetting(('minisat.params', 'cla-decay'), 1.0) | ParamSetting(('minisat.params', 'rfirst'), 94.28271678059112) | ParamSetting(('minisat.params', 'rinc'), 3.682519985478354) | ParamSetting(('minisat.params', 'gc-frac'), 0.4933641248590375) | ParamSetting(('minisat.params', 'verb'), 0) | ParamSetting(('minisat.params', 'grow'), -147) | ParamSetting(('minisat.params', 'cl-lim'), 22) | ParamSetting(('minisat.params', 'sub-lim'), 951) | ParamSetting(('minisat.params', 'simp-gc-frac'), 1.0)
2023-07-07 12:57:01,176	[INFO]	23      RUN_CODE_ERROR        None  [16 edit(s)]      
2023-07-07 13:00:01,642	[DEBUG]	ParamSetting(('minisat.params', 'lbd-cut'), 3.0) | ParamSetting(('minisat.params', 'lbd-cut-max'), 14.519001251125342) | ParamSetting(('minisat.params', 'cp-increase'), 14713) | ParamSetting(('minisat.params', 'core-tolerance'), 0.0) | ParamSetting(('minisat.params', 'K-val'), 0.5720710813403891) | ParamSetting(('minisat.params', 'R-val'), 1.0) | ParamSetting(('minisat.params', 'var-decay'), 1.0) | ParamSetting(('minisat.params', 'cla-decay'), 1.0) | ParamSetting(('minisat.params', 'rfirst'), 97.08753807127346) | ParamSetting(('minisat.params', 'rinc'), 6.941196109312591) | ParamSetting(('minisat.params', 'gc-frac'), 0.0) | ParamSetting(('minisat.params', 'verb'), 0) | ParamSetting(('minisat.params', 'grow'), -2566) | ParamSetting(('minisat.params', 'cl-lim'), -1) | ParamSetting(('minisat.params', 'sub-lim'), 998) | ParamSetting(('minisat.params', 'simp-gc-frac'), 0.9803144237651734)
2023-07-07 13:00:01,642	[INFO]	24      RUN_CODE_ERROR        None  [16 edit(s)]      
2023-07-07 13:10:22,452	[DEBUG]	ParamSetting(('minisat.params', 'lbd-cut'), 4.217722840719642) | ParamSetting(('minisat.params', 'lbd-cut-max'), 5.562105084227301) | ParamSetting(('minisat.params', 'cp-increase'), 15759) | ParamSetting(('minisat.params', 'core-tolerance'), 0.0) | ParamSetting(('minisat.params', 'K-val'), 0.8067199046191773) | ParamSetting(('minisat.params', 'R-val'), 1.0) | ParamSetting(('minisat.params', 'var-decay'), 1.0) | ParamSetting(('minisat.params', 'cla-decay'), 1.0) | ParamSetting(('minisat.params', 'rfirst'), 108.6180009797809) | ParamSetting(('minisat.params', 'rinc'), 6.984932999200831) | ParamSetting(('minisat.params', 'gc-frac'), 0.0) | ParamSetting(('minisat.params', 'grow'), -3336) | ParamSetting(('minisat.params', 'cl-lim'), -1) | ParamSetting(('minisat.params', 'sub-lim'), 1115) | ParamSetting(('minisat.params', 'simp-gc-frac'), 0.5612264240868947)
2023-07-07 13:10:22,452	[INFO]	25      RUN_CODE_ERROR        None  [15 edit(s)]      
2023-07-07 13:28:03,598	[DEBUG]	ParamSetting(('minisat.params', 'lbd-cut'), 3.7541321091861626) | ParamSetting(('minisat.params', 'lbd-cut-max'), 4.0) | ParamSetting(('minisat.params', 'cp-increase'), 21020) | ParamSetting(('minisat.params', 'core-tolerance'), 0.0) | ParamSetting(('minisat.params', 'K-val'), 0.6114757835613527) | ParamSetting(('minisat.params', 'R-val'), 1.0) | ParamSetting(('minisat.params', 'var-decay'), 1.0) | ParamSetting(('minisat.params', 'cla-decay'), 1.0) | ParamSetting(('minisat.params', 'rfirst'), 160.68715003548886) | ParamSetting(('minisat.params', 'rinc'), 15.62417167798769) | ParamSetting(('minisat.params', 'gc-frac'), 0.0) | ParamSetting(('minisat.params', 'verb'), 0) | ParamSetting(('minisat.params', 'grow'), -8061) | ParamSetting(('minisat.params', 'cl-lim'), -1) | ParamSetting(('minisat.params', 'sub-lim'), 1683) | ParamSetting(('minisat.params', 'simp-gc-frac'), 0.7548889767371545)
2023-07-07 13:28:03,598	[INFO]	26      RUN_CODE_ERROR        None  [16 edit(s)]      
2023-07-07 13:42:48,638	[DEBUG]	ParamSetting(('minisat.params', 'lbd-cut'), 3.8346550520198384) | ParamSetting(('minisat.params', 'lbd-cut-max'), 4.0) | ParamSetting(('minisat.params', 'cp-increase'), 22429) | ParamSetting(('minisat.params', 'core-tolerance'), 0.0) | ParamSetting(('minisat.params', 'K-val'), 0.5) | ParamSetting(('minisat.params', 'R-val'), 1.1768565846600885) | ParamSetting(('minisat.params', 'var-decay'), 1.0) | ParamSetting(('minisat.params', 'cla-decay'), 1.0) | ParamSetting(('minisat.params', 'rfirst'), 173.87881540898434) | ParamSetting(('minisat.params', 'rinc'), 15.989692838674) | ParamSetting(('minisat.params', 'gc-frac'), 0.0) | ParamSetting(('minisat.params', 'verb'), 0) | ParamSetting(('minisat.params', 'grow'), -7800) | ParamSetting(('minisat.params', 'cl-lim'), 1) | ParamSetting(('minisat.params', 'sub-lim'), 1816) | ParamSetting(('minisat.params', 'simp-gc-frac'), 0.8648574450711418)
2023-07-07 13:42:48,638	[INFO]	27      RUN_CODE_ERROR        None  [16 edit(s)]      
2023-07-07 14:06:21,953	[DEBUG]	ParamSetting(('minisat.params', 'lbd-cut'), 3.6117969827634777) | ParamSetting(('minisat.params', 'lbd-cut-max'), 6.3439034656349405) | ParamSetting(('minisat.params', 'cp-increase'), 19255) | ParamSetting(('minisat.params', 'core-tolerance'), 0.0) | ParamSetting(('minisat.params', 'K-val'), 0.5765834841413081) | ParamSetting(('minisat.params', 'R-val'), 1.274470098627148) | ParamSetting(('minisat.params', 'var-decay'), 0.9706657727121992) | ParamSetting(('minisat.params', 'cla-decay'), 1.0) | ParamSetting(('minisat.params', 'rfirst'), 142.90381868860686) | ParamSetting(('minisat.params', 'rinc'), 11.580129290818906) | ParamSetting(('minisat.params', 'gc-frac'), 0.0) | ParamSetting(('minisat.params', 'verb'), 0) | ParamSetting(('minisat.params', 'grow'), -5372) | ParamSetting(('minisat.params', 'cl-lim'), 12) | ParamSetting(('minisat.params', 'sub-lim'), 1481) | ParamSetting(('minisat.params', 'simp-gc-frac'), 0.9131417348254676)
2023-07-07 14:06:21,953	[INFO]	28      RUN_CODE_ERROR        None  [16 edit(s)]      
2023-07-07 14:21:06,968	[DEBUG]	ParamSetting(('minisat.params', 'lbd-cut'), 4.870293642788127) | ParamSetting(('minisat.params', 'lbd-cut-max'), 12.324033489759088) | ParamSetting(('minisat.params', 'cp-increase'), 12709) | ParamSetting(('minisat.params', 'core-tolerance'), 0.06431333680552992) | ParamSetting(('minisat.params', 'K-val'), 0.8994951951235293) | ParamSetting(('minisat.params', 'R-val'), 1.426707116604014) | ParamSetting(('minisat.params', 'var-decay'), 0.9219229685723851) | ParamSetting(('minisat.params', 'cla-decay'), 1.0) | ParamSetting(('minisat.params', 'rfirst'), 78.05957149624885) | ParamSetting(('minisat.params', 'rinc'), 1.0) | ParamSetting(('minisat.params', 'gc-frac'), 0.0) | ParamSetting(('minisat.params', 'verb'), 2) | ParamSetting(('minisat.params', 'grow'), 1286) | ParamSetting(('minisat.params', 'cl-lim'), 28) | ParamSetting(('minisat.params', 'sub-lim'), 764) | ParamSetting(('minisat.params', 'simp-gc-frac'), 0.48609330730284395)
2023-07-07 14:21:06,969	[INFO]	29      RUN_CODE_ERROR        None  [16 edit(s)]      
2023-07-07 14:38:48,007	[DEBUG]	ParamSetting(('minisat.params', 'lbd-cut'), 5.750124770015101) | ParamSetting(('minisat.params', 'lbd-cut-max'), 15.082453213528712) | ParamSetting(('minisat.params', 'cp-increase'), 10607) | ParamSetting(('minisat.params', 'core-tolerance'), 0.16971186450898618) | ParamSetting(('minisat.params', 'K-val'), 1.0) | ParamSetting(('minisat.params', 'R-val'), 1.462738013014002) | ParamSetting(('minisat.params', 'var-decay'), 0.9031910116896344) | ParamSetting(('minisat.params', 'cla-decay'), 1.0) | ParamSetting(('minisat.params', 'rfirst'), 57.28095490993094) | ParamSetting(('minisat.params', 'rinc'), 1.0) | ParamSetting(('minisat.params', 'gc-frac'), 0.07309818946511717) | ParamSetting(('minisat.params', 'verb'), 2) | ParamSetting(('minisat.params', 'grow'), 3659) | ParamSetting(('minisat.params', 'cl-lim'), 33) | ParamSetting(('minisat.params', 'sub-lim'), 531) | ParamSetting(('minisat.params', 'simp-gc-frac'), 0.18932959218808887)
2023-07-07 14:38:48,007	[INFO]	30      RUN_CODE_ERROR        None  [16 edit(s)]      
2023-07-07 15:02:21,340	[DEBUG]	ParamSetting(('minisat.params', 'lbd-cut'), 4.548958528329406) | ParamSetting(('minisat.params', 'lbd-cut-max'), 6.805538625560242) | ParamSetting(('minisat.params', 'cp-increase'), 21245) | ParamSetting(('minisat.params', 'core-tolerance'), 0.16623504914315704) | ParamSetting(('minisat.params', 'K-val'), 0.7144868714477208) | ParamSetting(('minisat.params', 'R-val'), 1.2302732622306485) | ParamSetting(('minisat.params', 'var-decay'), 0.9772162262583631) | ParamSetting(('minisat.params', 'cla-decay'), 1.0) | ParamSetting(('minisat.params', 'rfirst'), 162.64609289086303) | ParamSetting(('minisat.params', 'rinc'), 7.354980300048328) | ParamSetting(('minisat.params', 'gc-frac'), 0.2797687475594014) | ParamSetting(('minisat.params', 'verb'), 0) | ParamSetting(('minisat.params', 'grow'), -6516) | ParamSetting(('minisat.params', 'cl-lim'), 7) | ParamSetting(('minisat.params', 'sub-lim'), 1688) | ParamSetting(('minisat.params', 'simp-gc-frac'), 0.6211869768418464)
2023-07-07 15:02:21,341	[INFO]	31      RUN_CODE_ERROR        None  [16 edit(s)]      
2023-07-07 15:02:21,343	[INFO]	==== END ====
2023-07-07 15:02:21,343	[INFO]	Reason: time budget
2023-07-07 15:02:21,343	[INFO]	
2023-07-07 15:02:21,343	[INFO]	==== REPORT ====
2023-07-07 15:02:21,343	[INFO]	Termination: time budget
2023-07-07 15:02:21,343	[INFO]	Log file: /home/tsongpet/MSc-SSE-GI-project/_magpie_logs/minisat-hack_1688715559.log
2023-07-07 15:02:21,345	[INFO]	Patch file: _magpie_logs/minisat-hack_1688715559.patch
2023-07-07 15:02:21,345	[INFO]	Diff file: _magpie_logs/minisat-hack_1688715559.diff
2023-07-07 15:02:21,345	[INFO]	Best fitness: 66.779
2023-07-07 15:02:21,345	[INFO]	Best patch: ParamSetting(('minisat.params', 'lbd-cut'), 3.0) | ParamSetting(('minisat.params', 'lbd-cut-max'), 24.544123985391984) | ParamSetting(('minisat.params', 'cp-increase'), 13211) | ParamSetting(('minisat.params', 'core-tolerance'), 0.04177384951293783) | ParamSetting(('minisat.params', 'K-val'), 0.5) | ParamSetting(('minisat.params', 'R-val'), 1.1186419686041666) | ParamSetting(('minisat.params', 'var-decay'), 0.9981538875377283) | ParamSetting(('minisat.params', 'cla-decay'), 0.9902334371677948) | ParamSetting(('minisat.params', 'rnd-freq'), 0.03821610967004911) | ParamSetting(('minisat.params', 'rfirst'), 80.77518881095897) | ParamSetting(('minisat.params', 'rinc'), 4.235456706814744) | ParamSetting(('minisat.params', 'gc-frac'), 0.43779464369683735) | ParamSetting(('minisat.params', 'verb'), 0) | ParamSetting(('minisat.params', 'grow'), -576) | ParamSetting(('minisat.params', 'cl-lim'), 11) | ParamSetting(('minisat.params', 'sub-lim'), 822) | ParamSetting(('minisat.params', 'simp-gc-frac'), 1.0)
2023-07-07 15:02:21,345	[INFO]	Diff:
--- before: minisat.params
+++ after: minisat.params
@@ -1,21 +1,21 @@
-lbd-cut := 5.0
-lbd-cut-max := 10.0
-cp-increase := 15000
-core-tolerance := 0.02
-var-decay := 0.95
-cla-decay := 0.999
-rnd-freq := 0.0
+lbd-cut := 3.0
+lbd-cut-max := 24.544123985391984
+cp-increase := 13211
+core-tolerance := 0.04177384951293783
+var-decay := 0.9981538875377283
+cla-decay := 0.9902334371677948
+rnd-freq := 0.03821610967004911
 ccmin-mode := 2
 phase-saving := 2
 rnd-init := 'False'
 luby := 0
-gc-frac := 0.2
-verb := 1
+gc-frac := 0.43779464369683735
+verb := 0
 pre := 'True'
 asymm := 'False'
 rcheck := 'False'
 elim := 'False'
-grow := 0
-cl-lim := 20
-sub-lim := 1000
-simp-gc-frac := 0.5
+grow := -576
+cl-lim := 11
+sub-lim := 822
+simp-gc-frac := 1.0

