2023-07-16 15:14:47,265	[DEBUG]	==== CONFIG ====
[magpie]
import = 
seed = 
log_dir = _magpie_logs
work_dir = _magpie_work
local_original_copy = False
local_original_name = __original__
output_encoding = ascii
edit_retries = 10
default_timeout = 30
default_lengthout = 1e6
diff_method = unified

[software]
path = code/minisat-hack
target_files = 
	core/Solver.cc.xml
	minisat.params
program = BasicProgram
engine_rules = 
	*.params : ConfigFileParamsEngine
	*.xml : SrcmlEngine
	* : LineEngine
engine_config = 
	*.params : [params]
	*.xml : [srcml]
setup_cmd = ./compile.sh
setup_timeout = 
setup_lengthout = 
compile_cmd = ./compile.sh
compile_timeout = 15
compile_lengthout = 
test_cmd = 
test_timeout = 
test_lengthout = 
run_cmd = perf stat run-sh/test.sh
run_timeout = 6585
run_lengthout = 
fitness = perf_time

[srcml]
rename = 
	stmt: break continue decl_stmt do expr_stmt for goto if return switch while
	number: literal_number
focus = block stmt operator_comp operator_arith number
internodes = block
process_pseudo_blocks = True
process_literals = True
process_operators = True

[params]
timing = test run
cli_prefix = --
cli_glue = =
cli_boolean = show
cli_boolean_prefix_true = 
cli_boolean_prefix_false = no-
silent_prefix = @
silent_suffix = $

[search]
protocol = BasicProtocol
algorithm = ValidTest
possible_edits = 
	StmtReplacement
	StmtInsertion
	StmtDeletion
warmup = 3
warmup_strategy = last
max_steps = 
max_time = 
target_fitness = 
cache_maxsize = 40
cache_keep = 0.2

[search.ls]
delete_prob = 0.5
max_neighbours = 
when_trapped = continue
accept_fail = False
tabu_length = 10

[search.gp]
pop_size = 10
delete_prob = 0.5
offspring_elitism = 0.1
offspring_crossover = 0.5
offspring_mutation = 0.4
uniform_rate = 0.5


2023-07-16 15:14:47,265	[INFO]	==== WARMUP ====
2023-07-16 16:51:25,243	[INFO]	WARM    SUCCESS               5788.3373               
2023-07-16 18:27:27,441	[INFO]	WARM    SUCCESS               5758.7307               
2023-07-16 20:03:00,656	[INFO]	WARM    SUCCESS               5729.1875               
2023-07-16 20:03:00,657	[INFO]	INITIAL SUCCESS               5729.1875               
2023-07-16 20:03:00,657	[INFO]	==== START: ValidTest ====
2023-07-16 20:03:00,718	[DEBUG]	CLEAN_PATCH: StmtInsertion(('core/Solver.cc.xml', '_inter_block', 446), ('core/Solver.cc.xml', 'stmt', 27)) | StmtReplacement(('core/Solver.cc.xml', 'stmt', 425), ('core/Solver.cc.xml', 'stmt', 310))
2023-07-16 20:03:00,718	[DEBUG]	CLEAN_SIZE: 2 (was 2)
2023-07-16 21:38:38,439	[DEBUG]	StmtInsertion(('core/Solver.cc.xml', '_inter_block', 446), ('core/Solver.cc.xml', 'stmt', 27)) | StmtReplacement(('core/Solver.cc.xml', 'stmt', 425), ('core/Solver.cc.xml', 'stmt', 310))
2023-07-16 21:38:38,439	[INFO]	1       SUCCESS              *5733.3144 (100.07%) [2 edit(s)] 
2023-07-16 21:38:38,463	[DEBUG]	--- before: core/Solver.cc
+++ after: core/Solver.cc
@@ -776,6 +776,7 @@
             }else{
                 CRef cr = ca.alloc(learnt_clause, true);
                 ca[cr].mark(L <= LBD_cut ? 3 : 2);
+                assigns  .push(l_Undef);
                 (L <= LBD_cut ? lF : learnts).push(cr);
                 attachClause(cr);
                 if (L > LBD_cut)/*auto*/{
@@ -1008,7 +1009,7 @@
             fprintf(f, "%s%d ", sign(c[i]) ? "-" : "", mapVar(var(c[i]), map, max)+1);
 }/*auto*/
 }/*auto*/
-    fprintf(f, "0\n");
+    var_decay += 0.01;
 }
 
 

2023-07-16 21:38:38,486	[INFO]	==== END ====
2023-07-16 21:38:38,486	[INFO]	Reason: validation end
2023-07-16 21:38:38,486	[INFO]	
2023-07-16 21:38:38,486	[INFO]	==== REPORT ====
2023-07-16 21:38:38,486	[INFO]	Termination: validation end
2023-07-16 21:38:38,487	[INFO]	Log file: /home/tsongpet/MSc-SSE-GI-project/_magpie_logs/minisat-hack_1689516886.log
2023-07-16 21:38:38,509	[INFO]	Patch file: _magpie_logs/minisat-hack_1689516886.patch
2023-07-16 21:38:38,510	[INFO]	Diff file: _magpie_logs/minisat-hack_1689516886.diff
2023-07-16 21:38:38,510	[INFO]	Best fitness: 5733.3144
2023-07-16 21:38:38,510	[INFO]	Best patch: StmtInsertion(('core/Solver.cc.xml', '_inter_block', 446), ('core/Solver.cc.xml', 'stmt', 27)) | StmtReplacement(('core/Solver.cc.xml', 'stmt', 425), ('core/Solver.cc.xml', 'stmt', 310))
2023-07-16 21:38:38,510	[INFO]	Diff:
--- before: core/Solver.cc
+++ after: core/Solver.cc
@@ -776,6 +776,7 @@
             }else{
                 CRef cr = ca.alloc(learnt_clause, true);
                 ca[cr].mark(L <= LBD_cut ? 3 : 2);
+                assigns  .push(l_Undef);
                 (L <= LBD_cut ? lF : learnts).push(cr);
                 attachClause(cr);
                 if (L > LBD_cut)/*auto*/{
@@ -1008,7 +1009,7 @@
             fprintf(f, "%s%d ", sign(c[i]) ? "-" : "", mapVar(var(c[i]), map, max)+1);
 }/*auto*/
 }/*auto*/
-    fprintf(f, "0\n");
+    var_decay += 0.01;
 }
 
 

