2023-08-03 13:01:06,793	[DEBUG]	==== CONFIG ====
[magpie]
import = 
seed = 
log_dir = _magpie_logs
work_dir = _magpie_work
local_original_copy = False
local_original_name = __original__
output_encoding = ascii
edit_retries = 10
default_timeout = 30
default_lengthout = 1e6
diff_method = unified

[software]
path = code/minisat-hack
target_files = 
	core/Solver.cc.xml
	minisat.params
program = BasicProgram
engine_rules = 
	*.params : ConfigFileParamsEngine
	*.xml : SrcmlEngine
	* : LineEngine
engine_config = 
	*.params : [params]
	*.xml : [srcml]
setup_cmd = ./compile.sh
setup_timeout = 
setup_lengthout = 
compile_cmd = ./compile.sh
compile_timeout = 16
compile_lengthout = 
test_cmd = 
test_timeout = 
test_lengthout = 
run_cmd = perf stat run-sh/validate_8.sh
run_timeout = 1582
run_lengthout = 
fitness = perf_instructions

[srcml]
rename = 
	stmt: break continue decl_stmt do expr_stmt for goto if return switch while
	number: literal_number
focus = block stmt operator_comp operator_arith number
internodes = block
process_pseudo_blocks = True
process_literals = True
process_operators = True

[params]
timing = test run
cli_prefix = --
cli_glue = =
cli_boolean = show
cli_boolean_prefix_true = 
cli_boolean_prefix_false = no-
silent_prefix = @
silent_suffix = $

[search]
protocol = BasicProtocol
algorithm = ValidTest
possible_edits = 
	StmtReplacement
	StmtInsertion
	StmtDeletion
	ParamSetting
warmup = 1
warmup_strategy = last
max_steps = 
max_time = 
target_fitness = 
cache_maxsize = 40
cache_keep = 0.2

[search.ls]
delete_prob = 0.5
max_neighbours = 
when_trapped = continue
accept_fail = False
tabu_length = 10

[search.gp]
pop_size = 10
delete_prob = 0.5
offspring_elitism = 0.1
offspring_crossover = 0.5
offspring_mutation = 0.4
uniform_rate = 0.5

[search.ga]
pop_size = 10
elitism_size = 2
cxpb_chrm = 0.5
cxpb_gene = 0.5
mutpb_chrm = 0.2
mutpb_gene = 0.1
gi_delete_prob = 0.5
gi_create_prob = 0.5
tournament_size = 3

[search.pso]
pop_size = 10
speed_min = -3
speed_max = 3
c1 = 1.49
c2 = 1.49


2023-08-03 13:01:06,794	[INFO]	==== WARMUP ====
2023-08-03 13:19:37,055	[INFO]	WARM    SUCCESS               1857617699283           
2023-08-03 13:19:37,056	[INFO]	INITIAL SUCCESS               1857617699283           
2023-08-03 13:19:37,056	[INFO]	==== START: ValidTest ====
2023-08-03 13:19:37,382	[DEBUG]	CLEAN_PATCH: ParamSetting(('minisat.params', 'gc-frac'), 0.8404860088548486) | StmtInsertion(('core/Solver.cc.xml', '_inter_block', 34), ('core/Solver.cc.xml', 'stmt', 309)) | StmtReplacement(('core/Solver.cc.xml', 'stmt', 296), ('core/Solver.cc.xml', 'stmt', 214)) | ParamSetting(('minisat.params', 'cp-increase'), 5527) | StmtReplacement(('core/Solver.cc.xml', 'stmt', 342), ('core/Solver.cc.xml', 'stmt', 267)) | StmtDeletion(('core/Solver.cc.xml', 'stmt', 295)) | StmtDeletion(('core/Solver.cc.xml', 'stmt', 359)) | StmtDeletion(('core/Solver.cc.xml', 'stmt', 376)) | StmtDeletion(('core/Solver.cc.xml', 'stmt', 293)) | StmtDeletion(('core/Solver.cc.xml', 'stmt', 53)) | StmtInsertion(('core/Solver.cc.xml', '_inter_block', 532), ('core/Solver.cc.xml', 'stmt', 14)) | StmtDeletion(('core/Solver.cc.xml', 'stmt', 406)) | StmtInsertion(('core/Solver.cc.xml', '_inter_block', 261), ('core/Solver.cc.xml', 'stmt', 461)) | StmtDeletion(('core/Solver.cc.xml', 'stmt', 395))
2023-08-03 13:19:37,382	[DEBUG]	CLEAN_SIZE: 14 (was 14)
2023-08-03 13:32:49,969	[DEBUG]	ParamSetting(('minisat.params', 'gc-frac'), 0.8404860088548486) | StmtInsertion(('core/Solver.cc.xml', '_inter_block', 34), ('core/Solver.cc.xml', 'stmt', 309)) | StmtReplacement(('core/Solver.cc.xml', 'stmt', 296), ('core/Solver.cc.xml', 'stmt', 214)) | ParamSetting(('minisat.params', 'cp-increase'), 5527) | StmtReplacement(('core/Solver.cc.xml', 'stmt', 342), ('core/Solver.cc.xml', 'stmt', 267)) | StmtDeletion(('core/Solver.cc.xml', 'stmt', 295)) | StmtDeletion(('core/Solver.cc.xml', 'stmt', 359)) | StmtDeletion(('core/Solver.cc.xml', 'stmt', 376)) | StmtDeletion(('core/Solver.cc.xml', 'stmt', 293)) | StmtDeletion(('core/Solver.cc.xml', 'stmt', 53)) | StmtInsertion(('core/Solver.cc.xml', '_inter_block', 532), ('core/Solver.cc.xml', 'stmt', 14)) | StmtDeletion(('core/Solver.cc.xml', 'stmt', 406)) | StmtInsertion(('core/Solver.cc.xml', '_inter_block', 261), ('core/Solver.cc.xml', 'stmt', 461)) | StmtDeletion(('core/Solver.cc.xml', 'stmt', 395))
2023-08-03 13:32:49,969	[INFO]	1       SUCCESS              *1357221625696 (73.06%) [14 edit(s)] 
2023-08-03 13:32:49,991	[DEBUG]	--- before: core/Solver.cc
+++ after: core/Solver.cc
@@ -173,6 +173,9 @@
     }*/
 
     for (i = j = 0, p = lit_Undef; i < ps.size(); i++)/*auto*/{
+        if (conflicts % 5000 == 0 && var_decay < 0.95)/*auto*/{
+                var_decay += 0.01;
+}/*auto*/
         if (value(ps[i]) == l_True || ps[i] == ~p)/*auto*/{
             return true;
 }/*auto*/
@@ -198,7 +201,7 @@
 }/*auto*/
     else if (ps.size() == 1){
         uncheckedEnqueue(ps[0]);
-        return ok = (propagate() == CRef_Undef);
+        
     }else{
         CRef cr = ca.alloc(ps, false);
         clauses.push(cr);
@@ -506,6 +509,7 @@
 
     for (int i = trail.size()-1; i >= trail_lim[0]; i--){
         Var x = var(trail[i]);
+        vec<Watcher>& ws = watches[p];
         if (seen[x]){
             if (reason(x) == CRef_Undef){
                 assert(level(x) > 0);
@@ -710,12 +714,12 @@
     removeSatisfied(learnts);
     removeSatisfied(lF);
     if (remove_satisfied)/*auto*/{        // Can be turned off.
-        removeSatisfied(clauses);
+        
 }/*auto*/
     checkGarbage();
-    rebuildOrderHeap();
-
-    simpDB_assigns = nAssigns();
+    
+
+    CRef    confl     = CRef_Undef;
     simpDB_props   = clauses_literals + learnts_literals;   // (shouldn't depend on stats really, but it will do for now)
 
     return true;
@@ -821,7 +825,7 @@
                 lS = 0, LQ.clear();
                 progress_estimate = progressEstimate();
                 cancelUntil(0);
-                return l_Undef; }
+                learnts.shrink(i - j); }
 
             // Simplify the set of problem clauses:
             if (decisionLevel() == 0 && !simplify())/*auto*/{
@@ -846,7 +850,7 @@
                         cancelUntil(0);
                         return l_Undef; }
                 }else{
-                    if (adjust > 0)/*auto*/{ adjust--;
+                    if (adjust > 0)/*auto*/{ 
 }/*auto*/
                     if (adjust == 0)/*auto*/{ K = (double)opt_K;
 }/*auto*/
@@ -898,7 +902,7 @@
     for (int i = 0; i <= decisionLevel(); i++){
         int beg = i == 0 ? 0 : trail_lim[i - 1];
         int end = i == decisionLevel() ? trail.size() : trail_lim[i];
-        progress += pow(F, i) * (end - beg);
+        
     }
 
     return progress / nVars();
@@ -945,11 +949,12 @@
 
     max_learnts               = nClauses() * learntsize_factor;
     learntsize_adjust_confl   = learntsize_adjust_start_confl;
+    static IntOption     opt_phase_saving      (_cat, "phase-saving", "Controls the level of phase saving (0=none, 1=limited, 2=full)", 2, IntRange(0, 2));
     learntsize_adjust_cnt     = (int)learntsize_adjust_confl;
     lbool   status            = l_Undef;
 
     if (verbosity >= 1){
-        printf("c ============================[ Search Statistics ]==============================\n");
+        
         printf("c | Conflicts |          ORIGINAL         |          LEARNT          | Progress |\n");
         printf("c |           |    Vars  Clauses Literals |    Limit  Clauses Lit/Cl |          |\n");
         printf("c ===============================================================================\n");
@@ -965,9 +970,7 @@
         curr_restarts++;
     }
 
-    if (verbosity >= 1)/*auto*/{
-        printf("c ===============================================================================\n");
-}/*auto*/
+    
 
 
     if (status == l_True){
--- before: minisat.params
+++ after: minisat.params
@@ -1,6 +1,6 @@
 lbd-cut := 5
 lbd-cut-max := 10
-cp-increase := 15000
+cp-increase := 5527
 core-tolerance := 0.02
 R-val := 1.4
 var-decay := 0.8
@@ -10,7 +10,7 @@
 phase-saving := '2'
 rnd-init := 'False'
 luby := 0
-gc-frac := 0.2
+gc-frac := 0.8404860088548486
 verb := '1'
 pre := 'True'
 asymm := 'False'

2023-08-03 13:32:50,012	[INFO]	==== END ====
2023-08-03 13:32:50,012	[INFO]	Reason: validation end
2023-08-03 13:32:50,012	[INFO]	
2023-08-03 13:32:50,012	[INFO]	==== REPORT ====
2023-08-03 13:32:50,012	[INFO]	Termination: validation end
2023-08-03 13:32:50,012	[INFO]	Log file: /cs/student/projects1/sse/2022/tsongpet/MSc-SSE-GI-project/_magpie_logs/minisat-hack_1691064063.log
2023-08-03 13:32:50,033	[INFO]	Patch file: _magpie_logs/minisat-hack_1691064063.patch
2023-08-03 13:32:50,033	[INFO]	Diff file: _magpie_logs/minisat-hack_1691064063.diff
2023-08-03 13:32:50,033	[INFO]	Best fitness: 1357221625696
2023-08-03 13:32:50,033	[INFO]	Best patch: ParamSetting(('minisat.params', 'gc-frac'), 0.8404860088548486) | StmtInsertion(('core/Solver.cc.xml', '_inter_block', 34), ('core/Solver.cc.xml', 'stmt', 309)) | StmtReplacement(('core/Solver.cc.xml', 'stmt', 296), ('core/Solver.cc.xml', 'stmt', 214)) | ParamSetting(('minisat.params', 'cp-increase'), 5527) | StmtReplacement(('core/Solver.cc.xml', 'stmt', 342), ('core/Solver.cc.xml', 'stmt', 267)) | StmtDeletion(('core/Solver.cc.xml', 'stmt', 295)) | StmtDeletion(('core/Solver.cc.xml', 'stmt', 359)) | StmtDeletion(('core/Solver.cc.xml', 'stmt', 376)) | StmtDeletion(('core/Solver.cc.xml', 'stmt', 293)) | StmtDeletion(('core/Solver.cc.xml', 'stmt', 53)) | StmtInsertion(('core/Solver.cc.xml', '_inter_block', 532), ('core/Solver.cc.xml', 'stmt', 14)) | StmtDeletion(('core/Solver.cc.xml', 'stmt', 406)) | StmtInsertion(('core/Solver.cc.xml', '_inter_block', 261), ('core/Solver.cc.xml', 'stmt', 461)) | StmtDeletion(('core/Solver.cc.xml', 'stmt', 395))
2023-08-03 13:32:50,033	[INFO]	Diff:
--- before: core/Solver.cc
+++ after: core/Solver.cc
@@ -173,6 +173,9 @@
     }*/
 
     for (i = j = 0, p = lit_Undef; i < ps.size(); i++)/*auto*/{
+        if (conflicts % 5000 == 0 && var_decay < 0.95)/*auto*/{
+                var_decay += 0.01;
+}/*auto*/
         if (value(ps[i]) == l_True || ps[i] == ~p)/*auto*/{
             return true;
 }/*auto*/
@@ -198,7 +201,7 @@
 }/*auto*/
     else if (ps.size() == 1){
         uncheckedEnqueue(ps[0]);
-        return ok = (propagate() == CRef_Undef);
+        
     }else{
         CRef cr = ca.alloc(ps, false);
         clauses.push(cr);
@@ -506,6 +509,7 @@
 
     for (int i = trail.size()-1; i >= trail_lim[0]; i--){
         Var x = var(trail[i]);
+        vec<Watcher>& ws = watches[p];
         if (seen[x]){
             if (reason(x) == CRef_Undef){
                 assert(level(x) > 0);
@@ -710,12 +714,12 @@
     removeSatisfied(learnts);
     removeSatisfied(lF);
     if (remove_satisfied)/*auto*/{        // Can be turned off.
-        removeSatisfied(clauses);
+        
 }/*auto*/
     checkGarbage();
-    rebuildOrderHeap();
-
-    simpDB_assigns = nAssigns();
+    
+
+    CRef    confl     = CRef_Undef;
     simpDB_props   = clauses_literals + learnts_literals;   // (shouldn't depend on stats really, but it will do for now)
 
     return true;
@@ -821,7 +825,7 @@
                 lS = 0, LQ.clear();
                 progress_estimate = progressEstimate();
                 cancelUntil(0);
-                return l_Undef; }
+                learnts.shrink(i - j); }
 
             // Simplify the set of problem clauses:
             if (decisionLevel() == 0 && !simplify())/*auto*/{
@@ -846,7 +850,7 @@
                         cancelUntil(0);
                         return l_Undef; }
                 }else{
-                    if (adjust > 0)/*auto*/{ adjust--;
+                    if (adjust > 0)/*auto*/{ 
 }/*auto*/
                     if (adjust == 0)/*auto*/{ K = (double)opt_K;
 }/*auto*/
@@ -898,7 +902,7 @@
     for (int i = 0; i <= decisionLevel(); i++){
         int beg = i == 0 ? 0 : trail_lim[i - 1];
         int end = i == decisionLevel() ? trail.size() : trail_lim[i];
-        progress += pow(F, i) * (end - beg);
+        
     }
 
     return progress / nVars();
@@ -945,11 +949,12 @@
 
     max_learnts               = nClauses() * learntsize_factor;
     learntsize_adjust_confl   = learntsize_adjust_start_confl;
+    static IntOption     opt_phase_saving      (_cat, "phase-saving", "Controls the level of phase saving (0=none, 1=limited, 2=full)", 2, IntRange(0, 2));
     learntsize_adjust_cnt     = (int)learntsize_adjust_confl;
     lbool   status            = l_Undef;
 
     if (verbosity >= 1){
-        printf("c ============================[ Search Statistics ]==============================\n");
+        
         printf("c | Conflicts |          ORIGINAL         |          LEARNT          | Progress |\n");
         printf("c |           |    Vars  Clauses Literals |    Limit  Clauses Lit/Cl |          |\n");
         printf("c ===============================================================================\n");
@@ -965,9 +970,7 @@
         curr_restarts++;
     }
 
-    if (verbosity >= 1)/*auto*/{
-        printf("c ===============================================================================\n");
-}/*auto*/
+    
 
 
     if (status == l_True){
--- before: minisat.params
+++ after: minisat.params
@@ -1,6 +1,6 @@
 lbd-cut := 5
 lbd-cut-max := 10
-cp-increase := 15000
+cp-increase := 5527
 core-tolerance := 0.02
 R-val := 1.4
 var-decay := 0.8
@@ -10,7 +10,7 @@
 phase-saving := '2'
 rnd-init := 'False'
 luby := 0
-gc-frac := 0.2
+gc-frac := 0.8404860088548486
 verb := '1'
 pre := 'True'
 asymm := 'False'

