2023-07-05 16:17:36,818	[DEBUG]	==== CONFIG ====
[magpie]
import = 
seed = 
log_dir = _magpie_logs
work_dir = _magpie_work
local_original_copy = False
local_original_name = __original__
output_encoding = ascii
edit_retries = 10
default_timeout = 30
default_lengthout = 1e6
diff_method = unified

[software]
path = code/minisat-hack
target_files = 
	core/Solver.cc.xml
program = BasicProgram
engine_rules = 
	*.params : ConfigFileParamsEngine
	*.xml : SrcmlEngine
	* : LineEngine
engine_config = 
	*.params : [params]
	*.xml : [srcml]
setup_cmd = ./compile.sh
setup_timeout = 
setup_lengthout = 
compile_cmd = ./compile.sh
compile_timeout = 15
compile_lengthout = 
test_cmd = 
test_timeout = 
test_lengthout = 
run_cmd = perf stat run-sh/train_1.sh
run_timeout = 86
run_lengthout = 
fitness = perf_time

[srcml]
rename = 
	stmt: break continue decl_stmt do expr_stmt for goto if return switch while
	number: literal_number
focus = block stmt operator_comp operator_arith number
internodes = block
process_pseudo_blocks = True
process_literals = True
process_operators = True

[params]
timing = test run
cli_prefix = --
cli_glue = =
cli_boolean = show
cli_boolean_prefix_true = 
cli_boolean_prefix_false = no-
silent_prefix = @
silent_suffix = $

[search]
protocol = BasicProtocol
algorithm = FirstImprovement
possible_edits = 
	StmtReplacement
	StmtInsertion
	StmtDeletion
warmup = 3
warmup_strategy = last
max_steps = 
max_time = 12840
target_fitness = 
cache_maxsize = 40
cache_keep = 0.2

[search.ls]
delete_prob = 0.5
max_neighbours = 
when_trapped = continue
accept_fail = False
tabu_length = 10

[search.gp]
pop_size = 10
delete_prob = 0.5
offspring_elitism = 0.1
offspring_crossover = 0.5
offspring_mutation = 0.4
uniform_rate = 0.5


2023-07-05 16:17:36,818	[INFO]	==== WARMUP ====
2023-07-05 16:19:03,653	[INFO]	WARM    SUCCESS               77.4716                 
2023-07-05 16:20:26,745	[INFO]	WARM    SUCCESS               79.5551                 
2023-07-05 16:21:46,188	[INFO]	WARM    SUCCESS               75.8559                 
2023-07-05 16:21:46,188	[INFO]	INITIAL SUCCESS               75.8559                 
2023-07-05 16:21:46,188	[INFO]	==== START: FirstImprovement ====
2023-07-05 16:21:46,608	[DEBUG]	StmtReplacement(('core/Solver.cc.xml', 'stmt', 310), ('core/Solver.cc.xml', 'stmt', 453))
2023-07-05 16:21:46,608	[INFO]	1       COMPILE_CODE_ERROR    None  [1 edit(s)]       
2023-07-05 16:23:05,990	[DEBUG]	StmtDeletion(('core/Solver.cc.xml', 'stmt', 292))
2023-07-05 16:23:05,990	[INFO]	2       SUCCESS               75.8844 (100.04%) [1 edit(s)] 
2023-07-05 16:24:27,707	[DEBUG]	StmtReplacement(('core/Solver.cc.xml', 'stmt', 206), ('core/Solver.cc.xml', 'stmt', 268))
2023-07-05 16:24:27,708	[INFO]	3       SUCCESS               78.0992 (102.96%) [1 edit(s)] 
2023-07-05 16:24:31,404	[DEBUG]	StmtDeletion(('core/Solver.cc.xml', 'stmt', 84))
2023-07-05 16:24:31,405	[INFO]	4       RUN_CODE_ERROR        None  [1 edit(s)]       
2023-07-05 16:25:48,308	[DEBUG]	StmtInsertion(('core/Solver.cc.xml', '_inter_block', 288), ('core/Solver.cc.xml', 'stmt', 19))
2023-07-05 16:25:48,309	[INFO]	5       SUCCESS              *73.4569 (96.84%) [1 edit(s)] 
2023-07-05 16:25:48,319	[DEBUG]	--- before: core/Solver.cc
+++ after: core/Solver.cc
@@ -607,6 +607,7 @@
     }
     propagations += num_props;
     simpDB_props -= num_props;
+    static DoubleOption  opt_garbage_frac      (_cat, "gc-frac",     "The fraction of wasted memory allowed before a garbage collection is triggered",  0.20, DoubleRange(0, false, HUGE_VAL, false));
 
     return confl;
 }

