2023-08-21 23:43:06,829	[DEBUG]	==== CONFIG ====
[magpie]
import = 
seed = 
log_dir = _magpie_logs
work_dir = _magpie_work
local_original_copy = False
local_original_name = __original__
output_encoding = ascii
edit_retries = 10
default_timeout = 30
default_lengthout = 1e6
diff_method = unified

[software]
path = code/minisat-hack
target_files = 
	core/Solver.cc.xml
	minisat.params
program = BasicProgram
engine_rules = 
	*.params : ConfigFileParamsEngine
	*.xml : SrcmlEngine
	* : LineEngine
engine_config = 
	*.params : [params]
	*.xml : [srcml]
setup_cmd = ./compile.sh
setup_timeout = 
setup_lengthout = 
compile_cmd = ./compile.sh
compile_timeout = 16
compile_lengthout = 
test_cmd = 
test_timeout = 
test_lengthout = 
run_cmd = perf stat run-sh/test_9.sh
run_timeout = 5287
run_lengthout = 
fitness = perf_instructions

[srcml]
rename = 
	stmt: break continue decl_stmt do expr_stmt for goto if return switch while
	number: literal_number
focus = block stmt operator_comp operator_arith number
internodes = block
process_pseudo_blocks = True
process_literals = True
process_operators = True

[params]
timing = test run
cli_prefix = --
cli_glue = =
cli_boolean = show
cli_boolean_prefix_true = 
cli_boolean_prefix_false = no-
silent_prefix = @
silent_suffix = $

[search]
protocol = BasicProtocol
algorithm = ValidTest
possible_edits = 
	StmtReplacement
	StmtInsertion
	StmtDeletion
	ParamSetting
warmup = 1
warmup_strategy = last
max_steps = 
max_time = 
target_fitness = 
cache_maxsize = 40
cache_keep = 0.2

[search.ls]
delete_prob = 0.5
max_neighbours = 
when_trapped = continue
accept_fail = False
tabu_length = 10

[search.gp]
pop_size = 10
delete_prob = 0.5
offspring_elitism = 0.1
offspring_crossover = 0.5
offspring_mutation = 0.4
uniform_rate = 0.5

[search.ga]
pop_size = 100
elitism_size = 10
cxpb_chrm = 0.5
cxpb_gene = 0.5
mutpb_chrm = 0.2
mutpb_gene = 0.1
gi_delete_prob = 0.5
gi_create_prob = 0.5
tournament_size = 3

[search.pso]
pop_size = 10
speed_min = -3
speed_max = 3
c1 = 1.49
c2 = 1.49


2023-08-21 23:43:06,830	[INFO]	==== WARMUP ====
2023-08-22 00:57:59,735	[INFO]	WARM    SUCCESS               8209946411102           
2023-08-22 00:57:59,735	[INFO]	INITIAL SUCCESS               8209946411102           
2023-08-22 00:57:59,736	[INFO]	==== START: ValidTest ====
2023-08-22 00:57:59,781	[DEBUG]	CLEAN_PATCH: ParamSetting(('minisat.params', 'cp-increase'), 6004) | ParamSetting(('minisat.params', 'var-decay'), 0.9542865980994171) | ParamSetting(('minisat.params', 'rnd-init'), 'True') | ParamSetting(('minisat.params', 'gc-frac'), 0.830740984397074) | StmtDeletion(('core/Solver.cc.xml', 'stmt', 350))
2023-08-22 00:57:59,781	[DEBUG]	CLEAN_SIZE: 5 (was 5)
2023-08-22 02:16:35,856	[DEBUG]	ParamSetting(('minisat.params', 'cp-increase'), 6004) | ParamSetting(('minisat.params', 'var-decay'), 0.9542865980994171) | ParamSetting(('minisat.params', 'rnd-init'), 'True') | ParamSetting(('minisat.params', 'gc-frac'), 0.830740984397074) | StmtDeletion(('core/Solver.cc.xml', 'stmt', 350))
2023-08-22 02:16:35,857	[INFO]	1       SUCCESS              *8545073027129 (104.08%) [5 edit(s)] 
2023-08-22 02:16:35,867	[DEBUG]	--- before: core/Solver.cc
+++ after: core/Solver.cc
@@ -835,9 +835,7 @@
 
                 static int adjust = 0;
                 if (core_added < (int32_t)opt_cp_increase * (double)opt_core_tolerance){
-                    if (LBD_cut < (int32_t)opt_lbd_cut_max)/*auto*/{
-                        LBD_cut = (int32_t)opt_lbd_cut + ++adjust;
-}/*auto*/
+                    
 
                     if (!luby_restart){
                         core_added = 0;
--- before: minisat.params
+++ after: minisat.params
@@ -1,16 +1,16 @@
 lbd-cut := 5
 lbd-cut-max := 10
-cp-increase := 15000
+cp-increase := 6004
 core-tolerance := 0.02
 R-val := 1.4
-var-decay := 0.8
+var-decay := 0.9542865980994171
 cla-decay := 0.999
 rnd-freq := 0.0
 ccmin-mode := '2'
 phase-saving := '2'
-rnd-init := 'False'
+rnd-init := 'True'
 luby := 0
-gc-frac := 0.2
+gc-frac := 0.830740984397074
 verb := '1'
 pre := 'True'
 asymm := 'False'

2023-08-22 02:16:35,875	[INFO]	==== END ====
2023-08-22 02:16:35,875	[INFO]	Reason: validation end
2023-08-22 02:16:35,875	[INFO]	
2023-08-22 02:16:35,875	[INFO]	==== REPORT ====
2023-08-22 02:16:35,875	[INFO]	Termination: validation end
2023-08-22 02:16:35,875	[INFO]	Log file: /cs/research/crest/home0/jpetke/MSc-SSE-GI-project/_magpie_logs/minisat-hack_1692657783.log
2023-08-22 02:16:35,882	[INFO]	Patch file: _magpie_logs/minisat-hack_1692657783.patch
2023-08-22 02:16:35,882	[INFO]	Diff file: _magpie_logs/minisat-hack_1692657783.diff
2023-08-22 02:16:35,883	[INFO]	Best fitness: 8545073027129
2023-08-22 02:16:35,883	[INFO]	Best patch: ParamSetting(('minisat.params', 'cp-increase'), 6004) | ParamSetting(('minisat.params', 'var-decay'), 0.9542865980994171) | ParamSetting(('minisat.params', 'rnd-init'), 'True') | ParamSetting(('minisat.params', 'gc-frac'), 0.830740984397074) | StmtDeletion(('core/Solver.cc.xml', 'stmt', 350))
2023-08-22 02:16:35,883	[INFO]	Diff:
--- before: core/Solver.cc
+++ after: core/Solver.cc
@@ -835,9 +835,7 @@
 
                 static int adjust = 0;
                 if (core_added < (int32_t)opt_cp_increase * (double)opt_core_tolerance){
-                    if (LBD_cut < (int32_t)opt_lbd_cut_max)/*auto*/{
-                        LBD_cut = (int32_t)opt_lbd_cut + ++adjust;
-}/*auto*/
+                    
 
                     if (!luby_restart){
                         core_added = 0;
--- before: minisat.params
+++ after: minisat.params
@@ -1,16 +1,16 @@
 lbd-cut := 5
 lbd-cut-max := 10
-cp-increase := 15000
+cp-increase := 6004
 core-tolerance := 0.02
 R-val := 1.4
-var-decay := 0.8
+var-decay := 0.9542865980994171
 cla-decay := 0.999
 rnd-freq := 0.0
 ccmin-mode := '2'
 phase-saving := '2'
-rnd-init := 'False'
+rnd-init := 'True'
 luby := 0
-gc-frac := 0.2
+gc-frac := 0.830740984397074
 verb := '1'
 pre := 'True'
 asymm := 'False'

