2023-06-24 20:32:19,273	[DEBUG]	==== CONFIG ====
[magpie]
import = 
seed = 
log_dir = _magpie_logs
work_dir = _magpie_work
local_original_copy = False
local_original_name = __original__
output_encoding = ascii
edit_retries = 10
default_timeout = 30
default_lengthout = 1e6
diff_method = unified

[software]
path = code/minisat-hack
target_files = 
	core/Solver.cc
program = BasicProgram
engine_rules = 
	*.params : ConfigFileParamsEngine
	*.xml : SrcmlEngine
	* : LineEngine
engine_config = 
	*.params : [params]
	*.xml : [srcml]
setup_cmd = 
setup_timeout = 
setup_lengthout = 
compile_cmd = ./compile.sh
compile_timeout = 11
compile_lengthout = 
test_cmd = 
test_timeout = 
test_lengthout = 
run_cmd = perf stat run-sh/train_10.sh
run_timeout = 81
run_lengthout = 
fitness = perf_time

[srcml]
rename = 
	stmt: break continue decl_stmt do expr_stmt for goto if return switch while
	number: literal_number
focus = block stmt operator_comp operator_arith number
internodes = block
process_pseudo_blocks = True
process_literals = True
process_operators = True

[params]
timing = test run
cli_prefix = --
cli_glue = =
cli_boolean = show
cli_boolean_prefix_true = 
cli_boolean_prefix_false = no-
silent_prefix = @
silent_suffix = $

[search]
protocol = BasicProtocol
algorithm = FirstImprovement
possible_edits = 
	LineReplacement
	LineInsertion
	LineDeletion
warmup = 3
warmup_strategy = last
max_steps = 1000
max_time = 3600
target_fitness = 
cache_maxsize = 40
cache_keep = 0.2

[search.ls]
delete_prob = 0.5
max_neighbours = 
when_trapped = continue
accept_fail = False
tabu_length = 10

[search.gp]
pop_size = 10
delete_prob = 0.5
offspring_elitism = 0.1
offspring_crossover = 0.5
offspring_mutation = 0.4
uniform_rate = 0.5


2023-06-24 20:32:19,274	[INFO]	==== WARMUP ====
2023-06-24 20:33:36,529	[INFO]	WARM    SUCCESS               70.1338                 
2023-06-24 20:34:50,686	[INFO]	WARM    SUCCESS               70.9608                 
2023-06-24 20:36:04,365	[INFO]	WARM    SUCCESS               70.4931                 
2023-06-24 20:36:04,365	[INFO]	INITIAL SUCCESS               70.4931                 
2023-06-24 20:36:04,365	[INFO]	==== START: FirstImprovement ====
2023-06-24 20:37:17,740	[DEBUG]	LineInsertion(('core/Solver.cc', '_inter_line', 383), ('core/Solver.cc', 'line', 90))
2023-06-24 20:37:17,740	[INFO]	1       SUCCESS              *70.1931 (99.57%) [1 edit(s)] 
2023-06-24 20:37:17,748	[DEBUG]	--- before: core/Solver.cc
+++ after: core/Solver.cc
@@ -381,6 +381,7 @@
     }else if (ccmin_mode == 1){
         for (i = j = 1; i < out_learnt.size(); i++){
             Var x = var(out_learnt[i]);
+    // Parameters (experimental):
 
             if (reason(x) == CRef_Undef)
                 out_learnt[j++] = out_learnt[i];

2023-06-24 20:38:30,782	[DEBUG]	LineInsertion(('core/Solver.cc', '_inter_line', 383), ('core/Solver.cc', 'line', 90)) | LineDeletion(('core/Solver.cc', 'line', 1022))
2023-06-24 20:38:30,783	[INFO]	2       SUCCESS              *69.849 (99.09%) [2 edit(s)] 
2023-06-24 20:38:30,791	[DEBUG]	--- before: core/Solver.cc
+++ after: core/Solver.cc
@@ -381,6 +381,7 @@
     }else if (ccmin_mode == 1){
         for (i = j = 1; i < out_learnt.size(); i++){
             Var x = var(out_learnt[i]);
+    // Parameters (experimental):
 
             if (reason(x) == CRef_Undef)
                 out_learnt[j++] = out_learnt[i];
@@ -1020,7 +1021,6 @@
     //
     for (int i = 0; i < trail.size(); i++){
         Var v = var(trail[i]);
-
         if (reason(v) != CRef_Undef && (ca[reason(v)].reloced() || locked(ca[reason(v)])))
             ca.reloc(vardata[v].reason, to);
     }

2023-06-24 20:38:30,800	[DEBUG]	LineInsertion(('core/Solver.cc', '_inter_line', 383), ('core/Solver.cc', 'line', 90))
2023-06-24 20:38:30,800	[INFO]	3       SUCCESS               70.1931 (99.57%) [1 edit(s)] 
2023-06-24 20:38:31,141	[DEBUG]	LineInsertion(('core/Solver.cc', '_inter_line', 383), ('core/Solver.cc', 'line', 90)) | LineDeletion(('core/Solver.cc', 'line', 1022)) | LineReplacement(('core/Solver.cc', 'line', 212), ('core/Solver.cc', 'line', 459))
2023-06-24 20:38:31,141	[INFO]	4       COMPILE_CODE_ERROR    None  [3 edit(s)]       
2023-06-24 20:38:31,536	[DEBUG]	LineInsertion(('core/Solver.cc', '_inter_line', 383), ('core/Solver.cc', 'line', 90)) | LineDeletion(('core/Solver.cc', 'line', 1022)) | LineInsertion(('core/Solver.cc', '_inter_line', 977), ('core/Solver.cc', 'line', 5))
2023-06-24 20:38:31,536	[INFO]	5       COMPILE_CODE_ERROR    None  [3 edit(s)]       
2023-06-24 20:39:45,579	[DEBUG]	LineDeletion(('core/Solver.cc', 'line', 1022))
2023-06-24 20:39:45,580	[INFO]	6       SUCCESS               70.853 (100.51%) [1 edit(s)] 
2023-06-24 20:39:45,976	[DEBUG]	LineInsertion(('core/Solver.cc', '_inter_line', 383), ('core/Solver.cc', 'line', 90)) | LineDeletion(('core/Solver.cc', 'line', 1022)) | LineReplacement(('core/Solver.cc', 'line', 350), ('core/Solver.cc', 'line', 682))
2023-06-24 20:39:45,976	[INFO]	7       COMPILE_CODE_ERROR    None  [3 edit(s)]       
2023-06-24 20:39:46,356	[DEBUG]	LineInsertion(('core/Solver.cc', '_inter_line', 383), ('core/Solver.cc', 'line', 90)) | LineDeletion(('core/Solver.cc', 'line', 1022)) | LineReplacement(('core/Solver.cc', 'line', 207), ('core/Solver.cc', 'line', 822))
2023-06-24 20:39:46,357	[INFO]	8       COMPILE_CODE_ERROR    None  [3 edit(s)]       
2023-06-24 20:41:00,401	[DEBUG]	LineInsertion(('core/Solver.cc', '_inter_line', 383), ('core/Solver.cc', 'line', 90)) | LineDeletion(('core/Solver.cc', 'line', 1022)) | LineInsertion(('core/Solver.cc', '_inter_line', 386), ('core/Solver.cc', 'line', 493))
2023-06-24 20:41:00,402	[INFO]	9       SUCCESS               70.8283 (100.48%) [3 edit(s)] 
2023-06-24 20:41:00,798	[DEBUG]	LineInsertion(('core/Solver.cc', '_inter_line', 383), ('core/Solver.cc', 'line', 90)) | LineDeletion(('core/Solver.cc', 'line', 1022)) | LineDeletion(('core/Solver.cc', 'line', 53))
2023-06-24 20:41:00,798	[INFO]	10      COMPILE_CODE_ERROR    None  [3 edit(s)]       
2023-06-24 20:42:13,905	[DEBUG]	LineInsertion(('core/Solver.cc', '_inter_line', 383), ('core/Solver.cc', 'line', 90)) | LineDeletion(('core/Solver.cc', 'line', 1022)) | LineInsertion(('core/Solver.cc', '_inter_line', 813), ('core/Solver.cc', 'line', 31))
2023-06-24 20:42:13,906	[INFO]	11      SUCCESS               69.9548 (99.24%) [3 edit(s)] 
2023-06-24 20:43:27,388	[DEBUG]	LineInsertion(('core/Solver.cc', '_inter_line', 383), ('core/Solver.cc', 'line', 90)) | LineDeletion(('core/Solver.cc', 'line', 1022)) | LineInsertion(('core/Solver.cc', '_inter_line', 187), ('core/Solver.cc', 'line', 109))
2023-06-24 20:43:27,389	[INFO]	12      SUCCESS               70.2995 (99.73%) [3 edit(s)] 
2023-06-24 20:43:27,790	[DEBUG]	LineInsertion(('core/Solver.cc', '_inter_line', 383), ('core/Solver.cc', 'line', 90)) | LineDeletion(('core/Solver.cc', 'line', 1022)) | LineInsertion(('core/Solver.cc', '_inter_line', 1017), ('core/Solver.cc', 'line', 364))
2023-06-24 20:43:27,790	[INFO]	13      COMPILE_CODE_ERROR    None  [3 edit(s)]       
2023-06-24 20:43:28,199	[DEBUG]	LineInsertion(('core/Solver.cc', '_inter_line', 383), ('core/Solver.cc', 'line', 90)) | LineDeletion(('core/Solver.cc', 'line', 1022)) | LineReplacement(('core/Solver.cc', 'line', 76), ('core/Solver.cc', 'line', 521))
2023-06-24 20:43:28,199	[INFO]	14      COMPILE_CODE_ERROR    None  [3 edit(s)]       
2023-06-24 20:43:28,599	[DEBUG]	LineInsertion(('core/Solver.cc', '_inter_line', 383), ('core/Solver.cc', 'line', 90)) | LineDeletion(('core/Solver.cc', 'line', 1022)) | LineInsertion(('core/Solver.cc', '_inter_line', 322), ('core/Solver.cc', 'line', 945))
2023-06-24 20:43:28,599	[INFO]	15      COMPILE_CODE_ERROR    None  [3 edit(s)]       
2023-06-24 20:44:42,187	[DEBUG]	LineInsertion(('core/Solver.cc', '_inter_line', 383), ('core/Solver.cc', 'line', 90)) | LineDeletion(('core/Solver.cc', 'line', 1022)) | LineInsertion(('core/Solver.cc', '_inter_line', 1038), ('core/Solver.cc', 'line', 257))
2023-06-24 20:44:42,188	[INFO]	16      SUCCESS               70.3144 (99.75%) [3 edit(s)] 
2023-06-24 20:44:42,577	[DEBUG]	LineInsertion(('core/Solver.cc', '_inter_line', 383), ('core/Solver.cc', 'line', 90)) | LineDeletion(('core/Solver.cc', 'line', 1022)) | LineInsertion(('core/Solver.cc', '_inter_line', 179), ('core/Solver.cc', 'line', 900))
2023-06-24 20:44:42,578	[INFO]	17      COMPILE_CODE_ERROR    None  [3 edit(s)]       
2023-06-24 20:44:42,978	[DEBUG]	LineInsertion(('core/Solver.cc', '_inter_line', 383), ('core/Solver.cc', 'line', 90)) | LineDeletion(('core/Solver.cc', 'line', 1022)) | LineReplacement(('core/Solver.cc', 'line', 113), ('core/Solver.cc', 'line', 384))
2023-06-24 20:44:42,978	[INFO]	18      COMPILE_CODE_ERROR    None  [3 edit(s)]       
2023-06-24 20:44:43,373	[DEBUG]	LineInsertion(('core/Solver.cc', '_inter_line', 383), ('core/Solver.cc', 'line', 90)) | LineDeletion(('core/Solver.cc', 'line', 1022)) | LineDeletion(('core/Solver.cc', 'line', 192))
2023-06-24 20:44:43,373	[INFO]	19      COMPILE_CODE_ERROR    None  [3 edit(s)]       
2023-06-24 20:44:43,767	[DEBUG]	LineInsertion(('core/Solver.cc', '_inter_line', 383), ('core/Solver.cc', 'line', 90)) | LineDeletion(('core/Solver.cc', 'line', 1022)) | LineReplacement(('core/Solver.cc', 'line', 1022), ('core/Solver.cc', 'line', 238))
2023-06-24 20:44:43,768	[INFO]	20      COMPILE_CODE_ERROR    None  [3 edit(s)]       
2023-06-24 20:44:44,164	[DEBUG]	LineInsertion(('core/Solver.cc', '_inter_line', 383), ('core/Solver.cc', 'line', 90)) | LineDeletion(('core/Solver.cc', 'line', 1022)) | LineInsertion(('core/Solver.cc', '_inter_line', 493), ('core/Solver.cc', 'line', 311))
2023-06-24 20:44:44,164	[INFO]	21      COMPILE_CODE_ERROR    None  [3 edit(s)]       
2023-06-24 20:45:57,061	[DEBUG]	LineInsertion(('core/Solver.cc', '_inter_line', 383), ('core/Solver.cc', 'line', 90)) | LineDeletion(('core/Solver.cc', 'line', 1022)) | LineDeletion(('core/Solver.cc', 'line', 547))
2023-06-24 20:45:57,062	[INFO]	22      SUCCESS              *69.7097 (98.89%) [3 edit(s)] 
2023-06-24 20:45:57,070	[DEBUG]	--- before: core/Solver.cc
+++ after: core/Solver.cc
@@ -381,6 +381,7 @@
     }else if (ccmin_mode == 1){
         for (i = j = 1; i < out_learnt.size(); i++){
             Var x = var(out_learnt[i]);
+    // Parameters (experimental):
 
             if (reason(x) == CRef_Undef)
                 out_learnt[j++] = out_learnt[i];
@@ -545,7 +546,6 @@
             if (first != blocker && value(first) == l_True){
                 *j++ = w; continue; }
 
-            // Look for new watch:
             for (int k = 2; k < c.size(); k++)
                 if (value(c[k]) != l_False){
                     c[1] = c[k]; c[k] = false_lit;
@@ -1020,7 +1020,6 @@
     //
     for (int i = 0; i < trail.size(); i++){
         Var v = var(trail[i]);
-
         if (reason(v) != CRef_Undef && (ca[reason(v)].reloced() || locked(ca[reason(v)])))
             ca.reloc(vardata[v].reason, to);
     }

2023-06-24 20:47:10,730	[DEBUG]	LineInsertion(('core/Solver.cc', '_inter_line', 383), ('core/Solver.cc', 'line', 90)) | LineDeletion(('core/Solver.cc', 'line', 547))
2023-06-24 20:47:10,730	[INFO]	23      SUCCESS               70.4683 (99.96%) [2 edit(s)] 
2023-06-24 20:47:11,143	[DEBUG]	LineInsertion(('core/Solver.cc', '_inter_line', 383), ('core/Solver.cc', 'line', 90)) | LineDeletion(('core/Solver.cc', 'line', 1022)) | LineDeletion(('core/Solver.cc', 'line', 547)) | LineReplacement(('core/Solver.cc', 'line', 725), ('core/Solver.cc', 'line', 126))
2023-06-24 20:47:11,143	[INFO]	24      COMPILE_CODE_ERROR    None  [4 edit(s)]       
2023-06-24 20:47:15,888	[DEBUG]	LineInsertion(('core/Solver.cc', '_inter_line', 383), ('core/Solver.cc', 'line', 90)) | LineDeletion(('core/Solver.cc', 'line', 1022)) | LineDeletion(('core/Solver.cc', 'line', 547)) | LineDeletion(('core/Solver.cc', 'line', 601))
2023-06-24 20:47:15,888	[INFO]	25      RUN_CODE_ERROR        None  [4 edit(s)]       
2023-06-24 20:48:28,806	[DEBUG]	LineInsertion(('core/Solver.cc', '_inter_line', 383), ('core/Solver.cc', 'line', 90)) | LineDeletion(('core/Solver.cc', 'line', 1022)) | LineDeletion(('core/Solver.cc', 'line', 547)) | LineInsertion(('core/Solver.cc', '_inter_line', 4), ('core/Solver.cc', 'line', 775))
2023-06-24 20:48:28,806	[INFO]	26      SUCCESS               69.7632 (98.96%) [4 edit(s)] 
2023-06-24 20:49:42,177	[DEBUG]	LineDeletion(('core/Solver.cc', 'line', 1022)) | LineDeletion(('core/Solver.cc', 'line', 547))
2023-06-24 20:49:42,178	[INFO]	27      SUCCESS               70.2673 (99.68%) [2 edit(s)] 
2023-06-24 20:50:56,344	[DEBUG]	LineInsertion(('core/Solver.cc', '_inter_line', 383), ('core/Solver.cc', 'line', 90)) | LineDeletion(('core/Solver.cc', 'line', 1022)) | LineDeletion(('core/Solver.cc', 'line', 547)) | LineDeletion(('core/Solver.cc', 'line', 109))
2023-06-24 20:50:56,345	[INFO]	28      SUCCESS               71.0304 (100.76%) [4 edit(s)] 
2023-06-24 20:50:56,354	[DEBUG]	LineInsertion(('core/Solver.cc', '_inter_line', 383), ('core/Solver.cc', 'line', 90)) | LineDeletion(('core/Solver.cc', 'line', 1022))
2023-06-24 20:50:56,354	[INFO]	29      SUCCESS               69.849 (99.09%) [2 edit(s)] 
2023-06-24 20:50:56,753	[DEBUG]	LineInsertion(('core/Solver.cc', '_inter_line', 383), ('core/Solver.cc', 'line', 90)) | LineDeletion(('core/Solver.cc', 'line', 1022)) | LineDeletion(('core/Solver.cc', 'line', 547)) | LineReplacement(('core/Solver.cc', 'line', 372), ('core/Solver.cc', 'line', 448))
2023-06-24 20:50:56,753	[INFO]	30      COMPILE_CODE_ERROR    None  [4 edit(s)]       
2023-06-24 20:52:09,410	[DEBUG]	LineInsertion(('core/Solver.cc', '_inter_line', 383), ('core/Solver.cc', 'line', 90)) | LineDeletion(('core/Solver.cc', 'line', 1022)) | LineDeletion(('core/Solver.cc', 'line', 547)) | LineDeletion(('core/Solver.cc', 'line', 849))
2023-06-24 20:52:09,411	[INFO]	31      SUCCESS              *69.5043 (98.6%) [4 edit(s)] 
2023-06-24 20:52:09,419	[DEBUG]	--- before: core/Solver.cc
+++ after: core/Solver.cc
@@ -381,6 +381,7 @@
     }else if (ccmin_mode == 1){
         for (i = j = 1; i < out_learnt.size(); i++){
             Var x = var(out_learnt[i]);
+    // Parameters (experimental):
 
             if (reason(x) == CRef_Undef)
                 out_learnt[j++] = out_learnt[i];
@@ -545,7 +546,6 @@
             if (first != blocker && value(first) == l_True){
                 *j++ = w; continue; }
 
-            // Look for new watch:
             for (int k = 2; k < c.size(); k++)
                 if (value(c[k]) != l_False){
                     c[1] = c[k]; c[k] = false_lit;
@@ -847,7 +847,6 @@
 /*
   Finite subsequences of the Luby-sequence:
 
-  0: 1
   1: 1 1 2
   2: 1 1 2 1 1 2 4
   3: 1 1 2 1 1 2 4 1 1 2 1 1 2 4 8
@@ -1020,7 +1019,6 @@
     //
     for (int i = 0; i < trail.size(); i++){
         Var v = var(trail[i]);
-
         if (reason(v) != CRef_Undef && (ca[reason(v)].reloced() || locked(ca[reason(v)])))
             ca.reloc(vardata[v].reason, to);
     }

2023-06-24 20:53:23,738	[DEBUG]	LineInsertion(('core/Solver.cc', '_inter_line', 383), ('core/Solver.cc', 'line', 90)) | LineDeletion(('core/Solver.cc', 'line', 1022)) | LineDeletion(('core/Solver.cc', 'line', 547)) | LineDeletion(('core/Solver.cc', 'line', 849)) | LineDeletion(('core/Solver.cc', 'line', 83))
2023-06-24 20:53:23,739	[INFO]	32      SUCCESS               71.0543 (100.8%) [5 edit(s)] 
2023-06-24 20:53:28,067	[DEBUG]	LineInsertion(('core/Solver.cc', '_inter_line', 383), ('core/Solver.cc', 'line', 90)) | LineDeletion(('core/Solver.cc', 'line', 1022)) | LineDeletion(('core/Solver.cc', 'line', 547)) | LineDeletion(('core/Solver.cc', 'line', 849)) | LineDeletion(('core/Solver.cc', 'line', 267))
2023-06-24 20:53:28,068	[INFO]	33      RUN_CODE_ERROR        None  [5 edit(s)]       
2023-06-24 20:54:41,341	[DEBUG]	LineInsertion(('core/Solver.cc', '_inter_line', 383), ('core/Solver.cc', 'line', 90)) | LineDeletion(('core/Solver.cc', 'line', 547)) | LineDeletion(('core/Solver.cc', 'line', 849))
2023-06-24 20:54:41,342	[INFO]	34      SUCCESS               70.1003 (99.44%) [3 edit(s)] 
2023-06-24 20:55:54,629	[DEBUG]	LineInsertion(('core/Solver.cc', '_inter_line', 383), ('core/Solver.cc', 'line', 90)) | LineDeletion(('core/Solver.cc', 'line', 1022)) | LineDeletion(('core/Solver.cc', 'line', 547)) | LineDeletion(('core/Solver.cc', 'line', 849)) | LineDeletion(('core/Solver.cc', 'line', 313))
2023-06-24 20:55:54,630	[INFO]	35      SUCCESS               70.1668 (99.54%) [5 edit(s)] 
2023-06-24 20:57:08,592	[DEBUG]	LineInsertion(('core/Solver.cc', '_inter_line', 383), ('core/Solver.cc', 'line', 90)) | LineDeletion(('core/Solver.cc', 'line', 1022)) | LineDeletion(('core/Solver.cc', 'line', 849))
2023-06-24 20:57:08,592	[INFO]	36      SUCCESS               70.8384 (100.49%) [3 edit(s)] 
2023-06-24 20:57:08,601	[DEBUG]	LineInsertion(('core/Solver.cc', '_inter_line', 383), ('core/Solver.cc', 'line', 90)) | LineDeletion(('core/Solver.cc', 'line', 1022)) | LineDeletion(('core/Solver.cc', 'line', 547))
2023-06-24 20:57:08,601	[INFO]	37      SUCCESS               69.7097 (98.89%) [3 edit(s)] 
2023-06-24 20:57:09,008	[DEBUG]	LineInsertion(('core/Solver.cc', '_inter_line', 383), ('core/Solver.cc', 'line', 90)) | LineDeletion(('core/Solver.cc', 'line', 1022)) | LineDeletion(('core/Solver.cc', 'line', 547)) | LineDeletion(('core/Solver.cc', 'line', 849)) | LineReplacement(('core/Solver.cc', 'line', 376), ('core/Solver.cc', 'line', 577))
2023-06-24 20:57:09,008	[INFO]	38      COMPILE_CODE_ERROR    None  [5 edit(s)]       
2023-06-24 20:58:22,901	[DEBUG]	LineDeletion(('core/Solver.cc', 'line', 1022)) | LineDeletion(('core/Solver.cc', 'line', 547)) | LineDeletion(('core/Solver.cc', 'line', 849))
2023-06-24 20:58:22,901	[INFO]	39      SUCCESS               70.6322 (100.2%) [3 edit(s)] 
2023-06-24 20:59:36,593	[DEBUG]	LineInsertion(('core/Solver.cc', '_inter_line', 383), ('core/Solver.cc', 'line', 90)) | LineDeletion(('core/Solver.cc', 'line', 1022)) | LineDeletion(('core/Solver.cc', 'line', 547)) | LineDeletion(('core/Solver.cc', 'line', 849)) | LineReplacement(('core/Solver.cc', 'line', 684), ('core/Solver.cc', 'line', 321))
2023-06-24 20:59:36,593	[INFO]	40      SUCCESS               70.5472 (100.08%) [5 edit(s)] 
2023-06-24 20:59:36,994	[DEBUG]	LineInsertion(('core/Solver.cc', '_inter_line', 383), ('core/Solver.cc', 'line', 90)) | LineDeletion(('core/Solver.cc', 'line', 1022)) | LineDeletion(('core/Solver.cc', 'line', 547)) | LineDeletion(('core/Solver.cc', 'line', 849)) | LineReplacement(('core/Solver.cc', 'line', 356), ('core/Solver.cc', 'line', 459))
2023-06-24 20:59:36,994	[INFO]	41      COMPILE_CODE_ERROR    None  [5 edit(s)]       
2023-06-24 21:00:49,758	[DEBUG]	LineInsertion(('core/Solver.cc', '_inter_line', 383), ('core/Solver.cc', 'line', 90)) | LineDeletion(('core/Solver.cc', 'line', 1022)) | LineDeletion(('core/Solver.cc', 'line', 547)) | LineDeletion(('core/Solver.cc', 'line', 849)) | LineDeletion(('core/Solver.cc', 'line', 127))
2023-06-24 21:00:49,759	[INFO]	42      SUCCESS               69.6324 (98.78%) [5 edit(s)] 
2023-06-24 21:02:02,981	[DEBUG]	LineInsertion(('core/Solver.cc', '_inter_line', 383), ('core/Solver.cc', 'line', 90)) | LineDeletion(('core/Solver.cc', 'line', 1022)) | LineDeletion(('core/Solver.cc', 'line', 547)) | LineDeletion(('core/Solver.cc', 'line', 849)) | LineReplacement(('core/Solver.cc', 'line', 638), ('core/Solver.cc', 'line', 580))
2023-06-24 21:02:02,981	[INFO]	43      SUCCESS               70.1154 (99.46%) [5 edit(s)] 
2023-06-24 21:03:15,823	[DEBUG]	LineInsertion(('core/Solver.cc', '_inter_line', 383), ('core/Solver.cc', 'line', 90)) | LineDeletion(('core/Solver.cc', 'line', 1022)) | LineDeletion(('core/Solver.cc', 'line', 547)) | LineDeletion(('core/Solver.cc', 'line', 849)) | LineInsertion(('core/Solver.cc', '_inter_line', 573), ('core/Solver.cc', 'line', 19))
2023-06-24 21:03:15,824	[INFO]	44      SUCCESS               69.633 (98.78%) [5 edit(s)] 
2023-06-24 21:03:16,151	[DEBUG]	LineInsertion(('core/Solver.cc', '_inter_line', 383), ('core/Solver.cc', 'line', 90)) | LineDeletion(('core/Solver.cc', 'line', 1022)) | LineDeletion(('core/Solver.cc', 'line', 547)) | LineDeletion(('core/Solver.cc', 'line', 849)) | LineReplacement(('core/Solver.cc', 'line', 124), ('core/Solver.cc', 'line', 774))
2023-06-24 21:03:16,151	[INFO]	45      COMPILE_CODE_ERROR    None  [5 edit(s)]       
2023-06-24 21:04:29,669	[DEBUG]	LineInsertion(('core/Solver.cc', '_inter_line', 383), ('core/Solver.cc', 'line', 90)) | LineDeletion(('core/Solver.cc', 'line', 1022)) | LineDeletion(('core/Solver.cc', 'line', 547)) | LineDeletion(('core/Solver.cc', 'line', 849)) | LineInsertion(('core/Solver.cc', '_inter_line', 194), ('core/Solver.cc', 'line', 144))
2023-06-24 21:04:29,670	[INFO]	46      SUCCESS               70.4084 (99.88%) [5 edit(s)] 
2023-06-24 21:05:44,365	[DEBUG]	LineInsertion(('core/Solver.cc', '_inter_line', 383), ('core/Solver.cc', 'line', 90)) | LineDeletion(('core/Solver.cc', 'line', 1022)) | LineDeletion(('core/Solver.cc', 'line', 547)) | LineDeletion(('core/Solver.cc', 'line', 849)) | LineInsertion(('core/Solver.cc', '_inter_line', 600), ('core/Solver.cc', 'line', 694))
2023-06-24 21:05:44,365	[INFO]	47      SUCCESS               71.4854 (101.41%) [5 edit(s)] 
2023-06-24 21:05:44,760	[DEBUG]	LineInsertion(('core/Solver.cc', '_inter_line', 383), ('core/Solver.cc', 'line', 90)) | LineDeletion(('core/Solver.cc', 'line', 1022)) | LineDeletion(('core/Solver.cc', 'line', 547)) | LineDeletion(('core/Solver.cc', 'line', 849)) | LineReplacement(('core/Solver.cc', 'line', 515), ('core/Solver.cc', 'line', 544))
2023-06-24 21:05:44,760	[INFO]	48      COMPILE_CODE_ERROR    None  [5 edit(s)]       
2023-06-24 21:06:58,074	[DEBUG]	LineInsertion(('core/Solver.cc', '_inter_line', 383), ('core/Solver.cc', 'line', 90)) | LineDeletion(('core/Solver.cc', 'line', 1022)) | LineDeletion(('core/Solver.cc', 'line', 547)) | LineDeletion(('core/Solver.cc', 'line', 849)) | LineDeletion(('core/Solver.cc', 'line', 301))
2023-06-24 21:06:58,075	[INFO]	49      SUCCESS               70.1673 (99.54%) [5 edit(s)] 
2023-06-24 21:08:11,343	[DEBUG]	LineInsertion(('core/Solver.cc', '_inter_line', 383), ('core/Solver.cc', 'line', 90)) | LineDeletion(('core/Solver.cc', 'line', 1022)) | LineDeletion(('core/Solver.cc', 'line', 547)) | LineDeletion(('core/Solver.cc', 'line', 849)) | LineInsertion(('core/Solver.cc', '_inter_line', 444), ('core/Solver.cc', 'line', 454))
2023-06-24 21:08:11,343	[INFO]	50      SUCCESS               69.9936 (99.29%) [5 edit(s)] 
2023-06-24 21:08:11,747	[DEBUG]	LineInsertion(('core/Solver.cc', '_inter_line', 383), ('core/Solver.cc', 'line', 90)) | LineDeletion(('core/Solver.cc', 'line', 1022)) | LineDeletion(('core/Solver.cc', 'line', 547)) | LineDeletion(('core/Solver.cc', 'line', 849)) | LineReplacement(('core/Solver.cc', 'line', 710), ('core/Solver.cc', 'line', 699))
2023-06-24 21:08:11,747	[INFO]	51      COMPILE_CODE_ERROR    None  [5 edit(s)]       
2023-06-24 21:09:26,559	[DEBUG]	LineInsertion(('core/Solver.cc', '_inter_line', 383), ('core/Solver.cc', 'line', 90)) | LineDeletion(('core/Solver.cc', 'line', 1022)) | LineDeletion(('core/Solver.cc', 'line', 547)) | LineDeletion(('core/Solver.cc', 'line', 849)) | LineReplacement(('core/Solver.cc', 'line', 927), ('core/Solver.cc', 'line', 205))
2023-06-24 21:09:26,559	[INFO]	52      SUCCESS               71.6337 (101.62%) [5 edit(s)] 
2023-06-24 21:09:26,965	[DEBUG]	LineInsertion(('core/Solver.cc', '_inter_line', 383), ('core/Solver.cc', 'line', 90)) | LineDeletion(('core/Solver.cc', 'line', 1022)) | LineDeletion(('core/Solver.cc', 'line', 547)) | LineDeletion(('core/Solver.cc', 'line', 849)) | LineInsertion(('core/Solver.cc', '_inter_line', 550), ('core/Solver.cc', 'line', 940))
2023-06-24 21:09:26,965	[INFO]	53      COMPILE_CODE_ERROR    None  [5 edit(s)]       
2023-06-24 21:10:39,947	[DEBUG]	LineInsertion(('core/Solver.cc', '_inter_line', 383), ('core/Solver.cc', 'line', 90)) | LineDeletion(('core/Solver.cc', 'line', 1022)) | LineDeletion(('core/Solver.cc', 'line', 547)) | LineDeletion(('core/Solver.cc', 'line', 849)) | LineDeletion(('core/Solver.cc', 'line', 479))
2023-06-24 21:10:39,948	[INFO]	54      SUCCESS               69.8919 (99.15%) [5 edit(s)] 
2023-06-24 21:10:40,334	[DEBUG]	LineInsertion(('core/Solver.cc', '_inter_line', 383), ('core/Solver.cc', 'line', 90)) | LineDeletion(('core/Solver.cc', 'line', 1022)) | LineDeletion(('core/Solver.cc', 'line', 547)) | LineDeletion(('core/Solver.cc', 'line', 849)) | LineReplacement(('core/Solver.cc', 'line', 830), ('core/Solver.cc', 'line', 417))
2023-06-24 21:10:40,335	[INFO]	55      COMPILE_CODE_ERROR    None  [5 edit(s)]       
2023-06-24 21:11:52,733	[DEBUG]	LineInsertion(('core/Solver.cc', '_inter_line', 383), ('core/Solver.cc', 'line', 90)) | LineDeletion(('core/Solver.cc', 'line', 1022)) | LineDeletion(('core/Solver.cc', 'line', 547)) | LineDeletion(('core/Solver.cc', 'line', 849)) | LineInsertion(('core/Solver.cc', '_inter_line', 184), ('core/Solver.cc', 'line', 920))
2023-06-24 21:11:52,734	[INFO]	56      SUCCESS              *69.3202 (98.34%) [5 edit(s)] 
2023-06-24 21:11:52,744	[DEBUG]	--- before: core/Solver.cc
+++ after: core/Solver.cc
@@ -182,6 +182,7 @@
       for (i = j = 0, p = lit_Undef; i < ps.size(); i++)
         fprintf(output, "%i ", (var(ps[i]) + 1) * (-2 * sign(ps[i]) + 1));
       fprintf(output, "0\n");
+// Writing CNF to DIMACS:
 
       fprintf(output, "d ");
       for (i = j = 0, p = lit_Undef; i < oc.size(); i++)
@@ -381,6 +382,7 @@
     }else if (ccmin_mode == 1){
         for (i = j = 1; i < out_learnt.size(); i++){
             Var x = var(out_learnt[i]);
+    // Parameters (experimental):
 
             if (reason(x) == CRef_Undef)
                 out_learnt[j++] = out_learnt[i];
@@ -545,7 +547,6 @@
             if (first != blocker && value(first) == l_True){
                 *j++ = w; continue; }
 
-            // Look for new watch:
             for (int k = 2; k < c.size(); k++)
                 if (value(c[k]) != l_False){
                     c[1] = c[k]; c[k] = false_lit;
@@ -847,7 +848,6 @@
 /*
   Finite subsequences of the Luby-sequence:
 
-  0: 1
   1: 1 1 2
   2: 1 1 2 1 1 2 4
   3: 1 1 2 1 1 2 4 1 1 2 1 1 2 4 8
@@ -1020,7 +1020,6 @@
     //
     for (int i = 0; i < trail.size(); i++){
         Var v = var(trail[i]);
-
         if (reason(v) != CRef_Undef && (ca[reason(v)].reloced() || locked(ca[reason(v)])))
             ca.reloc(vardata[v].reason, to);
     }

2023-06-24 21:11:53,105	[DEBUG]	LineInsertion(('core/Solver.cc', '_inter_line', 383), ('core/Solver.cc', 'line', 90)) | LineDeletion(('core/Solver.cc', 'line', 1022)) | LineDeletion(('core/Solver.cc', 'line', 547)) | LineDeletion(('core/Solver.cc', 'line', 849)) | LineInsertion(('core/Solver.cc', '_inter_line', 184), ('core/Solver.cc', 'line', 920)) | LineReplacement(('core/Solver.cc', 'line', 296), ('core/Solver.cc', 'line', 214))
2023-06-24 21:11:53,105	[INFO]	57      COMPILE_CODE_ERROR    None  [6 edit(s)]       
2023-06-24 21:13:06,668	[DEBUG]	LineInsertion(('core/Solver.cc', '_inter_line', 383), ('core/Solver.cc', 'line', 90)) | LineDeletion(('core/Solver.cc', 'line', 1022)) | LineDeletion(('core/Solver.cc', 'line', 547)) | LineDeletion(('core/Solver.cc', 'line', 849))
2023-06-24 21:13:06,669	[INFO]	58      SUCCESS               70.4043 (99.87%) [4 edit(s)] 
2023-06-24 21:13:07,079	[DEBUG]	LineInsertion(('core/Solver.cc', '_inter_line', 383), ('core/Solver.cc', 'line', 90)) | LineDeletion(('core/Solver.cc', 'line', 1022)) | LineDeletion(('core/Solver.cc', 'line', 547)) | LineDeletion(('core/Solver.cc', 'line', 849)) | LineInsertion(('core/Solver.cc', '_inter_line', 184), ('core/Solver.cc', 'line', 920)) | LineInsertion(('core/Solver.cc', '_inter_line', 994), ('core/Solver.cc', 'line', 427))
2023-06-24 21:13:07,079	[INFO]	59      COMPILE_CODE_ERROR    None  [6 edit(s)]       
2023-06-24 21:13:07,484	[DEBUG]	LineInsertion(('core/Solver.cc', '_inter_line', 383), ('core/Solver.cc', 'line', 90)) | LineDeletion(('core/Solver.cc', 'line', 1022)) | LineDeletion(('core/Solver.cc', 'line', 547)) | LineDeletion(('core/Solver.cc', 'line', 849)) | LineInsertion(('core/Solver.cc', '_inter_line', 184), ('core/Solver.cc', 'line', 920)) | LineReplacement(('core/Solver.cc', 'line', 646), ('core/Solver.cc', 'line', 510))
2023-06-24 21:13:07,485	[INFO]	60      COMPILE_CODE_ERROR    None  [6 edit(s)]       
2023-06-24 21:14:21,541	[DEBUG]	LineInsertion(('core/Solver.cc', '_inter_line', 383), ('core/Solver.cc', 'line', 90)) | LineDeletion(('core/Solver.cc', 'line', 1022)) | LineDeletion(('core/Solver.cc', 'line', 547)) | LineDeletion(('core/Solver.cc', 'line', 849)) | LineInsertion(('core/Solver.cc', '_inter_line', 184), ('core/Solver.cc', 'line', 920)) | LineDeletion(('core/Solver.cc', 'line', 738))
2023-06-24 21:14:21,542	[INFO]	61      SUCCESS               70.8497 (100.51%) [6 edit(s)] 
2023-06-24 21:15:34,240	[DEBUG]	LineInsertion(('core/Solver.cc', '_inter_line', 383), ('core/Solver.cc', 'line', 90)) | LineDeletion(('core/Solver.cc', 'line', 1022)) | LineDeletion(('core/Solver.cc', 'line', 547)) | LineDeletion(('core/Solver.cc', 'line', 849)) | LineInsertion(('core/Solver.cc', '_inter_line', 184), ('core/Solver.cc', 'line', 920)) | LineDeletion(('core/Solver.cc', 'line', 273))
2023-06-24 21:15:34,240	[INFO]	62      SUCCESS               69.5276 (98.63%) [6 edit(s)] 
2023-06-24 21:16:47,535	[DEBUG]	LineInsertion(('core/Solver.cc', '_inter_line', 383), ('core/Solver.cc', 'line', 90)) | LineDeletion(('core/Solver.cc', 'line', 1022)) | LineDeletion(('core/Solver.cc', 'line', 547)) | LineInsertion(('core/Solver.cc', '_inter_line', 184), ('core/Solver.cc', 'line', 920))
2023-06-24 21:16:47,535	[INFO]	63      SUCCESS               70.1257 (99.48%) [4 edit(s)] 
2023-06-24 21:18:03,912	[DEBUG]	LineInsertion(('core/Solver.cc', '_inter_line', 383), ('core/Solver.cc', 'line', 90)) | LineDeletion(('core/Solver.cc', 'line', 1022)) | LineDeletion(('core/Solver.cc', 'line', 547)) | LineDeletion(('core/Solver.cc', 'line', 849)) | LineInsertion(('core/Solver.cc', '_inter_line', 184), ('core/Solver.cc', 'line', 920)) | LineDeletion(('core/Solver.cc', 'line', 593))
2023-06-24 21:18:03,913	[INFO]	64      SUCCESS               73.1655 (103.79%) [6 edit(s)] 
2023-06-24 21:19:17,736	[DEBUG]	LineInsertion(('core/Solver.cc', '_inter_line', 383), ('core/Solver.cc', 'line', 90)) | LineDeletion(('core/Solver.cc', 'line', 1022)) | LineDeletion(('core/Solver.cc', 'line', 547)) | LineDeletion(('core/Solver.cc', 'line', 849)) | LineInsertion(('core/Solver.cc', '_inter_line', 184), ('core/Solver.cc', 'line', 920)) | LineInsertion(('core/Solver.cc', '_inter_line', 661), ('core/Solver.cc', 'line', 316))
2023-06-24 21:19:17,737	[INFO]	65      SUCCESS               70.5837 (100.13%) [6 edit(s)] 
2023-06-24 21:20:32,733	[DEBUG]	LineDeletion(('core/Solver.cc', 'line', 1022)) | LineDeletion(('core/Solver.cc', 'line', 547)) | LineDeletion(('core/Solver.cc', 'line', 849)) | LineInsertion(('core/Solver.cc', '_inter_line', 184), ('core/Solver.cc', 'line', 920))
2023-06-24 21:20:32,733	[INFO]	66      SUCCESS               71.7663 (101.81%) [4 edit(s)] 
2023-06-24 21:20:33,140	[DEBUG]	LineInsertion(('core/Solver.cc', '_inter_line', 383), ('core/Solver.cc', 'line', 90)) | LineDeletion(('core/Solver.cc', 'line', 1022)) | LineDeletion(('core/Solver.cc', 'line', 547)) | LineDeletion(('core/Solver.cc', 'line', 849)) | LineInsertion(('core/Solver.cc', '_inter_line', 184), ('core/Solver.cc', 'line', 920)) | LineReplacement(('core/Solver.cc', 'line', 202), ('core/Solver.cc', 'line', 576))
2023-06-24 21:20:33,141	[INFO]	67      COMPILE_CODE_ERROR    None  [6 edit(s)]       
2023-06-24 21:20:33,548	[DEBUG]	LineInsertion(('core/Solver.cc', '_inter_line', 383), ('core/Solver.cc', 'line', 90)) | LineDeletion(('core/Solver.cc', 'line', 1022)) | LineDeletion(('core/Solver.cc', 'line', 547)) | LineDeletion(('core/Solver.cc', 'line', 849)) | LineInsertion(('core/Solver.cc', '_inter_line', 184), ('core/Solver.cc', 'line', 920)) | LineDeletion(('core/Solver.cc', 'line', 484))
2023-06-24 21:20:33,549	[INFO]	68      COMPILE_CODE_ERROR    None  [6 edit(s)]       
2023-06-24 21:21:47,275	[DEBUG]	LineInsertion(('core/Solver.cc', '_inter_line', 383), ('core/Solver.cc', 'line', 90)) | LineDeletion(('core/Solver.cc', 'line', 547)) | LineDeletion(('core/Solver.cc', 'line', 849)) | LineInsertion(('core/Solver.cc', '_inter_line', 184), ('core/Solver.cc', 'line', 920))
2023-06-24 21:21:47,275	[INFO]	69      SUCCESS               70.5334 (100.06%) [4 edit(s)] 
2023-06-24 21:21:47,690	[DEBUG]	LineInsertion(('core/Solver.cc', '_inter_line', 383), ('core/Solver.cc', 'line', 90)) | LineDeletion(('core/Solver.cc', 'line', 1022)) | LineDeletion(('core/Solver.cc', 'line', 547)) | LineDeletion(('core/Solver.cc', 'line', 849)) | LineInsertion(('core/Solver.cc', '_inter_line', 184), ('core/Solver.cc', 'line', 920)) | LineDeletion(('core/Solver.cc', 'line', 544))
2023-06-24 21:21:47,691	[INFO]	70      COMPILE_CODE_ERROR    None  [6 edit(s)]       
2023-06-24 21:21:48,097	[DEBUG]	LineInsertion(('core/Solver.cc', '_inter_line', 383), ('core/Solver.cc', 'line', 90)) | LineDeletion(('core/Solver.cc', 'line', 1022)) | LineDeletion(('core/Solver.cc', 'line', 547)) | LineDeletion(('core/Solver.cc', 'line', 849)) | LineInsertion(('core/Solver.cc', '_inter_line', 184), ('core/Solver.cc', 'line', 920)) | LineReplacement(('core/Solver.cc', 'line', 425), ('core/Solver.cc', 'line', 975))
2023-06-24 21:21:48,097	[INFO]	71      COMPILE_CODE_ERROR    None  [6 edit(s)]       
2023-06-24 21:21:48,510	[DEBUG]	LineInsertion(('core/Solver.cc', '_inter_line', 383), ('core/Solver.cc', 'line', 90)) | LineDeletion(('core/Solver.cc', 'line', 1022)) | LineDeletion(('core/Solver.cc', 'line', 547)) | LineDeletion(('core/Solver.cc', 'line', 849)) | LineInsertion(('core/Solver.cc', '_inter_line', 184), ('core/Solver.cc', 'line', 920)) | LineReplacement(('core/Solver.cc', 'line', 195), ('core/Solver.cc', 'line', 689))
2023-06-24 21:21:48,510	[INFO]	72      COMPILE_CODE_ERROR    None  [6 edit(s)]       
2023-06-24 21:23:03,060	[DEBUG]	LineInsertion(('core/Solver.cc', '_inter_line', 383), ('core/Solver.cc', 'line', 90)) | LineDeletion(('core/Solver.cc', 'line', 1022)) | LineDeletion(('core/Solver.cc', 'line', 547)) | LineDeletion(('core/Solver.cc', 'line', 849)) | LineInsertion(('core/Solver.cc', '_inter_line', 184), ('core/Solver.cc', 'line', 920)) | LineDeletion(('core/Solver.cc', 'line', 265))
2023-06-24 21:23:03,060	[INFO]	73      SUCCESS               71.2278 (101.04%) [6 edit(s)] 
2023-06-24 21:24:17,000	[DEBUG]	LineInsertion(('core/Solver.cc', '_inter_line', 383), ('core/Solver.cc', 'line', 90)) | LineDeletion(('core/Solver.cc', 'line', 1022)) | LineDeletion(('core/Solver.cc', 'line', 849)) | LineInsertion(('core/Solver.cc', '_inter_line', 184), ('core/Solver.cc', 'line', 920))
2023-06-24 21:24:17,001	[INFO]	74      SUCCESS               70.7627 (100.38%) [4 edit(s)] 
2023-06-24 21:25:32,085	[DEBUG]	LineInsertion(('core/Solver.cc', '_inter_line', 383), ('core/Solver.cc', 'line', 90)) | LineDeletion(('core/Solver.cc', 'line', 1022)) | LineDeletion(('core/Solver.cc', 'line', 547)) | LineDeletion(('core/Solver.cc', 'line', 849)) | LineInsertion(('core/Solver.cc', '_inter_line', 184), ('core/Solver.cc', 'line', 920)) | LineDeletion(('core/Solver.cc', 'line', 619))
2023-06-24 21:25:32,086	[INFO]	75      SUCCESS               71.8454 (101.92%) [6 edit(s)] 
2023-06-24 21:26:46,688	[DEBUG]	LineInsertion(('core/Solver.cc', '_inter_line', 383), ('core/Solver.cc', 'line', 90)) | LineDeletion(('core/Solver.cc', 'line', 1022)) | LineDeletion(('core/Solver.cc', 'line', 547)) | LineDeletion(('core/Solver.cc', 'line', 849)) | LineInsertion(('core/Solver.cc', '_inter_line', 184), ('core/Solver.cc', 'line', 920)) | LineDeletion(('core/Solver.cc', 'line', 922))
2023-06-24 21:26:46,688	[INFO]	76      SUCCESS               71.4013 (101.29%) [6 edit(s)] 
2023-06-24 21:28:00,468	[DEBUG]	LineInsertion(('core/Solver.cc', '_inter_line', 383), ('core/Solver.cc', 'line', 90)) | LineDeletion(('core/Solver.cc', 'line', 1022)) | LineDeletion(('core/Solver.cc', 'line', 547)) | LineDeletion(('core/Solver.cc', 'line', 849)) | LineInsertion(('core/Solver.cc', '_inter_line', 184), ('core/Solver.cc', 'line', 920)) | LineDeletion(('core/Solver.cc', 'line', 127))
2023-06-24 21:28:00,468	[INFO]	77      SUCCESS               70.5819 (100.13%) [6 edit(s)] 
2023-06-24 21:29:15,615	[DEBUG]	LineInsertion(('core/Solver.cc', '_inter_line', 383), ('core/Solver.cc', 'line', 90)) | LineDeletion(('core/Solver.cc', 'line', 1022)) | LineDeletion(('core/Solver.cc', 'line', 547)) | LineDeletion(('core/Solver.cc', 'line', 849)) | LineInsertion(('core/Solver.cc', '_inter_line', 184), ('core/Solver.cc', 'line', 920)) | LineDeletion(('core/Solver.cc', 'line', 913))
2023-06-24 21:29:15,616	[INFO]	78      SUCCESS               71.9598 (102.08%) [6 edit(s)] 
2023-06-24 21:30:29,383	[DEBUG]	LineInsertion(('core/Solver.cc', '_inter_line', 383), ('core/Solver.cc', 'line', 90)) | LineDeletion(('core/Solver.cc', 'line', 1022)) | LineDeletion(('core/Solver.cc', 'line', 547)) | LineDeletion(('core/Solver.cc', 'line', 849)) | LineInsertion(('core/Solver.cc', '_inter_line', 184), ('core/Solver.cc', 'line', 920)) | LineInsertion(('core/Solver.cc', '_inter_line', 237), ('core/Solver.cc', 'line', 804))
2023-06-24 21:30:29,383	[INFO]	79      SUCCESS               70.5632 (100.1%) [6 edit(s)] 
2023-06-24 21:30:29,790	[DEBUG]	LineInsertion(('core/Solver.cc', '_inter_line', 383), ('core/Solver.cc', 'line', 90)) | LineDeletion(('core/Solver.cc', 'line', 1022)) | LineDeletion(('core/Solver.cc', 'line', 547)) | LineDeletion(('core/Solver.cc', 'line', 849)) | LineInsertion(('core/Solver.cc', '_inter_line', 184), ('core/Solver.cc', 'line', 920)) | LineReplacement(('core/Solver.cc', 'line', 977), ('core/Solver.cc', 'line', 958))
2023-06-24 21:30:29,791	[INFO]	80      COMPILE_CODE_ERROR    None  [6 edit(s)]       
2023-06-24 21:31:43,146	[DEBUG]	LineInsertion(('core/Solver.cc', '_inter_line', 383), ('core/Solver.cc', 'line', 90)) | LineDeletion(('core/Solver.cc', 'line', 1022)) | LineDeletion(('core/Solver.cc', 'line', 547)) | LineDeletion(('core/Solver.cc', 'line', 849)) | LineInsertion(('core/Solver.cc', '_inter_line', 184), ('core/Solver.cc', 'line', 920)) | LineReplacement(('core/Solver.cc', 'line', 985), ('core/Solver.cc', 'line', 913))
2023-06-24 21:31:43,146	[INFO]	81      SUCCESS               70.1536 (99.52%) [6 edit(s)] 
2023-06-24 21:33:03,810	[DEBUG]	LineInsertion(('core/Solver.cc', '_inter_line', 383), ('core/Solver.cc', 'line', 90)) | LineDeletion(('core/Solver.cc', 'line', 1022)) | LineDeletion(('core/Solver.cc', 'line', 547)) | LineDeletion(('core/Solver.cc', 'line', 849)) | LineInsertion(('core/Solver.cc', '_inter_line', 184), ('core/Solver.cc', 'line', 920)) | LineReplacement(('core/Solver.cc', 'line', 658), ('core/Solver.cc', 'line', 815))
2023-06-24 21:33:03,810	[INFO]	82      SUCCESS               77.4947 (109.93%) [6 edit(s)] 
2023-06-24 21:33:04,213	[DEBUG]	LineInsertion(('core/Solver.cc', '_inter_line', 383), ('core/Solver.cc', 'line', 90)) | LineDeletion(('core/Solver.cc', 'line', 1022)) | LineDeletion(('core/Solver.cc', 'line', 547)) | LineDeletion(('core/Solver.cc', 'line', 849)) | LineInsertion(('core/Solver.cc', '_inter_line', 184), ('core/Solver.cc', 'line', 920)) | LineInsertion(('core/Solver.cc', '_inter_line', 1051), ('core/Solver.cc', 'line', 313))
2023-06-24 21:33:04,213	[INFO]	83      COMPILE_CODE_ERROR    None  [6 edit(s)]       
2023-06-24 21:33:04,620	[DEBUG]	LineInsertion(('core/Solver.cc', '_inter_line', 383), ('core/Solver.cc', 'line', 90)) | LineDeletion(('core/Solver.cc', 'line', 1022)) | LineDeletion(('core/Solver.cc', 'line', 547)) | LineDeletion(('core/Solver.cc', 'line', 849)) | LineInsertion(('core/Solver.cc', '_inter_line', 184), ('core/Solver.cc', 'line', 920)) | LineReplacement(('core/Solver.cc', 'line', 79), ('core/Solver.cc', 'line', 101))
2023-06-24 21:33:04,620	[INFO]	84      COMPILE_CODE_ERROR    None  [6 edit(s)]       
2023-06-24 21:33:05,023	[DEBUG]	LineInsertion(('core/Solver.cc', '_inter_line', 383), ('core/Solver.cc', 'line', 90)) | LineDeletion(('core/Solver.cc', 'line', 1022)) | LineDeletion(('core/Solver.cc', 'line', 547)) | LineDeletion(('core/Solver.cc', 'line', 849)) | LineInsertion(('core/Solver.cc', '_inter_line', 184), ('core/Solver.cc', 'line', 920)) | LineInsertion(('core/Solver.cc', '_inter_line', 124), ('core/Solver.cc', 'line', 782))
2023-06-24 21:33:05,023	[INFO]	85      COMPILE_CODE_ERROR    None  [6 edit(s)]       
2023-06-24 21:33:05,430	[DEBUG]	LineInsertion(('core/Solver.cc', '_inter_line', 383), ('core/Solver.cc', 'line', 90)) | LineDeletion(('core/Solver.cc', 'line', 1022)) | LineDeletion(('core/Solver.cc', 'line', 547)) | LineDeletion(('core/Solver.cc', 'line', 849)) | LineInsertion(('core/Solver.cc', '_inter_line', 184), ('core/Solver.cc', 'line', 920)) | LineDeletion(('core/Solver.cc', 'line', 834))
2023-06-24 21:33:05,431	[INFO]	86      COMPILE_CODE_ERROR    None  [6 edit(s)]       
2023-06-24 21:33:05,833	[DEBUG]	LineInsertion(('core/Solver.cc', '_inter_line', 383), ('core/Solver.cc', 'line', 90)) | LineDeletion(('core/Solver.cc', 'line', 1022)) | LineDeletion(('core/Solver.cc', 'line', 547)) | LineDeletion(('core/Solver.cc', 'line', 849)) | LineInsertion(('core/Solver.cc', '_inter_line', 184), ('core/Solver.cc', 'line', 920)) | LineInsertion(('core/Solver.cc', '_inter_line', 889), ('core/Solver.cc', 'line', 114))
2023-06-24 21:33:05,834	[INFO]	87      COMPILE_CODE_ERROR    None  [6 edit(s)]       
2023-06-24 21:34:19,490	[DEBUG]	LineInsertion(('core/Solver.cc', '_inter_line', 383), ('core/Solver.cc', 'line', 90)) | LineDeletion(('core/Solver.cc', 'line', 1022)) | LineDeletion(('core/Solver.cc', 'line', 547)) | LineDeletion(('core/Solver.cc', 'line', 849)) | LineInsertion(('core/Solver.cc', '_inter_line', 184), ('core/Solver.cc', 'line', 920)) | LineReplacement(('core/Solver.cc', 'line', 845), ('core/Solver.cc', 'line', 540))
2023-06-24 21:34:19,490	[INFO]	88      SUCCESS               70.449 (99.94%) [6 edit(s)] 
2023-06-24 21:34:23,724	[DEBUG]	LineInsertion(('core/Solver.cc', '_inter_line', 383), ('core/Solver.cc', 'line', 90)) | LineDeletion(('core/Solver.cc', 'line', 1022)) | LineDeletion(('core/Solver.cc', 'line', 547)) | LineDeletion(('core/Solver.cc', 'line', 849)) | LineInsertion(('core/Solver.cc', '_inter_line', 184), ('core/Solver.cc', 'line', 920)) | LineInsertion(('core/Solver.cc', '_inter_line', 378), ('core/Solver.cc', 'line', 142))
2023-06-24 21:34:23,725	[INFO]	89      RUN_CODE_ERROR        None  [6 edit(s)]       
2023-06-24 21:34:24,215	[DEBUG]	LineInsertion(('core/Solver.cc', '_inter_line', 383), ('core/Solver.cc', 'line', 90)) | LineDeletion(('core/Solver.cc', 'line', 1022)) | LineDeletion(('core/Solver.cc', 'line', 547)) | LineDeletion(('core/Solver.cc', 'line', 849)) | LineInsertion(('core/Solver.cc', '_inter_line', 184), ('core/Solver.cc', 'line', 920)) | LineReplacement(('core/Solver.cc', 'line', 887), ('core/Solver.cc', 'line', 312))
2023-06-24 21:34:24,216	[INFO]	90      COMPILE_CODE_ERROR    None  [6 edit(s)]       
2023-06-24 21:34:24,621	[DEBUG]	LineInsertion(('core/Solver.cc', '_inter_line', 383), ('core/Solver.cc', 'line', 90)) | LineDeletion(('core/Solver.cc', 'line', 1022)) | LineDeletion(('core/Solver.cc', 'line', 547)) | LineDeletion(('core/Solver.cc', 'line', 849)) | LineInsertion(('core/Solver.cc', '_inter_line', 184), ('core/Solver.cc', 'line', 920)) | LineDeletion(('core/Solver.cc', 'line', 837))
2023-06-24 21:34:24,622	[INFO]	91      COMPILE_CODE_ERROR    None  [6 edit(s)]       
2023-06-24 21:35:37,668	[DEBUG]	LineInsertion(('core/Solver.cc', '_inter_line', 383), ('core/Solver.cc', 'line', 90)) | LineDeletion(('core/Solver.cc', 'line', 1022)) | LineDeletion(('core/Solver.cc', 'line', 547)) | LineDeletion(('core/Solver.cc', 'line', 849)) | LineInsertion(('core/Solver.cc', '_inter_line', 184), ('core/Solver.cc', 'line', 920)) | LineInsertion(('core/Solver.cc', '_inter_line', 537), ('core/Solver.cc', 'line', 979))
2023-06-24 21:35:37,668	[INFO]	92      SUCCESS               69.8938 (99.15%) [6 edit(s)] 
2023-06-24 21:36:50,797	[DEBUG]	LineInsertion(('core/Solver.cc', '_inter_line', 383), ('core/Solver.cc', 'line', 90)) | LineDeletion(('core/Solver.cc', 'line', 1022)) | LineDeletion(('core/Solver.cc', 'line', 547)) | LineDeletion(('core/Solver.cc', 'line', 849)) | LineInsertion(('core/Solver.cc', '_inter_line', 184), ('core/Solver.cc', 'line', 920)) | LineDeletion(('core/Solver.cc', 'line', 168))
2023-06-24 21:36:50,797	[INFO]	93      SUCCESS               69.9849 (99.28%) [6 edit(s)] 
2023-06-24 21:36:50,806	[INFO]	==== END ====
2023-06-24 21:36:50,806	[INFO]	Reason: time budget
2023-06-24 21:36:50,807	[INFO]	
2023-06-24 21:36:50,807	[INFO]	==== REPORT ====
2023-06-24 21:36:50,807	[INFO]	Termination: time budget
2023-06-24 21:36:50,807	[INFO]	Log file: /home/tsongpet/MSc-SSE-GI-project/_magpie_logs/minisat-hack_1687635135.log
2023-06-24 21:36:50,815	[INFO]	Patch file: _magpie_logs/minisat-hack_1687635135.patch
2023-06-24 21:36:50,815	[INFO]	Diff file: _magpie_logs/minisat-hack_1687635135.diff
2023-06-24 21:36:50,815	[INFO]	Best fitness: 69.3202
2023-06-24 21:36:50,816	[INFO]	Best patch: LineInsertion(('core/Solver.cc', '_inter_line', 383), ('core/Solver.cc', 'line', 90)) | LineDeletion(('core/Solver.cc', 'line', 1022)) | LineDeletion(('core/Solver.cc', 'line', 547)) | LineDeletion(('core/Solver.cc', 'line', 849)) | LineInsertion(('core/Solver.cc', '_inter_line', 184), ('core/Solver.cc', 'line', 920))
2023-06-24 21:36:50,816	[INFO]	Diff:
--- before: core/Solver.cc
+++ after: core/Solver.cc
@@ -182,6 +182,7 @@
       for (i = j = 0, p = lit_Undef; i < ps.size(); i++)
         fprintf(output, "%i ", (var(ps[i]) + 1) * (-2 * sign(ps[i]) + 1));
       fprintf(output, "0\n");
+// Writing CNF to DIMACS:
 
       fprintf(output, "d ");
       for (i = j = 0, p = lit_Undef; i < oc.size(); i++)
@@ -381,6 +382,7 @@
     }else if (ccmin_mode == 1){
         for (i = j = 1; i < out_learnt.size(); i++){
             Var x = var(out_learnt[i]);
+    // Parameters (experimental):
 
             if (reason(x) == CRef_Undef)
                 out_learnt[j++] = out_learnt[i];
@@ -545,7 +547,6 @@
             if (first != blocker && value(first) == l_True){
                 *j++ = w; continue; }
 
-            // Look for new watch:
             for (int k = 2; k < c.size(); k++)
                 if (value(c[k]) != l_False){
                     c[1] = c[k]; c[k] = false_lit;
@@ -847,7 +848,6 @@
 /*
   Finite subsequences of the Luby-sequence:
 
-  0: 1
   1: 1 1 2
   2: 1 1 2 1 1 2 4
   3: 1 1 2 1 1 2 4 1 1 2 1 1 2 4 8
@@ -1020,7 +1020,6 @@
     //
     for (int i = 0; i < trail.size(); i++){
         Var v = var(trail[i]);
-
         if (reason(v) != CRef_Undef && (ca[reason(v)].reloced() || locked(ca[reason(v)])))
             ca.reloc(vardata[v].reason, to);
     }

