2023-06-21 11:50:21,600	[DEBUG]	==== CONFIG ====
[magpie]
import = 
seed = 
log_dir = _magpie_logs
work_dir = _magpie_work
local_original_copy = False
local_original_name = __original__
output_encoding = ascii
edit_retries = 10
default_timeout = 30
default_lengthout = 1e6
diff_method = unified

[software]
path = code/minisat-hack
target_files = 
	core/Solver.cc
program = BasicProgram
engine_rules = 
	*.params : ConfigFileParamsEngine
	*.xml : SrcmlEngine
	* : LineEngine
engine_config = 
	*.params : [params]
	*.xml : [srcml]
setup_cmd = 
setup_timeout = 
setup_lengthout = 
compile_cmd = ./compile.sh
compile_timeout = 20
compile_lengthout = 
test_cmd = 
test_timeout = 
test_lengthout = 
run_cmd = perf stat run-sh/train_1.sh
run_timeout = 73
run_lengthout = 
fitness = perf_time

[srcml]
rename = 
	stmt: break continue decl_stmt do expr_stmt for goto if return switch while
	number: literal_number
focus = block stmt operator_comp operator_arith number
internodes = block
process_pseudo_blocks = True
process_literals = True
process_operators = True

[params]
timing = test run
cli_prefix = --
cli_glue = =
cli_boolean = show
cli_boolean_prefix_true = 
cli_boolean_prefix_false = no-
silent_prefix = @
silent_suffix = $

[search]
protocol = BasicProtocol
algorithm = FirstImprovement
possible_edits = 
	LineReplacement
	LineInsertion
	LineDeletion
warmup = 3
warmup_strategy = last
max_steps = 1000
max_time = 4737
target_fitness = 
cache_maxsize = 40
cache_keep = 0.2

[search.ls]
delete_prob = 0.5
max_neighbours = 
when_trapped = continue
accept_fail = False
tabu_length = 10

[search.gp]
pop_size = 10
delete_prob = 0.5
offspring_elitism = 0.1
offspring_crossover = 0.5
offspring_mutation = 0.4
uniform_rate = 0.5


2023-06-21 11:50:21,600	[INFO]	==== WARMUP ====
2023-06-21 11:51:36,490	[INFO]	WARM    SUCCESS               66.4077                 
2023-06-21 11:52:46,502	[INFO]	WARM    SUCCESS               66.7233                 
2023-06-21 11:53:56,532	[INFO]	WARM    SUCCESS               66.8111                 
2023-06-21 11:53:56,533	[INFO]	INITIAL SUCCESS               66.8111                 
2023-06-21 11:53:56,533	[INFO]	==== START: FirstImprovement ====
2023-06-21 11:55:12,796	[DEBUG]	LineDeletion(('core/Solver.cc', 'line', 242))
2023-06-21 11:55:12,797	[INFO]	1       RUN_TIMEOUT           None  [1 edit(s)]       
2023-06-21 11:55:13,193	[DEBUG]	LineInsertion(('core/Solver.cc', '_inter_line', 55), ('core/Solver.cc', 'line', 917))
2023-06-21 11:55:13,193	[INFO]	2       COMPILE_CODE_ERROR    None  [1 edit(s)]       
2023-06-21 11:55:13,593	[DEBUG]	LineInsertion(('core/Solver.cc', '_inter_line', 147), ('core/Solver.cc', 'line', 849))
2023-06-21 11:55:13,593	[INFO]	3       COMPILE_CODE_ERROR    None  [1 edit(s)]       
2023-06-21 11:55:13,974	[DEBUG]	LineReplacement(('core/Solver.cc', 'line', 127), ('core/Solver.cc', 'line', 236))
2023-06-21 11:55:13,975	[INFO]	4       COMPILE_CODE_ERROR    None  [1 edit(s)]       
2023-06-21 11:55:14,357	[DEBUG]	LineReplacement(('core/Solver.cc', 'line', 406), ('core/Solver.cc', 'line', 811))
2023-06-21 11:55:14,358	[INFO]	5       COMPILE_CODE_ERROR    None  [1 edit(s)]       
2023-06-21 11:55:14,703	[DEBUG]	LineDeletion(('core/Solver.cc', 'line', 485))
2023-06-21 11:55:14,703	[INFO]	6       COMPILE_CODE_ERROR    None  [1 edit(s)]       
2023-06-21 11:56:24,982	[DEBUG]	LineDeletion(('core/Solver.cc', 'line', 472))
2023-06-21 11:56:24,983	[INFO]	7       SUCCESS               67.1468 (100.5%) [1 edit(s)] 
2023-06-21 11:56:25,376	[DEBUG]	LineReplacement(('core/Solver.cc', 'line', 1002), ('core/Solver.cc', 'line', 1001))
2023-06-21 11:56:25,376	[INFO]	8       COMPILE_CODE_ERROR    None  [1 edit(s)]       
2023-06-21 11:56:25,752	[DEBUG]	LineInsertion(('core/Solver.cc', '_inter_line', 1004), ('core/Solver.cc', 'line', 733))
2023-06-21 11:56:25,753	[INFO]	9       COMPILE_CODE_ERROR    None  [1 edit(s)]       
2023-06-21 11:56:28,468	[DEBUG]	LineReplacement(('core/Solver.cc', 'line', 315), ('core/Solver.cc', 'line', 1027))
2023-06-21 11:56:28,469	[INFO]	10      COMPILE_CODE_ERROR    None  [1 edit(s)]       
2023-06-21 11:57:38,532	[DEBUG]	LineDeletion(('core/Solver.cc', 'line', 6))
2023-06-21 11:57:38,533	[INFO]	11      SUCCESS               66.9576 (100.22%) [1 edit(s)] 
2023-06-21 11:57:38,899	[DEBUG]	LineInsertion(('core/Solver.cc', '_inter_line', 211), ('core/Solver.cc', 'line', 313))
2023-06-21 11:57:38,900	[INFO]	12      COMPILE_CODE_ERROR    None  [1 edit(s)]       
2023-06-21 11:57:39,275	[DEBUG]	LineReplacement(('core/Solver.cc', 'line', 415), ('core/Solver.cc', 'line', 1024))
2023-06-21 11:57:39,275	[INFO]	13      COMPILE_CODE_ERROR    None  [1 edit(s)]       
2023-06-21 11:57:39,645	[DEBUG]	LineInsertion(('core/Solver.cc', '_inter_line', 217), ('core/Solver.cc', 'line', 108))
2023-06-21 11:57:39,646	[INFO]	14      COMPILE_CODE_ERROR    None  [1 edit(s)]       
2023-06-21 11:57:40,023	[DEBUG]	LineReplacement(('core/Solver.cc', 'line', 434), ('core/Solver.cc', 'line', 599))
2023-06-21 11:57:40,024	[INFO]	15      COMPILE_CODE_ERROR    None  [1 edit(s)]       
2023-06-21 11:58:49,745	[DEBUG]	LineInsertion(('core/Solver.cc', '_inter_line', 372), ('core/Solver.cc', 'line', 120))
2023-06-21 11:58:49,745	[INFO]	16      SUCCESS              *66.6797 (99.8%) [1 edit(s)] 
2023-06-21 11:58:49,753	[DEBUG]	--- before: core/Solver.cc
+++ after: core/Solver.cc
@@ -370,6 +370,7 @@
     int i, j;
     out_learnt.copyTo(analyze_toclear);
     if (ccmin_mode == 2){
+    R = (double)opt_R;
         uint32_t abstract_level = 0;
         for (i = 1; i < out_learnt.size(); i++)
             abstract_level |= abstractLevel(var(out_learnt[i])); // (maintain an abstraction of levels involved in conflict)

2023-06-21 11:58:49,760	[DEBUG]	
2023-06-21 11:58:49,760	[INFO]	17      SUCCESS               66.8111 (100.0%) [0 edit(s)] 
2023-06-21 11:58:50,153	[DEBUG]	LineInsertion(('core/Solver.cc', '_inter_line', 372), ('core/Solver.cc', 'line', 120)) | LineInsertion(('core/Solver.cc', '_inter_line', 492), ('core/Solver.cc', 'line', 622))
2023-06-21 11:58:50,154	[INFO]	18      COMPILE_CODE_ERROR    None  [2 edit(s)]       
2023-06-21 11:58:50,551	[DEBUG]	LineInsertion(('core/Solver.cc', '_inter_line', 372), ('core/Solver.cc', 'line', 120)) | LineInsertion(('core/Solver.cc', '_inter_line', 372), ('core/Solver.cc', 'line', 648))
2023-06-21 11:58:50,552	[INFO]	19      COMPILE_CODE_ERROR    None  [2 edit(s)]       
2023-06-21 11:58:50,946	[DEBUG]	LineInsertion(('core/Solver.cc', '_inter_line', 372), ('core/Solver.cc', 'line', 120)) | LineDeletion(('core/Solver.cc', 'line', 757))
2023-06-21 11:58:50,946	[INFO]	20      COMPILE_CODE_ERROR    None  [2 edit(s)]       
2023-06-21 12:00:01,566	[DEBUG]	LineInsertion(('core/Solver.cc', '_inter_line', 372), ('core/Solver.cc', 'line', 120)) | LineDeletion(('core/Solver.cc', 'line', 1022))
2023-06-21 12:00:01,567	[INFO]	21      SUCCESS               67.3998 (100.88%) [2 edit(s)] 
2023-06-21 12:00:01,979	[DEBUG]	LineInsertion(('core/Solver.cc', '_inter_line', 372), ('core/Solver.cc', 'line', 120)) | LineInsertion(('core/Solver.cc', '_inter_line', 619), ('core/Solver.cc', 'line', 754))
2023-06-21 12:00:01,979	[INFO]	22      COMPILE_CODE_ERROR    None  [2 edit(s)]       
2023-06-21 12:01:13,071	[DEBUG]	LineInsertion(('core/Solver.cc', '_inter_line', 372), ('core/Solver.cc', 'line', 120)) | LineReplacement(('core/Solver.cc', 'line', 183), ('core/Solver.cc', 'line', 527))
2023-06-21 12:01:13,072	[INFO]	23      SUCCESS               67.8413 (101.54%) [2 edit(s)] 
2023-06-21 12:01:28,720	[INFO]	==== END ====
2023-06-21 12:01:28,721	[INFO]	Reason: keyboard interrupt
2023-06-21 12:01:28,721	[INFO]	
2023-06-21 12:01:28,721	[INFO]	==== REPORT ====
2023-06-21 12:01:28,721	[INFO]	Termination: keyboard interrupt
2023-06-21 12:01:28,722	[INFO]	Log file: /home/tsongpet/MSc-SSE-GI-project/_magpie_logs/minisat-hack_1687344621.log
2023-06-21 12:01:28,735	[INFO]	Patch file: _magpie_logs/minisat-hack_1687344621.patch
2023-06-21 12:01:28,736	[INFO]	Diff file: _magpie_logs/minisat-hack_1687344621.diff
2023-06-21 12:01:28,736	[INFO]	Best fitness: 66.6797
2023-06-21 12:01:28,736	[INFO]	Best patch: LineInsertion(('core/Solver.cc', '_inter_line', 372), ('core/Solver.cc', 'line', 120))
2023-06-21 12:01:28,736	[INFO]	Diff:
--- before: core/Solver.cc
+++ after: core/Solver.cc
@@ -370,6 +370,7 @@
     int i, j;
     out_learnt.copyTo(analyze_toclear);
     if (ccmin_mode == 2){
+    R = (double)opt_R;
         uint32_t abstract_level = 0;
         for (i = 1; i < out_learnt.size(); i++)
             abstract_level |= abstractLevel(var(out_learnt[i])); // (maintain an abstraction of levels involved in conflict)

