2023-07-15 19:10:31,765	[DEBUG]	==== CONFIG ====
[magpie]
import = 
seed = 
log_dir = _magpie_logs
work_dir = _magpie_work
local_original_copy = False
local_original_name = __original__
output_encoding = ascii
edit_retries = 10
default_timeout = 30
default_lengthout = 1e6
diff_method = unified

[software]
path = code/minisat-hack
target_files = 
	core/Solver.cc.xml
	minisat.params
program = BasicProgram
engine_rules = 
	*.params : ConfigFileParamsEngine
	*.xml : SrcmlEngine
	* : LineEngine
engine_config = 
	*.params : [params]
	*.xml : [srcml]
setup_cmd = ./compile.sh
setup_timeout = 
setup_lengthout = 
compile_cmd = ./compile.sh
compile_timeout = 15
compile_lengthout = 
test_cmd = 
test_timeout = 
test_lengthout = 
run_cmd = perf stat run-sh/validate_7.sh
run_timeout = 1290
run_lengthout = 
fitness = perf_time

[srcml]
rename = 
	stmt: break continue decl_stmt do expr_stmt for goto if return switch while
	number: literal_number
focus = block stmt operator_comp operator_arith number
internodes = block
process_pseudo_blocks = True
process_literals = True
process_operators = True

[params]
timing = test run
cli_prefix = --
cli_glue = =
cli_boolean = show
cli_boolean_prefix_true = 
cli_boolean_prefix_false = no-
silent_prefix = @
silent_suffix = $

[search]
protocol = BasicProtocol
algorithm = ValidRankingSimplify
possible_edits = 
	ParamSetting
warmup = 3
warmup_strategy = last
max_steps = 
max_time = 
target_fitness = 
cache_maxsize = 40
cache_keep = 0.2

[search.ls]
delete_prob = 0.5
max_neighbours = 
when_trapped = continue
accept_fail = False
tabu_length = 10

[search.gp]
pop_size = 10
delete_prob = 0.5
offspring_elitism = 0.1
offspring_crossover = 0.5
offspring_mutation = 0.4
uniform_rate = 0.5


2023-07-15 19:10:31,765	[INFO]	==== WARMUP ====
2023-07-15 19:27:18,075	[INFO]	WARM    SUCCESS               996.3049                
2023-07-15 19:44:06,819	[INFO]	WARM    SUCCESS               1005.1494               
2023-07-15 20:00:52,954	[INFO]	WARM    SUCCESS               1002.6646               
2023-07-15 20:00:52,954	[INFO]	INITIAL SUCCESS               1002.6646               
2023-07-15 20:00:52,954	[INFO]	==== START: ValidRankingSimplify ====
2023-07-15 20:00:53,035	[DEBUG]	CLEAN_PATCH: ParamSetting(('minisat.params', 'rnd-freq'), 0.042455564180815974) | ParamSetting(('minisat.params', 'cp-increase'), 5626) | ParamSetting(('minisat.params', 'grow'), -615) | ParamSetting(('minisat.params', 'cla-decay'), 0.5286312099373176) | ParamSetting(('minisat.params', 'cl-lim'), 14) | ParamSetting(('minisat.params', 'lbd-cut'), 5.461995270366457) | ParamSetting(('minisat.params', 'gc-frac'), 0.4690162570193277)
2023-07-15 20:00:53,035	[DEBUG]	CLEAN_SIZE: 7 (was 9)
2023-07-15 20:20:41,568	[DEBUG]	ParamSetting(('minisat.params', 'rnd-freq'), 0.042455564180815974) | ParamSetting(('minisat.params', 'cp-increase'), 5626) | ParamSetting(('minisat.params', 'grow'), -615) | ParamSetting(('minisat.params', 'cla-decay'), 0.5286312099373176) | ParamSetting(('minisat.params', 'cl-lim'), 14) | ParamSetting(('minisat.params', 'lbd-cut'), 5.461995270366457) | ParamSetting(('minisat.params', 'rinc'), 1.0696438933847072) | ParamSetting(('minisat.params', 'rinc'), 1.4386661199180173) | ParamSetting(('minisat.params', 'gc-frac'), 0.4690162570193277)
2023-07-15 20:20:41,569	[INFO]	1       SUCCESS              *1184.9747 (118.18%) [9 edit(s)] 
2023-07-15 20:20:41,586	[DEBUG]	--- before: minisat.params
+++ after: minisat.params
@@ -1,21 +1,21 @@
-lbd-cut := 5.0
+lbd-cut := 5.461995270366457
 lbd-cut-max := 10.0
-cp-increase := 15000
+cp-increase := 5626
 core-tolerance := 0.02
 var-decay := 0.95
-cla-decay := 0.999
-rnd-freq := 0.0
+cla-decay := 0.5286312099373176
+rnd-freq := 0.042455564180815974
 ccmin-mode := 2
 phase-saving := 2
 rnd-init := 'False'
 luby := 0
-gc-frac := 0.2
+gc-frac := 0.4690162570193277
 verb := 1
 pre := 'True'
 asymm := 'False'
 rcheck := 'False'
 elim := 'False'
-grow := 0
-cl-lim := 20
+grow := -615
+cl-lim := 14
 sub-lim := 1000
 simp-gc-frac := 0.5

2023-07-15 20:20:41,586	[INFO]	-- ranking --
2023-07-15 20:41:00,450	[DEBUG]	ParamSetting(('minisat.params', 'rnd-freq'), 0.042455564180815974)
2023-07-15 20:41:00,451	[INFO]	2       SUCCESS              +1215.0712 (121.18%) [1 edit(s)] 
2023-07-15 20:41:00,468	[DEBUG]	--- before: minisat.params
+++ after: minisat.params
@@ -4,7 +4,7 @@
 core-tolerance := 0.02
 var-decay := 0.95
 cla-decay := 0.999
-rnd-freq := 0.0
+rnd-freq := 0.042455564180815974
 ccmin-mode := 2
 phase-saving := 2
 rnd-init := 'False'

2023-07-15 20:56:57,966	[DEBUG]	ParamSetting(('minisat.params', 'cp-increase'), 5626)
2023-07-15 20:56:57,966	[INFO]	3       SUCCESS              *953.6312 (95.11%) [1 edit(s)] 
2023-07-15 20:56:57,974	[DEBUG]	--- before: minisat.params
+++ after: minisat.params
@@ -1,6 +1,6 @@
 lbd-cut := 5.0
 lbd-cut-max := 10.0
-cp-increase := 15000
+cp-increase := 5626
 core-tolerance := 0.02
 var-decay := 0.95
 cla-decay := 0.999

2023-07-15 21:13:44,333	[DEBUG]	ParamSetting(('minisat.params', 'grow'), -615)
2023-07-15 21:13:44,334	[INFO]	4       SUCCESS              +1002.9169 (100.03%) [1 edit(s)] 
2023-07-15 21:13:44,351	[DEBUG]	--- before: minisat.params
+++ after: minisat.params
@@ -15,7 +15,7 @@
 asymm := 'False'
 rcheck := 'False'
 elim := 'False'
-grow := 0
+grow := -615
 cl-lim := 20
 sub-lim := 1000
 simp-gc-frac := 0.5

2023-07-15 21:33:25,340	[DEBUG]	ParamSetting(('minisat.params', 'cla-decay'), 0.5286312099373176)
2023-07-15 21:33:25,340	[INFO]	5       SUCCESS              +1177.6121 (117.45%) [1 edit(s)] 
2023-07-15 21:33:25,354	[DEBUG]	--- before: minisat.params
+++ after: minisat.params
@@ -3,7 +3,7 @@
 cp-increase := 15000
 core-tolerance := 0.02
 var-decay := 0.95
-cla-decay := 0.999
+cla-decay := 0.5286312099373176
 rnd-freq := 0.0
 ccmin-mode := 2
 phase-saving := 2

2023-07-15 21:50:05,520	[DEBUG]	ParamSetting(('minisat.params', 'cl-lim'), 14)
2023-07-15 21:50:05,520	[INFO]	6       SUCCESS              +996.4845 (99.38%) [1 edit(s)] 
2023-07-15 21:50:05,529	[DEBUG]	--- before: minisat.params
+++ after: minisat.params
@@ -16,6 +16,6 @@
 rcheck := 'False'
 elim := 'False'
 grow := 0
-cl-lim := 20
+cl-lim := 14
 sub-lim := 1000
 simp-gc-frac := 0.5

2023-07-15 22:06:42,058	[DEBUG]	ParamSetting(('minisat.params', 'lbd-cut'), 5.461995270366457)
2023-07-15 22:06:42,059	[INFO]	7       SUCCESS              +992.8843 (99.02%) [1 edit(s)] 
2023-07-15 22:06:42,076	[DEBUG]	--- before: minisat.params
+++ after: minisat.params
@@ -1,4 +1,4 @@
-lbd-cut := 5.0
+lbd-cut := 5.461995270366457
 lbd-cut-max := 10.0
 cp-increase := 15000
 core-tolerance := 0.02

2023-07-15 22:06:42,090	[DEBUG]	ParamSetting(('minisat.params', 'rinc'), 1.0696438933847072)
2023-07-15 22:06:42,091	[INFO]	8       SUCCESS              +1002.6646 (100.0%) [1 edit(s)] 
2023-07-15 22:06:42,105	[DEBUG]	
2023-07-15 22:06:42,116	[DEBUG]	ParamSetting(('minisat.params', 'rinc'), 1.4386661199180173)
2023-07-15 22:06:42,116	[INFO]	9       SUCCESS              +1002.6646 (100.0%) [1 edit(s)] 
2023-07-15 22:06:42,123	[DEBUG]	
2023-07-15 22:23:50,109	[DEBUG]	ParamSetting(('minisat.params', 'gc-frac'), 0.4690162570193277)
2023-07-15 22:23:50,109	[INFO]	10      SUCCESS              +1024.4644 (102.17%) [1 edit(s)] 
2023-07-15 22:23:50,118	[DEBUG]	--- before: minisat.params
+++ after: minisat.params
@@ -9,7 +9,7 @@
 phase-saving := 2
 rnd-init := 'False'
 luby := 0
-gc-frac := 0.2
+gc-frac := 0.4690162570193277
 verb := 1
 pre := 'True'
 asymm := 'False'

2023-07-15 22:23:50,118	[INFO]	-- rebuild --
2023-07-15 22:40:11,475	[DEBUG]	ParamSetting(('minisat.params', 'cp-increase'), 5626) | ParamSetting(('minisat.params', 'lbd-cut'), 5.461995270366457)
2023-07-15 22:40:11,476	[INFO]	11      SUCCESS              +977.8987 (97.53%) [2 edit(s)] 
2023-07-15 22:40:11,491	[DEBUG]	--- before: minisat.params
+++ after: minisat.params
@@ -1,6 +1,6 @@
-lbd-cut := 5.0
+lbd-cut := 5.461995270366457
 lbd-cut-max := 10.0
-cp-increase := 15000
+cp-increase := 5626
 core-tolerance := 0.02
 var-decay := 0.95
 cla-decay := 0.999

2023-07-15 22:56:25,892	[DEBUG]	ParamSetting(('minisat.params', 'cp-increase'), 5626) | ParamSetting(('minisat.params', 'cl-lim'), 14)
2023-07-15 22:56:25,893	[INFO]	12      SUCCESS              +970.1013 (96.75%) [2 edit(s)] 
2023-07-15 22:56:25,907	[DEBUG]	--- before: minisat.params
+++ after: minisat.params
@@ -1,6 +1,6 @@
 lbd-cut := 5.0
 lbd-cut-max := 10.0
-cp-increase := 15000
+cp-increase := 5626
 core-tolerance := 0.02
 var-decay := 0.95
 cla-decay := 0.999
@@ -16,6 +16,6 @@
 rcheck := 'False'
 elim := 'False'
 grow := 0
-cl-lim := 20
+cl-lim := 14
 sub-lim := 1000
 simp-gc-frac := 0.5

2023-07-15 22:56:25,916	[DEBUG]	ParamSetting(('minisat.params', 'cp-increase'), 5626) | ParamSetting(('minisat.params', 'rinc'), 1.0696438933847072)
2023-07-15 22:56:25,916	[INFO]	13      SUCCESS              +953.6312 (95.11%) [2 edit(s)] 
2023-07-15 22:56:25,924	[DEBUG]	--- before: minisat.params
+++ after: minisat.params
@@ -1,6 +1,6 @@
 lbd-cut := 5.0
 lbd-cut-max := 10.0
-cp-increase := 15000
+cp-increase := 5626
 core-tolerance := 0.02
 var-decay := 0.95
 cla-decay := 0.999

2023-07-15 22:56:25,932	[DEBUG]	ParamSetting(('minisat.params', 'cp-increase'), 5626) | ParamSetting(('minisat.params', 'rinc'), 1.4386661199180173)
2023-07-15 22:56:25,933	[INFO]	14      SUCCESS              +953.6312 (95.11%) [2 edit(s)] 
2023-07-15 22:56:25,940	[DEBUG]	--- before: minisat.params
+++ after: minisat.params
@@ -1,6 +1,6 @@
 lbd-cut := 5.0
 lbd-cut-max := 10.0
-cp-increase := 15000
+cp-increase := 5626
 core-tolerance := 0.02
 var-decay := 0.95
 cla-decay := 0.999

2023-07-15 23:13:00,938	[DEBUG]	ParamSetting(('minisat.params', 'cp-increase'), 5626) | ParamSetting(('minisat.params', 'grow'), -615)
2023-07-15 23:13:00,939	[INFO]	15      SUCCESS              +991.2488 (98.86%) [2 edit(s)] 
2023-07-15 23:13:00,952	[DEBUG]	--- before: minisat.params
+++ after: minisat.params
@@ -1,6 +1,6 @@
 lbd-cut := 5.0
 lbd-cut-max := 10.0
-cp-increase := 15000
+cp-increase := 5626
 core-tolerance := 0.02
 var-decay := 0.95
 cla-decay := 0.999
@@ -15,7 +15,7 @@
 asymm := 'False'
 rcheck := 'False'
 elim := 'False'
-grow := 0
+grow := -615
 cl-lim := 20
 sub-lim := 1000
 simp-gc-frac := 0.5

2023-07-15 23:30:02,073	[DEBUG]	ParamSetting(('minisat.params', 'cp-increase'), 5626) | ParamSetting(('minisat.params', 'gc-frac'), 0.4690162570193277)
2023-07-15 23:30:02,074	[INFO]	16      SUCCESS              +1017.4497 (101.47%) [2 edit(s)] 
2023-07-15 23:30:02,083	[DEBUG]	--- before: minisat.params
+++ after: minisat.params
@@ -1,6 +1,6 @@
 lbd-cut := 5.0
 lbd-cut-max := 10.0
-cp-increase := 15000
+cp-increase := 5626
 core-tolerance := 0.02
 var-decay := 0.95
 cla-decay := 0.999
@@ -9,7 +9,7 @@
 phase-saving := 2
 rnd-init := 'False'
 luby := 0
-gc-frac := 0.2
+gc-frac := 0.4690162570193277
 verb := 1
 pre := 'True'
 asymm := 'False'

2023-07-15 23:46:39,673	[DEBUG]	ParamSetting(('minisat.params', 'cp-increase'), 5626) | ParamSetting(('minisat.params', 'cla-decay'), 0.5286312099373176)
2023-07-15 23:46:39,673	[INFO]	17      SUCCESS              +993.3789 (99.07%) [2 edit(s)] 
2023-07-15 23:46:39,683	[DEBUG]	--- before: minisat.params
+++ after: minisat.params
@@ -1,9 +1,9 @@
 lbd-cut := 5.0
 lbd-cut-max := 10.0
-cp-increase := 15000
+cp-increase := 5626
 core-tolerance := 0.02
 var-decay := 0.95
-cla-decay := 0.999
+cla-decay := 0.5286312099373176
 rnd-freq := 0.0
 ccmin-mode := 2
 phase-saving := 2

2023-07-16 00:05:48,564	[DEBUG]	ParamSetting(('minisat.params', 'cp-increase'), 5626) | ParamSetting(('minisat.params', 'rnd-freq'), 0.042455564180815974)
2023-07-16 00:05:48,564	[INFO]	18      SUCCESS              +1145.461 (114.24%) [2 edit(s)] 
2023-07-16 00:05:48,581	[DEBUG]	--- before: minisat.params
+++ after: minisat.params
@@ -1,10 +1,10 @@
 lbd-cut := 5.0
 lbd-cut-max := 10.0
-cp-increase := 15000
+cp-increase := 5626
 core-tolerance := 0.02
 var-decay := 0.95
 cla-decay := 0.999
-rnd-freq := 0.0
+rnd-freq := 0.042455564180815974
 ccmin-mode := 2
 phase-saving := 2
 rnd-init := 'False'

2023-07-16 00:05:48,581	[INFO]	-- simplify --
2023-07-16 00:05:48,596	[DEBUG]	
2023-07-16 00:05:48,597	[INFO]	19      SUCCESS              +1002.6646 (100.0%) [0 edit(s)] 
2023-07-16 00:05:48,612	[DEBUG]	
2023-07-16 00:05:48,627	[INFO]	==== END ====
2023-07-16 00:05:48,627	[INFO]	Reason: validation end
2023-07-16 00:05:48,627	[INFO]	
2023-07-16 00:05:48,628	[INFO]	==== REPORT ====
2023-07-16 00:05:48,628	[INFO]	Termination: validation end
2023-07-16 00:05:48,628	[INFO]	Log file: /home/tsongpet/MSc-SSE-GI-project/_magpie_logs/minisat-hack_1689444628.log
2023-07-16 00:05:48,644	[INFO]	Patch file: _magpie_logs/minisat-hack_1689444628.patch
2023-07-16 00:05:48,644	[INFO]	Diff file: _magpie_logs/minisat-hack_1689444628.diff
2023-07-16 00:05:48,644	[INFO]	Best fitness: 953.6312
2023-07-16 00:05:48,644	[INFO]	Best patch: ParamSetting(('minisat.params', 'cp-increase'), 5626)
2023-07-16 00:05:48,645	[INFO]	Diff:
--- before: minisat.params
+++ after: minisat.params
@@ -1,6 +1,6 @@
 lbd-cut := 5.0
 lbd-cut-max := 10.0
-cp-increase := 15000
+cp-increase := 5626
 core-tolerance := 0.02
 var-decay := 0.95
 cla-decay := 0.999

