2023-08-05 14:55:20,690	[DEBUG]	==== CONFIG ====
[magpie]
import = 
seed = 
log_dir = _magpie_logs
work_dir = _magpie_work
local_original_copy = False
local_original_name = __original__
output_encoding = ascii
edit_retries = 10
default_timeout = 30
default_lengthout = 1e6
diff_method = unified

[software]
path = code/minisat-hack
target_files = 
	core/Solver.cc.xml
	minisat.params
program = BasicProgram
engine_rules = 
	*.params : ConfigFileParamsEngine
	*.xml : SrcmlEngine
	* : LineEngine
engine_config = 
	*.params : [params]
	*.xml : [srcml]
setup_cmd = ./compile.sh
setup_timeout = 
setup_lengthout = 
compile_cmd = ./compile.sh
compile_timeout = 16
compile_lengthout = 
test_cmd = 
test_timeout = 
test_lengthout = 
run_cmd = perf stat run-sh/validate_7.sh
run_timeout = 1582
run_lengthout = 
fitness = perf_instructions

[srcml]
rename = 
	stmt: break continue decl_stmt do expr_stmt for goto if return switch while
	number: literal_number
focus = block stmt operator_comp operator_arith number
internodes = block
process_pseudo_blocks = True
process_literals = True
process_operators = True

[params]
timing = test run
cli_prefix = --
cli_glue = =
cli_boolean = show
cli_boolean_prefix_true = 
cli_boolean_prefix_false = no-
silent_prefix = @
silent_suffix = $

[search]
protocol = BasicProtocol
algorithm = ValidTest
possible_edits = 
	StmtReplacement
	StmtInsertion
	StmtDeletion
	ParamSetting
warmup = 1
warmup_strategy = last
max_steps = 
max_time = 
target_fitness = 
cache_maxsize = 40
cache_keep = 0.2

[search.ls]
delete_prob = 0.5
max_neighbours = 
when_trapped = continue
accept_fail = False
tabu_length = 10

[search.gp]
pop_size = 10
delete_prob = 0.5
offspring_elitism = 0.1
offspring_crossover = 0.5
offspring_mutation = 0.4
uniform_rate = 0.5

[search.ga]
pop_size = 10
elitism_size = 2
cxpb_chrm = 0.5
cxpb_gene = 0.5
mutpb_chrm = 0.2
mutpb_gene = 0.1
gi_delete_prob = 0.5
gi_create_prob = 0.5
tournament_size = 3

[search.pso]
pop_size = 10
speed_min = -3
speed_max = 3
c1 = 1.49
c2 = 1.49


2023-08-05 14:55:20,691	[INFO]	==== WARMUP ====
2023-08-05 15:13:42,151	[INFO]	WARM    SUCCESS               1850470422584           
2023-08-05 15:13:42,152	[INFO]	INITIAL SUCCESS               1850470422584           
2023-08-05 15:13:42,152	[INFO]	==== START: ValidTest ====
2023-08-05 15:13:42,374	[DEBUG]	CLEAN_PATCH: ParamSetting(('minisat.params', 'lbd-cut'), 4) | ParamSetting(('minisat.params', 'core-tolerance'), 0.8228606477948711) | ParamSetting(('minisat.params', 'var-decay'), 0.8705907540568583) | ParamSetting(('minisat.params', 'luby'), 1) | ParamSetting(('minisat.params', 'rfirst'), 1.4205927584725098) | ParamSetting(('minisat.params', 'rinc'), 4.418293467358548) | ParamSetting(('minisat.params', 'verb'), '0') | ParamSetting(('minisat.params', 'sub-lim'), 418) | StmtDeletion(('core/Solver.cc.xml', 'stmt', 195)) | StmtDeletion(('core/Solver.cc.xml', 'stmt', 307)) | StmtDeletion(('core/Solver.cc.xml', 'stmt', 335)) | StmtInsertion(('core/Solver.cc.xml', '_inter_block', 60), ('core/Solver.cc.xml', 'stmt', 334)) | StmtDeletion(('core/Solver.cc.xml', 'stmt', 437))
2023-08-05 15:13:42,375	[DEBUG]	CLEAN_SIZE: 13 (was 15)
2023-08-05 15:30:55,175	[DEBUG]	ParamSetting(('minisat.params', 'lbd-cut'), 4) | ParamSetting(('minisat.params', 'core-tolerance'), 0.8228606477948711) | ParamSetting(('minisat.params', 'var-decay'), 0.8705907540568583) | ParamSetting(('minisat.params', 'luby'), 1) | ParamSetting(('minisat.params', 'rfirst'), 1.4205927584725098) | ParamSetting(('minisat.params', 'rinc'), 4.418293467358548) | ParamSetting(('minisat.params', 'verb'), '0') | ParamSetting(('minisat.params', 'sub-lim'), 418) | StmtDeletion(('core/Solver.cc.xml', 'stmt', 195)) | StmtDeletion(('core/Solver.cc.xml', 'stmt', 307)) | StmtDeletion(('core/Solver.cc.xml', 'stmt', 335)) | StmtInsertion(('core/Solver.cc.xml', '_inter_block', 60), ('core/Solver.cc.xml', 'stmt', 334)) | StmtDeletion(('core/Solver.cc.xml', 'stmt', 437))
2023-08-05 15:30:55,176	[INFO]	1       SUCCESS              *1736214710722 (93.83%) [13 edit(s)] 
2023-08-05 15:30:55,190	[DEBUG]	--- before: core/Solver.cc
+++ after: core/Solver.cc
@@ -216,7 +216,7 @@
     watches[~c[1]].push(Watcher(cr, c[0]));
     if (c.learnt())/*auto*/{ learnts_literals += c.size();
 }/*auto*/
-    else/*auto*/{            clauses_literals += c.size();
+    else/*auto*/{            clauses_literals += c.size();claDecayActivity();
 }/*auto*/ }
 
 
@@ -498,9 +498,7 @@
     out_conflict.clear();
     out_conflict.push(p);
 
-    if (decisionLevel() == 0)/*auto*/{
-        return;
-}/*auto*/
+    
 
     seen[var(p)] = 1;
 
@@ -748,7 +746,7 @@
         CRef confl = propagate();
         if (confl != CRef_Undef){
             // CONFLICT
-            conflicts++; conflictC++;
+             conflictC++;
             if (conflicts % 5000 == 0 && var_decay < 0.95)/*auto*/{
                 var_decay += 0.01;
 }/*auto*/
@@ -797,21 +795,7 @@
             claDecayActivity();
 
             //if (--learntsize_adjust_cnt == 0){
-            if (conflicts % 5000 == 0){
-                //learntsize_adjust_confl *= learntsize_adjust_inc;
-                //learntsize_adjust_cnt    = (int)learntsize_adjust_confl;
-                //max_learnts             *= learntsize_inc;
-
-                if (verbosity >= 1)/*auto*/{
-                    printf("c | %9d | %7d %8d %8d | %8d %8d %6.0f | %6.3f %% | %d %d | %d %.1f (%.1f) %.1f (%.1f) %d (%d-%d) %d %.2f\n", 
-                           (int)conflicts, 
-                           (int)dec_vars - (trail_lim.size() == 0 ? trail.size() : trail_lim[0]), nClauses(), (int)clauses_literals, 
-                           (int)lF.size()/*max_learnts*/, nLearnts(), (double)learnts_literals/(lF.size()+nLearnts()), progressEstimate()*100,
-                           starts, conflicts / starts,
-                           luby_restart, K, (double)opt_K, R, (double)opt_R, LBD_cut, (int32_t)opt_lbd_cut, (int32_t)opt_lbd_cut_max,
-                           (int32_t)opt_cp_increase, (double)opt_core_tolerance);
-}/*auto*/
-            }
+            
 
         }else{
             // NO CONFLICT
@@ -1035,11 +1019,7 @@
     // Cannot use removeClauses here because it is not safe
     // to deallocate them at this point. Could be improved.
     int cnt = 0;
-    for (int i = 0; i < clauses.size(); i++)/*auto*/{
-        if (!satisfied(ca[clauses[i]]))/*auto*/{
-            cnt++;
-}/*auto*/
-}/*auto*/
+    
         
     for (int i = 0; i < clauses.size(); i++)/*auto*/{
         if (!satisfied(ca[clauses[i]])){
--- before: minisat.params
+++ after: minisat.params
@@ -1,22 +1,24 @@
-lbd-cut := 5
+lbd-cut := 4
 lbd-cut-max := 10
 cp-increase := 15000
-core-tolerance := 0.02
-R-val := 1.4
-var-decay := 0.8
+core-tolerance := 0.8228606477948711
+K-val := 0.8
+var-decay := 0.8705907540568583
 cla-decay := 0.999
 rnd-freq := 0.0
 ccmin-mode := '2'
 phase-saving := '2'
 rnd-init := 'False'
-luby := 0
+luby := 1
+rfirst := 1.4205927584725098
+rinc := 4.418293467358548
 gc-frac := 0.2
-verb := '1'
+verb := '0'
 pre := 'True'
 asymm := 'False'
 rcheck := 'False'
 elim := 'True'
 grow := 0
 cl-lim := 20
-sub-lim := 1000
+sub-lim := 418
 simp-gc-frac := 0.5

2023-08-05 15:30:55,204	[INFO]	==== END ====
2023-08-05 15:30:55,204	[INFO]	Reason: validation end
2023-08-05 15:30:55,204	[INFO]	
2023-08-05 15:30:55,204	[INFO]	==== REPORT ====
2023-08-05 15:30:55,204	[INFO]	Termination: validation end
2023-08-05 15:30:55,204	[INFO]	Log file: /cs/student/projects1/sse/2022/tsongpet/MSc-SSE-GI-project/_magpie_logs/minisat-hack_1691243717.log
2023-08-05 15:30:55,217	[INFO]	Patch file: _magpie_logs/minisat-hack_1691243717.patch
2023-08-05 15:30:55,218	[INFO]	Diff file: _magpie_logs/minisat-hack_1691243717.diff
2023-08-05 15:30:55,218	[INFO]	Best fitness: 1736214710722
2023-08-05 15:30:55,218	[INFO]	Best patch: ParamSetting(('minisat.params', 'lbd-cut'), 4) | ParamSetting(('minisat.params', 'core-tolerance'), 0.8228606477948711) | ParamSetting(('minisat.params', 'var-decay'), 0.8705907540568583) | ParamSetting(('minisat.params', 'luby'), 1) | ParamSetting(('minisat.params', 'rfirst'), 1.4205927584725098) | ParamSetting(('minisat.params', 'rinc'), 4.418293467358548) | ParamSetting(('minisat.params', 'verb'), '0') | ParamSetting(('minisat.params', 'sub-lim'), 418) | StmtDeletion(('core/Solver.cc.xml', 'stmt', 195)) | StmtDeletion(('core/Solver.cc.xml', 'stmt', 307)) | StmtDeletion(('core/Solver.cc.xml', 'stmt', 335)) | StmtInsertion(('core/Solver.cc.xml', '_inter_block', 60), ('core/Solver.cc.xml', 'stmt', 334)) | StmtDeletion(('core/Solver.cc.xml', 'stmt', 437))
2023-08-05 15:30:55,218	[INFO]	Diff:
--- before: core/Solver.cc
+++ after: core/Solver.cc
@@ -216,7 +216,7 @@
     watches[~c[1]].push(Watcher(cr, c[0]));
     if (c.learnt())/*auto*/{ learnts_literals += c.size();
 }/*auto*/
-    else/*auto*/{            clauses_literals += c.size();
+    else/*auto*/{            clauses_literals += c.size();claDecayActivity();
 }/*auto*/ }
 
 
@@ -498,9 +498,7 @@
     out_conflict.clear();
     out_conflict.push(p);
 
-    if (decisionLevel() == 0)/*auto*/{
-        return;
-}/*auto*/
+    
 
     seen[var(p)] = 1;
 
@@ -748,7 +746,7 @@
         CRef confl = propagate();
         if (confl != CRef_Undef){
             // CONFLICT
-            conflicts++; conflictC++;
+             conflictC++;
             if (conflicts % 5000 == 0 && var_decay < 0.95)/*auto*/{
                 var_decay += 0.01;
 }/*auto*/
@@ -797,21 +795,7 @@
             claDecayActivity();
 
             //if (--learntsize_adjust_cnt == 0){
-            if (conflicts % 5000 == 0){
-                //learntsize_adjust_confl *= learntsize_adjust_inc;
-                //learntsize_adjust_cnt    = (int)learntsize_adjust_confl;
-                //max_learnts             *= learntsize_inc;
-
-                if (verbosity >= 1)/*auto*/{
-                    printf("c | %9d | %7d %8d %8d | %8d %8d %6.0f | %6.3f %% | %d %d | %d %.1f (%.1f) %.1f (%.1f) %d (%d-%d) %d %.2f\n", 
-                           (int)conflicts, 
-                           (int)dec_vars - (trail_lim.size() == 0 ? trail.size() : trail_lim[0]), nClauses(), (int)clauses_literals, 
-                           (int)lF.size()/*max_learnts*/, nLearnts(), (double)learnts_literals/(lF.size()+nLearnts()), progressEstimate()*100,
-                           starts, conflicts / starts,
-                           luby_restart, K, (double)opt_K, R, (double)opt_R, LBD_cut, (int32_t)opt_lbd_cut, (int32_t)opt_lbd_cut_max,
-                           (int32_t)opt_cp_increase, (double)opt_core_tolerance);
-}/*auto*/
-            }
+            
 
         }else{
             // NO CONFLICT
@@ -1035,11 +1019,7 @@
     // Cannot use removeClauses here because it is not safe
     // to deallocate them at this point. Could be improved.
     int cnt = 0;
-    for (int i = 0; i < clauses.size(); i++)/*auto*/{
-        if (!satisfied(ca[clauses[i]]))/*auto*/{
-            cnt++;
-}/*auto*/
-}/*auto*/
+    
         
     for (int i = 0; i < clauses.size(); i++)/*auto*/{
         if (!satisfied(ca[clauses[i]])){
--- before: minisat.params
+++ after: minisat.params
@@ -1,22 +1,24 @@
-lbd-cut := 5
+lbd-cut := 4
 lbd-cut-max := 10
 cp-increase := 15000
-core-tolerance := 0.02
-R-val := 1.4
-var-decay := 0.8
+core-tolerance := 0.8228606477948711
+K-val := 0.8
+var-decay := 0.8705907540568583
 cla-decay := 0.999
 rnd-freq := 0.0
 ccmin-mode := '2'
 phase-saving := '2'
 rnd-init := 'False'
-luby := 0
+luby := 1
+rfirst := 1.4205927584725098
+rinc := 4.418293467358548
 gc-frac := 0.2
-verb := '1'
+verb := '0'
 pre := 'True'
 asymm := 'False'
 rcheck := 'False'
 elim := 'True'
 grow := 0
 cl-lim := 20
-sub-lim := 1000
+sub-lim := 418
 simp-gc-frac := 0.5

