2023-06-24 09:50:06,317	[DEBUG]	==== CONFIG ====
[magpie]
import = 
seed = 
log_dir = _magpie_logs
work_dir = _magpie_work
local_original_copy = False
local_original_name = __original__
output_encoding = ascii
edit_retries = 10
default_timeout = 30
default_lengthout = 1e6
diff_method = unified

[software]
path = code/minisat-hack
target_files = 
	core/Solver.cc
program = BasicProgram
engine_rules = 
	*.params : ConfigFileParamsEngine
	*.xml : SrcmlEngine
	* : LineEngine
engine_config = 
	*.params : [params]
	*.xml : [srcml]
setup_cmd = 
setup_timeout = 
setup_lengthout = 
compile_cmd = ./compile.sh
compile_timeout = 11
compile_lengthout = 
test_cmd = 
test_timeout = 
test_lengthout = 
run_cmd = perf stat run-sh/train_2.sh
run_timeout = 58
run_lengthout = 
fitness = perf_time

[srcml]
rename = 
	stmt: break continue decl_stmt do expr_stmt for goto if return switch while
	number: literal_number
focus = block stmt operator_comp operator_arith number
internodes = block
process_pseudo_blocks = True
process_literals = True
process_operators = True

[params]
timing = test run
cli_prefix = --
cli_glue = =
cli_boolean = show
cli_boolean_prefix_true = 
cli_boolean_prefix_false = no-
silent_prefix = @
silent_suffix = $

[search]
protocol = BasicProtocol
algorithm = FirstImprovement
possible_edits = 
	LineReplacement
	LineInsertion
	LineDeletion
warmup = 3
warmup_strategy = last
max_steps = 50
max_time = 86400
target_fitness = 
cache_maxsize = 40
cache_keep = 0.2

[search.ls]
delete_prob = 0.5
max_neighbours = 
when_trapped = continue
accept_fail = False
tabu_length = 10

[search.gp]
pop_size = 10
delete_prob = 0.5
offspring_elitism = 0.1
offspring_crossover = 0.5
offspring_mutation = 0.4
uniform_rate = 0.5


2023-06-24 09:50:06,317	[INFO]	==== WARMUP ====
2023-06-24 09:51:00,217	[INFO]	WARM    SUCCESS               46.889                  
2023-06-24 09:51:51,915	[INFO]	WARM    SUCCESS               48.6303                 
2023-06-24 09:52:42,119	[INFO]	WARM    SUCCESS               47.0416                 
2023-06-24 09:52:42,119	[INFO]	INITIAL SUCCESS               47.0416                 
2023-06-24 09:52:42,119	[INFO]	==== START: FirstImprovement ====
2023-06-24 09:52:42,507	[DEBUG]	LineReplacement(('core/Solver.cc', 'line', 551), ('core/Solver.cc', 'line', 155))
2023-06-24 09:52:42,507	[INFO]	1       COMPILE_CODE_ERROR    None  [1 edit(s)]       
2023-06-24 09:53:32,931	[DEBUG]	LineInsertion(('core/Solver.cc', '_inter_line', 655), ('core/Solver.cc', 'line', 166))
2023-06-24 09:53:32,932	[INFO]	2       SUCCESS               47.2651 (100.48%) [1 edit(s)] 
2023-06-24 09:54:22,482	[DEBUG]	LineInsertion(('core/Solver.cc', '_inter_line', 845), ('core/Solver.cc', 'line', 99))
2023-06-24 09:54:22,482	[INFO]	3       SUCCESS              *46.4863 (98.82%) [1 edit(s)] 
2023-06-24 09:54:22,490	[DEBUG]	--- before: core/Solver.cc
+++ after: core/Solver.cc
@@ -844,6 +844,7 @@
     return progress / nVars();
 }
 
+
 /*
   Finite subsequences of the Luby-sequence:
 

2023-06-24 09:54:22,837	[DEBUG]	LineInsertion(('core/Solver.cc', '_inter_line', 845), ('core/Solver.cc', 'line', 99)) | LineReplacement(('core/Solver.cc', 'line', 421), ('core/Solver.cc', 'line', 340))
2023-06-24 09:54:22,838	[INFO]	4       COMPILE_CODE_ERROR    None  [2 edit(s)]       
2023-06-24 09:54:23,241	[DEBUG]	LineInsertion(('core/Solver.cc', '_inter_line', 845), ('core/Solver.cc', 'line', 99)) | LineInsertion(('core/Solver.cc', '_inter_line', 979), ('core/Solver.cc', 'line', 2))
2023-06-24 09:54:23,241	[INFO]	5       COMPILE_CODE_ERROR    None  [2 edit(s)]       
2023-06-24 09:54:23,249	[DEBUG]	
2023-06-24 09:54:23,249	[INFO]	6       SUCCESS               47.0416 (100.0%) [0 edit(s)] 
2023-06-24 09:54:23,643	[DEBUG]	LineInsertion(('core/Solver.cc', '_inter_line', 845), ('core/Solver.cc', 'line', 99)) | LineInsertion(('core/Solver.cc', '_inter_line', 1039), ('core/Solver.cc', 'line', 725))
2023-06-24 09:54:23,644	[INFO]	7       COMPILE_CODE_ERROR    None  [2 edit(s)]       
2023-06-24 09:54:24,037	[DEBUG]	LineInsertion(('core/Solver.cc', '_inter_line', 845), ('core/Solver.cc', 'line', 99)) | LineReplacement(('core/Solver.cc', 'line', 933), ('core/Solver.cc', 'line', 911))
2023-06-24 09:54:24,037	[INFO]	8       COMPILE_CODE_ERROR    None  [2 edit(s)]       
2023-06-24 09:54:24,438	[DEBUG]	LineInsertion(('core/Solver.cc', '_inter_line', 845), ('core/Solver.cc', 'line', 99)) | LineReplacement(('core/Solver.cc', 'line', 751), ('core/Solver.cc', 'line', 223))
2023-06-24 09:54:24,438	[INFO]	9       COMPILE_CODE_ERROR    None  [2 edit(s)]       
2023-06-24 09:54:24,813	[DEBUG]	LineInsertion(('core/Solver.cc', '_inter_line', 845), ('core/Solver.cc', 'line', 99)) | LineDeletion(('core/Solver.cc', 'line', 1013))
2023-06-24 09:54:24,813	[INFO]	10      COMPILE_CODE_ERROR    None  [2 edit(s)]       
2023-06-24 09:54:24,821	[DEBUG]	LineInsertion(('core/Solver.cc', '_inter_line', 845), ('core/Solver.cc', 'line', 99)) | LineReplacement(('core/Solver.cc', 'line', 953), ('core/Solver.cc', 'line', 62))
2023-06-24 09:54:24,822	[INFO]	11      SUCCESS              +46.4863 (98.82%) [2 edit(s)] 
2023-06-24 09:54:24,828	[DEBUG]	--- before: core/Solver.cc
+++ after: core/Solver.cc
@@ -844,6 +844,7 @@
     return progress / nVars();
 }
 
+
 /*
   Finite subsequences of the Luby-sequence:
 

2023-06-24 09:54:24,836	[DEBUG]	LineReplacement(('core/Solver.cc', 'line', 953), ('core/Solver.cc', 'line', 62))
2023-06-24 09:54:24,836	[INFO]	12      SUCCESS               47.0416 (100.0%) [1 edit(s)] 
2023-06-24 09:54:25,216	[DEBUG]	LineInsertion(('core/Solver.cc', '_inter_line', 845), ('core/Solver.cc', 'line', 99)) | LineReplacement(('core/Solver.cc', 'line', 953), ('core/Solver.cc', 'line', 62)) | LineDeletion(('core/Solver.cc', 'line', 822))
2023-06-24 09:54:25,216	[INFO]	13      COMPILE_CODE_ERROR    None  [3 edit(s)]       
2023-06-24 09:55:15,731	[DEBUG]	LineInsertion(('core/Solver.cc', '_inter_line', 845), ('core/Solver.cc', 'line', 99)) | LineReplacement(('core/Solver.cc', 'line', 953), ('core/Solver.cc', 'line', 62)) | LineReplacement(('core/Solver.cc', 'line', 975), ('core/Solver.cc', 'line', 903))
2023-06-24 09:55:15,731	[INFO]	14      SUCCESS               47.3074 (100.57%) [3 edit(s)] 
2023-06-24 09:56:05,596	[DEBUG]	LineInsertion(('core/Solver.cc', '_inter_line', 845), ('core/Solver.cc', 'line', 99)) | LineReplacement(('core/Solver.cc', 'line', 953), ('core/Solver.cc', 'line', 62)) | LineReplacement(('core/Solver.cc', 'line', 396), ('core/Solver.cc', 'line', 146))
2023-06-24 09:56:05,596	[INFO]	15      SUCCESS               46.7706 (99.42%) [3 edit(s)] 
2023-06-24 09:56:05,987	[DEBUG]	LineInsertion(('core/Solver.cc', '_inter_line', 845), ('core/Solver.cc', 'line', 99)) | LineReplacement(('core/Solver.cc', 'line', 953), ('core/Solver.cc', 'line', 62)) | LineReplacement(('core/Solver.cc', 'line', 523), ('core/Solver.cc', 'line', 226))
2023-06-24 09:56:05,988	[INFO]	16      COMPILE_CODE_ERROR    None  [3 edit(s)]       
2023-06-24 09:56:05,995	[DEBUG]	LineInsertion(('core/Solver.cc', '_inter_line', 845), ('core/Solver.cc', 'line', 99))
2023-06-24 09:56:05,996	[INFO]	17      SUCCESS              +46.4863 (98.82%) [1 edit(s)] 
2023-06-24 09:56:06,003	[DEBUG]	--- before: core/Solver.cc
+++ after: core/Solver.cc
@@ -844,6 +844,7 @@
     return progress / nVars();
 }
 
+
 /*
   Finite subsequences of the Luby-sequence:
 

2023-06-24 09:56:06,381	[DEBUG]	LineInsertion(('core/Solver.cc', '_inter_line', 845), ('core/Solver.cc', 'line', 99)) | LineReplacement(('core/Solver.cc', 'line', 708), ('core/Solver.cc', 'line', 774))
2023-06-24 09:56:06,382	[INFO]	18      COMPILE_CODE_ERROR    None  [2 edit(s)]       
2023-06-24 09:56:06,389	[DEBUG]	
2023-06-24 09:56:06,389	[INFO]	19      SUCCESS               47.0416 (100.0%) [0 edit(s)] 
2023-06-24 09:56:06,773	[DEBUG]	LineInsertion(('core/Solver.cc', '_inter_line', 845), ('core/Solver.cc', 'line', 99)) | LineInsertion(('core/Solver.cc', '_inter_line', 378), ('core/Solver.cc', 'line', 817))
2023-06-24 09:56:06,774	[INFO]	20      COMPILE_CODE_ERROR    None  [2 edit(s)]       
2023-06-24 09:56:07,075	[DEBUG]	LineInsertion(('core/Solver.cc', '_inter_line', 845), ('core/Solver.cc', 'line', 99)) | LineInsertion(('core/Solver.cc', '_inter_line', 52), ('core/Solver.cc', 'line', 837))
2023-06-24 09:56:07,075	[INFO]	21      COMPILE_CODE_ERROR    None  [2 edit(s)]       
2023-06-24 09:56:07,471	[DEBUG]	LineInsertion(('core/Solver.cc', '_inter_line', 845), ('core/Solver.cc', 'line', 99)) | LineInsertion(('core/Solver.cc', '_inter_line', 501), ('core/Solver.cc', 'line', 212))
2023-06-24 09:56:07,471	[INFO]	22      COMPILE_CODE_ERROR    None  [2 edit(s)]       
2023-06-24 09:56:07,850	[DEBUG]	LineInsertion(('core/Solver.cc', '_inter_line', 845), ('core/Solver.cc', 'line', 99)) | LineDeletion(('core/Solver.cc', 'line', 960))
2023-06-24 09:56:07,851	[INFO]	23      COMPILE_CODE_ERROR    None  [2 edit(s)]       
2023-06-24 09:56:57,640	[DEBUG]	LineInsertion(('core/Solver.cc', '_inter_line', 845), ('core/Solver.cc', 'line', 99)) | LineDeletion(('core/Solver.cc', 'line', 983))
2023-06-24 09:56:57,641	[INFO]	24      SUCCESS               46.6636 (99.2%) [2 edit(s)] 
2023-06-24 09:56:58,021	[DEBUG]	LineInsertion(('core/Solver.cc', '_inter_line', 845), ('core/Solver.cc', 'line', 99)) | LineInsertion(('core/Solver.cc', '_inter_line', 727), ('core/Solver.cc', 'line', 638))
2023-06-24 09:56:58,021	[INFO]	25      COMPILE_CODE_ERROR    None  [2 edit(s)]       
2023-06-24 09:56:58,405	[DEBUG]	LineInsertion(('core/Solver.cc', '_inter_line', 845), ('core/Solver.cc', 'line', 99)) | LineDeletion(('core/Solver.cc', 'line', 733))
2023-06-24 09:56:58,406	[INFO]	26      COMPILE_CODE_ERROR    None  [2 edit(s)]       
2023-06-24 09:57:48,608	[DEBUG]	LineInsertion(('core/Solver.cc', '_inter_line', 845), ('core/Solver.cc', 'line', 99)) | LineDeletion(('core/Solver.cc', 'line', 264))
2023-06-24 09:57:48,609	[INFO]	27      SUCCESS               47.1563 (100.24%) [2 edit(s)] 
2023-06-24 09:58:38,856	[DEBUG]	LineInsertion(('core/Solver.cc', '_inter_line', 845), ('core/Solver.cc', 'line', 99)) | LineInsertion(('core/Solver.cc', '_inter_line', 504), ('core/Solver.cc', 'line', 524))
2023-06-24 09:58:38,857	[INFO]	28      SUCCESS               47.091 (100.11%) [2 edit(s)] 
2023-06-24 09:58:39,197	[DEBUG]	LineInsertion(('core/Solver.cc', '_inter_line', 845), ('core/Solver.cc', 'line', 99)) | LineReplacement(('core/Solver.cc', 'line', 404), ('core/Solver.cc', 'line', 972))
2023-06-24 09:58:39,198	[INFO]	29      COMPILE_CODE_ERROR    None  [2 edit(s)]       
2023-06-24 09:59:28,995	[DEBUG]	LineInsertion(('core/Solver.cc', '_inter_line', 845), ('core/Solver.cc', 'line', 99)) | LineInsertion(('core/Solver.cc', '_inter_line', 57), ('core/Solver.cc', 'line', 532))
2023-06-24 09:59:28,996	[INFO]	30      SUCCESS               46.5408 (98.94%) [2 edit(s)] 
2023-06-24 10:00:19,893	[DEBUG]	LineInsertion(('core/Solver.cc', '_inter_line', 845), ('core/Solver.cc', 'line', 99)) | LineDeletion(('core/Solver.cc', 'line', 444))
2023-06-24 10:00:19,893	[INFO]	31      SUCCESS               47.7593 (101.53%) [2 edit(s)] 
2023-06-24 10:01:09,814	[DEBUG]	LineInsertion(('core/Solver.cc', '_inter_line', 845), ('core/Solver.cc', 'line', 99)) | LineDeletion(('core/Solver.cc', 'line', 314))
2023-06-24 10:01:09,815	[INFO]	32      SUCCESS               46.7594 (99.4%) [2 edit(s)] 
2023-06-24 10:01:12,995	[DEBUG]	LineInsertion(('core/Solver.cc', '_inter_line', 845), ('core/Solver.cc', 'line', 99)) | LineDeletion(('core/Solver.cc', 'line', 221))
2023-06-24 10:01:12,996	[INFO]	33      RUN_CODE_ERROR        None  [2 edit(s)]       
2023-06-24 10:01:13,380	[DEBUG]	LineInsertion(('core/Solver.cc', '_inter_line', 845), ('core/Solver.cc', 'line', 99)) | LineInsertion(('core/Solver.cc', '_inter_line', 833), ('core/Solver.cc', 'line', 144))
2023-06-24 10:01:13,380	[INFO]	34      COMPILE_CODE_ERROR    None  [2 edit(s)]       
2023-06-24 10:01:13,760	[DEBUG]	LineInsertion(('core/Solver.cc', '_inter_line', 845), ('core/Solver.cc', 'line', 99)) | LineInsertion(('core/Solver.cc', '_inter_line', 52), ('core/Solver.cc', 'line', 942))
2023-06-24 10:01:13,760	[INFO]	35      COMPILE_CODE_ERROR    None  [2 edit(s)]       
2023-06-24 10:01:14,140	[DEBUG]	LineInsertion(('core/Solver.cc', '_inter_line', 845), ('core/Solver.cc', 'line', 99)) | LineDeletion(('core/Solver.cc', 'line', 430))
2023-06-24 10:01:14,141	[INFO]	36      COMPILE_CODE_ERROR    None  [2 edit(s)]       
2023-06-24 10:01:14,528	[DEBUG]	LineInsertion(('core/Solver.cc', '_inter_line', 845), ('core/Solver.cc', 'line', 99)) | LineInsertion(('core/Solver.cc', '_inter_line', 700), ('core/Solver.cc', 'line', 228))
2023-06-24 10:01:14,529	[INFO]	37      COMPILE_CODE_ERROR    None  [2 edit(s)]       
2023-06-24 10:01:14,906	[DEBUG]	LineInsertion(('core/Solver.cc', '_inter_line', 845), ('core/Solver.cc', 'line', 99)) | LineReplacement(('core/Solver.cc', 'line', 586), ('core/Solver.cc', 'line', 844))
2023-06-24 10:01:14,906	[INFO]	38      COMPILE_CODE_ERROR    None  [2 edit(s)]       
2023-06-24 10:02:05,231	[DEBUG]	LineInsertion(('core/Solver.cc', '_inter_line', 845), ('core/Solver.cc', 'line', 99)) | LineInsertion(('core/Solver.cc', '_inter_line', 1051), ('core/Solver.cc', 'line', 273))
2023-06-24 10:02:05,231	[INFO]	39      SUCCESS               47.1828 (100.3%) [2 edit(s)] 
2023-06-24 10:02:55,452	[DEBUG]	LineInsertion(('core/Solver.cc', '_inter_line', 845), ('core/Solver.cc', 'line', 99)) | LineInsertion(('core/Solver.cc', '_inter_line', 983), ('core/Solver.cc', 'line', 970))
2023-06-24 10:02:55,453	[INFO]	40      SUCCESS               47.143 (100.22%) [2 edit(s)] 
2023-06-24 10:02:55,854	[DEBUG]	LineInsertion(('core/Solver.cc', '_inter_line', 845), ('core/Solver.cc', 'line', 99)) | LineInsertion(('core/Solver.cc', '_inter_line', 647), ('core/Solver.cc', 'line', 359))
2023-06-24 10:02:55,855	[INFO]	41      COMPILE_CODE_ERROR    None  [2 edit(s)]       
2023-06-24 10:03:45,934	[DEBUG]	LineInsertion(('core/Solver.cc', '_inter_line', 845), ('core/Solver.cc', 'line', 99)) | LineReplacement(('core/Solver.cc', 'line', 1049), ('core/Solver.cc', 'line', 700))
2023-06-24 10:03:45,934	[INFO]	42      SUCCESS               46.8955 (99.69%) [2 edit(s)] 
2023-06-24 10:03:46,335	[DEBUG]	LineInsertion(('core/Solver.cc', '_inter_line', 845), ('core/Solver.cc', 'line', 99)) | LineReplacement(('core/Solver.cc', 'line', 502), ('core/Solver.cc', 'line', 606))
2023-06-24 10:03:46,336	[INFO]	43      COMPILE_CODE_ERROR    None  [2 edit(s)]       
2023-06-24 10:03:46,343	[DEBUG]	LineInsertion(('core/Solver.cc', '_inter_line', 845), ('core/Solver.cc', 'line', 99)) | LineDeletion(('core/Solver.cc', 'line', 1013))
2023-06-24 10:03:46,343	[INFO]	44      COMPILE_CODE_ERROR    None  [2 edit(s)]       
2023-06-24 10:03:46,740	[DEBUG]	LineInsertion(('core/Solver.cc', '_inter_line', 845), ('core/Solver.cc', 'line', 99)) | LineInsertion(('core/Solver.cc', '_inter_line', 101), ('core/Solver.cc', 'line', 335))
2023-06-24 10:03:46,741	[INFO]	45      COMPILE_CODE_ERROR    None  [2 edit(s)]       
2023-06-24 10:03:47,139	[DEBUG]	LineInsertion(('core/Solver.cc', '_inter_line', 845), ('core/Solver.cc', 'line', 99)) | LineInsertion(('core/Solver.cc', '_inter_line', 870), ('core/Solver.cc', 'line', 438))
2023-06-24 10:03:47,139	[INFO]	46      COMPILE_CODE_ERROR    None  [2 edit(s)]       
2023-06-24 10:04:48,288	[DEBUG]	LineInsertion(('core/Solver.cc', '_inter_line', 845), ('core/Solver.cc', 'line', 99)) | LineDeletion(('core/Solver.cc', 'line', 899))
2023-06-24 10:04:48,288	[INFO]	47      RUN_TIMEOUT           None  [2 edit(s)]       
2023-06-24 10:05:37,863	[DEBUG]	LineInsertion(('core/Solver.cc', '_inter_line', 845), ('core/Solver.cc', 'line', 99)) | LineDeletion(('core/Solver.cc', 'line', 303))
2023-06-24 10:05:37,863	[INFO]	48      SUCCESS              *46.4341 (98.71%) [2 edit(s)] 
2023-06-24 10:05:37,871	[DEBUG]	--- before: core/Solver.cc
+++ after: core/Solver.cc
@@ -301,7 +301,6 @@
 |
 |  analyze : (confl : Clause*) (out_learnt : vec<Lit>&) (out_btlevel : int&)  ->  [void]
 |
-|  Description:
 |    Analyze conflict and produce a reason clause.
 |
 |    Pre-conditions:
@@ -844,6 +843,7 @@
     return progress / nVars();
 }
 
+
 /*
   Finite subsequences of the Luby-sequence:
 

2023-06-24 10:06:27,877	[DEBUG]	LineInsertion(('core/Solver.cc', '_inter_line', 845), ('core/Solver.cc', 'line', 99)) | LineDeletion(('core/Solver.cc', 'line', 303)) | LineInsertion(('core/Solver.cc', '_inter_line', 160), ('core/Solver.cc', 'line', 325))
2023-06-24 10:06:27,877	[INFO]	49      SUCCESS               46.832 (99.55%) [3 edit(s)] 
2023-06-24 10:07:17,902	[DEBUG]	LineInsertion(('core/Solver.cc', '_inter_line', 845), ('core/Solver.cc', 'line', 99)) | LineDeletion(('core/Solver.cc', 'line', 303)) | LineDeletion(('core/Solver.cc', 'line', 831))
2023-06-24 10:07:17,902	[INFO]	50      SUCCESS               46.8495 (99.59%) [3 edit(s)] 
2023-06-24 10:07:17,910	[INFO]	==== END ====
2023-06-24 10:07:17,910	[INFO]	Reason: step budget
2023-06-24 10:07:17,910	[INFO]	
2023-06-24 10:07:17,911	[INFO]	==== REPORT ====
2023-06-24 10:07:17,911	[INFO]	Termination: step budget
2023-06-24 10:07:17,911	[INFO]	Log file: /home/tsongpet/MSc-SSE-GI-project/_magpie_logs/minisat-hack_1687596606.log
2023-06-24 10:07:17,919	[INFO]	Patch file: _magpie_logs/minisat-hack_1687596606.patch
2023-06-24 10:07:17,920	[INFO]	Diff file: _magpie_logs/minisat-hack_1687596606.diff
2023-06-24 10:07:17,920	[INFO]	Best fitness: 46.4341
2023-06-24 10:07:17,920	[INFO]	Best patch: LineInsertion(('core/Solver.cc', '_inter_line', 845), ('core/Solver.cc', 'line', 99)) | LineDeletion(('core/Solver.cc', 'line', 303))
2023-06-24 10:07:17,920	[INFO]	Diff:
--- before: core/Solver.cc
+++ after: core/Solver.cc
@@ -301,7 +301,6 @@
 |
 |  analyze : (confl : Clause*) (out_learnt : vec<Lit>&) (out_btlevel : int&)  ->  [void]
 |
-|  Description:
 |    Analyze conflict and produce a reason clause.
 |
 |    Pre-conditions:
@@ -844,6 +843,7 @@
     return progress / nVars();
 }
 
+
 /*
   Finite subsequences of the Luby-sequence:
 

