2023-08-03 13:30:32,606	[DEBUG]	==== CONFIG ====
[magpie]
import = 
seed = 
log_dir = _magpie_logs
work_dir = _magpie_work
local_original_copy = False
local_original_name = __original__
output_encoding = ascii
edit_retries = 10
default_timeout = 30
default_lengthout = 1e6
diff_method = unified

[software]
path = code/minisat-hack
target_files = 
	core/Solver.cc.xml
	minisat.params
program = BasicProgram
engine_rules = 
	*.params : ConfigFileParamsEngine
	*.xml : SrcmlEngine
	* : LineEngine
engine_config = 
	*.params : [params]
	*.xml : [srcml]
setup_cmd = ./compile.sh
setup_timeout = 
setup_lengthout = 
compile_cmd = ./compile.sh
compile_timeout = 16
compile_lengthout = 
test_cmd = 
test_timeout = 
test_lengthout = 
run_cmd = perf stat run-sh/validate_3.sh
run_timeout = 1571
run_lengthout = 
fitness = perf_instructions

[srcml]
rename = 
	stmt: break continue decl_stmt do expr_stmt for goto if return switch while
	number: literal_number
focus = block stmt operator_comp operator_arith number
internodes = block
process_pseudo_blocks = True
process_literals = True
process_operators = True

[params]
timing = test run
cli_prefix = --
cli_glue = =
cli_boolean = show
cli_boolean_prefix_true = 
cli_boolean_prefix_false = no-
silent_prefix = @
silent_suffix = $

[search]
protocol = BasicProtocol
algorithm = ValidTest
possible_edits = 
	StmtReplacement
	StmtInsertion
	StmtDeletion
warmup = 1
warmup_strategy = last
max_steps = 
max_time = 
target_fitness = 
cache_maxsize = 40
cache_keep = 0.2

[search.ls]
delete_prob = 0.5
max_neighbours = 
when_trapped = continue
accept_fail = False
tabu_length = 10

[search.gp]
pop_size = 10
delete_prob = 0.5
offspring_elitism = 0.1
offspring_crossover = 0.5
offspring_mutation = 0.4
uniform_rate = 0.5

[search.ga]
pop_size = 10
elitism_size = 2
cxpb_chrm = 0.5
cxpb_gene = 0.5
mutpb_chrm = 0.2
mutpb_gene = 0.1
gi_delete_prob = 0.5
gi_create_prob = 0.5
tournament_size = 3

[search.pso]
pop_size = 10
speed_min = -3
speed_max = 3
c1 = 1.49
c2 = 1.49


2023-08-03 13:30:32,607	[INFO]	==== WARMUP ====
2023-08-03 13:48:36,141	[INFO]	WARM    SUCCESS               1827128054435           
2023-08-03 13:48:36,142	[INFO]	INITIAL SUCCESS               1827128054435           
2023-08-03 13:48:36,142	[INFO]	==== START: ValidTest ====
2023-08-03 13:48:36,510	[DEBUG]	CLEAN_PATCH: StmtDeletion(('core/Solver.cc.xml', 'stmt', 286)) | StmtDeletion(('core/Solver.cc.xml', 'stmt', 25)) | StmtDeletion(('core/Solver.cc.xml', 'stmt', 43)) | StmtReplacement(('core/Solver.cc.xml', 'stmt', 357), ('core/Solver.cc.xml', 'stmt', 372)) | StmtDeletion(('core/Solver.cc.xml', 'stmt', 314)) | StmtReplacement(('core/Solver.cc.xml', 'stmt', 294), ('core/Solver.cc.xml', 'stmt', 406)) | StmtDeletion(('core/Solver.cc.xml', 'stmt', 451)) | StmtDeletion(('core/Solver.cc.xml', 'stmt', 210)) | StmtDeletion(('core/Solver.cc.xml', 'stmt', 338)) | StmtReplacement(('core/Solver.cc.xml', 'stmt', 232), ('core/Solver.cc.xml', 'stmt', 435)) | StmtReplacement(('core/Solver.cc.xml', 'stmt', 346), ('core/Solver.cc.xml', 'stmt', 325)) | StmtInsertion(('core/Solver.cc.xml', '_inter_block', 360), ('core/Solver.cc.xml', 'stmt', 368)) | StmtDeletion(('core/Solver.cc.xml', 'stmt', 207)) | StmtDeletion(('core/Solver.cc.xml', 'stmt', 376))
2023-08-03 13:48:36,511	[DEBUG]	CLEAN_SIZE: 14 (was 14)
2023-08-03 14:04:37,945	[DEBUG]	StmtDeletion(('core/Solver.cc.xml', 'stmt', 286)) | StmtDeletion(('core/Solver.cc.xml', 'stmt', 25)) | StmtDeletion(('core/Solver.cc.xml', 'stmt', 43)) | StmtReplacement(('core/Solver.cc.xml', 'stmt', 357), ('core/Solver.cc.xml', 'stmt', 372)) | StmtDeletion(('core/Solver.cc.xml', 'stmt', 314)) | StmtReplacement(('core/Solver.cc.xml', 'stmt', 294), ('core/Solver.cc.xml', 'stmt', 406)) | StmtDeletion(('core/Solver.cc.xml', 'stmt', 451)) | StmtDeletion(('core/Solver.cc.xml', 'stmt', 210)) | StmtDeletion(('core/Solver.cc.xml', 'stmt', 338)) | StmtReplacement(('core/Solver.cc.xml', 'stmt', 232), ('core/Solver.cc.xml', 'stmt', 435)) | StmtReplacement(('core/Solver.cc.xml', 'stmt', 346), ('core/Solver.cc.xml', 'stmt', 325)) | StmtInsertion(('core/Solver.cc.xml', '_inter_block', 360), ('core/Solver.cc.xml', 'stmt', 368)) | StmtDeletion(('core/Solver.cc.xml', 'stmt', 207)) | StmtDeletion(('core/Solver.cc.xml', 'stmt', 376))
2023-08-03 14:04:37,945	[INFO]	1       SUCCESS              *1636329561269 (89.56%) [14 edit(s)] 
2023-08-03 14:04:37,967	[DEBUG]	--- before: core/Solver.cc
+++ after: core/Solver.cc
@@ -137,7 +137,7 @@
 Var Solver::newVar(bool sign, bool dvar)
 {
     int v = nVars();
-    watches  .init(mkLit(v, false));
+    
     watches  .init(mkLit(v, true ));
     assigns  .push(l_Undef);
     vardata  .push(mkVarData(CRef_Undef, 0));
@@ -172,14 +172,7 @@
           flag = 1;
     }*/
 
-    for (i = j = 0, p = lit_Undef; i < ps.size(); i++)/*auto*/{
-        if (value(ps[i]) == l_True || ps[i] == ~p)/*auto*/{
-            return true;
-}/*auto*/
-        else if (value(ps[i]) != l_False && ps[i] != p)/*auto*/{
-            ps[j++] = p = ps[i];
-}/*auto*/
-}/*auto*/
+    
     ps.shrink(i - j);
 
     /*if (flag && (output != NULL)) {
@@ -514,7 +507,7 @@
                 Clause& c = ca[reason(x)];
                 for (int j = 1; j < c.size(); j++)/*auto*/{
                     if (level(var(c[j])) > 0)/*auto*/{
-                        seen[var(c[j])] = 1;
+                        
 }/*auto*/
 }/*auto*/
             }
@@ -528,7 +521,7 @@
 
 void Solver::uncheckedEnqueue(Lit p, CRef from)
 {
-    assert(value(p) == l_Undef);
+    
     assigns[var(p)] = lbool(!sign(p));
     vardata[var(p)] = mkVarData(from, decisionLevel());
     trail.push_(p);
@@ -571,7 +564,7 @@
             if (c[0] == false_lit)/*auto*/{
                 c[0] = c[1], c[1] = false_lit;
 }/*auto*/
-            assert(c[1] == false_lit);
+            Var max = 0;
             i++;
 
             // If 0th watch is true, then clause is already satisfied.
@@ -652,6 +645,7 @@
 
 void Solver::removeSatisfied(vec<CRef>& cs)
 {
+    return l_True;
     int i, j;
     for (i = j = 0; i < cs.size(); i++){
         Clause& c = ca[cs[i]];
@@ -699,11 +693,7 @@
 }/*auto*/
 
     #define V learnts
-    for (i = j = 0; i < V.size(); i++)/*auto*/{
-        if (ca[V[i]].mark() != 3)/*auto*/{
-            V[j++] = V[i];
-}/*auto*/
-}/*auto*/
+    
     V.shrink(i - j);
 
     // Remove satisfied clauses:
@@ -712,7 +702,9 @@
     if (remove_satisfied)/*auto*/{        // Can be turned off.
         removeSatisfied(clauses);
 }/*auto*/
-    checkGarbage();
+    if (verbosity >= 1)/*auto*/{
+        printf("c ===============================================================================\n");
+}/*auto*/
     rebuildOrderHeap();
 
     simpDB_assigns = nAssigns();
@@ -756,7 +748,7 @@
 }/*auto*/
 
             if (!luby_restart){
-                PUSH(TQ, trail.size(), 5000, tS);
+                
                 if (conflicts > 10000 && LQ.size() == 50 && trail.size() > R * tS / 5000)/*auto*/{
                     lS = 0, LQ.clear();
 }/*auto*/
@@ -815,13 +807,7 @@
 
         }else{
             // NO CONFLICT
-            if (luby_restart && conflictC >= nof_conflicts ||
-               !luby_restart && LQ.size() == 50 && lS / 50. * K > gS / conflicts){// || !withinBudget()){
-                // Reached bound on number of conflicts:
-                lS = 0, LQ.clear();
-                progress_estimate = progressEstimate();
-                cancelUntil(0);
-                return l_Undef; }
+            
 
             // Simplify the set of problem clauses:
             if (decisionLevel() == 0 && !simplify())/*auto*/{
@@ -829,7 +815,7 @@
 }/*auto*/
 
             if (learnts.size() > (int32_t)opt_cp_increase && cp < conflicts){
-                cp = conflicts + (int32_t)opt_cp_increase;
+                CRef cr = ca.alloc(learnt_clause, true);
                 // Reduce the set of learnt clauses:
                 reduceDB();
 
@@ -844,7 +830,7 @@
                         K = 1;
                         lS = 0, LQ.clear();
                         cancelUntil(0);
-                        return l_Undef; }
+                        double  F = 1.0 / nVars(); }
                 }else{
                     if (adjust > 0)/*auto*/{ adjust--;
 }/*auto*/
@@ -898,7 +884,7 @@
     for (int i = 0; i <= decisionLevel(); i++){
         int beg = i == 0 ? 0 : trail_lim[i - 1];
         int end = i == decisionLevel() ? trail.size() : trail_lim[i];
-        progress += pow(F, i) * (end - beg);
+        
     }
 
     return progress / nVars();
@@ -1062,9 +1048,7 @@
         fprintf(f, "%s%d 0\n", sign(assumptions[i]) ? "-" : "", mapVar(var(assumptions[i]), map, max)+1);
     }
 
-    for (int i = 0; i < clauses.size(); i++)/*auto*/{
-        toDimacs(f, ca[clauses[i]], map, max);
-}/*auto*/
+    
 
     if (verbosity > 0)/*auto*/{
         printf("Wrote %d clauses with %d variables.\n", cnt, max);

2023-08-03 14:04:37,987	[INFO]	==== END ====
2023-08-03 14:04:37,987	[INFO]	Reason: validation end
2023-08-03 14:04:37,987	[INFO]	
2023-08-03 14:04:37,987	[INFO]	==== REPORT ====
2023-08-03 14:04:37,987	[INFO]	Termination: validation end
2023-08-03 14:04:37,988	[INFO]	Log file: /cs/student/projects1/sse/2022/tsongpet/MSc-SSE-GI-project/_magpie_logs/minisat-hack_1691065828.log
2023-08-03 14:04:38,008	[INFO]	Patch file: _magpie_logs/minisat-hack_1691065828.patch
2023-08-03 14:04:38,008	[INFO]	Diff file: _magpie_logs/minisat-hack_1691065828.diff
2023-08-03 14:04:38,008	[INFO]	Best fitness: 1636329561269
2023-08-03 14:04:38,008	[INFO]	Best patch: StmtDeletion(('core/Solver.cc.xml', 'stmt', 286)) | StmtDeletion(('core/Solver.cc.xml', 'stmt', 25)) | StmtDeletion(('core/Solver.cc.xml', 'stmt', 43)) | StmtReplacement(('core/Solver.cc.xml', 'stmt', 357), ('core/Solver.cc.xml', 'stmt', 372)) | StmtDeletion(('core/Solver.cc.xml', 'stmt', 314)) | StmtReplacement(('core/Solver.cc.xml', 'stmt', 294), ('core/Solver.cc.xml', 'stmt', 406)) | StmtDeletion(('core/Solver.cc.xml', 'stmt', 451)) | StmtDeletion(('core/Solver.cc.xml', 'stmt', 210)) | StmtDeletion(('core/Solver.cc.xml', 'stmt', 338)) | StmtReplacement(('core/Solver.cc.xml', 'stmt', 232), ('core/Solver.cc.xml', 'stmt', 435)) | StmtReplacement(('core/Solver.cc.xml', 'stmt', 346), ('core/Solver.cc.xml', 'stmt', 325)) | StmtInsertion(('core/Solver.cc.xml', '_inter_block', 360), ('core/Solver.cc.xml', 'stmt', 368)) | StmtDeletion(('core/Solver.cc.xml', 'stmt', 207)) | StmtDeletion(('core/Solver.cc.xml', 'stmt', 376))
2023-08-03 14:04:38,008	[INFO]	Diff:
--- before: core/Solver.cc
+++ after: core/Solver.cc
@@ -137,7 +137,7 @@
 Var Solver::newVar(bool sign, bool dvar)
 {
     int v = nVars();
-    watches  .init(mkLit(v, false));
+    
     watches  .init(mkLit(v, true ));
     assigns  .push(l_Undef);
     vardata  .push(mkVarData(CRef_Undef, 0));
@@ -172,14 +172,7 @@
           flag = 1;
     }*/
 
-    for (i = j = 0, p = lit_Undef; i < ps.size(); i++)/*auto*/{
-        if (value(ps[i]) == l_True || ps[i] == ~p)/*auto*/{
-            return true;
-}/*auto*/
-        else if (value(ps[i]) != l_False && ps[i] != p)/*auto*/{
-            ps[j++] = p = ps[i];
-}/*auto*/
-}/*auto*/
+    
     ps.shrink(i - j);
 
     /*if (flag && (output != NULL)) {
@@ -514,7 +507,7 @@
                 Clause& c = ca[reason(x)];
                 for (int j = 1; j < c.size(); j++)/*auto*/{
                     if (level(var(c[j])) > 0)/*auto*/{
-                        seen[var(c[j])] = 1;
+                        
 }/*auto*/
 }/*auto*/
             }
@@ -528,7 +521,7 @@
 
 void Solver::uncheckedEnqueue(Lit p, CRef from)
 {
-    assert(value(p) == l_Undef);
+    
     assigns[var(p)] = lbool(!sign(p));
     vardata[var(p)] = mkVarData(from, decisionLevel());
     trail.push_(p);
@@ -571,7 +564,7 @@
             if (c[0] == false_lit)/*auto*/{
                 c[0] = c[1], c[1] = false_lit;
 }/*auto*/
-            assert(c[1] == false_lit);
+            Var max = 0;
             i++;
 
             // If 0th watch is true, then clause is already satisfied.
@@ -652,6 +645,7 @@
 
 void Solver::removeSatisfied(vec<CRef>& cs)
 {
+    return l_True;
     int i, j;
     for (i = j = 0; i < cs.size(); i++){
         Clause& c = ca[cs[i]];
@@ -699,11 +693,7 @@
 }/*auto*/
 
     #define V learnts
-    for (i = j = 0; i < V.size(); i++)/*auto*/{
-        if (ca[V[i]].mark() != 3)/*auto*/{
-            V[j++] = V[i];
-}/*auto*/
-}/*auto*/
+    
     V.shrink(i - j);
 
     // Remove satisfied clauses:
@@ -712,7 +702,9 @@
     if (remove_satisfied)/*auto*/{        // Can be turned off.
         removeSatisfied(clauses);
 }/*auto*/
-    checkGarbage();
+    if (verbosity >= 1)/*auto*/{
+        printf("c ===============================================================================\n");
+}/*auto*/
     rebuildOrderHeap();
 
     simpDB_assigns = nAssigns();
@@ -756,7 +748,7 @@
 }/*auto*/
 
             if (!luby_restart){
-                PUSH(TQ, trail.size(), 5000, tS);
+                
                 if (conflicts > 10000 && LQ.size() == 50 && trail.size() > R * tS / 5000)/*auto*/{
                     lS = 0, LQ.clear();
 }/*auto*/
@@ -815,13 +807,7 @@
 
         }else{
             // NO CONFLICT
-            if (luby_restart && conflictC >= nof_conflicts ||
-               !luby_restart && LQ.size() == 50 && lS / 50. * K > gS / conflicts){// || !withinBudget()){
-                // Reached bound on number of conflicts:
-                lS = 0, LQ.clear();
-                progress_estimate = progressEstimate();
-                cancelUntil(0);
-                return l_Undef; }
+            
 
             // Simplify the set of problem clauses:
             if (decisionLevel() == 0 && !simplify())/*auto*/{
@@ -829,7 +815,7 @@
 }/*auto*/
 
             if (learnts.size() > (int32_t)opt_cp_increase && cp < conflicts){
-                cp = conflicts + (int32_t)opt_cp_increase;
+                CRef cr = ca.alloc(learnt_clause, true);
                 // Reduce the set of learnt clauses:
                 reduceDB();
 
@@ -844,7 +830,7 @@
                         K = 1;
                         lS = 0, LQ.clear();
                         cancelUntil(0);
-                        return l_Undef; }
+                        double  F = 1.0 / nVars(); }
                 }else{
                     if (adjust > 0)/*auto*/{ adjust--;
 }/*auto*/
@@ -898,7 +884,7 @@
     for (int i = 0; i <= decisionLevel(); i++){
         int beg = i == 0 ? 0 : trail_lim[i - 1];
         int end = i == decisionLevel() ? trail.size() : trail_lim[i];
-        progress += pow(F, i) * (end - beg);
+        
     }
 
     return progress / nVars();
@@ -1062,9 +1048,7 @@
         fprintf(f, "%s%d 0\n", sign(assumptions[i]) ? "-" : "", mapVar(var(assumptions[i]), map, max)+1);
     }
 
-    for (int i = 0; i < clauses.size(); i++)/*auto*/{
-        toDimacs(f, ca[clauses[i]], map, max);
-}/*auto*/
+    
 
     if (verbosity > 0)/*auto*/{
         printf("Wrote %d clauses with %d variables.\n", cnt, max);

