2023-08-02 16:15:13,641	[DEBUG]	==== CONFIG ====
[magpie]
import = 
seed = 
log_dir = _magpie_logs
work_dir = _magpie_work
local_original_copy = False
local_original_name = __original__
output_encoding = ascii
edit_retries = 10
default_timeout = 30
default_lengthout = 1e6
diff_method = unified

[software]
path = code/minisat-hack
target_files = 
	core/Solver.cc.xml
	minisat.params
program = BasicProgram
engine_rules = 
	*.params : ConfigFileParamsEngine
	*.xml : SrcmlEngine
	* : LineEngine
engine_config = 
	*.params : [params]
	*.xml : [srcml]
setup_cmd = ./compile.sh
setup_timeout = 
setup_lengthout = 
compile_cmd = ./compile.sh
compile_timeout = 16
compile_lengthout = 
test_cmd = 
test_timeout = 
test_lengthout = 
run_cmd = perf stat run-sh/validate_1.sh
run_timeout = 1582
run_lengthout = 
fitness = perf_instructions

[srcml]
rename = 
	stmt: break continue decl_stmt do expr_stmt for goto if return switch while
	number: literal_number
focus = block stmt operator_comp operator_arith number
internodes = block
process_pseudo_blocks = True
process_literals = True
process_operators = True

[params]
timing = test run
cli_prefix = --
cli_glue = =
cli_boolean = show
cli_boolean_prefix_true = 
cli_boolean_prefix_false = no-
silent_prefix = @
silent_suffix = $

[search]
protocol = BasicProtocol
algorithm = ValidTest
possible_edits = 
	ParamSetting
warmup = 1
warmup_strategy = last
max_steps = 
max_time = 
target_fitness = 
cache_maxsize = 40
cache_keep = 0.2

[search.ls]
delete_prob = 0.5
max_neighbours = 
when_trapped = continue
accept_fail = False
tabu_length = 10

[search.gp]
pop_size = 10
delete_prob = 0.5
offspring_elitism = 0.1
offspring_crossover = 0.5
offspring_mutation = 0.4
uniform_rate = 0.5

[search.ga]
pop_size = 10
elitism_size = 2
cxpb_chrm = 0.5
cxpb_gene = 0.5
mutpb_chrm = 0.2
mutpb_gene = 0.1
gi_delete_prob = 0.5
gi_create_prob = 0.5
tournament_size = 3

[search.pso]
pop_size = 10
speed_min = -3
speed_max = 3
c1 = 1.49
c2 = 1.49


2023-08-02 16:15:13,642	[INFO]	==== WARMUP ====
2023-08-02 16:33:46,277	[INFO]	WARM    SUCCESS               1852514172215           
2023-08-02 16:33:46,278	[INFO]	INITIAL SUCCESS               1852514172215           
2023-08-02 16:33:46,278	[INFO]	==== START: ValidTest ====
2023-08-02 16:33:46,370	[DEBUG]	CLEAN_PATCH: ParamSetting(('minisat.params', 'var-decay'), 0.9339723587478604) | ParamSetting(('minisat.params', 'gc-frac'), 0.98895629102476) | ParamSetting(('minisat.params', 'grow'), 47) | ParamSetting(('minisat.params', 'cp-increase'), 5555) | ParamSetting(('minisat.params', 'rnd-init'), 'True') | ParamSetting(('minisat.params', 'R-val'), 1.2307917857034663) | ParamSetting(('minisat.params', 'verb'), '0') | ParamSetting(('minisat.params', 'lbd-cut-max'), 12) | ParamSetting(('minisat.params', 'sub-lim'), 781)
2023-08-02 16:33:46,370	[DEBUG]	CLEAN_SIZE: 9 (was 12)
2023-08-02 16:45:40,450	[DEBUG]	ParamSetting(('minisat.params', 'var-decay'), 0.9339723587478604) | ParamSetting(('minisat.params', 'gc-frac'), 0.98895629102476) | ParamSetting(('minisat.params', 'grow'), 47) | ParamSetting(('minisat.params', 'cp-increase'), 5555) | ParamSetting(('minisat.params', 'rnd-init'), 'True') | ParamSetting(('minisat.params', 'R-val'), 1.2307917857034663) | ParamSetting(('minisat.params', 'verb'), '0') | ParamSetting(('minisat.params', 'lbd-cut-max'), 12) | ParamSetting(('minisat.params', 'sub-lim'), 781)
2023-08-02 16:45:40,450	[INFO]	1       SUCCESS              *1236806839470 (66.76%) [9 edit(s)] 
2023-08-02 16:45:40,459	[DEBUG]	--- before: minisat.params
+++ after: minisat.params
@@ -1,22 +1,22 @@
 lbd-cut := 5
-lbd-cut-max := 10
-cp-increase := 15000
+lbd-cut-max := 12
+cp-increase := 5555
 core-tolerance := 0.02
-R-val := 1.4
-var-decay := 0.8
+R-val := 1.2307917857034663
+var-decay := 0.9339723587478604
 cla-decay := 0.999
 rnd-freq := 0.0
 ccmin-mode := '2'
 phase-saving := '2'
-rnd-init := 'False'
+rnd-init := 'True'
 luby := 0
-gc-frac := 0.2
-verb := '1'
+gc-frac := 0.98895629102476
+verb := '0'
 pre := 'True'
 asymm := 'False'
 rcheck := 'False'
 elim := 'True'
-grow := 0
+grow := 47
 cl-lim := 20
-sub-lim := 1000
+sub-lim := 781
 simp-gc-frac := 0.5

2023-08-02 16:45:40,466	[INFO]	==== END ====
2023-08-02 16:45:40,466	[INFO]	Reason: validation end
2023-08-02 16:45:40,466	[INFO]	
2023-08-02 16:45:40,466	[INFO]	==== REPORT ====
2023-08-02 16:45:40,466	[INFO]	Termination: validation end
2023-08-02 16:45:40,466	[INFO]	Log file: /cs/student/msc/sse/2022/tsongpet/MSc-SSE-GI-project/_magpie_logs/minisat-hack_1690989310.log
2023-08-02 16:45:40,474	[INFO]	Patch file: _magpie_logs/minisat-hack_1690989310.patch
2023-08-02 16:45:40,474	[INFO]	Diff file: _magpie_logs/minisat-hack_1690989310.diff
2023-08-02 16:45:40,474	[INFO]	Best fitness: 1236806839470
2023-08-02 16:45:40,474	[INFO]	Best patch: ParamSetting(('minisat.params', 'var-decay'), 0.9339723587478604) | ParamSetting(('minisat.params', 'gc-frac'), 0.98895629102476) | ParamSetting(('minisat.params', 'grow'), 47) | ParamSetting(('minisat.params', 'cp-increase'), 5555) | ParamSetting(('minisat.params', 'rnd-init'), 'True') | ParamSetting(('minisat.params', 'R-val'), 1.2307917857034663) | ParamSetting(('minisat.params', 'verb'), '0') | ParamSetting(('minisat.params', 'lbd-cut-max'), 12) | ParamSetting(('minisat.params', 'sub-lim'), 781)
2023-08-02 16:45:40,474	[INFO]	Diff:
--- before: minisat.params
+++ after: minisat.params
@@ -1,22 +1,22 @@
 lbd-cut := 5
-lbd-cut-max := 10
-cp-increase := 15000
+lbd-cut-max := 12
+cp-increase := 5555
 core-tolerance := 0.02
-R-val := 1.4
-var-decay := 0.8
+R-val := 1.2307917857034663
+var-decay := 0.9339723587478604
 cla-decay := 0.999
 rnd-freq := 0.0
 ccmin-mode := '2'
 phase-saving := '2'
-rnd-init := 'False'
+rnd-init := 'True'
 luby := 0
-gc-frac := 0.2
-verb := '1'
+gc-frac := 0.98895629102476
+verb := '0'
 pre := 'True'
 asymm := 'False'
 rcheck := 'False'
 elim := 'True'
-grow := 0
+grow := 47
 cl-lim := 20
-sub-lim := 1000
+sub-lim := 781
 simp-gc-frac := 0.5

