2023-07-10 23:09:04,962	[DEBUG]	==== CONFIG ====
[magpie]
import = 
seed = 
log_dir = _magpie_logs
work_dir = _magpie_work
local_original_copy = False
local_original_name = __original__
output_encoding = ascii
edit_retries = 10
default_timeout = 30
default_lengthout = 1e6
diff_method = unified

[software]
path = code/minisat-hack
target_files = 
	core/Solver.cc.xml
	minisat.params
program = BasicProgram
engine_rules = 
	*.params : ConfigFileParamsEngine
	*.xml : SrcmlEngine
	* : LineEngine
engine_config = 
	*.params : [params]
	*.xml : [srcml]
setup_cmd = ./compile.sh
setup_timeout = 
setup_lengthout = 
compile_cmd = ./compile.sh
compile_timeout = 15
compile_lengthout = 
test_cmd = 
test_timeout = 
test_lengthout = 
run_cmd = perf stat run-sh/validate_2.sh
run_timeout = 1267
run_lengthout = 
fitness = perf_time

[srcml]
rename = 
	stmt: break continue decl_stmt do expr_stmt for goto if return switch while
	number: literal_number
focus = block stmt operator_comp operator_arith number
internodes = block
process_pseudo_blocks = True
process_literals = True
process_operators = True

[params]
timing = test run
cli_prefix = --
cli_glue = =
cli_boolean = show
cli_boolean_prefix_true = 
cli_boolean_prefix_false = no-
silent_prefix = @
silent_suffix = $

[search]
protocol = BasicProtocol
algorithm = ValidRankingSimplify
possible_edits = 
	StmtReplacement
	StmtInsertion
	StmtDeletion
warmup = 3
warmup_strategy = last
max_steps = 
max_time = 21840
target_fitness = 
cache_maxsize = 40
cache_keep = 0.2

[search.ls]
delete_prob = 0.5
max_neighbours = 
when_trapped = continue
accept_fail = False
tabu_length = 10

[search.gp]
pop_size = 10
delete_prob = 0.5
offspring_elitism = 0.1
offspring_crossover = 0.5
offspring_mutation = 0.4
uniform_rate = 0.5


2023-07-10 23:09:04,963	[INFO]	==== WARMUP ====
2023-07-10 23:27:05,870	[INFO]	WARM    SUCCESS               1071.4603               
2023-07-10 23:44:35,944	[INFO]	WARM    SUCCESS               1046.3444               
2023-07-11 00:02:00,726	[INFO]	WARM    SUCCESS               1041.051                
2023-07-11 00:02:00,726	[INFO]	INITIAL SUCCESS               1041.051                
2023-07-11 00:02:00,727	[INFO]	==== START: ValidRankingSimplify ====
2023-07-11 00:02:00,814	[DEBUG]	CLEAN_PATCH: StmtDeletion(('core/Solver.cc.xml', 'stmt', 273)) | StmtDeletion(('core/Solver.cc.xml', 'stmt', 120)) | StmtDeletion(('core/Solver.cc.xml', 'stmt', 286)) | StmtDeletion(('core/Solver.cc.xml', 'stmt', 37)) | StmtInsertion(('core/Solver.cc.xml', '_inter_block', 221), ('core/Solver.cc.xml', 'stmt', 41))
2023-07-11 00:02:00,814	[DEBUG]	CLEAN_SIZE: 5 (was 5)
2023-07-11 00:10:30,865	[DEBUG]	StmtDeletion(('core/Solver.cc.xml', 'stmt', 273)) | StmtDeletion(('core/Solver.cc.xml', 'stmt', 120)) | StmtDeletion(('core/Solver.cc.xml', 'stmt', 286)) | StmtDeletion(('core/Solver.cc.xml', 'stmt', 37)) | StmtInsertion(('core/Solver.cc.xml', '_inter_block', 221), ('core/Solver.cc.xml', 'stmt', 41))
2023-07-11 00:10:30,865	[INFO]	1       RUN_CODE_ERROR        None  [5 edit(s)]       
2023-07-11 00:10:30,866	[INFO]	-- ranking --
2023-07-11 00:28:53,422	[DEBUG]	StmtDeletion(('core/Solver.cc.xml', 'stmt', 273))
2023-07-11 00:28:53,422	[INFO]	2       SUCCESS              *1099.0021 (105.57%) [1 edit(s)] 
2023-07-11 00:28:53,432	[DEBUG]	--- before: core/Solver.cc
+++ after: core/Solver.cc
@@ -656,7 +656,7 @@
     for (i = j = 0; i < cs.size(); i++){
         Clause& c = ca[cs[i]];
         if (satisfied(c))/*auto*/{
-            removeClause(cs[i]);
+            
 }/*auto*/
         else/*auto*/{
             cs[j++] = cs[i];

2023-07-11 00:46:17,814	[DEBUG]	StmtDeletion(('core/Solver.cc.xml', 'stmt', 120))
2023-07-11 00:46:17,814	[INFO]	3       SUCCESS              *1039.8451 (99.88%) [1 edit(s)] 
2023-07-11 00:46:17,824	[DEBUG]	--- before: core/Solver.cc
+++ after: core/Solver.cc
@@ -352,7 +352,7 @@
                 lF.push(confl);
                 core_added++;
             }else/*auto*/{
-                claBumpActivity(c);
+                
 }/*auto*/
         }
 

2023-07-11 00:54:36,697	[DEBUG]	StmtDeletion(('core/Solver.cc.xml', 'stmt', 286))
2023-07-11 00:54:36,698	[INFO]	4       RUN_CODE_ERROR        None  [1 edit(s)]       
2023-07-11 01:11:58,348	[DEBUG]	StmtDeletion(('core/Solver.cc.xml', 'stmt', 37))
2023-07-11 01:11:58,349	[INFO]	5       SUCCESS              *1037.2685 (99.64%) [1 edit(s)] 
2023-07-11 01:11:58,359	[DEBUG]	--- before: core/Solver.cc
+++ after: core/Solver.cc
@@ -155,7 +155,7 @@
 
 bool Solver::addClause_(vec<Lit>& ps)
 {
-    assert(decisionLevel() == 0);
+    
     if (!ok)/*auto*/{ return false;
 }/*auto*/
 

2023-07-11 01:29:50,860	[DEBUG]	StmtInsertion(('core/Solver.cc.xml', '_inter_block', 221), ('core/Solver.cc.xml', 'stmt', 41))
2023-07-11 01:29:50,860	[INFO]	6       SUCCESS              +1068.6486 (102.65%) [1 edit(s)] 
2023-07-11 01:29:50,873	[DEBUG]	--- before: core/Solver.cc
+++ after: core/Solver.cc
@@ -438,6 +438,7 @@
         for (int i = 2; i < out_learnt.size(); i++)/*auto*/{
             if (level(var(out_learnt[i])) > level(var(out_learnt[max_i])))/*auto*/{
                 max_i = i;
+                Lit p;
 }/*auto*/
 }/*auto*/
         // Swap-in this literal at index 1:

2023-07-11 01:29:50,874	[INFO]	-- rebuild --
2023-07-11 01:46:49,735	[DEBUG]	StmtDeletion(('core/Solver.cc.xml', 'stmt', 37)) | StmtDeletion(('core/Solver.cc.xml', 'stmt', 120))
2023-07-11 01:46:49,736	[INFO]	7       SUCCESS              *1014.8836 (97.49%) [2 edit(s)] 
2023-07-11 01:46:49,747	[DEBUG]	--- before: core/Solver.cc
+++ after: core/Solver.cc
@@ -155,7 +155,7 @@
 
 bool Solver::addClause_(vec<Lit>& ps)
 {
-    assert(decisionLevel() == 0);
+    
     if (!ok)/*auto*/{ return false;
 }/*auto*/
 
@@ -352,7 +352,7 @@
                 lF.push(confl);
                 core_added++;
             }else/*auto*/{
-                claBumpActivity(c);
+                
 }/*auto*/
         }
 

2023-07-11 02:03:32,291	[DEBUG]	StmtDeletion(('core/Solver.cc.xml', 'stmt', 37)) | StmtDeletion(('core/Solver.cc.xml', 'stmt', 120)) | StmtInsertion(('core/Solver.cc.xml', '_inter_block', 221), ('core/Solver.cc.xml', 'stmt', 41))
2023-07-11 02:03:32,292	[INFO]	8       SUCCESS              *999.1177 (95.97%) [3 edit(s)] 
2023-07-11 02:03:32,305	[DEBUG]	--- before: core/Solver.cc
+++ after: core/Solver.cc
@@ -155,7 +155,7 @@
 
 bool Solver::addClause_(vec<Lit>& ps)
 {
-    assert(decisionLevel() == 0);
+    
     if (!ok)/*auto*/{ return false;
 }/*auto*/
 
@@ -352,7 +352,7 @@
                 lF.push(confl);
                 core_added++;
             }else/*auto*/{
-                claBumpActivity(c);
+                
 }/*auto*/
         }
 
@@ -438,6 +438,7 @@
         for (int i = 2; i < out_learnt.size(); i++)/*auto*/{
             if (level(var(out_learnt[i])) > level(var(out_learnt[max_i])))/*auto*/{
                 max_i = i;
+                Lit p;
 }/*auto*/
 }/*auto*/
         // Swap-in this literal at index 1:

2023-07-11 02:20:35,272	[DEBUG]	StmtDeletion(('core/Solver.cc.xml', 'stmt', 37)) | StmtDeletion(('core/Solver.cc.xml', 'stmt', 120)) | StmtInsertion(('core/Solver.cc.xml', '_inter_block', 221), ('core/Solver.cc.xml', 'stmt', 41)) | StmtDeletion(('core/Solver.cc.xml', 'stmt', 273))
2023-07-11 02:20:35,272	[INFO]	9       SUCCESS              +1019.4033 (97.92%) [4 edit(s)] 
2023-07-11 02:20:35,286	[DEBUG]	--- before: core/Solver.cc
+++ after: core/Solver.cc
@@ -155,7 +155,7 @@
 
 bool Solver::addClause_(vec<Lit>& ps)
 {
-    assert(decisionLevel() == 0);
+    
     if (!ok)/*auto*/{ return false;
 }/*auto*/
 
@@ -352,7 +352,7 @@
                 lF.push(confl);
                 core_added++;
             }else/*auto*/{
-                claBumpActivity(c);
+                
 }/*auto*/
         }
 
@@ -438,6 +438,7 @@
         for (int i = 2; i < out_learnt.size(); i++)/*auto*/{
             if (level(var(out_learnt[i])) > level(var(out_learnt[max_i])))/*auto*/{
                 max_i = i;
+                Lit p;
 }/*auto*/
 }/*auto*/
         // Swap-in this literal at index 1:
@@ -656,7 +657,7 @@
     for (i = j = 0; i < cs.size(); i++){
         Clause& c = ca[cs[i]];
         if (satisfied(c))/*auto*/{
-            removeClause(cs[i]);
+            
 }/*auto*/
         else/*auto*/{
             cs[j++] = cs[i];

2023-07-11 02:28:55,216	[DEBUG]	StmtDeletion(('core/Solver.cc.xml', 'stmt', 37)) | StmtDeletion(('core/Solver.cc.xml', 'stmt', 120)) | StmtInsertion(('core/Solver.cc.xml', '_inter_block', 221), ('core/Solver.cc.xml', 'stmt', 41)) | StmtDeletion(('core/Solver.cc.xml', 'stmt', 286))
2023-07-11 02:28:55,216	[INFO]	10      RUN_CODE_ERROR        None  [4 edit(s)]       
2023-07-11 02:28:55,216	[INFO]	-- simplify --
2023-07-11 02:45:30,558	[DEBUG]	StmtDeletion(('core/Solver.cc.xml', 'stmt', 120)) | StmtInsertion(('core/Solver.cc.xml', '_inter_block', 221), ('core/Solver.cc.xml', 'stmt', 41))
2023-07-11 02:45:30,558	[INFO]	11      SUCCESS              *991.5795 (95.25%) [2 edit(s)] 
2023-07-11 02:45:30,571	[DEBUG]	--- before: core/Solver.cc
+++ after: core/Solver.cc
@@ -352,7 +352,7 @@
                 lF.push(confl);
                 core_added++;
             }else/*auto*/{
-                claBumpActivity(c);
+                
 }/*auto*/
         }
 
@@ -438,6 +438,7 @@
         for (int i = 2; i < out_learnt.size(); i++)/*auto*/{
             if (level(var(out_learnt[i])) > level(var(out_learnt[max_i])))/*auto*/{
                 max_i = i;
+                Lit p;
 }/*auto*/
 }/*auto*/
         // Swap-in this literal at index 1:

2023-07-11 02:45:30,582	[DEBUG]	StmtInsertion(('core/Solver.cc.xml', '_inter_block', 221), ('core/Solver.cc.xml', 'stmt', 41))
2023-07-11 02:45:30,582	[INFO]	12      SUCCESS              +1068.6486 (102.65%) [1 edit(s)] 
2023-07-11 02:45:30,593	[DEBUG]	--- before: core/Solver.cc
+++ after: core/Solver.cc
@@ -438,6 +438,7 @@
         for (int i = 2; i < out_learnt.size(); i++)/*auto*/{
             if (level(var(out_learnt[i])) > level(var(out_learnt[max_i])))/*auto*/{
                 max_i = i;
+                Lit p;
 }/*auto*/
 }/*auto*/
         // Swap-in this literal at index 1:

2023-07-11 02:45:30,602	[DEBUG]	StmtDeletion(('core/Solver.cc.xml', 'stmt', 120))
2023-07-11 02:45:30,602	[INFO]	13      SUCCESS              +1039.8451 (99.88%) [1 edit(s)] 
2023-07-11 02:45:30,610	[DEBUG]	--- before: core/Solver.cc
+++ after: core/Solver.cc
@@ -352,7 +352,7 @@
                 lF.push(confl);
                 core_added++;
             }else/*auto*/{
-                claBumpActivity(c);
+                
 }/*auto*/
         }
 

2023-07-11 02:45:30,621	[INFO]	==== END ====
2023-07-11 02:45:30,621	[INFO]	Reason: validation end
2023-07-11 02:45:30,622	[INFO]	
2023-07-11 02:45:30,622	[INFO]	==== REPORT ====
2023-07-11 02:45:30,622	[INFO]	Termination: validation end
2023-07-11 02:45:30,622	[INFO]	Log file: /home/tsongpet/MSc-SSE-GI-project/_magpie_logs/minisat-hack_1689026936.log
2023-07-11 02:45:30,636	[INFO]	Patch file: _magpie_logs/minisat-hack_1689026936.patch
2023-07-11 02:45:30,636	[INFO]	Diff file: _magpie_logs/minisat-hack_1689026936.diff
2023-07-11 02:45:30,636	[INFO]	Best fitness: 991.5795
2023-07-11 02:45:30,636	[INFO]	Best patch: StmtDeletion(('core/Solver.cc.xml', 'stmt', 120)) | StmtInsertion(('core/Solver.cc.xml', '_inter_block', 221), ('core/Solver.cc.xml', 'stmt', 41))
2023-07-11 02:45:30,636	[INFO]	Diff:
--- before: core/Solver.cc
+++ after: core/Solver.cc
@@ -352,7 +352,7 @@
                 lF.push(confl);
                 core_added++;
             }else/*auto*/{
-                claBumpActivity(c);
+                
 }/*auto*/
         }
 
@@ -438,6 +438,7 @@
         for (int i = 2; i < out_learnt.size(); i++)/*auto*/{
             if (level(var(out_learnt[i])) > level(var(out_learnt[max_i])))/*auto*/{
                 max_i = i;
+                Lit p;
 }/*auto*/
 }/*auto*/
         // Swap-in this literal at index 1:

