2023-07-06 15:08:57,014	[DEBUG]	==== CONFIG ====
[magpie]
import = 
seed = 
log_dir = _magpie_logs
work_dir = _magpie_work
local_original_copy = False
local_original_name = __original__
output_encoding = ascii
edit_retries = 10
default_timeout = 30
default_lengthout = 1e6
diff_method = unified

[software]
path = code/minisat-hack
target_files = 
	minisat.params
program = BasicProgram
engine_rules = 
	*.params : ConfigFileParamsEngine
	*.xml : SrcmlEngine
	* : LineEngine
engine_config = 
	*.params : [params]
	*.xml : [srcml]
setup_cmd = ./compile.sh
setup_timeout = 
setup_lengthout = 
compile_cmd = ./compile.sh
compile_timeout = 15
compile_lengthout = 
test_cmd = 
test_timeout = 
test_lengthout = 
run_cmd = perf stat run-sh/train_5.sh
run_timeout = 43
run_lengthout = 
fitness = perf_time

[srcml]
rename = 
	stmt: break continue decl_stmt do expr_stmt for goto if return switch while
	number: literal_number
focus = block stmt operator_comp operator_arith number
internodes = block
process_pseudo_blocks = True
process_literals = True
process_operators = True

[params]
timing = test run
cli_prefix = --
cli_glue = =
cli_boolean = show
cli_boolean_prefix_true = 
cli_boolean_prefix_false = no-
silent_prefix = @
silent_suffix = $

[search]
protocol = BasicProtocol
algorithm = FirstImprovement
possible_edits = 
	ParamSetting
warmup = 3
warmup_strategy = last
max_steps = 
max_time = 12840
target_fitness = 
cache_maxsize = 40
cache_keep = 0.2

[search.ls]
delete_prob = 0.5
max_neighbours = 
when_trapped = continue
accept_fail = False
tabu_length = 10

[search.gp]
pop_size = 10
delete_prob = 0.5
offspring_elitism = 0.1
offspring_crossover = 0.5
offspring_mutation = 0.4
uniform_rate = 0.5


2023-07-06 15:08:57,014	[INFO]	==== WARMUP ====
2023-07-06 15:09:40,100	[INFO]	WARM    SUCCESS               34.8615                 
2023-07-06 15:10:13,301	[INFO]	WARM    SUCCESS               33.1072                 
2023-07-06 15:10:46,900	[INFO]	WARM    SUCCESS               33.5073                 
2023-07-06 15:10:46,900	[INFO]	INITIAL SUCCESS               33.5073                 
2023-07-06 15:10:46,900	[INFO]	==== START: FirstImprovement ====
2023-07-06 15:11:30,005	[DEBUG]	ParamSetting(('minisat.params', 'rnd-freq'), 0.6257880936894438)
2023-07-06 15:11:30,005	[INFO]	1       RUN_TIMEOUT           None  [1 edit(s)]       
2023-07-06 15:12:03,664	[DEBUG]	ParamSetting(('minisat.params', 'gc-frac'), 0.13190681851135366)
2023-07-06 15:12:03,665	[INFO]	2       SUCCESS               33.5645 (100.17%) [1 edit(s)] 
2023-07-06 15:12:16,239	[INFO]	==== END ====
2023-07-06 15:12:16,239	[INFO]	Reason: keyboard interrupt
2023-07-06 15:12:16,239	[INFO]	
2023-07-06 15:12:16,239	[INFO]	==== REPORT ====
2023-07-06 15:12:16,240	[INFO]	Termination: keyboard interrupt
2023-07-06 15:12:16,240	[INFO]	Log file: /home/tsongpet/MSc-SSE-GI-project/_magpie_logs/minisat-hack_1688652536.log
2023-07-06 15:12:16,241	[INFO]	Patch file: _magpie_logs/minisat-hack_1688652536.patch
2023-07-06 15:12:16,241	[INFO]	Diff file: _magpie_logs/minisat-hack_1688652536.diff
2023-07-06 15:12:16,241	[INFO]	Best fitness: 33.5073
2023-07-06 15:12:16,242	[INFO]	Best patch: 
2023-07-06 15:12:16,242	[INFO]	Diff:

