2023-06-20 16:17:51,758	[DEBUG]	==== CONFIG ====
[magpie]
import = 
seed = 
log_dir = _magpie_logs
work_dir = _magpie_work
local_original_copy = False
local_original_name = __original__
output_encoding = ascii
edit_retries = 10
default_timeout = 97000
default_lengthout = 1e6
diff_method = unified

[software]
path = code/minisat-hack
target_files = 
	core/Solver.cc
program = BasicProgram
engine_rules = 
	*.params : ConfigFileParamsEngine
	*.xml : SrcmlEngine
	* : LineEngine
engine_config = 
	*.params : [params]
	*.xml : [srcml]
setup_cmd = 
setup_timeout = 
setup_lengthout = 
compile_cmd = ./compile.sh
compile_timeout = 
compile_lengthout = 
test_cmd = 
test_timeout = 
test_lengthout = 
run_cmd = run-sh/train_1.sh
run_timeout = 
run_lengthout = 
fitness = time

[srcml]
rename = 
	stmt: break continue decl_stmt do expr_stmt for goto if return switch while
	number: literal_number
focus = block stmt operator_comp operator_arith number
internodes = block
process_pseudo_blocks = True
process_literals = True
process_operators = True

[params]
timing = test run
cli_prefix = --
cli_glue = =
cli_boolean = show
cli_boolean_prefix_true = 
cli_boolean_prefix_false = no-
silent_prefix = @
silent_suffix = $

[search]
protocol = BasicProtocol
algorithm = FirstImprovement
possible_edits = 
	LineReplacement
	LineInsertion
	LineDeletion
warmup = 3
warmup_strategy = last
max_steps = 1000
max_time = 
target_fitness = 
cache_maxsize = 40
cache_keep = 0.2

[search.ls]
delete_prob = 0.5
max_neighbours = 
when_trapped = continue
accept_fail = False
tabu_length = 10

[search.gp]
pop_size = 10
delete_prob = 0.5
offspring_elitism = 0.1
offspring_crossover = 0.5
offspring_mutation = 0.4
uniform_rate = 0.5


2023-06-20 16:17:51,758	[INFO]	==== WARMUP ====
2023-06-20 16:22:59,057	[INFO]	WARM    SUCCESS               299.4976                
2023-06-20 16:29:30,358	[INFO]	WARM    SUCCESS               373.003                 
2023-06-20 16:35:59,833	[INFO]	WARM    SUCCESS               371.2425                
2023-06-20 16:35:59,833	[INFO]	INITIAL SUCCESS               371.2425                
2023-06-20 16:35:59,833	[INFO]	==== START: FirstImprovement ====
2023-06-20 16:50:22,979	[DEBUG]	LineDeletion(('core/Solver.cc', 'line', 652))
2023-06-20 16:50:22,979	[INFO]	1       SUCCESS               845.5559 (227.76%) [1 edit(s)] 
2023-06-20 16:56:49,181	[DEBUG]	LineInsertion(('core/Solver.cc', '_inter_line', 540), ('core/Solver.cc', 'line', 273))
2023-06-20 16:56:49,182	[INFO]	2       SUCCESS              *368.3118 (99.21%) [1 edit(s)] 
2023-06-20 16:56:49,234	[DEBUG]	--- before: core/Solver.cc
+++ after: core/Solver.cc
@@ -538,6 +538,7 @@
                 c[0] = c[1], c[1] = false_lit;
             assert(c[1] == false_lit);
             i++;
+//=================================================================================================
 
             // If 0th watch is true, then clause is already satisfied.
             Lit     first = c[0];

2023-06-20 17:03:19,469	[DEBUG]	LineInsertion(('core/Solver.cc', '_inter_line', 540), ('core/Solver.cc', 'line', 273)) | LineDeletion(('core/Solver.cc', 'line', 323))
2023-06-20 17:03:19,469	[INFO]	3       SUCCESS               372.7346 (100.4%) [2 edit(s)] 
2023-06-20 17:03:19,521	[DEBUG]	
2023-06-20 17:03:19,521	[INFO]	4       SUCCESS               371.2425 (100.0%) [0 edit(s)] 
2023-06-20 17:09:47,694	[DEBUG]	LineInsertion(('core/Solver.cc', '_inter_line', 540), ('core/Solver.cc', 'line', 273)) | LineReplacement(('core/Solver.cc', 'line', 447), ('core/Solver.cc', 'line', 917))
2023-06-20 17:09:47,695	[INFO]	5       SUCCESS               369.6176 (99.56%) [2 edit(s)] 
2023-06-20 17:09:50,532	[DEBUG]	LineInsertion(('core/Solver.cc', '_inter_line', 540), ('core/Solver.cc', 'line', 273)) | LineReplacement(('core/Solver.cc', 'line', 46), ('core/Solver.cc', 'line', 268))
2023-06-20 17:09:50,532	[INFO]	6       COMPILE_CODE_ERROR    None  [2 edit(s)]       
2023-06-20 17:09:53,124	[DEBUG]	LineInsertion(('core/Solver.cc', '_inter_line', 540), ('core/Solver.cc', 'line', 273)) | LineReplacement(('core/Solver.cc', 'line', 514), ('core/Solver.cc', 'line', 566))
2023-06-20 17:09:53,124	[INFO]	7       COMPILE_CODE_ERROR    None  [2 edit(s)]       
2023-06-20 17:09:55,886	[DEBUG]	LineInsertion(('core/Solver.cc', '_inter_line', 540), ('core/Solver.cc', 'line', 273)) | LineInsertion(('core/Solver.cc', '_inter_line', 320), ('core/Solver.cc', 'line', 449))
2023-06-20 17:09:55,886	[INFO]	8       COMPILE_CODE_ERROR    None  [2 edit(s)]       
2023-06-20 17:09:58,620	[DEBUG]	LineInsertion(('core/Solver.cc', '_inter_line', 540), ('core/Solver.cc', 'line', 273)) | LineInsertion(('core/Solver.cc', '_inter_line', 896), ('core/Solver.cc', 'line', 951))
2023-06-20 17:09:58,620	[INFO]	9       COMPILE_CODE_ERROR    None  [2 edit(s)]       
2023-06-20 17:10:01,234	[DEBUG]	LineInsertion(('core/Solver.cc', '_inter_line', 540), ('core/Solver.cc', 'line', 273)) | LineReplacement(('core/Solver.cc', 'line', 442), ('core/Solver.cc', 'line', 250))
2023-06-20 17:10:01,234	[INFO]	10      COMPILE_CODE_ERROR    None  [2 edit(s)]       
2023-06-20 17:16:31,332	[DEBUG]	LineInsertion(('core/Solver.cc', '_inter_line', 540), ('core/Solver.cc', 'line', 273)) | LineDeletion(('core/Solver.cc', 'line', 395))
2023-06-20 17:16:31,332	[INFO]	11      SUCCESS               372.1889 (100.25%) [2 edit(s)] 
2023-06-20 17:16:34,117	[DEBUG]	LineInsertion(('core/Solver.cc', '_inter_line', 540), ('core/Solver.cc', 'line', 273)) | LineReplacement(('core/Solver.cc', 'line', 734), ('core/Solver.cc', 'line', 854))
2023-06-20 17:16:34,117	[INFO]	12      COMPILE_CODE_ERROR    None  [2 edit(s)]       
2023-06-20 17:23:37,199	[DEBUG]	LineInsertion(('core/Solver.cc', '_inter_line', 540), ('core/Solver.cc', 'line', 273)) | LineReplacement(('core/Solver.cc', 'line', 102), ('core/Solver.cc', 'line', 1037))
2023-06-20 17:23:37,199	[INFO]	13      SUCCESS               404.9997 (109.09%) [2 edit(s)] 
2023-06-20 17:30:06,222	[DEBUG]	LineInsertion(('core/Solver.cc', '_inter_line', 540), ('core/Solver.cc', 'line', 273)) | LineDeletion(('core/Solver.cc', 'line', 135))
2023-06-20 17:30:06,222	[INFO]	14      SUCCESS               371.1245 (99.97%) [2 edit(s)] 
2023-06-20 17:30:09,267	[DEBUG]	LineInsertion(('core/Solver.cc', '_inter_line', 540), ('core/Solver.cc', 'line', 273)) | LineReplacement(('core/Solver.cc', 'line', 1038), ('core/Solver.cc', 'line', 374))
2023-06-20 17:30:09,268	[INFO]	15      COMPILE_CODE_ERROR    None  [2 edit(s)]       
2023-06-20 17:36:38,781	[DEBUG]	LineInsertion(('core/Solver.cc', '_inter_line', 540), ('core/Solver.cc', 'line', 273)) | LineDeletion(('core/Solver.cc', 'line', 83))
2023-06-20 17:36:38,781	[INFO]	16      SUCCESS               371.4376 (100.05%) [2 edit(s)] 
2023-06-20 17:43:07,657	[DEBUG]	LineInsertion(('core/Solver.cc', '_inter_line', 540), ('core/Solver.cc', 'line', 273)) | LineDeletion(('core/Solver.cc', 'line', 1038))
2023-06-20 17:43:07,658	[INFO]	17      SUCCESS               371.1251 (99.97%) [2 edit(s)] 
2023-06-20 17:43:10,359	[DEBUG]	LineInsertion(('core/Solver.cc', '_inter_line', 540), ('core/Solver.cc', 'line', 273)) | LineInsertion(('core/Solver.cc', '_inter_line', 589), ('core/Solver.cc', 'line', 729))
2023-06-20 17:43:10,360	[INFO]	18      COMPILE_CODE_ERROR    None  [2 edit(s)]       
2023-06-20 17:49:39,982	[DEBUG]	LineInsertion(('core/Solver.cc', '_inter_line', 540), ('core/Solver.cc', 'line', 273)) | LineInsertion(('core/Solver.cc', '_inter_line', 312), ('core/Solver.cc', 'line', 297))
2023-06-20 17:49:39,982	[INFO]	19      SUCCESS               371.1567 (99.98%) [2 edit(s)] 
2023-06-20 17:56:09,252	[DEBUG]	LineInsertion(('core/Solver.cc', '_inter_line', 540), ('core/Solver.cc', 'line', 273)) | LineDeletion(('core/Solver.cc', 'line', 249))
2023-06-20 17:56:09,252	[INFO]	20      SUCCESS               371.3366 (100.03%) [2 edit(s)] 
2023-06-20 17:56:11,988	[DEBUG]	LineInsertion(('core/Solver.cc', '_inter_line', 540), ('core/Solver.cc', 'line', 273)) | LineDeletion(('core/Solver.cc', 'line', 378))
2023-06-20 17:56:11,988	[INFO]	21      COMPILE_CODE_ERROR    None  [2 edit(s)]       
2023-06-20 18:02:39,966	[DEBUG]	LineInsertion(('core/Solver.cc', '_inter_line', 540), ('core/Solver.cc', 'line', 273)) | LineDeletion(('core/Solver.cc', 'line', 769))
2023-06-20 18:02:39,966	[INFO]	22      SUCCESS               370.0014 (99.67%) [2 edit(s)] 
2023-06-20 18:02:42,759	[DEBUG]	LineInsertion(('core/Solver.cc', '_inter_line', 540), ('core/Solver.cc', 'line', 273)) | LineReplacement(('core/Solver.cc', 'line', 1025), ('core/Solver.cc', 'line', 42))
2023-06-20 18:02:42,759	[INFO]	23      COMPILE_CODE_ERROR    None  [2 edit(s)]       
2023-06-20 18:09:08,752	[DEBUG]	LineInsertion(('core/Solver.cc', '_inter_line', 540), ('core/Solver.cc', 'line', 273)) | LineReplacement(('core/Solver.cc', 'line', 753), ('core/Solver.cc', 'line', 909))
2023-06-20 18:09:08,752	[INFO]	24      SUCCESS              *368.1916 (99.18%) [2 edit(s)] 
2023-06-20 18:09:08,805	[DEBUG]	--- before: core/Solver.cc
+++ after: core/Solver.cc
@@ -538,6 +538,7 @@
                 c[0] = c[1], c[1] = false_lit;
             assert(c[1] == false_lit);
             i++;
+//=================================================================================================
 
             // If 0th watch is true, then clause is already satisfied.
             Lit     first = c[0];
@@ -751,7 +752,7 @@
                 if (verbosity >= 1)
                     printf("c | %9d | %7d %8d %8d | %8d %8d %6.0f | %6.3f %% | %d %d | %d %.1f (%.1f) %.1f (%.1f) %d (%d-%d) %d %.2f\n",
                            (int)conflicts,
-                           (int)dec_vars - (trail_lim.size() == 0 ? trail.size() : trail_lim[0]), nClauses(), (int)clauses_literals,
+        // Extend & copy model:
                            (int)lF.size()/*max_learnts*/, nLearnts(), (double)learnts_literals/(lF.size()+nLearnts()), progressEstimate()*100,
                            starts, conflicts / starts,
                            luby_restart, K, (double)opt_K, R, (double)opt_R, LBD_cut, (int32_t)opt_lbd_cut, (int32_t)opt_lbd_cut_max,

2023-06-20 18:09:08,813	[DEBUG]	LineInsertion(('core/Solver.cc', '_inter_line', 540), ('core/Solver.cc', 'line', 273))
2023-06-20 18:09:08,813	[INFO]	25      SUCCESS               368.3118 (99.21%) [1 edit(s)] 
2023-06-20 18:09:08,866	[DEBUG]	LineInsertion(('core/Solver.cc', '_inter_line', 540), ('core/Solver.cc', 'line', 273)) | LineReplacement(('core/Solver.cc', 'line', 753), ('core/Solver.cc', 'line', 909)) | LineReplacement(('core/Solver.cc', 'line', 131), ('core/Solver.cc', 'line', 9))
2023-06-20 18:09:08,866	[INFO]	26      SUCCESS              +368.1916 (99.18%) [3 edit(s)] 
2023-06-20 18:09:08,918	[DEBUG]	--- before: core/Solver.cc
+++ after: core/Solver.cc
@@ -538,6 +538,7 @@
                 c[0] = c[1], c[1] = false_lit;
             assert(c[1] == false_lit);
             i++;
+//=================================================================================================
 
             // If 0th watch is true, then clause is already satisfied.
             Lit     first = c[0];
@@ -751,7 +752,7 @@
                 if (verbosity >= 1)
                     printf("c | %9d | %7d %8d %8d | %8d %8d %6.0f | %6.3f %% | %d %d | %d %.1f (%.1f) %.1f (%.1f) %d (%d-%d) %d %.2f\n",
                            (int)conflicts,
-                           (int)dec_vars - (trail_lim.size() == 0 ? trail.size() : trail_lim[0]), nClauses(), (int)clauses_literals,
+        // Extend & copy model:
                            (int)lF.size()/*max_learnts*/, nLearnts(), (double)learnts_literals/(lF.size()+nLearnts()), progressEstimate()*100,
                            starts, conflicts / starts,
                            luby_restart, K, (double)opt_K, R, (double)opt_R, LBD_cut, (int32_t)opt_lbd_cut, (int32_t)opt_lbd_cut_max,

2023-06-20 18:09:11,716	[DEBUG]	LineInsertion(('core/Solver.cc', '_inter_line', 540), ('core/Solver.cc', 'line', 273)) | LineReplacement(('core/Solver.cc', 'line', 753), ('core/Solver.cc', 'line', 909)) | LineReplacement(('core/Solver.cc', 'line', 131), ('core/Solver.cc', 'line', 9)) | LineReplacement(('core/Solver.cc', 'line', 928), ('core/Solver.cc', 'line', 136))
2023-06-20 18:09:11,716	[INFO]	27      COMPILE_CODE_ERROR    None  [4 edit(s)]       
2023-06-20 18:15:41,776	[DEBUG]	LineInsertion(('core/Solver.cc', '_inter_line', 540), ('core/Solver.cc', 'line', 273)) | LineReplacement(('core/Solver.cc', 'line', 753), ('core/Solver.cc', 'line', 909)) | LineReplacement(('core/Solver.cc', 'line', 131), ('core/Solver.cc', 'line', 9)) | LineDeletion(('core/Solver.cc', 'line', 214))
2023-06-20 18:15:41,777	[INFO]	28      SUCCESS               372.4232 (100.32%) [4 edit(s)] 
2023-06-20 18:15:44,455	[DEBUG]	LineInsertion(('core/Solver.cc', '_inter_line', 540), ('core/Solver.cc', 'line', 273)) | LineReplacement(('core/Solver.cc', 'line', 753), ('core/Solver.cc', 'line', 909)) | LineReplacement(('core/Solver.cc', 'line', 131), ('core/Solver.cc', 'line', 9)) | LineInsertion(('core/Solver.cc', '_inter_line', 998), ('core/Solver.cc', 'line', 72))
2023-06-20 18:15:44,456	[INFO]	29      COMPILE_CODE_ERROR    None  [4 edit(s)]       
2023-06-20 18:22:13,877	[DEBUG]	LineReplacement(('core/Solver.cc', 'line', 753), ('core/Solver.cc', 'line', 909)) | LineReplacement(('core/Solver.cc', 'line', 131), ('core/Solver.cc', 'line', 9))
2023-06-20 18:22:13,877	[INFO]	30      SUCCESS               371.0656 (99.95%) [2 edit(s)] 
2023-06-20 18:28:36,803	[DEBUG]	LineInsertion(('core/Solver.cc', '_inter_line', 540), ('core/Solver.cc', 'line', 273)) | LineReplacement(('core/Solver.cc', 'line', 753), ('core/Solver.cc', 'line', 909)) | LineReplacement(('core/Solver.cc', 'line', 131), ('core/Solver.cc', 'line', 9)) | LineReplacement(('core/Solver.cc', 'line', 236), ('core/Solver.cc', 'line', 842))
2023-06-20 18:28:36,803	[INFO]	31      SUCCESS              *365.1545 (98.36%) [4 edit(s)] 
2023-06-20 18:28:36,856	[DEBUG]	--- before: core/Solver.cc
+++ after: core/Solver.cc
@@ -234,7 +234,7 @@
     Clause& c = ca[cr];
 
     /*if (output != NULL) {
-      fprintf(output, "d ");
+
       for (int i = 0; i < c.size(); i++)
         fprintf(output, "%i ", (var(c[i]) + 1) * (-2 * sign(c[i]) + 1));
       fprintf(output, "0\n");
@@ -538,6 +538,7 @@
                 c[0] = c[1], c[1] = false_lit;
             assert(c[1] == false_lit);
             i++;
+//=================================================================================================
 
             // If 0th watch is true, then clause is already satisfied.
             Lit     first = c[0];
@@ -751,7 +752,7 @@
                 if (verbosity >= 1)
                     printf("c | %9d | %7d %8d %8d | %8d %8d %6.0f | %6.3f %% | %d %d | %d %.1f (%.1f) %.1f (%.1f) %d (%d-%d) %d %.2f\n",
                            (int)conflicts,
-                           (int)dec_vars - (trail_lim.size() == 0 ? trail.size() : trail_lim[0]), nClauses(), (int)clauses_literals,
+        // Extend & copy model:
                            (int)lF.size()/*max_learnts*/, nLearnts(), (double)learnts_literals/(lF.size()+nLearnts()), progressEstimate()*100,
                            starts, conflicts / starts,
                            luby_restart, K, (double)opt_K, R, (double)opt_R, LBD_cut, (int32_t)opt_lbd_cut, (int32_t)opt_lbd_cut_max,

2023-06-20 18:34:56,247	[DEBUG]	LineReplacement(('core/Solver.cc', 'line', 753), ('core/Solver.cc', 'line', 909)) | LineReplacement(('core/Solver.cc', 'line', 131), ('core/Solver.cc', 'line', 9)) | LineReplacement(('core/Solver.cc', 'line', 236), ('core/Solver.cc', 'line', 842))
2023-06-20 18:34:56,247	[INFO]	32      SUCCESS              *361.7298 (97.44%) [3 edit(s)] 
2023-06-20 18:34:56,310	[DEBUG]	--- before: core/Solver.cc
+++ after: core/Solver.cc
@@ -234,7 +234,7 @@
     Clause& c = ca[cr];
 
     /*if (output != NULL) {
-      fprintf(output, "d ");
+
       for (int i = 0; i < c.size(); i++)
         fprintf(output, "%i ", (var(c[i]) + 1) * (-2 * sign(c[i]) + 1));
       fprintf(output, "0\n");
@@ -751,7 +751,7 @@
                 if (verbosity >= 1)
                     printf("c | %9d | %7d %8d %8d | %8d %8d %6.0f | %6.3f %% | %d %d | %d %.1f (%.1f) %.1f (%.1f) %d (%d-%d) %d %.2f\n",
                            (int)conflicts,
-                           (int)dec_vars - (trail_lim.size() == 0 ? trail.size() : trail_lim[0]), nClauses(), (int)clauses_literals,
+        // Extend & copy model:
                            (int)lF.size()/*max_learnts*/, nLearnts(), (double)learnts_literals/(lF.size()+nLearnts()), progressEstimate()*100,
                            starts, conflicts / starts,
                            luby_restart, K, (double)opt_K, R, (double)opt_R, LBD_cut, (int32_t)opt_lbd_cut, (int32_t)opt_lbd_cut_max,

2023-06-20 18:41:18,038	[DEBUG]	LineReplacement(('core/Solver.cc', 'line', 131), ('core/Solver.cc', 'line', 9)) | LineReplacement(('core/Solver.cc', 'line', 236), ('core/Solver.cc', 'line', 842))
2023-06-20 18:41:18,039	[INFO]	33      SUCCESS               363.9253 (98.03%) [2 edit(s)] 
2023-06-20 18:41:18,091	[DEBUG]	LineReplacement(('core/Solver.cc', 'line', 753), ('core/Solver.cc', 'line', 909)) | LineReplacement(('core/Solver.cc', 'line', 236), ('core/Solver.cc', 'line', 842))
2023-06-20 18:41:18,091	[INFO]	34      SUCCESS              +361.7298 (97.44%) [2 edit(s)] 
2023-06-20 18:41:18,098	[DEBUG]	--- before: core/Solver.cc
+++ after: core/Solver.cc
@@ -234,7 +234,7 @@
     Clause& c = ca[cr];
 
     /*if (output != NULL) {
-      fprintf(output, "d ");
+
       for (int i = 0; i < c.size(); i++)
         fprintf(output, "%i ", (var(c[i]) + 1) * (-2 * sign(c[i]) + 1));
       fprintf(output, "0\n");
@@ -751,7 +751,7 @@
                 if (verbosity >= 1)
                     printf("c | %9d | %7d %8d %8d | %8d %8d %6.0f | %6.3f %% | %d %d | %d %.1f (%.1f) %.1f (%.1f) %d (%d-%d) %d %.2f\n",
                            (int)conflicts,
-                           (int)dec_vars - (trail_lim.size() == 0 ? trail.size() : trail_lim[0]), nClauses(), (int)clauses_literals,
+        // Extend & copy model:
                            (int)lF.size()/*max_learnts*/, nLearnts(), (double)learnts_literals/(lF.size()+nLearnts()), progressEstimate()*100,
                            starts, conflicts / starts,
                            luby_restart, K, (double)opt_K, R, (double)opt_R, LBD_cut, (int32_t)opt_lbd_cut, (int32_t)opt_lbd_cut_max,

2023-06-20 18:41:18,150	[DEBUG]	LineReplacement(('core/Solver.cc', 'line', 753), ('core/Solver.cc', 'line', 909))
2023-06-20 18:41:18,150	[INFO]	35      SUCCESS               371.0656 (99.95%) [1 edit(s)] 
2023-06-20 18:41:20,692	[DEBUG]	LineReplacement(('core/Solver.cc', 'line', 753), ('core/Solver.cc', 'line', 909)) | LineReplacement(('core/Solver.cc', 'line', 236), ('core/Solver.cc', 'line', 842)) | LineInsertion(('core/Solver.cc', '_inter_line', 857), ('core/Solver.cc', 'line', 656))
2023-06-20 18:41:20,692	[INFO]	36      COMPILE_CODE_ERROR    None  [3 edit(s)]       
2023-06-20 18:46:21,674	[DEBUG]	LineReplacement(('core/Solver.cc', 'line', 753), ('core/Solver.cc', 'line', 909)) | LineReplacement(('core/Solver.cc', 'line', 236), ('core/Solver.cc', 'line', 842)) | LineDeletion(('core/Solver.cc', 'line', 80))
2023-06-20 18:46:21,674	[INFO]	37      SUCCESS              *283.5344 (76.37%) [3 edit(s)] 
2023-06-20 18:46:21,726	[DEBUG]	--- before: core/Solver.cc
+++ after: core/Solver.cc
@@ -78,7 +78,6 @@
   , luby_restart     (opt_luby_restart)
   , ccmin_mode       (opt_ccmin_mode)
   , phase_saving     (opt_phase_saving)
-  , rnd_pol          (false)
   , rnd_init_act     (opt_rnd_init_act)
   , garbage_frac     (opt_garbage_frac)
   , restart_first    (opt_restart_first)
@@ -234,7 +233,7 @@
     Clause& c = ca[cr];
 
     /*if (output != NULL) {
-      fprintf(output, "d ");
+
       for (int i = 0; i < c.size(); i++)
         fprintf(output, "%i ", (var(c[i]) + 1) * (-2 * sign(c[i]) + 1));
       fprintf(output, "0\n");
@@ -751,7 +750,7 @@
                 if (verbosity >= 1)
                     printf("c | %9d | %7d %8d %8d | %8d %8d %6.0f | %6.3f %% | %d %d | %d %.1f (%.1f) %.1f (%.1f) %d (%d-%d) %d %.2f\n",
                            (int)conflicts,
-                           (int)dec_vars - (trail_lim.size() == 0 ? trail.size() : trail_lim[0]), nClauses(), (int)clauses_literals,
+        // Extend & copy model:
                            (int)lF.size()/*max_learnts*/, nLearnts(), (double)learnts_literals/(lF.size()+nLearnts()), progressEstimate()*100,
                            starts, conflicts / starts,
                            luby_restart, K, (double)opt_K, R, (double)opt_R, LBD_cut, (int32_t)opt_lbd_cut, (int32_t)opt_lbd_cut_max,

2023-06-20 18:52:46,767	[DEBUG]	LineReplacement(('core/Solver.cc', 'line', 236), ('core/Solver.cc', 'line', 842)) | LineDeletion(('core/Solver.cc', 'line', 80))
2023-06-20 18:52:46,767	[INFO]	38      SUCCESS               367.169 (98.9%) [2 edit(s)] 
2023-06-20 18:59:14,720	[DEBUG]	LineReplacement(('core/Solver.cc', 'line', 753), ('core/Solver.cc', 'line', 909)) | LineDeletion(('core/Solver.cc', 'line', 80))
2023-06-20 18:59:14,720	[INFO]	39      SUCCESS               370.7312 (99.86%) [2 edit(s)] 
2023-06-20 19:03:59,382	[DEBUG]	LineReplacement(('core/Solver.cc', 'line', 753), ('core/Solver.cc', 'line', 909)) | LineReplacement(('core/Solver.cc', 'line', 236), ('core/Solver.cc', 'line', 842)) | LineDeletion(('core/Solver.cc', 'line', 80)) | LineInsertion(('core/Solver.cc', '_inter_line', 198), ('core/Solver.cc', 'line', 806))
2023-06-20 19:03:59,382	[INFO]	40      SUCCESS              *267.7369 (72.12%) [4 edit(s)] 
2023-06-20 19:03:59,435	[DEBUG]	--- before: core/Solver.cc
+++ after: core/Solver.cc
@@ -78,7 +78,6 @@
   , luby_restart     (opt_luby_restart)
   , ccmin_mode       (opt_ccmin_mode)
   , phase_saving     (opt_phase_saving)
-  , rnd_pol          (false)
   , rnd_init_act     (opt_rnd_init_act)
   , garbage_frac     (opt_garbage_frac)
   , restart_first    (opt_restart_first)
@@ -196,6 +195,7 @@
         return ok = (propagate() == CRef_Undef);
     }else{
         CRef cr = ca.alloc(ps, false);
+                    analyzeFinal(~p, conflict);
         clauses.push(cr);
         attachClause(cr);
     }
@@ -234,7 +234,7 @@
     Clause& c = ca[cr];
 
     /*if (output != NULL) {
-      fprintf(output, "d ");
+
       for (int i = 0; i < c.size(); i++)
         fprintf(output, "%i ", (var(c[i]) + 1) * (-2 * sign(c[i]) + 1));
       fprintf(output, "0\n");
@@ -751,7 +751,7 @@
                 if (verbosity >= 1)
                     printf("c | %9d | %7d %8d %8d | %8d %8d %6.0f | %6.3f %% | %d %d | %d %.1f (%.1f) %.1f (%.1f) %d (%d-%d) %d %.2f\n",
                            (int)conflicts,
-                           (int)dec_vars - (trail_lim.size() == 0 ? trail.size() : trail_lim[0]), nClauses(), (int)clauses_literals,
+        // Extend & copy model:
                            (int)lF.size()/*max_learnts*/, nLearnts(), (double)learnts_literals/(lF.size()+nLearnts()), progressEstimate()*100,
                            starts, conflicts / starts,
                            luby_restart, K, (double)opt_K, R, (double)opt_R, LBD_cut, (int32_t)opt_lbd_cut, (int32_t)opt_lbd_cut_max,

2023-06-20 19:03:59,443	[DEBUG]	LineReplacement(('core/Solver.cc', 'line', 753), ('core/Solver.cc', 'line', 909)) | LineReplacement(('core/Solver.cc', 'line', 236), ('core/Solver.cc', 'line', 842)) | LineDeletion(('core/Solver.cc', 'line', 80))
2023-06-20 19:03:59,443	[INFO]	41      SUCCESS               283.5344 (76.37%) [3 edit(s)] 
2023-06-20 19:08:40,951	[DEBUG]	LineReplacement(('core/Solver.cc', 'line', 753), ('core/Solver.cc', 'line', 909)) | LineReplacement(('core/Solver.cc', 'line', 236), ('core/Solver.cc', 'line', 842)) | LineDeletion(('core/Solver.cc', 'line', 80)) | LineInsertion(('core/Solver.cc', '_inter_line', 198), ('core/Solver.cc', 'line', 806)) | LineDeletion(('core/Solver.cc', 'line', 979))
2023-06-20 19:08:40,952	[INFO]	42      SUCCESS              *264.4183 (71.23%) [5 edit(s)] 
2023-06-20 19:08:40,960	[DEBUG]	--- before: core/Solver.cc
+++ after: core/Solver.cc
@@ -78,7 +78,6 @@
   , luby_restart     (opt_luby_restart)
   , ccmin_mode       (opt_ccmin_mode)
   , phase_saving     (opt_phase_saving)
-  , rnd_pol          (false)
   , rnd_init_act     (opt_rnd_init_act)
   , garbage_frac     (opt_garbage_frac)
   , restart_first    (opt_restart_first)
@@ -196,6 +195,7 @@
         return ok = (propagate() == CRef_Undef);
     }else{
         CRef cr = ca.alloc(ps, false);
+                    analyzeFinal(~p, conflict);
         clauses.push(cr);
         attachClause(cr);
     }
@@ -234,7 +234,7 @@
     Clause& c = ca[cr];
 
     /*if (output != NULL) {
-      fprintf(output, "d ");
+
       for (int i = 0; i < c.size(); i++)
         fprintf(output, "%i ", (var(c[i]) + 1) * (-2 * sign(c[i]) + 1));
       fprintf(output, "0\n");
@@ -751,7 +751,7 @@
                 if (verbosity >= 1)
                     printf("c | %9d | %7d %8d %8d | %8d %8d %6.0f | %6.3f %% | %d %d | %d %.1f (%.1f) %.1f (%.1f) %d (%d-%d) %d %.2f\n",
                            (int)conflicts,
-                           (int)dec_vars - (trail_lim.size() == 0 ? trail.size() : trail_lim[0]), nClauses(), (int)clauses_literals,
+        // Extend & copy model:
                            (int)lF.size()/*max_learnts*/, nLearnts(), (double)learnts_literals/(lF.size()+nLearnts()), progressEstimate()*100,
                            starts, conflicts / starts,
                            luby_restart, K, (double)opt_K, R, (double)opt_R, LBD_cut, (int32_t)opt_lbd_cut, (int32_t)opt_lbd_cut_max,
@@ -977,7 +977,6 @@
                     mapVar(var(c[j]), map, max);
         }
 
-    // Assumptions are added as unit clauses:
     cnt += assumptions.size();
 
     fprintf(f, "p cnf %d %d\n", max, cnt);

2023-06-20 19:13:23,419	[DEBUG]	LineReplacement(('core/Solver.cc', 'line', 753), ('core/Solver.cc', 'line', 909)) | LineDeletion(('core/Solver.cc', 'line', 80)) | LineInsertion(('core/Solver.cc', '_inter_line', 198), ('core/Solver.cc', 'line', 806)) | LineDeletion(('core/Solver.cc', 'line', 979))
2023-06-20 19:13:23,419	[INFO]	43      SUCCESS               264.708 (71.3%) [4 edit(s)] 
2023-06-20 19:18:15,816	[DEBUG]	LineReplacement(('core/Solver.cc', 'line', 753), ('core/Solver.cc', 'line', 909)) | LineReplacement(('core/Solver.cc', 'line', 236), ('core/Solver.cc', 'line', 842)) | LineDeletion(('core/Solver.cc', 'line', 80)) | LineInsertion(('core/Solver.cc', '_inter_line', 198), ('core/Solver.cc', 'line', 806)) | LineDeletion(('core/Solver.cc', 'line', 979)) | LineDeletion(('core/Solver.cc', 'line', 770))
2023-06-20 19:18:15,816	[INFO]	44      SUCCESS               274.9537 (74.06%) [6 edit(s)] 
2023-06-20 19:24:33,366	[DEBUG]	LineReplacement(('core/Solver.cc', 'line', 753), ('core/Solver.cc', 'line', 909)) | LineReplacement(('core/Solver.cc', 'line', 236), ('core/Solver.cc', 'line', 842)) | LineInsertion(('core/Solver.cc', '_inter_line', 198), ('core/Solver.cc', 'line', 806)) | LineDeletion(('core/Solver.cc', 'line', 979))
2023-06-20 19:24:33,366	[INFO]	45      SUCCESS               360.3831 (97.07%) [4 edit(s)] 
2023-06-20 19:31:01,260	[DEBUG]	LineReplacement(('core/Solver.cc', 'line', 753), ('core/Solver.cc', 'line', 909)) | LineReplacement(('core/Solver.cc', 'line', 236), ('core/Solver.cc', 'line', 842)) | LineDeletion(('core/Solver.cc', 'line', 80)) | LineInsertion(('core/Solver.cc', '_inter_line', 198), ('core/Solver.cc', 'line', 806)) | LineDeletion(('core/Solver.cc', 'line', 979)) | LineReplacement(('core/Solver.cc', 'line', 458), ('core/Solver.cc', 'line', 429))
2023-06-20 19:31:01,261	[INFO]	46      SUCCESS               369.8614 (99.63%) [6 edit(s)] 
2023-06-20 19:36:02,297	[DEBUG]	LineReplacement(('core/Solver.cc', 'line', 753), ('core/Solver.cc', 'line', 909)) | LineReplacement(('core/Solver.cc', 'line', 236), ('core/Solver.cc', 'line', 842)) | LineDeletion(('core/Solver.cc', 'line', 80)) | LineInsertion(('core/Solver.cc', '_inter_line', 198), ('core/Solver.cc', 'line', 806)) | LineDeletion(('core/Solver.cc', 'line', 979)) | LineDeletion(('core/Solver.cc', 'line', 836))
2023-06-20 19:36:02,297	[INFO]	47      SUCCESS               283.4568 (76.35%) [6 edit(s)] 
2023-06-20 19:42:33,486	[DEBUG]	LineReplacement(('core/Solver.cc', 'line', 753), ('core/Solver.cc', 'line', 909)) | LineReplacement(('core/Solver.cc', 'line', 236), ('core/Solver.cc', 'line', 842)) | LineDeletion(('core/Solver.cc', 'line', 80)) | LineInsertion(('core/Solver.cc', '_inter_line', 198), ('core/Solver.cc', 'line', 806))
2023-06-20 19:42:33,486	[INFO]	48      SUCCESS               373.2396 (100.54%) [4 edit(s)] 
2023-06-20 19:47:27,564	[DEBUG]	LineReplacement(('core/Solver.cc', 'line', 236), ('core/Solver.cc', 'line', 842)) | LineDeletion(('core/Solver.cc', 'line', 80)) | LineInsertion(('core/Solver.cc', '_inter_line', 198), ('core/Solver.cc', 'line', 806)) | LineDeletion(('core/Solver.cc', 'line', 979))
2023-06-20 19:47:27,564	[INFO]	49      SUCCESS               276.3171 (74.43%) [4 edit(s)] 
2023-06-20 19:47:30,401	[DEBUG]	LineReplacement(('core/Solver.cc', 'line', 753), ('core/Solver.cc', 'line', 909)) | LineReplacement(('core/Solver.cc', 'line', 236), ('core/Solver.cc', 'line', 842)) | LineDeletion(('core/Solver.cc', 'line', 80)) | LineInsertion(('core/Solver.cc', '_inter_line', 198), ('core/Solver.cc', 'line', 806)) | LineDeletion(('core/Solver.cc', 'line', 979)) | LineInsertion(('core/Solver.cc', '_inter_line', 483), ('core/Solver.cc', 'line', 108))
2023-06-20 19:47:30,402	[INFO]	50      COMPILE_CODE_ERROR    None  [6 edit(s)]       
2023-06-20 19:47:33,282	[DEBUG]	LineReplacement(('core/Solver.cc', 'line', 753), ('core/Solver.cc', 'line', 909)) | LineReplacement(('core/Solver.cc', 'line', 236), ('core/Solver.cc', 'line', 842)) | LineDeletion(('core/Solver.cc', 'line', 80)) | LineInsertion(('core/Solver.cc', '_inter_line', 198), ('core/Solver.cc', 'line', 806)) | LineDeletion(('core/Solver.cc', 'line', 979)) | LineDeletion(('core/Solver.cc', 'line', 834))
2023-06-20 19:47:33,283	[INFO]	51      COMPILE_CODE_ERROR    None  [6 edit(s)]       
2023-06-20 19:54:11,601	[DEBUG]	LineReplacement(('core/Solver.cc', 'line', 753), ('core/Solver.cc', 'line', 909)) | LineReplacement(('core/Solver.cc', 'line', 236), ('core/Solver.cc', 'line', 842)) | LineDeletion(('core/Solver.cc', 'line', 80)) | LineInsertion(('core/Solver.cc', '_inter_line', 198), ('core/Solver.cc', 'line', 806)) | LineDeletion(('core/Solver.cc', 'line', 979)) | LineDeletion(('core/Solver.cc', 'line', 307))
2023-06-20 19:54:11,601	[INFO]	52      SUCCESS               380.8677 (102.59%) [6 edit(s)] 
2023-06-20 19:59:00,453	[DEBUG]	LineReplacement(('core/Solver.cc', 'line', 753), ('core/Solver.cc', 'line', 909)) | LineReplacement(('core/Solver.cc', 'line', 236), ('core/Solver.cc', 'line', 842)) | LineDeletion(('core/Solver.cc', 'line', 80)) | LineInsertion(('core/Solver.cc', '_inter_line', 198), ('core/Solver.cc', 'line', 806)) | LineDeletion(('core/Solver.cc', 'line', 979)) | LineReplacement(('core/Solver.cc', 'line', 425), ('core/Solver.cc', 'line', 909))
2023-06-20 19:59:00,454	[INFO]	53      SUCCESS               271.5884 (73.16%) [6 edit(s)] 
2023-06-20 19:59:03,119	[DEBUG]	LineReplacement(('core/Solver.cc', 'line', 753), ('core/Solver.cc', 'line', 909)) | LineReplacement(('core/Solver.cc', 'line', 236), ('core/Solver.cc', 'line', 842)) | LineDeletion(('core/Solver.cc', 'line', 80)) | LineInsertion(('core/Solver.cc', '_inter_line', 198), ('core/Solver.cc', 'line', 806)) | LineDeletion(('core/Solver.cc', 'line', 979)) | LineReplacement(('core/Solver.cc', 'line', 559), ('core/Solver.cc', 'line', 544))
2023-06-20 19:59:03,120	[INFO]	54      COMPILE_CODE_ERROR    None  [6 edit(s)]       
2023-06-20 19:59:06,402	[DEBUG]	LineReplacement(('core/Solver.cc', 'line', 753), ('core/Solver.cc', 'line', 909)) | LineReplacement(('core/Solver.cc', 'line', 236), ('core/Solver.cc', 'line', 842)) | LineDeletion(('core/Solver.cc', 'line', 80)) | LineInsertion(('core/Solver.cc', '_inter_line', 198), ('core/Solver.cc', 'line', 806)) | LineDeletion(('core/Solver.cc', 'line', 979)) | LineInsertion(('core/Solver.cc', '_inter_line', 120), ('core/Solver.cc', 'line', 641))
2023-06-20 19:59:06,402	[INFO]	55      COMPILE_CODE_ERROR    None  [6 edit(s)]       
2023-06-20 19:59:08,902	[DEBUG]	LineReplacement(('core/Solver.cc', 'line', 753), ('core/Solver.cc', 'line', 909)) | LineReplacement(('core/Solver.cc', 'line', 236), ('core/Solver.cc', 'line', 842)) | LineDeletion(('core/Solver.cc', 'line', 80)) | LineInsertion(('core/Solver.cc', '_inter_line', 198), ('core/Solver.cc', 'line', 806)) | LineDeletion(('core/Solver.cc', 'line', 979)) | LineInsertion(('core/Solver.cc', '_inter_line', 210), ('core/Solver.cc', 'line', 219))
2023-06-20 19:59:08,902	[INFO]	56      COMPILE_CODE_ERROR    None  [6 edit(s)]       
2023-06-20 19:59:11,559	[DEBUG]	LineReplacement(('core/Solver.cc', 'line', 753), ('core/Solver.cc', 'line', 909)) | LineReplacement(('core/Solver.cc', 'line', 236), ('core/Solver.cc', 'line', 842)) | LineDeletion(('core/Solver.cc', 'line', 80)) | LineInsertion(('core/Solver.cc', '_inter_line', 198), ('core/Solver.cc', 'line', 806)) | LineDeletion(('core/Solver.cc', 'line', 979)) | LineInsertion(('core/Solver.cc', '_inter_line', 699), ('core/Solver.cc', 'line', 196))
2023-06-20 19:59:11,560	[INFO]	57      COMPILE_CODE_ERROR    None  [6 edit(s)]       
2023-06-20 20:04:18,898	[DEBUG]	LineReplacement(('core/Solver.cc', 'line', 753), ('core/Solver.cc', 'line', 909)) | LineReplacement(('core/Solver.cc', 'line', 236), ('core/Solver.cc', 'line', 842)) | LineDeletion(('core/Solver.cc', 'line', 80)) | LineInsertion(('core/Solver.cc', '_inter_line', 198), ('core/Solver.cc', 'line', 806)) | LineDeletion(('core/Solver.cc', 'line', 979)) | LineReplacement(('core/Solver.cc', 'line', 743), ('core/Solver.cc', 'line', 998))
2023-06-20 20:04:18,899	[INFO]	58      SUCCESS               289.7251 (78.04%) [6 edit(s)] 
2023-06-20 20:09:21,382	[DEBUG]	LineReplacement(('core/Solver.cc', 'line', 753), ('core/Solver.cc', 'line', 909)) | LineReplacement(('core/Solver.cc', 'line', 236), ('core/Solver.cc', 'line', 842)) | LineDeletion(('core/Solver.cc', 'line', 80)) | LineInsertion(('core/Solver.cc', '_inter_line', 198), ('core/Solver.cc', 'line', 806)) | LineDeletion(('core/Solver.cc', 'line', 979)) | LineDeletion(('core/Solver.cc', 'line', 608))
2023-06-20 20:09:21,382	[INFO]	59      SUCCESS               284.333 (76.59%) [6 edit(s)] 
2023-06-20 20:09:24,175	[DEBUG]	LineReplacement(('core/Solver.cc', 'line', 753), ('core/Solver.cc', 'line', 909)) | LineReplacement(('core/Solver.cc', 'line', 236), ('core/Solver.cc', 'line', 842)) | LineDeletion(('core/Solver.cc', 'line', 80)) | LineInsertion(('core/Solver.cc', '_inter_line', 198), ('core/Solver.cc', 'line', 806)) | LineDeletion(('core/Solver.cc', 'line', 979)) | LineReplacement(('core/Solver.cc', 'line', 912), ('core/Solver.cc', 'line', 348))
2023-06-20 20:09:24,175	[INFO]	60      COMPILE_CODE_ERROR    None  [6 edit(s)]       
2023-06-20 20:15:47,771	[DEBUG]	LineReplacement(('core/Solver.cc', 'line', 753), ('core/Solver.cc', 'line', 909)) | LineReplacement(('core/Solver.cc', 'line', 236), ('core/Solver.cc', 'line', 842)) | LineDeletion(('core/Solver.cc', 'line', 80)) | LineDeletion(('core/Solver.cc', 'line', 979))
2023-06-20 20:15:47,771	[INFO]	61      SUCCESS               366.1892 (98.64%) [4 edit(s)] 
2023-06-20 20:22:16,097	[DEBUG]	LineReplacement(('core/Solver.cc', 'line', 753), ('core/Solver.cc', 'line', 909)) | LineReplacement(('core/Solver.cc', 'line', 236), ('core/Solver.cc', 'line', 842)) | LineDeletion(('core/Solver.cc', 'line', 80)) | LineInsertion(('core/Solver.cc', '_inter_line', 198), ('core/Solver.cc', 'line', 806)) | LineDeletion(('core/Solver.cc', 'line', 979)) | LineInsertion(('core/Solver.cc', '_inter_line', 138), ('core/Solver.cc', 'line', 37))
2023-06-20 20:22:16,098	[INFO]	62      SUCCESS               370.6085 (99.83%) [6 edit(s)] 
2023-06-20 20:22:18,958	[DEBUG]	LineReplacement(('core/Solver.cc', 'line', 753), ('core/Solver.cc', 'line', 909)) | LineReplacement(('core/Solver.cc', 'line', 236), ('core/Solver.cc', 'line', 842)) | LineDeletion(('core/Solver.cc', 'line', 80)) | LineInsertion(('core/Solver.cc', '_inter_line', 198), ('core/Solver.cc', 'line', 806)) | LineDeletion(('core/Solver.cc', 'line', 979)) | LineInsertion(('core/Solver.cc', '_inter_line', 1022), ('core/Solver.cc', 'line', 476))
2023-06-20 20:22:18,958	[INFO]	63      COMPILE_CODE_ERROR    None  [6 edit(s)]       
2023-06-20 20:27:11,049	[DEBUG]	LineReplacement(('core/Solver.cc', 'line', 753), ('core/Solver.cc', 'line', 909)) | LineReplacement(('core/Solver.cc', 'line', 236), ('core/Solver.cc', 'line', 842)) | LineDeletion(('core/Solver.cc', 'line', 80)) | LineInsertion(('core/Solver.cc', '_inter_line', 198), ('core/Solver.cc', 'line', 806)) | LineDeletion(('core/Solver.cc', 'line', 979)) | LineReplacement(('core/Solver.cc', 'line', 25), ('core/Solver.cc', 'line', 247))
2023-06-20 20:27:11,049	[INFO]	64      SUCCESS               274.7857 (74.02%) [6 edit(s)] 
2023-06-20 20:31:58,406	[DEBUG]	LineReplacement(('core/Solver.cc', 'line', 753), ('core/Solver.cc', 'line', 909)) | LineReplacement(('core/Solver.cc', 'line', 236), ('core/Solver.cc', 'line', 842)) | LineDeletion(('core/Solver.cc', 'line', 80)) | LineInsertion(('core/Solver.cc', '_inter_line', 198), ('core/Solver.cc', 'line', 806)) | LineDeletion(('core/Solver.cc', 'line', 979)) | LineDeletion(('core/Solver.cc', 'line', 592))
2023-06-20 20:31:58,406	[INFO]	65      SUCCESS               269.9443 (72.71%) [6 edit(s)] 
2023-06-20 20:32:01,123	[DEBUG]	LineReplacement(('core/Solver.cc', 'line', 753), ('core/Solver.cc', 'line', 909)) | LineReplacement(('core/Solver.cc', 'line', 236), ('core/Solver.cc', 'line', 842)) | LineDeletion(('core/Solver.cc', 'line', 80)) | LineInsertion(('core/Solver.cc', '_inter_line', 198), ('core/Solver.cc', 'line', 806)) | LineDeletion(('core/Solver.cc', 'line', 979)) | LineInsertion(('core/Solver.cc', '_inter_line', 450), ('core/Solver.cc', 'line', 707))
2023-06-20 20:32:01,124	[INFO]	66      COMPILE_CODE_ERROR    None  [6 edit(s)]       
2023-06-20 20:36:51,166	[DEBUG]	LineReplacement(('core/Solver.cc', 'line', 753), ('core/Solver.cc', 'line', 909)) | LineReplacement(('core/Solver.cc', 'line', 236), ('core/Solver.cc', 'line', 842)) | LineDeletion(('core/Solver.cc', 'line', 80)) | LineInsertion(('core/Solver.cc', '_inter_line', 198), ('core/Solver.cc', 'line', 806)) | LineDeletion(('core/Solver.cc', 'line', 979)) | LineReplacement(('core/Solver.cc', 'line', 2), ('core/Solver.cc', 'line', 344))
2023-06-20 20:36:51,166	[INFO]	67      SUCCESS               273.1729 (73.58%) [6 edit(s)] 
2023-06-20 20:36:53,941	[DEBUG]	LineReplacement(('core/Solver.cc', 'line', 753), ('core/Solver.cc', 'line', 909)) | LineReplacement(('core/Solver.cc', 'line', 236), ('core/Solver.cc', 'line', 842)) | LineDeletion(('core/Solver.cc', 'line', 80)) | LineInsertion(('core/Solver.cc', '_inter_line', 198), ('core/Solver.cc', 'line', 806)) | LineDeletion(('core/Solver.cc', 'line', 979)) | LineReplacement(('core/Solver.cc', 'line', 481), ('core/Solver.cc', 'line', 694))
2023-06-20 20:36:53,941	[INFO]	68      COMPILE_CODE_ERROR    None  [6 edit(s)]       
2023-06-20 20:41:34,653	[DEBUG]	LineReplacement(('core/Solver.cc', 'line', 753), ('core/Solver.cc', 'line', 909)) | LineReplacement(('core/Solver.cc', 'line', 236), ('core/Solver.cc', 'line', 842)) | LineDeletion(('core/Solver.cc', 'line', 80)) | LineInsertion(('core/Solver.cc', '_inter_line', 198), ('core/Solver.cc', 'line', 806)) | LineDeletion(('core/Solver.cc', 'line', 979)) | LineReplacement(('core/Solver.cc', 'line', 684), ('core/Solver.cc', 'line', 312))
2023-06-20 20:41:34,654	[INFO]	69      SUCCESS              *262.8036 (70.79%) [6 edit(s)] 
2023-06-20 20:41:34,707	[DEBUG]	--- before: core/Solver.cc
+++ after: core/Solver.cc
@@ -78,7 +78,6 @@
   , luby_restart     (opt_luby_restart)
   , ccmin_mode       (opt_ccmin_mode)
   , phase_saving     (opt_phase_saving)
-  , rnd_pol          (false)
   , rnd_init_act     (opt_rnd_init_act)
   , garbage_frac     (opt_garbage_frac)
   , restart_first    (opt_restart_first)
@@ -196,6 +195,7 @@
         return ok = (propagate() == CRef_Undef);
     }else{
         CRef cr = ca.alloc(ps, false);
+                    analyzeFinal(~p, conflict);
         clauses.push(cr);
         attachClause(cr);
     }
@@ -234,7 +234,7 @@
     Clause& c = ca[cr];
 
     /*if (output != NULL) {
-      fprintf(output, "d ");
+
       for (int i = 0; i < c.size(); i++)
         fprintf(output, "%i ", (var(c[i]) + 1) * (-2 * sign(c[i]) + 1));
       fprintf(output, "0\n");
@@ -682,7 +682,7 @@
 |    NOTE! Use negative value for 'nof_conflicts' indicate infinity.
 |
 |  Output:
-|    'l_True' if a partial assigment that is consistent with respect to the clauseset is found. If
+|      * If out_learnt.size() > 1 then 'out_learnt[1]' has the greatest decision level of the
 |    all variables are decision variables, this means that the clause set is satisfiable. 'l_False'
 |    if the clause set is unsatisfiable. 'l_Undef' if the bound on number of conflicts is reached.
 |________________________________________________________________________________________________@*/
@@ -751,7 +751,7 @@
                 if (verbosity >= 1)
                     printf("c | %9d | %7d %8d %8d | %8d %8d %6.0f | %6.3f %% | %d %d | %d %.1f (%.1f) %.1f (%.1f) %d (%d-%d) %d %.2f\n",
                            (int)conflicts,
-                           (int)dec_vars - (trail_lim.size() == 0 ? trail.size() : trail_lim[0]), nClauses(), (int)clauses_literals,
+        // Extend & copy model:
                            (int)lF.size()/*max_learnts*/, nLearnts(), (double)learnts_literals/(lF.size()+nLearnts()), progressEstimate()*100,
                            starts, conflicts / starts,
                            luby_restart, K, (double)opt_K, R, (double)opt_R, LBD_cut, (int32_t)opt_lbd_cut, (int32_t)opt_lbd_cut_max,
@@ -977,7 +977,6 @@
                     mapVar(var(c[j]), map, max);
         }
 
-    // Assumptions are added as unit clauses:
     cnt += assumptions.size();
 
     fprintf(f, "p cnf %d %d\n", max, cnt);

2023-06-20 20:46:32,491	[DEBUG]	LineReplacement(('core/Solver.cc', 'line', 753), ('core/Solver.cc', 'line', 909)) | LineReplacement(('core/Solver.cc', 'line', 236), ('core/Solver.cc', 'line', 842)) | LineDeletion(('core/Solver.cc', 'line', 80)) | LineInsertion(('core/Solver.cc', '_inter_line', 198), ('core/Solver.cc', 'line', 806)) | LineDeletion(('core/Solver.cc', 'line', 979)) | LineReplacement(('core/Solver.cc', 'line', 684), ('core/Solver.cc', 'line', 312)) | LineInsertion(('core/Solver.cc', '_inter_line', 700), ('core/Solver.cc', 'line', 1012))
2023-06-20 20:46:32,491	[INFO]	70      SUCCESS               280.3958 (75.53%) [7 edit(s)] 
2023-06-20 20:52:59,390	[DEBUG]	LineReplacement(('core/Solver.cc', 'line', 753), ('core/Solver.cc', 'line', 909)) | LineReplacement(('core/Solver.cc', 'line', 236), ('core/Solver.cc', 'line', 842)) | LineDeletion(('core/Solver.cc', 'line', 80)) | LineDeletion(('core/Solver.cc', 'line', 979)) | LineReplacement(('core/Solver.cc', 'line', 684), ('core/Solver.cc', 'line', 312))
2023-06-20 20:52:59,391	[INFO]	71      SUCCESS               368.7979 (99.34%) [5 edit(s)] 
2023-06-20 20:59:20,352	[DEBUG]	LineReplacement(('core/Solver.cc', 'line', 753), ('core/Solver.cc', 'line', 909)) | LineReplacement(('core/Solver.cc', 'line', 236), ('core/Solver.cc', 'line', 842)) | LineInsertion(('core/Solver.cc', '_inter_line', 198), ('core/Solver.cc', 'line', 806)) | LineDeletion(('core/Solver.cc', 'line', 979)) | LineReplacement(('core/Solver.cc', 'line', 684), ('core/Solver.cc', 'line', 312))
2023-06-20 20:59:20,353	[INFO]	72      SUCCESS               363.4192 (97.89%) [5 edit(s)] 
2023-06-20 21:04:13,032	[DEBUG]	LineReplacement(('core/Solver.cc', 'line', 753), ('core/Solver.cc', 'line', 909)) | LineReplacement(('core/Solver.cc', 'line', 236), ('core/Solver.cc', 'line', 842)) | LineDeletion(('core/Solver.cc', 'line', 80)) | LineInsertion(('core/Solver.cc', '_inter_line', 198), ('core/Solver.cc', 'line', 806)) | LineReplacement(('core/Solver.cc', 'line', 684), ('core/Solver.cc', 'line', 312))
2023-06-20 21:04:13,032	[INFO]	73      SUCCESS               275.0444 (74.09%) [5 edit(s)] 
2023-06-20 21:09:08,021	[DEBUG]	LineReplacement(('core/Solver.cc', 'line', 753), ('core/Solver.cc', 'line', 909)) | LineReplacement(('core/Solver.cc', 'line', 236), ('core/Solver.cc', 'line', 842)) | LineDeletion(('core/Solver.cc', 'line', 80)) | LineInsertion(('core/Solver.cc', '_inter_line', 198), ('core/Solver.cc', 'line', 806)) | LineDeletion(('core/Solver.cc', 'line', 979)) | LineReplacement(('core/Solver.cc', 'line', 684), ('core/Solver.cc', 'line', 312)) | LineReplacement(('core/Solver.cc', 'line', 301), ('core/Solver.cc', 'line', 1009))
2023-06-20 21:09:08,021	[INFO]	74      SUCCESS               277.4098 (74.72%) [7 edit(s)] 
