2023-08-23 00:03:33,185	[DEBUG]	==== CONFIG ====
[magpie]
import = 
seed = 
log_dir = _magpie_logs
work_dir = _magpie_work
local_original_copy = False
local_original_name = __original__
output_encoding = ascii
edit_retries = 10
default_timeout = 30
default_lengthout = 1e6
diff_method = unified

[software]
path = code/sat4j
target_files = 
	org.sat4j.core/src/main/java/org/sat4j/minisat/core/Solver.java.xml
	sat4j.params
program = BasicProgram
engine_rules = 
	*.params : ConfigFileParamsEngine
	*.xml : SrcmlEngine
	* : LineEngine
engine_config = 
	*.params : [params]
	*.xml : [srcml]
setup_cmd = ./compile.sh
setup_timeout = 150
setup_lengthout = 
compile_cmd = ./compile.sh
compile_timeout = 150
compile_lengthout = 
test_cmd = 
test_timeout = 
test_lengthout = 
run_cmd = perf stat run-sh/test_9.sh
run_timeout = 11673
run_lengthout = 
fitness = perf_instructions

[srcml]
rename = 
	stmt: break continue decl_stmt do expr_stmt for goto if return switch while
	number: literal_number
focus = block stmt operator_comp operator_arith number
internodes = block
process_pseudo_blocks = True
process_literals = True
process_operators = True

[params]
timing = test run
cli_prefix = --
cli_glue = =
cli_boolean = show
cli_boolean_prefix_true = 
cli_boolean_prefix_false = no-
silent_prefix = @
silent_suffix = $

[search]
protocol = BasicProtocol
algorithm = ValidTest
possible_edits = 
	StmtReplacement
	StmtInsertion
	StmtDeletion
warmup = 1
warmup_strategy = last
max_steps = 
max_time = 
target_fitness = 
cache_maxsize = 40
cache_keep = 0.2

[search.ls]
delete_prob = 0.5
max_neighbours = 
when_trapped = continue
accept_fail = False
tabu_length = 10

[search.gp]
pop_size = 10
delete_prob = 0.5
offspring_elitism = 0.1
offspring_crossover = 0.5
offspring_mutation = 0.4
uniform_rate = 0.5

[search.ga]
pop_size = 100
elitism_size = 10
cxpb_chrm = 0.5
cxpb_gene = 0.5
mutpb_chrm = 0.2
mutpb_gene = 0.1
gi_delete_prob = 0.5
gi_create_prob = 0.5
tournament_size = 3

[search.pso]
pop_size = 10
speed_min = -3
speed_max = 3
c1 = 1.49
c2 = 1.49


2023-08-23 00:03:33,185	[INFO]	==== WARMUP ====
2023-08-23 03:01:52,212	[INFO]	WARM    SUCCESS               49983109182707          
2023-08-23 03:01:52,213	[INFO]	INITIAL SUCCESS               49983109182707          
2023-08-23 03:01:52,213	[INFO]	==== START: ValidTest ====
2023-08-23 03:01:52,225	[DEBUG]	CLEAN_PATCH: StmtDeletion(('org.sat4j.core/src/main/java/org/sat4j/minisat/core/Solver.java.xml', 'stmt', 838))
2023-08-23 03:01:52,225	[DEBUG]	CLEAN_SIZE: 1 (was 1)
2023-08-23 06:01:21,321	[DEBUG]	StmtDeletion(('org.sat4j.core/src/main/java/org/sat4j/minisat/core/Solver.java.xml', 'stmt', 838))
2023-08-23 06:01:21,321	[INFO]	1       SUCCESS              *49922567355074 (99.88%) [1 edit(s)] 
2023-08-23 06:01:21,329	[DEBUG]	--- before: org.sat4j.core/src/main/java/org/sat4j/minisat/core/Solver.java
+++ after: org.sat4j.core/src/main/java/org/sat4j/minisat/core/Solver.java
@@ -2166,7 +2166,7 @@
             }
         } else {
             for (int i = 0; i < decisions.size(); i++) {
-                clause.push(-decisions.get(i));
+                
             }
         }
 

2023-08-23 06:01:21,335	[INFO]	==== END ====
2023-08-23 06:01:21,335	[INFO]	Reason: validation end
2023-08-23 06:01:21,335	[INFO]	
2023-08-23 06:01:21,335	[INFO]	==== REPORT ====
2023-08-23 06:01:21,335	[INFO]	Termination: validation end
2023-08-23 06:01:21,335	[INFO]	Log file: /home/tsongpet/MSc-SSE-GI-project/_magpie_logs/sat4j_1692745407.log
2023-08-23 06:01:21,342	[INFO]	Patch file: _magpie_logs/sat4j_1692745407.patch
2023-08-23 06:01:21,342	[INFO]	Diff file: _magpie_logs/sat4j_1692745407.diff
2023-08-23 06:01:21,342	[INFO]	Best fitness: 49922567355074
2023-08-23 06:01:21,342	[INFO]	Best patch: StmtDeletion(('org.sat4j.core/src/main/java/org/sat4j/minisat/core/Solver.java.xml', 'stmt', 838))
2023-08-23 06:01:21,342	[INFO]	Diff:
--- before: org.sat4j.core/src/main/java/org/sat4j/minisat/core/Solver.java
+++ after: org.sat4j.core/src/main/java/org/sat4j/minisat/core/Solver.java
@@ -2166,7 +2166,7 @@
             }
         } else {
             for (int i = 0; i < decisions.size(); i++) {
-                clause.push(-decisions.get(i));
+                
             }
         }
 

