2023-08-20 02:08:04,663	[DEBUG]	==== CONFIG ====
[magpie]
import = 
seed = 
log_dir = _magpie_logs
work_dir = _magpie_work
local_original_copy = False
local_original_name = __original__
output_encoding = ascii
edit_retries = 10
default_timeout = 30
default_lengthout = 1e6
diff_method = unified

[software]
path = code/sat4j
target_files = 
	org.sat4j.core/src/main/java/org/sat4j/minisat/core/Solver.java.xml
	sat4j.params
program = BasicProgram
engine_rules = 
	*.params : ConfigFileParamsEngine
	*.xml : SrcmlEngine
	* : LineEngine
engine_config = 
	*.params : [params]
	*.xml : [srcml]
setup_cmd = ./compile.sh
setup_timeout = 150
setup_lengthout = 
compile_cmd = ./compile.sh
compile_timeout = 150
compile_lengthout = 
test_cmd = 
test_timeout = 
test_lengthout = 
run_cmd = perf stat run-sh/validate_4.sh
run_timeout = 2259
run_lengthout = 
fitness = perf_instructions

[srcml]
rename = 
	stmt: break continue decl_stmt do expr_stmt for goto if return switch while
	number: literal_number
focus = block stmt operator_comp operator_arith number
internodes = block
process_pseudo_blocks = True
process_literals = True
process_operators = True

[params]
timing = test run
cli_prefix = --
cli_glue = =
cli_boolean = show
cli_boolean_prefix_true = 
cli_boolean_prefix_false = no-
silent_prefix = @
silent_suffix = $

[search]
protocol = BasicProtocol
algorithm = ValidRankingSimplify
possible_edits = 
	StmtReplacement
	StmtInsertion
	StmtDeletion
	ParamSetting
warmup = 1
warmup_strategy = last
max_steps = 
max_time = 
target_fitness = 
cache_maxsize = 40
cache_keep = 0.2

[search.ls]
delete_prob = 0.5
max_neighbours = 
when_trapped = continue
accept_fail = False
tabu_length = 10

[search.gp]
pop_size = 10
delete_prob = 0.5
offspring_elitism = 0.1
offspring_crossover = 0.5
offspring_mutation = 0.4
uniform_rate = 0.5

[search.ga]
pop_size = 100
elitism_size = 10
cxpb_chrm = 0.5
cxpb_gene = 0.5
mutpb_chrm = 0.2
mutpb_gene = 0.1
gi_delete_prob = 0.5
gi_create_prob = 0.5
tournament_size = 3

[search.pso]
pop_size = 10
speed_min = -3
speed_max = 3
c1 = 1.49
c2 = 1.49


2023-08-20 02:08:04,665	[INFO]	==== WARMUP ====
2023-08-20 02:34:57,392	[INFO]	WARM    SUCCESS               9176766921193           
2023-08-20 02:34:57,431	[INFO]	INITIAL SUCCESS               9176766921193           
2023-08-20 02:34:57,432	[INFO]	==== START: ValidTest ====
2023-08-20 02:34:57,491	[DEBUG]	CLEAN_PATCH: StmtDeletion(('org.sat4j.core/src/main/java/org/sat4j/minisat/core/Solver.java.xml', 'stmt', 228)) | StmtDeletion(('org.sat4j.core/src/main/java/org/sat4j/minisat/core/Solver.java.xml', 'stmt', 559)) | StmtReplacement(('org.sat4j.core/src/main/java/org/sat4j/minisat/core/Solver.java.xml', 'stmt', 946), ('org.sat4j.core/src/main/java/org/sat4j/minisat/core/Solver.java.xml', 'stmt', 446)) | StmtDeletion(('org.sat4j.core/src/main/java/org/sat4j/minisat/core/Solver.java.xml', 'stmt', 782)) | ParamSetting(('sat4j.params', 'SIMP'), 'NO_SIMPLIFICATION') | ParamSetting(('sat4j.params', 'RESTARTS'), 'MiniSATRestarts')
2023-08-20 02:34:57,491	[DEBUG]	CLEAN_SIZE: 6 (was 6)
2023-08-20 03:07:19,957	[DEBUG]	StmtDeletion(('org.sat4j.core/src/main/java/org/sat4j/minisat/core/Solver.java.xml', 'stmt', 228)) | StmtDeletion(('org.sat4j.core/src/main/java/org/sat4j/minisat/core/Solver.java.xml', 'stmt', 559)) | StmtReplacement(('org.sat4j.core/src/main/java/org/sat4j/minisat/core/Solver.java.xml', 'stmt', 946), ('org.sat4j.core/src/main/java/org/sat4j/minisat/core/Solver.java.xml', 'stmt', 446)) | StmtDeletion(('org.sat4j.core/src/main/java/org/sat4j/minisat/core/Solver.java.xml', 'stmt', 782)) | ParamSetting(('sat4j.params', 'SIMP'), 'NO_SIMPLIFICATION') | ParamSetting(('sat4j.params', 'RESTARTS'), 'MiniSATRestarts')
2023-08-20 03:07:19,962	[INFO]	1       SUCCESS              *10605385232385 (115.57%) [6 edit(s)] 
2023-08-20 03:07:19,972	[DEBUG]	--- before: org.sat4j.core/src/main/java/org/sat4j/minisat/core/Solver.java
+++ after: org.sat4j.core/src/main/java/org/sat4j/minisat/core/Solver.java
@@ -704,9 +704,7 @@
                 this.trailLim.pop();
             }
         }
-        if (confl == null) {
-            return outLearnt;
-        }
+        
         do {
 
             preason.clear();
@@ -1473,10 +1471,7 @@
     }
 
     public boolean model(int var) {
-        if (var <= 0 || var > realNumberOfVariables()) {
-            throw new IllegalArgumentException(
-                    "Use a valid Dimacs var id as argument!"); //$NON-NLS-1$
-        }
+        
         if (this.userbooleanmodel == null) {
             throw new UnsupportedOperationException(
                     "Call the solve method first!!!"); //$NON-NLS-1$
@@ -2025,7 +2020,7 @@
         double cputime = (System.currentTimeMillis() - this.timebegin) / 1000;
         out.println(prefix + "speed (assignments/second)\t: " //$NON-NLS-1$
                 + this.stats.getPropagations() / cputime);
-        this.order.printStat(out, prefix);
+        
         printLearntClausesInfos(out, prefix);
     }
 
@@ -2469,7 +2464,7 @@
         this.sharedConflict = this.dsfactory
                 .createUnregisteredCardinalityConstraint(copy,
                         literals.length - degree);
-        this.sharedConflict.register();
+        this.sharedConflict.assertConstraint(this);
         addConstr(this.sharedConflict);
         return this.sharedConflict;
     }
--- before: sat4j.params
+++ after: sat4j.params
@@ -1,6 +1,7 @@
-RESTARTS := 'Glucose21Restarts'
+RESTARTS := 'MiniSATRestarts'
 PHASE := 'RSATPhaseSelectionStrategy'
 CLADECAY := 0.999
 VARDECAY := 0.95
-SIMP := 'EXPENSIVE_SIMPLIFICATION'
+CONFLICTBOUNDINCFACTOR := 2.0
+SIMP := 'NO_SIMPLIFICATION'
 CLEANING := 'LBD2'

2023-08-20 03:07:19,982	[INFO]	==== END ====
2023-08-20 03:07:19,982	[INFO]	Reason: validation end
2023-08-20 03:07:19,982	[INFO]	
2023-08-20 03:07:19,982	[INFO]	==== REPORT ====
2023-08-20 03:07:19,982	[INFO]	Termination: validation end
2023-08-20 03:07:19,982	[INFO]	Log file: /home/tsongpet/MSc-SSE-GI-project/_magpie_logs/sat4j_1692493672.log
2023-08-20 03:07:19,990	[INFO]	Patch file: _magpie_logs/sat4j_1692493672.patch
2023-08-20 03:07:19,991	[INFO]	Diff file: _magpie_logs/sat4j_1692493672.diff
2023-08-20 03:07:19,991	[INFO]	Best fitness: 10605385232385
2023-08-20 03:07:19,991	[INFO]	Best patch: StmtDeletion(('org.sat4j.core/src/main/java/org/sat4j/minisat/core/Solver.java.xml', 'stmt', 228)) | StmtDeletion(('org.sat4j.core/src/main/java/org/sat4j/minisat/core/Solver.java.xml', 'stmt', 559)) | StmtReplacement(('org.sat4j.core/src/main/java/org/sat4j/minisat/core/Solver.java.xml', 'stmt', 946), ('org.sat4j.core/src/main/java/org/sat4j/minisat/core/Solver.java.xml', 'stmt', 446)) | StmtDeletion(('org.sat4j.core/src/main/java/org/sat4j/minisat/core/Solver.java.xml', 'stmt', 782)) | ParamSetting(('sat4j.params', 'SIMP'), 'NO_SIMPLIFICATION') | ParamSetting(('sat4j.params', 'RESTARTS'), 'MiniSATRestarts')
2023-08-20 03:07:19,991	[INFO]	Diff:
--- before: org.sat4j.core/src/main/java/org/sat4j/minisat/core/Solver.java
+++ after: org.sat4j.core/src/main/java/org/sat4j/minisat/core/Solver.java
@@ -704,9 +704,7 @@
                 this.trailLim.pop();
             }
         }
-        if (confl == null) {
-            return outLearnt;
-        }
+        
         do {
 
             preason.clear();
@@ -1473,10 +1471,7 @@
     }
 
     public boolean model(int var) {
-        if (var <= 0 || var > realNumberOfVariables()) {
-            throw new IllegalArgumentException(
-                    "Use a valid Dimacs var id as argument!"); //$NON-NLS-1$
-        }
+        
         if (this.userbooleanmodel == null) {
             throw new UnsupportedOperationException(
                     "Call the solve method first!!!"); //$NON-NLS-1$
@@ -2025,7 +2020,7 @@
         double cputime = (System.currentTimeMillis() - this.timebegin) / 1000;
         out.println(prefix + "speed (assignments/second)\t: " //$NON-NLS-1$
                 + this.stats.getPropagations() / cputime);
-        this.order.printStat(out, prefix);
+        
         printLearntClausesInfos(out, prefix);
     }
 
@@ -2469,7 +2464,7 @@
         this.sharedConflict = this.dsfactory
                 .createUnregisteredCardinalityConstraint(copy,
                         literals.length - degree);
-        this.sharedConflict.register();
+        this.sharedConflict.assertConstraint(this);
         addConstr(this.sharedConflict);
         return this.sharedConflict;
     }
--- before: sat4j.params
+++ after: sat4j.params
@@ -1,6 +1,7 @@
-RESTARTS := 'Glucose21Restarts'
+RESTARTS := 'MiniSATRestarts'
 PHASE := 'RSATPhaseSelectionStrategy'
 CLADECAY := 0.999
 VARDECAY := 0.95
-SIMP := 'EXPENSIVE_SIMPLIFICATION'
+CONFLICTBOUNDINCFACTOR := 2.0
+SIMP := 'NO_SIMPLIFICATION'
 CLEANING := 'LBD2'

