2023-08-22 22:34:06,201	[DEBUG]	==== CONFIG ====
[magpie]
import = 
seed = 
log_dir = _magpie_logs
work_dir = _magpie_work
local_original_copy = False
local_original_name = __original__
output_encoding = ascii
edit_retries = 10
default_timeout = 30
default_lengthout = 1e6
diff_method = unified

[software]
path = code/sat4j
target_files = 
	org.sat4j.core/src/main/java/org/sat4j/minisat/core/Solver.java.xml
	sat4j.params
program = BasicProgram
engine_rules = 
	*.params : ConfigFileParamsEngine
	*.xml : SrcmlEngine
	* : LineEngine
engine_config = 
	*.params : [params]
	*.xml : [srcml]
setup_cmd = ./compile.sh
setup_timeout = 150
setup_lengthout = 
compile_cmd = ./compile.sh
compile_timeout = 150
compile_lengthout = 
test_cmd = 
test_timeout = 
test_lengthout = 
run_cmd = perf stat run-sh/validate_10.sh
run_timeout = 2113
run_lengthout = 
fitness = perf_instructions

[srcml]
rename = 
	stmt: break continue decl_stmt do expr_stmt for goto if return switch while
	number: literal_number
focus = block stmt operator_comp operator_arith number
internodes = block
process_pseudo_blocks = True
process_literals = True
process_operators = True

[params]
timing = test run
cli_prefix = --
cli_glue = =
cli_boolean = show
cli_boolean_prefix_true = 
cli_boolean_prefix_false = no-
silent_prefix = @
silent_suffix = $

[search]
protocol = BasicProtocol
algorithm = ValidRankingSimplify
possible_edits = 
	StmtReplacement
	StmtInsertion
	StmtDeletion
warmup = 1
warmup_strategy = last
max_steps = 
max_time = 
target_fitness = 
cache_maxsize = 40
cache_keep = 0.2

[search.ls]
delete_prob = 0.5
max_neighbours = 
when_trapped = continue
accept_fail = False
tabu_length = 10

[search.gp]
pop_size = 10
delete_prob = 0.5
offspring_elitism = 0.1
offspring_crossover = 0.5
offspring_mutation = 0.4
uniform_rate = 0.5

[search.ga]
pop_size = 100
elitism_size = 10
cxpb_chrm = 0.5
cxpb_gene = 0.5
mutpb_chrm = 0.2
mutpb_gene = 0.1
gi_delete_prob = 0.5
gi_create_prob = 0.5
tournament_size = 3

[search.pso]
pop_size = 10
speed_min = -3
speed_max = 3
c1 = 1.49
c2 = 1.49


2023-08-22 22:34:06,248	[INFO]	==== WARMUP ====
2023-08-22 23:00:50,465	[INFO]	WARM    SUCCESS               8697559342385           
2023-08-22 23:00:50,465	[INFO]	INITIAL SUCCESS               8697559342385           
2023-08-22 23:00:50,465	[INFO]	==== START: ValidTest ====
2023-08-22 23:00:50,513	[DEBUG]	CLEAN_PATCH: StmtInsertion(('org.sat4j.core/src/main/java/org/sat4j/minisat/core/Solver.java.xml', '_inter_block', 705), ('org.sat4j.core/src/main/java/org/sat4j/minisat/core/Solver.java.xml', 'stmt', 452)) | StmtDeletion(('org.sat4j.core/src/main/java/org/sat4j/minisat/core/Solver.java.xml', 'stmt', 671)) | StmtDeletion(('org.sat4j.core/src/main/java/org/sat4j/minisat/core/Solver.java.xml', 'stmt', 119)) | StmtDeletion(('org.sat4j.core/src/main/java/org/sat4j/minisat/core/Solver.java.xml', 'stmt', 591))
2023-08-22 23:00:50,513	[DEBUG]	CLEAN_SIZE: 4 (was 4)
2023-08-22 23:27:03,444	[DEBUG]	StmtInsertion(('org.sat4j.core/src/main/java/org/sat4j/minisat/core/Solver.java.xml', '_inter_block', 705), ('org.sat4j.core/src/main/java/org/sat4j/minisat/core/Solver.java.xml', 'stmt', 452)) | StmtDeletion(('org.sat4j.core/src/main/java/org/sat4j/minisat/core/Solver.java.xml', 'stmt', 671)) | StmtDeletion(('org.sat4j.core/src/main/java/org/sat4j/minisat/core/Solver.java.xml', 'stmt', 119)) | StmtDeletion(('org.sat4j.core/src/main/java/org/sat4j/minisat/core/Solver.java.xml', 'stmt', 591))
2023-08-22 23:27:03,444	[INFO]	1       SUCCESS              *8995731249534 (103.43%) [4 edit(s)] 
2023-08-22 23:27:03,455	[DEBUG]	--- before: org.sat4j.core/src/main/java/org/sat4j/minisat/core/Solver.java
+++ after: org.sat4j.core/src/main/java/org/sat4j/minisat/core/Solver.java
@@ -454,7 +454,7 @@
         }
         Constr c = (Constr) co;
         c.remove(this);
-        this.constrs.pop();
+        
         String type = c.getClass().getName();
         this.constrTypes.get(type).dec();
         return true;
@@ -1076,6 +1076,10 @@
         SolverStats lstats = this.stats;
         IOrder lorder = this.order;
         SearchListener lslistener = this.slistener;
+        if (this.needToReduceDB) {
+                        reduceDB();
+                        this.needToReduceDB = false;
+                    }
         // ltrail.size() changes due to propagation
         // cannot cache that value.
         while (this.qhead < ltrail.size()) {
@@ -1570,7 +1574,7 @@
                                 Solver.this.learnts.get(i));
                     } else {
                         c.remove(Solver.this);
-                        k++;
+                        
                     }
                 }
                 for (; i < Solver.this.learnts.size(); i++) {
@@ -1766,7 +1770,7 @@
 
         if (!alreadylaunched) {
             this.conflictCount = new ConflictTimerContainer();
-            this.conflictCount.add(this.restarter);
+            
             this.conflictCount
                     .add(this.learnedConstraintsDeletionStrategy.getTimer());
         }

2023-08-22 23:27:03,465	[INFO]	==== END ====
2023-08-22 23:27:03,466	[INFO]	Reason: validation end
2023-08-22 23:27:03,466	[INFO]	
2023-08-22 23:27:03,466	[INFO]	==== REPORT ====
2023-08-22 23:27:03,466	[INFO]	Termination: validation end
2023-08-22 23:27:03,466	[INFO]	Log file: /home/tsongpet/MSc-SSE-GI-project/_magpie_logs/sat4j_1692740032.log
2023-08-22 23:27:03,475	[INFO]	Patch file: _magpie_logs/sat4j_1692740032.patch
2023-08-22 23:27:03,475	[INFO]	Diff file: _magpie_logs/sat4j_1692740032.diff
2023-08-22 23:27:03,475	[INFO]	Best fitness: 8995731249534
2023-08-22 23:27:03,475	[INFO]	Best patch: StmtInsertion(('org.sat4j.core/src/main/java/org/sat4j/minisat/core/Solver.java.xml', '_inter_block', 705), ('org.sat4j.core/src/main/java/org/sat4j/minisat/core/Solver.java.xml', 'stmt', 452)) | StmtDeletion(('org.sat4j.core/src/main/java/org/sat4j/minisat/core/Solver.java.xml', 'stmt', 671)) | StmtDeletion(('org.sat4j.core/src/main/java/org/sat4j/minisat/core/Solver.java.xml', 'stmt', 119)) | StmtDeletion(('org.sat4j.core/src/main/java/org/sat4j/minisat/core/Solver.java.xml', 'stmt', 591))
2023-08-22 23:27:03,475	[INFO]	Diff:
--- before: org.sat4j.core/src/main/java/org/sat4j/minisat/core/Solver.java
+++ after: org.sat4j.core/src/main/java/org/sat4j/minisat/core/Solver.java
@@ -454,7 +454,7 @@
         }
         Constr c = (Constr) co;
         c.remove(this);
-        this.constrs.pop();
+        
         String type = c.getClass().getName();
         this.constrTypes.get(type).dec();
         return true;
@@ -1076,6 +1076,10 @@
         SolverStats lstats = this.stats;
         IOrder lorder = this.order;
         SearchListener lslistener = this.slistener;
+        if (this.needToReduceDB) {
+                        reduceDB();
+                        this.needToReduceDB = false;
+                    }
         // ltrail.size() changes due to propagation
         // cannot cache that value.
         while (this.qhead < ltrail.size()) {
@@ -1570,7 +1574,7 @@
                                 Solver.this.learnts.get(i));
                     } else {
                         c.remove(Solver.this);
-                        k++;
+                        
                     }
                 }
                 for (; i < Solver.this.learnts.size(); i++) {
@@ -1766,7 +1770,7 @@
 
         if (!alreadylaunched) {
             this.conflictCount = new ConflictTimerContainer();
-            this.conflictCount.add(this.restarter);
+            
             this.conflictCount
                     .add(this.learnedConstraintsDeletionStrategy.getTimer());
         }

