2023-08-22 20:07:14,303	[DEBUG]	==== CONFIG ====
[magpie]
import = 
seed = 
log_dir = _magpie_logs
work_dir = _magpie_work
local_original_copy = False
local_original_name = __original__
output_encoding = ascii
edit_retries = 10
default_timeout = 30
default_lengthout = 1e6
diff_method = unified

[software]
path = code/sat4j
target_files = 
	org.sat4j.core/src/main/java/org/sat4j/minisat/core/Solver.java.xml
	sat4j.params
program = BasicProgram
engine_rules = 
	*.params : ConfigFileParamsEngine
	*.xml : SrcmlEngine
	* : LineEngine
engine_config = 
	*.params : [params]
	*.xml : [srcml]
setup_cmd = ./compile.sh
setup_timeout = 150
setup_lengthout = 
compile_cmd = ./compile.sh
compile_timeout = 150
compile_lengthout = 
test_cmd = 
test_timeout = 
test_lengthout = 
run_cmd = perf stat run-sh/validate_1.sh
run_timeout = 2367
run_lengthout = 
fitness = perf_instructions

[srcml]
rename = 
	stmt: break continue decl_stmt do expr_stmt for goto if return switch while
	number: literal_number
focus = block stmt operator_comp operator_arith number
internodes = block
process_pseudo_blocks = True
process_literals = True
process_operators = True

[params]
timing = test run
cli_prefix = --
cli_glue = =
cli_boolean = show
cli_boolean_prefix_true = 
cli_boolean_prefix_false = no-
silent_prefix = @
silent_suffix = $

[search]
protocol = BasicProtocol
algorithm = ValidRankingSimplify
possible_edits = 
	StmtReplacement
	StmtInsertion
	StmtDeletion
warmup = 1
warmup_strategy = last
max_steps = 
max_time = 
target_fitness = 
cache_maxsize = 40
cache_keep = 0.2

[search.ls]
delete_prob = 0.5
max_neighbours = 
when_trapped = continue
accept_fail = False
tabu_length = 10

[search.gp]
pop_size = 10
delete_prob = 0.5
offspring_elitism = 0.1
offspring_crossover = 0.5
offspring_mutation = 0.4
uniform_rate = 0.5

[search.ga]
pop_size = 100
elitism_size = 10
cxpb_chrm = 0.5
cxpb_gene = 0.5
mutpb_chrm = 0.2
mutpb_gene = 0.1
gi_delete_prob = 0.5
gi_create_prob = 0.5
tournament_size = 3

[search.pso]
pop_size = 10
speed_min = -3
speed_max = 3
c1 = 1.49
c2 = 1.49


2023-08-22 20:07:14,304	[INFO]	==== WARMUP ====
2023-08-22 20:36:44,952	[INFO]	WARM    SUCCESS               9641420459579           
2023-08-22 20:36:45,717	[INFO]	INITIAL SUCCESS               9641420459579           
2023-08-22 20:36:45,717	[INFO]	==== START: ValidTest ====
2023-08-22 20:36:45,811	[DEBUG]	CLEAN_PATCH: StmtDeletion(('org.sat4j.core/src/main/java/org/sat4j/minisat/core/Solver.java.xml', 'stmt', 689)) | StmtDeletion(('org.sat4j.core/src/main/java/org/sat4j/minisat/core/Solver.java.xml', 'stmt', 78)) | StmtDeletion(('org.sat4j.core/src/main/java/org/sat4j/minisat/core/Solver.java.xml', 'stmt', 366)) | StmtInsertion(('org.sat4j.core/src/main/java/org/sat4j/minisat/core/Solver.java.xml', '_inter_block', 98), ('org.sat4j.core/src/main/java/org/sat4j/minisat/core/Solver.java.xml', 'stmt', 177)) | StmtDeletion(('org.sat4j.core/src/main/java/org/sat4j/minisat/core/Solver.java.xml', 'stmt', 820)) | StmtInsertion(('org.sat4j.core/src/main/java/org/sat4j/minisat/core/Solver.java.xml', '_inter_block', 939), ('org.sat4j.core/src/main/java/org/sat4j/minisat/core/Solver.java.xml', 'stmt', 369))
2023-08-22 20:36:45,811	[DEBUG]	CLEAN_SIZE: 6 (was 6)
2023-08-22 21:12:04,923	[DEBUG]	StmtDeletion(('org.sat4j.core/src/main/java/org/sat4j/minisat/core/Solver.java.xml', 'stmt', 689)) | StmtDeletion(('org.sat4j.core/src/main/java/org/sat4j/minisat/core/Solver.java.xml', 'stmt', 78)) | StmtDeletion(('org.sat4j.core/src/main/java/org/sat4j/minisat/core/Solver.java.xml', 'stmt', 366)) | StmtInsertion(('org.sat4j.core/src/main/java/org/sat4j/minisat/core/Solver.java.xml', '_inter_block', 98), ('org.sat4j.core/src/main/java/org/sat4j/minisat/core/Solver.java.xml', 'stmt', 177)) | StmtDeletion(('org.sat4j.core/src/main/java/org/sat4j/minisat/core/Solver.java.xml', 'stmt', 820)) | StmtInsertion(('org.sat4j.core/src/main/java/org/sat4j/minisat/core/Solver.java.xml', '_inter_block', 939), ('org.sat4j.core/src/main/java/org/sat4j/minisat/core/Solver.java.xml', 'stmt', 369))
2023-08-22 21:12:05,335	[INFO]	1       SUCCESS              *9640751420391 (99.99%) [6 edit(s)] 
2023-08-22 21:12:05,868	[DEBUG]	--- before: org.sat4j.core/src/main/java/org/sat4j/minisat/core/Solver.java
+++ after: org.sat4j.core/src/main/java/org/sat4j/minisat/core/Solver.java
@@ -360,7 +360,7 @@
     }
 
     public void expireTimeout() {
-        this.undertimeout = false;
+        
         if (this.timeBasedTimeout) {
             if (this.timer != null) {
                 this.timer.cancel();
@@ -1063,7 +1063,7 @@
         for (int i = 0; i < this.learnts.size(); i++) {
             this.learnts.get(i).rescaleBy(CLAUSE_RESCALE_FACTOR);
         }
-        this.claInc *= CLAUSE_RESCALE_FACTOR;
+        
     }
 
     final IVec<Propagatable> watched = new Vec<Propagatable>();
@@ -1090,6 +1090,7 @@
         }
         return null;
     }
+    IConstr prevConfl = null;
 
     private Constr reduceClausesContainingTheNegationOf(int p) {
         // p is the literal to propagate
@@ -1411,6 +1412,7 @@
                             this.implied.push(tempmodel.last());
                         }
                     }
+                    SolverStats lstats = this.stats;
                 }
             }
             this.fullmodel = new int[tempmodel.size()];
@@ -1797,7 +1799,7 @@
                 this.undertimeout = true;
                 ConflictTimer conflictTimeout = new ConflictTimerAdapter(this,
                         (int) this.timeout) {
-                    private static final long serialVersionUID = 1L;
+                    
 
                     @Override
                     public void run() {
@@ -2109,9 +2111,7 @@
     }
 
     public int[] findModel() throws TimeoutException {
-        if (isSatisfiable()) {
-            return model();
-        }
+        
         // DLB findbugs ok
         // A zero length array would mean that the formula is a tautology.
         return null;

2023-08-22 21:12:05,900	[INFO]	==== END ====
2023-08-22 21:12:05,900	[INFO]	Reason: validation end
2023-08-22 21:12:05,900	[INFO]	
2023-08-22 21:12:05,901	[INFO]	==== REPORT ====
2023-08-22 21:12:05,901	[INFO]	Termination: validation end
2023-08-22 21:12:05,901	[INFO]	Log file: /home/tsongpet/MSc-SSE-GI-project/_magpie_logs/sat4j_1692731227.log
2023-08-22 21:12:05,927	[INFO]	Patch file: _magpie_logs/sat4j_1692731227.patch
2023-08-22 21:12:05,927	[INFO]	Diff file: _magpie_logs/sat4j_1692731227.diff
2023-08-22 21:12:05,927	[INFO]	Best fitness: 9640751420391
2023-08-22 21:12:05,928	[INFO]	Best patch: StmtDeletion(('org.sat4j.core/src/main/java/org/sat4j/minisat/core/Solver.java.xml', 'stmt', 689)) | StmtDeletion(('org.sat4j.core/src/main/java/org/sat4j/minisat/core/Solver.java.xml', 'stmt', 78)) | StmtDeletion(('org.sat4j.core/src/main/java/org/sat4j/minisat/core/Solver.java.xml', 'stmt', 366)) | StmtInsertion(('org.sat4j.core/src/main/java/org/sat4j/minisat/core/Solver.java.xml', '_inter_block', 98), ('org.sat4j.core/src/main/java/org/sat4j/minisat/core/Solver.java.xml', 'stmt', 177)) | StmtDeletion(('org.sat4j.core/src/main/java/org/sat4j/minisat/core/Solver.java.xml', 'stmt', 820)) | StmtInsertion(('org.sat4j.core/src/main/java/org/sat4j/minisat/core/Solver.java.xml', '_inter_block', 939), ('org.sat4j.core/src/main/java/org/sat4j/minisat/core/Solver.java.xml', 'stmt', 369))
2023-08-22 21:12:05,928	[INFO]	Diff:
--- before: org.sat4j.core/src/main/java/org/sat4j/minisat/core/Solver.java
+++ after: org.sat4j.core/src/main/java/org/sat4j/minisat/core/Solver.java
@@ -360,7 +360,7 @@
     }
 
     public void expireTimeout() {
-        this.undertimeout = false;
+        
         if (this.timeBasedTimeout) {
             if (this.timer != null) {
                 this.timer.cancel();
@@ -1063,7 +1063,7 @@
         for (int i = 0; i < this.learnts.size(); i++) {
             this.learnts.get(i).rescaleBy(CLAUSE_RESCALE_FACTOR);
         }
-        this.claInc *= CLAUSE_RESCALE_FACTOR;
+        
     }
 
     final IVec<Propagatable> watched = new Vec<Propagatable>();
@@ -1090,6 +1090,7 @@
         }
         return null;
     }
+    IConstr prevConfl = null;
 
     private Constr reduceClausesContainingTheNegationOf(int p) {
         // p is the literal to propagate
@@ -1411,6 +1412,7 @@
                             this.implied.push(tempmodel.last());
                         }
                     }
+                    SolverStats lstats = this.stats;
                 }
             }
             this.fullmodel = new int[tempmodel.size()];
@@ -1797,7 +1799,7 @@
                 this.undertimeout = true;
                 ConflictTimer conflictTimeout = new ConflictTimerAdapter(this,
                         (int) this.timeout) {
-                    private static final long serialVersionUID = 1L;
+                    
 
                     @Override
                     public void run() {
@@ -2109,9 +2111,7 @@
     }
 
     public int[] findModel() throws TimeoutException {
-        if (isSatisfiable()) {
-            return model();
-        }
+        
         // DLB findbugs ok
         // A zero length array would mean that the formula is a tautology.
         return null;

