2023-08-21 17:02:51,342	[DEBUG]	==== CONFIG ====
[magpie]
import = 
seed = 
log_dir = _magpie_logs
work_dir = _magpie_work
local_original_copy = False
local_original_name = __original__
output_encoding = ascii
edit_retries = 10
default_timeout = 30
default_lengthout = 1e6
diff_method = unified

[software]
path = code/sat4j
target_files = 
	org.sat4j.core/src/main/java/org/sat4j/minisat/core/Solver.java.xml
	sat4j.params
program = BasicProgram
engine_rules = 
	*.params : ConfigFileParamsEngine
	*.xml : SrcmlEngine
	* : LineEngine
engine_config = 
	*.params : [params]
	*.xml : [srcml]
setup_cmd = ./compile.sh
setup_timeout = 150
setup_lengthout = 
compile_cmd = ./compile.sh
compile_timeout = 150
compile_lengthout = 
test_cmd = 
test_timeout = 
test_lengthout = 
run_cmd = perf stat run-sh/train_10.sh
run_timeout = 153
run_lengthout = 
fitness = perf_instructions

[srcml]
rename = 
	stmt: break continue decl_stmt do expr_stmt for goto if return switch while
	number: literal_number
focus = block stmt operator_comp operator_arith number
internodes = block
process_pseudo_blocks = True
process_literals = True
process_operators = True

[params]
timing = test run
cli_prefix = --
cli_glue = =
cli_boolean = show
cli_boolean_prefix_true = 
cli_boolean_prefix_false = no-
silent_prefix = @
silent_suffix = $

[search]
protocol = BasicProtocol
algorithm = FirstImprovement
possible_edits = 
	StmtReplacement
	StmtInsertion
	StmtDeletion
	ParamSetting
warmup = 1
warmup_strategy = last
max_steps = 
max_time = 17720
target_fitness = 
cache_maxsize = 40
cache_keep = 0.2

[search.ls]
delete_prob = 0.5
max_neighbours = 
when_trapped = continue
accept_fail = False
tabu_length = 10

[search.gp]
pop_size = 10
delete_prob = 0.5
offspring_elitism = 0.1
offspring_crossover = 0.5
offspring_mutation = 0.4
uniform_rate = 0.5

[search.ga]
pop_size = 100
elitism_size = 10
cxpb_chrm = 0.5
cxpb_gene = 0.5
mutpb_chrm = 0.2
mutpb_gene = 0.1
gi_delete_prob = 0.5
gi_create_prob = 0.5
tournament_size = 3

[search.pso]
pop_size = 10
speed_min = -3
speed_max = 3
c1 = 1.49
c2 = 1.49


2023-08-21 17:02:51,344	[INFO]	==== WARMUP ====
2023-08-21 17:08:32,173	[INFO]	WARM    SUCCESS               791651982402            
2023-08-21 17:08:32,240	[INFO]	INITIAL SUCCESS               791651982402            
2023-08-21 17:08:32,240	[INFO]	==== START: FirstImprovement ====
2023-08-21 17:08:32,246	[DEBUG]	ParamSetting(('sat4j.params', 'CONFLICTBOUNDINCFACTOR'), 3.0293645258197435)
2023-08-21 17:08:32,246	[INFO]	1       SUCCESS              +791651982402 (100.0%) [1 edit(s)] 
2023-08-21 17:08:32,252	[DEBUG]	
2023-08-21 17:11:45,157	[DEBUG]	ParamSetting(('sat4j.params', 'CONFLICTBOUNDINCFACTOR'), 3.0293645258197435) | StmtInsertion(('org.sat4j.core/src/main/java/org/sat4j/minisat/core/Solver.java.xml', '_inter_block', 313), ('org.sat4j.core/src/main/java/org/sat4j/minisat/core/Solver.java.xml', 'stmt', 336))
2023-08-21 17:11:45,157	[INFO]	2       RUN_TIMEOUT           None  [2 edit(s)]       
2023-08-21 17:11:53,746	[DEBUG]	ParamSetting(('sat4j.params', 'CONFLICTBOUNDINCFACTOR'), 3.0293645258197435) | StmtReplacement(('org.sat4j.core/src/main/java/org/sat4j/minisat/core/Solver.java.xml', 'stmt', 959), ('org.sat4j.core/src/main/java/org/sat4j/minisat/core/Solver.java.xml', 'stmt', 532))
2023-08-21 17:11:53,746	[INFO]	3       COMPILE_CODE_ERROR    None  [2 edit(s)]       
2023-08-21 17:11:53,752	[DEBUG]	
2023-08-21 17:11:53,752	[INFO]	4       SUCCESS              +791651982402 (100.0%) [0 edit(s)] 
2023-08-21 17:11:53,757	[DEBUG]	
2023-08-21 17:12:05,861	[DEBUG]	StmtInsertion(('org.sat4j.core/src/main/java/org/sat4j/minisat/core/Solver.java.xml', '_inter_block', 968), ('org.sat4j.core/src/main/java/org/sat4j/minisat/core/Solver.java.xml', 'stmt', 157))
2023-08-21 17:12:05,862	[INFO]	5       COMPILE_CODE_ERROR    None  [1 edit(s)]       
2023-08-21 17:12:11,604	[DEBUG]	StmtReplacement(('org.sat4j.core/src/main/java/org/sat4j/minisat/core/Solver.java.xml', 'stmt', 331), ('org.sat4j.core/src/main/java/org/sat4j/minisat/core/Solver.java.xml', 'stmt', 791))
2023-08-21 17:12:11,604	[INFO]	6       COMPILE_CODE_ERROR    None  [1 edit(s)]       
2023-08-21 17:12:15,990	[DEBUG]	StmtInsertion(('org.sat4j.core/src/main/java/org/sat4j/minisat/core/Solver.java.xml', '_inter_block', 127), ('org.sat4j.core/src/main/java/org/sat4j/minisat/core/Solver.java.xml', 'stmt', 366))
2023-08-21 17:12:15,991	[INFO]	7       COMPILE_CODE_ERROR    None  [1 edit(s)]       
2023-08-21 17:12:21,529	[DEBUG]	StmtDeletion(('org.sat4j.core/src/main/java/org/sat4j/minisat/core/Solver.java.xml', 'stmt', 253))
2023-08-21 17:12:21,529	[INFO]	8       COMPILE_CODE_ERROR    None  [1 edit(s)]       
2023-08-21 17:12:21,536	[DEBUG]	ParamSetting(('sat4j.params', 'CLEANING'), 'ACTIVITY')
2023-08-21 17:12:21,536	[INFO]	9       SUCCESS              +791651982402 (100.0%) [1 edit(s)] 
2023-08-21 17:12:21,541	[DEBUG]	
2023-08-21 17:12:26,572	[DEBUG]	ParamSetting(('sat4j.params', 'CLEANING'), 'ACTIVITY') | StmtDeletion(('org.sat4j.core/src/main/java/org/sat4j/minisat/core/Solver.java.xml', 'stmt', 293))
2023-08-21 17:12:26,600	[INFO]	10      COMPILE_CODE_ERROR    None  [2 edit(s)]       
2023-08-21 17:15:33,334	[DEBUG]	ParamSetting(('sat4j.params', 'CLEANING'), 'ACTIVITY') | ParamSetting(('sat4j.params', 'PHASE'), 'NegativeLiteralSelectionStrategy')
2023-08-21 17:15:33,334	[INFO]	11      RUN_TIMEOUT           None  [2 edit(s)]       
2023-08-21 17:15:33,341	[DEBUG]	
2023-08-21 17:15:33,341	[INFO]	12      SUCCESS              +791651982402 (100.0%) [0 edit(s)] 
2023-08-21 17:15:33,347	[DEBUG]	
2023-08-21 17:18:36,546	[DEBUG]	StmtInsertion(('org.sat4j.core/src/main/java/org/sat4j/minisat/core/Solver.java.xml', '_inter_block', 916), ('org.sat4j.core/src/main/java/org/sat4j/minisat/core/Solver.java.xml', 'stmt', 755))
2023-08-21 17:18:36,549	[INFO]	13      RUN_TIMEOUT           None  [1 edit(s)]       
2023-08-21 17:18:51,305	[DEBUG]	StmtInsertion(('org.sat4j.core/src/main/java/org/sat4j/minisat/core/Solver.java.xml', '_inter_block', 999), ('org.sat4j.core/src/main/java/org/sat4j/minisat/core/Solver.java.xml', 'stmt', 792))
2023-08-21 17:18:51,306	[INFO]	14      COMPILE_CODE_ERROR    None  [1 edit(s)]       
2023-08-21 17:18:55,703	[DEBUG]	StmtInsertion(('org.sat4j.core/src/main/java/org/sat4j/minisat/core/Solver.java.xml', '_inter_block', 959), ('org.sat4j.core/src/main/java/org/sat4j/minisat/core/Solver.java.xml', 'stmt', 951))
2023-08-21 17:18:55,703	[INFO]	15      COMPILE_CODE_ERROR    None  [1 edit(s)]       
2023-08-21 17:19:05,119	[DEBUG]	StmtReplacement(('org.sat4j.core/src/main/java/org/sat4j/minisat/core/Solver.java.xml', 'stmt', 610), ('org.sat4j.core/src/main/java/org/sat4j/minisat/core/Solver.java.xml', 'stmt', 860))
2023-08-21 17:19:05,119	[INFO]	16      COMPILE_CODE_ERROR    None  [1 edit(s)]       
2023-08-21 17:19:10,251	[DEBUG]	StmtReplacement(('org.sat4j.core/src/main/java/org/sat4j/minisat/core/Solver.java.xml', 'stmt', 527), ('org.sat4j.core/src/main/java/org/sat4j/minisat/core/Solver.java.xml', 'stmt', 649))
2023-08-21 17:19:10,252	[INFO]	17      COMPILE_CODE_ERROR    None  [1 edit(s)]       
2023-08-21 17:19:40,394	[DEBUG]	StmtDeletion(('org.sat4j.core/src/main/java/org/sat4j/minisat/core/Solver.java.xml', 'stmt', 413))
2023-08-21 17:19:40,394	[INFO]	18      RUN_CODE_ERROR        None  [1 edit(s)]       
2023-08-21 17:22:48,429	[DEBUG]	StmtDeletion(('org.sat4j.core/src/main/java/org/sat4j/minisat/core/Solver.java.xml', 'stmt', 456))
2023-08-21 17:22:48,429	[INFO]	19      RUN_TIMEOUT           None  [1 edit(s)]       
2023-08-21 17:22:48,436	[DEBUG]	ParamSetting(('sat4j.params', 'CONFLICTBOUNDINCFACTOR'), 2.4923661459401716)
2023-08-21 17:22:48,436	[INFO]	20      SUCCESS              +791651982402 (100.0%) [1 edit(s)] 
2023-08-21 17:22:48,443	[DEBUG]	
2023-08-21 17:22:48,449	[DEBUG]	
2023-08-21 17:22:48,449	[INFO]	21      SUCCESS              +791651982402 (100.0%) [0 edit(s)] 
2023-08-21 17:22:48,456	[DEBUG]	
2023-08-21 17:25:36,455	[DEBUG]	ParamSetting(('sat4j.params', 'CLADECAY'), 0.38997153363816284)
2023-08-21 17:25:36,568	[INFO]	22      RUN_TIMEOUT           None  [1 edit(s)]       
2023-08-21 17:25:36,580	[DEBUG]	ParamSetting(('sat4j.params', 'INITCONFLICTBOUND'), 1)
2023-08-21 17:25:36,580	[INFO]	23      SUCCESS              +791651982402 (100.0%) [1 edit(s)] 
2023-08-21 17:25:36,585	[DEBUG]	
2023-08-21 17:25:38,411	[DEBUG]	ParamSetting(('sat4j.params', 'INITCONFLICTBOUND'), 1) | StmtReplacement(('org.sat4j.core/src/main/java/org/sat4j/minisat/core/Solver.java.xml', 'stmt', 21), ('org.sat4j.core/src/main/java/org/sat4j/minisat/core/Solver.java.xml', 'stmt', 669))
2023-08-21 17:25:38,411	[INFO]	24      COMPILE_CODE_ERROR    None  [2 edit(s)]       
2023-08-21 17:25:38,418	[DEBUG]	ParamSetting(('sat4j.params', 'INITCONFLICTBOUND'), 1) | ParamSetting(('sat4j.params', 'LUBYFACTOR'), 35)
2023-08-21 17:25:38,418	[INFO]	25      SUCCESS              +791651982402 (100.0%) [2 edit(s)] 
2023-08-21 17:25:38,424	[DEBUG]	
2023-08-21 17:25:38,430	[DEBUG]	ParamSetting(('sat4j.params', 'LUBYFACTOR'), 35)
2023-08-21 17:25:38,430	[INFO]	26      SUCCESS              +791651982402 (100.0%) [1 edit(s)] 
2023-08-21 17:25:38,436	[DEBUG]	
2023-08-21 17:28:49,082	[DEBUG]	ParamSetting(('sat4j.params', 'LUBYFACTOR'), 35) | StmtDeletion(('org.sat4j.core/src/main/java/org/sat4j/minisat/core/Solver.java.xml', 'stmt', 444))
2023-08-21 17:28:49,082	[INFO]	27      RUN_TIMEOUT           None  [2 edit(s)]       
2023-08-21 17:28:49,089	[DEBUG]	
2023-08-21 17:28:49,089	[INFO]	28      SUCCESS              +791651982402 (100.0%) [0 edit(s)] 
2023-08-21 17:28:49,095	[DEBUG]	
2023-08-21 17:28:53,500	[DEBUG]	StmtReplacement(('org.sat4j.core/src/main/java/org/sat4j/minisat/core/Solver.java.xml', 'stmt', 114), ('org.sat4j.core/src/main/java/org/sat4j/minisat/core/Solver.java.xml', 'stmt', 131))
2023-08-21 17:28:53,501	[INFO]	29      COMPILE_CODE_ERROR    None  [1 edit(s)]       
2023-08-21 17:28:53,508	[DEBUG]	ParamSetting(('sat4j.params', 'LUBYFACTOR'), 30)
2023-08-21 17:28:53,508	[INFO]	30      SUCCESS              +791651982402 (100.0%) [1 edit(s)] 
2023-08-21 17:28:53,517	[DEBUG]	
2023-08-21 17:28:53,523	[DEBUG]	
2023-08-21 17:28:53,523	[INFO]	31      SUCCESS              +791651982402 (100.0%) [0 edit(s)] 
2023-08-21 17:28:53,528	[DEBUG]	
2023-08-21 17:30:09,601	[DEBUG]	StmtDeletion(('org.sat4j.core/src/main/java/org/sat4j/minisat/core/Solver.java.xml', 'stmt', 297))
2023-08-21 17:30:09,602	[INFO]	32      RUN_CODE_ERROR        None  [1 edit(s)]       
2023-08-21 17:33:44,696	[DEBUG]	StmtDeletion(('org.sat4j.core/src/main/java/org/sat4j/minisat/core/Solver.java.xml', 'stmt', 478))
2023-08-21 17:33:44,946	[INFO]	33      RUN_TIMEOUT           None  [1 edit(s)]       
2023-08-21 17:33:52,471	[DEBUG]	StmtDeletion(('org.sat4j.core/src/main/java/org/sat4j/minisat/core/Solver.java.xml', 'stmt', 546))
2023-08-21 17:33:52,590	[INFO]	34      COMPILE_CODE_ERROR    None  [1 edit(s)]       
2023-08-21 17:34:06,137	[DEBUG]	StmtReplacement(('org.sat4j.core/src/main/java/org/sat4j/minisat/core/Solver.java.xml', 'stmt', 903), ('org.sat4j.core/src/main/java/org/sat4j/minisat/core/Solver.java.xml', 'stmt', 919))
2023-08-21 17:34:06,141	[INFO]	35      COMPILE_CODE_ERROR    None  [1 edit(s)]       
2023-08-21 17:37:18,545	[DEBUG]	StmtInsertion(('org.sat4j.core/src/main/java/org/sat4j/minisat/core/Solver.java.xml', '_inter_block', 657), ('org.sat4j.core/src/main/java/org/sat4j/minisat/core/Solver.java.xml', 'stmt', 416))
2023-08-21 17:37:19,294	[INFO]	36      RUN_TIMEOUT           None  [1 edit(s)]       
2023-08-21 17:37:20,013	[DEBUG]	ParamSetting(('sat4j.params', 'INITCONFLICTBOUND'), 20)
2023-08-21 17:37:20,013	[INFO]	37      SUCCESS              +791651982402 (100.0%) [1 edit(s)] 
2023-08-21 17:37:20,031	[DEBUG]	
2023-08-21 17:40:02,352	[DEBUG]	ParamSetting(('sat4j.params', 'INITCONFLICTBOUND'), 20) | ParamSetting(('sat4j.params', 'CLADECAY'), 0.3050667649919486)
2023-08-21 17:40:02,511	[INFO]	38      COMPILE_TIMEOUT       None  [2 edit(s)]       
2023-08-21 17:41:45,427	[DEBUG]	ParamSetting(('sat4j.params', 'INITCONFLICTBOUND'), 20) | StmtReplacement(('org.sat4j.core/src/main/java/org/sat4j/minisat/core/Solver.java.xml', 'stmt', 832), ('org.sat4j.core/src/main/java/org/sat4j/minisat/core/Solver.java.xml', 'stmt', 366))
2023-08-21 17:41:45,427	[INFO]	39      COMPILE_CODE_ERROR    None  [2 edit(s)]       
2023-08-21 17:41:45,434	[DEBUG]	
2023-08-21 17:41:45,434	[INFO]	40      SUCCESS              +791651982402 (100.0%) [0 edit(s)] 
2023-08-21 17:41:45,439	[DEBUG]	
2023-08-21 17:44:18,962	[DEBUG]	ParamSetting(('sat4j.params', 'VARDECAY'), 0.17575348632839682)
2023-08-21 17:44:18,963	[INFO]	41      COMPILE_TIMEOUT       None  [1 edit(s)]       
2023-08-21 17:47:47,813	[DEBUG]	StmtDeletion(('org.sat4j.core/src/main/java/org/sat4j/minisat/core/Solver.java.xml', 'stmt', 251))
2023-08-21 17:47:47,814	[INFO]	42      COMPILE_TIMEOUT       None  [1 edit(s)]       
2023-08-21 17:50:22,199	[DEBUG]	StmtDeletion(('org.sat4j.core/src/main/java/org/sat4j/minisat/core/Solver.java.xml', 'stmt', 221))
2023-08-21 17:50:22,537	[INFO]	43      COMPILE_TIMEOUT       None  [1 edit(s)]       
2023-08-21 17:53:20,993	[DEBUG]	StmtInsertion(('org.sat4j.core/src/main/java/org/sat4j/minisat/core/Solver.java.xml', '_inter_block', 317), ('org.sat4j.core/src/main/java/org/sat4j/minisat/core/Solver.java.xml', 'stmt', 86))
2023-08-21 17:53:20,994	[INFO]	44      COMPILE_CODE_ERROR    None  [1 edit(s)]       
2023-08-21 17:56:02,087	[DEBUG]	ParamSetting(('sat4j.params', 'RESTARTS'), 'MiniSATRestarts')
2023-08-21 17:56:02,389	[INFO]	45      COMPILE_TIMEOUT       None  [1 edit(s)]       
2023-08-21 17:59:46,760	[DEBUG]	ParamSetting(('sat4j.params', 'PHASE'), 'PhaseInLastLearnedClauseSelectionStrategy')
2023-08-21 17:59:46,764	[INFO]	46      COMPILE_TIMEOUT       None  [1 edit(s)]       
2023-08-21 17:59:46,774	[DEBUG]	ParamSetting(('sat4j.params', 'CONFLICTBOUNDINCFACTOR'), 3.4791773420792467)
2023-08-21 17:59:46,774	[INFO]	47      SUCCESS              +791651982402 (100.0%) [1 edit(s)] 
2023-08-21 17:59:46,779	[DEBUG]	
2023-08-21 17:59:46,784	[DEBUG]	
2023-08-21 17:59:46,784	[INFO]	48      SUCCESS              +791651982402 (100.0%) [0 edit(s)] 
2023-08-21 17:59:46,789	[DEBUG]	
2023-08-21 18:03:09,812	[DEBUG]	StmtDeletion(('org.sat4j.core/src/main/java/org/sat4j/minisat/core/Solver.java.xml', 'stmt', 912))
2023-08-21 18:03:09,877	[INFO]	49      COMPILE_TIMEOUT       None  [1 edit(s)]       
2023-08-21 18:03:09,902	[DEBUG]	ParamSetting(('sat4j.params', 'INITCONFLICTBOUND'), 44)
2023-08-21 18:03:09,902	[INFO]	50      SUCCESS              +791651982402 (100.0%) [1 edit(s)] 
2023-08-21 18:03:09,911	[DEBUG]	
2023-08-21 18:03:09,916	[DEBUG]	
2023-08-21 18:03:09,916	[INFO]	51      SUCCESS              +791651982402 (100.0%) [0 edit(s)] 
2023-08-21 18:03:09,921	[DEBUG]	
2023-08-21 18:04:43,803	[DEBUG]	StmtDeletion(('org.sat4j.core/src/main/java/org/sat4j/minisat/core/Solver.java.xml', 'stmt', 639))
2023-08-21 18:04:43,803	[INFO]	52      COMPILE_CODE_ERROR    None  [1 edit(s)]       
2023-08-21 18:05:19,611	[DEBUG]	StmtReplacement(('org.sat4j.core/src/main/java/org/sat4j/minisat/core/Solver.java.xml', 'stmt', 825), ('org.sat4j.core/src/main/java/org/sat4j/minisat/core/Solver.java.xml', 'stmt', 148))
2023-08-21 18:05:19,612	[INFO]	53      COMPILE_CODE_ERROR    None  [1 edit(s)]       
2023-08-21 18:08:00,015	[DEBUG]	StmtDeletion(('org.sat4j.core/src/main/java/org/sat4j/minisat/core/Solver.java.xml', 'stmt', 593))
2023-08-21 18:08:00,016	[INFO]	54      COMPILE_TIMEOUT       None  [1 edit(s)]       
2023-08-21 18:09:50,462	[DEBUG]	StmtInsertion(('org.sat4j.core/src/main/java/org/sat4j/minisat/core/Solver.java.xml', '_inter_block', 493), ('org.sat4j.core/src/main/java/org/sat4j/minisat/core/Solver.java.xml', 'stmt', 836))
2023-08-21 18:09:50,463	[INFO]	55      COMPILE_CODE_ERROR    None  [1 edit(s)]       
2023-08-21 18:11:39,912	[DEBUG]	StmtInsertion(('org.sat4j.core/src/main/java/org/sat4j/minisat/core/Solver.java.xml', '_inter_block', 923), ('org.sat4j.core/src/main/java/org/sat4j/minisat/core/Solver.java.xml', 'stmt', 116))
2023-08-21 18:11:39,913	[INFO]	56      COMPILE_CODE_ERROR    None  [1 edit(s)]       
2023-08-21 18:14:11,457	[DEBUG]	StmtDeletion(('org.sat4j.core/src/main/java/org/sat4j/minisat/core/Solver.java.xml', 'stmt', 868))
2023-08-21 18:14:11,457	[INFO]	57      COMPILE_TIMEOUT       None  [1 edit(s)]       
2023-08-21 18:15:46,877	[DEBUG]	StmtDeletion(('org.sat4j.core/src/main/java/org/sat4j/minisat/core/Solver.java.xml', 'stmt', 324))
2023-08-21 18:15:46,878	[INFO]	58      COMPILE_CODE_ERROR    None  [1 edit(s)]       
2023-08-21 18:18:27,995	[DEBUG]	StmtDeletion(('org.sat4j.core/src/main/java/org/sat4j/minisat/core/Solver.java.xml', 'stmt', 87))
2023-08-21 18:18:30,430	[INFO]	59      COMPILE_TIMEOUT       None  [1 edit(s)]       
2023-08-21 18:21:28,711	[DEBUG]	StmtDeletion(('org.sat4j.core/src/main/java/org/sat4j/minisat/core/Solver.java.xml', 'stmt', 303))
2023-08-21 18:21:28,712	[INFO]	60      COMPILE_TIMEOUT       None  [1 edit(s)]       
2023-08-21 18:24:12,873	[DEBUG]	StmtReplacement(('org.sat4j.core/src/main/java/org/sat4j/minisat/core/Solver.java.xml', 'stmt', 370), ('org.sat4j.core/src/main/java/org/sat4j/minisat/core/Solver.java.xml', 'stmt', 45))
2023-08-21 18:24:12,876	[INFO]	61      COMPILE_CODE_ERROR    None  [1 edit(s)]       
2023-08-21 18:26:56,262	[DEBUG]	StmtDeletion(('org.sat4j.core/src/main/java/org/sat4j/minisat/core/Solver.java.xml', 'stmt', 691))
2023-08-21 18:26:56,262	[INFO]	62      COMPILE_TIMEOUT       None  [1 edit(s)]       
2023-08-21 18:28:31,380	[DEBUG]	StmtReplacement(('org.sat4j.core/src/main/java/org/sat4j/minisat/core/Solver.java.xml', 'stmt', 658), ('org.sat4j.core/src/main/java/org/sat4j/minisat/core/Solver.java.xml', 'stmt', 955))
2023-08-21 18:28:31,380	[INFO]	63      COMPILE_CODE_ERROR    None  [1 edit(s)]       
2023-08-21 18:29:03,374	[DEBUG]	StmtInsertion(('org.sat4j.core/src/main/java/org/sat4j/minisat/core/Solver.java.xml', '_inter_block', 1468), ('org.sat4j.core/src/main/java/org/sat4j/minisat/core/Solver.java.xml', 'stmt', 468))
2023-08-21 18:29:03,376	[INFO]	64      COMPILE_CODE_ERROR    None  [1 edit(s)]       
2023-08-21 18:31:40,046	[DEBUG]	StmtDeletion(('org.sat4j.core/src/main/java/org/sat4j/minisat/core/Solver.java.xml', 'stmt', 644))
2023-08-21 18:31:40,046	[INFO]	65      COMPILE_TIMEOUT       None  [1 edit(s)]       
2023-08-21 18:34:11,308	[DEBUG]	ParamSetting(('sat4j.params', 'CLADECAY'), 0.2895849058556813)
2023-08-21 18:34:11,308	[INFO]	66      COMPILE_TIMEOUT       None  [1 edit(s)]       
2023-08-21 18:36:42,027	[DEBUG]	StmtReplacement(('org.sat4j.core/src/main/java/org/sat4j/minisat/core/Solver.java.xml', 'stmt', 880), ('org.sat4j.core/src/main/java/org/sat4j/minisat/core/Solver.java.xml', 'stmt', 73))
2023-08-21 18:36:42,157	[INFO]	67      COMPILE_TIMEOUT       None  [1 edit(s)]       
2023-08-21 18:36:42,283	[DEBUG]	ParamSetting(('sat4j.params', 'FIXEDPERIOD'), 976)
2023-08-21 18:36:42,283	[INFO]	68      SUCCESS              +791651982402 (100.0%) [1 edit(s)] 
2023-08-21 18:36:42,289	[DEBUG]	
2023-08-21 18:39:32,521	[DEBUG]	ParamSetting(('sat4j.params', 'FIXEDPERIOD'), 976) | ParamSetting(('sat4j.params', 'PHASE'), 'PhaseInLastLearnedClauseSelectionStrategy')
2023-08-21 18:39:32,521	[INFO]	69      COMPILE_TIMEOUT       None  [2 edit(s)]       
2023-08-21 18:39:32,527	[DEBUG]	
2023-08-21 18:39:32,527	[INFO]	70      SUCCESS              +791651982402 (100.0%) [0 edit(s)] 
2023-08-21 18:39:32,533	[DEBUG]	
2023-08-21 18:42:48,547	[DEBUG]	StmtInsertion(('org.sat4j.core/src/main/java/org/sat4j/minisat/core/Solver.java.xml', '_inter_block', 1307), ('org.sat4j.core/src/main/java/org/sat4j/minisat/core/Solver.java.xml', 'stmt', 55))
2023-08-21 18:42:48,610	[INFO]	71      COMPILE_TIMEOUT       None  [1 edit(s)]       
2023-08-21 18:45:53,968	[DEBUG]	StmtReplacement(('org.sat4j.core/src/main/java/org/sat4j/minisat/core/Solver.java.xml', 'stmt', 874), ('org.sat4j.core/src/main/java/org/sat4j/minisat/core/Solver.java.xml', 'stmt', 912))
2023-08-21 18:45:53,969	[INFO]	72      COMPILE_TIMEOUT       None  [1 edit(s)]       
2023-08-21 18:47:10,280	[DEBUG]	StmtReplacement(('org.sat4j.core/src/main/java/org/sat4j/minisat/core/Solver.java.xml', 'stmt', 257), ('org.sat4j.core/src/main/java/org/sat4j/minisat/core/Solver.java.xml', 'stmt', 608))
2023-08-21 18:47:10,280	[INFO]	73      COMPILE_CODE_ERROR    None  [1 edit(s)]       
2023-08-21 18:47:26,507	[DEBUG]	StmtInsertion(('org.sat4j.core/src/main/java/org/sat4j/minisat/core/Solver.java.xml', '_inter_block', 1158), ('org.sat4j.core/src/main/java/org/sat4j/minisat/core/Solver.java.xml', 'stmt', 261))
2023-08-21 18:47:26,507	[INFO]	74      COMPILE_CODE_ERROR    None  [1 edit(s)]       
2023-08-21 18:48:11,908	[DEBUG]	StmtInsertion(('org.sat4j.core/src/main/java/org/sat4j/minisat/core/Solver.java.xml', '_inter_block', 1409), ('org.sat4j.core/src/main/java/org/sat4j/minisat/core/Solver.java.xml', 'stmt', 312))
2023-08-21 18:48:11,908	[INFO]	75      COMPILE_CODE_ERROR    None  [1 edit(s)]       
2023-08-21 18:48:33,382	[DEBUG]	StmtReplacement(('org.sat4j.core/src/main/java/org/sat4j/minisat/core/Solver.java.xml', 'stmt', 510), ('org.sat4j.core/src/main/java/org/sat4j/minisat/core/Solver.java.xml', 'stmt', 581))
2023-08-21 18:48:33,383	[INFO]	76      COMPILE_CODE_ERROR    None  [1 edit(s)]       
2023-08-21 18:49:31,221	[DEBUG]	StmtReplacement(('org.sat4j.core/src/main/java/org/sat4j/minisat/core/Solver.java.xml', 'stmt', 165), ('org.sat4j.core/src/main/java/org/sat4j/minisat/core/Solver.java.xml', 'stmt', 885))
2023-08-21 18:49:31,223	[INFO]	77      COMPILE_CODE_ERROR    None  [1 edit(s)]       
2023-08-21 18:50:07,614	[DEBUG]	StmtInsertion(('org.sat4j.core/src/main/java/org/sat4j/minisat/core/Solver.java.xml', '_inter_block', 606), ('org.sat4j.core/src/main/java/org/sat4j/minisat/core/Solver.java.xml', 'stmt', 526))
2023-08-21 18:50:07,615	[INFO]	78      COMPILE_CODE_ERROR    None  [1 edit(s)]       
2023-08-21 18:50:07,622	[DEBUG]	ParamSetting(('sat4j.params', 'INITCONFLICTBOUND'), 4)
2023-08-21 18:50:07,622	[INFO]	79      SUCCESS              +791651982402 (100.0%) [1 edit(s)] 
2023-08-21 18:50:07,628	[DEBUG]	
2023-08-21 18:50:07,633	[DEBUG]	ParamSetting(('sat4j.params', 'INITCONFLICTBOUND'), 4) | ParamSetting(('sat4j.params', 'CLEANING'), 'LBD2')
2023-08-21 18:50:07,633	[INFO]	80      SUCCESS              +791651982402 (100.0%) [2 edit(s)] 
2023-08-21 18:50:07,638	[DEBUG]	
2023-08-21 18:50:56,927	[DEBUG]	ParamSetting(('sat4j.params', 'INITCONFLICTBOUND'), 4) | ParamSetting(('sat4j.params', 'CLEANING'), 'LBD2') | StmtInsertion(('org.sat4j.core/src/main/java/org/sat4j/minisat/core/Solver.java.xml', '_inter_block', 404), ('org.sat4j.core/src/main/java/org/sat4j/minisat/core/Solver.java.xml', 'stmt', 205))
2023-08-21 18:50:57,027	[INFO]	81      COMPILE_CODE_ERROR    None  [3 edit(s)]       
2023-08-21 18:51:27,680	[DEBUG]	ParamSetting(('sat4j.params', 'INITCONFLICTBOUND'), 4) | ParamSetting(('sat4j.params', 'CLEANING'), 'LBD2') | StmtReplacement(('org.sat4j.core/src/main/java/org/sat4j/minisat/core/Solver.java.xml', 'stmt', 661), ('org.sat4j.core/src/main/java/org/sat4j/minisat/core/Solver.java.xml', 'stmt', 786))
2023-08-21 18:51:27,680	[INFO]	82      COMPILE_CODE_ERROR    None  [3 edit(s)]       
2023-08-21 18:54:05,521	[DEBUG]	ParamSetting(('sat4j.params', 'INITCONFLICTBOUND'), 4) | ParamSetting(('sat4j.params', 'CLEANING'), 'LBD2') | ParamSetting(('sat4j.params', 'CLADECAY'), 0.38670398018293606)
2023-08-21 18:54:05,815	[INFO]	83      COMPILE_TIMEOUT       None  [3 edit(s)]       
2023-08-21 18:56:00,619	[DEBUG]	ParamSetting(('sat4j.params', 'INITCONFLICTBOUND'), 4) | ParamSetting(('sat4j.params', 'CLEANING'), 'LBD2') | StmtInsertion(('org.sat4j.core/src/main/java/org/sat4j/minisat/core/Solver.java.xml', '_inter_block', 2), ('org.sat4j.core/src/main/java/org/sat4j/minisat/core/Solver.java.xml', 'stmt', 378))
2023-08-21 18:56:00,619	[INFO]	84      COMPILE_CODE_ERROR    None  [3 edit(s)]       
2023-08-21 18:56:00,627	[DEBUG]	ParamSetting(('sat4j.params', 'CLEANING'), 'LBD2')
2023-08-21 18:56:00,627	[INFO]	85      SUCCESS              +791651982402 (100.0%) [1 edit(s)] 
2023-08-21 18:56:00,634	[DEBUG]	
2023-08-21 18:56:00,641	[DEBUG]	
2023-08-21 18:56:00,641	[INFO]	86      SUCCESS              +791651982402 (100.0%) [0 edit(s)] 
2023-08-21 18:56:00,647	[DEBUG]	
2023-08-21 18:58:33,220	[DEBUG]	StmtDeletion(('org.sat4j.core/src/main/java/org/sat4j/minisat/core/Solver.java.xml', 'stmt', 417))
2023-08-21 18:58:33,220	[INFO]	87      COMPILE_TIMEOUT       None  [1 edit(s)]       
2023-08-21 18:58:59,021	[DEBUG]	StmtInsertion(('org.sat4j.core/src/main/java/org/sat4j/minisat/core/Solver.java.xml', '_inter_block', 758), ('org.sat4j.core/src/main/java/org/sat4j/minisat/core/Solver.java.xml', 'stmt', 136))
2023-08-21 18:58:59,022	[INFO]	88      COMPILE_CODE_ERROR    None  [1 edit(s)]       
2023-08-21 18:59:45,629	[DEBUG]	StmtReplacement(('org.sat4j.core/src/main/java/org/sat4j/minisat/core/Solver.java.xml', 'stmt', 770), ('org.sat4j.core/src/main/java/org/sat4j/minisat/core/Solver.java.xml', 'stmt', 705))
2023-08-21 18:59:45,641	[INFO]	89      COMPILE_CODE_ERROR    None  [1 edit(s)]       
2023-08-21 19:02:17,108	[DEBUG]	StmtDeletion(('org.sat4j.core/src/main/java/org/sat4j/minisat/core/Solver.java.xml', 'stmt', 490))
2023-08-21 19:02:17,206	[INFO]	90      COMPILE_TIMEOUT       None  [1 edit(s)]       
2023-08-21 19:05:40,152	[DEBUG]	StmtDeletion(('org.sat4j.core/src/main/java/org/sat4j/minisat/core/Solver.java.xml', 'stmt', 583))
2023-08-21 19:05:40,152	[INFO]	91      COMPILE_TIMEOUT       None  [1 edit(s)]       
2023-08-21 19:06:36,133	[DEBUG]	StmtReplacement(('org.sat4j.core/src/main/java/org/sat4j/minisat/core/Solver.java.xml', 'stmt', 607), ('org.sat4j.core/src/main/java/org/sat4j/minisat/core/Solver.java.xml', 'stmt', 166))
2023-08-21 19:06:36,133	[INFO]	92      COMPILE_CODE_ERROR    None  [1 edit(s)]       
2023-08-21 19:10:43,686	[DEBUG]	ParamSetting(('sat4j.params', 'VARDECAY'), 0.8775562870800052)
2023-08-21 19:10:43,686	[INFO]	93      SUCCESS              *649988044038 (82.11%) [1 edit(s)] 
2023-08-21 19:10:43,693	[DEBUG]	--- before: sat4j.params
+++ after: sat4j.params
@@ -1,6 +1,6 @@
 RESTARTS := 'Glucose21Restarts'
 PHASE := 'RSATPhaseSelectionStrategy'
 CLADECAY := 0.999
-VARDECAY := 0.95
+VARDECAY := 0.8775562870800052
 SIMP := 'EXPENSIVE_SIMPLIFICATION'
 CLEANING := 'LBD2'

2023-08-21 19:10:43,698	[DEBUG]	
2023-08-21 19:10:43,698	[INFO]	94      SUCCESS               791651982402 (100.0%) [0 edit(s)] 
2023-08-21 19:11:11,393	[DEBUG]	ParamSetting(('sat4j.params', 'VARDECAY'), 0.8775562870800052) | StmtInsertion(('org.sat4j.core/src/main/java/org/sat4j/minisat/core/Solver.java.xml', '_inter_block', 1473), ('org.sat4j.core/src/main/java/org/sat4j/minisat/core/Solver.java.xml', 'stmt', 512))
2023-08-21 19:11:11,395	[INFO]	95      COMPILE_CODE_ERROR    None  [2 edit(s)]       
2023-08-21 19:13:44,964	[DEBUG]	ParamSetting(('sat4j.params', 'VARDECAY'), 0.8775562870800052) | ParamSetting(('sat4j.params', 'RESTARTS'), 'MiniSATRestarts')
2023-08-21 19:13:45,220	[INFO]	96      COMPILE_TIMEOUT       None  [2 edit(s)]       
2023-08-21 19:14:18,176	[DEBUG]	ParamSetting(('sat4j.params', 'VARDECAY'), 0.8775562870800052) | StmtInsertion(('org.sat4j.core/src/main/java/org/sat4j/minisat/core/Solver.java.xml', '_inter_block', 297), ('org.sat4j.core/src/main/java/org/sat4j/minisat/core/Solver.java.xml', 'stmt', 295))
2023-08-21 19:14:18,176	[INFO]	97      COMPILE_CODE_ERROR    None  [2 edit(s)]       
2023-08-21 19:14:32,295	[DEBUG]	ParamSetting(('sat4j.params', 'VARDECAY'), 0.8775562870800052) | StmtReplacement(('org.sat4j.core/src/main/java/org/sat4j/minisat/core/Solver.java.xml', 'stmt', 574), ('org.sat4j.core/src/main/java/org/sat4j/minisat/core/Solver.java.xml', 'stmt', 230))
2023-08-21 19:14:32,295	[INFO]	98      COMPILE_CODE_ERROR    None  [2 edit(s)]       
2023-08-21 19:14:32,302	[DEBUG]	ParamSetting(('sat4j.params', 'VARDECAY'), 0.8775562870800052) | ParamSetting(('sat4j.params', 'FIXEDPERIOD'), 184)
2023-08-21 19:14:32,302	[INFO]	99      SUCCESS              +649988044038 (82.11%) [2 edit(s)] 
2023-08-21 19:14:32,308	[DEBUG]	--- before: sat4j.params
+++ after: sat4j.params
@@ -1,6 +1,6 @@
 RESTARTS := 'Glucose21Restarts'
 PHASE := 'RSATPhaseSelectionStrategy'
 CLADECAY := 0.999
-VARDECAY := 0.95
+VARDECAY := 0.8775562870800052
 SIMP := 'EXPENSIVE_SIMPLIFICATION'
 CLEANING := 'LBD2'

2023-08-21 19:17:12,439	[DEBUG]	ParamSetting(('sat4j.params', 'VARDECAY'), 0.8775562870800052) | ParamSetting(('sat4j.params', 'FIXEDPERIOD'), 184) | StmtDeletion(('org.sat4j.core/src/main/java/org/sat4j/minisat/core/Solver.java.xml', 'stmt', 810))
2023-08-21 19:17:12,439	[INFO]	100     COMPILE_TIMEOUT       None  [3 edit(s)]       
2023-08-21 19:19:44,755	[DEBUG]	ParamSetting(('sat4j.params', 'VARDECAY'), 0.8775562870800052) | ParamSetting(('sat4j.params', 'FIXEDPERIOD'), 184) | StmtDeletion(('org.sat4j.core/src/main/java/org/sat4j/minisat/core/Solver.java.xml', 'stmt', 687))
2023-08-21 19:19:44,789	[INFO]	101     COMPILE_TIMEOUT       None  [3 edit(s)]       
2023-08-21 19:22:30,883	[DEBUG]	ParamSetting(('sat4j.params', 'VARDECAY'), 0.8775562870800052) | ParamSetting(('sat4j.params', 'FIXEDPERIOD'), 184) | StmtDeletion(('org.sat4j.core/src/main/java/org/sat4j/minisat/core/Solver.java.xml', 'stmt', 609))
2023-08-21 19:22:30,884	[INFO]	102     COMPILE_TIMEOUT       None  [3 edit(s)]       
2023-08-21 19:23:57,746	[DEBUG]	ParamSetting(('sat4j.params', 'VARDECAY'), 0.8775562870800052) | ParamSetting(('sat4j.params', 'FIXEDPERIOD'), 184) | StmtReplacement(('org.sat4j.core/src/main/java/org/sat4j/minisat/core/Solver.java.xml', 'stmt', 884), ('org.sat4j.core/src/main/java/org/sat4j/minisat/core/Solver.java.xml', 'stmt', 683))
2023-08-21 19:23:57,746	[INFO]	103     COMPILE_CODE_ERROR    None  [3 edit(s)]       
2023-08-21 19:23:57,753	[DEBUG]	ParamSetting(('sat4j.params', 'VARDECAY'), 0.8775562870800052)
2023-08-21 19:23:57,753	[INFO]	104     SUCCESS              +649988044038 (82.11%) [1 edit(s)] 
2023-08-21 19:23:57,758	[DEBUG]	--- before: sat4j.params
+++ after: sat4j.params
@@ -1,6 +1,6 @@
 RESTARTS := 'Glucose21Restarts'
 PHASE := 'RSATPhaseSelectionStrategy'
 CLADECAY := 0.999
-VARDECAY := 0.95
+VARDECAY := 0.8775562870800052
 SIMP := 'EXPENSIVE_SIMPLIFICATION'
 CLEANING := 'LBD2'

2023-08-21 19:23:57,763	[DEBUG]	ParamSetting(('sat4j.params', 'VARDECAY'), 0.8775562870800052) | ParamSetting(('sat4j.params', 'INITCONFLICTBOUND'), 13)
2023-08-21 19:23:57,763	[INFO]	105     SUCCESS              +649988044038 (82.11%) [2 edit(s)] 
2023-08-21 19:23:57,769	[DEBUG]	--- before: sat4j.params
+++ after: sat4j.params
@@ -1,6 +1,6 @@
 RESTARTS := 'Glucose21Restarts'
 PHASE := 'RSATPhaseSelectionStrategy'
 CLADECAY := 0.999
-VARDECAY := 0.95
+VARDECAY := 0.8775562870800052
 SIMP := 'EXPENSIVE_SIMPLIFICATION'
 CLEANING := 'LBD2'

2023-08-21 19:24:25,718	[DEBUG]	ParamSetting(('sat4j.params', 'VARDECAY'), 0.8775562870800052) | ParamSetting(('sat4j.params', 'INITCONFLICTBOUND'), 13) | StmtDeletion(('org.sat4j.core/src/main/java/org/sat4j/minisat/core/Solver.java.xml', 'stmt', 75))
2023-08-21 19:24:25,719	[INFO]	106     COMPILE_CODE_ERROR    None  [3 edit(s)]       
2023-08-21 19:26:01,482	[DEBUG]	ParamSetting(('sat4j.params', 'VARDECAY'), 0.8775562870800052) | ParamSetting(('sat4j.params', 'INITCONFLICTBOUND'), 13) | StmtDeletion(('org.sat4j.core/src/main/java/org/sat4j/minisat/core/Solver.java.xml', 'stmt', 106))
2023-08-21 19:26:01,482	[INFO]	107     COMPILE_CODE_ERROR    None  [3 edit(s)]       
2023-08-21 19:26:01,489	[DEBUG]	ParamSetting(('sat4j.params', 'INITCONFLICTBOUND'), 13)
2023-08-21 19:26:01,489	[INFO]	108     SUCCESS               791651982402 (100.0%) [1 edit(s)] 
2023-08-21 19:27:42,180	[DEBUG]	ParamSetting(('sat4j.params', 'VARDECAY'), 0.8775562870800052) | ParamSetting(('sat4j.params', 'INITCONFLICTBOUND'), 13) | StmtInsertion(('org.sat4j.core/src/main/java/org/sat4j/minisat/core/Solver.java.xml', '_inter_block', 171), ('org.sat4j.core/src/main/java/org/sat4j/minisat/core/Solver.java.xml', 'stmt', 825))
2023-08-21 19:27:42,180	[INFO]	109     COMPILE_CODE_ERROR    None  [3 edit(s)]       
2023-08-21 19:29:58,602	[DEBUG]	ParamSetting(('sat4j.params', 'VARDECAY'), 0.8775562870800052) | ParamSetting(('sat4j.params', 'INITCONFLICTBOUND'), 13) | StmtReplacement(('org.sat4j.core/src/main/java/org/sat4j/minisat/core/Solver.java.xml', 'stmt', 269), ('org.sat4j.core/src/main/java/org/sat4j/minisat/core/Solver.java.xml', 'stmt', 170))
2023-08-21 19:29:58,603	[INFO]	110     COMPILE_CODE_ERROR    None  [3 edit(s)]       
2023-08-21 19:29:58,610	[DEBUG]	ParamSetting(('sat4j.params', 'VARDECAY'), 0.8775562870800052)
2023-08-21 19:29:58,610	[INFO]	111     SUCCESS              +649988044038 (82.11%) [1 edit(s)] 
2023-08-21 19:29:58,615	[DEBUG]	--- before: sat4j.params
+++ after: sat4j.params
@@ -1,6 +1,6 @@
 RESTARTS := 'Glucose21Restarts'
 PHASE := 'RSATPhaseSelectionStrategy'
 CLADECAY := 0.999
-VARDECAY := 0.95
+VARDECAY := 0.8775562870800052
 SIMP := 'EXPENSIVE_SIMPLIFICATION'
 CLEANING := 'LBD2'

2023-08-21 19:31:41,112	[DEBUG]	ParamSetting(('sat4j.params', 'VARDECAY'), 0.8775562870800052) | StmtDeletion(('org.sat4j.core/src/main/java/org/sat4j/minisat/core/Solver.java.xml', 'stmt', 552))
2023-08-21 19:31:41,113	[INFO]	112     COMPILE_CODE_ERROR    None  [2 edit(s)]       
2023-08-21 19:31:41,120	[DEBUG]	
2023-08-21 19:31:41,120	[INFO]	113     SUCCESS               791651982402 (100.0%) [0 edit(s)] 
2023-08-21 19:34:25,424	[DEBUG]	ParamSetting(('sat4j.params', 'VARDECAY'), 0.8775562870800052) | StmtDeletion(('org.sat4j.core/src/main/java/org/sat4j/minisat/core/Solver.java.xml', 'stmt', 514))
2023-08-21 19:34:25,424	[INFO]	114     COMPILE_TIMEOUT       None  [2 edit(s)]       
2023-08-21 19:36:52,830	[DEBUG]	ParamSetting(('sat4j.params', 'VARDECAY'), 0.8775562870800052) | StmtReplacement(('org.sat4j.core/src/main/java/org/sat4j/minisat/core/Solver.java.xml', 'stmt', 556), ('org.sat4j.core/src/main/java/org/sat4j/minisat/core/Solver.java.xml', 'stmt', 145))
2023-08-21 19:36:52,831	[INFO]	115     COMPILE_CODE_ERROR    None  [2 edit(s)]       
2023-08-21 19:39:45,330	[DEBUG]	ParamSetting(('sat4j.params', 'VARDECAY'), 0.8775562870800052) | ParamSetting(('sat4j.params', 'VARDECAY'), 0.39591189753787204)
2023-08-21 19:39:45,331	[INFO]	116     COMPILE_TIMEOUT       None  [2 edit(s)]       
2023-08-21 19:42:43,326	[DEBUG]	ParamSetting(('sat4j.params', 'VARDECAY'), 0.8775562870800052) | StmtInsertion(('org.sat4j.core/src/main/java/org/sat4j/minisat/core/Solver.java.xml', '_inter_block', 935), ('org.sat4j.core/src/main/java/org/sat4j/minisat/core/Solver.java.xml', 'stmt', 227))
2023-08-21 19:42:43,326	[INFO]	117     COMPILE_TIMEOUT       None  [2 edit(s)]       
2023-08-21 19:45:43,905	[DEBUG]	ParamSetting(('sat4j.params', 'VARDECAY'), 0.8775562870800052) | StmtReplacement(('org.sat4j.core/src/main/java/org/sat4j/minisat/core/Solver.java.xml', 'stmt', 267), ('org.sat4j.core/src/main/java/org/sat4j/minisat/core/Solver.java.xml', 'stmt', 764))
2023-08-21 19:45:43,906	[INFO]	118     COMPILE_TIMEOUT       None  [2 edit(s)]       
2023-08-21 19:48:27,723	[DEBUG]	ParamSetting(('sat4j.params', 'VARDECAY'), 0.8775562870800052) | ParamSetting(('sat4j.params', 'VARDECAY'), 0.30800785878044934)
2023-08-21 19:48:27,724	[INFO]	119     COMPILE_TIMEOUT       None  [2 edit(s)]       
2023-08-21 19:51:28,492	[DEBUG]	ParamSetting(('sat4j.params', 'VARDECAY'), 0.8775562870800052) | StmtInsertion(('org.sat4j.core/src/main/java/org/sat4j/minisat/core/Solver.java.xml', '_inter_block', 1553), ('org.sat4j.core/src/main/java/org/sat4j/minisat/core/Solver.java.xml', 'stmt', 417))
2023-08-21 19:51:28,719	[INFO]	120     COMPILE_TIMEOUT       None  [2 edit(s)]       
2023-08-21 19:53:34,647	[DEBUG]	ParamSetting(('sat4j.params', 'VARDECAY'), 0.8775562870800052) | StmtReplacement(('org.sat4j.core/src/main/java/org/sat4j/minisat/core/Solver.java.xml', 'stmt', 727), ('org.sat4j.core/src/main/java/org/sat4j/minisat/core/Solver.java.xml', 'stmt', 801))
2023-08-21 19:53:34,647	[INFO]	121     COMPILE_CODE_ERROR    None  [2 edit(s)]       
2023-08-21 19:56:09,982	[DEBUG]	ParamSetting(('sat4j.params', 'VARDECAY'), 0.8775562870800052) | StmtReplacement(('org.sat4j.core/src/main/java/org/sat4j/minisat/core/Solver.java.xml', 'stmt', 226), ('org.sat4j.core/src/main/java/org/sat4j/minisat/core/Solver.java.xml', 'stmt', 633))
2023-08-21 19:56:09,983	[INFO]	122     COMPILE_CODE_ERROR    None  [2 edit(s)]       
2023-08-21 19:57:56,861	[DEBUG]	ParamSetting(('sat4j.params', 'VARDECAY'), 0.8775562870800052) | StmtInsertion(('org.sat4j.core/src/main/java/org/sat4j/minisat/core/Solver.java.xml', '_inter_block', 197), ('org.sat4j.core/src/main/java/org/sat4j/minisat/core/Solver.java.xml', 'stmt', 9))
2023-08-21 19:57:56,861	[INFO]	123     COMPILE_CODE_ERROR    None  [2 edit(s)]       
2023-08-21 19:59:56,663	[DEBUG]	ParamSetting(('sat4j.params', 'VARDECAY'), 0.8775562870800052) | StmtInsertion(('org.sat4j.core/src/main/java/org/sat4j/minisat/core/Solver.java.xml', '_inter_block', 1064), ('org.sat4j.core/src/main/java/org/sat4j/minisat/core/Solver.java.xml', 'stmt', 540))
2023-08-21 19:59:56,663	[INFO]	124     COMPILE_CODE_ERROR    None  [2 edit(s)]       
2023-08-21 20:02:47,389	[DEBUG]	ParamSetting(('sat4j.params', 'VARDECAY'), 0.8775562870800052) | StmtDeletion(('org.sat4j.core/src/main/java/org/sat4j/minisat/core/Solver.java.xml', 'stmt', 758))
2023-08-21 20:02:49,691	[INFO]	125     COMPILE_TIMEOUT       None  [2 edit(s)]       
2023-08-21 20:05:50,642	[DEBUG]	ParamSetting(('sat4j.params', 'VARDECAY'), 0.8775562870800052) | StmtReplacement(('org.sat4j.core/src/main/java/org/sat4j/minisat/core/Solver.java.xml', 'stmt', 242), ('org.sat4j.core/src/main/java/org/sat4j/minisat/core/Solver.java.xml', 'stmt', 240))
2023-08-21 20:05:50,643	[INFO]	126     COMPILE_TIMEOUT       None  [2 edit(s)]       
2023-08-21 20:08:57,000	[DEBUG]	ParamSetting(('sat4j.params', 'VARDECAY'), 0.8775562870800052) | StmtReplacement(('org.sat4j.core/src/main/java/org/sat4j/minisat/core/Solver.java.xml', 'stmt', 290), ('org.sat4j.core/src/main/java/org/sat4j/minisat/core/Solver.java.xml', 'stmt', 752))
2023-08-21 20:08:57,001	[INFO]	127     COMPILE_TIMEOUT       None  [2 edit(s)]       
2023-08-21 20:11:35,123	[DEBUG]	ParamSetting(('sat4j.params', 'VARDECAY'), 0.8775562870800052) | StmtInsertion(('org.sat4j.core/src/main/java/org/sat4j/minisat/core/Solver.java.xml', '_inter_block', 1134), ('org.sat4j.core/src/main/java/org/sat4j/minisat/core/Solver.java.xml', 'stmt', 174))
2023-08-21 20:11:35,124	[INFO]	128     COMPILE_CODE_ERROR    None  [2 edit(s)]       
2023-08-21 20:13:43,605	[DEBUG]	ParamSetting(('sat4j.params', 'VARDECAY'), 0.8775562870800052) | StmtInsertion(('org.sat4j.core/src/main/java/org/sat4j/minisat/core/Solver.java.xml', '_inter_block', 1112), ('org.sat4j.core/src/main/java/org/sat4j/minisat/core/Solver.java.xml', 'stmt', 237))
2023-08-21 20:13:43,606	[INFO]	129     COMPILE_CODE_ERROR    None  [2 edit(s)]       
2023-08-21 20:16:30,934	[DEBUG]	ParamSetting(('sat4j.params', 'VARDECAY'), 0.8775562870800052) | StmtDeletion(('org.sat4j.core/src/main/java/org/sat4j/minisat/core/Solver.java.xml', 'stmt', 753))
2023-08-21 20:16:30,934	[INFO]	130     COMPILE_TIMEOUT       None  [2 edit(s)]       
2023-08-21 20:18:38,984	[DEBUG]	ParamSetting(('sat4j.params', 'VARDECAY'), 0.8775562870800052) | StmtReplacement(('org.sat4j.core/src/main/java/org/sat4j/minisat/core/Solver.java.xml', 'stmt', 896), ('org.sat4j.core/src/main/java/org/sat4j/minisat/core/Solver.java.xml', 'stmt', 553))
2023-08-21 20:18:38,984	[INFO]	131     COMPILE_CODE_ERROR    None  [2 edit(s)]       
2023-08-21 20:18:38,991	[DEBUG]	ParamSetting(('sat4j.params', 'VARDECAY'), 0.8775562870800052) | ParamSetting(('sat4j.params', 'LUBYFACTOR'), 23)
2023-08-21 20:18:38,991	[INFO]	132     SUCCESS              +649988044038 (82.11%) [2 edit(s)] 
2023-08-21 20:18:38,997	[DEBUG]	--- before: sat4j.params
+++ after: sat4j.params
@@ -1,6 +1,6 @@
 RESTARTS := 'Glucose21Restarts'
 PHASE := 'RSATPhaseSelectionStrategy'
 CLADECAY := 0.999
-VARDECAY := 0.95
+VARDECAY := 0.8775562870800052
 SIMP := 'EXPENSIVE_SIMPLIFICATION'
 CLEANING := 'LBD2'

2023-08-21 20:18:39,002	[DEBUG]	ParamSetting(('sat4j.params', 'LUBYFACTOR'), 23)
2023-08-21 20:18:39,002	[INFO]	133     SUCCESS               791651982402 (100.0%) [1 edit(s)] 
2023-08-21 20:18:39,007	[DEBUG]	ParamSetting(('sat4j.params', 'VARDECAY'), 0.8775562870800052)
2023-08-21 20:18:39,008	[INFO]	134     SUCCESS              +649988044038 (82.11%) [1 edit(s)] 
2023-08-21 20:18:39,013	[DEBUG]	--- before: sat4j.params
+++ after: sat4j.params
@@ -1,6 +1,6 @@
 RESTARTS := 'Glucose21Restarts'
 PHASE := 'RSATPhaseSelectionStrategy'
 CLADECAY := 0.999
-VARDECAY := 0.95
+VARDECAY := 0.8775562870800052
 SIMP := 'EXPENSIVE_SIMPLIFICATION'
 CLEANING := 'LBD2'

2023-08-21 20:20:34,589	[DEBUG]	ParamSetting(('sat4j.params', 'VARDECAY'), 0.8775562870800052) | StmtReplacement(('org.sat4j.core/src/main/java/org/sat4j/minisat/core/Solver.java.xml', 'stmt', 698), ('org.sat4j.core/src/main/java/org/sat4j/minisat/core/Solver.java.xml', 'stmt', 634))
2023-08-21 20:20:34,589	[INFO]	135     COMPILE_CODE_ERROR    None  [2 edit(s)]       
2023-08-21 20:20:34,595	[DEBUG]	
2023-08-21 20:20:34,595	[INFO]	136     SUCCESS               791651982402 (100.0%) [0 edit(s)] 
2023-08-21 20:22:04,640	[DEBUG]	ParamSetting(('sat4j.params', 'VARDECAY'), 0.8775562870800052) | StmtInsertion(('org.sat4j.core/src/main/java/org/sat4j/minisat/core/Solver.java.xml', '_inter_block', 523), ('org.sat4j.core/src/main/java/org/sat4j/minisat/core/Solver.java.xml', 'stmt', 480))
2023-08-21 20:22:04,641	[INFO]	137     COMPILE_CODE_ERROR    None  [2 edit(s)]       
2023-08-21 20:24:48,692	[DEBUG]	ParamSetting(('sat4j.params', 'VARDECAY'), 0.8775562870800052) | StmtDeletion(('org.sat4j.core/src/main/java/org/sat4j/minisat/core/Solver.java.xml', 'stmt', 735))
2023-08-21 20:24:48,708	[INFO]	138     COMPILE_TIMEOUT       None  [2 edit(s)]       
2023-08-21 20:26:47,378	[DEBUG]	ParamSetting(('sat4j.params', 'VARDECAY'), 0.8775562870800052) | StmtReplacement(('org.sat4j.core/src/main/java/org/sat4j/minisat/core/Solver.java.xml', 'stmt', 189), ('org.sat4j.core/src/main/java/org/sat4j/minisat/core/Solver.java.xml', 'stmt', 868))
2023-08-21 20:26:47,378	[INFO]	139     COMPILE_CODE_ERROR    None  [2 edit(s)]       
2023-08-21 20:26:47,385	[DEBUG]	ParamSetting(('sat4j.params', 'VARDECAY'), 0.8775562870800052) | ParamSetting(('sat4j.params', 'LUBYFACTOR'), 25)
2023-08-21 20:26:47,385	[INFO]	140     SUCCESS              +649988044038 (82.11%) [2 edit(s)] 
2023-08-21 20:26:47,390	[DEBUG]	--- before: sat4j.params
+++ after: sat4j.params
@@ -1,6 +1,6 @@
 RESTARTS := 'Glucose21Restarts'
 PHASE := 'RSATPhaseSelectionStrategy'
 CLADECAY := 0.999
-VARDECAY := 0.95
+VARDECAY := 0.8775562870800052
 SIMP := 'EXPENSIVE_SIMPLIFICATION'
 CLEANING := 'LBD2'

2023-08-21 20:26:47,396	[DEBUG]	ParamSetting(('sat4j.params', 'LUBYFACTOR'), 25)
2023-08-21 20:26:47,396	[INFO]	141     SUCCESS               791651982402 (100.0%) [1 edit(s)] 
2023-08-21 20:29:30,427	[DEBUG]	ParamSetting(('sat4j.params', 'VARDECAY'), 0.8775562870800052) | ParamSetting(('sat4j.params', 'LUBYFACTOR'), 25) | StmtDeletion(('org.sat4j.core/src/main/java/org/sat4j/minisat/core/Solver.java.xml', 'stmt', 502))
2023-08-21 20:29:30,434	[INFO]	142     COMPILE_TIMEOUT       None  [3 edit(s)]       
2023-08-21 20:31:34,275	[DEBUG]	ParamSetting(('sat4j.params', 'VARDECAY'), 0.8775562870800052) | ParamSetting(('sat4j.params', 'LUBYFACTOR'), 25) | StmtReplacement(('org.sat4j.core/src/main/java/org/sat4j/minisat/core/Solver.java.xml', 'stmt', 172), ('org.sat4j.core/src/main/java/org/sat4j/minisat/core/Solver.java.xml', 'stmt', 702))
2023-08-21 20:31:34,276	[INFO]	143     COMPILE_CODE_ERROR    None  [3 edit(s)]       
2023-08-21 20:32:47,325	[DEBUG]	ParamSetting(('sat4j.params', 'VARDECAY'), 0.8775562870800052) | ParamSetting(('sat4j.params', 'LUBYFACTOR'), 25) | StmtInsertion(('org.sat4j.core/src/main/java/org/sat4j/minisat/core/Solver.java.xml', '_inter_block', 174), ('org.sat4j.core/src/main/java/org/sat4j/minisat/core/Solver.java.xml', 'stmt', 774))
2023-08-21 20:32:47,325	[INFO]	144     COMPILE_CODE_ERROR    None  [3 edit(s)]       
2023-08-21 20:32:47,332	[DEBUG]	ParamSetting(('sat4j.params', 'VARDECAY'), 0.8775562870800052)
2023-08-21 20:32:47,332	[INFO]	145     SUCCESS              +649988044038 (82.11%) [1 edit(s)] 
2023-08-21 20:32:47,338	[DEBUG]	--- before: sat4j.params
+++ after: sat4j.params
@@ -1,6 +1,6 @@
 RESTARTS := 'Glucose21Restarts'
 PHASE := 'RSATPhaseSelectionStrategy'
 CLADECAY := 0.999
-VARDECAY := 0.95
+VARDECAY := 0.8775562870800052
 SIMP := 'EXPENSIVE_SIMPLIFICATION'
 CLEANING := 'LBD2'

2023-08-21 20:32:47,343	[DEBUG]	
2023-08-21 20:32:47,343	[INFO]	146     SUCCESS               791651982402 (100.0%) [0 edit(s)] 
2023-08-21 20:34:18,931	[DEBUG]	ParamSetting(('sat4j.params', 'VARDECAY'), 0.8775562870800052) | StmtInsertion(('org.sat4j.core/src/main/java/org/sat4j/minisat/core/Solver.java.xml', '_inter_block', 1477), ('org.sat4j.core/src/main/java/org/sat4j/minisat/core/Solver.java.xml', 'stmt', 731))
2023-08-21 20:34:19,031	[INFO]	147     COMPILE_CODE_ERROR    None  [2 edit(s)]       
2023-08-21 20:34:19,039	[DEBUG]	ParamSetting(('sat4j.params', 'VARDECAY'), 0.8775562870800052) | ParamSetting(('sat4j.params', 'FIXEDPERIOD'), 190)
2023-08-21 20:34:19,039	[INFO]	148     SUCCESS              +649988044038 (82.11%) [2 edit(s)] 
2023-08-21 20:34:19,044	[DEBUG]	--- before: sat4j.params
+++ after: sat4j.params
@@ -1,6 +1,6 @@
 RESTARTS := 'Glucose21Restarts'
 PHASE := 'RSATPhaseSelectionStrategy'
 CLADECAY := 0.999
-VARDECAY := 0.95
+VARDECAY := 0.8775562870800052
 SIMP := 'EXPENSIVE_SIMPLIFICATION'
 CLEANING := 'LBD2'

2023-08-21 20:34:19,049	[DEBUG]	ParamSetting(('sat4j.params', 'VARDECAY'), 0.8775562870800052)
2023-08-21 20:34:19,049	[INFO]	149     SUCCESS              +649988044038 (82.11%) [1 edit(s)] 
2023-08-21 20:34:19,054	[DEBUG]	--- before: sat4j.params
+++ after: sat4j.params
@@ -1,6 +1,6 @@
 RESTARTS := 'Glucose21Restarts'
 PHASE := 'RSATPhaseSelectionStrategy'
 CLADECAY := 0.999
-VARDECAY := 0.95
+VARDECAY := 0.8775562870800052
 SIMP := 'EXPENSIVE_SIMPLIFICATION'
 CLEANING := 'LBD2'

2023-08-21 20:34:19,059	[DEBUG]	
2023-08-21 20:34:19,059	[INFO]	150     SUCCESS               791651982402 (100.0%) [0 edit(s)] 
2023-08-21 20:35:47,020	[DEBUG]	ParamSetting(('sat4j.params', 'VARDECAY'), 0.8775562870800052) | StmtReplacement(('org.sat4j.core/src/main/java/org/sat4j/minisat/core/Solver.java.xml', 'stmt', 901), ('org.sat4j.core/src/main/java/org/sat4j/minisat/core/Solver.java.xml', 'stmt', 563))
2023-08-21 20:35:47,027	[INFO]	151     COMPILE_CODE_ERROR    None  [2 edit(s)]       
2023-08-21 20:35:47,039	[DEBUG]	ParamSetting(('sat4j.params', 'VARDECAY'), 0.8775562870800052) | ParamSetting(('sat4j.params', 'FIXEDPERIOD'), 329)
2023-08-21 20:35:47,039	[INFO]	152     SUCCESS              +649988044038 (82.11%) [2 edit(s)] 
2023-08-21 20:35:47,044	[DEBUG]	--- before: sat4j.params
+++ after: sat4j.params
@@ -1,6 +1,6 @@
 RESTARTS := 'Glucose21Restarts'
 PHASE := 'RSATPhaseSelectionStrategy'
 CLADECAY := 0.999
-VARDECAY := 0.95
+VARDECAY := 0.8775562870800052
 SIMP := 'EXPENSIVE_SIMPLIFICATION'
 CLEANING := 'LBD2'

2023-08-21 20:35:47,050	[DEBUG]	ParamSetting(('sat4j.params', 'VARDECAY'), 0.8775562870800052) | ParamSetting(('sat4j.params', 'FIXEDPERIOD'), 329) | ParamSetting(('sat4j.params', 'CONFLICTBOUNDINCFACTOR'), 3.487079915301309)
2023-08-21 20:35:47,050	[INFO]	153     SUCCESS              +649988044038 (82.11%) [3 edit(s)] 
2023-08-21 20:35:47,055	[DEBUG]	--- before: sat4j.params
+++ after: sat4j.params
@@ -1,6 +1,6 @@
 RESTARTS := 'Glucose21Restarts'
 PHASE := 'RSATPhaseSelectionStrategy'
 CLADECAY := 0.999
-VARDECAY := 0.95
+VARDECAY := 0.8775562870800052
 SIMP := 'EXPENSIVE_SIMPLIFICATION'
 CLEANING := 'LBD2'

2023-08-21 20:37:26,771	[DEBUG]	ParamSetting(('sat4j.params', 'VARDECAY'), 0.8775562870800052) | ParamSetting(('sat4j.params', 'FIXEDPERIOD'), 329) | ParamSetting(('sat4j.params', 'CONFLICTBOUNDINCFACTOR'), 3.487079915301309) | StmtInsertion(('org.sat4j.core/src/main/java/org/sat4j/minisat/core/Solver.java.xml', '_inter_block', 26), ('org.sat4j.core/src/main/java/org/sat4j/minisat/core/Solver.java.xml', 'stmt', 400))
2023-08-21 20:37:26,796	[INFO]	154     COMPILE_CODE_ERROR    None  [4 edit(s)]       
2023-08-21 20:37:26,849	[DEBUG]	ParamSetting(('sat4j.params', 'VARDECAY'), 0.8775562870800052) | ParamSetting(('sat4j.params', 'FIXEDPERIOD'), 329)
2023-08-21 20:37:26,849	[INFO]	155     SUCCESS              +649988044038 (82.11%) [2 edit(s)] 
2023-08-21 20:37:26,858	[DEBUG]	--- before: sat4j.params
+++ after: sat4j.params
@@ -1,6 +1,6 @@
 RESTARTS := 'Glucose21Restarts'
 PHASE := 'RSATPhaseSelectionStrategy'
 CLADECAY := 0.999
-VARDECAY := 0.95
+VARDECAY := 0.8775562870800052
 SIMP := 'EXPENSIVE_SIMPLIFICATION'
 CLEANING := 'LBD2'

2023-08-21 20:37:26,866	[DEBUG]	ParamSetting(('sat4j.params', 'FIXEDPERIOD'), 329)
2023-08-21 20:37:26,866	[INFO]	156     SUCCESS               791651982402 (100.0%) [1 edit(s)] 
2023-08-21 20:37:26,879	[DEBUG]	ParamSetting(('sat4j.params', 'VARDECAY'), 0.8775562870800052)
2023-08-21 20:37:26,879	[INFO]	157     SUCCESS              +649988044038 (82.11%) [1 edit(s)] 
2023-08-21 20:37:26,887	[DEBUG]	--- before: sat4j.params
+++ after: sat4j.params
@@ -1,6 +1,6 @@
 RESTARTS := 'Glucose21Restarts'
 PHASE := 'RSATPhaseSelectionStrategy'
 CLADECAY := 0.999
-VARDECAY := 0.95
+VARDECAY := 0.8775562870800052
 SIMP := 'EXPENSIVE_SIMPLIFICATION'
 CLEANING := 'LBD2'

2023-08-21 20:38:41,162	[DEBUG]	ParamSetting(('sat4j.params', 'VARDECAY'), 0.8775562870800052) | StmtDeletion(('org.sat4j.core/src/main/java/org/sat4j/minisat/core/Solver.java.xml', 'stmt', 388))
2023-08-21 20:38:41,169	[INFO]	158     COMPILE_CODE_ERROR    None  [2 edit(s)]       
2023-08-21 20:41:24,037	[DEBUG]	ParamSetting(('sat4j.params', 'VARDECAY'), 0.8775562870800052) | StmtDeletion(('org.sat4j.core/src/main/java/org/sat4j/minisat/core/Solver.java.xml', 'stmt', 616))
2023-08-21 20:41:24,038	[INFO]	159     COMPILE_TIMEOUT       None  [2 edit(s)]       
2023-08-21 20:41:24,044	[DEBUG]	
2023-08-21 20:41:24,044	[INFO]	160     SUCCESS               791651982402 (100.0%) [0 edit(s)] 
2023-08-21 20:41:24,050	[DEBUG]	ParamSetting(('sat4j.params', 'VARDECAY'), 0.8775562870800052) | ParamSetting(('sat4j.params', 'CONFLICTBOUNDINCFACTOR'), 1.8822231457801686)
2023-08-21 20:41:24,050	[INFO]	161     SUCCESS              +649988044038 (82.11%) [2 edit(s)] 
2023-08-21 20:41:24,055	[DEBUG]	--- before: sat4j.params
+++ after: sat4j.params
@@ -1,6 +1,6 @@
 RESTARTS := 'Glucose21Restarts'
 PHASE := 'RSATPhaseSelectionStrategy'
 CLADECAY := 0.999
-VARDECAY := 0.95
+VARDECAY := 0.8775562870800052
 SIMP := 'EXPENSIVE_SIMPLIFICATION'
 CLEANING := 'LBD2'

2023-08-21 20:44:01,856	[DEBUG]	ParamSetting(('sat4j.params', 'VARDECAY'), 0.8775562870800052) | ParamSetting(('sat4j.params', 'CONFLICTBOUNDINCFACTOR'), 1.8822231457801686) | StmtInsertion(('org.sat4j.core/src/main/java/org/sat4j/minisat/core/Solver.java.xml', '_inter_block', 543), ('org.sat4j.core/src/main/java/org/sat4j/minisat/core/Solver.java.xml', 'stmt', 315))
2023-08-21 20:44:01,857	[INFO]	162     COMPILE_CODE_ERROR    None  [3 edit(s)]       
2023-08-21 20:46:35,527	[DEBUG]	ParamSetting(('sat4j.params', 'VARDECAY'), 0.8775562870800052) | ParamSetting(('sat4j.params', 'CONFLICTBOUNDINCFACTOR'), 1.8822231457801686) | StmtReplacement(('org.sat4j.core/src/main/java/org/sat4j/minisat/core/Solver.java.xml', 'stmt', 184), ('org.sat4j.core/src/main/java/org/sat4j/minisat/core/Solver.java.xml', 'stmt', 63))
2023-08-21 20:46:35,601	[INFO]	163     COMPILE_TIMEOUT       None  [3 edit(s)]       
2023-08-21 20:49:34,899	[DEBUG]	ParamSetting(('sat4j.params', 'VARDECAY'), 0.8775562870800052) | ParamSetting(('sat4j.params', 'CONFLICTBOUNDINCFACTOR'), 1.8822231457801686) | ParamSetting(('sat4j.params', 'CLADECAY'), 0.4482058827621552)
2023-08-21 20:49:34,900	[INFO]	164     COMPILE_TIMEOUT       None  [3 edit(s)]       
2023-08-21 20:53:05,053	[DEBUG]	ParamSetting(('sat4j.params', 'VARDECAY'), 0.8775562870800052) | ParamSetting(('sat4j.params', 'CONFLICTBOUNDINCFACTOR'), 1.8822231457801686) | ParamSetting(('sat4j.params', 'PHASE'), 'NegativeLiteralSelectionStrategy')
2023-08-21 20:53:05,053	[INFO]	165     COMPILE_TIMEOUT       None  [3 edit(s)]       
2023-08-21 20:55:08,356	[DEBUG]	ParamSetting(('sat4j.params', 'VARDECAY'), 0.8775562870800052) | ParamSetting(('sat4j.params', 'CONFLICTBOUNDINCFACTOR'), 1.8822231457801686) | StmtReplacement(('org.sat4j.core/src/main/java/org/sat4j/minisat/core/Solver.java.xml', 'stmt', 610), ('org.sat4j.core/src/main/java/org/sat4j/minisat/core/Solver.java.xml', 'stmt', 231))
2023-08-21 20:55:08,356	[INFO]	166     COMPILE_CODE_ERROR    None  [3 edit(s)]       
2023-08-21 20:57:38,673	[DEBUG]	ParamSetting(('sat4j.params', 'VARDECAY'), 0.8775562870800052) | ParamSetting(('sat4j.params', 'CONFLICTBOUNDINCFACTOR'), 1.8822231457801686) | StmtReplacement(('org.sat4j.core/src/main/java/org/sat4j/minisat/core/Solver.java.xml', 'stmt', 331), ('org.sat4j.core/src/main/java/org/sat4j/minisat/core/Solver.java.xml', 'stmt', 778))
2023-08-21 20:57:38,673	[INFO]	167     COMPILE_CODE_ERROR    None  [3 edit(s)]       
2023-08-21 20:57:38,679	[DEBUG]	ParamSetting(('sat4j.params', 'VARDECAY'), 0.8775562870800052)
2023-08-21 20:57:38,679	[INFO]	168     SUCCESS              +649988044038 (82.11%) [1 edit(s)] 
2023-08-21 20:57:38,685	[DEBUG]	--- before: sat4j.params
+++ after: sat4j.params
@@ -1,6 +1,6 @@
 RESTARTS := 'Glucose21Restarts'
 PHASE := 'RSATPhaseSelectionStrategy'
 CLADECAY := 0.999
-VARDECAY := 0.95
+VARDECAY := 0.8775562870800052
 SIMP := 'EXPENSIVE_SIMPLIFICATION'
 CLEANING := 'LBD2'

2023-08-21 20:57:38,690	[DEBUG]	
2023-08-21 20:57:38,690	[INFO]	169     SUCCESS               791651982402 (100.0%) [0 edit(s)] 
2023-08-21 21:00:27,719	[DEBUG]	ParamSetting(('sat4j.params', 'VARDECAY'), 0.8775562870800052) | ParamSetting(('sat4j.params', 'PHASE'), 'RSATLastLearnedClausesPhaseSelectionStrategy')
2023-08-21 21:00:27,720	[INFO]	170     COMPILE_TIMEOUT       None  [2 edit(s)]       
2023-08-21 21:02:11,320	[DEBUG]	ParamSetting(('sat4j.params', 'VARDECAY'), 0.8775562870800052) | StmtDeletion(('org.sat4j.core/src/main/java/org/sat4j/minisat/core/Solver.java.xml', 'stmt', 277))
2023-08-21 21:02:11,321	[INFO]	171     COMPILE_CODE_ERROR    None  [2 edit(s)]       
2023-08-21 21:04:52,401	[DEBUG]	ParamSetting(('sat4j.params', 'VARDECAY'), 0.8775562870800052) | StmtDeletion(('org.sat4j.core/src/main/java/org/sat4j/minisat/core/Solver.java.xml', 'stmt', 330))
2023-08-21 21:04:52,402	[INFO]	172     COMPILE_TIMEOUT       None  [2 edit(s)]       
2023-08-21 21:06:09,284	[DEBUG]	ParamSetting(('sat4j.params', 'VARDECAY'), 0.8775562870800052) | StmtInsertion(('org.sat4j.core/src/main/java/org/sat4j/minisat/core/Solver.java.xml', '_inter_block', 1297), ('org.sat4j.core/src/main/java/org/sat4j/minisat/core/Solver.java.xml', 'stmt', 420))
2023-08-21 21:06:09,284	[INFO]	173     COMPILE_CODE_ERROR    None  [2 edit(s)]       
2023-08-21 21:06:24,621	[DEBUG]	ParamSetting(('sat4j.params', 'VARDECAY'), 0.8775562870800052) | StmtInsertion(('org.sat4j.core/src/main/java/org/sat4j/minisat/core/Solver.java.xml', '_inter_block', 1121), ('org.sat4j.core/src/main/java/org/sat4j/minisat/core/Solver.java.xml', 'stmt', 649))
2023-08-21 21:06:24,621	[INFO]	174     COMPILE_CODE_ERROR    None  [2 edit(s)]       
2023-08-21 21:09:10,948	[DEBUG]	ParamSetting(('sat4j.params', 'VARDECAY'), 0.8775562870800052) | StmtDeletion(('org.sat4j.core/src/main/java/org/sat4j/minisat/core/Solver.java.xml', 'stmt', 667))
2023-08-21 21:09:10,948	[INFO]	175     COMPILE_TIMEOUT       None  [2 edit(s)]       
2023-08-21 21:10:59,601	[DEBUG]	ParamSetting(('sat4j.params', 'VARDECAY'), 0.8775562870800052) | StmtReplacement(('org.sat4j.core/src/main/java/org/sat4j/minisat/core/Solver.java.xml', 'stmt', 415), ('org.sat4j.core/src/main/java/org/sat4j/minisat/core/Solver.java.xml', 'stmt', 876))
2023-08-21 21:10:59,602	[INFO]	176     COMPILE_CODE_ERROR    None  [2 edit(s)]       
2023-08-21 21:12:18,049	[DEBUG]	ParamSetting(('sat4j.params', 'VARDECAY'), 0.8775562870800052) | StmtDeletion(('org.sat4j.core/src/main/java/org/sat4j/minisat/core/Solver.java.xml', 'stmt', 263))
2023-08-21 21:12:18,049	[INFO]	177     COMPILE_CODE_ERROR    None  [2 edit(s)]       
2023-08-21 21:14:59,781	[DEBUG]	ParamSetting(('sat4j.params', 'VARDECAY'), 0.8775562870800052) | StmtReplacement(('org.sat4j.core/src/main/java/org/sat4j/minisat/core/Solver.java.xml', 'stmt', 116), ('org.sat4j.core/src/main/java/org/sat4j/minisat/core/Solver.java.xml', 'stmt', 262))
2023-08-21 21:14:59,781	[INFO]	178     COMPILE_TIMEOUT       None  [2 edit(s)]       
2023-08-21 21:17:03,895	[DEBUG]	ParamSetting(('sat4j.params', 'VARDECAY'), 0.8775562870800052) | StmtDeletion(('org.sat4j.core/src/main/java/org/sat4j/minisat/core/Solver.java.xml', 'stmt', 122))
2023-08-21 21:17:03,898	[INFO]	179     COMPILE_CODE_ERROR    None  [2 edit(s)]       
2023-08-21 21:18:25,670	[DEBUG]	ParamSetting(('sat4j.params', 'VARDECAY'), 0.8775562870800052) | StmtInsertion(('org.sat4j.core/src/main/java/org/sat4j/minisat/core/Solver.java.xml', '_inter_block', 630), ('org.sat4j.core/src/main/java/org/sat4j/minisat/core/Solver.java.xml', 'stmt', 420))
2023-08-21 21:18:25,670	[INFO]	180     COMPILE_CODE_ERROR    None  [2 edit(s)]       
2023-08-21 21:19:04,241	[DEBUG]	ParamSetting(('sat4j.params', 'VARDECAY'), 0.8775562870800052) | StmtReplacement(('org.sat4j.core/src/main/java/org/sat4j/minisat/core/Solver.java.xml', 'stmt', 469), ('org.sat4j.core/src/main/java/org/sat4j/minisat/core/Solver.java.xml', 'stmt', 525))
2023-08-21 21:19:04,241	[INFO]	181     COMPILE_CODE_ERROR    None  [2 edit(s)]       
2023-08-21 21:20:18,314	[DEBUG]	ParamSetting(('sat4j.params', 'VARDECAY'), 0.8775562870800052) | StmtReplacement(('org.sat4j.core/src/main/java/org/sat4j/minisat/core/Solver.java.xml', 'stmt', 299), ('org.sat4j.core/src/main/java/org/sat4j/minisat/core/Solver.java.xml', 'stmt', 719))
2023-08-21 21:20:18,314	[INFO]	182     COMPILE_CODE_ERROR    None  [2 edit(s)]       
2023-08-21 21:21:18,666	[DEBUG]	ParamSetting(('sat4j.params', 'VARDECAY'), 0.8775562870800052) | StmtReplacement(('org.sat4j.core/src/main/java/org/sat4j/minisat/core/Solver.java.xml', 'stmt', 550), ('org.sat4j.core/src/main/java/org/sat4j/minisat/core/Solver.java.xml', 'stmt', 198))
2023-08-21 21:21:18,673	[INFO]	183     COMPILE_CODE_ERROR    None  [2 edit(s)]       
2023-08-21 21:21:18,686	[DEBUG]	ParamSetting(('sat4j.params', 'VARDECAY'), 0.8775562870800052) | ParamSetting(('sat4j.params', 'SIMP'), 'EXPENSIVE_SIMPLIFICATION')
2023-08-21 21:21:18,686	[INFO]	184     SUCCESS              +649988044038 (82.11%) [2 edit(s)] 
2023-08-21 21:21:18,691	[DEBUG]	--- before: sat4j.params
+++ after: sat4j.params
@@ -1,6 +1,6 @@
 RESTARTS := 'Glucose21Restarts'
 PHASE := 'RSATPhaseSelectionStrategy'
 CLADECAY := 0.999
-VARDECAY := 0.95
+VARDECAY := 0.8775562870800052
 SIMP := 'EXPENSIVE_SIMPLIFICATION'
 CLEANING := 'LBD2'

2023-08-21 21:21:18,696	[DEBUG]	ParamSetting(('sat4j.params', 'VARDECAY'), 0.8775562870800052)
2023-08-21 21:21:18,696	[INFO]	185     SUCCESS              +649988044038 (82.11%) [1 edit(s)] 
2023-08-21 21:21:18,702	[DEBUG]	--- before: sat4j.params
+++ after: sat4j.params
@@ -1,6 +1,6 @@
 RESTARTS := 'Glucose21Restarts'
 PHASE := 'RSATPhaseSelectionStrategy'
 CLADECAY := 0.999
-VARDECAY := 0.95
+VARDECAY := 0.8775562870800052
 SIMP := 'EXPENSIVE_SIMPLIFICATION'
 CLEANING := 'LBD2'

2023-08-21 21:21:57,951	[DEBUG]	ParamSetting(('sat4j.params', 'VARDECAY'), 0.8775562870800052) | StmtInsertion(('org.sat4j.core/src/main/java/org/sat4j/minisat/core/Solver.java.xml', '_inter_block', 1425), ('org.sat4j.core/src/main/java/org/sat4j/minisat/core/Solver.java.xml', 'stmt', 41))
2023-08-21 21:21:57,952	[INFO]	186     COMPILE_CODE_ERROR    None  [2 edit(s)]       
2023-08-21 21:23:49,880	[DEBUG]	ParamSetting(('sat4j.params', 'VARDECAY'), 0.8775562870800052) | StmtDeletion(('org.sat4j.core/src/main/java/org/sat4j/minisat/core/Solver.java.xml', 'stmt', 600))
2023-08-21 21:23:49,881	[INFO]	187     COMPILE_CODE_ERROR    None  [2 edit(s)]       
2023-08-21 21:23:49,887	[DEBUG]	ParamSetting(('sat4j.params', 'VARDECAY'), 0.8775562870800052) | ParamSetting(('sat4j.params', 'LUBYFACTOR'), 36)
2023-08-21 21:23:49,887	[INFO]	188     SUCCESS              +649988044038 (82.11%) [2 edit(s)] 
2023-08-21 21:23:49,893	[DEBUG]	--- before: sat4j.params
+++ after: sat4j.params
@@ -1,6 +1,6 @@
 RESTARTS := 'Glucose21Restarts'
 PHASE := 'RSATPhaseSelectionStrategy'
 CLADECAY := 0.999
-VARDECAY := 0.95
+VARDECAY := 0.8775562870800052
 SIMP := 'EXPENSIVE_SIMPLIFICATION'
 CLEANING := 'LBD2'

2023-08-21 21:23:49,898	[DEBUG]	ParamSetting(('sat4j.params', 'LUBYFACTOR'), 36)
2023-08-21 21:23:49,898	[INFO]	189     SUCCESS               791651982402 (100.0%) [1 edit(s)] 
2023-08-21 21:26:37,258	[DEBUG]	ParamSetting(('sat4j.params', 'VARDECAY'), 0.8775562870800052) | ParamSetting(('sat4j.params', 'LUBYFACTOR'), 36) | ParamSetting(('sat4j.params', 'VARDECAY'), 0.3023561701629863)
2023-08-21 21:26:37,259	[INFO]	190     COMPILE_TIMEOUT       None  [3 edit(s)]       
2023-08-21 21:29:43,347	[DEBUG]	ParamSetting(('sat4j.params', 'VARDECAY'), 0.8775562870800052) | ParamSetting(('sat4j.params', 'LUBYFACTOR'), 36) | StmtDeletion(('org.sat4j.core/src/main/java/org/sat4j/minisat/core/Solver.java.xml', 'stmt', 328))
2023-08-21 21:29:43,353	[INFO]	191     COMPILE_TIMEOUT       None  [3 edit(s)]       
2023-08-21 21:29:43,366	[DEBUG]	ParamSetting(('sat4j.params', 'VARDECAY'), 0.8775562870800052)
2023-08-21 21:29:43,366	[INFO]	192     SUCCESS              +649988044038 (82.11%) [1 edit(s)] 
2023-08-21 21:29:43,371	[DEBUG]	--- before: sat4j.params
+++ after: sat4j.params
@@ -1,6 +1,6 @@
 RESTARTS := 'Glucose21Restarts'
 PHASE := 'RSATPhaseSelectionStrategy'
 CLADECAY := 0.999
-VARDECAY := 0.95
+VARDECAY := 0.8775562870800052
 SIMP := 'EXPENSIVE_SIMPLIFICATION'
 CLEANING := 'LBD2'

2023-08-21 21:29:43,376	[DEBUG]	
2023-08-21 21:29:43,376	[INFO]	193     SUCCESS               791651982402 (100.0%) [0 edit(s)] 
2023-08-21 21:31:35,480	[DEBUG]	ParamSetting(('sat4j.params', 'VARDECAY'), 0.8775562870800052) | StmtDeletion(('org.sat4j.core/src/main/java/org/sat4j/minisat/core/Solver.java.xml', 'stmt', 631))
2023-08-21 21:31:35,480	[INFO]	194     COMPILE_CODE_ERROR    None  [2 edit(s)]       
2023-08-21 21:33:05,504	[DEBUG]	ParamSetting(('sat4j.params', 'VARDECAY'), 0.8775562870800052) | StmtDeletion(('org.sat4j.core/src/main/java/org/sat4j/minisat/core/Solver.java.xml', 'stmt', 515))
2023-08-21 21:33:05,504	[INFO]	195     COMPILE_CODE_ERROR    None  [2 edit(s)]       
2023-08-21 21:33:05,511	[DEBUG]	ParamSetting(('sat4j.params', 'VARDECAY'), 0.8775562870800052) | ParamSetting(('sat4j.params', 'LUBYFACTOR'), 27)
2023-08-21 21:33:05,511	[INFO]	196     SUCCESS              +649988044038 (82.11%) [2 edit(s)] 
2023-08-21 21:33:05,517	[DEBUG]	--- before: sat4j.params
+++ after: sat4j.params
@@ -1,6 +1,6 @@
 RESTARTS := 'Glucose21Restarts'
 PHASE := 'RSATPhaseSelectionStrategy'
 CLADECAY := 0.999
-VARDECAY := 0.95
+VARDECAY := 0.8775562870800052
 SIMP := 'EXPENSIVE_SIMPLIFICATION'
 CLEANING := 'LBD2'

2023-08-21 21:33:05,522	[DEBUG]	ParamSetting(('sat4j.params', 'LUBYFACTOR'), 27)
2023-08-21 21:33:05,522	[INFO]	197     SUCCESS               791651982402 (100.0%) [1 edit(s)] 
2023-08-21 21:35:47,523	[DEBUG]	ParamSetting(('sat4j.params', 'VARDECAY'), 0.8775562870800052) | ParamSetting(('sat4j.params', 'LUBYFACTOR'), 27) | StmtDeletion(('org.sat4j.core/src/main/java/org/sat4j/minisat/core/Solver.java.xml', 'stmt', 190))
2023-08-21 21:35:47,523	[INFO]	198     COMPILE_TIMEOUT       None  [3 edit(s)]       
2023-08-21 21:39:13,079	[DEBUG]	ParamSetting(('sat4j.params', 'VARDECAY'), 0.8775562870800052) | ParamSetting(('sat4j.params', 'LUBYFACTOR'), 27) | ParamSetting(('sat4j.params', 'VARDECAY'), 0.16849704400132237)
2023-08-21 21:39:13,079	[INFO]	199     COMPILE_TIMEOUT       None  [3 edit(s)]       
2023-08-21 21:39:13,086	[DEBUG]	ParamSetting(('sat4j.params', 'VARDECAY'), 0.8775562870800052)
2023-08-21 21:39:13,086	[INFO]	200     SUCCESS              +649988044038 (82.11%) [1 edit(s)] 
2023-08-21 21:39:13,094	[DEBUG]	--- before: sat4j.params
+++ after: sat4j.params
@@ -1,6 +1,6 @@
 RESTARTS := 'Glucose21Restarts'
 PHASE := 'RSATPhaseSelectionStrategy'
 CLADECAY := 0.999
-VARDECAY := 0.95
+VARDECAY := 0.8775562870800052
 SIMP := 'EXPENSIVE_SIMPLIFICATION'
 CLEANING := 'LBD2'

2023-08-21 21:39:13,099	[DEBUG]	
2023-08-21 21:39:13,099	[INFO]	201     SUCCESS               791651982402 (100.0%) [0 edit(s)] 
2023-08-21 21:40:41,106	[DEBUG]	ParamSetting(('sat4j.params', 'VARDECAY'), 0.8775562870800052) | StmtReplacement(('org.sat4j.core/src/main/java/org/sat4j/minisat/core/Solver.java.xml', 'stmt', 11), ('org.sat4j.core/src/main/java/org/sat4j/minisat/core/Solver.java.xml', 'stmt', 691))
2023-08-21 21:40:41,107	[INFO]	202     COMPILE_CODE_ERROR    None  [2 edit(s)]       
2023-08-21 21:40:53,072	[DEBUG]	ParamSetting(('sat4j.params', 'VARDECAY'), 0.8775562870800052) | StmtInsertion(('org.sat4j.core/src/main/java/org/sat4j/minisat/core/Solver.java.xml', '_inter_block', 1002), ('org.sat4j.core/src/main/java/org/sat4j/minisat/core/Solver.java.xml', 'stmt', 915))
2023-08-21 21:40:53,073	[INFO]	203     COMPILE_CODE_ERROR    None  [2 edit(s)]       
2023-08-21 21:40:53,079	[DEBUG]	ParamSetting(('sat4j.params', 'VARDECAY'), 0.8775562870800052) | ParamSetting(('sat4j.params', 'CONFLICTBOUNDINCFACTOR'), 2.5191923825257314)
2023-08-21 21:40:53,079	[INFO]	204     SUCCESS              +649988044038 (82.11%) [2 edit(s)] 
2023-08-21 21:40:53,084	[DEBUG]	--- before: sat4j.params
+++ after: sat4j.params
@@ -1,6 +1,6 @@
 RESTARTS := 'Glucose21Restarts'
 PHASE := 'RSATPhaseSelectionStrategy'
 CLADECAY := 0.999
-VARDECAY := 0.95
+VARDECAY := 0.8775562870800052
 SIMP := 'EXPENSIVE_SIMPLIFICATION'
 CLEANING := 'LBD2'

2023-08-21 21:40:53,090	[DEBUG]	ParamSetting(('sat4j.params', 'VARDECAY'), 0.8775562870800052)
2023-08-21 21:40:53,090	[INFO]	205     SUCCESS              +649988044038 (82.11%) [1 edit(s)] 
2023-08-21 21:40:53,095	[DEBUG]	--- before: sat4j.params
+++ after: sat4j.params
@@ -1,6 +1,6 @@
 RESTARTS := 'Glucose21Restarts'
 PHASE := 'RSATPhaseSelectionStrategy'
 CLADECAY := 0.999
-VARDECAY := 0.95
+VARDECAY := 0.8775562870800052
 SIMP := 'EXPENSIVE_SIMPLIFICATION'
 CLEANING := 'LBD2'

2023-08-21 21:42:02,819	[DEBUG]	ParamSetting(('sat4j.params', 'VARDECAY'), 0.8775562870800052) | StmtDeletion(('org.sat4j.core/src/main/java/org/sat4j/minisat/core/Solver.java.xml', 'stmt', 299))
2023-08-21 21:42:02,819	[INFO]	206     COMPILE_CODE_ERROR    None  [2 edit(s)]       
2023-08-21 21:43:21,314	[DEBUG]	ParamSetting(('sat4j.params', 'VARDECAY'), 0.8775562870800052) | StmtReplacement(('org.sat4j.core/src/main/java/org/sat4j/minisat/core/Solver.java.xml', 'stmt', 825), ('org.sat4j.core/src/main/java/org/sat4j/minisat/core/Solver.java.xml', 'stmt', 336))
2023-08-21 21:43:21,314	[INFO]	207     COMPILE_CODE_ERROR    None  [2 edit(s)]       
2023-08-21 21:43:21,320	[DEBUG]	
2023-08-21 21:43:21,320	[INFO]	208     SUCCESS               791651982402 (100.0%) [0 edit(s)] 
2023-08-21 21:44:33,909	[DEBUG]	ParamSetting(('sat4j.params', 'VARDECAY'), 0.8775562870800052) | StmtReplacement(('org.sat4j.core/src/main/java/org/sat4j/minisat/core/Solver.java.xml', 'stmt', 423), ('org.sat4j.core/src/main/java/org/sat4j/minisat/core/Solver.java.xml', 'stmt', 310))
2023-08-21 21:44:34,051	[INFO]	209     COMPILE_CODE_ERROR    None  [2 edit(s)]       
2023-08-21 21:44:34,229	[DEBUG]	ParamSetting(('sat4j.params', 'VARDECAY'), 0.8775562870800052) | ParamSetting(('sat4j.params', 'INITCONFLICTBOUND'), 35)
2023-08-21 21:44:34,229	[INFO]	210     SUCCESS              +649988044038 (82.11%) [2 edit(s)] 
2023-08-21 21:44:34,241	[DEBUG]	--- before: sat4j.params
+++ after: sat4j.params
@@ -1,6 +1,6 @@
 RESTARTS := 'Glucose21Restarts'
 PHASE := 'RSATPhaseSelectionStrategy'
 CLADECAY := 0.999
-VARDECAY := 0.95
+VARDECAY := 0.8775562870800052
 SIMP := 'EXPENSIVE_SIMPLIFICATION'
 CLEANING := 'LBD2'

2023-08-21 21:45:46,072	[DEBUG]	ParamSetting(('sat4j.params', 'VARDECAY'), 0.8775562870800052) | ParamSetting(('sat4j.params', 'INITCONFLICTBOUND'), 35) | StmtReplacement(('org.sat4j.core/src/main/java/org/sat4j/minisat/core/Solver.java.xml', 'stmt', 935), ('org.sat4j.core/src/main/java/org/sat4j/minisat/core/Solver.java.xml', 'stmt', 759))
2023-08-21 21:45:46,072	[INFO]	211     COMPILE_CODE_ERROR    None  [3 edit(s)]       
2023-08-21 21:46:31,793	[DEBUG]	ParamSetting(('sat4j.params', 'VARDECAY'), 0.8775562870800052) | ParamSetting(('sat4j.params', 'INITCONFLICTBOUND'), 35) | StmtDeletion(('org.sat4j.core/src/main/java/org/sat4j/minisat/core/Solver.java.xml', 'stmt', 764))
2023-08-21 21:46:31,794	[INFO]	212     COMPILE_CODE_ERROR    None  [3 edit(s)]       
2023-08-21 21:46:31,800	[DEBUG]	ParamSetting(('sat4j.params', 'VARDECAY'), 0.8775562870800052) | ParamSetting(('sat4j.params', 'INITCONFLICTBOUND'), 35) | ParamSetting(('sat4j.params', 'INITCONFLICTBOUND'), 16)
2023-08-21 21:46:31,800	[INFO]	213     SUCCESS              +649988044038 (82.11%) [3 edit(s)] 
2023-08-21 21:46:31,805	[DEBUG]	--- before: sat4j.params
+++ after: sat4j.params
@@ -1,6 +1,6 @@
 RESTARTS := 'Glucose21Restarts'
 PHASE := 'RSATPhaseSelectionStrategy'
 CLADECAY := 0.999
-VARDECAY := 0.95
+VARDECAY := 0.8775562870800052
 SIMP := 'EXPENSIVE_SIMPLIFICATION'
 CLEANING := 'LBD2'

2023-08-21 21:46:31,810	[DEBUG]	ParamSetting(('sat4j.params', 'INITCONFLICTBOUND'), 35) | ParamSetting(('sat4j.params', 'INITCONFLICTBOUND'), 16)
2023-08-21 21:46:31,810	[INFO]	214     SUCCESS               791651982402 (100.0%) [2 edit(s)] 
2023-08-21 21:46:31,816	[DEBUG]	ParamSetting(('sat4j.params', 'VARDECAY'), 0.8775562870800052) | ParamSetting(('sat4j.params', 'INITCONFLICTBOUND'), 16)
2023-08-21 21:46:31,816	[INFO]	215     SUCCESS              +649988044038 (82.11%) [2 edit(s)] 
2023-08-21 21:46:31,821	[DEBUG]	--- before: sat4j.params
+++ after: sat4j.params
@@ -1,6 +1,6 @@
 RESTARTS := 'Glucose21Restarts'
 PHASE := 'RSATPhaseSelectionStrategy'
 CLADECAY := 0.999
-VARDECAY := 0.95
+VARDECAY := 0.8775562870800052
 SIMP := 'EXPENSIVE_SIMPLIFICATION'
 CLEANING := 'LBD2'

2023-08-21 21:46:31,826	[DEBUG]	ParamSetting(('sat4j.params', 'INITCONFLICTBOUND'), 16)
2023-08-21 21:46:31,826	[INFO]	216     SUCCESS               791651982402 (100.0%) [1 edit(s)] 
2023-08-21 21:46:31,831	[DEBUG]	ParamSetting(('sat4j.params', 'VARDECAY'), 0.8775562870800052)
2023-08-21 21:46:31,831	[INFO]	217     SUCCESS              +649988044038 (82.11%) [1 edit(s)] 
2023-08-21 21:46:31,836	[DEBUG]	--- before: sat4j.params
+++ after: sat4j.params
@@ -1,6 +1,6 @@
 RESTARTS := 'Glucose21Restarts'
 PHASE := 'RSATPhaseSelectionStrategy'
 CLADECAY := 0.999
-VARDECAY := 0.95
+VARDECAY := 0.8775562870800052
 SIMP := 'EXPENSIVE_SIMPLIFICATION'
 CLEANING := 'LBD2'

2023-08-21 21:46:31,842	[DEBUG]	ParamSetting(('sat4j.params', 'VARDECAY'), 0.8775562870800052) | ParamSetting(('sat4j.params', 'CLEANING'), 'ACTIVITY')
2023-08-21 21:46:31,842	[INFO]	218     SUCCESS              +649988044038 (82.11%) [2 edit(s)] 
2023-08-21 21:46:31,847	[DEBUG]	--- before: sat4j.params
+++ after: sat4j.params
@@ -1,6 +1,6 @@
 RESTARTS := 'Glucose21Restarts'
 PHASE := 'RSATPhaseSelectionStrategy'
 CLADECAY := 0.999
-VARDECAY := 0.95
+VARDECAY := 0.8775562870800052
 SIMP := 'EXPENSIVE_SIMPLIFICATION'
 CLEANING := 'LBD2'

2023-08-21 21:49:24,176	[DEBUG]	ParamSetting(('sat4j.params', 'VARDECAY'), 0.8775562870800052) | ParamSetting(('sat4j.params', 'CLEANING'), 'ACTIVITY') | ParamSetting(('sat4j.params', 'VARDECAY'), 0.6353240949137272)
2023-08-21 21:49:24,177	[INFO]	219     COMPILE_TIMEOUT       None  [3 edit(s)]       
2023-08-21 21:49:24,185	[DEBUG]	ParamSetting(('sat4j.params', 'CLEANING'), 'ACTIVITY')
2023-08-21 21:49:24,185	[INFO]	220     SUCCESS               791651982402 (100.0%) [1 edit(s)] 
2023-08-21 21:49:24,190	[DEBUG]	ParamSetting(('sat4j.params', 'VARDECAY'), 0.8775562870800052)
2023-08-21 21:49:24,190	[INFO]	221     SUCCESS              +649988044038 (82.11%) [1 edit(s)] 
2023-08-21 21:49:24,199	[DEBUG]	--- before: sat4j.params
+++ after: sat4j.params
@@ -1,6 +1,6 @@
 RESTARTS := 'Glucose21Restarts'
 PHASE := 'RSATPhaseSelectionStrategy'
 CLADECAY := 0.999
-VARDECAY := 0.95
+VARDECAY := 0.8775562870800052
 SIMP := 'EXPENSIVE_SIMPLIFICATION'
 CLEANING := 'LBD2'

2023-08-21 21:49:24,204	[DEBUG]	ParamSetting(('sat4j.params', 'VARDECAY'), 0.8775562870800052) | ParamSetting(('sat4j.params', 'FIXEDPERIOD'), 3471)
2023-08-21 21:49:24,204	[INFO]	222     SUCCESS              +649988044038 (82.11%) [2 edit(s)] 
2023-08-21 21:49:24,209	[DEBUG]	--- before: sat4j.params
+++ after: sat4j.params
@@ -1,6 +1,6 @@
 RESTARTS := 'Glucose21Restarts'
 PHASE := 'RSATPhaseSelectionStrategy'
 CLADECAY := 0.999
-VARDECAY := 0.95
+VARDECAY := 0.8775562870800052
 SIMP := 'EXPENSIVE_SIMPLIFICATION'
 CLEANING := 'LBD2'

2023-08-21 21:49:24,215	[DEBUG]	ParamSetting(('sat4j.params', 'VARDECAY'), 0.8775562870800052)
2023-08-21 21:49:24,215	[INFO]	223     SUCCESS              +649988044038 (82.11%) [1 edit(s)] 
2023-08-21 21:49:24,220	[DEBUG]	--- before: sat4j.params
+++ after: sat4j.params
@@ -1,6 +1,6 @@
 RESTARTS := 'Glucose21Restarts'
 PHASE := 'RSATPhaseSelectionStrategy'
 CLADECAY := 0.999
-VARDECAY := 0.95
+VARDECAY := 0.8775562870800052
 SIMP := 'EXPENSIVE_SIMPLIFICATION'
 CLEANING := 'LBD2'

2023-08-21 21:49:24,225	[DEBUG]	
2023-08-21 21:49:24,225	[INFO]	224     SUCCESS               791651982402 (100.0%) [0 edit(s)] 
2023-08-21 21:49:24,230	[DEBUG]	ParamSetting(('sat4j.params', 'VARDECAY'), 0.8775562870800052) | ParamSetting(('sat4j.params', 'LUBYFACTOR'), 41)
2023-08-21 21:49:24,231	[INFO]	225     SUCCESS              +649988044038 (82.11%) [2 edit(s)] 
2023-08-21 21:49:24,236	[DEBUG]	--- before: sat4j.params
+++ after: sat4j.params
@@ -1,6 +1,6 @@
 RESTARTS := 'Glucose21Restarts'
 PHASE := 'RSATPhaseSelectionStrategy'
 CLADECAY := 0.999
-VARDECAY := 0.95
+VARDECAY := 0.8775562870800052
 SIMP := 'EXPENSIVE_SIMPLIFICATION'
 CLEANING := 'LBD2'

2023-08-21 21:50:15,114	[DEBUG]	ParamSetting(('sat4j.params', 'VARDECAY'), 0.8775562870800052) | ParamSetting(('sat4j.params', 'LUBYFACTOR'), 41) | StmtInsertion(('org.sat4j.core/src/main/java/org/sat4j/minisat/core/Solver.java.xml', '_inter_block', 1377), ('org.sat4j.core/src/main/java/org/sat4j/minisat/core/Solver.java.xml', 'stmt', 421))
2023-08-21 21:50:15,115	[INFO]	226     COMPILE_CODE_ERROR    None  [3 edit(s)]       
2023-08-21 21:50:15,121	[DEBUG]	ParamSetting(('sat4j.params', 'LUBYFACTOR'), 41)
2023-08-21 21:50:15,121	[INFO]	227     SUCCESS               791651982402 (100.0%) [1 edit(s)] 
2023-08-21 21:52:46,878	[DEBUG]	ParamSetting(('sat4j.params', 'VARDECAY'), 0.8775562870800052) | ParamSetting(('sat4j.params', 'LUBYFACTOR'), 41) | ParamSetting(('sat4j.params', 'CLADECAY'), 0.5046749734518253)
2023-08-21 21:52:46,879	[INFO]	228     COMPILE_TIMEOUT       None  [3 edit(s)]       
2023-08-21 21:52:46,885	[DEBUG]	ParamSetting(('sat4j.params', 'VARDECAY'), 0.8775562870800052)
2023-08-21 21:52:46,885	[INFO]	229     SUCCESS              +649988044038 (82.11%) [1 edit(s)] 
2023-08-21 21:52:46,891	[DEBUG]	--- before: sat4j.params
+++ after: sat4j.params
@@ -1,6 +1,6 @@
 RESTARTS := 'Glucose21Restarts'
 PHASE := 'RSATPhaseSelectionStrategy'
 CLADECAY := 0.999
-VARDECAY := 0.95
+VARDECAY := 0.8775562870800052
 SIMP := 'EXPENSIVE_SIMPLIFICATION'
 CLEANING := 'LBD2'

2023-08-21 21:52:46,896	[DEBUG]	
2023-08-21 21:52:46,896	[INFO]	230     SUCCESS               791651982402 (100.0%) [0 edit(s)] 
2023-08-21 21:52:46,901	[DEBUG]	ParamSetting(('sat4j.params', 'VARDECAY'), 0.8775562870800052) | ParamSetting(('sat4j.params', 'SIMP'), 'EXPENSIVE_SIMPLIFICATION')
2023-08-21 21:52:46,901	[INFO]	231     SUCCESS              +649988044038 (82.11%) [2 edit(s)] 
2023-08-21 21:52:46,906	[DEBUG]	--- before: sat4j.params
+++ after: sat4j.params
@@ -1,6 +1,6 @@
 RESTARTS := 'Glucose21Restarts'
 PHASE := 'RSATPhaseSelectionStrategy'
 CLADECAY := 0.999
-VARDECAY := 0.95
+VARDECAY := 0.8775562870800052
 SIMP := 'EXPENSIVE_SIMPLIFICATION'
 CLEANING := 'LBD2'

2023-08-21 21:54:21,358	[DEBUG]	ParamSetting(('sat4j.params', 'VARDECAY'), 0.8775562870800052) | ParamSetting(('sat4j.params', 'SIMP'), 'EXPENSIVE_SIMPLIFICATION') | StmtInsertion(('org.sat4j.core/src/main/java/org/sat4j/minisat/core/Solver.java.xml', '_inter_block', 1563), ('org.sat4j.core/src/main/java/org/sat4j/minisat/core/Solver.java.xml', 'stmt', 839))
2023-08-21 21:54:21,359	[INFO]	232     COMPILE_CODE_ERROR    None  [3 edit(s)]       
2023-08-21 21:55:01,570	[DEBUG]	ParamSetting(('sat4j.params', 'VARDECAY'), 0.8775562870800052) | ParamSetting(('sat4j.params', 'SIMP'), 'EXPENSIVE_SIMPLIFICATION') | StmtInsertion(('org.sat4j.core/src/main/java/org/sat4j/minisat/core/Solver.java.xml', '_inter_block', 1076), ('org.sat4j.core/src/main/java/org/sat4j/minisat/core/Solver.java.xml', 'stmt', 254))
2023-08-21 21:55:01,570	[INFO]	233     COMPILE_CODE_ERROR    None  [3 edit(s)]       
2023-08-21 21:57:33,431	[DEBUG]	ParamSetting(('sat4j.params', 'VARDECAY'), 0.8775562870800052) | ParamSetting(('sat4j.params', 'SIMP'), 'EXPENSIVE_SIMPLIFICATION') | ParamSetting(('sat4j.params', 'CLADECAY'), 0.7939822937768768)
2023-08-21 21:57:33,431	[INFO]	234     COMPILE_TIMEOUT       None  [3 edit(s)]       
2023-08-21 21:58:16,491	[DEBUG]	ParamSetting(('sat4j.params', 'VARDECAY'), 0.8775562870800052) | ParamSetting(('sat4j.params', 'SIMP'), 'EXPENSIVE_SIMPLIFICATION') | StmtInsertion(('org.sat4j.core/src/main/java/org/sat4j/minisat/core/Solver.java.xml', '_inter_block', 1148), ('org.sat4j.core/src/main/java/org/sat4j/minisat/core/Solver.java.xml', 'stmt', 323))
2023-08-21 21:58:16,491	[INFO]	235     COMPILE_CODE_ERROR    None  [3 edit(s)]       
2023-08-21 21:58:16,498	[DEBUG]	ParamSetting(('sat4j.params', 'SIMP'), 'EXPENSIVE_SIMPLIFICATION')
2023-08-21 21:58:16,498	[INFO]	236     SUCCESS               791651982402 (100.0%) [1 edit(s)] 
2023-08-21 22:00:52,146	[DEBUG]	ParamSetting(('sat4j.params', 'VARDECAY'), 0.8775562870800052) | ParamSetting(('sat4j.params', 'SIMP'), 'EXPENSIVE_SIMPLIFICATION') | StmtReplacement(('org.sat4j.core/src/main/java/org/sat4j/minisat/core/Solver.java.xml', 'stmt', 615), ('org.sat4j.core/src/main/java/org/sat4j/minisat/core/Solver.java.xml', 'stmt', 445))
2023-08-21 22:00:52,146	[INFO]	237     COMPILE_TIMEOUT       None  [3 edit(s)]       
2023-08-21 22:00:52,153	[DEBUG]	ParamSetting(('sat4j.params', 'VARDECAY'), 0.8775562870800052) | ParamSetting(('sat4j.params', 'SIMP'), 'EXPENSIVE_SIMPLIFICATION') | ParamSetting(('sat4j.params', 'CONFLICTBOUNDINCFACTOR'), 3.376062831476933)
2023-08-21 22:00:52,153	[INFO]	238     SUCCESS              +649988044038 (82.11%) [3 edit(s)] 
2023-08-21 22:00:52,158	[DEBUG]	--- before: sat4j.params
+++ after: sat4j.params
@@ -1,6 +1,6 @@
 RESTARTS := 'Glucose21Restarts'
 PHASE := 'RSATPhaseSelectionStrategy'
 CLADECAY := 0.999
-VARDECAY := 0.95
+VARDECAY := 0.8775562870800052
 SIMP := 'EXPENSIVE_SIMPLIFICATION'
 CLEANING := 'LBD2'

2023-08-21 22:03:35,370	[DEBUG]	ParamSetting(('sat4j.params', 'VARDECAY'), 0.8775562870800052) | ParamSetting(('sat4j.params', 'SIMP'), 'EXPENSIVE_SIMPLIFICATION') | ParamSetting(('sat4j.params', 'CONFLICTBOUNDINCFACTOR'), 3.376062831476933) | ParamSetting(('sat4j.params', 'RESTARTS'), 'FixedPeriodRestarts')
2023-08-21 22:03:35,370	[INFO]	239     COMPILE_TIMEOUT       None  [4 edit(s)]       
2023-08-21 22:03:35,377	[DEBUG]	ParamSetting(('sat4j.params', 'VARDECAY'), 0.8775562870800052) | ParamSetting(('sat4j.params', 'CONFLICTBOUNDINCFACTOR'), 3.376062831476933)
2023-08-21 22:03:35,377	[INFO]	240     SUCCESS              +649988044038 (82.11%) [2 edit(s)] 
2023-08-21 22:03:35,382	[DEBUG]	--- before: sat4j.params
+++ after: sat4j.params
@@ -1,6 +1,6 @@
 RESTARTS := 'Glucose21Restarts'
 PHASE := 'RSATPhaseSelectionStrategy'
 CLADECAY := 0.999
-VARDECAY := 0.95
+VARDECAY := 0.8775562870800052
 SIMP := 'EXPENSIVE_SIMPLIFICATION'
 CLEANING := 'LBD2'

2023-08-21 22:04:15,328	[DEBUG]	ParamSetting(('sat4j.params', 'VARDECAY'), 0.8775562870800052) | ParamSetting(('sat4j.params', 'CONFLICTBOUNDINCFACTOR'), 3.376062831476933) | StmtReplacement(('org.sat4j.core/src/main/java/org/sat4j/minisat/core/Solver.java.xml', 'stmt', 897), ('org.sat4j.core/src/main/java/org/sat4j/minisat/core/Solver.java.xml', 'stmt', 930))
2023-08-21 22:04:15,329	[INFO]	241     COMPILE_CODE_ERROR    None  [3 edit(s)]       
2023-08-21 22:04:15,335	[INFO]	==== END ====
2023-08-21 22:04:15,335	[INFO]	Reason: time budget
2023-08-21 22:04:15,335	[INFO]	
2023-08-21 22:04:15,335	[INFO]	==== REPORT ====
2023-08-21 22:04:15,335	[INFO]	Termination: time budget
2023-08-21 22:04:15,335	[INFO]	Log file: /home/tsongpet/MSc-SSE-GI-project/_magpie_logs/sat4j_1692633725.log
2023-08-21 22:04:15,343	[INFO]	Patch file: _magpie_logs/sat4j_1692633725.patch
2023-08-21 22:04:15,343	[INFO]	Diff file: _magpie_logs/sat4j_1692633725.diff
2023-08-21 22:04:15,343	[INFO]	Best fitness: 649988044038
2023-08-21 22:04:15,344	[INFO]	Best patch: ParamSetting(('sat4j.params', 'VARDECAY'), 0.8775562870800052)
2023-08-21 22:04:15,344	[INFO]	Diff:
--- before: sat4j.params
+++ after: sat4j.params
@@ -1,6 +1,6 @@
 RESTARTS := 'Glucose21Restarts'
 PHASE := 'RSATPhaseSelectionStrategy'
 CLADECAY := 0.999
-VARDECAY := 0.95
+VARDECAY := 0.8775562870800052
 SIMP := 'EXPENSIVE_SIMPLIFICATION'
 CLEANING := 'LBD2'

