2023-08-22 16:35:38,944	[DEBUG]	==== CONFIG ====
[magpie]
import = 
seed = 
log_dir = _magpie_logs
work_dir = _magpie_work
local_original_copy = False
local_original_name = __original__
output_encoding = ascii
edit_retries = 10
default_timeout = 30
default_lengthout = 1e6
diff_method = unified

[software]
path = code/sat4j
target_files = 
	org.sat4j.core/src/main/java/org/sat4j/minisat/core/Solver.java.xml
	sat4j.params
program = BasicProgram
engine_rules = 
	*.params : ConfigFileParamsEngine
	*.xml : SrcmlEngine
	* : LineEngine
engine_config = 
	*.params : [params]
	*.xml : [srcml]
setup_cmd = ./compile.sh
setup_timeout = 150
setup_lengthout = 
compile_cmd = ./compile.sh
compile_timeout = 150
compile_lengthout = 
test_cmd = 
test_timeout = 
test_lengthout = 
run_cmd = perf stat run-sh/validate_8.sh
run_timeout = 2302
run_lengthout = 
fitness = perf_instructions

[srcml]
rename = 
	stmt: break continue decl_stmt do expr_stmt for goto if return switch while
	number: literal_number
focus = block stmt operator_comp operator_arith number
internodes = block
process_pseudo_blocks = True
process_literals = True
process_operators = True

[params]
timing = test run
cli_prefix = --
cli_glue = =
cli_boolean = show
cli_boolean_prefix_true = 
cli_boolean_prefix_false = no-
silent_prefix = @
silent_suffix = $

[search]
protocol = BasicProtocol
algorithm = ValidRankingSimplify
possible_edits = 
	ParamSetting
warmup = 1
warmup_strategy = last
max_steps = 
max_time = 
target_fitness = 
cache_maxsize = 40
cache_keep = 0.2

[search.ls]
delete_prob = 0.5
max_neighbours = 
when_trapped = continue
accept_fail = False
tabu_length = 10

[search.gp]
pop_size = 10
delete_prob = 0.5
offspring_elitism = 0.1
offspring_crossover = 0.5
offspring_mutation = 0.4
uniform_rate = 0.5

[search.ga]
pop_size = 100
elitism_size = 10
cxpb_chrm = 0.5
cxpb_gene = 0.5
mutpb_chrm = 0.2
mutpb_gene = 0.1
gi_delete_prob = 0.5
gi_create_prob = 0.5
tournament_size = 3

[search.pso]
pop_size = 10
speed_min = -3
speed_max = 3
c1 = 1.49
c2 = 1.49


2023-08-22 16:35:39,081	[INFO]	==== WARMUP ====
2023-08-22 16:41:02,297	[INFO]	WARM    COMPILE_TIMEOUT       None                    
2023-08-22 16:41:02,297	[INFO]	!*!*!*!*!*!*!*!*!*!*!*!*!*!*!*!*!*!*!*!*!*!*!*!*!*!*!*!*!*!*!*!*!*!*!*!*!*!*!*!*
2023-08-22 16:41:02,297	[INFO]	CWD: /home/tsongpet/MSc-SSE-GI-project/_magpie_work/sat4j_1692718443/sat4j
2023-08-22 16:41:02,297	[INFO]	CMD: ['./compile.sh']
2023-08-22 16:41:02,298	[INFO]	STATUS: TIMEOUT
2023-08-22 16:41:02,298	[INFO]	RETURN_CODE: -9
2023-08-22 16:41:02,298	[INFO]	RUNTIME: 150.209645986557
2023-08-22 16:41:02,298	[INFO]	STDOUT:
Buildfile: build.xml

clean:
   [delete] Deleting directory /home/tsongpet/MSc-SSE-GI-project/_magpie_work/sat4j_1692718443/sat4j/bin
   [delete] Deleting directory /home/tsongpet/MSc-SSE-GI-project/_magpie_work/sat4j_1692718443/sat4j/tests
   [delete] Deleting directory /home/tsongpet/MSc-SSE-GI-project/_magpie_work/sat4j_1692718443/sat4j/api

BUILD SUCCESSFUL
Total time: 0 seconds
Buildfile: build.xml

clean:

prepare:
     [echo] Creating build and doc directories
    [mkdir] Created dir: /home/tsongpet/MSc-SSE-GI-project/_magpie_work/sat4j_1692718443/sat4j/bin
    [mkdir] Created dir: /home/tsongpet/MSc-SSE-GI-project/_magpie_work/sat4j_1692718443/sat4j/tests
    [mkdir] Created dir: /home/tsongpet/MSc-SSE-GI-project/_magpie_work/sat4j_1692718443/sat4j/dist
    [mkdir] Created dir: /home/tsongpet/MSc-SSE-GI-project/_magpie_work/sat4j_1692718443/sat4j/dist/CUSTOM
    [mkdir] Created dir: /home/tsongpet/MSc-SSE-GI-project/_magpie_work/sat4j_1692718443/sat4j/dist/CUSTOM/lib
    [mkdir] Created dir: /home/tsongpet/MSc-SSE-GI-project/_magpie_work/sat4j_1692718443/sat4j/api
    [mkdir] Created dir: /home/tsongpet/MSc-SSE-GI-project/_magpie_work/sat4j_1692718443/sat4j/api/core
    [mkdir] Created dir: /home/tsongpet/MSc-SSE-GI-project/_magpie_work/sat4j_1692718443/sat4j/api/sat
    [mkdir] Created dir: /home/tsongpet/MSc-SSE-GI-project/_magpie_work/sat4j_1692718443/sat4j/api/pb
    [mkdir] Created dir: /home/tsongpet/MSc-SSE-GI-project/_magpie_work/sat4j_1692718443/sat4j/api/maxsat
    [mkdir] Created dir: /home/tsongpet/MSc-SSE-GI-project/_magpie_work/sat4j_1692718443/sat4j/api/csp

core:
     [echo] Building core library to be embedded into Java applications

clean:
   [delete] Deleting directory /home/tsongpet/MSc-SSE-GI-project/_magpie_work/sat4j_1692718443/sat4j/bin
   [delete] Deleting directory /home/tsongpet/MSc-SSE-GI-project/_magpie_work/sat4j_1692718443/sat4j/tests
   [delete] Deleting directory /home/tsongpet/MSc-SSE-GI-project/_magpie_work/sat4j_1692718443/sat4j/api

prepare:
     [echo] Creating build and doc directories
    [mkdir] Created dir: /home/tsongpet/MSc-SSE-GI-project/_magpie_work/sat4j_1692718443/sat4j/bin
    [mkdir] Created dir: /home/tsongpet/MSc-SSE-GI-project/_magpie_work/sat4j_1692718443/sat4j/tests
    [mkdir] Created dir: /home/tsongpet/MSc-SSE-GI-project/_magpie_work/sat4j_1692718443/sat4j/api
    [mkdir] Created dir: /home/tsongpet/MSc-SSE-GI-project/_magpie_work/sat4j_1692718443/sat4j/api/core
    [mkdir] Created dir: /home/tsongpet/MSc-SSE-GI-project/_magpie_work/sat4j_1692718443/sat4j/api/sat
    [mkdir] Created dir: /home/tsongpet/MSc-SSE-GI-project/_magpie_work/sat4j_1692718443/sat4j/api/pb
    [mkdir] Created dir: /home/tsongpet/MSc-SSE-GI-project/_magpie_work/sat4j_1692718443/sat4j/api/maxsat
    [mkdir] Created dir: /home/tsongpet/MSc-SSE-GI-project/_magpie_work/sat4j_1692718443/sat4j/api/csp

build:
     [echo] Compiling source code org.sat4j.core/src/main/java using target 12
    [javac] Compiling 255 source files to /home/tsongpet/MSc-SSE-GI-project/_magpie_work/sat4j_1692718443/sat4j/bin
    [javac] Note: Some input files use or override a deprecated API.
    [javac] Note: Recompile with -Xlint:deprecation for details.
    [javac] Note: Some input files use unchecked or unsafe operations.
    [javac] Note: Recompile with -Xlint:unchecked for details.
     [copy] Copying 6 files to /home/tsongpet/MSc-SSE-GI-project/_magpie_work/sat4j_1692718443/sat4j/bin
      [jar] Building jar: /home/tsongpet/MSc-SSE-GI-project/_magpie_work/sat4j_1692718443/sat4j/dist/CUSTOM/org.sat4j.core.jar
     [copy] Copying 5 files to /home/tsongpet/MSc-SSE-GI-project/_magpie_work/sat4j_1692718443/sat4j/dist/CUSTOM/lib

source-package:
      [jar] Building jar: /home/tsongpet/MSc-SSE-GI-project/_magpie_work/sat4j_1692718443/sat4j/dist/CUSTOM/org.sat4j.core-src.jar

clean:
   [delete] Deleting directory /home/tsongpet/MSc-SSE-GI-project/_magpie_work/sat4j_1692718443/sat4j/bin
   [delete] Deleting directory /home/tsongpet/MSc-SSE-GI-project/_magpie_work/sat4j_1692718443/sat4j/tests
   [delete] Deleting directory /home/tsongpet/MSc-SSE-GI-project/_magpie_work/sat4j_1692718443/sat4j/api

prepare:
     [echo] Creating build and doc directories
    [mkdir] Created dir: /home/tsongpet/MSc-SSE-GI-project/_magpie_work/sat4j_1692718443/sat4j/bin
    [mkdir] Created dir: /home/tsongpet/MSc-SSE-GI-project/_magpie_work/sat4j_1692718443/sat4j/tests
    [mkdir] Created dir: /home/tsongpet/MSc-SSE-GI-project/_magpie_work/sat4j_1692718443/sat4j/api
    [mkdir] Created dir: /home/tsongpet/MSc-SSE-GI-project/_magpie_work/sat4j_1692718443/sat4j/api/core
    [mkdir] Created dir: /home/tsongpet/MSc-SSE-GI-project/_magpie_work/sat4j_1692718443/sat4j/api/sat
    [mkdir] Created dir: /home/tsongpet/MSc-SSE-GI-project/_magpie_work/sat4j_1692718443/sat4j/api/pb
    [mkdir] Created dir: /home/tsongpet/MSc-SSE-GI-project/_magpie_work/sat4j_1692718443/sat4j/api/maxsat
    [mkdir] Created dir: /home/tsongpet/MSc-SSE-GI-project/_magpie_work/sat4j_1692718443/sat4j/api/csp

zip-bundle:
      [zip] Building zip: /home/tsongpet/MSc-SSE-GI-project/_magpie_work/sat4j_1692718443/sat4j/dist/CUSTOM/sat4j-core-v20230822.zip

pseudo:
     [echo] Building Pseudo Boolean Solver

clean:
   [delete] Deleting directory /home/tsongpet/MSc-SSE-GI-project/_magpie_work/sat4j_1692718443/sat4j/bin
   [delete] Deleting directory /home/tsongpet/MSc-SSE-GI-project/_magpie_work/sat4j_1692718443/sat4j/tests
   [delete] Deleting directory /home/tsongpet/MSc-SSE-GI-project/_magpie_work/sat4j_1692718443/sat4j/api

prepare:
     [echo] Creating build and doc directories
    [mkdir] Created dir: /home/tsongpet/MSc-SSE-GI-project/_magpie_work/sat4j_1692718443/sat4j/bin
    [mkdir] Created dir: /home/tsongpet/MSc-SSE-GI-project/_magpie_work/sat4j_1692718443/sat4j/tests
    [mkdir] Created dir: /home/tsongpet/MSc-SSE-GI-project/_magpie_work/sat4j_1692718443/sat4j/api
    [mkdir] Created dir: /home/tsongpet/MSc-SSE-GI-project/_magpie_work/sat4j_1692718443/sat4j/api/core
    [mkdir] Created dir: /home/tsongpet/MSc-SSE-GI-project/_magpie_work/sat4j_1692718443/sat4j/api/sat
    [mkdir] Created dir: /home/tsongpet/MSc-SSE-GI-project/_magpie_work/sat4j_1692718443/sat4j/api/pb
    [mkdir] Created dir: /home/tsongpet/MSc-SSE-GI-project/_magpie_work/sat4j_1692718443/sat4j/api/maxsat
    [mkdir] Created dir: /home/tsongpet/MSc-SSE-GI-project/_magpie_work/sat4j_1692718443/sat4j/api/csp

build:
     [echo] Compiling source code org.sat4j.pb/src/main/java using target 12
    [javac] Compiling 181 source files to /home/tsongpet/MSc-SSE-GI-project/_magpie_work/sat4j_1692718443/sat4j/bin
    [javac] Note: Some input files use or override a deprecated API.
    [javac] Note: Recompile with -Xlint:deprecation for details.
    [javac] Note: Some input files use unchecked or unsafe operations.
    [javac] Note: Recompile with -Xlint:unchecked for details.
     [copy] Copying 4 files to /home/tsongpet/MSc-SSE-GI-project/_magpie_work/sat4j_1692718443/sat4j/bin
      [jar] Building jar: /home/tsongpet/MSc-SSE-GI-project/_magpie_work/sat4j_1692718443/sat4j/dist/CUSTOM/org.sat4j.pb.jar

source-package:
 
2023-08-22 16:41:02,298	[INFO]	STDERR:

2023-08-22 16:41:02,298	[INFO]	!*!*!*!*!*!*!*!*!*!*!*!*!*!*!*!*!*!*!*!*!*!*!*!*!*!*!*!*!*!*!*!*!*!*!*!*!*!*!*!*
2023-08-22 16:41:02,298	[INFO]	Magpie stopped because it was unable to run the (unmodified) target software
2023-08-22 16:41:02,298	[INFO]	Self-diagnostic:
2023-08-22 16:41:02,298	[INFO]	The "compile_cmd" command took too long to run
2023-08-22 16:41:02,298	[INFO]	--> consider increasing "compile_timeout"
2023-08-22 16:41:02,298	[INFO]	!*!*!*!*!*!*!*!*!*!*!*!*!*!*!*!*!*!*!*!*!*!*!*!*!*!*!*!*!*!*!*!*!*!*!*!*!*!*!*!*
2023-08-22 16:41:02,298	[INFO]	==== END ====
2023-08-22 16:41:02,298	[INFO]	Reason: None
