2023-08-22 22:18:50,502	[DEBUG]	==== CONFIG ====
[magpie]
import = 
seed = 
log_dir = _magpie_logs
work_dir = _magpie_work
local_original_copy = False
local_original_name = __original__
output_encoding = ascii
edit_retries = 10
default_timeout = 30
default_lengthout = 1e6
diff_method = unified

[software]
path = code/sat4j
target_files = 
	org.sat4j.core/src/main/java/org/sat4j/minisat/core/Solver.java.xml
	sat4j.params
program = BasicProgram
engine_rules = 
	*.params : ConfigFileParamsEngine
	*.xml : SrcmlEngine
	* : LineEngine
engine_config = 
	*.params : [params]
	*.xml : [srcml]
setup_cmd = ./compile.sh
setup_timeout = 150
setup_lengthout = 
compile_cmd = ./compile.sh
compile_timeout = 150
compile_lengthout = 
test_cmd = 
test_timeout = 
test_lengthout = 
run_cmd = perf stat run-sh/validate_8.sh
run_timeout = 2302
run_lengthout = 
fitness = perf_instructions

[srcml]
rename = 
	stmt: break continue decl_stmt do expr_stmt for goto if return switch while
	number: literal_number
focus = block stmt operator_comp operator_arith number
internodes = block
process_pseudo_blocks = True
process_literals = True
process_operators = True

[params]
timing = test run
cli_prefix = --
cli_glue = =
cli_boolean = show
cli_boolean_prefix_true = 
cli_boolean_prefix_false = no-
silent_prefix = @
silent_suffix = $

[search]
protocol = BasicProtocol
algorithm = ValidRankingSimplify
possible_edits = 
	StmtReplacement
	StmtInsertion
	StmtDeletion
warmup = 1
warmup_strategy = last
max_steps = 
max_time = 
target_fitness = 
cache_maxsize = 40
cache_keep = 0.2

[search.ls]
delete_prob = 0.5
max_neighbours = 
when_trapped = continue
accept_fail = False
tabu_length = 10

[search.gp]
pop_size = 10
delete_prob = 0.5
offspring_elitism = 0.1
offspring_crossover = 0.5
offspring_mutation = 0.4
uniform_rate = 0.5

[search.ga]
pop_size = 100
elitism_size = 10
cxpb_chrm = 0.5
cxpb_gene = 0.5
mutpb_chrm = 0.2
mutpb_gene = 0.1
gi_delete_prob = 0.5
gi_create_prob = 0.5
tournament_size = 3

[search.pso]
pop_size = 10
speed_min = -3
speed_max = 3
c1 = 1.49
c2 = 1.49


2023-08-22 22:18:50,503	[INFO]	==== WARMUP ====
2023-08-22 22:49:12,944	[INFO]	WARM    SUCCESS               9390953849802           
2023-08-22 22:49:12,944	[INFO]	INITIAL SUCCESS               9390953849802           
2023-08-22 22:49:12,944	[INFO]	==== START: ValidTest ====
2023-08-22 22:49:12,975	[DEBUG]	CLEAN_PATCH: StmtDeletion(('org.sat4j.core/src/main/java/org/sat4j/minisat/core/Solver.java.xml', 'stmt', 490)) | StmtDeletion(('org.sat4j.core/src/main/java/org/sat4j/minisat/core/Solver.java.xml', 'stmt', 121)) | StmtReplacement(('org.sat4j.core/src/main/java/org/sat4j/minisat/core/Solver.java.xml', 'stmt', 217), ('org.sat4j.core/src/main/java/org/sat4j/minisat/core/Solver.java.xml', 'stmt', 138))
2023-08-22 22:49:12,975	[DEBUG]	CLEAN_SIZE: 3 (was 3)
2023-08-22 23:16:22,400	[DEBUG]	StmtDeletion(('org.sat4j.core/src/main/java/org/sat4j/minisat/core/Solver.java.xml', 'stmt', 490)) | StmtDeletion(('org.sat4j.core/src/main/java/org/sat4j/minisat/core/Solver.java.xml', 'stmt', 121)) | StmtReplacement(('org.sat4j.core/src/main/java/org/sat4j/minisat/core/Solver.java.xml', 'stmt', 217), ('org.sat4j.core/src/main/java/org/sat4j/minisat/core/Solver.java.xml', 'stmt', 138))
2023-08-22 23:16:22,400	[INFO]	1       SUCCESS              *9444224983194 (100.57%) [3 edit(s)] 
2023-08-22 23:16:22,410	[DEBUG]	--- before: org.sat4j.core/src/main/java/org/sat4j/minisat/core/Solver.java
+++ after: org.sat4j.core/src/main/java/org/sat4j/minisat/core/Solver.java
@@ -456,7 +456,7 @@
         c.remove(this);
         this.constrs.pop();
         String type = c.getClass().getName();
-        this.constrTypes.get(type).dec();
+        
         return true;
     }
 
@@ -687,9 +687,7 @@
             seen[i] = false;
         }
 
-        if (confl == null) {
-            seen[conflictingLiteral >> 1] = true;
-        }
+        IVec<Constr>[] cs = new IVec[] { this.constrs, this.learnts };
 
         int p = ILits.UNDEFINED;
         while (confl == null && this.trail.size() > 0
@@ -1329,7 +1327,7 @@
                 this.slistener.backjump(backjumpLevel);
                 cancelUntil(backjumpLevel);
                 if (backjumpLevel == this.rootLevel) {
-                    this.restarter.onBackjumpToRootLevel();
+                    
                 }
                 assert decisionLevel() >= this.rootLevel
                         && decisionLevel() >= this.analysisResult

2023-08-22 23:16:22,418	[INFO]	==== END ====
2023-08-22 23:16:22,418	[INFO]	Reason: validation end
2023-08-22 23:16:22,418	[INFO]	
2023-08-22 23:16:22,418	[INFO]	==== REPORT ====
2023-08-22 23:16:22,418	[INFO]	Termination: validation end
2023-08-22 23:16:22,418	[INFO]	Log file: /home/tsongpet/MSc-SSE-GI-project/_magpie_logs/sat4j_1692739114.log
2023-08-22 23:16:22,426	[INFO]	Patch file: _magpie_logs/sat4j_1692739114.patch
2023-08-22 23:16:22,426	[INFO]	Diff file: _magpie_logs/sat4j_1692739114.diff
2023-08-22 23:16:22,426	[INFO]	Best fitness: 9444224983194
2023-08-22 23:16:22,426	[INFO]	Best patch: StmtDeletion(('org.sat4j.core/src/main/java/org/sat4j/minisat/core/Solver.java.xml', 'stmt', 490)) | StmtDeletion(('org.sat4j.core/src/main/java/org/sat4j/minisat/core/Solver.java.xml', 'stmt', 121)) | StmtReplacement(('org.sat4j.core/src/main/java/org/sat4j/minisat/core/Solver.java.xml', 'stmt', 217), ('org.sat4j.core/src/main/java/org/sat4j/minisat/core/Solver.java.xml', 'stmt', 138))
2023-08-22 23:16:22,426	[INFO]	Diff:
--- before: org.sat4j.core/src/main/java/org/sat4j/minisat/core/Solver.java
+++ after: org.sat4j.core/src/main/java/org/sat4j/minisat/core/Solver.java
@@ -456,7 +456,7 @@
         c.remove(this);
         this.constrs.pop();
         String type = c.getClass().getName();
-        this.constrTypes.get(type).dec();
+        
         return true;
     }
 
@@ -687,9 +687,7 @@
             seen[i] = false;
         }
 
-        if (confl == null) {
-            seen[conflictingLiteral >> 1] = true;
-        }
+        IVec<Constr>[] cs = new IVec[] { this.constrs, this.learnts };
 
         int p = ILits.UNDEFINED;
         while (confl == null && this.trail.size() > 0
@@ -1329,7 +1327,7 @@
                 this.slistener.backjump(backjumpLevel);
                 cancelUntil(backjumpLevel);
                 if (backjumpLevel == this.rootLevel) {
-                    this.restarter.onBackjumpToRootLevel();
+                    
                 }
                 assert decisionLevel() >= this.rootLevel
                         && decisionLevel() >= this.analysisResult

