2023-08-20 01:15:01,005	[DEBUG]	==== CONFIG ====
[magpie]
import = 
seed = 
log_dir = _magpie_logs
work_dir = _magpie_work
local_original_copy = False
local_original_name = __original__
output_encoding = ascii
edit_retries = 10
default_timeout = 30
default_lengthout = 1e6
diff_method = unified

[software]
path = code/sat4j
target_files = 
	org.sat4j.core/src/main/java/org/sat4j/minisat/core/Solver.java.xml
	sat4j.params
program = BasicProgram
engine_rules = 
	*.params : ConfigFileParamsEngine
	*.xml : SrcmlEngine
	* : LineEngine
engine_config = 
	*.params : [params]
	*.xml : [srcml]
setup_cmd = ./compile.sh
setup_timeout = 150
setup_lengthout = 
compile_cmd = ./compile.sh
compile_timeout = 150
compile_lengthout = 
test_cmd = 
test_timeout = 
test_lengthout = 
run_cmd = perf stat run-sh/validate_3.sh
run_timeout = 2316
run_lengthout = 
fitness = perf_instructions

[srcml]
rename = 
	stmt: break continue decl_stmt do expr_stmt for goto if return switch while
	number: literal_number
focus = block stmt operator_comp operator_arith number
internodes = block
process_pseudo_blocks = True
process_literals = True
process_operators = True

[params]
timing = test run
cli_prefix = --
cli_glue = =
cli_boolean = show
cli_boolean_prefix_true = 
cli_boolean_prefix_false = no-
silent_prefix = @
silent_suffix = $

[search]
protocol = BasicProtocol
algorithm = ValidRankingSimplify
possible_edits = 
	StmtReplacement
	StmtInsertion
	StmtDeletion
	ParamSetting
warmup = 1
warmup_strategy = last
max_steps = 
max_time = 
target_fitness = 
cache_maxsize = 40
cache_keep = 0.2

[search.ls]
delete_prob = 0.5
max_neighbours = 
when_trapped = continue
accept_fail = False
tabu_length = 10

[search.gp]
pop_size = 10
delete_prob = 0.5
offspring_elitism = 0.1
offspring_crossover = 0.5
offspring_mutation = 0.4
uniform_rate = 0.5

[search.ga]
pop_size = 100
elitism_size = 10
cxpb_chrm = 0.5
cxpb_gene = 0.5
mutpb_chrm = 0.2
mutpb_gene = 0.1
gi_delete_prob = 0.5
gi_create_prob = 0.5
tournament_size = 3

[search.pso]
pop_size = 10
speed_min = -3
speed_max = 3
c1 = 1.49
c2 = 1.49


2023-08-20 01:15:01,005	[INFO]	==== WARMUP ====
2023-08-20 01:42:28,452	[INFO]	WARM    SUCCESS               9410392842320           
2023-08-20 01:42:28,453	[INFO]	INITIAL SUCCESS               9410392842320           
2023-08-20 01:42:28,453	[INFO]	==== START: ValidTest ====
2023-08-20 01:42:28,601	[DEBUG]	CLEAN_PATCH: StmtDeletion(('org.sat4j.core/src/main/java/org/sat4j/minisat/core/Solver.java.xml', 'stmt', 720)) | ParamSetting(('sat4j.params', 'VARDECAY'), 0.21166811157245158) | StmtDeletion(('org.sat4j.core/src/main/java/org/sat4j/minisat/core/Solver.java.xml', 'stmt', 258)) | StmtReplacement(('org.sat4j.core/src/main/java/org/sat4j/minisat/core/Solver.java.xml', 'stmt', 751), ('org.sat4j.core/src/main/java/org/sat4j/minisat/core/Solver.java.xml', 'stmt', 53)) | StmtDeletion(('org.sat4j.core/src/main/java/org/sat4j/minisat/core/Solver.java.xml', 'stmt', 220)) | StmtInsertion(('org.sat4j.core/src/main/java/org/sat4j/minisat/core/Solver.java.xml', '_inter_block', 1020), ('org.sat4j.core/src/main/java/org/sat4j/minisat/core/Solver.java.xml', 'stmt', 784)) | ParamSetting(('sat4j.params', 'RESTARTS'), 'LubyRestarts') | StmtDeletion(('org.sat4j.core/src/main/java/org/sat4j/minisat/core/Solver.java.xml', 'stmt', 357))
2023-08-20 01:42:28,601	[DEBUG]	CLEAN_SIZE: 8 (was 12)
2023-08-20 02:15:40,567	[DEBUG]	StmtDeletion(('org.sat4j.core/src/main/java/org/sat4j/minisat/core/Solver.java.xml', 'stmt', 720)) | ParamSetting(('sat4j.params', 'VARDECAY'), 0.21166811157245158) | StmtDeletion(('org.sat4j.core/src/main/java/org/sat4j/minisat/core/Solver.java.xml', 'stmt', 258)) | StmtReplacement(('org.sat4j.core/src/main/java/org/sat4j/minisat/core/Solver.java.xml', 'stmt', 751), ('org.sat4j.core/src/main/java/org/sat4j/minisat/core/Solver.java.xml', 'stmt', 53)) | StmtDeletion(('org.sat4j.core/src/main/java/org/sat4j/minisat/core/Solver.java.xml', 'stmt', 220)) | StmtInsertion(('org.sat4j.core/src/main/java/org/sat4j/minisat/core/Solver.java.xml', '_inter_block', 1020), ('org.sat4j.core/src/main/java/org/sat4j/minisat/core/Solver.java.xml', 'stmt', 784)) | ParamSetting(('sat4j.params', 'RESTARTS'), 'LubyRestarts') | StmtDeletion(('org.sat4j.core/src/main/java/org/sat4j/minisat/core/Solver.java.xml', 'stmt', 357))
2023-08-20 02:15:40,568	[INFO]	1       SUCCESS              *11165590788595 (118.65%) [8 edit(s)] 
2023-08-20 02:15:40,580	[DEBUG]	--- before: org.sat4j.core/src/main/java/org/sat4j/minisat/core/Solver.java
+++ after: org.sat4j.core/src/main/java/org/sat4j/minisat/core/Solver.java
@@ -692,18 +692,7 @@
         }
 
         int p = ILits.UNDEFINED;
-        while (confl == null && this.trail.size() > 0
-                && this.trailLim.size() > 0) {
-            p = this.trail.last();
-            confl = this.voc.getReason(p);
-            undoOne();
-            if (confl == null && p == (conflictingLiteral ^ 1)) {
-                outLearnt.push(toDimacs(p));
-            }
-            if (this.trail.size() <= this.trailLim.last()) {
-                this.trailLim.pop();
-            }
-        }
+        
         if (confl == null) {
             return outLearnt;
         }
@@ -792,7 +781,7 @@
         /**
          * 
          */
-        private static final long serialVersionUID = 1L;
+        
 
         public void simplify(IVecInt conflictToReduce) {
             expensiveSimplificationWLOnly(conflictToReduce);
@@ -1033,10 +1022,7 @@
         // not used if the solver uses watched literals.
         IVec<Undoable> undos = this.voc.undos(p);
         assert undos != null;
-        for (int size = undos.size(); size > 0; size--) {
-            undos.last().undo(p);
-            undos.pop();
-        }
+        
     }
 
     /**
@@ -1600,6 +1586,7 @@
                 return "Fixed size (" + maxsize
                         + ") learned constraints deletion strategy";
             }
+            StringBuilder stb = new StringBuilder();
 
             public void init() {
             }
@@ -1862,10 +1849,7 @@
         out.print(prefix);
         out.println("constraints type ");
         long total = 0;
-        for (Map.Entry<String, Counter> entry : this.constrTypes.entrySet()) {
-            out.println(prefix + entry.getKey() + " => " + entry.getValue());
-            total += entry.getValue().getValue();
-        }
+        
         out.print(prefix);
         out.print(total);
         out.println(" constraints processed.");
@@ -1942,7 +1926,7 @@
                 .hasNext();) {
             iterator.next().remove(this);
         }
-        this.constrs.clear();
+        this.dsfactory.setLearner(this);
         clearLearntClauses();
         this.voc.resetPool();
         this.dsfactory.reset();
--- before: sat4j.params
+++ after: sat4j.params
@@ -1,6 +1,7 @@
-RESTARTS := 'Glucose21Restarts'
+RESTARTS := 'LubyRestarts'
+LUBYFACTOR := 512
 PHASE := 'RSATPhaseSelectionStrategy'
 CLADECAY := 0.999
-VARDECAY := 0.95
+VARDECAY := 0.21166811157245158
 SIMP := 'EXPENSIVE_SIMPLIFICATION'
 CLEANING := 'LBD2'

2023-08-20 02:15:40,591	[INFO]	==== END ====
2023-08-20 02:15:40,592	[INFO]	Reason: validation end
2023-08-20 02:15:40,592	[INFO]	
2023-08-20 02:15:40,592	[INFO]	==== REPORT ====
2023-08-20 02:15:40,592	[INFO]	Termination: validation end
2023-08-20 02:15:40,592	[INFO]	Log file: /home/tsongpet/MSc-SSE-GI-project/_magpie_logs/sat4j_1692490495.log
2023-08-20 02:15:40,606	[INFO]	Patch file: _magpie_logs/sat4j_1692490495.patch
2023-08-20 02:15:40,606	[INFO]	Diff file: _magpie_logs/sat4j_1692490495.diff
2023-08-20 02:15:40,606	[INFO]	Best fitness: 11165590788595
2023-08-20 02:15:40,606	[INFO]	Best patch: StmtDeletion(('org.sat4j.core/src/main/java/org/sat4j/minisat/core/Solver.java.xml', 'stmt', 720)) | ParamSetting(('sat4j.params', 'VARDECAY'), 0.21166811157245158) | StmtDeletion(('org.sat4j.core/src/main/java/org/sat4j/minisat/core/Solver.java.xml', 'stmt', 258)) | StmtReplacement(('org.sat4j.core/src/main/java/org/sat4j/minisat/core/Solver.java.xml', 'stmt', 751), ('org.sat4j.core/src/main/java/org/sat4j/minisat/core/Solver.java.xml', 'stmt', 53)) | StmtDeletion(('org.sat4j.core/src/main/java/org/sat4j/minisat/core/Solver.java.xml', 'stmt', 220)) | StmtInsertion(('org.sat4j.core/src/main/java/org/sat4j/minisat/core/Solver.java.xml', '_inter_block', 1020), ('org.sat4j.core/src/main/java/org/sat4j/minisat/core/Solver.java.xml', 'stmt', 784)) | ParamSetting(('sat4j.params', 'RESTARTS'), 'LubyRestarts') | StmtDeletion(('org.sat4j.core/src/main/java/org/sat4j/minisat/core/Solver.java.xml', 'stmt', 357))
2023-08-20 02:15:40,606	[INFO]	Diff:
--- before: org.sat4j.core/src/main/java/org/sat4j/minisat/core/Solver.java
+++ after: org.sat4j.core/src/main/java/org/sat4j/minisat/core/Solver.java
@@ -692,18 +692,7 @@
         }
 
         int p = ILits.UNDEFINED;
-        while (confl == null && this.trail.size() > 0
-                && this.trailLim.size() > 0) {
-            p = this.trail.last();
-            confl = this.voc.getReason(p);
-            undoOne();
-            if (confl == null && p == (conflictingLiteral ^ 1)) {
-                outLearnt.push(toDimacs(p));
-            }
-            if (this.trail.size() <= this.trailLim.last()) {
-                this.trailLim.pop();
-            }
-        }
+        
         if (confl == null) {
             return outLearnt;
         }
@@ -792,7 +781,7 @@
         /**
          * 
          */
-        private static final long serialVersionUID = 1L;
+        
 
         public void simplify(IVecInt conflictToReduce) {
             expensiveSimplificationWLOnly(conflictToReduce);
@@ -1033,10 +1022,7 @@
         // not used if the solver uses watched literals.
         IVec<Undoable> undos = this.voc.undos(p);
         assert undos != null;
-        for (int size = undos.size(); size > 0; size--) {
-            undos.last().undo(p);
-            undos.pop();
-        }
+        
     }
 
     /**
@@ -1600,6 +1586,7 @@
                 return "Fixed size (" + maxsize
                         + ") learned constraints deletion strategy";
             }
+            StringBuilder stb = new StringBuilder();
 
             public void init() {
             }
@@ -1862,10 +1849,7 @@
         out.print(prefix);
         out.println("constraints type ");
         long total = 0;
-        for (Map.Entry<String, Counter> entry : this.constrTypes.entrySet()) {
-            out.println(prefix + entry.getKey() + " => " + entry.getValue());
-            total += entry.getValue().getValue();
-        }
+        
         out.print(prefix);
         out.print(total);
         out.println(" constraints processed.");
@@ -1942,7 +1926,7 @@
                 .hasNext();) {
             iterator.next().remove(this);
         }
-        this.constrs.clear();
+        this.dsfactory.setLearner(this);
         clearLearntClauses();
         this.voc.resetPool();
         this.dsfactory.reset();
--- before: sat4j.params
+++ after: sat4j.params
@@ -1,6 +1,7 @@
-RESTARTS := 'Glucose21Restarts'
+RESTARTS := 'LubyRestarts'
+LUBYFACTOR := 512
 PHASE := 'RSATPhaseSelectionStrategy'
 CLADECAY := 0.999
-VARDECAY := 0.95
+VARDECAY := 0.21166811157245158
 SIMP := 'EXPENSIVE_SIMPLIFICATION'
 CLEANING := 'LBD2'

