2023-08-20 04:07:53,136	[DEBUG]	==== CONFIG ====
[magpie]
import = 
seed = 
log_dir = _magpie_logs
work_dir = _magpie_work
local_original_copy = False
local_original_name = __original__
output_encoding = ascii
edit_retries = 10
default_timeout = 30
default_lengthout = 1e6
diff_method = unified

[software]
path = code/sat4j
target_files = 
	org.sat4j.core/src/main/java/org/sat4j/minisat/core/Solver.java.xml
	sat4j.params
program = BasicProgram
engine_rules = 
	*.params : ConfigFileParamsEngine
	*.xml : SrcmlEngine
	* : LineEngine
engine_config = 
	*.params : [params]
	*.xml : [srcml]
setup_cmd = ./compile.sh
setup_timeout = 150
setup_lengthout = 
compile_cmd = ./compile.sh
compile_timeout = 150
compile_lengthout = 
test_cmd = 
test_timeout = 
test_lengthout = 
run_cmd = perf stat run-sh/validate_2.sh
run_timeout = 2257
run_lengthout = 
fitness = perf_instructions

[srcml]
rename = 
	stmt: break continue decl_stmt do expr_stmt for goto if return switch while
	number: literal_number
focus = block stmt operator_comp operator_arith number
internodes = block
process_pseudo_blocks = True
process_literals = True
process_operators = True

[params]
timing = test run
cli_prefix = --
cli_glue = =
cli_boolean = show
cli_boolean_prefix_true = 
cli_boolean_prefix_false = no-
silent_prefix = @
silent_suffix = $

[search]
protocol = BasicProtocol
algorithm = ValidRankingSimplify
possible_edits = 
	StmtReplacement
	StmtInsertion
	StmtDeletion
warmup = 1
warmup_strategy = last
max_steps = 
max_time = 
target_fitness = 
cache_maxsize = 40
cache_keep = 0.2

[search.ls]
delete_prob = 0.5
max_neighbours = 
when_trapped = continue
accept_fail = False
tabu_length = 10

[search.gp]
pop_size = 10
delete_prob = 0.5
offspring_elitism = 0.1
offspring_crossover = 0.5
offspring_mutation = 0.4
uniform_rate = 0.5

[search.ga]
pop_size = 100
elitism_size = 10
cxpb_chrm = 0.5
cxpb_gene = 0.5
mutpb_chrm = 0.2
mutpb_gene = 0.1
gi_delete_prob = 0.5
gi_create_prob = 0.5
tournament_size = 3

[search.pso]
pop_size = 10
speed_min = -3
speed_max = 3
c1 = 1.49
c2 = 1.49


2023-08-20 04:07:53,137	[INFO]	==== WARMUP ====
2023-08-20 04:34:57,424	[INFO]	WARM    SUCCESS               9413735137400           
2023-08-20 04:34:57,424	[INFO]	INITIAL SUCCESS               9413735137400           
2023-08-20 04:34:57,424	[INFO]	==== START: ValidTest ====
2023-08-20 04:34:57,455	[DEBUG]	CLEAN_PATCH: StmtDeletion(('org.sat4j.core/src/main/java/org/sat4j/minisat/core/Solver.java.xml', 'stmt', 624)) | StmtDeletion(('org.sat4j.core/src/main/java/org/sat4j/minisat/core/Solver.java.xml', 'stmt', 837)) | StmtDeletion(('org.sat4j.core/src/main/java/org/sat4j/minisat/core/Solver.java.xml', 'stmt', 820))
2023-08-20 04:34:57,455	[DEBUG]	CLEAN_SIZE: 3 (was 3)
2023-08-20 05:02:33,554	[DEBUG]	StmtDeletion(('org.sat4j.core/src/main/java/org/sat4j/minisat/core/Solver.java.xml', 'stmt', 624)) | StmtDeletion(('org.sat4j.core/src/main/java/org/sat4j/minisat/core/Solver.java.xml', 'stmt', 837)) | StmtDeletion(('org.sat4j.core/src/main/java/org/sat4j/minisat/core/Solver.java.xml', 'stmt', 820))
2023-08-20 05:02:33,555	[INFO]	1       SUCCESS              *9384517137545 (99.69%) [3 edit(s)] 
2023-08-20 05:02:33,564	[DEBUG]	--- before: org.sat4j.core/src/main/java/org/sat4j/minisat/core/Solver.java
+++ after: org.sat4j.core/src/main/java/org/sat4j/minisat/core/Solver.java
@@ -1687,7 +1687,7 @@
         this.implied.clear();
         this.slistener.init(this);
         this.slistener.start();
-        this.model = null; // forget about previous model
+         // forget about previous model
         this.fullmodel = null;
         this.userbooleanmodel = null;
         this.prime = null;
@@ -2109,9 +2109,7 @@
     }
 
     public int[] findModel() throws TimeoutException {
-        if (isSatisfiable()) {
-            return model();
-        }
+        
         // DLB findbugs ok
         // A zero length array would mean that the formula is a tautology.
         return null;
@@ -2165,9 +2163,7 @@
                 clause.push(-p);
             }
         } else {
-            for (int i = 0; i < decisions.size(); i++) {
-                clause.push(-decisions.get(i));
-            }
+            
         }
 
         return clause;

2023-08-20 05:02:33,572	[INFO]	==== END ====
2023-08-20 05:02:33,572	[INFO]	Reason: validation end
2023-08-20 05:02:33,572	[INFO]	
2023-08-20 05:02:33,572	[INFO]	==== REPORT ====
2023-08-20 05:02:33,572	[INFO]	Termination: validation end
2023-08-20 05:02:33,572	[INFO]	Log file: /home/tsongpet/MSc-SSE-GI-project/_magpie_logs/sat4j_1692500867.log
2023-08-20 05:02:33,579	[INFO]	Patch file: _magpie_logs/sat4j_1692500867.patch
2023-08-20 05:02:33,579	[INFO]	Diff file: _magpie_logs/sat4j_1692500867.diff
2023-08-20 05:02:33,579	[INFO]	Best fitness: 9384517137545
2023-08-20 05:02:33,579	[INFO]	Best patch: StmtDeletion(('org.sat4j.core/src/main/java/org/sat4j/minisat/core/Solver.java.xml', 'stmt', 624)) | StmtDeletion(('org.sat4j.core/src/main/java/org/sat4j/minisat/core/Solver.java.xml', 'stmt', 837)) | StmtDeletion(('org.sat4j.core/src/main/java/org/sat4j/minisat/core/Solver.java.xml', 'stmt', 820))
2023-08-20 05:02:33,579	[INFO]	Diff:
--- before: org.sat4j.core/src/main/java/org/sat4j/minisat/core/Solver.java
+++ after: org.sat4j.core/src/main/java/org/sat4j/minisat/core/Solver.java
@@ -1687,7 +1687,7 @@
         this.implied.clear();
         this.slistener.init(this);
         this.slistener.start();
-        this.model = null; // forget about previous model
+         // forget about previous model
         this.fullmodel = null;
         this.userbooleanmodel = null;
         this.prime = null;
@@ -2109,9 +2109,7 @@
     }
 
     public int[] findModel() throws TimeoutException {
-        if (isSatisfiable()) {
-            return model();
-        }
+        
         // DLB findbugs ok
         // A zero length array would mean that the formula is a tautology.
         return null;
@@ -2165,9 +2163,7 @@
                 clause.push(-p);
             }
         } else {
-            for (int i = 0; i < decisions.size(); i++) {
-                clause.push(-decisions.get(i));
-            }
+            
         }
 
         return clause;

