2023-08-27 00:17:57,991	[DEBUG]	==== CONFIG ====
[magpie]
import = 
seed = 
log_dir = _magpie_logs
work_dir = _magpie_work
local_original_copy = False
local_original_name = __original__
output_encoding = ascii
edit_retries = 10
default_timeout = 30
default_lengthout = 1e6
diff_method = unified

[software]
path = code/sat4j
target_files = 
	org.sat4j.core/src/main/java/org/sat4j/minisat/core/Solver.java.xml
	sat4j.params
program = BasicProgram
engine_rules = 
	*.params : ConfigFileParamsEngine
	*.xml : SrcmlEngine
	* : LineEngine
engine_config = 
	*.params : [params]
	*.xml : [srcml]
setup_cmd = ./compile.sh
setup_timeout = 150
setup_lengthout = 
compile_cmd = ./compile.sh
compile_timeout = 150
compile_lengthout = 
test_cmd = 
test_timeout = 
test_lengthout = 
run_cmd = perf stat run-sh/validate_7.sh
run_timeout = 2235
run_lengthout = 
fitness = perf_instructions

[srcml]
rename = 
	stmt: break continue decl_stmt do expr_stmt for goto if return switch while
	number: literal_number
focus = block stmt operator_comp operator_arith number
internodes = block
process_pseudo_blocks = True
process_literals = True
process_operators = True

[params]
timing = test run
cli_prefix = --
cli_glue = =
cli_boolean = show
cli_boolean_prefix_true = 
cli_boolean_prefix_false = no-
silent_prefix = @
silent_suffix = $

[search]
protocol = BasicProtocol
algorithm = ValidRankingSimplify
possible_edits = 
	StmtReplacement
	StmtInsertion
	StmtDeletion
warmup = 1
warmup_strategy = last
max_steps = 
max_time = 
target_fitness = 
cache_maxsize = 40
cache_keep = 0.2

[search.ls]
delete_prob = 0.5
max_neighbours = 
when_trapped = continue
accept_fail = False
tabu_length = 10

[search.gp]
pop_size = 10
delete_prob = 0.5
offspring_elitism = 0.1
offspring_crossover = 0.5
offspring_mutation = 0.4
uniform_rate = 0.5

[search.ga]
pop_size = 10
elitism_size = 2
cxpb_chrm = 0.5
cxpb_gene = 0.5
mutpb_chrm = 0.2
mutpb_gene = 0.1
gi_delete_prob = 0.5
gi_create_prob = 0.5
tournament_size = 3

[search.pso]
pop_size = 10
speed_min = -3
speed_max = 3
c1 = 1.49
c2 = 1.49


2023-08-27 00:17:57,991	[INFO]	==== WARMUP ====
2023-08-27 00:44:41,816	[INFO]	WARM    SUCCESS               9378448107609           
2023-08-27 00:44:41,817	[INFO]	INITIAL SUCCESS               9378448107609           
2023-08-27 00:44:41,817	[INFO]	==== START: ValidTest ====
2023-08-27 00:44:41,916	[DEBUG]	CLEAN_PATCH: StmtInsertion(('org.sat4j.core/src/main/java/org/sat4j/minisat/core/Solver.java.xml', '_inter_block', 1190), ('org.sat4j.core/src/main/java/org/sat4j/minisat/core/Solver.java.xml', 'stmt', 477)) | StmtInsertion(('org.sat4j.core/src/main/java/org/sat4j/minisat/core/Solver.java.xml', '_inter_block', 1190), ('org.sat4j.core/src/main/java/org/sat4j/minisat/core/Solver.java.xml', 'stmt', 477)) | StmtInsertion(('org.sat4j.core/src/main/java/org/sat4j/minisat/core/Solver.java.xml', '_inter_block', 516), ('org.sat4j.core/src/main/java/org/sat4j/minisat/core/Solver.java.xml', 'stmt', 81)) | StmtInsertion(('org.sat4j.core/src/main/java/org/sat4j/minisat/core/Solver.java.xml', '_inter_block', 516), ('org.sat4j.core/src/main/java/org/sat4j/minisat/core/Solver.java.xml', 'stmt', 81)) | StmtDeletion(('org.sat4j.core/src/main/java/org/sat4j/minisat/core/Solver.java.xml', 'stmt', 566)) | StmtInsertion(('org.sat4j.core/src/main/java/org/sat4j/minisat/core/Solver.java.xml', '_inter_block', 250), ('org.sat4j.core/src/main/java/org/sat4j/minisat/core/Solver.java.xml', 'stmt', 505))
2023-08-27 00:44:41,916	[DEBUG]	CLEAN_SIZE: 6 (was 6)
2023-08-27 01:13:14,800	[DEBUG]	StmtInsertion(('org.sat4j.core/src/main/java/org/sat4j/minisat/core/Solver.java.xml', '_inter_block', 1190), ('org.sat4j.core/src/main/java/org/sat4j/minisat/core/Solver.java.xml', 'stmt', 477)) | StmtInsertion(('org.sat4j.core/src/main/java/org/sat4j/minisat/core/Solver.java.xml', '_inter_block', 1190), ('org.sat4j.core/src/main/java/org/sat4j/minisat/core/Solver.java.xml', 'stmt', 477)) | StmtInsertion(('org.sat4j.core/src/main/java/org/sat4j/minisat/core/Solver.java.xml', '_inter_block', 516), ('org.sat4j.core/src/main/java/org/sat4j/minisat/core/Solver.java.xml', 'stmt', 81)) | StmtInsertion(('org.sat4j.core/src/main/java/org/sat4j/minisat/core/Solver.java.xml', '_inter_block', 516), ('org.sat4j.core/src/main/java/org/sat4j/minisat/core/Solver.java.xml', 'stmt', 81)) | StmtDeletion(('org.sat4j.core/src/main/java/org/sat4j/minisat/core/Solver.java.xml', 'stmt', 566)) | StmtInsertion(('org.sat4j.core/src/main/java/org/sat4j/minisat/core/Solver.java.xml', '_inter_block', 250), ('org.sat4j.core/src/main/java/org/sat4j/minisat/core/Solver.java.xml', 'stmt', 505))
2023-08-27 01:13:14,808	[INFO]	1       SUCCESS              *9889642790067 (105.45%) [6 edit(s)] 
2023-08-27 01:13:14,832	[DEBUG]	--- before: org.sat4j.core/src/main/java/org/sat4j/minisat/core/Solver.java
+++ after: org.sat4j.core/src/main/java/org/sat4j/minisat/core/Solver.java
@@ -305,6 +305,7 @@
         }
         this.learner = strategy;
         strategy.setSolver(this);
+        final IVecInt implied = new VecInt();
     }
 
     public void setTimeout(int t) {
@@ -732,6 +733,8 @@
                 if (decisionLevel() > 0
                         && this.trail.size() <= this.trailLim.last()) {
                     this.trailLim.pop();
+                    this.timer.cancel();
+                    this.timer.cancel();
                 }
             } while (this.trail.size() > 0 && decisionLevel() > 0
                     && (!seen[p >> 1] || confl == null));
@@ -1494,7 +1497,7 @@
     }
 
     protected final void reduceDB() {
-        this.stats.incReduceddb();
+        
         this.slistener.cleaning();
         this.learnedConstraintsDeletionStrategy.reduce(this.learnts);
     }
@@ -1822,6 +1825,8 @@
             unitClauseProvider.provideUnitClauses(this);
             this.stats.incImportedUnits(this.trail.size() - before);
             status = search(assumps);
+            this.conflictCount.newConflict();
+            this.conflictCount.newConflict();
             if (status == Lbool.UNDEFINED) {
                 this.restarter.onRestart();
                 this.slistener.restarting();

2023-08-27 01:13:14,848	[INFO]	==== END ====
2023-08-27 01:13:14,848	[INFO]	Reason: validation end
2023-08-27 01:13:14,848	[INFO]	
2023-08-27 01:13:14,848	[INFO]	==== REPORT ====
2023-08-27 01:13:14,848	[INFO]	Termination: validation end
2023-08-27 01:13:14,848	[INFO]	Log file: /home/tsongpet/MSc-SSE-GI-project/_magpie_logs/sat4j_1693091871.log
2023-08-27 01:13:14,864	[INFO]	Patch file: _magpie_logs/sat4j_1693091871.patch
2023-08-27 01:13:14,865	[INFO]	Diff file: _magpie_logs/sat4j_1693091871.diff
2023-08-27 01:13:14,865	[INFO]	Best fitness: 9889642790067
2023-08-27 01:13:14,865	[INFO]	Best patch: StmtInsertion(('org.sat4j.core/src/main/java/org/sat4j/minisat/core/Solver.java.xml', '_inter_block', 1190), ('org.sat4j.core/src/main/java/org/sat4j/minisat/core/Solver.java.xml', 'stmt', 477)) | StmtInsertion(('org.sat4j.core/src/main/java/org/sat4j/minisat/core/Solver.java.xml', '_inter_block', 1190), ('org.sat4j.core/src/main/java/org/sat4j/minisat/core/Solver.java.xml', 'stmt', 477)) | StmtInsertion(('org.sat4j.core/src/main/java/org/sat4j/minisat/core/Solver.java.xml', '_inter_block', 516), ('org.sat4j.core/src/main/java/org/sat4j/minisat/core/Solver.java.xml', 'stmt', 81)) | StmtInsertion(('org.sat4j.core/src/main/java/org/sat4j/minisat/core/Solver.java.xml', '_inter_block', 516), ('org.sat4j.core/src/main/java/org/sat4j/minisat/core/Solver.java.xml', 'stmt', 81)) | StmtDeletion(('org.sat4j.core/src/main/java/org/sat4j/minisat/core/Solver.java.xml', 'stmt', 566)) | StmtInsertion(('org.sat4j.core/src/main/java/org/sat4j/minisat/core/Solver.java.xml', '_inter_block', 250), ('org.sat4j.core/src/main/java/org/sat4j/minisat/core/Solver.java.xml', 'stmt', 505))
2023-08-27 01:13:14,865	[INFO]	Diff:
--- before: org.sat4j.core/src/main/java/org/sat4j/minisat/core/Solver.java
+++ after: org.sat4j.core/src/main/java/org/sat4j/minisat/core/Solver.java
@@ -305,6 +305,7 @@
         }
         this.learner = strategy;
         strategy.setSolver(this);
+        final IVecInt implied = new VecInt();
     }
 
     public void setTimeout(int t) {
@@ -732,6 +733,8 @@
                 if (decisionLevel() > 0
                         && this.trail.size() <= this.trailLim.last()) {
                     this.trailLim.pop();
+                    this.timer.cancel();
+                    this.timer.cancel();
                 }
             } while (this.trail.size() > 0 && decisionLevel() > 0
                     && (!seen[p >> 1] || confl == null));
@@ -1494,7 +1497,7 @@
     }
 
     protected final void reduceDB() {
-        this.stats.incReduceddb();
+        
         this.slistener.cleaning();
         this.learnedConstraintsDeletionStrategy.reduce(this.learnts);
     }
@@ -1822,6 +1825,8 @@
             unitClauseProvider.provideUnitClauses(this);
             this.stats.incImportedUnits(this.trail.size() - before);
             status = search(assumps);
+            this.conflictCount.newConflict();
+            this.conflictCount.newConflict();
             if (status == Lbool.UNDEFINED) {
                 this.restarter.onRestart();
                 this.slistener.restarting();

