2023-08-20 05:04:55,150	[DEBUG]	==== CONFIG ====
[magpie]
import = 
seed = 
log_dir = _magpie_logs
work_dir = _magpie_work
local_original_copy = False
local_original_name = __original__
output_encoding = ascii
edit_retries = 10
default_timeout = 30
default_lengthout = 1e6
diff_method = unified

[software]
path = code/sat4j
target_files = 
	org.sat4j.core/src/main/java/org/sat4j/minisat/core/Solver.java.xml
	sat4j.params
program = BasicProgram
engine_rules = 
	*.params : ConfigFileParamsEngine
	*.xml : SrcmlEngine
	* : LineEngine
engine_config = 
	*.params : [params]
	*.xml : [srcml]
setup_cmd = ./compile.sh
setup_timeout = 150
setup_lengthout = 
compile_cmd = ./compile.sh
compile_timeout = 150
compile_lengthout = 
test_cmd = 
test_timeout = 
test_lengthout = 
run_cmd = perf stat run-sh/validate_6.sh
run_timeout = 2280
run_lengthout = 
fitness = perf_instructions

[srcml]
rename = 
	stmt: break continue decl_stmt do expr_stmt for goto if return switch while
	number: literal_number
focus = block stmt operator_comp operator_arith number
internodes = block
process_pseudo_blocks = True
process_literals = True
process_operators = True

[params]
timing = test run
cli_prefix = --
cli_glue = =
cli_boolean = show
cli_boolean_prefix_true = 
cli_boolean_prefix_false = no-
silent_prefix = @
silent_suffix = $

[search]
protocol = BasicProtocol
algorithm = ValidRankingSimplify
possible_edits = 
	StmtReplacement
	StmtInsertion
	StmtDeletion
warmup = 1
warmup_strategy = last
max_steps = 
max_time = 
target_fitness = 
cache_maxsize = 40
cache_keep = 0.2

[search.ls]
delete_prob = 0.5
max_neighbours = 
when_trapped = continue
accept_fail = False
tabu_length = 10

[search.gp]
pop_size = 10
delete_prob = 0.5
offspring_elitism = 0.1
offspring_crossover = 0.5
offspring_mutation = 0.4
uniform_rate = 0.5

[search.ga]
pop_size = 100
elitism_size = 10
cxpb_chrm = 0.5
cxpb_gene = 0.5
mutpb_chrm = 0.2
mutpb_gene = 0.1
gi_delete_prob = 0.5
gi_create_prob = 0.5
tournament_size = 3

[search.pso]
pop_size = 10
speed_min = -3
speed_max = 3
c1 = 1.49
c2 = 1.49


2023-08-20 05:04:55,151	[INFO]	==== WARMUP ====
2023-08-20 05:31:20,151	[INFO]	WARM    SUCCESS               9262383133297           
2023-08-20 05:31:20,151	[INFO]	INITIAL SUCCESS               9262383133297           
2023-08-20 05:31:20,151	[INFO]	==== START: ValidTest ====
2023-08-20 05:31:20,208	[DEBUG]	CLEAN_PATCH: StmtDeletion(('org.sat4j.core/src/main/java/org/sat4j/minisat/core/Solver.java.xml', 'stmt', 609)) | StmtDeletion(('org.sat4j.core/src/main/java/org/sat4j/minisat/core/Solver.java.xml', 'stmt', 200)) | StmtInsertion(('org.sat4j.core/src/main/java/org/sat4j/minisat/core/Solver.java.xml', '_inter_block', 176), ('org.sat4j.core/src/main/java/org/sat4j/minisat/core/Solver.java.xml', 'stmt', 219)) | StmtDeletion(('org.sat4j.core/src/main/java/org/sat4j/minisat/core/Solver.java.xml', 'stmt', 682))
2023-08-20 05:31:20,208	[DEBUG]	CLEAN_SIZE: 4 (was 4)
2023-08-20 06:05:28,521	[DEBUG]	StmtDeletion(('org.sat4j.core/src/main/java/org/sat4j/minisat/core/Solver.java.xml', 'stmt', 609)) | StmtDeletion(('org.sat4j.core/src/main/java/org/sat4j/minisat/core/Solver.java.xml', 'stmt', 200)) | StmtInsertion(('org.sat4j.core/src/main/java/org/sat4j/minisat/core/Solver.java.xml', '_inter_block', 176), ('org.sat4j.core/src/main/java/org/sat4j/minisat/core/Solver.java.xml', 'stmt', 219)) | StmtDeletion(('org.sat4j.core/src/main/java/org/sat4j/minisat/core/Solver.java.xml', 'stmt', 682))
2023-08-20 06:05:28,522	[INFO]	1       SUCCESS              *11375524139990 (122.81%) [4 edit(s)] 
2023-08-20 06:05:28,534	[DEBUG]	--- before: org.sat4j.core/src/main/java/org/sat4j/minisat/core/Solver.java
+++ after: org.sat4j.core/src/main/java/org/sat4j/minisat/core/Solver.java
@@ -639,7 +639,7 @@
         } while (--counter > 0);
 
         outLearnt.set(0, p ^ 1);
-        this.simplifier.simplify(outLearnt);
+        
 
         Constr c = this.dsfactory.createUnregisteredClause(outLearnt);
         this.learnedConstraintsDeletionStrategy.onClauseLearning(c);
@@ -1664,8 +1664,7 @@
         if (this.conflictCount != null) {
             this.conflictCount.add(lcds.getTimer());
             assert this.learnedConstraintsDeletionStrategy != null;
-            this.conflictCount
-                    .remove(this.learnedConstraintsDeletionStrategy.getTimer());
+            
         }
         this.learnedConstraintsDeletionStrategy = lcds;
     }
@@ -1782,7 +1781,7 @@
                         synchronized (Solver.this) {
                             if (Solver.this.timer != null) {
                                 Solver.this.timer.cancel();
-                                Solver.this.timer = null;
+                                
                             }
                         }
                     }
@@ -2199,6 +2198,7 @@
         }
         this.qhead = this.trail.size();
     }
+    int p = ILits.UNDEFINED;
 
     /**
      * @since 2.3.6

2023-08-20 06:05:28,546	[INFO]	==== END ====
2023-08-20 06:05:28,546	[INFO]	Reason: validation end
2023-08-20 06:05:28,546	[INFO]	
2023-08-20 06:05:28,546	[INFO]	==== REPORT ====
2023-08-20 06:05:28,546	[INFO]	Termination: validation end
2023-08-20 06:05:28,546	[INFO]	Log file: /home/tsongpet/MSc-SSE-GI-project/_magpie_logs/sat4j_1692504289.log
2023-08-20 06:05:28,558	[INFO]	Patch file: _magpie_logs/sat4j_1692504289.patch
2023-08-20 06:05:28,559	[INFO]	Diff file: _magpie_logs/sat4j_1692504289.diff
2023-08-20 06:05:28,559	[INFO]	Best fitness: 11375524139990
2023-08-20 06:05:28,559	[INFO]	Best patch: StmtDeletion(('org.sat4j.core/src/main/java/org/sat4j/minisat/core/Solver.java.xml', 'stmt', 609)) | StmtDeletion(('org.sat4j.core/src/main/java/org/sat4j/minisat/core/Solver.java.xml', 'stmt', 200)) | StmtInsertion(('org.sat4j.core/src/main/java/org/sat4j/minisat/core/Solver.java.xml', '_inter_block', 176), ('org.sat4j.core/src/main/java/org/sat4j/minisat/core/Solver.java.xml', 'stmt', 219)) | StmtDeletion(('org.sat4j.core/src/main/java/org/sat4j/minisat/core/Solver.java.xml', 'stmt', 682))
2023-08-20 06:05:28,559	[INFO]	Diff:
--- before: org.sat4j.core/src/main/java/org/sat4j/minisat/core/Solver.java
+++ after: org.sat4j.core/src/main/java/org/sat4j/minisat/core/Solver.java
@@ -639,7 +639,7 @@
         } while (--counter > 0);
 
         outLearnt.set(0, p ^ 1);
-        this.simplifier.simplify(outLearnt);
+        
 
         Constr c = this.dsfactory.createUnregisteredClause(outLearnt);
         this.learnedConstraintsDeletionStrategy.onClauseLearning(c);
@@ -1664,8 +1664,7 @@
         if (this.conflictCount != null) {
             this.conflictCount.add(lcds.getTimer());
             assert this.learnedConstraintsDeletionStrategy != null;
-            this.conflictCount
-                    .remove(this.learnedConstraintsDeletionStrategy.getTimer());
+            
         }
         this.learnedConstraintsDeletionStrategy = lcds;
     }
@@ -1782,7 +1781,7 @@
                         synchronized (Solver.this) {
                             if (Solver.this.timer != null) {
                                 Solver.this.timer.cancel();
-                                Solver.this.timer = null;
+                                
                             }
                         }
                     }
@@ -2199,6 +2198,7 @@
         }
         this.qhead = this.trail.size();
     }
+    int p = ILits.UNDEFINED;
 
     /**
      * @since 2.3.6

