2023-08-20 05:13:54,557	[DEBUG]	==== CONFIG ====
[magpie]
import = 
seed = 
log_dir = _magpie_logs
work_dir = _magpie_work
local_original_copy = False
local_original_name = __original__
output_encoding = ascii
edit_retries = 10
default_timeout = 30
default_lengthout = 1e6
diff_method = unified

[software]
path = code/sat4j
target_files = 
	org.sat4j.core/src/main/java/org/sat4j/minisat/core/Solver.java.xml
	sat4j.params
program = BasicProgram
engine_rules = 
	*.params : ConfigFileParamsEngine
	*.xml : SrcmlEngine
	* : LineEngine
engine_config = 
	*.params : [params]
	*.xml : [srcml]
setup_cmd = ./compile.sh
setup_timeout = 150
setup_lengthout = 
compile_cmd = ./compile.sh
compile_timeout = 150
compile_lengthout = 
test_cmd = 
test_timeout = 
test_lengthout = 
run_cmd = perf stat run-sh/validate_7.sh
run_timeout = 2235
run_lengthout = 
fitness = perf_instructions

[srcml]
rename = 
	stmt: break continue decl_stmt do expr_stmt for goto if return switch while
	number: literal_number
focus = block stmt operator_comp operator_arith number
internodes = block
process_pseudo_blocks = True
process_literals = True
process_operators = True

[params]
timing = test run
cli_prefix = --
cli_glue = =
cli_boolean = show
cli_boolean_prefix_true = 
cli_boolean_prefix_false = no-
silent_prefix = @
silent_suffix = $

[search]
protocol = BasicProtocol
algorithm = ValidRankingSimplify
possible_edits = 
	StmtReplacement
	StmtInsertion
	StmtDeletion
warmup = 1
warmup_strategy = last
max_steps = 
max_time = 
target_fitness = 
cache_maxsize = 40
cache_keep = 0.2

[search.ls]
delete_prob = 0.5
max_neighbours = 
when_trapped = continue
accept_fail = False
tabu_length = 10

[search.gp]
pop_size = 10
delete_prob = 0.5
offspring_elitism = 0.1
offspring_crossover = 0.5
offspring_mutation = 0.4
uniform_rate = 0.5

[search.ga]
pop_size = 100
elitism_size = 10
cxpb_chrm = 0.5
cxpb_gene = 0.5
mutpb_chrm = 0.2
mutpb_gene = 0.1
gi_delete_prob = 0.5
gi_create_prob = 0.5
tournament_size = 3

[search.pso]
pop_size = 10
speed_min = -3
speed_max = 3
c1 = 1.49
c2 = 1.49


2023-08-20 05:13:54,557	[INFO]	==== WARMUP ====
2023-08-20 05:40:51,453	[INFO]	WARM    SUCCESS               9369438598901           
2023-08-20 05:40:51,454	[INFO]	INITIAL SUCCESS               9369438598901           
2023-08-20 05:40:51,454	[INFO]	==== START: ValidTest ====
2023-08-20 05:40:51,510	[DEBUG]	CLEAN_PATCH: StmtDeletion(('org.sat4j.core/src/main/java/org/sat4j/minisat/core/Solver.java.xml', 'stmt', 924)) | StmtDeletion(('org.sat4j.core/src/main/java/org/sat4j/minisat/core/Solver.java.xml', 'stmt', 893)) | StmtInsertion(('org.sat4j.core/src/main/java/org/sat4j/minisat/core/Solver.java.xml', '_inter_block', 477), ('org.sat4j.core/src/main/java/org/sat4j/minisat/core/Solver.java.xml', 'stmt', 912)) | StmtDeletion(('org.sat4j.core/src/main/java/org/sat4j/minisat/core/Solver.java.xml', 'stmt', 232))
2023-08-20 05:40:51,510	[DEBUG]	CLEAN_SIZE: 4 (was 4)
2023-08-20 06:07:37,257	[DEBUG]	StmtDeletion(('org.sat4j.core/src/main/java/org/sat4j/minisat/core/Solver.java.xml', 'stmt', 924)) | StmtDeletion(('org.sat4j.core/src/main/java/org/sat4j/minisat/core/Solver.java.xml', 'stmt', 893)) | StmtInsertion(('org.sat4j.core/src/main/java/org/sat4j/minisat/core/Solver.java.xml', '_inter_block', 477), ('org.sat4j.core/src/main/java/org/sat4j/minisat/core/Solver.java.xml', 'stmt', 912)) | StmtDeletion(('org.sat4j.core/src/main/java/org/sat4j/minisat/core/Solver.java.xml', 'stmt', 232))
2023-08-20 06:07:37,257	[INFO]	1       SUCCESS              *9362962669064 (99.93%) [4 edit(s)] 
2023-08-20 06:07:37,268	[DEBUG]	--- before: org.sat4j.core/src/main/java/org/sat4j/minisat/core/Solver.java
+++ after: org.sat4j.core/src/main/java/org/sat4j/minisat/core/Solver.java
@@ -670,6 +670,7 @@
         while (!this.trailLim.isEmpty()
                 && this.trailLim.last() == this.trail.size()) {
             // conflict detected when assuming a value
+            this.learnedConstraintsDeletionStrategy.init();
             this.trailLim.pop();
         }
         final boolean[] seen = this.mseen;
@@ -710,7 +711,7 @@
         do {
 
             preason.clear();
-            confl.calcReason(p, preason);
+            
             // Trace reason for p
             for (int j = 0; j < preason.size(); j++) {
                 int q = preason.get(j);
@@ -2348,8 +2349,7 @@
             LearnedConstraintsEvaluationType evaluation) {
         if (this.conflictCount != null) {
             this.conflictCount.add(timer);
-            this.conflictCount
-                    .remove(this.learnedConstraintsDeletionStrategy.getTimer());
+            
         }
         switch (evaluation) {
         case ACTIVITY:
@@ -2425,7 +2425,7 @@
                 Integer trail1 = trailLevel.get(Math.abs(i1));
                 Integer trail2 = trailLevel.get(Math.abs(i2));
                 if (trail1 == null) {
-                    return -1;
+                    
                 }
                 if (trail2 == null) {
                     return -1;

2023-08-20 06:07:37,277	[INFO]	==== END ====
2023-08-20 06:07:37,277	[INFO]	Reason: validation end
2023-08-20 06:07:37,277	[INFO]	
2023-08-20 06:07:37,277	[INFO]	==== REPORT ====
2023-08-20 06:07:37,277	[INFO]	Termination: validation end
2023-08-20 06:07:37,277	[INFO]	Log file: /home/tsongpet/MSc-SSE-GI-project/_magpie_logs/sat4j_1692504828.log
2023-08-20 06:07:37,287	[INFO]	Patch file: _magpie_logs/sat4j_1692504828.patch
2023-08-20 06:07:37,287	[INFO]	Diff file: _magpie_logs/sat4j_1692504828.diff
2023-08-20 06:07:37,287	[INFO]	Best fitness: 9362962669064
2023-08-20 06:07:37,287	[INFO]	Best patch: StmtDeletion(('org.sat4j.core/src/main/java/org/sat4j/minisat/core/Solver.java.xml', 'stmt', 924)) | StmtDeletion(('org.sat4j.core/src/main/java/org/sat4j/minisat/core/Solver.java.xml', 'stmt', 893)) | StmtInsertion(('org.sat4j.core/src/main/java/org/sat4j/minisat/core/Solver.java.xml', '_inter_block', 477), ('org.sat4j.core/src/main/java/org/sat4j/minisat/core/Solver.java.xml', 'stmt', 912)) | StmtDeletion(('org.sat4j.core/src/main/java/org/sat4j/minisat/core/Solver.java.xml', 'stmt', 232))
2023-08-20 06:07:37,287	[INFO]	Diff:
--- before: org.sat4j.core/src/main/java/org/sat4j/minisat/core/Solver.java
+++ after: org.sat4j.core/src/main/java/org/sat4j/minisat/core/Solver.java
@@ -670,6 +670,7 @@
         while (!this.trailLim.isEmpty()
                 && this.trailLim.last() == this.trail.size()) {
             // conflict detected when assuming a value
+            this.learnedConstraintsDeletionStrategy.init();
             this.trailLim.pop();
         }
         final boolean[] seen = this.mseen;
@@ -710,7 +711,7 @@
         do {
 
             preason.clear();
-            confl.calcReason(p, preason);
+            
             // Trace reason for p
             for (int j = 0; j < preason.size(); j++) {
                 int q = preason.get(j);
@@ -2348,8 +2349,7 @@
             LearnedConstraintsEvaluationType evaluation) {
         if (this.conflictCount != null) {
             this.conflictCount.add(timer);
-            this.conflictCount
-                    .remove(this.learnedConstraintsDeletionStrategy.getTimer());
+            
         }
         switch (evaluation) {
         case ACTIVITY:
@@ -2425,7 +2425,7 @@
                 Integer trail1 = trailLevel.get(Math.abs(i1));
                 Integer trail2 = trailLevel.get(Math.abs(i2));
                 if (trail1 == null) {
-                    return -1;
+                    
                 }
                 if (trail2 == null) {
                     return -1;

