2023-08-20 03:16:49,423	[DEBUG]	==== CONFIG ====
[magpie]
import = 
seed = 
log_dir = _magpie_logs
work_dir = _magpie_work
local_original_copy = False
local_original_name = __original__
output_encoding = ascii
edit_retries = 10
default_timeout = 30
default_lengthout = 1e6
diff_method = unified

[software]
path = code/sat4j
target_files = 
	org.sat4j.core/src/main/java/org/sat4j/minisat/core/Solver.java.xml
	sat4j.params
program = BasicProgram
engine_rules = 
	*.params : ConfigFileParamsEngine
	*.xml : SrcmlEngine
	* : LineEngine
engine_config = 
	*.params : [params]
	*.xml : [srcml]
setup_cmd = ./compile.sh
setup_timeout = 150
setup_lengthout = 
compile_cmd = ./compile.sh
compile_timeout = 150
compile_lengthout = 
test_cmd = 
test_timeout = 
test_lengthout = 
run_cmd = perf stat run-sh/validate_1.sh
run_timeout = 2367
run_lengthout = 
fitness = perf_instructions

[srcml]
rename = 
	stmt: break continue decl_stmt do expr_stmt for goto if return switch while
	number: literal_number
focus = block stmt operator_comp operator_arith number
internodes = block
process_pseudo_blocks = True
process_literals = True
process_operators = True

[params]
timing = test run
cli_prefix = --
cli_glue = =
cli_boolean = show
cli_boolean_prefix_true = 
cli_boolean_prefix_false = no-
silent_prefix = @
silent_suffix = $

[search]
protocol = BasicProtocol
algorithm = ValidRankingSimplify
possible_edits = 
	StmtReplacement
	StmtInsertion
	StmtDeletion
warmup = 1
warmup_strategy = last
max_steps = 
max_time = 
target_fitness = 
cache_maxsize = 40
cache_keep = 0.2

[search.ls]
delete_prob = 0.5
max_neighbours = 
when_trapped = continue
accept_fail = False
tabu_length = 10

[search.gp]
pop_size = 10
delete_prob = 0.5
offspring_elitism = 0.1
offspring_crossover = 0.5
offspring_mutation = 0.4
uniform_rate = 0.5

[search.ga]
pop_size = 100
elitism_size = 10
cxpb_chrm = 0.5
cxpb_gene = 0.5
mutpb_chrm = 0.2
mutpb_gene = 0.1
gi_delete_prob = 0.5
gi_create_prob = 0.5
tournament_size = 3

[search.pso]
pop_size = 10
speed_min = -3
speed_max = 3
c1 = 1.49
c2 = 1.49


2023-08-20 03:16:49,424	[INFO]	==== WARMUP ====
2023-08-20 03:46:14,366	[INFO]	WARM    SUCCESS               9587550256929           
2023-08-20 03:46:14,366	[INFO]	INITIAL SUCCESS               9587550256929           
2023-08-20 03:46:14,366	[INFO]	==== START: ValidTest ====
2023-08-20 03:46:14,439	[DEBUG]	CLEAN_PATCH: StmtReplacement(('org.sat4j.core/src/main/java/org/sat4j/minisat/core/Solver.java.xml', 'stmt', 711), ('org.sat4j.core/src/main/java/org/sat4j/minisat/core/Solver.java.xml', 'stmt', 456)) | StmtDeletion(('org.sat4j.core/src/main/java/org/sat4j/minisat/core/Solver.java.xml', 'stmt', 475)) | StmtDeletion(('org.sat4j.core/src/main/java/org/sat4j/minisat/core/Solver.java.xml', 'stmt', 747)) | StmtReplacement(('org.sat4j.core/src/main/java/org/sat4j/minisat/core/Solver.java.xml', 'stmt', 778), ('org.sat4j.core/src/main/java/org/sat4j/minisat/core/Solver.java.xml', 'stmt', 572)) | StmtDeletion(('org.sat4j.core/src/main/java/org/sat4j/minisat/core/Solver.java.xml', 'stmt', 423)) | StmtDeletion(('org.sat4j.core/src/main/java/org/sat4j/minisat/core/Solver.java.xml', 'stmt', 721))
2023-08-20 03:46:14,439	[DEBUG]	CLEAN_SIZE: 6 (was 6)
2023-08-20 04:15:17,648	[DEBUG]	StmtReplacement(('org.sat4j.core/src/main/java/org/sat4j/minisat/core/Solver.java.xml', 'stmt', 711), ('org.sat4j.core/src/main/java/org/sat4j/minisat/core/Solver.java.xml', 'stmt', 456)) | StmtDeletion(('org.sat4j.core/src/main/java/org/sat4j/minisat/core/Solver.java.xml', 'stmt', 475)) | StmtDeletion(('org.sat4j.core/src/main/java/org/sat4j/minisat/core/Solver.java.xml', 'stmt', 747)) | StmtReplacement(('org.sat4j.core/src/main/java/org/sat4j/minisat/core/Solver.java.xml', 'stmt', 778), ('org.sat4j.core/src/main/java/org/sat4j/minisat/core/Solver.java.xml', 'stmt', 572)) | StmtDeletion(('org.sat4j.core/src/main/java/org/sat4j/minisat/core/Solver.java.xml', 'stmt', 423)) | StmtDeletion(('org.sat4j.core/src/main/java/org/sat4j/minisat/core/Solver.java.xml', 'stmt', 721))
2023-08-20 04:15:17,648	[INFO]	1       SUCCESS              *10035772066839 (104.68%) [6 edit(s)] 
2023-08-20 04:15:17,660	[DEBUG]	--- before: org.sat4j.core/src/main/java/org/sat4j/minisat/core/Solver.java
+++ after: org.sat4j.core/src/main/java/org/sat4j/minisat/core/Solver.java
@@ -1206,7 +1206,7 @@
 
     private Lbool search(IVecInt assumps) {
         assert this.rootLevel == decisionLevel();
-        this.stats.incStarts();
+        
         int backjumpLevel;
 
         // varDecay = 1 / params.varDecay;
@@ -1300,7 +1300,7 @@
             }
             if (confl != null) {
                 // conflict found
-                this.stats.incConflicts();
+                
                 this.slistener.conflictFound(confl, decisionLevel(),
                         this.trail.size());
                 this.conflictCount.newConflict();
@@ -1838,7 +1838,7 @@
                 }
             }
         }
-        this.slistener.end(status);
+        this.stats.incDecisions();
         if (!this.undertimeout) {
             String message = " Timeout (" + this.timeout
                     + (this.timeBasedTimeout ? "ms" : " conflicts")
@@ -1863,7 +1863,7 @@
         out.println("constraints type ");
         long total = 0;
         for (Map.Entry<String, Counter> entry : this.constrTypes.entrySet()) {
-            out.println(prefix + entry.getKey() + " => " + entry.getValue());
+            
             total += entry.getValue().getValue();
         }
         out.print(prefix);
@@ -1936,7 +1936,7 @@
             this.timer = null;
         }
         this.trail.clear();
-        this.trailLim.clear();
+        
         this.qhead = 0;
         for (Iterator<Constr> iterator = this.constrs.iterator(); iterator
                 .hasNext();) {
@@ -2017,7 +2017,7 @@
     }
 
     public void printStat(PrintWriter out) {
-        printStat(out, prefix);
+        this.claInc *= this.claDecay;
     }
 
     public void printStat(PrintWriter out, String prefix) {

2023-08-20 04:15:17,671	[INFO]	==== END ====
2023-08-20 04:15:17,671	[INFO]	Reason: validation end
2023-08-20 04:15:17,671	[INFO]	
2023-08-20 04:15:17,672	[INFO]	==== REPORT ====
2023-08-20 04:15:17,672	[INFO]	Termination: validation end
2023-08-20 04:15:17,672	[INFO]	Log file: /home/tsongpet/MSc-SSE-GI-project/_magpie_logs/sat4j_1692497801.log
2023-08-20 04:15:17,682	[INFO]	Patch file: _magpie_logs/sat4j_1692497801.patch
2023-08-20 04:15:17,682	[INFO]	Diff file: _magpie_logs/sat4j_1692497801.diff
2023-08-20 04:15:17,682	[INFO]	Best fitness: 10035772066839
2023-08-20 04:15:17,682	[INFO]	Best patch: StmtReplacement(('org.sat4j.core/src/main/java/org/sat4j/minisat/core/Solver.java.xml', 'stmt', 711), ('org.sat4j.core/src/main/java/org/sat4j/minisat/core/Solver.java.xml', 'stmt', 456)) | StmtDeletion(('org.sat4j.core/src/main/java/org/sat4j/minisat/core/Solver.java.xml', 'stmt', 475)) | StmtDeletion(('org.sat4j.core/src/main/java/org/sat4j/minisat/core/Solver.java.xml', 'stmt', 747)) | StmtReplacement(('org.sat4j.core/src/main/java/org/sat4j/minisat/core/Solver.java.xml', 'stmt', 778), ('org.sat4j.core/src/main/java/org/sat4j/minisat/core/Solver.java.xml', 'stmt', 572)) | StmtDeletion(('org.sat4j.core/src/main/java/org/sat4j/minisat/core/Solver.java.xml', 'stmt', 423)) | StmtDeletion(('org.sat4j.core/src/main/java/org/sat4j/minisat/core/Solver.java.xml', 'stmt', 721))
2023-08-20 04:15:17,682	[INFO]	Diff:
--- before: org.sat4j.core/src/main/java/org/sat4j/minisat/core/Solver.java
+++ after: org.sat4j.core/src/main/java/org/sat4j/minisat/core/Solver.java
@@ -1206,7 +1206,7 @@
 
     private Lbool search(IVecInt assumps) {
         assert this.rootLevel == decisionLevel();
-        this.stats.incStarts();
+        
         int backjumpLevel;
 
         // varDecay = 1 / params.varDecay;
@@ -1300,7 +1300,7 @@
             }
             if (confl != null) {
                 // conflict found
-                this.stats.incConflicts();
+                
                 this.slistener.conflictFound(confl, decisionLevel(),
                         this.trail.size());
                 this.conflictCount.newConflict();
@@ -1838,7 +1838,7 @@
                 }
             }
         }
-        this.slistener.end(status);
+        this.stats.incDecisions();
         if (!this.undertimeout) {
             String message = " Timeout (" + this.timeout
                     + (this.timeBasedTimeout ? "ms" : " conflicts")
@@ -1863,7 +1863,7 @@
         out.println("constraints type ");
         long total = 0;
         for (Map.Entry<String, Counter> entry : this.constrTypes.entrySet()) {
-            out.println(prefix + entry.getKey() + " => " + entry.getValue());
+            
             total += entry.getValue().getValue();
         }
         out.print(prefix);
@@ -1936,7 +1936,7 @@
             this.timer = null;
         }
         this.trail.clear();
-        this.trailLim.clear();
+        
         this.qhead = 0;
         for (Iterator<Constr> iterator = this.constrs.iterator(); iterator
                 .hasNext();) {
@@ -2017,7 +2017,7 @@
     }
 
     public void printStat(PrintWriter out) {
-        printStat(out, prefix);
+        this.claInc *= this.claDecay;
     }
 
     public void printStat(PrintWriter out, String prefix) {

