2023-08-20 00:12:46,224	[DEBUG]	==== CONFIG ====
[magpie]
import = 
seed = 
log_dir = _magpie_logs
work_dir = _magpie_work
local_original_copy = False
local_original_name = __original__
output_encoding = ascii
edit_retries = 10
default_timeout = 30
default_lengthout = 1e6
diff_method = unified

[software]
path = code/sat4j
target_files = 
	org.sat4j.core/src/main/java/org/sat4j/minisat/core/Solver.java.xml
	sat4j.params
program = BasicProgram
engine_rules = 
	*.params : ConfigFileParamsEngine
	*.xml : SrcmlEngine
	* : LineEngine
engine_config = 
	*.params : [params]
	*.xml : [srcml]
setup_cmd = ./compile.sh
setup_timeout = 150
setup_lengthout = 
compile_cmd = ./compile.sh
compile_timeout = 150
compile_lengthout = 
test_cmd = 
test_timeout = 
test_lengthout = 
run_cmd = perf stat run-sh/validate_8.sh
run_timeout = 2302
run_lengthout = 
fitness = perf_instructions

[srcml]
rename = 
	stmt: break continue decl_stmt do expr_stmt for goto if return switch while
	number: literal_number
focus = block stmt operator_comp operator_arith number
internodes = block
process_pseudo_blocks = True
process_literals = True
process_operators = True

[params]
timing = test run
cli_prefix = --
cli_glue = =
cli_boolean = show
cli_boolean_prefix_true = 
cli_boolean_prefix_false = no-
silent_prefix = @
silent_suffix = $

[search]
protocol = BasicProtocol
algorithm = ValidRankingSimplify
possible_edits = 
	ParamSetting
warmup = 1
warmup_strategy = last
max_steps = 
max_time = 
target_fitness = 
cache_maxsize = 40
cache_keep = 0.2

[search.ls]
delete_prob = 0.5
max_neighbours = 
when_trapped = continue
accept_fail = False
tabu_length = 10

[search.gp]
pop_size = 10
delete_prob = 0.5
offspring_elitism = 0.1
offspring_crossover = 0.5
offspring_mutation = 0.4
uniform_rate = 0.5

[search.ga]
pop_size = 100
elitism_size = 10
cxpb_chrm = 0.5
cxpb_gene = 0.5
mutpb_chrm = 0.2
mutpb_gene = 0.1
gi_delete_prob = 0.5
gi_create_prob = 0.5
tournament_size = 3

[search.pso]
pop_size = 10
speed_min = -3
speed_max = 3
c1 = 1.49
c2 = 1.49


2023-08-20 00:12:46,227	[INFO]	==== WARMUP ====
2023-08-20 00:40:15,823	[INFO]	WARM    SUCCESS               9422545891051           
2023-08-20 00:40:15,823	[INFO]	INITIAL SUCCESS               9422545891051           
2023-08-20 00:40:15,823	[INFO]	==== START: ValidTest ====
2023-08-20 00:40:15,879	[DEBUG]	CLEAN_PATCH: ParamSetting(('sat4j.params', 'RESTARTS'), 'LubyRestarts') | ParamSetting(('sat4j.params', 'PHASE'), 'NegativeLiteralSelectionStrategy') | ParamSetting(('sat4j.params', 'VARDECAY'), 0.9552671928036077) | ParamSetting(('sat4j.params', 'LUBYFACTOR'), 38) | ParamSetting(('sat4j.params', 'CLADECAY'), 0.36552669924978987)
2023-08-20 00:40:15,879	[DEBUG]	CLEAN_SIZE: 5 (was 9)
2023-08-20 01:09:16,902	[DEBUG]	ParamSetting(('sat4j.params', 'RESTARTS'), 'LubyRestarts') | ParamSetting(('sat4j.params', 'PHASE'), 'NegativeLiteralSelectionStrategy') | ParamSetting(('sat4j.params', 'VARDECAY'), 0.9552671928036077) | ParamSetting(('sat4j.params', 'LUBYFACTOR'), 38) | ParamSetting(('sat4j.params', 'CLADECAY'), 0.36552669924978987)
2023-08-20 01:09:16,902	[INFO]	1       SUCCESS              *10172250496260 (107.96%) [5 edit(s)] 
2023-08-20 01:09:16,909	[DEBUG]	--- before: sat4j.params
+++ after: sat4j.params
@@ -1,6 +1,7 @@
-RESTARTS := 'Glucose21Restarts'
-PHASE := 'RSATPhaseSelectionStrategy'
-CLADECAY := 0.999
-VARDECAY := 0.95
+RESTARTS := 'LubyRestarts'
+LUBYFACTOR := 38
+PHASE := 'NegativeLiteralSelectionStrategy'
+CLADECAY := 0.36552669924978987
+VARDECAY := 0.9552671928036077
 SIMP := 'EXPENSIVE_SIMPLIFICATION'
 CLEANING := 'LBD2'

2023-08-20 01:09:16,914	[INFO]	==== END ====
2023-08-20 01:09:16,914	[INFO]	Reason: validation end
2023-08-20 01:09:16,914	[INFO]	
2023-08-20 01:09:16,914	[INFO]	==== REPORT ====
2023-08-20 01:09:16,914	[INFO]	Termination: validation end
2023-08-20 01:09:16,914	[INFO]	Log file: /home/tsongpet/MSc-SSE-GI-project/_magpie_logs/sat4j_1692486754.log
2023-08-20 01:09:16,919	[INFO]	Patch file: _magpie_logs/sat4j_1692486754.patch
2023-08-20 01:09:16,919	[INFO]	Diff file: _magpie_logs/sat4j_1692486754.diff
2023-08-20 01:09:16,919	[INFO]	Best fitness: 10172250496260
2023-08-20 01:09:16,919	[INFO]	Best patch: ParamSetting(('sat4j.params', 'RESTARTS'), 'LubyRestarts') | ParamSetting(('sat4j.params', 'PHASE'), 'NegativeLiteralSelectionStrategy') | ParamSetting(('sat4j.params', 'VARDECAY'), 0.9552671928036077) | ParamSetting(('sat4j.params', 'LUBYFACTOR'), 38) | ParamSetting(('sat4j.params', 'CLADECAY'), 0.36552669924978987)
2023-08-20 01:09:16,919	[INFO]	Diff:
--- before: sat4j.params
+++ after: sat4j.params
@@ -1,6 +1,7 @@
-RESTARTS := 'Glucose21Restarts'
-PHASE := 'RSATPhaseSelectionStrategy'
-CLADECAY := 0.999
-VARDECAY := 0.95
+RESTARTS := 'LubyRestarts'
+LUBYFACTOR := 38
+PHASE := 'NegativeLiteralSelectionStrategy'
+CLADECAY := 0.36552669924978987
+VARDECAY := 0.9552671928036077
 SIMP := 'EXPENSIVE_SIMPLIFICATION'
 CLEANING := 'LBD2'

