2023-08-24 01:42:34,682	[DEBUG]	==== CONFIG ====
[magpie]
import = 
seed = 
log_dir = _magpie_logs
work_dir = _magpie_work
local_original_copy = False
local_original_name = __original__
output_encoding = ascii
edit_retries = 10
default_timeout = 30
default_lengthout = 1e6
diff_method = unified

[software]
path = code/sat4j
target_files = 
	org.sat4j.core/src/main/java/org/sat4j/minisat/core/Solver.java.xml
	sat4j.params
program = BasicProgram
engine_rules = 
	*.params : ConfigFileParamsEngine
	*.xml : SrcmlEngine
	* : LineEngine
engine_config = 
	*.params : [params]
	*.xml : [srcml]
setup_cmd = ./compile.sh
setup_timeout = 150
setup_lengthout = 
compile_cmd = ./compile.sh
compile_timeout = 150
compile_lengthout = 
test_cmd = 
test_timeout = 
test_lengthout = 
run_cmd = perf stat run-sh/train_1.sh
run_timeout = 82
run_lengthout = 
fitness = perf_instructions

[srcml]
rename = 
	stmt: break continue decl_stmt do expr_stmt for goto if return switch while
	number: literal_number
focus = block stmt operator_comp operator_arith number
internodes = block
process_pseudo_blocks = True
process_literals = True
process_operators = True

[params]
timing = test run
cli_prefix = --
cli_glue = =
cli_boolean = show
cli_boolean_prefix_true = 
cli_boolean_prefix_false = no-
silent_prefix = @
silent_suffix = $

[search]
protocol = BasicProtocol
algorithm = GeneticAlgorithm
possible_edits = 
	StmtReplacement
	StmtInsertion
	StmtDeletion
	ParamSetting
warmup = 1
warmup_strategy = last
max_steps = 
max_time = 17720
target_fitness = 
cache_maxsize = 40
cache_keep = 0.2

[search.ls]
delete_prob = 0.5
max_neighbours = 
when_trapped = continue
accept_fail = False
tabu_length = 10

[search.gp]
pop_size = 10
delete_prob = 0.5
offspring_elitism = 0.1
offspring_crossover = 0.5
offspring_mutation = 0.4
uniform_rate = 0.5

[search.ga]
pop_size = 10
elitism_size = 2
cxpb_chrm = 0.5
cxpb_gene = 0.5
mutpb_chrm = 0.2
mutpb_gene = 0.1
gi_delete_prob = 0.5
gi_create_prob = 0.5
tournament_size = 3

[search.pso]
pop_size = 10
speed_min = -3
speed_max = 3
c1 = 1.49
c2 = 1.49


2023-08-24 01:42:34,684	[INFO]	==== WARMUP ====
2023-08-24 01:45:00,053	[INFO]	WARM    RUN_TIMEOUT           None                    
2023-08-24 01:45:01,018	[INFO]	!*!*!*!*!*!*!*!*!*!*!*!*!*!*!*!*!*!*!*!*!*!*!*!*!*!*!*!*!*!*!*!*!*!*!*!*!*!*!*!*
2023-08-24 01:45:01,018	[INFO]	CWD: /home/tsongpet/MSc-SSE-GI-project/_magpie_work/sat4j_1692837681/sat4j
2023-08-24 01:45:01,018	[INFO]	CMD: ['perf', 'stat', 'run-sh/train_1.sh', '-s', 'Default', '-S', 'RESTARTS=Glucose21Restarts,PHASE=RSATPhaseSelectionStrategy,SIMP=EXPENSIVE_SIMPLIFICATION,CLEANING=LBD2,PARAMS=SearchParams/claDecay:0.999/varDecay:0.95']
2023-08-24 01:45:01,018	[INFO]	STATUS: TIMEOUT
2023-08-24 01:45:01,019	[INFO]	RETURN_CODE: -9
2023-08-24 01:45:01,019	[INFO]	RUNTIME: 82.08305883407593
2023-08-24 01:45:01,019	[INFO]	STDOUT:

2023-08-24 01:45:01,019	[INFO]	STDERR:

2023-08-24 01:45:01,019	[INFO]	!*!*!*!*!*!*!*!*!*!*!*!*!*!*!*!*!*!*!*!*!*!*!*!*!*!*!*!*!*!*!*!*!*!*!*!*!*!*!*!*
2023-08-24 01:45:01,019	[INFO]	Magpie stopped because it was unable to run the (unmodified) target software
2023-08-24 01:45:01,019	[INFO]	Self-diagnostic:
2023-08-24 01:45:01,019	[INFO]	The "run_cmd" command took too long to run
2023-08-24 01:45:01,019	[INFO]	--> consider increasing "run_timeout"
2023-08-24 01:45:01,019	[INFO]	!*!*!*!*!*!*!*!*!*!*!*!*!*!*!*!*!*!*!*!*!*!*!*!*!*!*!*!*!*!*!*!*!*!*!*!*!*!*!*!*
2023-08-24 01:45:01,019	[INFO]	==== END ====
2023-08-24 01:45:01,019	[INFO]	Reason: None
