2023-08-27 16:09:03,068	[DEBUG]	==== CONFIG ====
[magpie]
import = 
seed = 
log_dir = _magpie_logs
work_dir = _magpie_work
local_original_copy = False
local_original_name = __original__
output_encoding = ascii
edit_retries = 10
default_timeout = 30
default_lengthout = 1e6
diff_method = unified

[software]
path = code/sat4j
target_files = 
	org.sat4j.core/src/main/java/org/sat4j/minisat/core/Solver.java.xml
	sat4j.params
program = BasicProgram
engine_rules = 
	*.params : ConfigFileParamsEngine
	*.xml : SrcmlEngine
	* : LineEngine
engine_config = 
	*.params : [params]
	*.xml : [srcml]
setup_cmd = ./compile.sh
setup_timeout = 150
setup_lengthout = 
compile_cmd = ./compile.sh
compile_timeout = 150
compile_lengthout = 
test_cmd = 
test_timeout = 
test_lengthout = 
run_cmd = perf stat run-sh/test_10.sh
run_timeout = 11673
run_lengthout = 
fitness = perf_instructions

[srcml]
rename = 
	stmt: break continue decl_stmt do expr_stmt for goto if return switch while
	number: literal_number
focus = block stmt operator_comp operator_arith number
internodes = block
process_pseudo_blocks = True
process_literals = True
process_operators = True

[params]
timing = test run
cli_prefix = --
cli_glue = =
cli_boolean = show
cli_boolean_prefix_true = 
cli_boolean_prefix_false = no-
silent_prefix = @
silent_suffix = $

[search]
protocol = BasicProtocol
algorithm = ValidTest
possible_edits = 
	StmtReplacement
	StmtInsertion
	StmtDeletion
warmup = 1
warmup_strategy = last
max_steps = 
max_time = 
target_fitness = 
cache_maxsize = 40
cache_keep = 0.2

[search.ls]
delete_prob = 0.5
max_neighbours = 
when_trapped = continue
accept_fail = False
tabu_length = 10

[search.gp]
pop_size = 10
delete_prob = 0.5
offspring_elitism = 0.1
offspring_crossover = 0.5
offspring_mutation = 0.4
uniform_rate = 0.5

[search.ga]
pop_size = 10
elitism_size = 2
cxpb_chrm = 0.5
cxpb_gene = 0.5
mutpb_chrm = 0.2
mutpb_gene = 0.1
gi_delete_prob = 0.5
gi_create_prob = 0.5
tournament_size = 3

[search.pso]
pop_size = 10
speed_min = -3
speed_max = 3
c1 = 1.49
c2 = 1.49


2023-08-27 16:09:03,069	[INFO]	==== WARMUP ====
2023-08-27 19:09:58,202	[INFO]	WARM    SUCCESS               50207853275180          
2023-08-27 19:09:58,278	[INFO]	INITIAL SUCCESS               50207853275180          
2023-08-27 19:09:58,278	[INFO]	==== START: ValidTest ====
2023-08-27 19:09:58,303	[DEBUG]	CLEAN_PATCH: StmtInsertion(('org.sat4j.core/src/main/java/org/sat4j/minisat/core/Solver.java.xml', '_inter_block', 1555), ('org.sat4j.core/src/main/java/org/sat4j/minisat/core/Solver.java.xml', 'stmt', 687)) | StmtReplacement(('org.sat4j.core/src/main/java/org/sat4j/minisat/core/Solver.java.xml', 'stmt', 472), ('org.sat4j.core/src/main/java/org/sat4j/minisat/core/Solver.java.xml', 'stmt', 833))
2023-08-27 19:09:58,303	[DEBUG]	CLEAN_SIZE: 2 (was 2)
2023-08-27 22:06:32,035	[DEBUG]	StmtInsertion(('org.sat4j.core/src/main/java/org/sat4j/minisat/core/Solver.java.xml', '_inter_block', 1555), ('org.sat4j.core/src/main/java/org/sat4j/minisat/core/Solver.java.xml', 'stmt', 687)) | StmtReplacement(('org.sat4j.core/src/main/java/org/sat4j/minisat/core/Solver.java.xml', 'stmt', 472), ('org.sat4j.core/src/main/java/org/sat4j/minisat/core/Solver.java.xml', 'stmt', 833))
2023-08-27 22:06:32,429	[INFO]	1       SUCCESS              *50328070257883 (100.24%) [2 edit(s)] 
2023-08-27 22:06:32,646	[DEBUG]	--- before: org.sat4j.core/src/main/java/org/sat4j/minisat/core/Solver.java
+++ after: org.sat4j.core/src/main/java/org/sat4j/minisat/core/Solver.java
@@ -1293,7 +1293,7 @@
                             assert ret;
                         }
                     } else {
-                        confl = this.sharedConflict;
+                        IVecInt clause = new VecInt(decisions.size());
                         this.sharedConflict = null;
                     }
                 }
@@ -2470,6 +2470,7 @@
                 .createUnregisteredCardinalityConstraint(copy,
                         literals.length - degree);
         this.sharedConflict.register();
+        this.undertimeout = true;
         addConstr(this.sharedConflict);
         return this.sharedConflict;
     }

2023-08-27 22:06:32,654	[INFO]	==== END ====
2023-08-27 22:06:32,654	[INFO]	Reason: validation end
2023-08-27 22:06:32,654	[INFO]	
2023-08-27 22:06:32,655	[INFO]	==== REPORT ====
2023-08-27 22:06:32,655	[INFO]	Termination: validation end
2023-08-27 22:06:32,655	[INFO]	Log file: /home/tsongpet/MSc-SSE-GI-project/_magpie_logs/sat4j_1693148936.log
2023-08-27 22:06:32,663	[INFO]	Patch file: _magpie_logs/sat4j_1693148936.patch
2023-08-27 22:06:32,664	[INFO]	Diff file: _magpie_logs/sat4j_1693148936.diff
2023-08-27 22:06:32,664	[INFO]	Best fitness: 50328070257883
2023-08-27 22:06:32,664	[INFO]	Best patch: StmtInsertion(('org.sat4j.core/src/main/java/org/sat4j/minisat/core/Solver.java.xml', '_inter_block', 1555), ('org.sat4j.core/src/main/java/org/sat4j/minisat/core/Solver.java.xml', 'stmt', 687)) | StmtReplacement(('org.sat4j.core/src/main/java/org/sat4j/minisat/core/Solver.java.xml', 'stmt', 472), ('org.sat4j.core/src/main/java/org/sat4j/minisat/core/Solver.java.xml', 'stmt', 833))
2023-08-27 22:06:32,664	[INFO]	Diff:
--- before: org.sat4j.core/src/main/java/org/sat4j/minisat/core/Solver.java
+++ after: org.sat4j.core/src/main/java/org/sat4j/minisat/core/Solver.java
@@ -1293,7 +1293,7 @@
                             assert ret;
                         }
                     } else {
-                        confl = this.sharedConflict;
+                        IVecInt clause = new VecInt(decisions.size());
                         this.sharedConflict = null;
                     }
                 }
@@ -2470,6 +2470,7 @@
                 .createUnregisteredCardinalityConstraint(copy,
                         literals.length - degree);
         this.sharedConflict.register();
+        this.undertimeout = true;
         addConstr(this.sharedConflict);
         return this.sharedConflict;
     }

