2023-06-21 10:47:53,501	[DEBUG]	==== CONFIG ====
[magpie]
import = 
seed = 
log_dir = _magpie_logs
work_dir = _magpie_work
local_original_copy = False
local_original_name = __original__
output_encoding = ascii
edit_retries = 10
default_timeout = 30
default_lengthout = 10000.0
diff_method = unified

[software]
path = examples/code/triangle-c_slow
target_files = 
	triangle.c.xml
program = BasicProgram
engine_rules = 
	*.params : ConfigFileParamsEngine
	*.xml : SrcmlEngine
	* : LineEngine
engine_config = 
	*.params : [params]
	*.xml : [srcml]
setup_cmd = 
setup_timeout = 
setup_lengthout = 
compile_cmd = make test_triangle run_triangle
compile_timeout = 
compile_lengthout = 
test_cmd = ./test_triangle
test_timeout = 
test_lengthout = 
run_cmd = ./run_triangle
run_timeout = 1
run_lengthout = 
fitness = time

[srcml]
rename = 
	stmt: break continue decl_stmt do expr_stmt for goto if return switch while
	number: literal_number
focus = block stmt operator_comp operator_arith number
internodes = block
process_pseudo_blocks = True
process_literals = True
process_operators = True

[params]
timing = test run
cli_prefix = --
cli_glue = =
cli_boolean = show
cli_boolean_prefix_true = 
cli_boolean_prefix_false = no-
silent_prefix = @
silent_suffix = $

[search]
protocol = BasicProtocol
algorithm = FirstImprovement
possible_edits = 
	StmtReplacement
	StmtInsertion
	StmtDeletion
warmup = 3
warmup_strategy = last
max_steps = 100
max_time = 60
target_fitness = 
cache_maxsize = 40
cache_keep = 0.2

[search.ls]
delete_prob = 0.5
max_neighbours = 
when_trapped = continue
accept_fail = False
tabu_length = 10

[search.gp]
pop_size = 10
delete_prob = 0.5
offspring_elitism = 0.1
offspring_crossover = 0.5
offspring_mutation = 0.4
uniform_rate = 0.5


2023-06-21 10:47:53,501	[INFO]	==== WARMUP ====
2023-06-21 10:47:55,293	[INFO]	WARM    SUCCESS               0.0875                  
2023-06-21 10:47:55,605	[INFO]	WARM    SUCCESS               0.0878                  
2023-06-21 10:47:55,906	[INFO]	WARM    SUCCESS               0.0864                  
2023-06-21 10:47:55,906	[INFO]	INITIAL SUCCESS               0.0864                  
2023-06-21 10:47:55,907	[INFO]	==== START: FirstImprovement ====
2023-06-21 10:47:56,109	[DEBUG]	StmtInsertion(('triangle.c.xml', '_inter_block', 19), ('triangle.c.xml', 'stmt', 12))
2023-06-21 10:47:56,110	[INFO]	1       TEST_CODE_ERROR       None  [1 edit(s)]       
2023-06-21 10:47:56,140	[DEBUG]	StmtReplacement(('triangle.c.xml', 'stmt', 2), ('triangle.c.xml', 'stmt', 14))
2023-06-21 10:47:56,140	[INFO]	2       COMPILE_CODE_ERROR    None  [1 edit(s)]       
2023-06-21 10:47:56,341	[DEBUG]	StmtDeletion(('triangle.c.xml', 'stmt', 9))
2023-06-21 10:47:56,341	[INFO]	3       TEST_CODE_ERROR       None  [1 edit(s)]       
2023-06-21 10:47:56,533	[DEBUG]	StmtDeletion(('triangle.c.xml', 'stmt', 17))
2023-06-21 10:47:56,534	[INFO]	4       TEST_CODE_ERROR       None  [1 edit(s)]       
2023-06-21 10:47:56,535	[DEBUG]	StmtReplacement(('triangle.c.xml', 'stmt', 18), ('triangle.c.xml', 'stmt', 18))
2023-06-21 10:47:56,535	[INFO]	5       SUCCESS              +0.0864 (100.0%) [1 edit(s)] 
2023-06-21 10:47:56,536	[DEBUG]	
2023-06-21 10:47:56,746	[DEBUG]	StmtReplacement(('triangle.c.xml', 'stmt', 18), ('triangle.c.xml', 'stmt', 18)) | StmtDeletion(('triangle.c.xml', 'stmt', 10))
2023-06-21 10:47:56,747	[INFO]	6       TEST_CODE_ERROR       None  [2 edit(s)]       
2023-06-21 10:47:56,748	[DEBUG]	
2023-06-21 10:47:56,748	[INFO]	7       SUCCESS              +0.0864 (100.0%) [0 edit(s)] 
2023-06-21 10:47:56,749	[DEBUG]	
2023-06-21 10:47:56,788	[DEBUG]	StmtReplacement(('triangle.c.xml', 'stmt', 0), ('triangle.c.xml', 'stmt', 15))
2023-06-21 10:47:56,788	[INFO]	8       COMPILE_CODE_ERROR    None  [1 edit(s)]       
2023-06-21 10:47:56,827	[DEBUG]	StmtInsertion(('triangle.c.xml', '_inter_block', 7), ('triangle.c.xml', 'stmt', 5))
2023-06-21 10:47:56,827	[INFO]	9       COMPILE_CODE_ERROR    None  [1 edit(s)]       
2023-06-21 10:47:57,047	[DEBUG]	StmtInsertion(('triangle.c.xml', '_inter_block', 21), ('triangle.c.xml', 'stmt', 14))
2023-06-21 10:47:57,047	[INFO]	10      TEST_CODE_ERROR       None  [1 edit(s)]       
2023-06-21 10:47:57,267	[DEBUG]	StmtDeletion(('triangle.c.xml', 'stmt', 7))
2023-06-21 10:47:57,267	[INFO]	11      TEST_CODE_ERROR       None  [1 edit(s)]       
2023-06-21 10:47:57,478	[DEBUG]	StmtDeletion(('triangle.c.xml', 'stmt', 15))
2023-06-21 10:47:57,478	[INFO]	12      TEST_CODE_ERROR       None  [1 edit(s)]       
2023-06-21 10:47:57,689	[DEBUG]	StmtDeletion(('triangle.c.xml', 'stmt', 19))
2023-06-21 10:47:57,690	[INFO]	13      TEST_CODE_ERROR       None  [1 edit(s)]       
2023-06-21 10:47:57,691	[DEBUG]	StmtDeletion(('triangle.c.xml', 'stmt', 19))
2023-06-21 10:47:57,691	[INFO]	14      TEST_CODE_ERROR       None  [1 edit(s)]       
2023-06-21 10:47:57,910	[DEBUG]	StmtReplacement(('triangle.c.xml', 'stmt', 9), ('triangle.c.xml', 'stmt', 15))
2023-06-21 10:47:57,910	[INFO]	15      TEST_CODE_ERROR       None  [1 edit(s)]       
2023-06-21 10:47:58,133	[DEBUG]	StmtReplacement(('triangle.c.xml', 'stmt', 17), ('triangle.c.xml', 'stmt', 20))
2023-06-21 10:47:58,133	[INFO]	16      TEST_CODE_ERROR       None  [1 edit(s)]       
2023-06-21 10:47:58,345	[DEBUG]	StmtInsertion(('triangle.c.xml', '_inter_block', 16), ('triangle.c.xml', 'stmt', 17))
2023-06-21 10:47:58,346	[INFO]	17      TEST_CODE_ERROR       None  [1 edit(s)]       
2023-06-21 10:47:58,557	[DEBUG]	StmtDeletion(('triangle.c.xml', 'stmt', 6))
2023-06-21 10:47:58,557	[INFO]	18      TEST_CODE_ERROR       None  [1 edit(s)]       
2023-06-21 10:47:58,782	[DEBUG]	StmtInsertion(('triangle.c.xml', '_inter_block', 21), ('triangle.c.xml', 'stmt', 19))
2023-06-21 10:47:58,783	[INFO]	19      TEST_CODE_ERROR       None  [1 edit(s)]       
2023-06-21 10:47:59,001	[DEBUG]	StmtReplacement(('triangle.c.xml', 'stmt', 10), ('triangle.c.xml', 'stmt', 0))
2023-06-21 10:47:59,002	[INFO]	20      TEST_CODE_ERROR       None  [1 edit(s)]       
2023-06-21 10:47:59,003	[DEBUG]	StmtDeletion(('triangle.c.xml', 'stmt', 19))
2023-06-21 10:47:59,003	[INFO]	21      TEST_CODE_ERROR       None  [1 edit(s)]       
2023-06-21 10:47:59,215	[DEBUG]	StmtReplacement(('triangle.c.xml', 'stmt', 5), ('triangle.c.xml', 'stmt', 17))
2023-06-21 10:47:59,215	[INFO]	22      TEST_CODE_ERROR       None  [1 edit(s)]       
2023-06-21 10:47:59,522	[DEBUG]	StmtInsertion(('triangle.c.xml', '_inter_block', 18), ('triangle.c.xml', 'stmt', 16))
2023-06-21 10:47:59,523	[INFO]	23      SUCCESS               0.0879 (101.74%) [1 edit(s)] 
2023-06-21 10:47:59,853	[DEBUG]	StmtReplacement(('triangle.c.xml', 'stmt', 6), ('triangle.c.xml', 'stmt', 4))
2023-06-21 10:47:59,853	[INFO]	24      SUCCESS               0.0923 (106.83%) [1 edit(s)] 
2023-06-21 10:47:59,892	[DEBUG]	StmtDeletion(('triangle.c.xml', 'stmt', 2))
2023-06-21 10:47:59,892	[INFO]	25      COMPILE_CODE_ERROR    None  [1 edit(s)]       
2023-06-21 10:48:00,107	[DEBUG]	StmtDeletion(('triangle.c.xml', 'stmt', 16))
2023-06-21 10:48:00,108	[INFO]	26      TEST_CODE_ERROR       None  [1 edit(s)]       
2023-06-21 10:48:00,315	[DEBUG]	StmtReplacement(('triangle.c.xml', 'stmt', 9), ('triangle.c.xml', 'stmt', 2))
2023-06-21 10:48:00,315	[INFO]	27      TEST_CODE_ERROR       None  [1 edit(s)]       
2023-06-21 10:48:00,620	[DEBUG]	StmtInsertion(('triangle.c.xml', '_inter_block', 11), ('triangle.c.xml', 'stmt', 5))
2023-06-21 10:48:00,620	[INFO]	28      SUCCESS               0.0881 (101.97%) [1 edit(s)] 
2023-06-21 10:48:00,840	[DEBUG]	StmtReplacement(('triangle.c.xml', 'stmt', 10), ('triangle.c.xml', 'stmt', 3))
2023-06-21 10:48:00,840	[INFO]	29      TEST_CODE_ERROR       None  [1 edit(s)]       
2023-06-21 10:48:00,870	[DEBUG]	StmtInsertion(('triangle.c.xml', '_inter_block', 7), ('triangle.c.xml', 'stmt', 10))
2023-06-21 10:48:00,870	[INFO]	30      COMPILE_CODE_ERROR    None  [1 edit(s)]       
2023-06-21 10:48:01,084	[DEBUG]	StmtReplacement(('triangle.c.xml', 'stmt', 21), ('triangle.c.xml', 'stmt', 12))
2023-06-21 10:48:01,085	[INFO]	31      TEST_CODE_ERROR       None  [1 edit(s)]       
2023-06-21 10:48:01,086	[DEBUG]	StmtDeletion(('triangle.c.xml', 'stmt', 9))
2023-06-21 10:48:01,086	[INFO]	32      TEST_CODE_ERROR       None  [1 edit(s)]       
2023-06-21 10:48:01,302	[DEBUG]	StmtReplacement(('triangle.c.xml', 'stmt', 5), ('triangle.c.xml', 'stmt', 11))
2023-06-21 10:48:01,302	[INFO]	33      TEST_CODE_ERROR       None  [1 edit(s)]       
2023-06-21 10:48:01,695	[DEBUG]	StmtInsertion(('triangle.c.xml', '_inter_block', 13), ('triangle.c.xml', 'stmt', 3))
2023-06-21 10:48:01,696	[INFO]	34      SUCCESS               0.1568 (181.48%) [1 edit(s)] 
2023-06-21 10:48:01,887	[DEBUG]	StmtInsertion(('triangle.c.xml', '_inter_block', 0), ('triangle.c.xml', 'stmt', 17))
2023-06-21 10:48:01,888	[INFO]	35      SUCCESS              *0.017 (19.68%) [1 edit(s)] 
2023-06-21 10:48:01,889	[DEBUG]	--- before: triangle.c
+++ after: triangle.c
@@ -1,6 +1,7 @@
 #include "triangle.h"
 
 void delay() {
+  return INVALID;
   const struct timespec ms = {0, 0.001*1e9}; //tv_sec=0, tv_nsec (0.001 seconds)
   nanosleep(&ms,NULL); /*ignores possible errors*/
 }

2023-06-21 10:48:02,086	[DEBUG]	StmtInsertion(('triangle.c.xml', '_inter_block', 0), ('triangle.c.xml', 'stmt', 17)) | StmtDeletion(('triangle.c.xml', 'stmt', 9))
2023-06-21 10:48:02,086	[INFO]	36      TEST_CODE_ERROR       None  [2 edit(s)]       
2023-06-21 10:48:02,125	[DEBUG]	StmtInsertion(('triangle.c.xml', '_inter_block', 0), ('triangle.c.xml', 'stmt', 17)) | StmtReplacement(('triangle.c.xml', 'stmt', 4), ('triangle.c.xml', 'stmt', 2))
2023-06-21 10:48:02,126	[INFO]	37      COMPILE_CODE_ERROR    None  [2 edit(s)]       
2023-06-21 10:48:02,127	[DEBUG]	
2023-06-21 10:48:02,127	[INFO]	38      SUCCESS               0.0864 (100.0%) [0 edit(s)] 
2023-06-21 10:48:02,311	[DEBUG]	StmtInsertion(('triangle.c.xml', '_inter_block', 0), ('triangle.c.xml', 'stmt', 17)) | StmtReplacement(('triangle.c.xml', 'stmt', 11), ('triangle.c.xml', 'stmt', 16))
2023-06-21 10:48:02,311	[INFO]	39      TEST_CODE_ERROR       None  [2 edit(s)]       
2023-06-21 10:48:02,485	[DEBUG]	StmtInsertion(('triangle.c.xml', '_inter_block', 0), ('triangle.c.xml', 'stmt', 17)) | StmtReplacement(('triangle.c.xml', 'stmt', 12), ('triangle.c.xml', 'stmt', 6))
2023-06-21 10:48:02,485	[INFO]	40      TEST_CODE_ERROR       None  [2 edit(s)]       
2023-06-21 10:48:02,522	[DEBUG]	StmtInsertion(('triangle.c.xml', '_inter_block', 0), ('triangle.c.xml', 'stmt', 17)) | StmtDeletion(('triangle.c.xml', 'stmt', 0))
2023-06-21 10:48:02,523	[INFO]	41      COMPILE_CODE_ERROR    None  [2 edit(s)]       
2023-06-21 10:48:02,709	[DEBUG]	StmtInsertion(('triangle.c.xml', '_inter_block', 0), ('triangle.c.xml', 'stmt', 17)) | StmtReplacement(('triangle.c.xml', 'stmt', 22), ('triangle.c.xml', 'stmt', 4))
2023-06-21 10:48:02,709	[INFO]	42      TEST_CODE_ERROR       None  [2 edit(s)]       
2023-06-21 10:48:02,890	[DEBUG]	StmtInsertion(('triangle.c.xml', '_inter_block', 0), ('triangle.c.xml', 'stmt', 17)) | StmtInsertion(('triangle.c.xml', '_inter_block', 34), ('triangle.c.xml', 'stmt', 17))
2023-06-21 10:48:02,891	[INFO]	43      TEST_CODE_ERROR       None  [2 edit(s)]       
2023-06-21 10:48:03,083	[DEBUG]	StmtInsertion(('triangle.c.xml', '_inter_block', 0), ('triangle.c.xml', 'stmt', 17)) | StmtReplacement(('triangle.c.xml', 'stmt', 12), ('triangle.c.xml', 'stmt', 9))
2023-06-21 10:48:03,084	[INFO]	44      TEST_CODE_ERROR       None  [2 edit(s)]       
2023-06-21 10:48:03,116	[DEBUG]	StmtInsertion(('triangle.c.xml', '_inter_block', 0), ('triangle.c.xml', 'stmt', 17)) | StmtInsertion(('triangle.c.xml', '_inter_block', 8), ('triangle.c.xml', 'stmt', 15))
2023-06-21 10:48:03,116	[INFO]	45      COMPILE_CODE_ERROR    None  [2 edit(s)]       
2023-06-21 10:48:03,306	[DEBUG]	StmtInsertion(('triangle.c.xml', '_inter_block', 0), ('triangle.c.xml', 'stmt', 17)) | StmtReplacement(('triangle.c.xml', 'stmt', 21), ('triangle.c.xml', 'stmt', 8))
2023-06-21 10:48:03,306	[INFO]	46      TEST_CODE_ERROR       None  [2 edit(s)]       
2023-06-21 10:48:03,497	[DEBUG]	StmtInsertion(('triangle.c.xml', '_inter_block', 0), ('triangle.c.xml', 'stmt', 17)) | StmtDeletion(('triangle.c.xml', 'stmt', 11))
2023-06-21 10:48:03,497	[INFO]	47      TEST_CODE_ERROR       None  [2 edit(s)]       
2023-06-21 10:48:03,678	[DEBUG]	StmtInsertion(('triangle.c.xml', '_inter_block', 0), ('triangle.c.xml', 'stmt', 17)) | StmtReplacement(('triangle.c.xml', 'stmt', 17), ('triangle.c.xml', 'stmt', 9))
2023-06-21 10:48:03,679	[INFO]	48      TEST_CODE_ERROR       None  [2 edit(s)]       
2023-06-21 10:48:03,860	[DEBUG]	StmtInsertion(('triangle.c.xml', '_inter_block', 0), ('triangle.c.xml', 'stmt', 17)) | StmtDeletion(('triangle.c.xml', 'stmt', 16))
2023-06-21 10:48:03,860	[INFO]	49      TEST_CODE_ERROR       None  [2 edit(s)]       
2023-06-21 10:48:04,048	[DEBUG]	StmtInsertion(('triangle.c.xml', '_inter_block', 0), ('triangle.c.xml', 'stmt', 17)) | StmtReplacement(('triangle.c.xml', 'stmt', 4), ('triangle.c.xml', 'stmt', 22))
2023-06-21 10:48:04,049	[INFO]	50      TEST_CODE_ERROR       None  [2 edit(s)]       
2023-06-21 10:48:04,234	[DEBUG]	StmtInsertion(('triangle.c.xml', '_inter_block', 0), ('triangle.c.xml', 'stmt', 17)) | StmtDeletion(('triangle.c.xml', 'stmt', 5))
2023-06-21 10:48:04,235	[INFO]	51      TEST_CODE_ERROR       None  [2 edit(s)]       
2023-06-21 10:48:04,273	[DEBUG]	StmtInsertion(('triangle.c.xml', '_inter_block', 0), ('triangle.c.xml', 'stmt', 17)) | StmtInsertion(('triangle.c.xml', '_inter_block', 25), ('triangle.c.xml', 'stmt', 1))
2023-06-21 10:48:04,274	[INFO]	52      COMPILE_CODE_ERROR    None  [2 edit(s)]       
2023-06-21 10:48:04,464	[DEBUG]	StmtInsertion(('triangle.c.xml', '_inter_block', 0), ('triangle.c.xml', 'stmt', 17)) | StmtDeletion(('triangle.c.xml', 'stmt', 3))
2023-06-21 10:48:04,465	[INFO]	53      SUCCESS              *0.0036 (4.17%) [2 edit(s)] 
2023-06-21 10:48:04,466	[DEBUG]	--- before: triangle.c
+++ after: triangle.c
@@ -1,6 +1,7 @@
 #include "triangle.h"
 
 void delay() {
+  return INVALID;
   const struct timespec ms = {0, 0.001*1e9}; //tv_sec=0, tv_nsec (0.001 seconds)
   nanosleep(&ms,NULL); /*ignores possible errors*/
 }
@@ -8,7 +9,7 @@
 int classify_triangle(double a, double b, double c) {
   double tmp;
 
-  delay();
+  
 
   // Sort the sides so that a <= b <= c
   if(a > b) {

2023-06-21 10:48:04,646	[DEBUG]	StmtDeletion(('triangle.c.xml', 'stmt', 3))
2023-06-21 10:48:04,646	[INFO]	54      SUCCESS              *0.003 (3.47%) [1 edit(s)] 
2023-06-21 10:48:04,647	[DEBUG]	--- before: triangle.c
+++ after: triangle.c
@@ -8,7 +8,7 @@
 int classify_triangle(double a, double b, double c) {
   double tmp;
 
-  delay();
+  
 
   // Sort the sides so that a <= b <= c
   if(a > b) {

2023-06-21 10:48:04,648	[DEBUG]	
2023-06-21 10:48:04,648	[INFO]	55      SUCCESS               0.0864 (100.0%) [0 edit(s)] 
2023-06-21 10:48:04,839	[DEBUG]	StmtDeletion(('triangle.c.xml', 'stmt', 3)) | StmtDeletion(('triangle.c.xml', 'stmt', 7))
2023-06-21 10:48:04,839	[INFO]	56      TEST_CODE_ERROR       None  [2 edit(s)]       
2023-06-21 10:48:05,034	[DEBUG]	StmtDeletion(('triangle.c.xml', 'stmt', 3)) | StmtReplacement(('triangle.c.xml', 'stmt', 9), ('triangle.c.xml', 'stmt', 17))
2023-06-21 10:48:05,035	[INFO]	57      TEST_CODE_ERROR       None  [2 edit(s)]       
2023-06-21 10:48:05,218	[DEBUG]	StmtDeletion(('triangle.c.xml', 'stmt', 3)) | StmtInsertion(('triangle.c.xml', '_inter_block', 28), ('triangle.c.xml', 'stmt', 15))
2023-06-21 10:48:05,219	[INFO]	58      SUCCESS              +0.003 (3.47%) [2 edit(s)] 
2023-06-21 10:48:05,220	[DEBUG]	--- before: triangle.c
+++ after: triangle.c
@@ -8,7 +8,7 @@
 int classify_triangle(double a, double b, double c) {
   double tmp;
 
-  delay();
+  
 
   // Sort the sides so that a <= b <= c
   if(a > b) {
@@ -27,6 +27,7 @@
     tmp = b;
     b = c;
     c = tmp;
+    c = tmp;
   }
 
   if(a + b <= c)

2023-06-21 10:48:05,524	[DEBUG]	StmtInsertion(('triangle.c.xml', '_inter_block', 28), ('triangle.c.xml', 'stmt', 15))
2023-06-21 10:48:05,525	[INFO]	59      SUCCESS               0.0878 (101.62%) [1 edit(s)] 
2023-06-21 10:48:05,526	[DEBUG]	StmtDeletion(('triangle.c.xml', 'stmt', 3))
2023-06-21 10:48:05,526	[INFO]	60      SUCCESS              +0.003 (3.47%) [1 edit(s)] 
2023-06-21 10:48:05,527	[DEBUG]	--- before: triangle.c
+++ after: triangle.c
@@ -8,7 +8,7 @@
 int classify_triangle(double a, double b, double c) {
   double tmp;
 
-  delay();
+  
 
   // Sort the sides so that a <= b <= c
   if(a > b) {

2023-06-21 10:48:05,527	[DEBUG]	
2023-06-21 10:48:05,527	[INFO]	61      SUCCESS               0.0864 (100.0%) [0 edit(s)] 
2023-06-21 10:48:05,528	[DEBUG]	StmtDeletion(('triangle.c.xml', 'stmt', 3)) | StmtDeletion(('triangle.c.xml', 'stmt', 3))
2023-06-21 10:48:05,528	[INFO]	62      SUCCESS              +0.003 (3.47%) [2 edit(s)] 
2023-06-21 10:48:05,529	[DEBUG]	--- before: triangle.c
+++ after: triangle.c
@@ -8,7 +8,7 @@
 int classify_triangle(double a, double b, double c) {
   double tmp;
 
-  delay();
+  
 
   // Sort the sides so that a <= b <= c
   if(a > b) {

2023-06-21 10:48:05,530	[DEBUG]	StmtDeletion(('triangle.c.xml', 'stmt', 3))
2023-06-21 10:48:05,530	[INFO]	63      SUCCESS              +0.003 (3.47%) [1 edit(s)] 
2023-06-21 10:48:05,530	[DEBUG]	--- before: triangle.c
+++ after: triangle.c
@@ -8,7 +8,7 @@
 int classify_triangle(double a, double b, double c) {
   double tmp;
 
-  delay();
+  
 
   // Sort the sides so that a <= b <= c
   if(a > b) {

2023-06-21 10:48:05,531	[DEBUG]	
2023-06-21 10:48:05,531	[INFO]	64      SUCCESS               0.0864 (100.0%) [0 edit(s)] 
2023-06-21 10:48:05,712	[DEBUG]	StmtDeletion(('triangle.c.xml', 'stmt', 3)) | StmtInsertion(('triangle.c.xml', '_inter_block', 23), ('triangle.c.xml', 'stmt', 22))
2023-06-21 10:48:05,712	[INFO]	65      TEST_CODE_ERROR       None  [2 edit(s)]       
2023-06-21 10:48:05,895	[DEBUG]	StmtDeletion(('triangle.c.xml', 'stmt', 3)) | StmtReplacement(('triangle.c.xml', 'stmt', 11), ('triangle.c.xml', 'stmt', 16))
2023-06-21 10:48:05,895	[INFO]	66      TEST_CODE_ERROR       None  [2 edit(s)]       
2023-06-21 10:48:06,107	[DEBUG]	StmtDeletion(('triangle.c.xml', 'stmt', 3)) | StmtDeletion(('triangle.c.xml', 'stmt', 4))
2023-06-21 10:48:06,107	[INFO]	67      SUCCESS               0.0032 (3.7%) [2 edit(s)] 
2023-06-21 10:48:06,295	[DEBUG]	StmtDeletion(('triangle.c.xml', 'stmt', 3)) | StmtReplacement(('triangle.c.xml', 'stmt', 3), ('triangle.c.xml', 'stmt', 22))
2023-06-21 10:48:06,296	[INFO]	68      TEST_CODE_ERROR       None  [2 edit(s)]       
2023-06-21 10:48:06,492	[DEBUG]	StmtDeletion(('triangle.c.xml', 'stmt', 3)) | StmtInsertion(('triangle.c.xml', '_inter_block', 19), ('triangle.c.xml', 'stmt', 5))
2023-06-21 10:48:06,492	[INFO]	69      SUCCESS               0.0031 (3.59%) [2 edit(s)] 
2023-06-21 10:48:06,672	[DEBUG]	StmtDeletion(('triangle.c.xml', 'stmt', 3)) | StmtReplacement(('triangle.c.xml', 'stmt', 17), ('triangle.c.xml', 'stmt', 4))
2023-06-21 10:48:06,672	[INFO]	70      TEST_CODE_ERROR       None  [2 edit(s)]       
2023-06-21 10:48:06,854	[DEBUG]	StmtDeletion(('triangle.c.xml', 'stmt', 3)) | StmtInsertion(('triangle.c.xml', '_inter_block', 26), ('triangle.c.xml', 'stmt', 16))
2023-06-21 10:48:06,854	[INFO]	71      SUCCESS              +0.003 (3.47%) [2 edit(s)] 
2023-06-21 10:48:06,856	[DEBUG]	--- before: triangle.c
+++ after: triangle.c
@@ -8,7 +8,7 @@
 int classify_triangle(double a, double b, double c) {
   double tmp;
 
-  delay();
+  
 
   // Sort the sides so that a <= b <= c
   if(a > b) {
@@ -24,6 +24,10 @@
   }
 
   if(b > c) {
+    if(a + b <= c)
+    /*auto*/{return INVALID;
+
+    }/*auto*/
     tmp = b;
     b = c;
     c = tmp;

2023-06-21 10:48:07,157	[DEBUG]	StmtInsertion(('triangle.c.xml', '_inter_block', 26), ('triangle.c.xml', 'stmt', 16))
2023-06-21 10:48:07,157	[INFO]	72      SUCCESS               0.0877 (101.5%) [1 edit(s)] 
2023-06-21 10:48:07,159	[DEBUG]	StmtDeletion(('triangle.c.xml', 'stmt', 3))
2023-06-21 10:48:07,159	[INFO]	73      SUCCESS              +0.003 (3.47%) [1 edit(s)] 
2023-06-21 10:48:07,159	[DEBUG]	--- before: triangle.c
+++ after: triangle.c
@@ -8,7 +8,7 @@
 int classify_triangle(double a, double b, double c) {
   double tmp;
 
-  delay();
+  
 
   // Sort the sides so that a <= b <= c
   if(a > b) {

2023-06-21 10:48:07,160	[DEBUG]	
2023-06-21 10:48:07,160	[INFO]	74      SUCCESS               0.0864 (100.0%) [0 edit(s)] 
2023-06-21 10:48:07,381	[DEBUG]	StmtDeletion(('triangle.c.xml', 'stmt', 3)) | StmtInsertion(('triangle.c.xml', '_inter_block', 32), ('triangle.c.xml', 'stmt', 5))
2023-06-21 10:48:07,382	[INFO]	75      SUCCESS               0.017 (19.68%) [2 edit(s)] 
2023-06-21 10:48:07,570	[DEBUG]	StmtDeletion(('triangle.c.xml', 'stmt', 3)) | StmtDeletion(('triangle.c.xml', 'stmt', 20))
2023-06-21 10:48:07,571	[INFO]	76      TEST_CODE_ERROR       None  [2 edit(s)]       
2023-06-21 10:48:07,752	[DEBUG]	StmtDeletion(('triangle.c.xml', 'stmt', 3)) | StmtDeletion(('triangle.c.xml', 'stmt', 6))
2023-06-21 10:48:07,752	[INFO]	77      TEST_CODE_ERROR       None  [2 edit(s)]       
2023-06-21 10:48:07,939	[DEBUG]	StmtDeletion(('triangle.c.xml', 'stmt', 3)) | StmtDeletion(('triangle.c.xml', 'stmt', 1))
2023-06-21 10:48:07,939	[INFO]	78      SUCCESS               0.0033 (3.82%) [2 edit(s)] 
2023-06-21 10:48:08,130	[DEBUG]	StmtDeletion(('triangle.c.xml', 'stmt', 3)) | StmtInsertion(('triangle.c.xml', '_inter_block', 20), ('triangle.c.xml', 'stmt', 7))
2023-06-21 10:48:08,131	[INFO]	79      SUCCESS               0.0031 (3.59%) [2 edit(s)] 
2023-06-21 10:48:08,303	[DEBUG]	StmtDeletion(('triangle.c.xml', 'stmt', 3)) | StmtReplacement(('triangle.c.xml', 'stmt', 5), ('triangle.c.xml', 'stmt', 6))
2023-06-21 10:48:08,303	[INFO]	80      TEST_CODE_ERROR       None  [2 edit(s)]       
2023-06-21 10:48:08,341	[DEBUG]	StmtDeletion(('triangle.c.xml', 'stmt', 3)) | StmtReplacement(('triangle.c.xml', 'stmt', 2), ('triangle.c.xml', 'stmt', 6))
2023-06-21 10:48:08,342	[INFO]	81      COMPILE_CODE_ERROR    None  [2 edit(s)]       
2023-06-21 10:48:08,531	[DEBUG]	StmtDeletion(('triangle.c.xml', 'stmt', 3)) | StmtInsertion(('triangle.c.xml', '_inter_block', 24), ('triangle.c.xml', 'stmt', 9))
2023-06-21 10:48:08,531	[INFO]	82      TEST_CODE_ERROR       None  [2 edit(s)]       
2023-06-21 10:48:08,706	[DEBUG]	StmtDeletion(('triangle.c.xml', 'stmt', 3)) | StmtDeletion(('triangle.c.xml', 'stmt', 9))
2023-06-21 10:48:08,707	[INFO]	83      TEST_CODE_ERROR       None  [2 edit(s)]       
2023-06-21 10:48:08,888	[DEBUG]	StmtDeletion(('triangle.c.xml', 'stmt', 3)) | StmtDeletion(('triangle.c.xml', 'stmt', 16))
2023-06-21 10:48:08,888	[INFO]	84      TEST_CODE_ERROR       None  [2 edit(s)]       
2023-06-21 10:48:09,068	[DEBUG]	StmtDeletion(('triangle.c.xml', 'stmt', 3)) | StmtReplacement(('triangle.c.xml', 'stmt', 14), ('triangle.c.xml', 'stmt', 2))
2023-06-21 10:48:09,069	[INFO]	85      TEST_CODE_ERROR       None  [2 edit(s)]       
2023-06-21 10:48:09,256	[DEBUG]	StmtDeletion(('triangle.c.xml', 'stmt', 3)) | StmtInsertion(('triangle.c.xml', '_inter_block', 30), ('triangle.c.xml', 'stmt', 20))
2023-06-21 10:48:09,256	[INFO]	86      TEST_CODE_ERROR       None  [2 edit(s)]       
2023-06-21 10:48:09,443	[DEBUG]	StmtDeletion(('triangle.c.xml', 'stmt', 3)) | StmtReplacement(('triangle.c.xml', 'stmt', 18), ('triangle.c.xml', 'stmt', 11))
2023-06-21 10:48:09,443	[INFO]	87      TEST_CODE_ERROR       None  [2 edit(s)]       
2023-06-21 10:48:09,634	[DEBUG]	StmtDeletion(('triangle.c.xml', 'stmt', 3)) | StmtReplacement(('triangle.c.xml', 'stmt', 13), ('triangle.c.xml', 'stmt', 0))
2023-06-21 10:48:09,634	[INFO]	88      TEST_CODE_ERROR       None  [2 edit(s)]       
2023-06-21 10:48:09,832	[DEBUG]	StmtDeletion(('triangle.c.xml', 'stmt', 3)) | StmtReplacement(('triangle.c.xml', 'stmt', 4), ('triangle.c.xml', 'stmt', 5))
2023-06-21 10:48:09,832	[INFO]	89      SUCCESS               0.0036 (4.17%) [2 edit(s)] 
2023-06-21 10:48:10,016	[DEBUG]	StmtDeletion(('triangle.c.xml', 'stmt', 3)) | StmtInsertion(('triangle.c.xml', '_inter_block', 18), ('triangle.c.xml', 'stmt', 17))
2023-06-21 10:48:10,016	[INFO]	90      TEST_CODE_ERROR       None  [2 edit(s)]       
2023-06-21 10:48:10,208	[DEBUG]	StmtDeletion(('triangle.c.xml', 'stmt', 3)) | StmtReplacement(('triangle.c.xml', 'stmt', 17), ('triangle.c.xml', 'stmt', 9))
2023-06-21 10:48:10,209	[INFO]	91      TEST_CODE_ERROR       None  [2 edit(s)]       
2023-06-21 10:48:10,405	[DEBUG]	StmtDeletion(('triangle.c.xml', 'stmt', 3)) | StmtDeletion(('triangle.c.xml', 'stmt', 8))
2023-06-21 10:48:10,405	[INFO]	92      SUCCESS               0.0037 (4.28%) [2 edit(s)] 
2023-06-21 10:48:10,590	[DEBUG]	StmtDeletion(('triangle.c.xml', 'stmt', 3)) | StmtDeletion(('triangle.c.xml', 'stmt', 18))
2023-06-21 10:48:10,590	[INFO]	93      TEST_CODE_ERROR       None  [2 edit(s)]       
2023-06-21 10:48:10,779	[DEBUG]	StmtDeletion(('triangle.c.xml', 'stmt', 3)) | StmtReplacement(('triangle.c.xml', 'stmt', 7), ('triangle.c.xml', 'stmt', 17))
2023-06-21 10:48:10,780	[INFO]	94      TEST_CODE_ERROR       None  [2 edit(s)]       
2023-06-21 10:48:10,965	[DEBUG]	StmtDeletion(('triangle.c.xml', 'stmt', 3)) | StmtReplacement(('triangle.c.xml', 'stmt', 10), ('triangle.c.xml', 'stmt', 16))
2023-06-21 10:48:10,965	[INFO]	95      TEST_CODE_ERROR       None  [2 edit(s)]       
2023-06-21 10:48:11,156	[DEBUG]	StmtDeletion(('triangle.c.xml', 'stmt', 3)) | StmtReplacement(('triangle.c.xml', 'stmt', 18), ('triangle.c.xml', 'stmt', 14))
2023-06-21 10:48:11,157	[INFO]	96      TEST_CODE_ERROR       None  [2 edit(s)]       
2023-06-21 10:48:11,341	[DEBUG]	StmtDeletion(('triangle.c.xml', 'stmt', 3)) | StmtInsertion(('triangle.c.xml', '_inter_block', 19), ('triangle.c.xml', 'stmt', 17))
2023-06-21 10:48:11,341	[INFO]	97      TEST_CODE_ERROR       None  [2 edit(s)]       
2023-06-21 10:48:11,535	[DEBUG]	StmtDeletion(('triangle.c.xml', 'stmt', 3)) | StmtInsertion(('triangle.c.xml', '_inter_block', 24), ('triangle.c.xml', 'stmt', 10))
2023-06-21 10:48:11,535	[INFO]	98      SUCCESS               0.0172 (19.91%) [2 edit(s)] 
2023-06-21 10:48:11,564	[DEBUG]	StmtDeletion(('triangle.c.xml', 'stmt', 3)) | StmtReplacement(('triangle.c.xml', 'stmt', 0), ('triangle.c.xml', 'stmt', 16))
2023-06-21 10:48:11,564	[INFO]	99      COMPILE_CODE_ERROR    None  [2 edit(s)]       
2023-06-21 10:48:11,592	[DEBUG]	StmtDeletion(('triangle.c.xml', 'stmt', 3)) | StmtInsertion(('triangle.c.xml', '_inter_block', 3), ('triangle.c.xml', 'stmt', 11))
2023-06-21 10:48:11,593	[INFO]	100     COMPILE_CODE_ERROR    None  [2 edit(s)]       
2023-06-21 10:48:11,594	[INFO]	==== END ====
2023-06-21 10:48:11,594	[INFO]	Reason: step budget
2023-06-21 10:48:11,594	[INFO]	
2023-06-21 10:48:11,595	[INFO]	==== REPORT ====
2023-06-21 10:48:11,595	[INFO]	Termination: step budget
2023-06-21 10:48:11,595	[INFO]	Log file: /home/tsongpet/MSc-SSE-GI-project/_magpie_logs/triangle-c_slow_1687340873.log
2023-06-21 10:48:11,595	[INFO]	Patch file: _magpie_logs/triangle-c_slow_1687340873.patch
2023-06-21 10:48:11,596	[INFO]	Diff file: _magpie_logs/triangle-c_slow_1687340873.diff
2023-06-21 10:48:11,596	[INFO]	Best fitness: 0.003
2023-06-21 10:48:11,596	[INFO]	Best patch: StmtDeletion(('triangle.c.xml', 'stmt', 3))
2023-06-21 10:48:11,596	[INFO]	Diff:
--- before: triangle.c
+++ after: triangle.c
@@ -8,7 +8,7 @@
 int classify_triangle(double a, double b, double c) {
   double tmp;
 
-  delay();
+  
 
   // Sort the sides so that a <= b <= c
   if(a > b) {

