2023-06-21 10:39:45,351	[DEBUG]	==== CONFIG ====
[magpie]
import = 
seed = 
log_dir = _magpie_logs
work_dir = _magpie_work
local_original_copy = False
local_original_name = __original__
output_encoding = ascii
edit_retries = 10
default_timeout = 30
default_lengthout = 10000.0
diff_method = unified

[software]
path = examples/code/triangle-py_slow
target_files = 
	triangle.py
program = BasicProgram
engine_rules = 
	*.params : ConfigFileParamsEngine
	*.xml : SrcmlEngine
	* : LineEngine
engine_config = 
	*.params : [params]
	*.xml : [srcml]
setup_cmd = 
setup_timeout = 
setup_lengthout = 
compile_cmd = 
compile_timeout = 
compile_lengthout = 
test_cmd = pytest
test_timeout = 
test_lengthout = 
run_cmd = python run_triangle.py
run_timeout = 1
run_lengthout = 
fitness = time

[srcml]
rename = 
	stmt: break continue decl_stmt do expr_stmt for goto if return switch while
	number: literal_number
focus = block stmt operator_comp operator_arith number
internodes = block
process_pseudo_blocks = True
process_literals = True
process_operators = True

[params]
timing = test run
cli_prefix = --
cli_glue = =
cli_boolean = show
cli_boolean_prefix_true = 
cli_boolean_prefix_false = no-
silent_prefix = @
silent_suffix = $

[search]
protocol = BasicProtocol
algorithm = FirstImprovement
possible_edits = 
	LineReplacement
	LineInsertion
	LineDeletion
warmup = 3
warmup_strategy = last
max_steps = 100
max_time = 60
target_fitness = 
cache_maxsize = 40
cache_keep = 0.2

[search.ls]
delete_prob = 0.5
max_neighbours = 
when_trapped = continue
accept_fail = False
tabu_length = 10

[search.gp]
pop_size = 10
delete_prob = 0.5
offspring_elitism = 0.1
offspring_crossover = 0.5
offspring_mutation = 0.4
uniform_rate = 0.5


2023-06-21 10:39:45,351	[INFO]	==== WARMUP ====
2023-06-21 10:39:45,357	[INFO]	WARM    TEST_CLI_ERROR        None                    
2023-06-21 10:39:45,357	[INFO]	!*!*!*!*!*!*!*!*!*!*!*!*!*!*!*!*!*!*!*!*!*!*!*!*!*!*!*!*!*!*!*!*!*!*!*!*!*!*!*!*
2023-06-21 10:39:45,357	[INFO]	CWD: /home/tsongpet/MSc-SSE-GI-project/_magpie_work/triangle-py_slow_1687340385/triangle-py_slow
2023-06-21 10:39:45,357	[INFO]	CMD: ['pytest']
2023-06-21 10:39:45,357	[INFO]	STATUS: CLI_ERROR
2023-06-21 10:39:45,357	[INFO]	RETURN_CODE: -1
2023-06-21 10:39:45,358	[INFO]	RUNTIME: 0
2023-06-21 10:39:45,358	[INFO]	STDOUT:

2023-06-21 10:39:45,358	[INFO]	STDERR:

2023-06-21 10:39:45,358	[INFO]	!*!*!*!*!*!*!*!*!*!*!*!*!*!*!*!*!*!*!*!*!*!*!*!*!*!*!*!*!*!*!*!*!*!*!*!*!*!*!*!*
2023-06-21 10:39:45,358	[INFO]	Magpie stopped because it was unable to run the (unmodified) target software
2023-06-21 10:39:45,358	[INFO]	Self-diagnostic:
2023-06-21 10:39:45,358	[INFO]	Unable to run the "test_cmd" command
2023-06-21 10:39:45,358	[INFO]	--> there might be a typo (try it manually)
2023-06-21 10:39:45,358	[INFO]	--> your command might not be found (check your PATH)
2023-06-21 10:39:45,358	[INFO]	--> it might not run from the correct directory (check CWD below)
2023-06-21 10:39:45,359	[INFO]	!*!*!*!*!*!*!*!*!*!*!*!*!*!*!*!*!*!*!*!*!*!*!*!*!*!*!*!*!*!*!*!*!*!*!*!*!*!*!*!*
2023-06-21 10:39:45,359	[INFO]	==== END ====
2023-06-21 10:39:45,359	[INFO]	Reason: None
