2023-07-19 14:38:05,540	[DEBUG]	==== CONFIG ====
[magpie]
import = 
seed = 
log_dir = _magpie_logs
work_dir = _magpie_work
local_original_copy = False
local_original_name = __original__
output_encoding = ascii
edit_retries = 10
default_timeout = 30
default_lengthout = 1e6
diff_method = unified

[software]
path = code/weka
target_files = 
	src/main/java/weka/classifiers/trees/RandomForest.java.xml
	src/main/java/weka/classifiers/trees/RandomTree.java.xml
	weka.params
program = BasicProgram
engine_rules = 
	*.params : ConfigFileParamsEngine
	*.xml : SrcmlEngine
	* : LineEngine
engine_config = 
	*.params : [params]
	*.xml : [srcml]
setup_cmd = ./compile.sh
setup_timeout = 60
setup_lengthout = 
compile_cmd = ./compile.sh
compile_timeout = 60
compile_lengthout = 
test_cmd = 
test_timeout = 
test_lengthout = 
run_cmd = perf stat run-sh/train.sh
run_timeout = 120
run_lengthout = 
fitness = perf_time

[srcml]
rename = 
	stmt: break continue decl_stmt do expr_stmt for goto if return switch while
	number: literal_number
focus = block stmt operator_comp operator_arith number
internodes = block
process_pseudo_blocks = True
process_literals = True
process_operators = True

[params]
timing = test run
cli_prefix = --
cli_glue = =
cli_boolean = show
cli_boolean_prefix_true = 
cli_boolean_prefix_false = no-
silent_prefix = @
silent_suffix = $

[search]
protocol = BasicProtocol
algorithm = FirstImprovement
possible_edits = 
	StmtReplacement
	StmtInsertion
	StmtDeletion
	ParamSetting
warmup = 3
warmup_strategy = last
max_steps = 
max_time = 
target_fitness = 
cache_maxsize = 40
cache_keep = 0.2
max_step = 10

[search.ls]
delete_prob = 0.5
max_neighbours = 
when_trapped = continue
accept_fail = False
tabu_length = 10

[search.gp]
pop_size = 10
delete_prob = 0.5
offspring_elitism = 0.1
offspring_crossover = 0.5
offspring_mutation = 0.4
uniform_rate = 0.5

[search.ga]
pop_size = 10
delete_prob = 0.5
offspring_elitism = 0.1
offspring_crossover = 0.5
offspring_mutation = 0.4
uniform_rate = 0.5
crossover_rate = 0.5
mutation_rate = 0.1
tournament_size = 3


2023-07-19 14:38:05,540	[INFO]	==== WARMUP ====
2023-07-19 14:40:17,102	[INFO]	WARM    RUN_TIMEOUT           None                    
2023-07-19 14:40:17,102	[INFO]	!*!*!*!*!*!*!*!*!*!*!*!*!*!*!*!*!*!*!*!*!*!*!*!*!*!*!*!*!*!*!*!*!*!*!*!*!*!*!*!*
2023-07-19 14:40:17,102	[INFO]	CWD: /home/tsongpet/MSc-SSE-GI-project/_magpie_work/weka_1689773882/weka
2023-07-19 14:40:17,102	[INFO]	CMD: ['perf', 'stat', 'run-sh/train.sh', '-P', '100.0', '-I', '100.0', '-K', '0.0', '-M', '1.0', '-V', '0.001', '-depth', '0', '-N', '0', '-U', 'False', '-B', 'False', '-num-decimal-places', '2.0']
2023-07-19 14:40:17,102	[INFO]	STATUS: TIMEOUT
2023-07-19 14:40:17,102	[INFO]	RETURN_CODE: -9
2023-07-19 14:40:17,103	[INFO]	RUNTIME: 120.18162846565247
2023-07-19 14:40:17,103	[INFO]	STDOUT:

2023-07-19 14:40:17,103	[INFO]	STDERR:
W
2023-07-19 14:40:17,103	[INFO]	!*!*!*!*!*!*!*!*!*!*!*!*!*!*!*!*!*!*!*!*!*!*!*!*!*!*!*!*!*!*!*!*!*!*!*!*!*!*!*!*
2023-07-19 14:40:17,103	[INFO]	Magpie stopped because it was unable to run the (unmodified) target software
2023-07-19 14:40:17,103	[INFO]	Self-diagnostic:
2023-07-19 14:40:17,103	[INFO]	The "run_cmd" command took too long to run
2023-07-19 14:40:17,103	[INFO]	--> consider increasing "run_timeout"
2023-07-19 14:40:17,103	[INFO]	!*!*!*!*!*!*!*!*!*!*!*!*!*!*!*!*!*!*!*!*!*!*!*!*!*!*!*!*!*!*!*!*!*!*!*!*!*!*!*!*
2023-07-19 14:40:17,104	[INFO]	==== END ====
2023-07-19 14:40:17,104	[INFO]	Reason: None
