2023-07-19 15:01:30,321	[DEBUG]	==== CONFIG ====
[magpie]
import = 
seed = 
log_dir = _magpie_logs
work_dir = _magpie_work
local_original_copy = False
local_original_name = __original__
output_encoding = ascii
edit_retries = 10
default_timeout = 30
default_lengthout = 1e6
diff_method = unified

[software]
path = code/weka
target_files = 
	src/main/java/weka/classifiers/trees/RandomForest.java.xml
	src/main/java/weka/classifiers/trees/RandomTree.java.xml
	weka.params
program = BasicProgram
engine_rules = 
	*.params : ConfigFileParamsEngine
	*.xml : SrcmlEngine
	* : LineEngine
engine_config = 
	*.params : [params]
	*.xml : [srcml]
setup_cmd = ./compile.sh
setup_timeout = 60
setup_lengthout = 
compile_cmd = ./compile.sh
compile_timeout = 60
compile_lengthout = 
test_cmd = 
test_timeout = 
test_lengthout = 
run_cmd = perf stat run-sh/train.sh
run_timeout = 300
run_lengthout = 
fitness = perf_time

[srcml]
rename = 
	stmt: break continue decl_stmt do expr_stmt for goto if return switch while
	number: literal_number
focus = block stmt operator_comp operator_arith number
internodes = block
process_pseudo_blocks = True
process_literals = True
process_operators = True

[params]
timing = test run
cli_prefix = --
cli_glue = =
cli_boolean = show
cli_boolean_prefix_true = 
cli_boolean_prefix_false = no-
silent_prefix = @
silent_suffix = $

[search]
protocol = BasicProtocol
algorithm = FirstImprovement
possible_edits = 
	StmtReplacement
	StmtInsertion
	StmtDeletion
	ParamSetting
warmup = 1
warmup_strategy = last
max_steps = 
max_time = 
target_fitness = 
cache_maxsize = 40
cache_keep = 0.2
max_step = 4

[search.ls]
delete_prob = 0.5
max_neighbours = 
when_trapped = continue
accept_fail = False
tabu_length = 10

[search.gp]
pop_size = 10
delete_prob = 0.5
offspring_elitism = 0.1
offspring_crossover = 0.5
offspring_mutation = 0.4
uniform_rate = 0.5

[search.ga]
pop_size = 10
delete_prob = 0.5
offspring_elitism = 0.1
offspring_crossover = 0.5
offspring_mutation = 0.4
uniform_rate = 0.5
crossover_rate = 0.5
mutation_rate = 0.1
tournament_size = 3


2023-07-19 15:01:30,322	[INFO]	==== WARMUP ====
2023-07-19 15:06:05,761	[INFO]	WARM    SUCCESS               266.5504                
2023-07-19 15:06:05,761	[INFO]	INITIAL SUCCESS               266.5504                
2023-07-19 15:06:05,762	[INFO]	==== START: FirstImprovement ====
2023-07-19 15:06:08,299	[DEBUG]	StmtInsertion(('src/main/java/weka/classifiers/trees/RandomTree.java.xml', '_inter_block', 7), ('src/main/java/weka/classifiers/trees/RandomForest.java.xml', 'stmt', 44))
2023-07-19 15:06:08,300	[INFO]	1       COMPILE_CODE_ERROR    None  [1 edit(s)]       
2023-07-19 15:06:11,993	[DEBUG]	StmtDeletion(('src/main/java/weka/classifiers/trees/RandomTree.java.xml', 'stmt', 235))
2023-07-19 15:06:11,993	[INFO]	2       COMPILE_CODE_ERROR    None  [1 edit(s)]       
2023-07-19 15:10:40,020	[DEBUG]	StmtDeletion(('src/main/java/weka/classifiers/trees/RandomForest.java.xml', 'stmt', 82))
2023-07-19 15:10:40,020	[INFO]	3       SUCCESS              *263.3477 (98.8%) [1 edit(s)] 
2023-07-19 15:10:40,041	[DEBUG]	--- before: src/main/java/weka/classifiers/trees/RandomForest.java
+++ after: src/main/java/weka/classifiers/trees/RandomForest.java
@@ -598,10 +598,7 @@
         "output-out-of-bag-complexity-statistics", 0,
         "-output-out-of-bag-complexity-statistics"));
 
-    newVector
-      .addElement(new Option(
-        "\tPrint the individual classifiers in the output", "print", 0,
-        "-print"));
+    
 
     newVector.addElement(new Option(
       "\tCompute and output attribute importance (mean impurity decrease "

2023-07-19 15:10:40,056	[DEBUG]	
2023-07-19 15:10:40,056	[INFO]	4       SUCCESS               266.5504 (100.0%) [0 edit(s)] 
2023-07-19 15:10:43,762	[DEBUG]	StmtDeletion(('src/main/java/weka/classifiers/trees/RandomForest.java.xml', 'stmt', 82)) | StmtReplacement(('src/main/java/weka/classifiers/trees/RandomTree.java.xml', 'stmt', 176), ('src/main/java/weka/classifiers/trees/RandomForest.java.xml', 'stmt', 139))
2023-07-19 15:10:43,762	[INFO]	5       COMPILE_CODE_ERROR    None  [2 edit(s)]       
2023-07-19 15:10:47,362	[DEBUG]	StmtDeletion(('src/main/java/weka/classifiers/trees/RandomForest.java.xml', 'stmt', 82)) | StmtReplacement(('src/main/java/weka/classifiers/trees/RandomTree.java.xml', 'stmt', 57), ('src/main/java/weka/classifiers/trees/RandomForest.java.xml', 'stmt', 17))
2023-07-19 15:10:47,362	[INFO]	6       COMPILE_CODE_ERROR    None  [2 edit(s)]       
2023-07-19 15:10:51,119	[DEBUG]	StmtDeletion(('src/main/java/weka/classifiers/trees/RandomForest.java.xml', 'stmt', 82)) | StmtInsertion(('src/main/java/weka/classifiers/trees/RandomTree.java.xml', '_inter_block', 233), ('src/main/java/weka/classifiers/trees/RandomForest.java.xml', 'stmt', 38))
2023-07-19 15:10:51,119	[INFO]	7       COMPILE_CODE_ERROR    None  [2 edit(s)]       
2023-07-19 15:15:24,130	[DEBUG]	StmtDeletion(('src/main/java/weka/classifiers/trees/RandomForest.java.xml', 'stmt', 82)) | ParamSetting(('weka.params', 'V'), 0.07443720810317557)
2023-07-19 15:15:24,131	[INFO]	8       SUCCESS               268.5771 (100.76%) [2 edit(s)] 
2023-07-19 15:19:49,722	[DEBUG]	StmtDeletion(('src/main/java/weka/classifiers/trees/RandomForest.java.xml', 'stmt', 82)) | ParamSetting(('weka.params', 'U'), 'True')
2023-07-19 15:19:49,722	[INFO]	9       SUCCESS              *260.8863 (97.88%) [2 edit(s)] 
2023-07-19 15:19:49,739	[DEBUG]	--- before: src/main/java/weka/classifiers/trees/RandomForest.java
+++ after: src/main/java/weka/classifiers/trees/RandomForest.java
@@ -598,10 +598,7 @@
         "output-out-of-bag-complexity-statistics", 0,
         "-output-out-of-bag-complexity-statistics"));
 
-    newVector
-      .addElement(new Option(
-        "\tPrint the individual classifiers in the output", "print", 0,
-        "-print"));
+    
 
     newVector.addElement(new Option(
       "\tCompute and output attribute importance (mean impurity decrease "
--- before: weka.params
+++ after: weka.params
@@ -5,6 +5,6 @@
 V := 0.001
 depth := 0
 N := 0
-U := 'False'
+U := 'True'
 B := 'False'
 num-decimal-places := 2.0

2023-07-19 15:24:19,967	[DEBUG]	ParamSetting(('weka.params', 'U'), 'True')
2023-07-19 15:24:19,968	[INFO]	10      SUCCESS               265.519 (99.61%) [1 edit(s)] 
2023-07-19 15:24:19,993	[DEBUG]	StmtDeletion(('src/main/java/weka/classifiers/trees/RandomForest.java.xml', 'stmt', 82))
2023-07-19 15:24:19,993	[INFO]	11      SUCCESS               263.3477 (98.8%) [1 edit(s)] 
2023-07-19 15:24:23,774	[DEBUG]	StmtDeletion(('src/main/java/weka/classifiers/trees/RandomForest.java.xml', 'stmt', 82)) | ParamSetting(('weka.params', 'U'), 'True') | StmtInsertion(('src/main/java/weka/classifiers/trees/RandomForest.java.xml', '_inter_block', 137), ('src/main/java/weka/classifiers/trees/RandomTree.java.xml', 'stmt', 611))
2023-07-19 15:24:23,774	[INFO]	12      COMPILE_CODE_ERROR    None  [3 edit(s)]       
2023-07-19 15:24:27,704	[DEBUG]	StmtDeletion(('src/main/java/weka/classifiers/trees/RandomForest.java.xml', 'stmt', 82)) | ParamSetting(('weka.params', 'U'), 'True') | StmtReplacement(('src/main/java/weka/classifiers/trees/RandomTree.java.xml', 'stmt', 46), ('src/main/java/weka/classifiers/trees/RandomTree.java.xml', 'stmt', 40))
2023-07-19 15:24:27,705	[INFO]	13      COMPILE_CODE_ERROR    None  [3 edit(s)]       
2023-07-19 15:24:46,437	[INFO]	==== END ====
2023-07-19 15:24:46,437	[INFO]	Reason: keyboard interrupt
2023-07-19 15:24:46,437	[INFO]	
2023-07-19 15:24:46,437	[INFO]	==== REPORT ====
2023-07-19 15:24:46,438	[INFO]	Termination: keyboard interrupt
2023-07-19 15:24:46,438	[INFO]	Log file: /home/tsongpet/MSc-SSE-GI-project/_magpie_logs/weka_1689775287.log
2023-07-19 15:24:46,454	[INFO]	Patch file: _magpie_logs/weka_1689775287.patch
2023-07-19 15:24:46,454	[INFO]	Diff file: _magpie_logs/weka_1689775287.diff
2023-07-19 15:24:46,454	[INFO]	Best fitness: 260.8863
2023-07-19 15:24:46,454	[INFO]	Best patch: StmtDeletion(('src/main/java/weka/classifiers/trees/RandomForest.java.xml', 'stmt', 82)) | ParamSetting(('weka.params', 'U'), 'True')
2023-07-19 15:24:46,455	[INFO]	Diff:
--- before: src/main/java/weka/classifiers/trees/RandomForest.java
+++ after: src/main/java/weka/classifiers/trees/RandomForest.java
@@ -598,10 +598,7 @@
         "output-out-of-bag-complexity-statistics", 0,
         "-output-out-of-bag-complexity-statistics"));
 
-    newVector
-      .addElement(new Option(
-        "\tPrint the individual classifiers in the output", "print", 0,
-        "-print"));
+    
 
     newVector.addElement(new Option(
       "\tCompute and output attribute importance (mean impurity decrease "
--- before: weka.params
+++ after: weka.params
@@ -5,6 +5,6 @@
 V := 0.001
 depth := 0
 N := 0
-U := 'False'
+U := 'True'
 B := 'False'
 num-decimal-places := 2.0

